--=================================================================--
[20/02/2023 13:01:47] --- NEW MAP STARTED: c2m1_highway ---
--=================================================================--
--=================================================================--
[20/02/2023 13:25:31] --- NEW MAP STARTED: c2m1_highway ---
--=================================================================--
[13:25:44] [CN] 23℃                               has joined (STEAM_1:0:246466989 | 61.179.137.237)
[13:25:54] [CN] [Survivor   ] 23℃                               : /match
[13:26:01] [CN] [Survivor   ] 23℃                               : /match
--=================================================================--
[20/02/2023 13:26:54] --- NEW MAP STARTED: c2m1_highway ---
--=================================================================--
--=================================================================--
[20/02/2023 17:29:53] --- NEW MAP STARTED: c2m1_highway ---
--=================================================================--
--=================================================================--
[20/02/2023 21:20:18] --- NEW MAP STARTED: c2m1_highway ---
--=================================================================--
[21:20:31] [CN] 23℃                               has joined (STEAM_1:0:246466989 | 61.179.137.198)
[21:21:16] [CN] [Survivor   ] 23℃                               : /match
[21:21:20] [CN] [Survivor   ] 23℃                               : /match
[21:21:24] [CN] [Survivor   ] 23℃                               : /match
[21:21:27] [CN] [Survivor   ] 23℃                               : /vote
[21:22:29] [CN] [Survivor   ] 23℃                               : /match
[21:22:33] [CN] [Survivor   ] 23℃                               : /vote
[21:22:37] [CN] [Survivor   ] 23℃                               : /severs
[21:22:40] [CN] [Survivor   ] 23℃                               : /servers
[21:25:17] [CN] [Survivor   ] 23℃                               : /rs
--=================================================================--
[20/02/2023 21:25:32] --- NEW MAP STARTED: c2m1_highway ---
--=================================================================--
