--=================================================================--
[20/01/2023 02:58:59] --- NEW MAP STARTED: c8m5_rooftop ---
--=================================================================--
--=================================================================--
[20/01/2023 03:03:24] --- NEW MAP STARTED: c8m5_rooftop ---
--=================================================================--
--=================================================================--
[20/01/2023 03:12:04] --- NEW MAP STARTED: c8m5_rooftop ---
--=================================================================--
--=================================================================--
[20/01/2023 03:32:30] --- NEW MAP STARTED: c8m5_rooftop ---
--=================================================================--
--=================================================================--
[20/01/2023 22:26:00] --- NEW MAP STARTED: c8m5_rooftop ---
--=================================================================--
[22:26:09] [CN] 予感                              has joined (STEAM_1:0:246466989 | 223.149.53.163)
[22:26:18] [CN] [Infected   ] 予感                              : /match
[22:26:20] [CN] [Infected   ] 予感                              : /vote
--=================================================================--
[20/01/2023 22:30:44] --- NEW MAP STARTED: c8m5_rooftop ---
--=================================================================--
