--=================================================================--
[17/01/2023 15:09:06] --- NEW MAP STARTED: c8m5_rooftop ---
--=================================================================--
[15:09:16] [CN] 樱满集                           has joined (STEAM_1:1:711119995 | 117.171.178.21)
--=================================================================--
[17/01/2023 15:09:56] --- NEW MAP STARTED: c8m5_rooftop ---
--=================================================================--
--=================================================================--
[17/01/2023 15:18:31] --- NEW MAP STARTED: c8m5_rooftop ---
--=================================================================--
[15:18:57] [JP] eeemmmm                             has joined (STEAM_1:1:568228970 | 60.106.68.73)
[15:19:08] [JP] [Survivor   ] eeemmmm                             : !Match
[15:19:16] [JP] [Survivor   ] eeemmmm                             : !Match
--=================================================================--
[17/01/2023 15:19:40] --- NEW MAP STARTED: c8m5_rooftop ---
--=================================================================--
--=================================================================--
[17/01/2023 16:35:51] --- NEW MAP STARTED: c8m5_rooftop ---
--=================================================================--
[16:36:00] [CN] 予感                              has joined (STEAM_1:0:246466989 | 223.149.48.110)
--=================================================================--
[17/01/2023 16:39:18] --- NEW MAP STARTED: c8m5_rooftop ---
--=================================================================--
--=================================================================--
[17/01/2023 17:41:05] --- NEW MAP STARTED: c8m5_rooftop ---
--=================================================================--
[17:41:12] [CN] The pluto                           has joined (STEAM_1:0:184419251 | 182.122.135.111)
[17:41:23] [CN] [Survivor   ] The pluto                           : !vote
--=================================================================--
[17/01/2023 17:41:44] --- NEW MAP STARTED: c8m5_rooftop ---
--=================================================================--
--=================================================================--
[17/01/2023 18:30:04] --- NEW MAP STARTED: c8m5_rooftop ---
--=================================================================--
[18:30:12] [CN] 晚钟                              has joined (STEAM_1:1:636202184 | 113.2.94.54)
--=================================================================--
[17/01/2023 18:30:37] --- NEW MAP STARTED: c8m5_rooftop ---
--=================================================================--
