--=================================================================--
[22/02/2023 21:52:24] --- NEW MAP STARTED: c2m1_highway ---
--=================================================================--
--=================================================================--
[22/02/2023 21:55:26] --- NEW MAP STARTED: c2m1_highway ---
--=================================================================--
[21:55:38] [CN] 23℃                               has joined (STEAM_1:0:246466989 | 61.162.51.38)
[21:55:56] [CN] [Survivor   ] 23℃                               : /match
[21:56:03] [CN] [Survivor   ] 23℃                               : /match
[21:56:43] [CN] [Survivor   ] 23℃                               : /match
--=================================================================--
[22/02/2023 21:56:48] --- NEW MAP STARTED: c2m1_highway ---
--=================================================================--
--=================================================================--
[22/02/2023 21:56:53] --- NEW MAP STARTED: c2m1_highway ---
--=================================================================--
[21:57:03] [CN] 23℃                               has joined (STEAM_1:0:246466989 | 61.162.51.38)
[21:57:17] [CN] [Infected   ] 23℃                               : /show
[22:00:28] [CN] 手沾鲜血                        has joined (STEAM_1:0:708480678 | 39.86.185.64)
[22:00:57] [CN] [Survivor   ] 23℃                               : /rmatch
--=================================================================--
[22/02/2023 22:00:59] --- NEW MAP STARTED: c2m1_highway ---
--=================================================================--
[22:01:14] [CN] [Survivor   ] 23℃                               : /match
--=================================================================--
[22/02/2023 22:01:19] --- NEW MAP STARTED: c2m1_highway ---
--=================================================================--
--=================================================================--
[22/02/2023 22:01:24] --- NEW MAP STARTED: c2m1_highway ---
--=================================================================--
[22:01:35] [CN] 23℃                               has joined (STEAM_1:0:246466989 | 61.162.51.38)
[22:02:05] [CN] [Survivor   ] 23℃                               : /cvar
[22:03:14] [CN] [Survivor   ] 23℃                               : /cur
[22:03:17] [CN] [Survivor   ] 23℃                               : /tank
[22:03:43] [CN] [Survivor   ] 23℃                               : /tank
[22:03:45] [CN] [Survivor   ] 23℃                               : /cur
[22:09:32] [CN] [Survivor   ] 23℃                               : /rmatch
--=================================================================--
[22/02/2023 22:09:33] --- NEW MAP STARTED: c2m1_highway ---
--=================================================================--
[22:09:38] [CN] [Survivor   ] 23℃                               : /match
[22:09:43] [CN] [Survivor   ] 23℃                               : /match
--=================================================================--
[22/02/2023 22:09:54] --- NEW MAP STARTED: c2m1_highway ---
--=================================================================--
--=================================================================--
[22/02/2023 22:09:59] --- NEW MAP STARTED: c2m1_highway ---
--=================================================================--
[22:10:10] [CN] 23℃                               has joined (STEAM_1:0:246466989 | 61.162.51.38)
[22:10:22] [CN] [Survivor   ] 23℃                               : /show
[22:10:42] [CN] [Survivor   ] 23℃                               : /hide
[22:10:50] [CN] [Survivor   ] 23℃                               : /hide
[22:11:04] [CN] [Survivor   ] 23℃                               : /show
[22:15:50] [CN] [Spectator  ] 23℃                               : /rmatch
--=================================================================--
[22/02/2023 22:16:24] --- NEW MAP STARTED: c2m1_highway ---
--=================================================================--
