L 01/20/2023 - 02:58:55: SourceMod error session started
L 01/20/2023 - 02:58:55: Info (map "c8m5_rooftop") (file "/root/Steam/steamapps/common/Left 4 Dead 2 Dedicated Server/left4dead2/addons/sourcemod3/logs/errors_20230120.log")
L 01/20/2023 - 02:58:55: [SM] Exception reported: Unable to load file: addons/sourcemod/data/steamsforaddons.txt
L 01/20/2023 - 02:58:55: [SM] Blaming: l4d2_addonsmanager.smx
L 01/20/2023 - 02:58:55: [SM] Call stack trace:
L 01/20/2023 - 02:58:55: [SM]   [0] SetFailState
L 01/20/2023 - 02:58:55: [SM]   [1] Line 238, E:\DownLoading\beifen\sourcemod-1.11.0-git6826-windows\addons\sourcemod\scripting\l4d2_addonsmanager.sp::LoadSteamIDWhiteList
L 01/20/2023 - 02:58:55: [SM]   [2] Line 27, E:\DownLoading\beifen\sourcemod-1.11.0-git6826-windows\addons\sourcemod\scripting\l4d2_addonsmanager.sp::OnPluginStart
L 01/20/2023 - 02:58:55: [SM] Unable to load plugin "l4d2_addonsmanager.smx": Error detected in plugin startup (see error logs)
L 01/20/2023 - 02:59:04: [SM] Plugin "confogl_autoloader.smx" encountered error 23: Native detected error
L 01/20/2023 - 02:59:04: [SM] Invalid data handle 0 (error 4) passed during timer end with TIMER_DATA_HNDL_CLOSE
L 01/20/2023 - 02:59:04: [SM] Unable to call function "ExecuteConfig" due to above error(s).
L 01/20/2023 - 02:59:04: [SM] Exception reported: Invalid client index 0
L 01/20/2023 - 02:59:04: [SM] Blaming: confoglcompmod.smx
L 01/20/2023 - 02:59:04: [SM] Call stack trace:
L 01/20/2023 - 02:59:04: [SM]   [0] ThrowError
L 01/20/2023 - 02:59:04: [SM]   [1] Line 64, C:\Users\Administrator\Desktop\SPCode.Portable\sourcepawn\configs\sm_1_10_0_6478\include\colors.inc::CPrintToChat
L 01/20/2023 - 02:59:04: [SM]   [2] Line 240, modules/ReqMatch.sp::RM_Cmd_ForceMatch
L 01/20/2023 - 03:03:21: SourceMod error session started
L 01/20/2023 - 03:03:21: Info (map "c8m5_rooftop") (file "/root/Steam/steamapps/common/Left 4 Dead 2 Dedicated Server/left4dead2/addons/sourcemod3/logs/errors_20230120.log")
L 01/20/2023 - 03:03:21: [SM] Exception reported: Unable to load file: addons/sourcemod/data/steamsforaddons.txt
L 01/20/2023 - 03:03:21: [SM] Blaming: l4d2_addonsmanager.smx
L 01/20/2023 - 03:03:21: [SM] Call stack trace:
L 01/20/2023 - 03:03:21: [SM]   [0] SetFailState
L 01/20/2023 - 03:03:21: [SM]   [1] Line 238, E:\DownLoading\beifen\sourcemod-1.11.0-git6826-windows\addons\sourcemod\scripting\l4d2_addonsmanager.sp::LoadSteamIDWhiteList
L 01/20/2023 - 03:03:21: [SM]   [2] Line 27, E:\DownLoading\beifen\sourcemod-1.11.0-git6826-windows\addons\sourcemod\scripting\l4d2_addonsmanager.sp::OnPluginStart
L 01/20/2023 - 03:03:21: [SM] Unable to load plugin "l4d2_addonsmanager.smx": Error detected in plugin startup (see error logs)
L 01/20/2023 - 03:03:29: [SM] Plugin "confogl_autoloader.smx" encountered error 23: Native detected error
L 01/20/2023 - 03:03:29: [SM] Invalid data handle 0 (error 4) passed during timer end with TIMER_DATA_HNDL_CLOSE
L 01/20/2023 - 03:03:29: [SM] Unable to call function "ExecuteConfig" due to above error(s).
L 01/20/2023 - 03:03:29: [SM] Exception reported: Invalid client index 0
L 01/20/2023 - 03:03:29: [SM] Blaming: confoglcompmod.smx
L 01/20/2023 - 03:03:29: [SM] Call stack trace:
L 01/20/2023 - 03:03:29: [SM]   [0] ThrowError
L 01/20/2023 - 03:03:29: [SM]   [1] Line 64, C:\Users\Administrator\Desktop\SPCode.Portable\sourcepawn\configs\sm_1_10_0_6478\include\colors.inc::CPrintToChat
L 01/20/2023 - 03:03:29: [SM]   [2] Line 240, modules/ReqMatch.sp::RM_Cmd_ForceMatch
L 01/20/2023 - 03:12:00: SourceMod error session started
L 01/20/2023 - 03:12:00: Info (map "c8m5_rooftop") (file "/root/Steam/steamapps/common/Left 4 Dead 2 Dedicated Server/left4dead2/addons/sourcemod3/logs/errors_20230120.log")
L 01/20/2023 - 03:12:00: [SM] Exception reported: Unable to load file: addons/sourcemod/data/steamsforaddons.txt
L 01/20/2023 - 03:12:00: [SM] Blaming: l4d2_addonsmanager.smx
L 01/20/2023 - 03:12:00: [SM] Call stack trace:
L 01/20/2023 - 03:12:00: [SM]   [0] SetFailState
L 01/20/2023 - 03:12:00: [SM]   [1] Line 238, E:\DownLoading\beifen\sourcemod-1.11.0-git6826-windows\addons\sourcemod\scripting\l4d2_addonsmanager.sp::LoadSteamIDWhiteList
L 01/20/2023 - 03:12:00: [SM]   [2] Line 27, E:\DownLoading\beifen\sourcemod-1.11.0-git6826-windows\addons\sourcemod\scripting\l4d2_addonsmanager.sp::OnPluginStart
L 01/20/2023 - 03:12:00: [SM] Unable to load plugin "l4d2_addonsmanager.smx": Error detected in plugin startup (see error logs)
L 01/20/2023 - 03:12:08: [SM] Plugin "confogl_autoloader.smx" encountered error 23: Native detected error
L 01/20/2023 - 03:12:08: [SM] Invalid data handle 0 (error 4) passed during timer end with TIMER_DATA_HNDL_CLOSE
L 01/20/2023 - 03:12:08: [SM] Unable to call function "ExecuteConfig" due to above error(s).
L 01/20/2023 - 03:12:08: [SM] Exception reported: Invalid client index 0
L 01/20/2023 - 03:12:08: [SM] Blaming: confoglcompmod.smx
L 01/20/2023 - 03:12:08: [SM] Call stack trace:
L 01/20/2023 - 03:12:08: [SM]   [0] ThrowError
L 01/20/2023 - 03:12:08: [SM]   [1] Line 64, C:\Users\Administrator\Desktop\SPCode.Portable\sourcepawn\configs\sm_1_10_0_6478\include\colors.inc::CPrintToChat
L 01/20/2023 - 03:12:08: [SM]   [2] Line 240, modules/ReqMatch.sp::RM_Cmd_ForceMatch
L 01/20/2023 - 03:32:26: SourceMod error session started
L 01/20/2023 - 03:32:26: Info (map "c8m5_rooftop") (file "/root/Steam/steamapps/common/Left 4 Dead 2 Dedicated Server/left4dead2/addons/sourcemod3/logs/errors_20230120.log")
L 01/20/2023 - 03:32:26: [SM] Exception reported: Unable to load file: addons/sourcemod/data/steamsforaddons.txt
L 01/20/2023 - 03:32:26: [SM] Blaming: l4d2_addonsmanager.smx
L 01/20/2023 - 03:32:26: [SM] Call stack trace:
L 01/20/2023 - 03:32:26: [SM]   [0] SetFailState
L 01/20/2023 - 03:32:26: [SM]   [1] Line 238, E:\DownLoading\beifen\sourcemod-1.11.0-git6826-windows\addons\sourcemod\scripting\l4d2_addonsmanager.sp::LoadSteamIDWhiteList
L 01/20/2023 - 03:32:26: [SM]   [2] Line 27, E:\DownLoading\beifen\sourcemod-1.11.0-git6826-windows\addons\sourcemod\scripting\l4d2_addonsmanager.sp::OnPluginStart
L 01/20/2023 - 03:32:26: [SM] Unable to load plugin "l4d2_addonsmanager.smx": Error detected in plugin startup (see error logs)
L 01/20/2023 - 03:32:34: [SM] Plugin "confogl_autoloader.smx" encountered error 23: Native detected error
L 01/20/2023 - 03:32:34: [SM] Invalid data handle 0 (error 4) passed during timer end with TIMER_DATA_HNDL_CLOSE
L 01/20/2023 - 03:32:34: [SM] Unable to call function "ExecuteConfig" due to above error(s).
L 01/20/2023 - 03:32:34: [SM] Exception reported: Invalid client index 0
L 01/20/2023 - 03:32:34: [SM] Blaming: confoglcompmod.smx
L 01/20/2023 - 03:32:34: [SM] Call stack trace:
L 01/20/2023 - 03:32:34: [SM]   [0] ThrowError
L 01/20/2023 - 03:32:34: [SM]   [1] Line 64, C:\Users\Administrator\Desktop\SPCode.Portable\sourcepawn\configs\sm_1_10_0_6478\include\colors.inc::CPrintToChat
L 01/20/2023 - 03:32:34: [SM]   [2] Line 240, modules/ReqMatch.sp::RM_Cmd_ForceMatch
L 01/20/2023 - 22:25:58: Error log file session closed.
L 01/20/2023 - 22:26:04: SourceMod error session started
L 01/20/2023 - 22:26:04: Info (map "c8m5_rooftop") (file "/root/Steam/steamapps/common/Left 4 Dead 2 Dedicated Server/left4dead2/addons/sourcemod3/logs/errors_20230120.log")
L 01/20/2023 - 22:26:04: [SM] Plugin "confogl_autoloader.smx" encountered error 23: Native detected error
L 01/20/2023 - 22:26:04: [SM] Invalid data handle 0 (error 4) passed during timer end with TIMER_DATA_HNDL_CLOSE
L 01/20/2023 - 22:26:04: [SM] Unable to call function "ExecuteConfig" due to above error(s).
L 01/20/2023 - 22:26:04: [SM] Exception reported: Invalid client index 0
L 01/20/2023 - 22:26:04: [SM] Blaming: confoglcompmod.smx
L 01/20/2023 - 22:26:04: [SM] Call stack trace:
L 01/20/2023 - 22:26:04: [SM]   [0] ThrowError
L 01/20/2023 - 22:26:04: [SM]   [1] Line 64, C:\Users\Administrator\Desktop\SPCode.Portable\sourcepawn\configs\sm_1_10_0_6478\include\colors.inc::CPrintToChat
L 01/20/2023 - 22:26:04: [SM]   [2] Line 240, modules/ReqMatch.sp::RM_Cmd_ForceMatch
L 01/20/2023 - 22:26:25: [confoglcompmod.smx] [Confogl] CvarSettings: Could not find CVar specified (tankcontrol_print_all)
L 01/20/2023 - 22:26:25: [confoglcompmod.smx] [Confogl] CvarSettings: Could not find CVar specified (l4d2_antibaiter_delay)
L 01/20/2023 - 22:26:25: [confoglcompmod.smx] [Confogl] CvarSettings: Could not find CVar specified (l4d2_antibaiter_horde_timer)
L 01/20/2023 - 22:26:25: [confoglcompmod.smx] [Confogl] CvarSettings: Could not find CVar specified (l4d2_antibaiter_progress)
L 01/20/2023 - 22:26:25: [confoglcompmod.smx] [Confogl] CvarSettings: Could not find CVar specified (l4d2_MITSR_Pitchfork)
L 01/20/2023 - 22:26:25: [confoglcompmod.smx] [Confogl] CvarSettings: Could not find CVar specified (l4d2_MITSR_Shovel)
L 01/20/2023 - 22:26:25: [confoglcompmod.smx] [Confogl] CvarSettings: Could not find CVar specified (sound_block_for_comp)
L 01/20/2023 - 22:26:25: [confoglcompmod.smx] [Confogl] CvarSettings: Could not find CVar specified (sm2_bonus_per_survivor_multiplier)
L 01/20/2023 - 22:26:25: [confoglcompmod.smx] [Confogl] CvarSettings: Could not find CVar specified (sm2_permament_health_proportion)
L 01/20/2023 - 22:26:25: [confoglcompmod.smx] [Confogl] CvarSettings: Could not find CVar specified (sm2_pills_hp_factor)
L 01/20/2023 - 22:26:25: [confoglcompmod.smx] [Confogl] CvarSettings: Could not find CVar specified (sm2_pills_max_bonus)
L 01/20/2023 - 22:26:25: [confoglcompmod.smx] [Confogl] CvarSettings: Attempt to track ConVar l4d2_MITSR_Amount, which is already being tracked.
L 01/20/2023 - 22:26:25: [confoglcompmod.smx] [Confogl] CvarSettings: Attempt to track ConVar l4d2_MITSR_FireAxe, which is already being tracked.
L 01/20/2023 - 22:26:25: [confoglcompmod.smx] [Confogl] CvarSettings: Attempt to track ConVar l4d2_MITSR_BaseballBat, which is already being tracked.
L 01/20/2023 - 22:26:25: [confoglcompmod.smx] [Confogl] CvarSettings: Attempt to track ConVar z_ghost_delay_max, which is already being tracked.
L 01/20/2023 - 22:26:25: [confoglcompmod.smx] [Confogl] CvarSettings: Could not find CVar specified (rpg_allow_glow)
L 01/20/2023 - 22:26:25: [confoglcompmod.smx] [Confogl] CvarSettings: Could not find CVar specified (join_autoupdate)
L 01/20/2023 - 22:26:28: Error log file session closed.
L 01/20/2023 - 22:26:44: SourceMod error session started
L 01/20/2023 - 22:26:44: Info (map "c8m5_rooftop") (file "/root/Steam/steamapps/common/Left 4 Dead 2 Dedicated Server/left4dead2/addons/sourcemod3/logs/errors_20230120.log")
L 01/20/2023 - 22:26:44: [SM] Exception reported: Client 6 is not in game
L 01/20/2023 - 22:26:44: [SM] Blaming: optional/l4d2_scav_fix_nm5.smx
L 01/20/2023 - 22:26:44: [SM] Call stack trace:
L 01/20/2023 - 22:26:44: [SM]   [0] GetClientAbsOrigin
L 01/20/2023 - 22:26:44: [SM]   [1] Line 69, E:\DownLoading\beifen\sourcemod-1.11.0-git6826-windows\addons\sourcemod\scripting\l4d2_scav_fix_nm5.sp::FindMisplacedCans
L 01/20/2023 - 22:26:44: [SM]   [2] Line 46, E:\DownLoading\beifen\sourcemod-1.11.0-git6826-windows\addons\sourcemod\scripting\l4d2_scav_fix_nm5.sp::ScavTimerH
L 01/20/2023 - 22:26:59: [SM] Exception reported: Client 6 is not in game
L 01/20/2023 - 22:26:59: [SM] Blaming: optional/l4d2_scav_fix_nm5.smx
L 01/20/2023 - 22:26:59: [SM] Call stack trace:
L 01/20/2023 - 22:26:59: [SM]   [0] GetClientAbsOrigin
L 01/20/2023 - 22:26:59: [SM]   [1] Line 69, E:\DownLoading\beifen\sourcemod-1.11.0-git6826-windows\addons\sourcemod\scripting\l4d2_scav_fix_nm5.sp::FindMisplacedCans
L 01/20/2023 - 22:26:59: [SM]   [2] Line 46, E:\DownLoading\beifen\sourcemod-1.11.0-git6826-windows\addons\sourcemod\scripting\l4d2_scav_fix_nm5.sp::ScavTimerH
L 01/20/2023 - 22:27:14: [SM] Exception reported: Client 6 is not in game
L 01/20/2023 - 22:27:14: [SM] Blaming: optional/l4d2_scav_fix_nm5.smx
L 01/20/2023 - 22:27:14: [SM] Call stack trace:
L 01/20/2023 - 22:27:14: [SM]   [0] GetClientAbsOrigin
L 01/20/2023 - 22:27:14: [SM]   [1] Line 69, E:\DownLoading\beifen\sourcemod-1.11.0-git6826-windows\addons\sourcemod\scripting\l4d2_scav_fix_nm5.sp::FindMisplacedCans
L 01/20/2023 - 22:27:14: [SM]   [2] Line 46, E:\DownLoading\beifen\sourcemod-1.11.0-git6826-windows\addons\sourcemod\scripting\l4d2_scav_fix_nm5.sp::ScavTimerH
L 01/20/2023 - 22:27:29: [SM] Exception reported: Client 2 is not in game
L 01/20/2023 - 22:27:29: [SM] Blaming: optional/l4d2_scav_fix_nm5.smx
L 01/20/2023 - 22:27:29: [SM] Call stack trace:
L 01/20/2023 - 22:27:29: [SM]   [0] GetClientAbsOrigin
L 01/20/2023 - 22:27:29: [SM]   [1] Line 69, E:\DownLoading\beifen\sourcemod-1.11.0-git6826-windows\addons\sourcemod\scripting\l4d2_scav_fix_nm5.sp::FindMisplacedCans
L 01/20/2023 - 22:27:29: [SM]   [2] Line 46, E:\DownLoading\beifen\sourcemod-1.11.0-git6826-windows\addons\sourcemod\scripting\l4d2_scav_fix_nm5.sp::ScavTimerH
L 01/20/2023 - 22:27:44: [SM] Exception reported: Client 2 is not in game
L 01/20/2023 - 22:27:44: [SM] Blaming: optional/l4d2_scav_fix_nm5.smx
L 01/20/2023 - 22:27:44: [SM] Call stack trace:
L 01/20/2023 - 22:27:44: [SM]   [0] GetClientAbsOrigin
L 01/20/2023 - 22:27:44: [SM]   [1] Line 69, E:\DownLoading\beifen\sourcemod-1.11.0-git6826-windows\addons\sourcemod\scripting\l4d2_scav_fix_nm5.sp::FindMisplacedCans
L 01/20/2023 - 22:27:44: [SM]   [2] Line 46, E:\DownLoading\beifen\sourcemod-1.11.0-git6826-windows\addons\sourcemod\scripting\l4d2_scav_fix_nm5.sp::ScavTimerH
L 01/20/2023 - 22:27:59: [SM] Exception reported: Client 2 is not in game
L 01/20/2023 - 22:27:59: [SM] Blaming: optional/l4d2_scav_fix_nm5.smx
L 01/20/2023 - 22:27:59: [SM] Call stack trace:
L 01/20/2023 - 22:27:59: [SM]   [0] GetClientAbsOrigin
L 01/20/2023 - 22:27:59: [SM]   [1] Line 69, E:\DownLoading\beifen\sourcemod-1.11.0-git6826-windows\addons\sourcemod\scripting\l4d2_scav_fix_nm5.sp::FindMisplacedCans
L 01/20/2023 - 22:27:59: [SM]   [2] Line 46, E:\DownLoading\beifen\sourcemod-1.11.0-git6826-windows\addons\sourcemod\scripting\l4d2_scav_fix_nm5.sp::ScavTimerH
L 01/20/2023 - 22:28:14: [SM] Exception reported: Client 2 is not in game
L 01/20/2023 - 22:28:14: [SM] Blaming: optional/l4d2_scav_fix_nm5.smx
L 01/20/2023 - 22:28:14: [SM] Call stack trace:
L 01/20/2023 - 22:28:14: [SM]   [0] GetClientAbsOrigin
L 01/20/2023 - 22:28:14: [SM]   [1] Line 69, E:\DownLoading\beifen\sourcemod-1.11.0-git6826-windows\addons\sourcemod\scripting\l4d2_scav_fix_nm5.sp::FindMisplacedCans
L 01/20/2023 - 22:28:14: [SM]   [2] Line 46, E:\DownLoading\beifen\sourcemod-1.11.0-git6826-windows\addons\sourcemod\scripting\l4d2_scav_fix_nm5.sp::ScavTimerH
L 01/20/2023 - 22:28:29: [SM] Exception reported: Client 2 is not in game
L 01/20/2023 - 22:28:29: [SM] Blaming: optional/l4d2_scav_fix_nm5.smx
L 01/20/2023 - 22:28:29: [SM] Call stack trace:
L 01/20/2023 - 22:28:29: [SM]   [0] GetClientAbsOrigin
L 01/20/2023 - 22:28:29: [SM]   [1] Line 69, E:\DownLoading\beifen\sourcemod-1.11.0-git6826-windows\addons\sourcemod\scripting\l4d2_scav_fix_nm5.sp::FindMisplacedCans
L 01/20/2023 - 22:28:29: [SM]   [2] Line 46, E:\DownLoading\beifen\sourcemod-1.11.0-git6826-windows\addons\sourcemod\scripting\l4d2_scav_fix_nm5.sp::ScavTimerH
L 01/20/2023 - 22:28:44: [SM] Exception reported: Client 2 is not in game
L 01/20/2023 - 22:28:44: [SM] Blaming: optional/l4d2_scav_fix_nm5.smx
L 01/20/2023 - 22:28:44: [SM] Call stack trace:
L 01/20/2023 - 22:28:44: [SM]   [0] GetClientAbsOrigin
L 01/20/2023 - 22:28:44: [SM]   [1] Line 69, E:\DownLoading\beifen\sourcemod-1.11.0-git6826-windows\addons\sourcemod\scripting\l4d2_scav_fix_nm5.sp::FindMisplacedCans
L 01/20/2023 - 22:28:44: [SM]   [2] Line 46, E:\DownLoading\beifen\sourcemod-1.11.0-git6826-windows\addons\sourcemod\scripting\l4d2_scav_fix_nm5.sp::ScavTimerH
L 01/20/2023 - 22:28:59: [SM] Exception reported: Client 2 is not in game
L 01/20/2023 - 22:28:59: [SM] Blaming: optional/l4d2_scav_fix_nm5.smx
L 01/20/2023 - 22:28:59: [SM] Call stack trace:
L 01/20/2023 - 22:28:59: [SM]   [0] GetClientAbsOrigin
L 01/20/2023 - 22:28:59: [SM]   [1] Line 69, E:\DownLoading\beifen\sourcemod-1.11.0-git6826-windows\addons\sourcemod\scripting\l4d2_scav_fix_nm5.sp::FindMisplacedCans
L 01/20/2023 - 22:28:59: [SM]   [2] Line 46, E:\DownLoading\beifen\sourcemod-1.11.0-git6826-windows\addons\sourcemod\scripting\l4d2_scav_fix_nm5.sp::ScavTimerH
L 01/20/2023 - 22:29:14: [SM] Exception reported: Client 2 is not in game
L 01/20/2023 - 22:29:14: [SM] Blaming: optional/l4d2_scav_fix_nm5.smx
L 01/20/2023 - 22:29:14: [SM] Call stack trace:
L 01/20/2023 - 22:29:14: [SM]   [0] GetClientAbsOrigin
L 01/20/2023 - 22:29:14: [SM]   [1] Line 69, E:\DownLoading\beifen\sourcemod-1.11.0-git6826-windows\addons\sourcemod\scripting\l4d2_scav_fix_nm5.sp::FindMisplacedCans
L 01/20/2023 - 22:29:14: [SM]   [2] Line 46, E:\DownLoading\beifen\sourcemod-1.11.0-git6826-windows\addons\sourcemod\scripting\l4d2_scav_fix_nm5.sp::ScavTimerH
L 01/20/2023 - 22:29:29: [SM] Exception reported: Client 2 is not in game
L 01/20/2023 - 22:29:29: [SM] Blaming: optional/l4d2_scav_fix_nm5.smx
L 01/20/2023 - 22:29:29: [SM] Call stack trace:
L 01/20/2023 - 22:29:29: [SM]   [0] GetClientAbsOrigin
L 01/20/2023 - 22:29:29: [SM]   [1] Line 69, E:\DownLoading\beifen\sourcemod-1.11.0-git6826-windows\addons\sourcemod\scripting\l4d2_scav_fix_nm5.sp::FindMisplacedCans
L 01/20/2023 - 22:29:29: [SM]   [2] Line 46, E:\DownLoading\beifen\sourcemod-1.11.0-git6826-windows\addons\sourcemod\scripting\l4d2_scav_fix_nm5.sp::ScavTimerH
L 01/20/2023 - 22:29:44: [SM] Exception reported: Client 2 is not in game
L 01/20/2023 - 22:29:44: [SM] Blaming: optional/l4d2_scav_fix_nm5.smx
L 01/20/2023 - 22:29:44: [SM] Call stack trace:
L 01/20/2023 - 22:29:44: [SM]   [0] GetClientAbsOrigin
L 01/20/2023 - 22:29:44: [SM]   [1] Line 69, E:\DownLoading\beifen\sourcemod-1.11.0-git6826-windows\addons\sourcemod\scripting\l4d2_scav_fix_nm5.sp::FindMisplacedCans
L 01/20/2023 - 22:29:44: [SM]   [2] Line 46, E:\DownLoading\beifen\sourcemod-1.11.0-git6826-windows\addons\sourcemod\scripting\l4d2_scav_fix_nm5.sp::ScavTimerH
L 01/20/2023 - 22:29:59: [SM] Exception reported: Client 2 is not in game
L 01/20/2023 - 22:29:59: [SM] Blaming: optional/l4d2_scav_fix_nm5.smx
L 01/20/2023 - 22:29:59: [SM] Call stack trace:
L 01/20/2023 - 22:29:59: [SM]   [0] GetClientAbsOrigin
L 01/20/2023 - 22:29:59: [SM]   [1] Line 69, E:\DownLoading\beifen\sourcemod-1.11.0-git6826-windows\addons\sourcemod\scripting\l4d2_scav_fix_nm5.sp::FindMisplacedCans
L 01/20/2023 - 22:29:59: [SM]   [2] Line 46, E:\DownLoading\beifen\sourcemod-1.11.0-git6826-windows\addons\sourcemod\scripting\l4d2_scav_fix_nm5.sp::ScavTimerH
L 01/20/2023 - 22:30:14: [SM] Exception reported: Client 2 is not in game
L 01/20/2023 - 22:30:14: [SM] Blaming: optional/l4d2_scav_fix_nm5.smx
L 01/20/2023 - 22:30:14: [SM] Call stack trace:
L 01/20/2023 - 22:30:14: [SM]   [0] GetClientAbsOrigin
L 01/20/2023 - 22:30:14: [SM]   [1] Line 69, E:\DownLoading\beifen\sourcemod-1.11.0-git6826-windows\addons\sourcemod\scripting\l4d2_scav_fix_nm5.sp::FindMisplacedCans
L 01/20/2023 - 22:30:14: [SM]   [2] Line 46, E:\DownLoading\beifen\sourcemod-1.11.0-git6826-windows\addons\sourcemod\scripting\l4d2_scav_fix_nm5.sp::ScavTimerH
L 01/20/2023 - 22:30:40: SourceMod error session started
L 01/20/2023 - 22:30:40: Info (map "c8m5_rooftop") (file "/root/Steam/steamapps/common/Left 4 Dead 2 Dedicated Server/left4dead2/addons/sourcemod3/logs/errors_20230120.log")
L 01/20/2023 - 22:30:40: [SM] Exception reported: Unable to load file: addons/sourcemod/data/steamsforaddons.txt
L 01/20/2023 - 22:30:40: [SM] Blaming: l4d2_addonsmanager.smx
L 01/20/2023 - 22:30:40: [SM] Call stack trace:
L 01/20/2023 - 22:30:40: [SM]   [0] SetFailState
L 01/20/2023 - 22:30:40: [SM]   [1] Line 238, E:\DownLoading\beifen\sourcemod-1.11.0-git6826-windows\addons\sourcemod\scripting\l4d2_addonsmanager.sp::LoadSteamIDWhiteList
L 01/20/2023 - 22:30:40: [SM]   [2] Line 27, E:\DownLoading\beifen\sourcemod-1.11.0-git6826-windows\addons\sourcemod\scripting\l4d2_addonsmanager.sp::OnPluginStart
L 01/20/2023 - 22:30:40: [SM] Unable to load plugin "l4d2_addonsmanager.smx": Error detected in plugin startup (see error logs)
L 01/20/2023 - 22:30:48: [SM] Plugin "confogl_autoloader.smx" encountered error 23: Native detected error
L 01/20/2023 - 22:30:48: [SM] Invalid data handle 0 (error 4) passed during timer end with TIMER_DATA_HNDL_CLOSE
L 01/20/2023 - 22:30:48: [SM] Unable to call function "ExecuteConfig" due to above error(s).
L 01/20/2023 - 22:30:48: [SM] Exception reported: Invalid client index 0
L 01/20/2023 - 22:30:48: [SM] Blaming: confoglcompmod.smx
L 01/20/2023 - 22:30:48: [SM] Call stack trace:
L 01/20/2023 - 22:30:48: [SM]   [0] ThrowError
L 01/20/2023 - 22:30:48: [SM]   [1] Line 64, C:\Users\Administrator\Desktop\SPCode.Portable\sourcepawn\configs\sm_1_10_0_6478\include\colors.inc::CPrintToChat
L 01/20/2023 - 22:30:48: [SM]   [2] Line 240, modules/ReqMatch.sp::RM_Cmd_ForceMatch
L 01/24/2023 - 19:30:53: Error log file session closed.
