L 01/28/2023 - 08:08:45: [CvarSettings] [c2m1_highway] Could not find CVar specified (sn_hostname_format_new)
L 01/28/2023 - 08:08:45: [CvarSettings] [c2m1_highway] Could not find CVar specified (inf_TeleportDistance)
L 01/28/2023 - 08:08:45: [CvarSettings] [c2m1_highway] Could not find CVar specified (shop_enable)
L 01/28/2023 - 14:07:23: [CvarSettings] [c2m1_highway] Could not find CVar specified (sn_hostname_format_new)
L 01/28/2023 - 14:07:23: [CvarSettings] [c2m1_highway] Could not find CVar specified (inf_TeleportDistance)
L 01/28/2023 - 14:07:23: [CvarSettings] [c2m1_highway] Could not find CVar specified (shop_enable)
L 01/28/2023 - 18:00:48: [CvarSettings] [c2m1_highway] Attempt to track ConVar tongue_drag_damage_amount, which is already being tracked.
L 01/28/2023 - 18:00:48: [CvarSettings] [c2m1_highway] Could not find CVar specified (rpg_allow_glow)
L 01/28/2023 - 18:00:48: [CvarSettings] [c2m1_highway] Could not find CVar specified (sn_hostname_format_new)
L 01/28/2023 - 18:00:48: [CvarSettings] [c2m1_highway] Could not find CVar specified (inf_TeleportDistance)
L 01/28/2023 - 18:00:48: [CvarSettings] [c2m1_highway] Could not find CVar specified (ai_JockeyAirAngles)
L 01/28/2023 - 18:00:48: [CvarSettings] [c2m1_highway] Could not find CVar specified (ai_SpitterInstantKill)
L 01/28/2023 - 18:00:48: [CvarSettings] [c2m1_highway] Could not find CVar specified (shop_enable)
L 01/28/2023 - 23:15:06: [CvarSettings] [c2m1_highway] Could not find CVar specified (l4d_ready_survivor_freeze)
L 01/28/2023 - 23:15:06: [CvarSettings] [c2m1_highway] Could not find CVar specified (l4d_ready_delay)
L 01/28/2023 - 23:15:06: [CvarSettings] [c2m1_highway] Could not find CVar specified (l4d_ready_enable_sound)
L 01/28/2023 - 23:15:06: [CvarSettings] [c2m1_highway] Could not find CVar specified (l4d_ready_chuckle)
L 01/28/2023 - 23:15:06: [CvarSettings] [c2m1_highway] Could not find CVar specified (l4d_ready_live_sound)
L 01/28/2023 - 23:15:06: [CvarSettings] [c2m1_highway] Could not find CVar specified (confogl_boss_unprohibit)
L 01/28/2023 - 23:15:06: [CvarSettings] [c2m1_highway] Could not find CVar specified (tankcontrol_print_all)
L 01/28/2023 - 23:15:06: [CvarSettings] [c2m1_highway] Could not find CVar specified (l4d2_reload_speed_silenced_smg)
L 01/28/2023 - 23:15:06: [CvarSettings] [c2m1_highway] Could not find CVar specified (l4d2_reload_speed_uzi)
L 01/28/2023 - 23:15:06: [CvarSettings] [c2m1_highway] Attempt to track ConVar z_ghost_delay_max, which is already being tracked.
L 01/28/2023 - 23:15:06: [CvarSettings] [c2m1_highway] Could not find CVar specified (rpg_allow_glow)
L 01/28/2023 - 23:22:15: [CvarSettings] [c2m1_highway] Attempt to track ConVar tongue_drag_damage_amount, which is already being tracked.
L 01/28/2023 - 23:22:15: [CvarSettings] [c2m1_highway] Could not find CVar specified (rpg_allow_glow)
L 01/28/2023 - 23:22:15: [CvarSettings] [c2m1_highway] Could not find CVar specified (sn_hostname_format_new)
L 01/28/2023 - 23:22:15: [CvarSettings] [c2m1_highway] Could not find CVar specified (inf_TeleportDistance)
L 01/28/2023 - 23:22:15: [CvarSettings] [c2m1_highway] Could not find CVar specified (ai_JockeyAirAngles)
L 01/28/2023 - 23:22:15: [CvarSettings] [c2m1_highway] Could not find CVar specified (ai_SpitterInstantKill)
L 01/28/2023 - 23:22:15: [CvarSettings] [c2m1_highway] Could not find CVar specified (shop_enable)
