L 01/24/2023 - 10:06:29: [CvarSettings] [c2m1_highway] Attempt to track ConVar tongue_drag_damage_amount, which is already being tracked.
L 01/24/2023 - 10:06:29: [CvarSettings] [c2m1_highway] Could not find CVar specified (rpg_allow_glow)
L 01/24/2023 - 10:06:29: [CvarSettings] [c2m1_highway] Could not find CVar specified (inf_TeleportDistance)
L 01/24/2023 - 10:06:29: [CvarSettings] [c2m1_highway] Could not find CVar specified (ai_JockeyAirAngles)
L 01/24/2023 - 10:06:29: [CvarSettings] [c2m1_highway] Could not find CVar specified (ai_SpitterInstantKill)
L 01/24/2023 - 10:06:29: [CvarSettings] [c2m1_highway] Could not find CVar specified (shop_enable)
L 01/24/2023 - 10:07:15: [CvarSettings] [c2m1_highway] Could not find CVar specified (inf_TeleportDistance)
L 01/24/2023 - 10:07:15: [CvarSettings] [c2m1_highway] Could not find CVar specified (shop_enable)
L 01/24/2023 - 10:39:34: [CvarSettings] [c2m1_highway] Attempt to track ConVar tongue_drag_damage_amount, which is already being tracked.
L 01/24/2023 - 10:39:34: [CvarSettings] [c2m1_highway] Could not find CVar specified (rpg_allow_glow)
L 01/24/2023 - 10:39:34: [CvarSettings] [c2m1_highway] Could not find CVar specified (inf_TeleportDistance)
L 01/24/2023 - 10:39:34: [CvarSettings] [c2m1_highway] Could not find CVar specified (ai_JockeyAirAngles)
L 01/24/2023 - 10:39:34: [CvarSettings] [c2m1_highway] Could not find CVar specified (ai_SpitterInstantKill)
L 01/24/2023 - 10:39:34: [CvarSettings] [c2m1_highway] Could not find CVar specified (shop_enable)
L 01/24/2023 - 10:40:09: [CvarSettings] [c2m1_highway] Could not find CVar specified (inf_TeleportDistance)
L 01/24/2023 - 10:40:09: [CvarSettings] [c2m1_highway] Could not find CVar specified (shop_enable)
L 01/24/2023 - 16:07:01: [CvarSettings] [c2m1_highway] Attempt to track ConVar tongue_drag_damage_amount, which is already being tracked.
L 01/24/2023 - 16:07:01: [CvarSettings] [c2m1_highway] Could not find CVar specified (rpg_allow_glow)
L 01/24/2023 - 16:07:01: [CvarSettings] [c2m1_highway] Could not find CVar specified (inf_TeleportDistance)
L 01/24/2023 - 16:07:01: [CvarSettings] [c2m1_highway] Could not find CVar specified (ai_JockeyAirAngles)
L 01/24/2023 - 16:07:01: [CvarSettings] [c2m1_highway] Could not find CVar specified (ai_SpitterInstantKill)
L 01/24/2023 - 16:07:01: [CvarSettings] [c2m1_highway] Could not find CVar specified (shop_enable)
L 01/24/2023 - 16:09:54: [CvarSettings] [c2m1_highway] Could not find CVar specified (inf_TeleportDistance)
L 01/24/2023 - 16:09:54: [CvarSettings] [c2m1_highway] Could not find CVar specified (shop_enable)
L 01/24/2023 - 18:49:24: [CvarSettings] [c2m1_highway] Could not find CVar specified (inf_TeleportDistance)
L 01/24/2023 - 18:49:24: [CvarSettings] [c2m1_highway] Could not find CVar specified (shop_enable)
