L 01/13/2023 - 15:10:41: [CvarSettings] [c2m1_highway] Attempt to track ConVar tongue_drag_damage_amount, which is already being tracked.
L 01/13/2023 - 15:10:41: [CvarSettings] [c2m1_highway] Could not find CVar specified (rpg_allow_glow)
L 01/13/2023 - 15:10:41: [CvarSettings] [c2m1_highway] Could not find CVar specified (inf_TeleportDistance)
L 01/13/2023 - 15:10:41: [CvarSettings] [c2m1_highway] Could not find CVar specified (ai_JockeyAirAngles)
L 01/13/2023 - 15:10:41: [CvarSettings] [c2m1_highway] Could not find CVar specified (ai_SpitterInstantKill)
L 01/13/2023 - 15:10:41: [CvarSettings] [c2m1_highway] Could not find CVar specified (shop_enable)
L 01/13/2023 - 15:22:53: [CvarSettings] [c2m1_highway] Could not find CVar specified (inf_TeleportDistance)
L 01/13/2023 - 15:22:53: [CvarSettings] [c2m1_highway] Could not find CVar specified (shop_enable)
L 01/13/2023 - 20:21:57: [CvarSettings] [c2m1_highway] Could not find CVar specified (inf_TeleportDistance)
L 01/13/2023 - 20:21:57: [CvarSettings] [c2m1_highway] Could not find CVar specified (shop_enable)
L 01/13/2023 - 20:31:35: [CvarSettings] [c2m1_highway] Attempt to track ConVar tongue_drag_damage_amount, which is already being tracked.
L 01/13/2023 - 20:31:35: [CvarSettings] [c2m1_highway] Could not find CVar specified (rpg_allow_glow)
L 01/13/2023 - 20:31:35: [CvarSettings] [c2m1_highway] Could not find CVar specified (inf_TeleportDistance)
L 01/13/2023 - 20:31:35: [CvarSettings] [c2m1_highway] Could not find CVar specified (ai_JockeyAirAngles)
L 01/13/2023 - 20:31:35: [CvarSettings] [c2m1_highway] Could not find CVar specified (ai_SpitterInstantKill)
L 01/13/2023 - 20:31:35: [CvarSettings] [c2m1_highway] Could not find CVar specified (shop_enable)
L 01/13/2023 - 20:35:14: [CvarSettings] [c2m1_highway] Attempt to track ConVar tongue_drag_damage_amount, which is already being tracked.
L 01/13/2023 - 20:35:14: [CvarSettings] [c2m1_highway] Could not find CVar specified (rpg_allow_glow)
L 01/13/2023 - 20:35:14: [CvarSettings] [c2m1_highway] Could not find CVar specified (inf_TeleportDistance)
L 01/13/2023 - 20:35:14: [CvarSettings] [c2m1_highway] Could not find CVar specified (ai_JockeyAirAngles)
L 01/13/2023 - 20:35:14: [CvarSettings] [c2m1_highway] Could not find CVar specified (ai_SpitterInstantKill)
L 01/13/2023 - 20:35:14: [CvarSettings] [c2m1_highway] Could not find CVar specified (shop_enable)
L 01/13/2023 - 20:59:34: [CvarSettings] [c2m1_highway] Attempt to track ConVar tongue_drag_damage_amount, which is already being tracked.
L 01/13/2023 - 20:59:34: [CvarSettings] [c2m1_highway] Could not find CVar specified (rpg_allow_glow)
L 01/13/2023 - 20:59:34: [CvarSettings] [c2m1_highway] Could not find CVar specified (inf_TeleportDistance)
L 01/13/2023 - 20:59:34: [CvarSettings] [c2m1_highway] Could not find CVar specified (ai_JockeyAirAngles)
L 01/13/2023 - 20:59:34: [CvarSettings] [c2m1_highway] Could not find CVar specified (ai_SpitterInstantKill)
L 01/13/2023 - 20:59:34: [CvarSettings] [c2m1_highway] Could not find CVar specified (shop_enable)
L 01/13/2023 - 21:03:28: [CvarSettings] [c2m1_highway] Could not find CVar specified (confogl_boss_unprohibit)
L 01/13/2023 - 21:03:28: [CvarSettings] [c2m1_highway] Could not find CVar specified (tankcontrol_print_all)
L 01/13/2023 - 21:03:28: [CvarSettings] [c2m1_highway] Could not find CVar specified (l4d2_reload_speed_silenced_smg)
L 01/13/2023 - 21:03:28: [CvarSettings] [c2m1_highway] Could not find CVar specified (l4d2_reload_speed_uzi)
L 01/13/2023 - 21:03:28: [CvarSettings] [c2m1_highway] Attempt to track ConVar z_ghost_delay_max, which is already being tracked.
L 01/13/2023 - 21:03:28: [CvarSettings] [c2m1_highway] Could not find CVar specified (rpg_allow_glow)
L 01/13/2023 - 21:34:37: [CvarSettings] [c2m1_highway] Attempt to track ConVar tongue_drag_damage_amount, which is already being tracked.
L 01/13/2023 - 21:34:37: [CvarSettings] [c2m1_highway] Could not find CVar specified (rpg_allow_glow)
L 01/13/2023 - 21:34:37: [CvarSettings] [c2m1_highway] Could not find CVar specified (inf_TeleportDistance)
L 01/13/2023 - 21:34:37: [CvarSettings] [c2m1_highway] Could not find CVar specified (ai_JockeyAirAngles)
L 01/13/2023 - 21:34:37: [CvarSettings] [c2m1_highway] Could not find CVar specified (ai_SpitterInstantKill)
L 01/13/2023 - 21:34:37: [CvarSettings] [c2m1_highway] Could not find CVar specified (shop_enable)
L 01/13/2023 - 22:33:58: [CvarSettings] [c2m1_highway] Attempt to track ConVar tongue_drag_damage_amount, which is already being tracked.
L 01/13/2023 - 22:33:58: [CvarSettings] [c2m1_highway] Could not find CVar specified (rpg_allow_glow)
L 01/13/2023 - 22:33:58: [CvarSettings] [c2m1_highway] Could not find CVar specified (inf_TeleportDistance)
L 01/13/2023 - 22:33:58: [CvarSettings] [c2m1_highway] Could not find CVar specified (ai_JockeyAirAngles)
L 01/13/2023 - 22:33:58: [CvarSettings] [c2m1_highway] Could not find CVar specified (ai_SpitterInstantKill)
L 01/13/2023 - 22:33:58: [CvarSettings] [c2m1_highway] Could not find CVar specified (shop_enable)
L 01/13/2023 - 23:16:56: [CvarSettings] [c2m1_highway] Attempt to track ConVar tongue_drag_damage_amount, which is already being tracked.
L 01/13/2023 - 23:16:56: [CvarSettings] [c2m1_highway] Could not find CVar specified (rpg_allow_glow)
L 01/13/2023 - 23:16:56: [CvarSettings] [c2m1_highway] Could not find CVar specified (inf_TeleportDistance)
L 01/13/2023 - 23:16:56: [CvarSettings] [c2m1_highway] Could not find CVar specified (ai_JockeyAirAngles)
L 01/13/2023 - 23:16:56: [CvarSettings] [c2m1_highway] Could not find CVar specified (ai_SpitterInstantKill)
L 01/13/2023 - 23:16:56: [CvarSettings] [c2m1_highway] Could not find CVar specified (shop_enable)
