L 01/23/2023 - 13:25:05: [CvarSettings] [c2m1_highway] Attempt to track ConVar tongue_drag_damage_amount, which is already being tracked.
L 01/23/2023 - 13:25:05: [CvarSettings] [c2m1_highway] Could not find CVar specified (rpg_allow_glow)
L 01/23/2023 - 13:25:05: [CvarSettings] [c2m1_highway] Could not find CVar specified (sn_hostname_format_new)
L 01/23/2023 - 13:25:05: [CvarSettings] [c2m1_highway] Could not find CVar specified (inf_TeleportDistance)
L 01/23/2023 - 13:25:05: [CvarSettings] [c2m1_highway] Could not find CVar specified (ai_JockeyAirAngles)
L 01/23/2023 - 13:25:05: [CvarSettings] [c2m1_highway] Could not find CVar specified (ai_SpitterInstantKill)
L 01/23/2023 - 13:25:05: [CvarSettings] [c2m1_highway] Could not find CVar specified (shop_enable)
L 01/23/2023 - 13:32:28: [CvarSettings] [c2m1_highway] Attempt to track ConVar tongue_drag_damage_amount, which is already being tracked.
L 01/23/2023 - 13:32:28: [CvarSettings] [c2m1_highway] Could not find CVar specified (rpg_allow_glow)
L 01/23/2023 - 13:32:28: [CvarSettings] [c2m1_highway] Could not find CVar specified (autopause_enable)
L 01/23/2023 - 13:32:28: [CvarSettings] [c2m1_highway] Could not find CVar specified (autopause_force)
L 01/23/2023 - 13:32:28: [CvarSettings] [c2m1_highway] Could not find CVar specified (autopause_apdebug)
L 01/23/2023 - 13:32:28: [CvarSettings] [c2m1_highway] Could not find CVar specified (sn_hostname_format_new)
L 01/23/2023 - 13:32:28: [CvarSettings] [c2m1_highway] Could not find CVar specified (inf_TeleportDistance)
L 01/23/2023 - 13:32:28: [CvarSettings] [c2m1_highway] Could not find CVar specified (shop_enable)
L 01/23/2023 - 16:09:40: [CvarSettings] [c2m1_highway] Could not find CVar specified (sn_hostname_format_new)
L 01/23/2023 - 16:09:40: [CvarSettings] [c2m1_highway] Could not find CVar specified (inf_TeleportDistance)
L 01/23/2023 - 16:09:40: [CvarSettings] [c2m1_highway] Could not find CVar specified (shop_enable)
L 01/23/2023 - 19:31:24: [CvarSettings] [c2m1_highway] Could not find CVar specified (sn_hostname_format_new)
L 01/23/2023 - 19:31:24: [CvarSettings] [c2m1_highway] Could not find CVar specified (inf_TeleportDistance)
L 01/23/2023 - 19:31:24: [CvarSettings] [c2m1_highway] Could not find CVar specified (shop_enable)
