L 01/15/2023 - 00:13:06: [CvarSettings] [c2m1_highway] Could not find CVar specified (sn_hostname_format_new)
L 01/15/2023 - 00:13:06: [CvarSettings] [c2m1_highway] Could not find CVar specified (inf_TeleportDistance)
L 01/15/2023 - 00:13:06: [CvarSettings] [c2m1_highway] Could not find CVar specified (shop_enable)
L 01/15/2023 - 13:41:35: [CvarSettings] [c2m1_highway] Could not find CVar specified (sn_hostname_format_new)
L 01/15/2023 - 13:41:35: [CvarSettings] [c2m1_highway] Could not find CVar specified (inf_TeleportDistance)
L 01/15/2023 - 13:41:35: [CvarSettings] [c2m1_highway] Could not find CVar specified (shop_enable)
L 01/15/2023 - 16:05:27: [CvarSettings] [c2m1_highway] Could not find CVar specified (sn_hostname_format_new)
L 01/15/2023 - 16:05:27: [CvarSettings] [c2m1_highway] Could not find CVar specified (inf_TeleportDistance)
L 01/15/2023 - 16:05:27: [CvarSettings] [c2m1_highway] Could not find CVar specified (shop_enable)
L 01/15/2023 - 16:18:43: [CvarSettings] [c2m1_highway] Attempt to track ConVar z_jockey_ride_damage, which is already being tracked.
L 01/15/2023 - 16:18:43: [CvarSettings] [c2m1_highway] Attempt to track ConVar tongue_drag_damage_amount, which is already being tracked.
L 01/15/2023 - 16:18:43: [CvarSettings] [c2m1_highway] Attempt to track ConVar tongue_choke_damage_amount, which is already being tracked.
L 01/15/2023 - 16:18:43: [CvarSettings] [c2m1_highway] Could not find CVar specified (sn_hostname_format_new)
L 01/15/2023 - 16:18:43: [CvarSettings] [c2m1_highway] Could not find CVar specified (inf_TeleportDistance)
L 01/15/2023 - 16:18:43: [CvarSettings] [c2m1_highway] Could not find CVar specified (ai_JockeyAirAngles)
L 01/15/2023 - 16:18:43: [CvarSettings] [c2m1_highway] Could not find CVar specified (shop_enable)
L 01/15/2023 - 16:18:43: [CvarSettings] [c2m1_highway] Attempt to track ConVar tongue_drag_first_damage_interval, which is already being tracked.
L 01/15/2023 - 16:18:43: [CvarSettings] [c2m1_highway] Attempt to track ConVar tongue_drag_first_damage, which is already being tracked.
L 01/15/2023 - 21:05:03: [CvarSettings] [c2m1_highway] Could not find CVar specified (sn_hostname_format_new)
L 01/15/2023 - 21:05:03: [CvarSettings] [c2m1_highway] Could not find CVar specified (inf_TeleportDistance)
L 01/15/2023 - 21:05:03: [CvarSettings] [c2m1_highway] Could not find CVar specified (shop_enable)
L 01/15/2023 - 23:00:10: [CvarSettings] [c2m1_highway] Attempt to track ConVar z_jockey_ride_damage, which is already being tracked.
L 01/15/2023 - 23:00:10: [CvarSettings] [c2m1_highway] Attempt to track ConVar tongue_drag_damage_amount, which is already being tracked.
L 01/15/2023 - 23:00:10: [CvarSettings] [c2m1_highway] Attempt to track ConVar tongue_choke_damage_amount, which is already being tracked.
L 01/15/2023 - 23:00:10: [CvarSettings] [c2m1_highway] Could not find CVar specified (sn_hostname_format_new)
L 01/15/2023 - 23:00:10: [CvarSettings] [c2m1_highway] Could not find CVar specified (inf_TeleportDistance)
L 01/15/2023 - 23:00:10: [CvarSettings] [c2m1_highway] Could not find CVar specified (ai_JockeyAirAngles)
L 01/15/2023 - 23:00:10: [CvarSettings] [c2m1_highway] Could not find CVar specified (shop_enable)
L 01/15/2023 - 23:00:10: [CvarSettings] [c2m1_highway] Attempt to track ConVar tongue_drag_first_damage_interval, which is already being tracked.
L 01/15/2023 - 23:00:10: [CvarSettings] [c2m1_highway] Attempt to track ConVar tongue_drag_first_damage, which is already being tracked.
