L 02/22/2023 - 21:56:48: [CvarSettings] [c2m1_highway] Could not find CVar specified (confogl_boss_unprohibit)
L 02/22/2023 - 21:56:48: [CvarSettings] [c2m1_highway] Could not find CVar specified (l4d2_deadstop_penalty)
L 02/22/2023 - 21:56:48: [CvarSettings] [c2m1_highway] Could not find CVar specified (sm_hbonus_pointsmode)
L 02/22/2023 - 21:56:48: [CvarSettings] [c2m1_highway] Could not find CVar specified (sm_hbonus_report)
L 02/22/2023 - 21:56:48: [CvarSettings] [c2m1_highway] Could not find CVar specified (sm_pbonus_reportchanges)
L 02/22/2023 - 21:56:48: [CvarSettings] [c2m1_highway] Could not find CVar specified (sm_pbonus_display)
L 02/22/2023 - 21:56:48: [CvarSettings] [c2m1_highway] Could not find CVar specified (sm_simple_witch_bonus)
L 02/22/2023 - 21:56:48: [CvarSettings] [c2m1_highway] Could not find CVar specified (sm_witch_bonus_print)
L 02/22/2023 - 21:56:48: [CvarSettings] [c2m1_highway] Could not find CVar specified (sm_witch_bonus_always)
L 02/22/2023 - 21:56:48: [CvarSettings] [c2m1_highway] Could not find CVar specified (sm_hbonus_configpath)
L 02/22/2023 - 22:01:19: [CvarSettings] [c2m1_highway] Could not find CVar specified (l4d_ready_warp_team)
L 02/22/2023 - 22:01:19: [CvarSettings] [c2m1_highway] Could not find CVar specified (confogl_boss_unprohibit)
L 02/22/2023 - 22:01:19: [CvarSettings] [c2m1_highway] Could not find CVar specified (confogl_ghost_warp)
L 02/22/2023 - 22:01:19: [CvarSettings] [c2m1_highway] Could not find CVar specified (confogl_ghost_warp_reload)
L 02/22/2023 - 22:01:19: [CvarSettings] [c2m1_highway] Could not find CVar specified (chestbump_patch_enabled)
L 02/22/2023 - 22:01:19: [CvarSettings] [c2m1_highway] Could not find CVar specified (jockey_bunny_enabled)
L 02/22/2023 - 22:01:19: [CvarSettings] [c2m1_highway] Could not find CVar specified (jockey_bunny_duration)
L 02/22/2023 - 22:01:19: [CvarSettings] [c2m1_highway] Could not find CVar specified (jockey_bunny_duration)
L 02/22/2023 - 22:01:19: [CvarSettings] [c2m1_highway] Could not find CVar specified (jockey_bunny_cooldown)
L 02/22/2023 - 22:01:19: [CvarSettings] [c2m1_highway] Could not find CVar specified (rock_punch_fix)
L 02/22/2023 - 22:01:19: [CvarSettings] [c2m1_highway] Could not find CVar specified (l4d_pistol_autofire_rate)
L 02/22/2023 - 22:01:19: [CvarSettings] [c2m1_highway] Could not find CVar specified (l4d_equalise_alarm_cars)
L 02/22/2023 - 22:01:19: [CvarSettings] [c2m1_highway] Could not find CVar specified (l4d_si_slowdown)
L 02/22/2023 - 22:01:19: [CvarSettings] [c2m1_highway] Could not find CVar specified (l4d_si_slowdown_tank)
L 02/22/2023 - 22:01:19: [CvarSettings] [c2m1_highway] Could not find CVar specified (l4d_tank_props)
L 02/22/2023 - 22:01:19: [CvarSettings] [c2m1_highway] Could not find CVar specified (l4d2_deadstop_penalty)
L 02/22/2023 - 22:01:19: [CvarSettings] [c2m1_highway] Could not find CVar specified (l4d2_spit_alt_dmg)
L 02/22/2023 - 22:01:19: [CvarSettings] [c2m1_highway] Could not find CVar specified (hc_bridge_car_damage)
L 02/22/2023 - 22:01:19: [CvarSettings] [c2m1_highway] Could not find CVar specified (sm_skill_report_flags)
L 02/22/2023 - 22:01:19: [CvarSettings] [c2m1_highway] Could not find CVar specified (sm_uncinfblock_types)
L 02/22/2023 - 22:01:19: [CvarSettings] [c2m1_highway] Could not find CVar specified (sm_unsilentjockey_enabled)
L 02/22/2023 - 22:01:19: [CvarSettings] [c2m1_highway] Could not find CVar specified (sm_unsilentjockey_always)
L 02/22/2023 - 22:01:19: [CvarSettings] [c2m1_highway] Could not find CVar specified (sm_unsilentjockey_time)
L 02/22/2023 - 22:01:19: [CvarSettings] [c2m1_highway] Could not find CVar specified (tank_print_type)
L 02/22/2023 - 22:09:54: [CvarSettings] [c2m1_highway] Could not find CVar specified (sm_skeetstat_brevity)
L 02/22/2023 - 22:09:54: [CvarSettings] [c2m1_highway] Could not find CVar specified (sm_1v1_dmgthreshold)
L 02/22/2023 - 22:09:54: [CvarSettings] [c2m1_highway] Could not find CVar specified (sound_block_hb)
L 02/22/2023 - 22:09:54: [CvarSettings] [c2m1_highway] Could not find CVar specified (chestbump_patch_enabled)
L 02/22/2023 - 22:09:54: [CvarSettings] [c2m1_highway] Could not find CVar specified (jockey_bunny_enabled)
L 02/22/2023 - 22:09:54: [CvarSettings] [c2m1_highway] Could not find CVar specified (jockey_bunny_duration)
L 02/22/2023 - 22:09:54: [CvarSettings] [c2m1_highway] Could not find CVar specified (jockey_bunny_duration)
L 02/22/2023 - 22:09:54: [CvarSettings] [c2m1_highway] Could not find CVar specified (jockey_bunny_cooldown)
L 02/22/2023 - 22:09:54: [CvarSettings] [c2m1_highway] Could not find CVar specified (rock_punch_fix)
L 02/22/2023 - 22:09:54: [CvarSettings] [c2m1_highway] Could not find CVar specified (l4d_pistol_autofire_rate)
L 02/22/2023 - 22:09:54: [CvarSettings] [c2m1_highway] Could not find CVar specified (l4d_equalise_alarm_cars)
L 02/22/2023 - 22:09:54: [CvarSettings] [c2m1_highway] Could not find CVar specified (l4d_si_slowdown)
L 02/22/2023 - 22:09:54: [CvarSettings] [c2m1_highway] Could not find CVar specified (l4d_si_slowdown_tank)
L 02/22/2023 - 22:09:54: [CvarSettings] [c2m1_highway] Could not find CVar specified (l4d_tank_props)
L 02/22/2023 - 22:09:54: [CvarSettings] [c2m1_highway] Could not find CVar specified (l4d2_deadstop_penalty)
L 02/22/2023 - 22:09:54: [CvarSettings] [c2m1_highway] Could not find CVar specified (l4d2_spit_alt_dmg)
L 02/22/2023 - 22:09:54: [CvarSettings] [c2m1_highway] Could not find CVar specified (hc_bridge_car_damage)
L 02/22/2023 - 22:09:54: [CvarSettings] [c2m1_highway] Could not find CVar specified (sm_skill_report_flags)
L 02/22/2023 - 22:09:54: [CvarSettings] [c2m1_highway] Could not find CVar specified (sm_uncinfblock_types)
L 02/22/2023 - 22:09:54: [CvarSettings] [c2m1_highway] Could not find CVar specified (sm_unsilentjockey_enabled)
L 02/22/2023 - 22:09:54: [CvarSettings] [c2m1_highway] Could not find CVar specified (sm_unsilentjockey_always)
L 02/22/2023 - 22:09:54: [CvarSettings] [c2m1_highway] Could not find CVar specified (sm_unsilentjockey_time)
L 02/22/2023 - 22:09:54: [CvarSettings] [c2m1_highway] Could not find CVar specified (tank_print_type)
