L 01/14/2023 - 00:40:25: [CvarSettings] [c8m5_rooftop] Could not find CVar specified (confogl_boss_unprohibit)
L 01/14/2023 - 00:40:25: [CvarSettings] [c8m5_rooftop] Attempt to track ConVar confogl_pills_limit, which is already being tracked.
L 01/14/2023 - 00:40:25: [CvarSettings] [c8m5_rooftop] Could not find CVar specified (l4d2_MITSR_Pitchfork)
L 01/14/2023 - 00:40:25: [CvarSettings] [c8m5_rooftop] Could not find CVar specified (l4d2_MITSR_Shovel)
L 01/14/2023 - 00:40:25: [CvarSettings] [c8m5_rooftop] Attempt to track ConVar z_ghost_delay_max, which is already being tracked.
L 01/14/2023 - 00:40:25: [CvarSettings] [c8m5_rooftop] Attempt to track ConVar z_jockey_ride_damage, which is already being tracked.
L 01/14/2023 - 00:40:25: [CvarSettings] [c8m5_rooftop] Attempt to track ConVar z_jockey_ride_damage_interval, which is already being tracked.
L 01/14/2023 - 00:40:25: [CvarSettings] [c8m5_rooftop] Attempt to track ConVar tongue_choke_damage_amount, which is already being tracked.
L 01/14/2023 - 00:40:25: [CvarSettings] [c8m5_rooftop] Could not find CVar specified (rpg_allow_glow)
L 01/14/2023 - 00:40:25: [CvarSettings] [c8m5_rooftop] Could not find CVar specified (join_autoupdate)
L 01/14/2023 - 10:19:10: [CvarSettings] [c2m1_highway] Could not find CVar specified (confogl_boss_unprohibit)
L 01/14/2023 - 10:19:10: [CvarSettings] [c2m1_highway] Could not find CVar specified (confogl_ghost_warp)
L 01/14/2023 - 10:19:10: [CvarSettings] [c2m1_highway] Could not find CVar specified (tankcontrol_print_all)
L 01/14/2023 - 10:19:10: [CvarSettings] [c2m1_highway] Could not find CVar specified (l4d2_antibaiter_delay)
L 01/14/2023 - 10:19:10: [CvarSettings] [c2m1_highway] Could not find CVar specified (l4d2_antibaiter_horde_timer)
L 01/14/2023 - 10:19:10: [CvarSettings] [c2m1_highway] Could not find CVar specified (l4d2_antibaiter_progress)
L 01/14/2023 - 10:19:10: [CvarSettings] [c2m1_highway] Could not find CVar specified (longer_tank_punch_getup)
L 01/14/2023 - 10:19:10: [CvarSettings] [c2m1_highway] Could not find CVar specified (l4d_equalise_alarm_cars)
L 01/14/2023 - 10:19:10: [CvarSettings] [c2m1_highway] Could not find CVar specified (l4d2_reload_speed_mp5)
L 01/14/2023 - 10:19:10: [CvarSettings] [c2m1_highway] Could not find CVar specified (l4d2_reload_speed_rifle_ak)
L 01/14/2023 - 10:19:10: [CvarSettings] [c2m1_highway] Could not find CVar specified (l4d2_reload_speed_rifle_sg)
L 01/14/2023 - 10:19:10: [CvarSettings] [c2m1_highway] Could not find CVar specified (l4d2_reload_speed_m60)
L 01/14/2023 - 10:19:10: [CvarSettings] [c2m1_highway] Could not find CVar specified (l4d2_reload_speed_m16)
L 01/14/2023 - 10:19:10: [CvarSettings] [c2m1_highway] Could not find CVar specified (l4d2_reload_speed_scar)
L 01/14/2023 - 10:19:10: [CvarSettings] [c2m1_highway] Could not find CVar specified (l4d2_reload_speed_scout)
L 01/14/2023 - 10:19:10: [CvarSettings] [c2m1_highway] Could not find CVar specified (l4d2_reload_speed_awp)
L 01/14/2023 - 10:19:10: [CvarSettings] [c2m1_highway] Could not find CVar specified (l4d2_reload_speed_hr)
L 01/14/2023 - 10:19:10: [CvarSettings] [c2m1_highway] Could not find CVar specified (l4d2_reload_speed_mt)
L 01/14/2023 - 10:19:10: [CvarSettings] [c2m1_highway] Could not find CVar specified (sm2_bonus_per_survivor_multiplier)
L 01/14/2023 - 10:19:10: [CvarSettings] [c2m1_highway] Could not find CVar specified (sm2_permament_health_proportion)
L 01/14/2023 - 10:19:10: [CvarSettings] [c2m1_highway] Could not find CVar specified (sm2_pills_hp_factor)
L 01/14/2023 - 10:19:10: [CvarSettings] [c2m1_highway] Could not find CVar specified (sm2_pills_max_bonus)
L 01/14/2023 - 10:19:10: [CvarSettings] [c2m1_highway] Could not find CVar specified (l4d2_scavenge_scramble_gas_cans)
L 01/14/2023 - 10:19:10: [CvarSettings] [c2m1_highway] Could not find CVar specified (l4d2_scavenge_scramble_notifyDS)
L 01/14/2023 - 10:19:10: [CvarSettings] [c2m1_highway] Could not find CVar specified (l4d2_scavenge_scramble_can_count)
L 01/14/2023 - 10:19:10: [CvarSettings] [c2m1_highway] Could not find CVar specified (l4d2_scramble_can_count)
L 01/14/2023 - 10:19:10: [CvarSettings] [c2m1_highway] Attempt to track ConVar sgspread_ring1_bullets, which is already being tracked.
L 01/14/2023 - 10:19:10: [CvarSettings] [c2m1_highway] Attempt to track ConVar sgspread_ring1_factor, which is already being tracked.
L 01/14/2023 - 10:19:10: [CvarSettings] [c2m1_highway] Attempt to track ConVar sgspread_center_pellet, which is already being tracked.
L 01/14/2023 - 10:19:10: [CvarSettings] [c2m1_highway] Attempt to track ConVar z_ghost_delay_max, which is already being tracked.
L 01/14/2023 - 10:19:10: [CvarSettings] [c2m1_highway] Attempt to track ConVar z_jockey_ride_damage, which is already being tracked.
L 01/14/2023 - 10:19:10: [CvarSettings] [c2m1_highway] Attempt to track ConVar z_jockey_ride_damage_interval, which is already being tracked.
L 01/14/2023 - 10:19:10: [CvarSettings] [c2m1_highway] Attempt to track ConVar tongue_choke_damage_amount, which is already being tracked.
L 01/14/2023 - 10:19:10: [CvarSettings] [c2m1_highway] Could not find CVar specified (rpg_allow_glow)
L 01/14/2023 - 10:19:10: [CvarSettings] [c2m1_highway] Could not find CVar specified (join_autoupdate)
L 01/14/2023 - 10:20:47: [CvarSettings] [c2m1_highway] Could not find CVar specified (confogl_boss_unprohibit)
L 01/14/2023 - 10:20:47: [CvarSettings] [c2m1_highway] Could not find CVar specified (confogl_ghost_warp)
L 01/14/2023 - 10:20:47: [CvarSettings] [c2m1_highway] Could not find CVar specified (tankcontrol_print_all)
L 01/14/2023 - 10:20:47: [CvarSettings] [c2m1_highway] Could not find CVar specified (l4d2_antibaiter_delay)
L 01/14/2023 - 10:20:47: [CvarSettings] [c2m1_highway] Could not find CVar specified (l4d2_antibaiter_horde_timer)
L 01/14/2023 - 10:20:47: [CvarSettings] [c2m1_highway] Could not find CVar specified (l4d2_antibaiter_progress)
L 01/14/2023 - 10:20:47: [CvarSettings] [c2m1_highway] Could not find CVar specified (longer_tank_punch_getup)
L 01/14/2023 - 10:20:47: [CvarSettings] [c2m1_highway] Could not find CVar specified (l4d_equalise_alarm_cars)
L 01/14/2023 - 10:20:47: [CvarSettings] [c2m1_highway] Could not find CVar specified (l4d2_reload_speed_mp5)
L 01/14/2023 - 10:20:47: [CvarSettings] [c2m1_highway] Could not find CVar specified (l4d2_reload_speed_rifle_ak)
L 01/14/2023 - 10:20:47: [CvarSettings] [c2m1_highway] Could not find CVar specified (l4d2_reload_speed_rifle_sg)
L 01/14/2023 - 10:20:47: [CvarSettings] [c2m1_highway] Could not find CVar specified (l4d2_reload_speed_m60)
L 01/14/2023 - 10:20:47: [CvarSettings] [c2m1_highway] Could not find CVar specified (l4d2_reload_speed_m16)
L 01/14/2023 - 10:20:47: [CvarSettings] [c2m1_highway] Could not find CVar specified (l4d2_reload_speed_scar)
L 01/14/2023 - 10:20:47: [CvarSettings] [c2m1_highway] Could not find CVar specified (l4d2_reload_speed_scout)
L 01/14/2023 - 10:20:47: [CvarSettings] [c2m1_highway] Could not find CVar specified (l4d2_reload_speed_awp)
L 01/14/2023 - 10:20:47: [CvarSettings] [c2m1_highway] Could not find CVar specified (l4d2_reload_speed_hr)
L 01/14/2023 - 10:20:47: [CvarSettings] [c2m1_highway] Could not find CVar specified (l4d2_reload_speed_mt)
L 01/14/2023 - 10:20:47: [CvarSettings] [c2m1_highway] Could not find CVar specified (sm2_bonus_per_survivor_multiplier)
L 01/14/2023 - 10:20:47: [CvarSettings] [c2m1_highway] Could not find CVar specified (sm2_permament_health_proportion)
L 01/14/2023 - 10:20:47: [CvarSettings] [c2m1_highway] Could not find CVar specified (sm2_pills_hp_factor)
L 01/14/2023 - 10:20:47: [CvarSettings] [c2m1_highway] Could not find CVar specified (sm2_pills_max_bonus)
L 01/14/2023 - 10:20:47: [CvarSettings] [c2m1_highway] Could not find CVar specified (l4d2_scavenge_scramble_gas_cans)
L 01/14/2023 - 10:20:47: [CvarSettings] [c2m1_highway] Could not find CVar specified (l4d2_scavenge_scramble_notifyDS)
L 01/14/2023 - 10:20:47: [CvarSettings] [c2m1_highway] Could not find CVar specified (l4d2_scavenge_scramble_can_count)
L 01/14/2023 - 10:20:47: [CvarSettings] [c2m1_highway] Could not find CVar specified (l4d2_scramble_can_count)
L 01/14/2023 - 10:20:47: [CvarSettings] [c2m1_highway] Attempt to track ConVar sgspread_ring1_bullets, which is already being tracked.
L 01/14/2023 - 10:20:47: [CvarSettings] [c2m1_highway] Attempt to track ConVar sgspread_ring1_factor, which is already being tracked.
L 01/14/2023 - 10:20:47: [CvarSettings] [c2m1_highway] Attempt to track ConVar sgspread_center_pellet, which is already being tracked.
L 01/14/2023 - 10:20:47: [CvarSettings] [c2m1_highway] Attempt to track ConVar z_ghost_delay_max, which is already being tracked.
L 01/14/2023 - 10:20:47: [CvarSettings] [c2m1_highway] Attempt to track ConVar z_jockey_ride_damage, which is already being tracked.
L 01/14/2023 - 10:20:47: [CvarSettings] [c2m1_highway] Attempt to track ConVar z_jockey_ride_damage_interval, which is already being tracked.
L 01/14/2023 - 10:20:47: [CvarSettings] [c2m1_highway] Attempt to track ConVar tongue_choke_damage_amount, which is already being tracked.
L 01/14/2023 - 10:20:47: [CvarSettings] [c2m1_highway] Could not find CVar specified (rpg_allow_glow)
L 01/14/2023 - 10:20:47: [CvarSettings] [c2m1_highway] Could not find CVar specified (join_autoupdate)
L 01/14/2023 - 10:21:48: [CvarSettings] [c2m1_highway] Could not find CVar specified (confogl_boss_unprohibit)
L 01/14/2023 - 10:21:48: [CvarSettings] [c2m1_highway] Could not find CVar specified (confogl_ghost_warp)
L 01/14/2023 - 10:21:48: [CvarSettings] [c2m1_highway] Could not find CVar specified (tankcontrol_print_all)
L 01/14/2023 - 10:21:48: [CvarSettings] [c2m1_highway] Could not find CVar specified (l4d2_antibaiter_delay)
L 01/14/2023 - 10:21:48: [CvarSettings] [c2m1_highway] Could not find CVar specified (l4d2_antibaiter_horde_timer)
L 01/14/2023 - 10:21:48: [CvarSettings] [c2m1_highway] Could not find CVar specified (l4d2_antibaiter_progress)
L 01/14/2023 - 10:21:48: [CvarSettings] [c2m1_highway] Could not find CVar specified (longer_tank_punch_getup)
L 01/14/2023 - 10:21:48: [CvarSettings] [c2m1_highway] Could not find CVar specified (l4d_equalise_alarm_cars)
L 01/14/2023 - 10:21:48: [CvarSettings] [c2m1_highway] Could not find CVar specified (l4d2_reload_speed_mp5)
L 01/14/2023 - 10:21:48: [CvarSettings] [c2m1_highway] Could not find CVar specified (l4d2_reload_speed_rifle_ak)
L 01/14/2023 - 10:21:48: [CvarSettings] [c2m1_highway] Could not find CVar specified (l4d2_reload_speed_rifle_sg)
L 01/14/2023 - 10:21:48: [CvarSettings] [c2m1_highway] Could not find CVar specified (l4d2_reload_speed_m60)
L 01/14/2023 - 10:21:48: [CvarSettings] [c2m1_highway] Could not find CVar specified (l4d2_reload_speed_m16)
L 01/14/2023 - 10:21:48: [CvarSettings] [c2m1_highway] Could not find CVar specified (l4d2_reload_speed_scar)
L 01/14/2023 - 10:21:48: [CvarSettings] [c2m1_highway] Could not find CVar specified (l4d2_reload_speed_scout)
L 01/14/2023 - 10:21:48: [CvarSettings] [c2m1_highway] Could not find CVar specified (l4d2_reload_speed_awp)
L 01/14/2023 - 10:21:48: [CvarSettings] [c2m1_highway] Could not find CVar specified (l4d2_reload_speed_hr)
L 01/14/2023 - 10:21:48: [CvarSettings] [c2m1_highway] Could not find CVar specified (l4d2_reload_speed_mt)
L 01/14/2023 - 10:21:48: [CvarSettings] [c2m1_highway] Could not find CVar specified (sm2_bonus_per_survivor_multiplier)
L 01/14/2023 - 10:21:48: [CvarSettings] [c2m1_highway] Could not find CVar specified (sm2_permament_health_proportion)
L 01/14/2023 - 10:21:48: [CvarSettings] [c2m1_highway] Could not find CVar specified (sm2_pills_hp_factor)
L 01/14/2023 - 10:21:48: [CvarSettings] [c2m1_highway] Could not find CVar specified (sm2_pills_max_bonus)
L 01/14/2023 - 10:21:48: [CvarSettings] [c2m1_highway] Could not find CVar specified (l4d2_scavenge_scramble_gas_cans)
L 01/14/2023 - 10:21:48: [CvarSettings] [c2m1_highway] Could not find CVar specified (l4d2_scavenge_scramble_notifyDS)
L 01/14/2023 - 10:21:48: [CvarSettings] [c2m1_highway] Could not find CVar specified (l4d2_scavenge_scramble_can_count)
L 01/14/2023 - 10:21:48: [CvarSettings] [c2m1_highway] Could not find CVar specified (l4d2_scramble_can_count)
L 01/14/2023 - 10:21:48: [CvarSettings] [c2m1_highway] Attempt to track ConVar sgspread_ring1_bullets, which is already being tracked.
L 01/14/2023 - 10:21:48: [CvarSettings] [c2m1_highway] Attempt to track ConVar sgspread_ring1_factor, which is already being tracked.
L 01/14/2023 - 10:21:48: [CvarSettings] [c2m1_highway] Attempt to track ConVar sgspread_center_pellet, which is already being tracked.
L 01/14/2023 - 10:21:48: [CvarSettings] [c2m1_highway] Attempt to track ConVar z_ghost_delay_max, which is already being tracked.
L 01/14/2023 - 10:21:48: [CvarSettings] [c2m1_highway] Attempt to track ConVar z_jockey_ride_damage, which is already being tracked.
L 01/14/2023 - 10:21:48: [CvarSettings] [c2m1_highway] Attempt to track ConVar z_jockey_ride_damage_interval, which is already being tracked.
L 01/14/2023 - 10:21:48: [CvarSettings] [c2m1_highway] Attempt to track ConVar tongue_choke_damage_amount, which is already being tracked.
L 01/14/2023 - 10:21:48: [CvarSettings] [c2m1_highway] Could not find CVar specified (rpg_allow_glow)
L 01/14/2023 - 10:21:48: [CvarSettings] [c2m1_highway] Could not find CVar specified (join_autoupdate)
L 01/14/2023 - 10:29:09: [CvarSettings] [c2m1_highway] Could not find CVar specified (confogl_boss_unprohibit)
L 01/14/2023 - 10:29:09: [CvarSettings] [c2m1_highway] Could not find CVar specified (confogl_ghost_warp)
L 01/14/2023 - 10:29:09: [CvarSettings] [c2m1_highway] Could not find CVar specified (tankcontrol_print_all)
L 01/14/2023 - 10:29:09: [CvarSettings] [c2m1_highway] Could not find CVar specified (l4d2_antibaiter_delay)
L 01/14/2023 - 10:29:09: [CvarSettings] [c2m1_highway] Could not find CVar specified (l4d2_antibaiter_horde_timer)
L 01/14/2023 - 10:29:09: [CvarSettings] [c2m1_highway] Could not find CVar specified (l4d2_antibaiter_progress)
L 01/14/2023 - 10:29:09: [CvarSettings] [c2m1_highway] Could not find CVar specified (longer_tank_punch_getup)
L 01/14/2023 - 10:29:09: [CvarSettings] [c2m1_highway] Could not find CVar specified (l4d_equalise_alarm_cars)
L 01/14/2023 - 10:29:09: [CvarSettings] [c2m1_highway] Could not find CVar specified (l4d2_reload_speed_mp5)
L 01/14/2023 - 10:29:09: [CvarSettings] [c2m1_highway] Could not find CVar specified (l4d2_reload_speed_rifle_ak)
L 01/14/2023 - 10:29:09: [CvarSettings] [c2m1_highway] Could not find CVar specified (l4d2_reload_speed_rifle_sg)
L 01/14/2023 - 10:29:09: [CvarSettings] [c2m1_highway] Could not find CVar specified (l4d2_reload_speed_m60)
L 01/14/2023 - 10:29:09: [CvarSettings] [c2m1_highway] Could not find CVar specified (l4d2_reload_speed_m16)
L 01/14/2023 - 10:29:09: [CvarSettings] [c2m1_highway] Could not find CVar specified (l4d2_reload_speed_scar)
L 01/14/2023 - 10:29:09: [CvarSettings] [c2m1_highway] Could not find CVar specified (l4d2_reload_speed_scout)
L 01/14/2023 - 10:29:09: [CvarSettings] [c2m1_highway] Could not find CVar specified (l4d2_reload_speed_awp)
L 01/14/2023 - 10:29:09: [CvarSettings] [c2m1_highway] Could not find CVar specified (l4d2_reload_speed_hr)
L 01/14/2023 - 10:29:09: [CvarSettings] [c2m1_highway] Could not find CVar specified (l4d2_reload_speed_mt)
L 01/14/2023 - 10:29:09: [CvarSettings] [c2m1_highway] Could not find CVar specified (sm2_bonus_per_survivor_multiplier)
L 01/14/2023 - 10:29:09: [CvarSettings] [c2m1_highway] Could not find CVar specified (sm2_permament_health_proportion)
L 01/14/2023 - 10:29:09: [CvarSettings] [c2m1_highway] Could not find CVar specified (sm2_pills_hp_factor)
L 01/14/2023 - 10:29:09: [CvarSettings] [c2m1_highway] Could not find CVar specified (sm2_pills_max_bonus)
L 01/14/2023 - 10:29:09: [CvarSettings] [c2m1_highway] Could not find CVar specified (l4d2_scavenge_scramble_gas_cans)
L 01/14/2023 - 10:29:09: [CvarSettings] [c2m1_highway] Could not find CVar specified (l4d2_scavenge_scramble_notifyDS)
L 01/14/2023 - 10:29:09: [CvarSettings] [c2m1_highway] Could not find CVar specified (l4d2_scavenge_scramble_can_count)
L 01/14/2023 - 10:29:09: [CvarSettings] [c2m1_highway] Could not find CVar specified (l4d2_scramble_can_count)
L 01/14/2023 - 10:29:09: [CvarSettings] [c2m1_highway] Attempt to track ConVar sgspread_ring1_bullets, which is already being tracked.
L 01/14/2023 - 10:29:09: [CvarSettings] [c2m1_highway] Attempt to track ConVar sgspread_ring1_factor, which is already being tracked.
L 01/14/2023 - 10:29:09: [CvarSettings] [c2m1_highway] Attempt to track ConVar sgspread_center_pellet, which is already being tracked.
L 01/14/2023 - 10:29:09: [CvarSettings] [c2m1_highway] Attempt to track ConVar z_ghost_delay_max, which is already being tracked.
L 01/14/2023 - 10:29:09: [CvarSettings] [c2m1_highway] Attempt to track ConVar z_jockey_ride_damage, which is already being tracked.
L 01/14/2023 - 10:29:09: [CvarSettings] [c2m1_highway] Attempt to track ConVar z_jockey_ride_damage_interval, which is already being tracked.
L 01/14/2023 - 10:29:09: [CvarSettings] [c2m1_highway] Attempt to track ConVar tongue_choke_damage_amount, which is already being tracked.
L 01/14/2023 - 10:29:09: [CvarSettings] [c2m1_highway] Could not find CVar specified (rpg_allow_glow)
L 01/14/2023 - 10:29:09: [CvarSettings] [c2m1_highway] Could not find CVar specified (join_autoupdate)
L 01/14/2023 - 10:29:51: [CvarSettings] [c2m1_highway] Could not find CVar specified (confogl_boss_unprohibit)
L 01/14/2023 - 10:29:51: [CvarSettings] [c2m1_highway] Attempt to track ConVar z_ghost_delay_max, which is already being tracked.
L 01/14/2023 - 10:29:51: [CvarSettings] [c2m1_highway] Could not find CVar specified (rpg_allow_glow)
L 01/14/2023 - 10:29:51: [CvarSettings] [c2m1_highway] Could not find CVar specified (join_autoupdate)
L 01/14/2023 - 14:59:33: [CvarSettings] [c2m1_highway] Could not find CVar specified (confogl_boss_unprohibit)
L 01/14/2023 - 14:59:34: [CvarSettings] [c2m1_highway] Attempt to track ConVar z_ghost_delay_max, which is already being tracked.
L 01/14/2023 - 14:59:34: [CvarSettings] [c2m1_highway] Could not find CVar specified (rpg_allow_glow)
L 01/14/2023 - 14:59:34: [CvarSettings] [c2m1_highway] Could not find CVar specified (join_autoupdate)
L 01/14/2023 - 15:01:03: [CvarSettings] [c2m1_highway] Could not find CVar specified (confogl_boss_unprohibit)
L 01/14/2023 - 15:01:03: [CvarSettings] [c2m1_highway] Could not find CVar specified (confogl_ghost_warp)
L 01/14/2023 - 15:01:03: [CvarSettings] [c2m1_highway] Could not find CVar specified (longer_tank_punch_getup)
L 01/14/2023 - 15:01:03: [CvarSettings] [c2m1_highway] Could not find CVar specified (l4d_equalise_alarm_cars)
L 01/14/2023 - 15:01:03: [CvarSettings] [c2m1_highway] Could not find CVar specified (l4d2_reload_speed_mp5)
L 01/14/2023 - 15:01:03: [CvarSettings] [c2m1_highway] Could not find CVar specified (l4d2_reload_speed_rifle_ak)
L 01/14/2023 - 15:01:03: [CvarSettings] [c2m1_highway] Could not find CVar specified (l4d2_reload_speed_rifle_sg)
L 01/14/2023 - 15:01:03: [CvarSettings] [c2m1_highway] Could not find CVar specified (l4d2_reload_speed_m60)
L 01/14/2023 - 15:01:03: [CvarSettings] [c2m1_highway] Could not find CVar specified (l4d2_reload_speed_m16)
L 01/14/2023 - 15:01:03: [CvarSettings] [c2m1_highway] Could not find CVar specified (l4d2_reload_speed_scar)
L 01/14/2023 - 15:01:03: [CvarSettings] [c2m1_highway] Could not find CVar specified (l4d2_reload_speed_scout)
L 01/14/2023 - 15:01:03: [CvarSettings] [c2m1_highway] Could not find CVar specified (l4d2_reload_speed_awp)
L 01/14/2023 - 15:01:03: [CvarSettings] [c2m1_highway] Could not find CVar specified (l4d2_reload_speed_hr)
L 01/14/2023 - 15:01:03: [CvarSettings] [c2m1_highway] Could not find CVar specified (l4d2_reload_speed_mt)
L 01/14/2023 - 15:01:03: [CvarSettings] [c2m1_highway] Could not find CVar specified (l4d2_scavenge_scramble_gas_cans)
L 01/14/2023 - 15:01:03: [CvarSettings] [c2m1_highway] Could not find CVar specified (l4d2_scavenge_scramble_notifyDS)
L 01/14/2023 - 15:01:03: [CvarSettings] [c2m1_highway] Could not find CVar specified (l4d2_scavenge_scramble_can_count)
L 01/14/2023 - 15:01:03: [CvarSettings] [c2m1_highway] Could not find CVar specified (l4d2_scramble_can_count)
L 01/14/2023 - 15:01:03: [CvarSettings] [c2m1_highway] Attempt to track ConVar sgspread_ring1_bullets, which is already being tracked.
L 01/14/2023 - 15:01:03: [CvarSettings] [c2m1_highway] Attempt to track ConVar sgspread_ring1_factor, which is already being tracked.
L 01/14/2023 - 15:01:03: [CvarSettings] [c2m1_highway] Attempt to track ConVar sgspread_center_pellet, which is already being tracked.
L 01/14/2023 - 15:01:03: [CvarSettings] [c2m1_highway] Attempt to track ConVar z_ghost_delay_max, which is already being tracked.
L 01/14/2023 - 15:01:03: [CvarSettings] [c2m1_highway] Attempt to track ConVar z_jockey_ride_damage, which is already being tracked.
L 01/14/2023 - 15:01:03: [CvarSettings] [c2m1_highway] Attempt to track ConVar z_jockey_ride_damage_interval, which is already being tracked.
L 01/14/2023 - 15:01:03: [CvarSettings] [c2m1_highway] Attempt to track ConVar tongue_choke_damage_amount, which is already being tracked.
L 01/14/2023 - 15:01:03: [CvarSettings] [c2m1_highway] Could not find CVar specified (rpg_allow_glow)
L 01/14/2023 - 15:01:03: [CvarSettings] [c2m1_highway] Could not find CVar specified (join_autoupdate)
L 01/14/2023 - 15:15:43: [CvarSettings] [c2m1_highway] Could not find CVar specified (confogl_boss_unprohibit)
L 01/14/2023 - 15:15:43: [CvarSettings] [c2m1_highway] Attempt to track ConVar z_ghost_delay_max, which is already being tracked.
L 01/14/2023 - 15:15:43: [CvarSettings] [c2m1_highway] Could not find CVar specified (rpg_allow_glow)
L 01/14/2023 - 15:15:43: [CvarSettings] [c2m1_highway] Could not find CVar specified (join_autoupdate)
L 01/14/2023 - 15:17:03: [CvarSettings] [c2m1_highway] Could not find CVar specified (confogl_boss_unprohibit)
L 01/14/2023 - 15:17:03: [CvarSettings] [c2m1_highway] Attempt to track ConVar z_ghost_delay_max, which is already being tracked.
L 01/14/2023 - 15:17:03: [CvarSettings] [c2m1_highway] Could not find CVar specified (rpg_allow_glow)
L 01/14/2023 - 15:17:03: [CvarSettings] [c2m1_highway] Could not find CVar specified (join_autoupdate)
