L 12/22/2022 - 11:47:26: [Configs] [c2m1_highway] Custom config directory addons/sourcemod/../../cfg/cfgogl/WitchParty does not exist!
L 12/22/2022 - 11:50:07: [CvarSettings] [c2m1_highway] Could not find CVar specified (confogl_boss_unprohibit)
L 12/22/2022 - 11:50:07: [CvarSettings] [c2m1_highway] Could not find CVar specified (confogl_ghost_warp)
L 12/22/2022 - 11:50:07: [CvarSettings] [c2m1_highway] Could not find CVar specified (l4d_obey_boss_spawn_cvars)
L 12/22/2022 - 11:50:07: [CvarSettings] [c2m1_highway] Could not find CVar specified (l4d_obey_boss_spawn_except_static)
L 12/22/2022 - 11:50:07: [CvarSettings] [c2m1_highway] Could not find CVar specified (l4d_no_bash_kills)
L 12/22/2022 - 11:50:07: [CvarSettings] [c2m1_highway] Could not find CVar specified (l4d_equalise_alarm_cars)
L 12/22/2022 - 11:50:07: [CvarSettings] [c2m1_highway] Could not find CVar specified (l4d_si_slowdown)
L 12/22/2022 - 11:50:07: [CvarSettings] [c2m1_highway] Could not find CVar specified (l4d_si_slowdown_tank)
L 12/22/2022 - 11:50:07: [CvarSettings] [c2m1_highway] Could not find CVar specified (l4d_tankdamage_enabled)
L 12/22/2022 - 11:50:07: [CvarSettings] [c2m1_highway] Could not find CVar specified (l4d_tank_props)
L 12/22/2022 - 11:50:07: [CvarSettings] [c2m1_highway] Could not find CVar specified (gfc_hittable_override)
L 12/22/2022 - 11:50:07: [CvarSettings] [c2m1_highway] Could not find CVar specified (gfc_witch_override)
L 12/22/2022 - 11:50:07: [CvarSettings] [c2m1_highway] Could not find CVar specified (gfc_common_extra_time)
L 12/22/2022 - 11:50:07: [CvarSettings] [c2m1_highway] Could not find CVar specified (gfc_hunter_duration)
L 12/22/2022 - 11:50:07: [CvarSettings] [c2m1_highway] Could not find CVar specified (hc_bridge_car_damage)
L 12/22/2022 - 11:50:07: [CvarSettings] [c2m1_highway] Could not find CVar specified (hc_sflog_standing_damage)
L 12/22/2022 - 11:50:07: [CvarSettings] [c2m1_highway] Could not find CVar specified (hc_bhlog_standing_damage)
L 12/22/2022 - 11:50:07: [CvarSettings] [c2m1_highway] Could not find CVar specified (hc_handtruck_standing_damage)
L 12/22/2022 - 11:50:07: [CvarSettings] [c2m1_highway] Could not find CVar specified (hc_car_standing_damage)
L 12/22/2022 - 11:50:07: [CvarSettings] [c2m1_highway] Could not find CVar specified (hc_bumpercar_standing_damage)
L 12/22/2022 - 11:50:07: [CvarSettings] [c2m1_highway] Could not find CVar specified (hc_forklift_standing_damage)
L 12/22/2022 - 11:50:07: [CvarSettings] [c2m1_highway] Could not find CVar specified (hc_dumpster_standing_damage)
L 12/22/2022 - 11:50:07: [CvarSettings] [c2m1_highway] Could not find CVar specified (hc_haybale_standing_damage)
L 12/22/2022 - 11:50:07: [CvarSettings] [c2m1_highway] Could not find CVar specified (hc_baggage_standing_damage)
L 12/22/2022 - 11:50:07: [CvarSettings] [c2m1_highway] Could not find CVar specified (hc_incap_standard_damage)
L 12/22/2022 - 11:50:07: [CvarSettings] [c2m1_highway] Could not find CVar specified (hc_disable_self_damage)
L 12/22/2022 - 11:50:07: [CvarSettings] [c2m1_highway] Could not find CVar specified (hc_overhit_time)
L 12/22/2022 - 11:50:07: [CvarSettings] [c2m1_highway] Could not find CVar specified (l4d2_block_infected_ff)
L 12/22/2022 - 11:50:07: [CvarSettings] [c2m1_highway] Could not find CVar specified (l4d2_infected_ff_allow_tank)
L 12/22/2022 - 11:50:07: [CvarSettings] [c2m1_highway] Could not find CVar specified (sm_skill_report_enable)
L 12/22/2022 - 11:50:07: [CvarSettings] [c2m1_highway] Could not find CVar specified (sm_skill_report_flags)
L 12/22/2022 - 11:50:07: [CvarSettings] [c2m1_highway] Could not find CVar specified (sm_uncinfblock_enabled)
L 12/22/2022 - 11:50:07: [CvarSettings] [c2m1_highway] Could not find CVar specified (sm_uncinfblock_types)
L 12/22/2022 - 11:50:07: [CvarSettings] [c2m1_highway] Could not find CVar specified (l4d_pills_hot)
L 12/22/2022 - 11:50:07: [CvarSettings] [c2m1_highway] Could not find CVar specified (l4d_pills_hot_interval)
L 12/22/2022 - 11:50:07: [CvarSettings] [c2m1_highway] Could not find CVar specified (l4d_pills_hot_increment)
L 12/22/2022 - 11:50:07: [CvarSettings] [c2m1_highway] Could not find CVar specified (l4d_pills_hot_total)
L 12/22/2022 - 11:50:07: [CvarSettings] [c2m1_highway] Could not find CVar specified (l4d_adrenaline_hot)
L 12/22/2022 - 11:50:07: [CvarSettings] [c2m1_highway] Could not find CVar specified (l4d_adrenaline_hot_interval)
L 12/22/2022 - 11:50:07: [CvarSettings] [c2m1_highway] Could not find CVar specified (l4d_adrenaline_hot_increment)
L 12/22/2022 - 11:50:07: [CvarSettings] [c2m1_highway] Could not find CVar specified (l4d_adrenaline_hot_total)
L 12/22/2022 - 11:50:07: [CvarSettings] [c2m1_highway] Could not find CVar specified (sm_allowed_lerp_changes)
L 12/22/2022 - 11:50:07: [CvarSettings] [c2m1_highway] Could not find CVar specified (sm_lerp_change_spec)
L 12/22/2022 - 11:50:07: [CvarSettings] [c2m1_highway] Could not find CVar specified (sm_readyup_lerp_changes)
L 12/22/2022 - 11:50:07: [CvarSettings] [c2m1_highway] Could not find CVar specified (sm_min_lerp)
L 12/22/2022 - 11:50:07: [CvarSettings] [c2m1_highway] Could not find CVar specified (sm_max_lerp)
L 12/22/2022 - 11:50:07: [CvarSettings] [c2m1_highway] Could not find CVar specified (starting_item_flags)
L 12/22/2022 - 12:38:37: [Configs] [c2m1_highway] Custom config directory addons/sourcemod/../../cfg/cfgogl/WitchParty does not exist!
L 12/22/2022 - 18:42:15: [Configs] [c2m1_highway] Custom config directory addons/sourcemod/../../cfg/cfgogl/WTFmod does not exist!
L 12/22/2022 - 18:42:40: [CvarSettings] [c2m1_highway] Could not find CVar specified (confogl_boss_unprohibit)
L 12/22/2022 - 18:42:40: [CvarSettings] [c2m1_highway] Attempt to track ConVar hunter_pz_claw_dmg, which is already being tracked.
L 12/22/2022 - 18:42:40: [CvarSettings] [c2m1_highway] Could not find CVar specified (l4d2_specting_cheat_default_valve)
L 12/22/2022 - 23:38:50: [CvarSettings] [c2m1_highway] Could not find CVar specified (teamflip_delay)
L 12/22/2022 - 23:38:50: [CvarSettings] [c2m1_highway] Could not find CVar specified (confogl_boss_unprohibit)
L 12/22/2022 - 23:38:50: [CvarSettings] [c2m1_highway] Could not find CVar specified (confogl_ghost_warp)
L 12/22/2022 - 23:38:50: [CvarSettings] [c2m1_highway] Attempt to track ConVar l4d_ready_survivor_freeze, which is already being tracked.
L 12/22/2022 - 23:38:50: [CvarSettings] [c2m1_highway] Attempt to track ConVar l4d_ready_enable_sound, which is already being tracked.
L 12/22/2022 - 23:38:50: [CvarSettings] [c2m1_highway] Attempt to track ConVar l4d_ready_chuckle, which is already being tracked.
L 12/22/2022 - 23:38:50: [CvarSettings] [c2m1_highway] Attempt to track ConVar l4d_ready_delay, which is already being tracked.
L 12/22/2022 - 23:38:50: [CvarSettings] [c2m1_highway] Could not find CVar specified (confogl_limit_sniper)
L 12/22/2022 - 23:38:50: [CvarSettings] [c2m1_highway] Could not find CVar specified (z_pounce_damage_range_min)
L 12/22/2022 - 23:38:50: [CvarSettings] [c2m1_highway] Could not find CVar specified (z_pounce_damage_range_max)
L 12/22/2022 - 23:38:50: [CvarSettings] [c2m1_highway] Could not find CVar specified (wdp_minimum_damage)
L 12/22/2022 - 23:38:50: [CvarSettings] [c2m1_highway] Could not find CVar specified (sm_skill_report_enable)
L 12/22/2022 - 23:38:50: [CvarSettings] [c2m1_highway] Could not find CVar specified (sm_skill_report_flags)
L 12/22/2022 - 23:38:50: [CvarSettings] [c2m1_highway] Could not find CVar specified (sm_skill_skeet_allowgl)
L 12/22/2022 - 23:38:50: [CvarSettings] [c2m1_highway] Could not find CVar specified (sm_survivor_mvp_brevity)
L 12/22/2022 - 23:38:50: [CvarSettings] [c2m1_highway] Could not find CVar specified (sm_stats_writestats)
L 12/22/2022 - 23:38:50: [CvarSettings] [c2m1_highway] Could not find CVar specified (sm_stats_resetnextmap)
L 12/22/2022 - 23:38:50: [CvarSettings] [c2m1_highway] Could not find CVar specified (sm_stats_percentdecimal)
L 12/22/2022 - 23:38:50: [CvarSettings] [c2m1_highway] Could not find CVar specified (sm_stats_autoprint_vs_round)
L 12/22/2022 - 23:38:50: [CvarSettings] [c2m1_highway] Attempt to track ConVar versus_marker_num, which is already being tracked.
L 12/22/2022 - 23:38:50: [CvarSettings] [c2m1_highway] Could not find CVar specified (l4d2_meleecontrol_enable)
L 12/22/2022 - 23:38:50: [CvarSettings] [c2m1_highway] Could not find CVar specified (l4d2_meleecontrol_melee_penalty)
L 12/22/2022 - 23:38:50: [CvarSettings] [c2m1_highway] Could not find CVar specified (l4d_obey_boss_spawn_cvars)
L 12/22/2022 - 23:38:50: [CvarSettings] [c2m1_highway] Could not find CVar specified (l4d_obey_boss_spawn_except_static)
L 12/22/2022 - 23:38:50: [CvarSettings] [c2m1_highway] Could not find CVar specified (gfc_hittable_override)
L 12/22/2022 - 23:38:50: [CvarSettings] [c2m1_highway] Could not find CVar specified (gfc_witch_override)
L 12/22/2022 - 23:38:50: [CvarSettings] [c2m1_highway] Could not find CVar specified (gfc_common_extra_time)
L 12/22/2022 - 23:38:50: [CvarSettings] [c2m1_highway] Could not find CVar specified (gfc_hunter_duration)
L 12/22/2022 - 23:38:50: [CvarSettings] [c2m1_highway] Could not find CVar specified (sm_skill_report_enable)
L 12/22/2022 - 23:38:50: [CvarSettings] [c2m1_highway] Could not find CVar specified (sm_skill_report_flags)
