L 12/29/2022 - 15:08:21: [CvarSettings] [c8m5_rooftop] Could not find CVar specified (confogl_boss_unprohibit)
L 12/29/2022 - 15:08:21: [CvarSettings] [c8m5_rooftop] Attempt to track ConVar confogl_pills_limit, which is already being tracked.
L 12/29/2022 - 15:36:45: [CvarSettings] [c8m5_rooftop] Could not find CVar specified (confogl_boss_unprohibit)
L 12/29/2022 - 15:36:45: [CvarSettings] [c8m5_rooftop] Attempt to track ConVar confogl_pills_limit, which is already being tracked.
L 12/29/2022 - 15:39:45: [CvarSettings] [c8m5_rooftop] Could not find CVar specified (confogl_boss_unprohibit)
L 12/29/2022 - 15:39:45: [CvarSettings] [c8m5_rooftop] Attempt to track ConVar confogl_pills_limit, which is already being tracked.
L 12/29/2022 - 15:41:04: [CvarSettings] [c8m5_rooftop] Could not find CVar specified (confogl_boss_unprohibit)
L 12/29/2022 - 15:41:04: [CvarSettings] [c8m5_rooftop] Could not find CVar specified (confogl_medkit_limit)
L 12/29/2022 - 15:43:28: [CvarSettings] [c8m5_rooftop] Could not find CVar specified (confogl_boss_unprohibit)
L 12/29/2022 - 15:43:28: [CvarSettings] [c8m5_rooftop] Attempt to track ConVar confogl_pills_limit, which is already being tracked.
L 12/29/2022 - 17:24:43: [CvarSettings] [c8m5_rooftop] Could not find CVar specified (confogl_boss_unprohibit)
L 12/29/2022 - 17:24:43: [CvarSettings] [c8m5_rooftop] Attempt to track ConVar confogl_pills_limit, which is already being tracked.
L 12/29/2022 - 17:24:43: [CvarSettings] [c8m5_rooftop] Could not find CVar specified (l4d2_MITSR_Pitchfork)
L 12/29/2022 - 17:24:43: [CvarSettings] [c8m5_rooftop] Could not find CVar specified (l4d2_MITSR_Shovel)
L 12/29/2022 - 17:27:11: [CvarSettings] [c8m5_rooftop] Could not find CVar specified (confogl_boss_unprohibit)
L 12/29/2022 - 17:27:11: [CvarSettings] [c8m5_rooftop] Attempt to track ConVar confogl_pills_limit, which is already being tracked.
L 12/29/2022 - 17:27:11: [CvarSettings] [c8m5_rooftop] Could not find CVar specified (confogl_medkit_limit)
L 12/29/2022 - 17:27:11: [CvarSettings] [c8m5_rooftop] Could not find CVar specified (l4d2_MITSR_Pitchfork)
L 12/29/2022 - 17:27:11: [CvarSettings] [c8m5_rooftop] Could not find CVar specified (l4d2_MITSR_Shovel)
L 12/29/2022 - 17:28:57: [CvarSettings] [c8m5_rooftop] Could not find CVar specified (confogl_boss_unprohibit)
L 12/29/2022 - 17:28:57: [CvarSettings] [c8m5_rooftop] Could not find CVar specified (confogl_medkit_limit)
L 12/29/2022 - 17:28:57: [CvarSettings] [c8m5_rooftop] Could not find CVar specified (l4d2_MITSR_Pitchfork)
L 12/29/2022 - 17:28:57: [CvarSettings] [c8m5_rooftop] Could not find CVar specified (l4d2_MITSR_Shovel)
L 12/29/2022 - 17:40:39: [CvarSettings] [c8m5_rooftop] Could not find CVar specified (confogl_boss_unprohibit)
L 12/29/2022 - 17:40:39: [CvarSettings] [c8m5_rooftop] Attempt to track ConVar confogl_pills_limit, which is already being tracked.
L 12/29/2022 - 17:40:39: [CvarSettings] [c8m5_rooftop] Could not find CVar specified (l4d2_MITSR_Pitchfork)
L 12/29/2022 - 17:40:39: [CvarSettings] [c8m5_rooftop] Could not find CVar specified (l4d2_MITSR_Shovel)
