L 12/24/2022 - 21:19:39: [CvarSettings] [c2m1_highway] Could not find CVar specified (teamflip_delay)
L 12/24/2022 - 21:19:39: [CvarSettings] [c2m1_highway] Could not find CVar specified (confogl_boss_unprohibit)
L 12/24/2022 - 21:19:39: [CvarSettings] [c2m1_highway] Could not find CVar specified (confogl_ghost_warp)
L 12/24/2022 - 21:19:39: [CvarSettings] [c2m1_highway] Could not find CVar specified (tankcontrol_print_all)
L 12/24/2022 - 21:19:39: [CvarSettings] [c2m1_highway] Could not find CVar specified (confogl_limit_sniper)
L 12/24/2022 - 21:19:39: [CvarSettings] [c2m1_highway] Could not find CVar specified (z_pounce_damage_range_min)
L 12/24/2022 - 21:19:39: [CvarSettings] [c2m1_highway] Could not find CVar specified (z_pounce_damage_range_max)
L 12/24/2022 - 21:19:39: [CvarSettings] [c2m1_highway] Could not find CVar specified (wdp_minimum_damage)
L 12/24/2022 - 21:19:39: [CvarSettings] [c2m1_highway] Could not find CVar specified (sm_skill_report_enable)
L 12/24/2022 - 21:19:39: [CvarSettings] [c2m1_highway] Could not find CVar specified (sm_skill_report_flags)
L 12/24/2022 - 21:19:39: [CvarSettings] [c2m1_highway] Could not find CVar specified (sm_skill_skeet_allowgl)
L 12/24/2022 - 21:19:39: [CvarSettings] [c2m1_highway] Could not find CVar specified (sm_survivor_mvp_brevity)
L 12/24/2022 - 21:19:39: [CvarSettings] [c2m1_highway] Could not find CVar specified (sm_stats_writestats)
L 12/24/2022 - 21:19:39: [CvarSettings] [c2m1_highway] Could not find CVar specified (sm_stats_resetnextmap)
L 12/24/2022 - 21:19:39: [CvarSettings] [c2m1_highway] Could not find CVar specified (sm_stats_percentdecimal)
L 12/24/2022 - 21:19:39: [CvarSettings] [c2m1_highway] Could not find CVar specified (sm_stats_autoprint_vs_round)
L 12/24/2022 - 21:19:39: [CvarSettings] [c2m1_highway] Attempt to track ConVar versus_marker_num, which is already being tracked.
L 12/24/2022 - 21:19:39: [CvarSettings] [c2m1_highway] Could not find CVar specified (l4d2_meleecontrol_enable)
L 12/24/2022 - 21:19:39: [CvarSettings] [c2m1_highway] Could not find CVar specified (l4d2_meleecontrol_melee_penalty)
L 12/24/2022 - 21:19:39: [CvarSettings] [c2m1_highway] Could not find CVar specified (l4d_obey_boss_spawn_cvars)
L 12/24/2022 - 21:19:39: [CvarSettings] [c2m1_highway] Could not find CVar specified (l4d_obey_boss_spawn_except_static)
L 12/24/2022 - 21:19:39: [CvarSettings] [c2m1_highway] Could not find CVar specified (autopause_enable)
L 12/24/2022 - 21:19:39: [CvarSettings] [c2m1_highway] Could not find CVar specified (autopause_force)
L 12/24/2022 - 21:19:39: [CvarSettings] [c2m1_highway] Could not find CVar specified (autopause_apdebug)
L 12/24/2022 - 21:19:39: [CvarSettings] [c2m1_highway] Could not find CVar specified (gfc_hittable_override)
L 12/24/2022 - 21:19:39: [CvarSettings] [c2m1_highway] Could not find CVar specified (gfc_witch_override)
L 12/24/2022 - 21:19:39: [CvarSettings] [c2m1_highway] Could not find CVar specified (gfc_common_extra_time)
L 12/24/2022 - 21:19:39: [CvarSettings] [c2m1_highway] Could not find CVar specified (gfc_hunter_duration)
L 12/24/2022 - 21:19:39: [CvarSettings] [c2m1_highway] Could not find CVar specified (l4d2_slowdown_gunfire_si)
L 12/24/2022 - 21:19:39: [CvarSettings] [c2m1_highway] Could not find CVar specified (l4d2_slowdown_gunfire_tank)
L 12/24/2022 - 21:19:39: [CvarSettings] [c2m1_highway] Could not find CVar specified (l4d2_slowdown_water_tank)
L 12/24/2022 - 21:19:39: [CvarSettings] [c2m1_highway] Could not find CVar specified (l4d2_slowdown_water_survivors)
L 12/24/2022 - 21:19:39: [CvarSettings] [c2m1_highway] Could not find CVar specified (l4d2_slowdown_water_survivors_during_tank)
L 12/24/2022 - 21:19:39: [CvarSettings] [c2m1_highway] Could not find CVar specified (l4d2_slowdown_crouch_speed_mod)
L 12/24/2022 - 21:19:39: [CvarSettings] [c2m1_highway] Could not find CVar specified (sm_skill_report_enable)
L 12/24/2022 - 21:19:39: [CvarSettings] [c2m1_highway] Could not find CVar specified (sm_skill_report_flags)
L 12/24/2022 - 21:22:24: [CvarSettings] [c2m1_highway] Could not find CVar specified (teamflip_delay)
L 12/24/2022 - 21:22:24: [CvarSettings] [c2m1_highway] Could not find CVar specified (confogl_boss_unprohibit)
L 12/24/2022 - 21:22:24: [CvarSettings] [c2m1_highway] Could not find CVar specified (confogl_ghost_warp)
L 12/24/2022 - 21:22:24: [CvarSettings] [c2m1_highway] Could not find CVar specified (tankcontrol_print_all)
L 12/24/2022 - 21:22:24: [CvarSettings] [c2m1_highway] Could not find CVar specified (confogl_limit_sniper)
L 12/24/2022 - 21:22:24: [CvarSettings] [c2m1_highway] Could not find CVar specified (z_pounce_damage_range_min)
L 12/24/2022 - 21:22:24: [CvarSettings] [c2m1_highway] Could not find CVar specified (z_pounce_damage_range_max)
L 12/24/2022 - 21:22:24: [CvarSettings] [c2m1_highway] Could not find CVar specified (wdp_minimum_damage)
L 12/24/2022 - 21:22:24: [CvarSettings] [c2m1_highway] Could not find CVar specified (sm_skill_report_enable)
L 12/24/2022 - 21:22:24: [CvarSettings] [c2m1_highway] Could not find CVar specified (sm_skill_report_flags)
L 12/24/2022 - 21:22:24: [CvarSettings] [c2m1_highway] Could not find CVar specified (sm_skill_skeet_allowgl)
L 12/24/2022 - 21:22:24: [CvarSettings] [c2m1_highway] Could not find CVar specified (sm_survivor_mvp_brevity)
L 12/24/2022 - 21:22:24: [CvarSettings] [c2m1_highway] Could not find CVar specified (sm_stats_writestats)
L 12/24/2022 - 21:22:24: [CvarSettings] [c2m1_highway] Could not find CVar specified (sm_stats_resetnextmap)
L 12/24/2022 - 21:22:24: [CvarSettings] [c2m1_highway] Could not find CVar specified (sm_stats_percentdecimal)
L 12/24/2022 - 21:22:24: [CvarSettings] [c2m1_highway] Could not find CVar specified (sm_stats_autoprint_vs_round)
L 12/24/2022 - 21:22:24: [CvarSettings] [c2m1_highway] Attempt to track ConVar versus_marker_num, which is already being tracked.
L 12/24/2022 - 21:22:24: [CvarSettings] [c2m1_highway] Could not find CVar specified (l4d2_meleecontrol_enable)
L 12/24/2022 - 21:22:24: [CvarSettings] [c2m1_highway] Could not find CVar specified (l4d2_meleecontrol_melee_penalty)
L 12/24/2022 - 21:22:24: [CvarSettings] [c2m1_highway] Could not find CVar specified (l4d_obey_boss_spawn_cvars)
L 12/24/2022 - 21:22:24: [CvarSettings] [c2m1_highway] Could not find CVar specified (l4d_obey_boss_spawn_except_static)
L 12/24/2022 - 21:22:24: [CvarSettings] [c2m1_highway] Could not find CVar specified (autopause_enable)
L 12/24/2022 - 21:22:24: [CvarSettings] [c2m1_highway] Could not find CVar specified (autopause_force)
L 12/24/2022 - 21:22:24: [CvarSettings] [c2m1_highway] Could not find CVar specified (autopause_apdebug)
L 12/24/2022 - 21:22:24: [CvarSettings] [c2m1_highway] Could not find CVar specified (gfc_hittable_override)
L 12/24/2022 - 21:22:24: [CvarSettings] [c2m1_highway] Could not find CVar specified (gfc_witch_override)
L 12/24/2022 - 21:22:24: [CvarSettings] [c2m1_highway] Could not find CVar specified (gfc_common_extra_time)
L 12/24/2022 - 21:22:24: [CvarSettings] [c2m1_highway] Could not find CVar specified (gfc_hunter_duration)
L 12/24/2022 - 21:22:24: [CvarSettings] [c2m1_highway] Could not find CVar specified (l4d2_slowdown_gunfire_si)
L 12/24/2022 - 21:22:24: [CvarSettings] [c2m1_highway] Could not find CVar specified (l4d2_slowdown_gunfire_tank)
L 12/24/2022 - 21:22:24: [CvarSettings] [c2m1_highway] Could not find CVar specified (l4d2_slowdown_water_tank)
L 12/24/2022 - 21:22:24: [CvarSettings] [c2m1_highway] Could not find CVar specified (l4d2_slowdown_water_survivors)
L 12/24/2022 - 21:22:24: [CvarSettings] [c2m1_highway] Could not find CVar specified (l4d2_slowdown_water_survivors_during_tank)
L 12/24/2022 - 21:22:24: [CvarSettings] [c2m1_highway] Could not find CVar specified (l4d2_slowdown_crouch_speed_mod)
L 12/24/2022 - 21:22:24: [CvarSettings] [c2m1_highway] Could not find CVar specified (sm_skill_report_enable)
L 12/24/2022 - 21:22:24: [CvarSettings] [c2m1_highway] Could not find CVar specified (sm_skill_report_flags)
