L 12/23/2022 - 00:03:11: [CvarSettings] [c2m1_highway] Could not find CVar specified (confogl_boss_unprohibit)
L 12/23/2022 - 00:03:11: [CvarSettings] [c2m1_highway] Could not find CVar specified (sm_survivor_mvp_brevity_latest)
L 12/23/2022 - 00:03:11: [CvarSettings] [c2m1_highway] Could not find CVar specified (sm_stats_autoprint_vs_round)
L 12/23/2022 - 00:46:40: [CvarSettings] [c2m1_highway] Could not find CVar specified (teamflip_delay)
L 12/23/2022 - 00:46:40: [CvarSettings] [c2m1_highway] Could not find CVar specified (confogl_boss_unprohibit)
L 12/23/2022 - 00:46:40: [CvarSettings] [c2m1_highway] Could not find CVar specified (confogl_ghost_warp)
L 12/23/2022 - 00:46:40: [CvarSettings] [c2m1_highway] Attempt to track ConVar l4d_ready_survivor_freeze, which is already being tracked.
L 12/23/2022 - 00:46:40: [CvarSettings] [c2m1_highway] Attempt to track ConVar l4d_ready_enable_sound, which is already being tracked.
L 12/23/2022 - 00:46:40: [CvarSettings] [c2m1_highway] Attempt to track ConVar l4d_ready_chuckle, which is already being tracked.
L 12/23/2022 - 00:46:40: [CvarSettings] [c2m1_highway] Attempt to track ConVar l4d_ready_delay, which is already being tracked.
L 12/23/2022 - 00:46:40: [CvarSettings] [c2m1_highway] Could not find CVar specified (confogl_limit_sniper)
L 12/23/2022 - 00:46:40: [CvarSettings] [c2m1_highway] Could not find CVar specified (z_pounce_damage_range_min)
L 12/23/2022 - 00:46:40: [CvarSettings] [c2m1_highway] Could not find CVar specified (z_pounce_damage_range_max)
L 12/23/2022 - 00:46:40: [CvarSettings] [c2m1_highway] Could not find CVar specified (wdp_minimum_damage)
L 12/23/2022 - 00:46:40: [CvarSettings] [c2m1_highway] Could not find CVar specified (sm_skill_report_enable)
L 12/23/2022 - 00:46:40: [CvarSettings] [c2m1_highway] Could not find CVar specified (sm_skill_report_flags)
L 12/23/2022 - 00:46:40: [CvarSettings] [c2m1_highway] Could not find CVar specified (sm_skill_skeet_allowgl)
L 12/23/2022 - 00:46:40: [CvarSettings] [c2m1_highway] Could not find CVar specified (sm_survivor_mvp_brevity)
L 12/23/2022 - 00:46:40: [CvarSettings] [c2m1_highway] Could not find CVar specified (sm_stats_writestats)
L 12/23/2022 - 00:46:40: [CvarSettings] [c2m1_highway] Could not find CVar specified (sm_stats_resetnextmap)
L 12/23/2022 - 00:46:40: [CvarSettings] [c2m1_highway] Could not find CVar specified (sm_stats_percentdecimal)
L 12/23/2022 - 00:46:40: [CvarSettings] [c2m1_highway] Could not find CVar specified (sm_stats_autoprint_vs_round)
L 12/23/2022 - 00:46:40: [CvarSettings] [c2m1_highway] Attempt to track ConVar versus_marker_num, which is already being tracked.
L 12/23/2022 - 00:46:40: [CvarSettings] [c2m1_highway] Could not find CVar specified (l4d2_meleecontrol_enable)
L 12/23/2022 - 00:46:40: [CvarSettings] [c2m1_highway] Could not find CVar specified (l4d2_meleecontrol_melee_penalty)
L 12/23/2022 - 00:46:40: [CvarSettings] [c2m1_highway] Could not find CVar specified (l4d_obey_boss_spawn_cvars)
L 12/23/2022 - 00:46:40: [CvarSettings] [c2m1_highway] Could not find CVar specified (l4d_obey_boss_spawn_except_static)
L 12/23/2022 - 00:46:40: [CvarSettings] [c2m1_highway] Could not find CVar specified (gfc_hittable_override)
L 12/23/2022 - 00:46:40: [CvarSettings] [c2m1_highway] Could not find CVar specified (gfc_witch_override)
L 12/23/2022 - 00:46:40: [CvarSettings] [c2m1_highway] Could not find CVar specified (gfc_common_extra_time)
L 12/23/2022 - 00:46:40: [CvarSettings] [c2m1_highway] Could not find CVar specified (gfc_hunter_duration)
L 12/23/2022 - 00:46:40: [CvarSettings] [c2m1_highway] Could not find CVar specified (sm_skill_report_enable)
L 12/23/2022 - 00:46:40: [CvarSettings] [c2m1_highway] Could not find CVar specified (sm_skill_report_flags)
L 12/23/2022 - 00:52:07: [CvarSettings] [c2m1_highway] Could not find CVar specified (teamflip_delay)
L 12/23/2022 - 00:52:07: [CvarSettings] [c2m1_highway] Could not find CVar specified (confogl_boss_unprohibit)
L 12/23/2022 - 00:52:07: [CvarSettings] [c2m1_highway] Could not find CVar specified (confogl_ghost_warp)
L 12/23/2022 - 00:52:07: [CvarSettings] [c2m1_highway] Attempt to track ConVar l4d_ready_survivor_freeze, which is already being tracked.
L 12/23/2022 - 00:52:07: [CvarSettings] [c2m1_highway] Attempt to track ConVar l4d_ready_enable_sound, which is already being tracked.
L 12/23/2022 - 00:52:07: [CvarSettings] [c2m1_highway] Attempt to track ConVar l4d_ready_chuckle, which is already being tracked.
L 12/23/2022 - 00:52:07: [CvarSettings] [c2m1_highway] Attempt to track ConVar l4d_ready_delay, which is already being tracked.
L 12/23/2022 - 00:52:07: [CvarSettings] [c2m1_highway] Could not find CVar specified (confogl_limit_sniper)
L 12/23/2022 - 00:52:07: [CvarSettings] [c2m1_highway] Could not find CVar specified (z_pounce_damage_range_min)
L 12/23/2022 - 00:52:07: [CvarSettings] [c2m1_highway] Could not find CVar specified (z_pounce_damage_range_max)
L 12/23/2022 - 00:52:07: [CvarSettings] [c2m1_highway] Could not find CVar specified (wdp_minimum_damage)
L 12/23/2022 - 00:52:07: [CvarSettings] [c2m1_highway] Could not find CVar specified (sm_skill_report_enable)
L 12/23/2022 - 00:52:07: [CvarSettings] [c2m1_highway] Could not find CVar specified (sm_skill_report_flags)
L 12/23/2022 - 00:52:07: [CvarSettings] [c2m1_highway] Could not find CVar specified (sm_skill_skeet_allowgl)
L 12/23/2022 - 00:52:07: [CvarSettings] [c2m1_highway] Could not find CVar specified (sm_survivor_mvp_brevity)
L 12/23/2022 - 00:52:07: [CvarSettings] [c2m1_highway] Could not find CVar specified (sm_stats_writestats)
L 12/23/2022 - 00:52:07: [CvarSettings] [c2m1_highway] Could not find CVar specified (sm_stats_resetnextmap)
L 12/23/2022 - 00:52:07: [CvarSettings] [c2m1_highway] Could not find CVar specified (sm_stats_percentdecimal)
L 12/23/2022 - 00:52:07: [CvarSettings] [c2m1_highway] Could not find CVar specified (sm_stats_autoprint_vs_round)
L 12/23/2022 - 00:52:07: [CvarSettings] [c2m1_highway] Attempt to track ConVar versus_marker_num, which is already being tracked.
L 12/23/2022 - 00:52:07: [CvarSettings] [c2m1_highway] Could not find CVar specified (l4d2_meleecontrol_enable)
L 12/23/2022 - 00:52:07: [CvarSettings] [c2m1_highway] Could not find CVar specified (l4d2_meleecontrol_melee_penalty)
L 12/23/2022 - 00:52:07: [CvarSettings] [c2m1_highway] Could not find CVar specified (l4d_obey_boss_spawn_cvars)
L 12/23/2022 - 00:52:07: [CvarSettings] [c2m1_highway] Could not find CVar specified (l4d_obey_boss_spawn_except_static)
L 12/23/2022 - 00:52:07: [CvarSettings] [c2m1_highway] Could not find CVar specified (gfc_hittable_override)
L 12/23/2022 - 00:52:07: [CvarSettings] [c2m1_highway] Could not find CVar specified (gfc_witch_override)
L 12/23/2022 - 00:52:07: [CvarSettings] [c2m1_highway] Could not find CVar specified (gfc_common_extra_time)
L 12/23/2022 - 00:52:07: [CvarSettings] [c2m1_highway] Could not find CVar specified (gfc_hunter_duration)
L 12/23/2022 - 00:52:07: [CvarSettings] [c2m1_highway] Could not find CVar specified (sm_skill_report_enable)
L 12/23/2022 - 00:52:07: [CvarSettings] [c2m1_highway] Could not find CVar specified (sm_skill_report_flags)
L 12/23/2022 - 01:07:56: [CvarSettings] [c2m1_highway] Could not find CVar specified (teamflip_delay)
L 12/23/2022 - 01:07:56: [CvarSettings] [c2m1_highway] Could not find CVar specified (confogl_boss_unprohibit)
L 12/23/2022 - 01:07:56: [CvarSettings] [c2m1_highway] Could not find CVar specified (confogl_ghost_warp)
L 12/23/2022 - 01:07:56: [CvarSettings] [c2m1_highway] Attempt to track ConVar l4d_ready_survivor_freeze, which is already being tracked.
L 12/23/2022 - 01:07:56: [CvarSettings] [c2m1_highway] Attempt to track ConVar l4d_ready_enable_sound, which is already being tracked.
L 12/23/2022 - 01:07:56: [CvarSettings] [c2m1_highway] Attempt to track ConVar l4d_ready_chuckle, which is already being tracked.
L 12/23/2022 - 01:07:56: [CvarSettings] [c2m1_highway] Attempt to track ConVar l4d_ready_delay, which is already being tracked.
L 12/23/2022 - 01:07:56: [CvarSettings] [c2m1_highway] Could not find CVar specified (confogl_limit_sniper)
L 12/23/2022 - 01:07:56: [CvarSettings] [c2m1_highway] Could not find CVar specified (z_pounce_damage_range_min)
L 12/23/2022 - 01:07:56: [CvarSettings] [c2m1_highway] Could not find CVar specified (z_pounce_damage_range_max)
L 12/23/2022 - 01:07:56: [CvarSettings] [c2m1_highway] Could not find CVar specified (wdp_minimum_damage)
L 12/23/2022 - 01:07:56: [CvarSettings] [c2m1_highway] Could not find CVar specified (sm_skill_report_enable)
L 12/23/2022 - 01:07:56: [CvarSettings] [c2m1_highway] Could not find CVar specified (sm_skill_report_flags)
L 12/23/2022 - 01:07:56: [CvarSettings] [c2m1_highway] Could not find CVar specified (sm_skill_skeet_allowgl)
L 12/23/2022 - 01:07:56: [CvarSettings] [c2m1_highway] Could not find CVar specified (sm_survivor_mvp_brevity)
L 12/23/2022 - 01:07:56: [CvarSettings] [c2m1_highway] Could not find CVar specified (sm_stats_writestats)
L 12/23/2022 - 01:07:56: [CvarSettings] [c2m1_highway] Could not find CVar specified (sm_stats_resetnextmap)
L 12/23/2022 - 01:07:56: [CvarSettings] [c2m1_highway] Could not find CVar specified (sm_stats_percentdecimal)
L 12/23/2022 - 01:07:56: [CvarSettings] [c2m1_highway] Could not find CVar specified (sm_stats_autoprint_vs_round)
L 12/23/2022 - 01:07:56: [CvarSettings] [c2m1_highway] Attempt to track ConVar versus_marker_num, which is already being tracked.
L 12/23/2022 - 01:07:56: [CvarSettings] [c2m1_highway] Could not find CVar specified (l4d2_meleecontrol_enable)
L 12/23/2022 - 01:07:56: [CvarSettings] [c2m1_highway] Could not find CVar specified (l4d2_meleecontrol_melee_penalty)
L 12/23/2022 - 01:07:57: [CvarSettings] [c2m1_highway] Could not find CVar specified (l4d_obey_boss_spawn_cvars)
L 12/23/2022 - 01:07:57: [CvarSettings] [c2m1_highway] Could not find CVar specified (l4d_obey_boss_spawn_except_static)
L 12/23/2022 - 01:07:57: [CvarSettings] [c2m1_highway] Could not find CVar specified (gfc_hittable_override)
L 12/23/2022 - 01:07:57: [CvarSettings] [c2m1_highway] Could not find CVar specified (gfc_witch_override)
L 12/23/2022 - 01:07:57: [CvarSettings] [c2m1_highway] Could not find CVar specified (gfc_common_extra_time)
L 12/23/2022 - 01:07:57: [CvarSettings] [c2m1_highway] Could not find CVar specified (gfc_hunter_duration)
L 12/23/2022 - 01:07:57: [CvarSettings] [c2m1_highway] Could not find CVar specified (sm_skill_report_enable)
L 12/23/2022 - 01:07:57: [CvarSettings] [c2m1_highway] Could not find CVar specified (sm_skill_report_flags)
L 12/23/2022 - 15:06:12: [CvarSettings] [c2m1_highway] Could not find CVar specified (teamflip_delay)
L 12/23/2022 - 15:06:12: [CvarSettings] [c2m1_highway] Could not find CVar specified (confogl_boss_unprohibit)
L 12/23/2022 - 15:06:12: [CvarSettings] [c2m1_highway] Could not find CVar specified (confogl_ghost_warp)
L 12/23/2022 - 15:06:12: [CvarSettings] [c2m1_highway] Could not find CVar specified (tankcontrol_print_all)
L 12/23/2022 - 15:06:12: [CvarSettings] [c2m1_highway] Could not find CVar specified (confogl_limit_sniper)
L 12/23/2022 - 15:06:12: [CvarSettings] [c2m1_highway] Could not find CVar specified (z_pounce_damage_range_min)
L 12/23/2022 - 15:06:12: [CvarSettings] [c2m1_highway] Could not find CVar specified (z_pounce_damage_range_max)
L 12/23/2022 - 15:06:12: [CvarSettings] [c2m1_highway] Could not find CVar specified (wdp_minimum_damage)
L 12/23/2022 - 15:06:12: [CvarSettings] [c2m1_highway] Could not find CVar specified (sm_skill_report_enable)
L 12/23/2022 - 15:06:12: [CvarSettings] [c2m1_highway] Could not find CVar specified (sm_skill_report_flags)
L 12/23/2022 - 15:06:12: [CvarSettings] [c2m1_highway] Could not find CVar specified (sm_skill_skeet_allowgl)
L 12/23/2022 - 15:06:12: [CvarSettings] [c2m1_highway] Could not find CVar specified (sm_survivor_mvp_brevity)
L 12/23/2022 - 15:06:12: [CvarSettings] [c2m1_highway] Could not find CVar specified (sm_stats_writestats)
L 12/23/2022 - 15:06:12: [CvarSettings] [c2m1_highway] Could not find CVar specified (sm_stats_resetnextmap)
L 12/23/2022 - 15:06:12: [CvarSettings] [c2m1_highway] Could not find CVar specified (sm_stats_percentdecimal)
L 12/23/2022 - 15:06:12: [CvarSettings] [c2m1_highway] Could not find CVar specified (sm_stats_autoprint_vs_round)
L 12/23/2022 - 15:06:12: [CvarSettings] [c2m1_highway] Attempt to track ConVar versus_marker_num, which is already being tracked.
L 12/23/2022 - 15:06:12: [CvarSettings] [c2m1_highway] Could not find CVar specified (l4d2_meleecontrol_enable)
L 12/23/2022 - 15:06:12: [CvarSettings] [c2m1_highway] Could not find CVar specified (l4d2_meleecontrol_melee_penalty)
L 12/23/2022 - 15:06:12: [CvarSettings] [c2m1_highway] Could not find CVar specified (l4d_obey_boss_spawn_cvars)
L 12/23/2022 - 15:06:12: [CvarSettings] [c2m1_highway] Could not find CVar specified (l4d_obey_boss_spawn_except_static)
L 12/23/2022 - 15:06:12: [CvarSettings] [c2m1_highway] Could not find CVar specified (gfc_hittable_override)
L 12/23/2022 - 15:06:12: [CvarSettings] [c2m1_highway] Could not find CVar specified (gfc_witch_override)
L 12/23/2022 - 15:06:12: [CvarSettings] [c2m1_highway] Could not find CVar specified (gfc_common_extra_time)
L 12/23/2022 - 15:06:12: [CvarSettings] [c2m1_highway] Could not find CVar specified (gfc_hunter_duration)
L 12/23/2022 - 15:06:12: [CvarSettings] [c2m1_highway] Could not find CVar specified (sm_skill_report_enable)
L 12/23/2022 - 15:06:12: [CvarSettings] [c2m1_highway] Could not find CVar specified (sm_skill_report_flags)
L 12/23/2022 - 21:09:32: [CvarSettings] [c2m1_highway] Could not find CVar specified (teamflip_delay)
L 12/23/2022 - 21:09:32: [CvarSettings] [c2m1_highway] Could not find CVar specified (confogl_boss_unprohibit)
L 12/23/2022 - 21:09:32: [CvarSettings] [c2m1_highway] Could not find CVar specified (confogl_ghost_warp)
L 12/23/2022 - 21:09:32: [CvarSettings] [c2m1_highway] Could not find CVar specified (tankcontrol_print_all)
L 12/23/2022 - 21:09:32: [CvarSettings] [c2m1_highway] Could not find CVar specified (confogl_limit_sniper)
L 12/23/2022 - 21:09:32: [CvarSettings] [c2m1_highway] Could not find CVar specified (wdp_minimum_damage)
L 12/23/2022 - 21:09:32: [CvarSettings] [c2m1_highway] Could not find CVar specified (sm_skill_report_flags)
L 12/23/2022 - 21:09:32: [CvarSettings] [c2m1_highway] Attempt to track ConVar versus_marker_num, which is already being tracked.
L 12/23/2022 - 21:09:32: [CvarSettings] [c2m1_highway] Could not find CVar specified (l4d2_meleecontrol_enable)
L 12/23/2022 - 21:09:32: [CvarSettings] [c2m1_highway] Could not find CVar specified (l4d2_meleecontrol_melee_penalty)
L 12/23/2022 - 21:09:32: [CvarSettings] [c2m1_highway] Could not find CVar specified (l4d_obey_boss_spawn_cvars)
L 12/23/2022 - 21:09:32: [CvarSettings] [c2m1_highway] Could not find CVar specified (l4d_obey_boss_spawn_except_static)
L 12/23/2022 - 21:09:32: [CvarSettings] [c2m1_highway] Could not find CVar specified (gfc_hittable_override)
L 12/23/2022 - 21:09:32: [CvarSettings] [c2m1_highway] Could not find CVar specified (gfc_witch_override)
L 12/23/2022 - 21:09:32: [CvarSettings] [c2m1_highway] Could not find CVar specified (gfc_common_extra_time)
L 12/23/2022 - 21:09:32: [CvarSettings] [c2m1_highway] Could not find CVar specified (gfc_hunter_duration)
L 12/23/2022 - 21:09:32: [CvarSettings] [c2m1_highway] Attempt to track ConVar sm_skill_report_enable, which is already being tracked.
L 12/23/2022 - 21:09:32: [CvarSettings] [c2m1_highway] Could not find CVar specified (sm_skill_report_flags)
L 12/23/2022 - 21:21:26: [CvarSettings] [c2m1_highway] Could not find CVar specified (teamflip_delay)
L 12/23/2022 - 21:21:26: [CvarSettings] [c2m1_highway] Could not find CVar specified (confogl_boss_unprohibit)
L 12/23/2022 - 21:21:26: [CvarSettings] [c2m1_highway] Could not find CVar specified (confogl_ghost_warp)
L 12/23/2022 - 21:21:26: [CvarSettings] [c2m1_highway] Could not find CVar specified (tankcontrol_print_all)
L 12/23/2022 - 21:21:26: [CvarSettings] [c2m1_highway] Could not find CVar specified (confogl_limit_sniper)
L 12/23/2022 - 21:21:26: [CvarSettings] [c2m1_highway] Could not find CVar specified (z_pounce_damage_range_min)
L 12/23/2022 - 21:21:26: [CvarSettings] [c2m1_highway] Could not find CVar specified (z_pounce_damage_range_max)
L 12/23/2022 - 21:21:26: [CvarSettings] [c2m1_highway] Could not find CVar specified (wdp_minimum_damage)
L 12/23/2022 - 21:21:26: [CvarSettings] [c2m1_highway] Could not find CVar specified (sm_skill_report_enable)
L 12/23/2022 - 21:21:26: [CvarSettings] [c2m1_highway] Could not find CVar specified (sm_skill_report_flags)
L 12/23/2022 - 21:21:26: [CvarSettings] [c2m1_highway] Could not find CVar specified (sm_skill_skeet_allowgl)
L 12/23/2022 - 21:21:26: [CvarSettings] [c2m1_highway] Could not find CVar specified (sm_survivor_mvp_brevity)
L 12/23/2022 - 21:21:26: [CvarSettings] [c2m1_highway] Could not find CVar specified (sm_stats_writestats)
L 12/23/2022 - 21:21:26: [CvarSettings] [c2m1_highway] Could not find CVar specified (sm_stats_resetnextmap)
L 12/23/2022 - 21:21:26: [CvarSettings] [c2m1_highway] Could not find CVar specified (sm_stats_percentdecimal)
L 12/23/2022 - 21:21:26: [CvarSettings] [c2m1_highway] Could not find CVar specified (sm_stats_autoprint_vs_round)
L 12/23/2022 - 21:21:26: [CvarSettings] [c2m1_highway] Attempt to track ConVar versus_marker_num, which is already being tracked.
L 12/23/2022 - 21:21:26: [CvarSettings] [c2m1_highway] Could not find CVar specified (l4d2_meleecontrol_enable)
L 12/23/2022 - 21:21:26: [CvarSettings] [c2m1_highway] Could not find CVar specified (l4d2_meleecontrol_melee_penalty)
L 12/23/2022 - 21:21:26: [CvarSettings] [c2m1_highway] Could not find CVar specified (l4d_obey_boss_spawn_cvars)
L 12/23/2022 - 21:21:26: [CvarSettings] [c2m1_highway] Could not find CVar specified (l4d_obey_boss_spawn_except_static)
L 12/23/2022 - 21:21:26: [CvarSettings] [c2m1_highway] Could not find CVar specified (gfc_hittable_override)
L 12/23/2022 - 21:21:26: [CvarSettings] [c2m1_highway] Could not find CVar specified (gfc_witch_override)
L 12/23/2022 - 21:21:26: [CvarSettings] [c2m1_highway] Could not find CVar specified (gfc_common_extra_time)
L 12/23/2022 - 21:21:26: [CvarSettings] [c2m1_highway] Could not find CVar specified (gfc_hunter_duration)
L 12/23/2022 - 21:21:26: [CvarSettings] [c2m1_highway] Could not find CVar specified (sm_skill_report_enable)
L 12/23/2022 - 21:21:26: [CvarSettings] [c2m1_highway] Could not find CVar specified (sm_skill_report_flags)
L 12/23/2022 - 21:39:28: [CvarSettings] [c2m1_highway] Could not find CVar specified (confogl_boss_unprohibit)
L 12/23/2022 - 21:39:28: [CvarSettings] [c2m1_highway] Attempt to track ConVar hunter_pz_claw_dmg, which is already being tracked.
L 12/23/2022 - 21:39:28: [CvarSettings] [c2m1_highway] Could not find CVar specified (l4d2_specting_cheat_default_valve)
