L 02/02/2023 - 23:44:20: [Configs] [c2m1_highway] Custom config directory addons/sourcemod/../../cfg/cfgogl/Bizzymod does not exist!
L 02/02/2023 - 23:44:33: [CvarSettings] [c2m1_highway] Could not find CVar specified (l4d_stats_announcemotd)
L 02/02/2023 - 23:44:33: [CvarSettings] [c2m1_highway] Could not find CVar specified (l4d_stats_announceplayerjoined)
L 02/02/2023 - 23:44:33: [CvarSettings] [c2m1_highway] Could not find CVar specified (l4d_stats_announcespecial)
L 02/02/2023 - 23:44:33: [CvarSettings] [c2m1_highway] Could not find CVar specified (l4d_stats_announcemode)
L 02/02/2023 - 23:44:33: [CvarSettings] [c2m1_highway] Could not find CVar specified (l4d_stats_announcerank)
L 02/02/2023 - 23:44:33: [CvarSettings] [c2m1_highway] Could not find CVar specified (l4d_stats_rankonjoin)
L 02/02/2023 - 23:44:33: [CvarSettings] [c2m1_highway] Could not find CVar specified (l4d_stats_soundsenabled)
L 02/02/2023 - 23:44:33: [CvarSettings] [c2m1_highway] Could not find CVar specified (l4d_stats_adm_cleanoldplayers)
L 02/02/2023 - 23:44:33: [CvarSettings] [c2m1_highway] Could not find CVar specified (l4d_stats_adm_cleanplaytime)
L 02/02/2023 - 23:44:33: [CvarSettings] [c2m1_highway] Could not find CVar specified (l4d_stats_ffire_mode)
L 02/02/2023 - 23:44:33: [CvarSettings] [c2m1_highway] Could not find CVar specified (l4d_stats_silencechat)
L 02/02/2023 - 23:44:33: [CvarSettings] [c2m1_highway] Could not find CVar specified (l4d_stats_disabledmessages)
L 02/02/2023 - 23:44:33: [CvarSettings] [c2m1_highway] Could not find CVar specified (l4d_stats_insaferoom)
L 02/02/2023 - 23:44:33: [CvarSettings] [c2m1_highway] Could not find CVar specified (l4d_stats_restart)
L 02/02/2023 - 23:44:33: [CvarSettings] [c2m1_highway] Could not find CVar specified (l4d_stats_fkill)
L 02/02/2023 - 23:44:33: [CvarSettings] [c2m1_highway] Could not find CVar specified (l4d_stats_fincap)
L 02/02/2023 - 23:44:33: [CvarSettings] [c2m1_highway] Could not find CVar specified (l4d_stats_ffire)
L 02/02/2023 - 23:44:33: [CvarSettings] [c2m1_highway] Could not find CVar specified (confogl_boss_unprohibit)
L 02/02/2023 - 23:44:33: [CvarSettings] [c2m1_highway] Could not find CVar specified (confogl_ghost_warp)
L 02/02/2023 - 23:44:33: [CvarSettings] [c2m1_highway] Could not find CVar specified (confogl_disable_ghost_hurt)
L 02/02/2023 - 23:44:33: [CvarSettings] [c2m1_highway] Could not find CVar specified (confogl_remove_inf_clips)
L 02/02/2023 - 23:44:33: [CvarSettings] [c2m1_highway] Could not find CVar specified (confogl_remove_c5m4_hurts)
L 02/02/2023 - 23:44:33: [CvarSettings] [c2m1_highway] Could not find CVar specified (confogl_remove_parachutist)
L 02/02/2023 - 23:44:33: [CvarSettings] [c2m1_highway] Attempt to track ConVar confogl_itemtracking_savespawns, which is already being tracked.
L 02/02/2023 - 23:44:33: [CvarSettings] [c2m1_highway] Attempt to track ConVar confogl_itemtracking_savespawns, which is already being tracked.
L 02/02/2023 - 23:44:33: [CvarSettings] [c2m1_highway] Could not find CVar specified (hc_bridge_car_damage)
L 02/02/2023 - 23:44:33: [CvarSettings] [c2m1_highway] Could not find CVar specified (hc_stadium_car_damage)
L 02/02/2023 - 23:44:33: [CvarSettings] [c2m1_highway] Could not find CVar specified (sm_unsilentjockey_enabled)
L 02/02/2023 - 23:44:33: [CvarSettings] [c2m1_highway] Could not find CVar specified (sm_unsilentjockey_always)
L 02/02/2023 - 23:44:33: [CvarSettings] [c2m1_highway] Could not find CVar specified (sm_unsilentjockey_time)
L 02/02/2023 - 23:44:33: [CvarSettings] [c2m1_highway] Could not find CVar specified (rpg_allow_glow)
L 02/02/2023 - 23:44:33: [CvarSettings] [c2m1_highway] Could not find CVar specified (join_autoupdate)
L 02/02/2023 - 23:50:05: [CvarSettings] [c2m1_highway] Could not find CVar specified (l4d_ready_survivor_freeze)
L 02/02/2023 - 23:50:05: [CvarSettings] [c2m1_highway] Could not find CVar specified (l4d_ready_delay)
L 02/02/2023 - 23:50:05: [CvarSettings] [c2m1_highway] Could not find CVar specified (l4d_ready_enable_sound)
L 02/02/2023 - 23:50:05: [CvarSettings] [c2m1_highway] Could not find CVar specified (l4d_ready_chuckle)
L 02/02/2023 - 23:50:05: [CvarSettings] [c2m1_highway] Could not find CVar specified (l4d_ready_live_sound)
L 02/02/2023 - 23:50:05: [CvarSettings] [c2m1_highway] Could not find CVar specified (confogl_boss_unprohibit)
L 02/02/2023 - 23:50:05: [CvarSettings] [c2m1_highway] Could not find CVar specified (confogl_ghost_warp)
L 02/02/2023 - 23:50:05: [CvarSettings] [c2m1_highway] Could not find CVar specified (confogl_disable_ghost_hurt)
L 02/02/2023 - 23:50:05: [CvarSettings] [c2m1_highway] Could not find CVar specified (confogl_remove_inf_clips)
L 02/02/2023 - 23:50:05: [CvarSettings] [c2m1_highway] Could not find CVar specified (confogl_remove_c5m4_hurts)
L 02/02/2023 - 23:50:05: [CvarSettings] [c2m1_highway] Could not find CVar specified (confogl_remove_parachutist)
L 02/02/2023 - 23:50:05: [CvarSettings] [c2m1_highway] Attempt to track ConVar z_gun_swing_vs_min_penalty, which is already being tracked.
L 02/02/2023 - 23:50:05: [CvarSettings] [c2m1_highway] Could not find CVar specified (tankcontrol_print_all)
L 02/02/2023 - 23:50:05: [CvarSettings] [c2m1_highway] Could not find CVar specified (l4d2_antibaiter_delay)
L 02/02/2023 - 23:50:05: [CvarSettings] [c2m1_highway] Could not find CVar specified (l4d2_antibaiter_horde_timer)
L 02/02/2023 - 23:50:05: [CvarSettings] [c2m1_highway] Could not find CVar specified (l4d2_antibaiter_progress)
L 02/02/2023 - 23:50:05: [CvarSettings] [c2m1_highway] Could not find CVar specified (l4d_tank_percent)
L 02/02/2023 - 23:50:05: [CvarSettings] [c2m1_highway] Could not find CVar specified (l4d_witch_percent)
L 02/02/2023 - 23:50:05: [CvarSettings] [c2m1_highway] Could not find CVar specified (l4d_boss_vote)
L 02/02/2023 - 23:50:05: [CvarSettings] [c2m1_highway] Could not find CVar specified (sm_survivor_mvp_brevity)
L 02/02/2023 - 23:50:05: [CvarSettings] [c2m1_highway] Could not find CVar specified (sm_survivor_mvp_brevity_latest)
L 02/02/2023 - 23:50:05: [CvarSettings] [c2m1_highway] Could not find CVar specified (sm_stats_autoprint_vs_round)
L 02/02/2023 - 23:50:05: [CvarSettings] [c2m1_highway] Could not find CVar specified (chestbump_patch_enabled)
L 02/02/2023 - 23:50:05: [CvarSettings] [c2m1_highway] Could not find CVar specified (l4d_obey_boss_spawn_cvars)
L 02/02/2023 - 23:50:05: [CvarSettings] [c2m1_highway] Could not find CVar specified (l4d_obey_boss_spawn_except_static)
L 02/02/2023 - 23:50:05: [CvarSettings] [c2m1_highway] Could not find CVar specified (l4d2_slowdown_gunfire_si)
L 02/02/2023 - 23:50:05: [CvarSettings] [c2m1_highway] Could not find CVar specified (l4d2_slowdown_gunfire_tank)
L 02/02/2023 - 23:50:05: [CvarSettings] [c2m1_highway] Could not find CVar specified (l4d2_slowdown_water_tank)
L 02/02/2023 - 23:50:05: [CvarSettings] [c2m1_highway] Could not find CVar specified (l4d2_slowdown_water_survivors)
L 02/02/2023 - 23:50:05: [CvarSettings] [c2m1_highway] Could not find CVar specified (l4d2_slowdown_water_survivors_during_tank)
L 02/02/2023 - 23:50:05: [CvarSettings] [c2m1_highway] Could not find CVar specified (l4d2_heq_checkpoint_sound)
L 02/02/2023 - 23:50:05: [CvarSettings] [c2m1_highway] Could not find CVar specified (l4d2_block_punch_rock)
L 02/02/2023 - 23:50:05: [CvarSettings] [c2m1_highway] Could not find CVar specified (l4d2_block_jump_rock)
L 02/02/2023 - 23:50:05: [CvarSettings] [c2m1_highway] Could not find CVar specified (tank_overhand_only)
L 02/02/2023 - 23:50:05: [CvarSettings] [c2m1_highway] Could not find CVar specified (gfc_hittable_override)
L 02/02/2023 - 23:50:05: [CvarSettings] [c2m1_highway] Could not find CVar specified (gfc_hittable_rage_override)
L 02/02/2023 - 23:50:05: [CvarSettings] [c2m1_highway] Could not find CVar specified (gfc_rock_rage_override)
L 02/02/2023 - 23:50:05: [CvarSettings] [c2m1_highway] Could not find CVar specified (gfc_spit_extra_time)
L 02/02/2023 - 23:50:05: [CvarSettings] [c2m1_highway] Could not find CVar specified (gfc_common_extra_time)
L 02/02/2023 - 23:50:05: [CvarSettings] [c2m1_highway] Could not find CVar specified (gfc_hunter_duration)
L 02/02/2023 - 23:50:05: [CvarSettings] [c2m1_highway] Could not find CVar specified (gfc_jockey_duration)
L 02/02/2023 - 23:50:05: [CvarSettings] [c2m1_highway] Could not find CVar specified (gfc_smoker_duration)
L 02/02/2023 - 23:50:05: [CvarSettings] [c2m1_highway] Could not find CVar specified (gfc_charger_duration)
L 02/02/2023 - 23:50:05: [CvarSettings] [c2m1_highway] Could not find CVar specified (gfc_common_zc_flags)
L 02/02/2023 - 23:50:05: [CvarSettings] [c2m1_highway] Could not find CVar specified (gfc_spit_zc_flags)
L 02/02/2023 - 23:50:05: [CvarSettings] [c2m1_highway] Could not find CVar specified (gfc_godframe_glows)
L 02/02/2023 - 23:50:05: [CvarSettings] [c2m1_highway] Could not find CVar specified (gfc_ff_min_time)
L 02/02/2023 - 23:50:05: [CvarSettings] [c2m1_highway] Could not find CVar specified (l4d2_disable_si_friendly_staggers)
L 02/02/2023 - 23:50:05: [CvarSettings] [c2m1_highway] Could not find CVar specified (l4d2_undoff_enable)
L 02/02/2023 - 23:50:05: [CvarSettings] [c2m1_highway] Could not find CVar specified (l4d2_undoff_blockzerodmg)
L 02/02/2023 - 23:50:05: [CvarSettings] [c2m1_highway] Could not find CVar specified (l4d2_undoff_permdmgfrac)
L 02/02/2023 - 23:50:05: [CvarSettings] [c2m1_highway] Could not find CVar specified (l4d2_shotgun_ff_multi)
L 02/02/2023 - 23:50:05: [CvarSettings] [c2m1_highway] Could not find CVar specified (l4d2_shotgun_ff_min)
L 02/02/2023 - 23:50:05: [CvarSettings] [c2m1_highway] Could not find CVar specified (l4d2_shotgun_ff_max)
L 02/02/2023 - 23:50:05: [CvarSettings] [c2m1_highway] Could not find CVar specified (sm2_bonus_per_survivor_multiplier)
L 02/02/2023 - 23:50:05: [CvarSettings] [c2m1_highway] Could not find CVar specified (sm2_permament_health_proportion)
L 02/02/2023 - 23:50:05: [CvarSettings] [c2m1_highway] Could not find CVar specified (sm2_pills_hp_factor)
L 02/02/2023 - 23:50:05: [CvarSettings] [c2m1_highway] Could not find CVar specified (sm2_pills_max_bonus)
