L 02/22/2023 - 19:03:39: [CvarSettings] [c2m1_highway] Could not find CVar specified (confogl_boss_unprohibit)
L 02/22/2023 - 19:20:15: [CvarSettings] [c2m1_highway] Could not find CVar specified (sm_safeitemkill_items)
L 02/22/2023 - 19:20:15: [CvarSettings] [c2m1_highway] Could not find CVar specified (l4d_ready_survivor_freeze)
L 02/22/2023 - 19:20:15: [CvarSettings] [c2m1_highway] Could not find CVar specified (l4d_ready_warp_team)
L 02/22/2023 - 19:20:15: [CvarSettings] [c2m1_highway] Could not find CVar specified (l4d_ready_delay)
L 02/22/2023 - 19:20:15: [CvarSettings] [c2m1_highway] Could not find CVar specified (l4d_ready_enable_sound)
L 02/22/2023 - 19:20:15: [CvarSettings] [c2m1_highway] Could not find CVar specified (l4d_ready_chuckle)
L 02/22/2023 - 19:20:15: [CvarSettings] [c2m1_highway] Could not find CVar specified (l4d_ready_live_sound)
L 02/22/2023 - 19:20:15: [CvarSettings] [c2m1_highway] Could not find CVar specified (coinflip_delay)
L 02/22/2023 - 19:20:15: [CvarSettings] [c2m1_highway] Could not find CVar specified (teamflip_delay)
L 02/22/2023 - 19:20:15: [CvarSettings] [c2m1_highway] Could not find CVar specified (confogl_boss_unprohibit)
L 02/22/2023 - 19:20:15: [CvarSettings] [c2m1_highway] Could not find CVar specified (confogl_ghost_warp)
L 02/22/2023 - 19:20:15: [CvarSettings] [c2m1_highway] Could not find CVar specified (confogl_ghost_warp_reload)
L 02/22/2023 - 19:20:15: [CvarSettings] [c2m1_highway] Could not find CVar specified (tankcontrol_print_all)
L 02/22/2023 - 19:20:15: [CvarSettings] [c2m1_highway] Could not find CVar specified (crc_global)
L 02/22/2023 - 19:20:15: [CvarSettings] [c2m1_highway] Could not find CVar specified (simple_antibhop_enable)
L 02/22/2023 - 19:20:15: [CvarSettings] [c2m1_highway] Could not find CVar specified (bhop_allow_survivor)
L 02/22/2023 - 19:20:15: [CvarSettings] [c2m1_highway] Could not find CVar specified (bhop_except_si_flags)
L 02/22/2023 - 19:20:15: [CvarSettings] [c2m1_highway] Could not find CVar specified (sm_survivor_mvp_brevity)
L 02/22/2023 - 19:20:15: [CvarSettings] [c2m1_highway] Could not find CVar specified (sm_stats_autoprint_vs_round)
L 02/22/2023 - 19:20:15: [CvarSettings] [c2m1_highway] Could not find CVar specified (SM_enable)
L 02/22/2023 - 19:20:15: [CvarSettings] [c2m1_highway] Could not find CVar specified (SM_healthbonusratio)
L 02/22/2023 - 19:20:15: [CvarSettings] [c2m1_highway] Could not find CVar specified (SM_survivalbonusratio)
L 02/22/2023 - 19:20:15: [CvarSettings] [c2m1_highway] Could not find CVar specified (SM_tempmulti_incap_0)
L 02/22/2023 - 19:20:15: [CvarSettings] [c2m1_highway] Could not find CVar specified (SM_tempmulti_incap_1)
L 02/22/2023 - 19:20:15: [CvarSettings] [c2m1_highway] Could not find CVar specified (SM_tempmulti_incap_2)
L 02/22/2023 - 19:20:15: [CvarSettings] [c2m1_highway] Could not find CVar specified (SM_first_aid_heal_percent)
L 02/22/2023 - 19:20:15: [CvarSettings] [c2m1_highway] Could not find CVar specified (SM_pain_pills_health_value)
L 02/22/2023 - 19:20:15: [CvarSettings] [c2m1_highway] Could not find CVar specified (SM_adrenaline_health_buffer)
L 02/22/2023 - 19:20:15: [CvarSettings] [c2m1_highway] Could not find CVar specified (SM_mapmulti)
L 02/22/2023 - 19:20:15: [CvarSettings] [c2m1_highway] Could not find CVar specified (SM_custommaxdistance)
L 02/22/2023 - 19:20:15: [CvarSettings] [c2m1_highway] Could not find CVar specified (sm_hbonus_pointsmode)
L 02/22/2023 - 19:20:15: [CvarSettings] [c2m1_highway] Could not find CVar specified (sm_hbonus_report)
L 02/22/2023 - 19:20:15: [CvarSettings] [c2m1_highway] Could not find CVar specified (sm_pbonus_reportchanges)
L 02/22/2023 - 19:20:15: [CvarSettings] [c2m1_highway] Could not find CVar specified (sm_pbonus_display)
L 02/22/2023 - 19:20:15: [CvarSettings] [c2m1_highway] Could not find CVar specified (sm_simple_witch_bonus)
L 02/22/2023 - 19:20:15: [CvarSettings] [c2m1_highway] Could not find CVar specified (sm_witch_bonus_print)
L 02/22/2023 - 19:20:15: [CvarSettings] [c2m1_highway] Could not find CVar specified (sm_witch_bonus_always)
L 02/22/2023 - 19:20:15: [CvarSettings] [c2m1_highway] Could not find CVar specified (sm_hbonus_configpath)
L 02/22/2023 - 19:20:15: [CvarSettings] [c2m1_highway] Could not find CVar specified (chestbump_patch_enabled)
L 02/22/2023 - 19:20:15: [CvarSettings] [c2m1_highway] Could not find CVar specified (jockey_bunny_enabled)
L 02/22/2023 - 19:20:15: [CvarSettings] [c2m1_highway] Could not find CVar specified (jockey_bunny_duration)
L 02/22/2023 - 19:20:15: [CvarSettings] [c2m1_highway] Could not find CVar specified (jockey_bunny_duration)
L 02/22/2023 - 19:20:15: [CvarSettings] [c2m1_highway] Could not find CVar specified (jockey_bunny_cooldown)
L 02/22/2023 - 19:20:15: [CvarSettings] [c2m1_highway] Could not find CVar specified (autopause_enable)
L 02/22/2023 - 19:20:15: [CvarSettings] [c2m1_highway] Could not find CVar specified (l4d_obey_boss_spawn_cvars)
L 02/22/2023 - 19:20:15: [CvarSettings] [c2m1_highway] Could not find CVar specified (l4d_obey_boss_spawn_except_static)
L 02/22/2023 - 19:20:15: [CvarSettings] [c2m1_highway] Could not find CVar specified (rock_punch_fix)
L 02/22/2023 - 19:20:15: [CvarSettings] [c2m1_highway] Could not find CVar specified (engine_fix_flags)
L 02/22/2023 - 19:20:15: [CvarSettings] [c2m1_highway] Could not find CVar specified (ghost_hurt_type)
L 02/22/2023 - 19:20:15: [CvarSettings] [c2m1_highway] Could not find CVar specified (l4d_pistol_autofire_rate)
L 02/22/2023 - 19:20:15: [CvarSettings] [c2m1_highway] Could not find CVar specified (l4d_no_bash_kills)
L 02/22/2023 - 19:20:15: [CvarSettings] [c2m1_highway] Could not find CVar specified (common_hits)
L 02/22/2023 - 19:20:15: [CvarSettings] [c2m1_highway] Could not find CVar specified (l4d_global_percent)
L 02/22/2023 - 19:20:15: [CvarSettings] [c2m1_highway] Could not find CVar specified (l4d_tank_percent)
L 02/22/2023 - 19:20:15: [CvarSettings] [c2m1_highway] Could not find CVar specified (l4d_witch_percent)
L 02/22/2023 - 19:20:15: [CvarSettings] [c2m1_highway] Could not find CVar specified (l4d_equalise_alarm_cars)
L 02/22/2023 - 19:20:15: [CvarSettings] [c2m1_highway] Could not find CVar specified (z_leap_interval_post_ledge_hang)
L 02/22/2023 - 19:20:15: [CvarSettings] [c2m1_highway] Could not find CVar specified (l4d_no_propane)
L 02/22/2023 - 19:20:15: [CvarSettings] [c2m1_highway] Could not find CVar specified (l4d_no_oxygen)
L 02/22/2023 - 19:20:15: [CvarSettings] [c2m1_highway] Could not find CVar specified (l4d_si_slowdown)
L 02/22/2023 - 19:20:15: [CvarSettings] [c2m1_highway] Could not find CVar specified (l4d_si_slowdown_tank)
L 02/22/2023 - 19:20:15: [CvarSettings] [c2m1_highway] Could not find CVar specified (l4d_tankdamage_enabled)
L 02/22/2023 - 19:20:15: [CvarSettings] [c2m1_highway] Could not find CVar specified (l4d_tank_props)
L 02/22/2023 - 19:20:15: [CvarSettings] [c2m1_highway] Could not find CVar specified (tpsf_debug_print)
L 02/22/2023 - 19:20:15: [CvarSettings] [c2m1_highway] Could not find CVar specified (bot_kick_delay)
L 02/22/2023 - 19:20:15: [CvarSettings] [c2m1_highway] Could not find CVar specified (gfc_hittable_override)
L 02/22/2023 - 19:20:15: [CvarSettings] [c2m1_highway] Could not find CVar specified (gfc_hittable_rage_override)
L 02/22/2023 - 19:20:15: [CvarSettings] [c2m1_highway] Could not find CVar specified (gfc_witch_override)
L 02/22/2023 - 19:20:15: [CvarSettings] [c2m1_highway] Could not find CVar specified (gfc_spit_extra_time)
L 02/22/2023 - 19:20:15: [CvarSettings] [c2m1_highway] Could not find CVar specified (gfc_common_extra_time)
L 02/22/2023 - 19:20:15: [CvarSettings] [c2m1_highway] Could not find CVar specified (gfc_hunter_duration)
L 02/22/2023 - 19:20:15: [CvarSettings] [c2m1_highway] Could not find CVar specified (gfc_jockey_duration)
L 02/22/2023 - 19:20:15: [CvarSettings] [c2m1_highway] Could not find CVar specified (gfc_smoker_duration)
L 02/22/2023 - 19:20:15: [CvarSettings] [c2m1_highway] Could not find CVar specified (gfc_charger_duration)
L 02/22/2023 - 19:20:15: [CvarSettings] [c2m1_highway] Could not find CVar specified (gfc_common_zc_flags)
L 02/22/2023 - 19:20:15: [CvarSettings] [c2m1_highway] Could not find CVar specified (gfc_spit_zc_flags)
L 02/22/2023 - 19:20:15: [CvarSettings] [c2m1_highway] Could not find CVar specified (gfc_godframe_glows)
L 02/22/2023 - 19:20:15: [CvarSettings] [c2m1_highway] Could not find CVar specified (l4d2_deadstop_penalty)
L 02/22/2023 - 19:20:15: [CvarSettings] [c2m1_highway] Could not find CVar specified (l4d2_spit_dmg)
L 02/22/2023 - 19:20:15: [CvarSettings] [c2m1_highway] Could not find CVar specified (l4d2_spit_alt_dmg)
L 02/22/2023 - 19:20:15: [CvarSettings] [c2m1_highway] Could not find CVar specified (l4d2_spit_max_ticks)
L 02/22/2023 - 19:20:15: [CvarSettings] [c2m1_highway] Could not find CVar specified (l4d2_spit_godframe_ticks)
L 02/22/2023 - 19:20:15: [CvarSettings] [c2m1_highway] Could not find CVar specified (hc_bridge_car_damage)
L 02/22/2023 - 19:20:15: [CvarSettings] [c2m1_highway] Could not find CVar specified (hc_sflog_standing_damage)
L 02/22/2023 - 19:20:15: [CvarSettings] [c2m1_highway] Could not find CVar specified (hc_bhlog_standing_damage)
L 02/22/2023 - 19:20:15: [CvarSettings] [c2m1_highway] Could not find CVar specified (hc_handtruck_standing_damage)
L 02/22/2023 - 19:20:15: [CvarSettings] [c2m1_highway] Could not find CVar specified (hc_car_standing_damage)
L 02/22/2023 - 19:20:15: [CvarSettings] [c2m1_highway] Could not find CVar specified (hc_bumpercar_standing_damage)
L 02/22/2023 - 19:20:15: [CvarSettings] [c2m1_highway] Could not find CVar specified (hc_forklift_standing_damage)
L 02/22/2023 - 19:20:15: [CvarSettings] [c2m1_highway] Could not find CVar specified (hc_dumpster_standing_damage)
L 02/22/2023 - 19:20:15: [CvarSettings] [c2m1_highway] Could not find CVar specified (hc_haybale_standing_damage)
L 02/22/2023 - 19:20:15: [CvarSettings] [c2m1_highway] Could not find CVar specified (hc_baggage_standing_damage)
L 02/22/2023 - 19:20:15: [CvarSettings] [c2m1_highway] Could not find CVar specified (hc_incap_standard_damage)
L 02/22/2023 - 19:20:15: [CvarSettings] [c2m1_highway] Could not find CVar specified (hc_disable_self_damage)
L 02/22/2023 - 19:20:15: [CvarSettings] [c2m1_highway] Could not find CVar specified (hc_overhit_time)
L 02/22/2023 - 19:20:15: [CvarSettings] [c2m1_highway] Could not find CVar specified (sm_skill_report_enable)
L 02/22/2023 - 19:20:15: [CvarSettings] [c2m1_highway] Could not find CVar specified (sm_skill_report_flags)
L 02/22/2023 - 19:20:15: [CvarSettings] [c2m1_highway] Could not find CVar specified (l4d2_block_infected_ff)
L 02/22/2023 - 19:20:15: [CvarSettings] [c2m1_highway] Could not find CVar specified (l4d2_infected_ff_allow_tank)
L 02/22/2023 - 19:20:15: [CvarSettings] [c2m1_highway] Could not find CVar specified (l4d2_infected_ff_block_witch)
L 02/22/2023 - 19:20:15: [CvarSettings] [c2m1_highway] Could not find CVar specified (sm_uncinfblock_enabled)
L 02/22/2023 - 19:20:15: [CvarSettings] [c2m1_highway] Could not find CVar specified (sm_uncinfblock_types)
L 02/22/2023 - 19:20:15: [CvarSettings] [c2m1_highway] Could not find CVar specified (sm_unsilentjockey_enabled)
L 02/22/2023 - 19:20:15: [CvarSettings] [c2m1_highway] Could not find CVar specified (sm_unsilentjockey_always)
L 02/22/2023 - 19:20:15: [CvarSettings] [c2m1_highway] Could not find CVar specified (sm_unsilentjockey_time)
L 02/22/2023 - 19:20:15: [CvarSettings] [c2m1_highway] Could not find CVar specified (sgspread_center_pellet)
L 02/22/2023 - 19:20:15: [CvarSettings] [c2m1_highway] Could not find CVar specified (sgspread_ring1_bullets)
L 02/22/2023 - 19:20:15: [CvarSettings] [c2m1_highway] Could not find CVar specified (sgspread_ring1_factor)
L 02/22/2023 - 19:20:15: [CvarSettings] [c2m1_highway] Could not find CVar specified (l4d_pills_hot)
L 02/22/2023 - 19:20:15: [CvarSettings] [c2m1_highway] Could not find CVar specified (l4d_pills_hot_interval)
L 02/22/2023 - 19:20:15: [CvarSettings] [c2m1_highway] Could not find CVar specified (l4d_pills_hot_increment)
L 02/22/2023 - 19:20:15: [CvarSettings] [c2m1_highway] Could not find CVar specified (l4d_pills_hot_total)
L 02/22/2023 - 19:20:15: [CvarSettings] [c2m1_highway] Could not find CVar specified (l4d_adrenaline_hot)
L 02/22/2023 - 19:20:15: [CvarSettings] [c2m1_highway] Could not find CVar specified (l4d_adrenaline_hot_interval)
L 02/22/2023 - 19:20:15: [CvarSettings] [c2m1_highway] Could not find CVar specified (l4d_adrenaline_hot_increment)
L 02/22/2023 - 19:20:15: [CvarSettings] [c2m1_highway] Could not find CVar specified (l4d_adrenaline_hot_total)
L 02/22/2023 - 19:20:15: [CvarSettings] [c2m1_highway] Could not find CVar specified (sm_allowed_lerp_changes)
L 02/22/2023 - 19:20:15: [CvarSettings] [c2m1_highway] Could not find CVar specified (sm_lerp_change_spec)
L 02/22/2023 - 19:20:15: [CvarSettings] [c2m1_highway] Could not find CVar specified (sm_readyup_lerp_changes)
L 02/22/2023 - 19:20:15: [CvarSettings] [c2m1_highway] Could not find CVar specified (sm_min_lerp)
L 02/22/2023 - 19:20:15: [CvarSettings] [c2m1_highway] Could not find CVar specified (sm_max_lerp)
L 02/22/2023 - 19:20:15: [CvarSettings] [c2m1_highway] Could not find CVar specified (infected_fire_immunity)
L 02/22/2023 - 19:20:15: [CvarSettings] [c2m1_highway] Could not find CVar specified (starting_item_flags)
L 02/22/2023 - 19:20:15: [CvarSettings] [c2m1_highway] Could not find CVar specified (tank_print_type)
L 02/22/2023 - 19:50:02: [CvarSettings] [c2m1_highway] Could not find CVar specified (l4d_ready_warp_team)
L 02/22/2023 - 19:50:02: [CvarSettings] [c2m1_highway] Could not find CVar specified (confogl_boss_unprohibit)
L 02/22/2023 - 19:50:02: [CvarSettings] [c2m1_highway] Could not find CVar specified (confogl_ghost_warp)
L 02/22/2023 - 19:50:02: [CvarSettings] [c2m1_highway] Could not find CVar specified (confogl_ghost_warp_reload)
L 02/22/2023 - 19:50:02: [CvarSettings] [c2m1_highway] Could not find CVar specified (tankcontrol_print_all)
L 02/22/2023 - 19:50:02: [CvarSettings] [c2m1_highway] Could not find CVar specified (sm_survivor_mvp_brevity)
L 02/22/2023 - 19:50:02: [CvarSettings] [c2m1_highway] Could not find CVar specified (sm_stats_autoprint_vs_round)
L 02/22/2023 - 19:50:02: [CvarSettings] [c2m1_highway] Could not find CVar specified (SM_enable)
L 02/22/2023 - 19:50:02: [CvarSettings] [c2m1_highway] Could not find CVar specified (SM_healthbonusratio)
L 02/22/2023 - 19:50:02: [CvarSettings] [c2m1_highway] Could not find CVar specified (SM_survivalbonusratio)
L 02/22/2023 - 19:50:02: [CvarSettings] [c2m1_highway] Could not find CVar specified (SM_tempmulti_incap_0)
L 02/22/2023 - 19:50:02: [CvarSettings] [c2m1_highway] Could not find CVar specified (SM_tempmulti_incap_1)
L 02/22/2023 - 19:50:02: [CvarSettings] [c2m1_highway] Could not find CVar specified (SM_tempmulti_incap_2)
L 02/22/2023 - 19:50:02: [CvarSettings] [c2m1_highway] Could not find CVar specified (SM_first_aid_heal_percent)
L 02/22/2023 - 19:50:02: [CvarSettings] [c2m1_highway] Could not find CVar specified (SM_pain_pills_health_value)
L 02/22/2023 - 19:50:02: [CvarSettings] [c2m1_highway] Could not find CVar specified (SM_adrenaline_health_buffer)
L 02/22/2023 - 19:50:02: [CvarSettings] [c2m1_highway] Could not find CVar specified (SM_mapmulti)
L 02/22/2023 - 19:50:02: [CvarSettings] [c2m1_highway] Could not find CVar specified (SM_custommaxdistance)
L 02/22/2023 - 19:50:02: [CvarSettings] [c2m1_highway] Could not find CVar specified (sm_hbonus_pointsmode)
L 02/22/2023 - 19:50:02: [CvarSettings] [c2m1_highway] Could not find CVar specified (sm_hbonus_report)
L 02/22/2023 - 19:50:02: [CvarSettings] [c2m1_highway] Could not find CVar specified (sm_pbonus_reportchanges)
L 02/22/2023 - 19:50:02: [CvarSettings] [c2m1_highway] Could not find CVar specified (sm_pbonus_display)
L 02/22/2023 - 19:50:02: [CvarSettings] [c2m1_highway] Could not find CVar specified (sm_simple_witch_bonus)
L 02/22/2023 - 19:50:02: [CvarSettings] [c2m1_highway] Could not find CVar specified (sm_witch_bonus_print)
L 02/22/2023 - 19:50:02: [CvarSettings] [c2m1_highway] Could not find CVar specified (sm_witch_bonus_always)
L 02/22/2023 - 19:50:02: [CvarSettings] [c2m1_highway] Could not find CVar specified (sm_hbonus_configpath)
L 02/22/2023 - 19:50:02: [CvarSettings] [c2m1_highway] Could not find CVar specified (chestbump_patch_enabled)
L 02/22/2023 - 19:50:02: [CvarSettings] [c2m1_highway] Attempt to track ConVar jockey_bunny_duration, which is already being tracked.
L 02/22/2023 - 19:50:02: [CvarSettings] [c2m1_highway] Could not find CVar specified (l4d_obey_boss_spawn_cvars)
L 02/22/2023 - 19:50:02: [CvarSettings] [c2m1_highway] Could not find CVar specified (l4d_obey_boss_spawn_except_static)
L 02/22/2023 - 19:50:02: [CvarSettings] [c2m1_highway] Could not find CVar specified (gfc_hittable_override)
L 02/22/2023 - 19:50:02: [CvarSettings] [c2m1_highway] Could not find CVar specified (gfc_hittable_rage_override)
L 02/22/2023 - 19:50:02: [CvarSettings] [c2m1_highway] Could not find CVar specified (gfc_witch_override)
L 02/22/2023 - 19:50:02: [CvarSettings] [c2m1_highway] Could not find CVar specified (gfc_spit_extra_time)
L 02/22/2023 - 19:50:02: [CvarSettings] [c2m1_highway] Could not find CVar specified (gfc_common_extra_time)
L 02/22/2023 - 19:50:02: [CvarSettings] [c2m1_highway] Could not find CVar specified (gfc_hunter_duration)
L 02/22/2023 - 19:50:02: [CvarSettings] [c2m1_highway] Could not find CVar specified (gfc_jockey_duration)
L 02/22/2023 - 19:50:02: [CvarSettings] [c2m1_highway] Could not find CVar specified (gfc_smoker_duration)
L 02/22/2023 - 19:50:02: [CvarSettings] [c2m1_highway] Could not find CVar specified (gfc_charger_duration)
L 02/22/2023 - 19:50:02: [CvarSettings] [c2m1_highway] Could not find CVar specified (gfc_common_zc_flags)
L 02/22/2023 - 19:50:02: [CvarSettings] [c2m1_highway] Could not find CVar specified (gfc_spit_zc_flags)
L 02/22/2023 - 19:50:02: [CvarSettings] [c2m1_highway] Could not find CVar specified (gfc_godframe_glows)
L 02/22/2023 - 21:54:37: [CvarSettings] [c2m1_highway] Could not find CVar specified (l4d_ready_warp_team)
L 02/22/2023 - 21:54:37: [CvarSettings] [c2m1_highway] Could not find CVar specified (confogl_boss_unprohibit)
L 02/22/2023 - 21:54:37: [CvarSettings] [c2m1_highway] Could not find CVar specified (confogl_ghost_warp)
L 02/22/2023 - 21:54:37: [CvarSettings] [c2m1_highway] Could not find CVar specified (confogl_ghost_warp_reload)
L 02/22/2023 - 21:54:37: [CvarSettings] [c2m1_highway] Could not find CVar specified (tankcontrol_print_all)
L 02/22/2023 - 21:54:37: [CvarSettings] [c2m1_highway] Could not find CVar specified (sm_survivor_mvp_brevity)
L 02/22/2023 - 21:54:37: [CvarSettings] [c2m1_highway] Could not find CVar specified (SM_enable)
L 02/22/2023 - 21:54:37: [CvarSettings] [c2m1_highway] Could not find CVar specified (SM_healthbonusratio)
L 02/22/2023 - 21:54:37: [CvarSettings] [c2m1_highway] Could not find CVar specified (SM_survivalbonusratio)
L 02/22/2023 - 21:54:37: [CvarSettings] [c2m1_highway] Could not find CVar specified (SM_tempmulti_incap_0)
L 02/22/2023 - 21:54:37: [CvarSettings] [c2m1_highway] Could not find CVar specified (SM_tempmulti_incap_1)
L 02/22/2023 - 21:54:37: [CvarSettings] [c2m1_highway] Could not find CVar specified (SM_tempmulti_incap_2)
L 02/22/2023 - 21:54:37: [CvarSettings] [c2m1_highway] Could not find CVar specified (SM_first_aid_heal_percent)
L 02/22/2023 - 21:54:37: [CvarSettings] [c2m1_highway] Could not find CVar specified (SM_pain_pills_health_value)
L 02/22/2023 - 21:54:37: [CvarSettings] [c2m1_highway] Could not find CVar specified (SM_adrenaline_health_buffer)
L 02/22/2023 - 21:54:37: [CvarSettings] [c2m1_highway] Could not find CVar specified (SM_mapmulti)
L 02/22/2023 - 21:54:37: [CvarSettings] [c2m1_highway] Could not find CVar specified (SM_custommaxdistance)
L 02/22/2023 - 21:54:37: [CvarSettings] [c2m1_highway] Could not find CVar specified (chestbump_patch_enabled)
L 02/22/2023 - 21:54:37: [CvarSettings] [c2m1_highway] Attempt to track ConVar jockey_bunny_duration, which is already being tracked.
