L 12/31/2022 - 01:12:27: [CvarSettings] [c8m5_rooftop] Could not find CVar specified (confogl_boss_unprohibit)
L 12/31/2022 - 01:12:27: [CvarSettings] [c8m5_rooftop] Attempt to track ConVar confogl_pills_limit, which is already being tracked.
L 12/31/2022 - 01:12:27: [CvarSettings] [c8m5_rooftop] Could not find CVar specified (l4d2_MITSR_Pitchfork)
L 12/31/2022 - 01:12:27: [CvarSettings] [c8m5_rooftop] Could not find CVar specified (l4d2_MITSR_Shovel)
L 12/31/2022 - 01:19:56: [CvarSettings] [c8m5_rooftop] Could not find CVar specified (confogl_boss_unprohibit)
L 12/31/2022 - 01:19:56: [CvarSettings] [c8m5_rooftop] Attempt to track ConVar confogl_pills_limit, which is already being tracked.
L 12/31/2022 - 01:19:56: [CvarSettings] [c8m5_rooftop] Could not find CVar specified (l4d2_MITSR_Pitchfork)
L 12/31/2022 - 01:19:56: [CvarSettings] [c8m5_rooftop] Could not find CVar specified (l4d2_MITSR_Shovel)
L 12/31/2022 - 01:26:24: [CvarSettings] [c8m5_rooftop] Could not find CVar specified (confogl_boss_unprohibit)
L 12/31/2022 - 01:26:24: [CvarSettings] [c8m5_rooftop] Attempt to track ConVar confogl_pills_limit, which is already being tracked.
L 12/31/2022 - 01:26:24: [CvarSettings] [c8m5_rooftop] Could not find CVar specified (l4d2_MITSR_Pitchfork)
L 12/31/2022 - 01:26:24: [CvarSettings] [c8m5_rooftop] Could not find CVar specified (l4d2_MITSR_Shovel)
L 12/31/2022 - 14:17:21: [CvarSettings] [c2m1_highway] Could not find CVar specified (confogl_boss_unprohibit)
L 12/31/2022 - 15:33:18: [CvarSettings] [c2m1_highway] Could not find CVar specified (confogl_boss_unprohibit)
L 12/31/2022 - 15:33:18: [CvarSettings] [c2m1_highway] Attempt to track ConVar confogl_pills_limit, which is already being tracked.
L 12/31/2022 - 15:33:18: [CvarSettings] [c2m1_highway] Could not find CVar specified (l4d2_MITSR_Pitchfork)
L 12/31/2022 - 15:33:18: [CvarSettings] [c2m1_highway] Could not find CVar specified (l4d2_MITSR_Shovel)
L 12/31/2022 - 15:36:41: [CvarSettings] [c2m1_highway] Could not find CVar specified (confogl_boss_unprohibit)
L 12/31/2022 - 15:42:37: [CvarSettings] [c8m5_rooftop] Could not find CVar specified (confogl_boss_unprohibit)
L 12/31/2022 - 15:42:37: [CvarSettings] [c8m5_rooftop] Attempt to track ConVar confogl_pills_limit, which is already being tracked.
L 12/31/2022 - 15:42:37: [CvarSettings] [c8m5_rooftop] Could not find CVar specified (l4d2_MITSR_Pitchfork)
L 12/31/2022 - 15:42:37: [CvarSettings] [c8m5_rooftop] Could not find CVar specified (l4d2_MITSR_Shovel)
L 12/31/2022 - 15:45:21: [CvarSettings] [c8m5_rooftop] Could not find CVar specified (confogl_boss_unprohibit)
L 12/31/2022 - 15:45:21: [CvarSettings] [c8m5_rooftop] Attempt to track ConVar confogl_pills_limit, which is already being tracked.
L 12/31/2022 - 15:45:21: [CvarSettings] [c8m5_rooftop] Could not find CVar specified (confogl_medkit_limit)
L 12/31/2022 - 15:45:21: [CvarSettings] [c8m5_rooftop] Could not find CVar specified (l4d2_MITSR_Pitchfork)
L 12/31/2022 - 15:45:21: [CvarSettings] [c8m5_rooftop] Could not find CVar specified (l4d2_MITSR_Shovel)
L 12/31/2022 - 15:46:49: [CvarSettings] [c8m5_rooftop] Could not find CVar specified (confogl_boss_unprohibit)
L 12/31/2022 - 15:46:49: [CvarSettings] [c8m5_rooftop] Could not find CVar specified (confogl_medkit_limit)
L 12/31/2022 - 15:46:49: [CvarSettings] [c8m5_rooftop] Could not find CVar specified (l4d2_MITSR_Pitchfork)
L 12/31/2022 - 15:46:49: [CvarSettings] [c8m5_rooftop] Could not find CVar specified (l4d2_MITSR_Shovel)
L 12/31/2022 - 15:54:16: [CvarSettings] [c2m1_highway] Could not find CVar specified (confogl_boss_unprohibit)
L 12/31/2022 - 15:57:38: [CvarSettings] [c2m1_highway] Could not find CVar specified (confogl_boss_unprohibit)
L 12/31/2022 - 15:57:38: [CvarSettings] [c2m1_highway] Could not find CVar specified (l4d2_specting_cheat_default_valve)
L 12/31/2022 - 15:57:38: [CvarSettings] [c2m1_highway] Attempt to track ConVar sm_pauselimit, which is already being tracked.
L 12/31/2022 - 16:07:52: [Configs] [c2m1_highway] Custom config directory addons/sourcemod/../../cfg/cfgogl/NeoMod does not exist!
L 12/31/2022 - 16:08:11: [CvarSettings] [c2m1_highway] Could not find CVar specified (confogl_boss_unprohibit)
L 12/31/2022 - 16:12:57: [CvarSettings] [c2m1_highway] Could not find CVar specified (confogl_boss_unprohibit)
L 12/31/2022 - 16:17:47: [CvarSettings] [c8m5_rooftop] Could not find CVar specified (confogl_boss_unprohibit)
L 12/31/2022 - 16:17:47: [CvarSettings] [c8m5_rooftop] Could not find CVar specified (confogl_ghost_warp)
L 12/31/2022 - 16:17:47: [CvarSettings] [c8m5_rooftop] Attempt to track ConVar starting_item_flags, which is already being tracked.
L 12/31/2022 - 16:17:47: [CvarSettings] [c8m5_rooftop] Could not find CVar specified (l4d2_MITSR_Pitchfork)
L 12/31/2022 - 16:17:47: [CvarSettings] [c8m5_rooftop] Could not find CVar specified (l4d2_MITSR_Shovel)
L 12/31/2022 - 16:18:22: [CvarSettings] [c8m5_rooftop] Could not find CVar specified (confogl_boss_unprohibit)
L 12/31/2022 - 16:18:22: [CvarSettings] [c8m5_rooftop] Could not find CVar specified (confogl_medkit_limit)
L 12/31/2022 - 16:18:22: [CvarSettings] [c8m5_rooftop] Could not find CVar specified (l4d2_MITSR_Pitchfork)
L 12/31/2022 - 16:18:22: [CvarSettings] [c8m5_rooftop] Could not find CVar specified (l4d2_MITSR_Shovel)
L 12/31/2022 - 16:44:06: [CvarSettings] [c2m1_highway] Could not find CVar specified (confogl_boss_unprohibit)
L 12/31/2022 - 17:21:27: [CvarSettings] [c2m1_highway] Could not find CVar specified (teamflip_delay)
L 12/31/2022 - 17:21:27: [CvarSettings] [c2m1_highway] Could not find CVar specified (confogl_boss_unprohibit)
L 12/31/2022 - 17:21:27: [CvarSettings] [c2m1_highway] Could not find CVar specified (confogl_ghost_warp)
L 12/31/2022 - 17:21:27: [CvarSettings] [c2m1_highway] Could not find CVar specified (tankcontrol_print_all)
L 12/31/2022 - 17:21:27: [CvarSettings] [c2m1_highway] Could not find CVar specified (confogl_limit_sniper)
L 12/31/2022 - 17:21:27: [CvarSettings] [c2m1_highway] Could not find CVar specified (wdp_minimum_damage)
L 12/31/2022 - 17:21:27: [CvarSettings] [c2m1_highway] Could not find CVar specified (sm_skill_report_flags)
L 12/31/2022 - 17:21:27: [CvarSettings] [c2m1_highway] Attempt to track ConVar versus_marker_num, which is already being tracked.
L 12/31/2022 - 17:21:27: [CvarSettings] [c2m1_highway] Could not find CVar specified (l4d2_meleecontrol_enable)
L 12/31/2022 - 17:21:27: [CvarSettings] [c2m1_highway] Could not find CVar specified (l4d2_meleecontrol_melee_penalty)
L 12/31/2022 - 17:21:27: [CvarSettings] [c2m1_highway] Could not find CVar specified (l4d_obey_boss_spawn_cvars)
L 12/31/2022 - 17:21:27: [CvarSettings] [c2m1_highway] Could not find CVar specified (l4d_obey_boss_spawn_except_static)
L 12/31/2022 - 17:21:27: [CvarSettings] [c2m1_highway] Could not find CVar specified (autopause_enable)
L 12/31/2022 - 17:21:27: [CvarSettings] [c2m1_highway] Could not find CVar specified (autopause_force)
L 12/31/2022 - 17:21:27: [CvarSettings] [c2m1_highway] Could not find CVar specified (autopause_apdebug)
L 12/31/2022 - 17:21:27: [CvarSettings] [c2m1_highway] Could not find CVar specified (gfc_hittable_override)
L 12/31/2022 - 17:21:27: [CvarSettings] [c2m1_highway] Could not find CVar specified (gfc_witch_override)
L 12/31/2022 - 17:21:27: [CvarSettings] [c2m1_highway] Could not find CVar specified (gfc_common_extra_time)
L 12/31/2022 - 17:21:27: [CvarSettings] [c2m1_highway] Could not find CVar specified (gfc_hunter_duration)
L 12/31/2022 - 17:21:27: [CvarSettings] [c2m1_highway] Could not find CVar specified (l4d2_slowdown_gunfire_si)
L 12/31/2022 - 17:21:27: [CvarSettings] [c2m1_highway] Could not find CVar specified (l4d2_slowdown_gunfire_tank)
L 12/31/2022 - 17:21:27: [CvarSettings] [c2m1_highway] Could not find CVar specified (l4d2_slowdown_water_tank)
L 12/31/2022 - 17:21:27: [CvarSettings] [c2m1_highway] Could not find CVar specified (l4d2_slowdown_water_survivors)
L 12/31/2022 - 17:21:27: [CvarSettings] [c2m1_highway] Could not find CVar specified (l4d2_slowdown_water_survivors_during_tank)
L 12/31/2022 - 17:21:27: [CvarSettings] [c2m1_highway] Could not find CVar specified (l4d2_slowdown_crouch_speed_mod)
L 12/31/2022 - 17:21:27: [CvarSettings] [c2m1_highway] Attempt to track ConVar sm_skill_report_enable, which is already being tracked.
L 12/31/2022 - 17:21:27: [CvarSettings] [c2m1_highway] Could not find CVar specified (sm_skill_report_flags)
L 12/31/2022 - 23:35:28: [CvarSettings] [c2m1_highway] Could not find CVar specified (confogl_boss_unprohibit)
L 12/31/2022 - 23:35:28: [CvarSettings] [c2m1_highway] Could not find CVar specified (confogl_medkit_limit)
L 12/31/2022 - 23:35:28: [CvarSettings] [c2m1_highway] Could not find CVar specified (bot_kick_delay)
L 12/31/2022 - 23:35:28: [CvarSettings] [c2m1_highway] Could not find CVar specified (l4d2_MITSR_Pitchfork)
L 12/31/2022 - 23:35:28: [CvarSettings] [c2m1_highway] Could not find CVar specified (l4d2_MITSR_Shovel)
