L 01/29/2023 - 18:45:45: [CvarSettings] [c2m1_highway] Could not find CVar specified (confogl_boss_unprohibit)
L 01/29/2023 - 18:45:45: [CvarSettings] [c2m1_highway] Attempt to track ConVar z_ghost_delay_max, which is already being tracked.
L 01/29/2023 - 18:45:45: [CvarSettings] [c2m1_highway] Could not find CVar specified (rpg_allow_glow)
L 01/29/2023 - 18:45:45: [CvarSettings] [c2m1_highway] Could not find CVar specified (join_autoupdate)
L 01/29/2023 - 18:46:37: [CvarSettings] [c2m1_highway] Could not find CVar specified (confogl_boss_unprohibit)
L 01/29/2023 - 18:46:37: [CvarSettings] [c2m1_highway] Attempt to track ConVar confogl_pills_limit, which is already being tracked.
L 01/29/2023 - 18:46:37: [CvarSettings] [c2m1_highway] Could not find CVar specified (l4d2_MITSR_Pitchfork)
L 01/29/2023 - 18:46:37: [CvarSettings] [c2m1_highway] Could not find CVar specified (l4d2_MITSR_Shovel)
L 01/29/2023 - 18:46:37: [CvarSettings] [c2m1_highway] Attempt to track ConVar z_ghost_delay_max, which is already being tracked.
L 01/29/2023 - 18:46:37: [CvarSettings] [c2m1_highway] Attempt to track ConVar z_jockey_ride_damage, which is already being tracked.
L 01/29/2023 - 18:46:37: [CvarSettings] [c2m1_highway] Attempt to track ConVar z_jockey_ride_damage_interval, which is already being tracked.
L 01/29/2023 - 18:46:37: [CvarSettings] [c2m1_highway] Attempt to track ConVar tongue_choke_damage_amount, which is already being tracked.
L 01/29/2023 - 18:46:37: [CvarSettings] [c2m1_highway] Could not find CVar specified (rpg_allow_glow)
L 01/29/2023 - 18:46:37: [CvarSettings] [c2m1_highway] Could not find CVar specified (join_autoupdate)
L 01/29/2023 - 22:03:59: [CvarSettings] [c2m1_highway] Could not find CVar specified (confogl_boss_unprohibit)
L 01/29/2023 - 22:03:59: [CvarSettings] [c2m1_highway] Could not find CVar specified (sm_survivor_mvp_brevity_latest)
L 01/29/2023 - 22:03:59: [CvarSettings] [c2m1_highway] Could not find CVar specified (sm_stats_autoprint_vs_round)
L 01/29/2023 - 22:03:59: [CvarSettings] [c2m1_highway] Attempt to track ConVar z_ghost_delay_max, which is already being tracked.
L 01/29/2023 - 22:03:59: [CvarSettings] [c2m1_highway] Could not find CVar specified (rpg_allow_glow)
L 01/29/2023 - 22:03:59: [CvarSettings] [c2m1_highway] Could not find CVar specified (join_autoupdate)
