L 12/30/2022 - 12:17:11: [CvarSettings] [c2m1_highway] Could not find CVar specified (confogl_boss_unprohibit)
L 12/30/2022 - 12:17:11: [CvarSettings] [c2m1_highway] Attempt to track ConVar confogl_pills_limit, which is already being tracked.
L 12/30/2022 - 12:17:11: [CvarSettings] [c2m1_highway] Could not find CVar specified (l4d2_MITSR_Pitchfork)
L 12/30/2022 - 12:17:11: [CvarSettings] [c2m1_highway] Could not find CVar specified (l4d2_MITSR_Shovel)
L 12/30/2022 - 15:31:37: [CvarSettings] [c8m5_rooftop] Could not find CVar specified (confogl_boss_unprohibit)
L 12/30/2022 - 15:31:37: [CvarSettings] [c8m5_rooftop] Could not find CVar specified (confogl_ghost_warp)
L 12/30/2022 - 15:31:37: [CvarSettings] [c8m5_rooftop] Could not find CVar specified (tankcontrol_print_all)
L 12/30/2022 - 15:31:37: [CvarSettings] [c8m5_rooftop] Could not find CVar specified (sm_tank_can_spawn)
L 12/30/2022 - 15:31:37: [CvarSettings] [c8m5_rooftop] Could not find CVar specified (sm_witch_can_spawn)
L 12/30/2022 - 15:31:37: [CvarSettings] [c8m5_rooftop] Could not find CVar specified (l4d_global_percent)
L 12/30/2022 - 15:31:37: [CvarSettings] [c8m5_rooftop] Could not find CVar specified (l4d_tank_percent)
L 12/30/2022 - 15:31:37: [CvarSettings] [c8m5_rooftop] Could not find CVar specified (l4d_witch_percent)
L 12/30/2022 - 15:31:37: [CvarSettings] [c8m5_rooftop] Could not find CVar specified (l4d_boss_vote)
L 12/30/2022 - 15:31:37: [CvarSettings] [c8m5_rooftop] Attempt to track ConVar starting_item_flags, which is already being tracked.
L 12/30/2022 - 15:31:37: [CvarSettings] [c8m5_rooftop] Could not find CVar specified (l4d2_MITSR_Pitchfork)
L 12/30/2022 - 15:31:37: [CvarSettings] [c8m5_rooftop] Could not find CVar specified (l4d2_MITSR_Shovel)
L 12/30/2022 - 16:09:32: [CvarSettings] [c8m5_rooftop] Could not find CVar specified (confogl_boss_unprohibit)
L 12/30/2022 - 16:09:32: [CvarSettings] [c8m5_rooftop] Could not find CVar specified (confogl_medkit_limit)
L 12/30/2022 - 16:09:32: [CvarSettings] [c8m5_rooftop] Could not find CVar specified (l4d2_MITSR_Pitchfork)
L 12/30/2022 - 16:09:32: [CvarSettings] [c8m5_rooftop] Could not find CVar specified (l4d2_MITSR_Shovel)
