L 01/02/2023 - 03:16:10: [CvarSettings] [c2m1_highway] Could not find CVar specified (l4d_ready_survivor_freeze)
L 01/02/2023 - 03:16:10: [CvarSettings] [c2m1_highway] Could not find CVar specified (l4d_ready_warp_team)
L 01/02/2023 - 03:16:10: [CvarSettings] [c2m1_highway] Could not find CVar specified (l4d_ready_enable_sound)
L 01/02/2023 - 03:16:10: [CvarSettings] [c2m1_highway] Could not find CVar specified (l4d_ready_chuckle)
L 01/02/2023 - 03:16:10: [CvarSettings] [c2m1_highway] Could not find CVar specified (l4d_ready_live_sound)
L 01/02/2023 - 03:16:10: [CvarSettings] [c2m1_highway] Could not find CVar specified (confogl_boss_unprohibit)
L 01/02/2023 - 03:16:10: [CvarSettings] [c2m1_highway] Could not find CVar specified (confogl_ghost_warp)
L 01/02/2023 - 03:16:10: [CvarSettings] [c2m1_highway] Could not find CVar specified (confogl_ghost_warp_reload)
L 01/02/2023 - 03:16:10: [CvarSettings] [c2m1_highway] Could not find CVar specified (tankcontrol_print_all)
L 01/02/2023 - 03:16:10: [CvarSettings] [c2m1_highway] Could not find CVar specified (sm_survivor_mvp_brevity)
L 01/02/2023 - 03:16:10: [CvarSettings] [c2m1_highway] Could not find CVar specified (sm_stats_autoprint_vs_round)
L 01/02/2023 - 03:16:10: [CvarSettings] [c2m1_highway] Could not find CVar specified (SM_enable)
L 01/02/2023 - 03:16:10: [CvarSettings] [c2m1_highway] Could not find CVar specified (SM_healthbonusratio)
L 01/02/2023 - 03:16:10: [CvarSettings] [c2m1_highway] Could not find CVar specified (SM_survivalbonusratio)
L 01/02/2023 - 03:16:10: [CvarSettings] [c2m1_highway] Could not find CVar specified (SM_tempmulti_incap_0)
L 01/02/2023 - 03:16:10: [CvarSettings] [c2m1_highway] Could not find CVar specified (SM_tempmulti_incap_1)
L 01/02/2023 - 03:16:10: [CvarSettings] [c2m1_highway] Could not find CVar specified (SM_tempmulti_incap_2)
L 01/02/2023 - 03:16:10: [CvarSettings] [c2m1_highway] Could not find CVar specified (SM_first_aid_heal_percent)
L 01/02/2023 - 03:16:10: [CvarSettings] [c2m1_highway] Could not find CVar specified (SM_pain_pills_health_value)
L 01/02/2023 - 03:16:10: [CvarSettings] [c2m1_highway] Could not find CVar specified (SM_adrenaline_health_buffer)
L 01/02/2023 - 03:16:10: [CvarSettings] [c2m1_highway] Could not find CVar specified (SM_mapmulti)
L 01/02/2023 - 03:16:10: [CvarSettings] [c2m1_highway] Could not find CVar specified (SM_custommaxdistance)
L 01/02/2023 - 03:16:10: [CvarSettings] [c2m1_highway] Could not find CVar specified (sm_hbonus_pointsmode)
L 01/02/2023 - 03:16:10: [CvarSettings] [c2m1_highway] Could not find CVar specified (sm_hbonus_report)
L 01/02/2023 - 03:16:10: [CvarSettings] [c2m1_highway] Could not find CVar specified (sm_pbonus_reportchanges)
L 01/02/2023 - 03:16:10: [CvarSettings] [c2m1_highway] Could not find CVar specified (sm_pbonus_display)
L 01/02/2023 - 03:16:10: [CvarSettings] [c2m1_highway] Could not find CVar specified (sm_simple_witch_bonus)
L 01/02/2023 - 03:16:10: [CvarSettings] [c2m1_highway] Could not find CVar specified (sm_witch_bonus_print)
L 01/02/2023 - 03:16:10: [CvarSettings] [c2m1_highway] Could not find CVar specified (sm_witch_bonus_always)
L 01/02/2023 - 03:16:10: [CvarSettings] [c2m1_highway] Could not find CVar specified (sm_hbonus_configpath)
L 01/02/2023 - 03:16:10: [CvarSettings] [c2m1_highway] Could not find CVar specified (chestbump_patch_enabled)
L 01/02/2023 - 03:16:10: [CvarSettings] [c2m1_highway] Attempt to track ConVar jockey_bunny_duration, which is already being tracked.
L 01/02/2023 - 03:16:10: [CvarSettings] [c2m1_highway] Could not find CVar specified (l4d_obey_boss_spawn_cvars)
L 01/02/2023 - 03:16:10: [CvarSettings] [c2m1_highway] Could not find CVar specified (l4d_obey_boss_spawn_except_static)
L 01/02/2023 - 03:16:10: [CvarSettings] [c2m1_highway] Could not find CVar specified (gfc_hittable_override)
L 01/02/2023 - 03:16:10: [CvarSettings] [c2m1_highway] Could not find CVar specified (gfc_hittable_rage_override)
L 01/02/2023 - 03:16:10: [CvarSettings] [c2m1_highway] Could not find CVar specified (gfc_witch_override)
L 01/02/2023 - 03:16:10: [CvarSettings] [c2m1_highway] Could not find CVar specified (gfc_spit_extra_time)
L 01/02/2023 - 03:16:10: [CvarSettings] [c2m1_highway] Could not find CVar specified (gfc_common_extra_time)
L 01/02/2023 - 03:16:10: [CvarSettings] [c2m1_highway] Could not find CVar specified (gfc_hunter_duration)
L 01/02/2023 - 03:16:10: [CvarSettings] [c2m1_highway] Could not find CVar specified (gfc_jockey_duration)
L 01/02/2023 - 03:16:10: [CvarSettings] [c2m1_highway] Could not find CVar specified (gfc_smoker_duration)
L 01/02/2023 - 03:16:10: [CvarSettings] [c2m1_highway] Could not find CVar specified (gfc_charger_duration)
L 01/02/2023 - 03:16:10: [CvarSettings] [c2m1_highway] Could not find CVar specified (gfc_common_zc_flags)
L 01/02/2023 - 03:16:10: [CvarSettings] [c2m1_highway] Could not find CVar specified (gfc_spit_zc_flags)
L 01/02/2023 - 03:16:10: [CvarSettings] [c2m1_highway] Could not find CVar specified (gfc_godframe_glows)
L 01/02/2023 - 03:21:47: [CvarSettings] [c2m1_highway] Could not find CVar specified (l4d_ready_survivor_freeze)
L 01/02/2023 - 03:21:47: [CvarSettings] [c2m1_highway] Could not find CVar specified (l4d_ready_warp_team)
L 01/02/2023 - 03:21:47: [CvarSettings] [c2m1_highway] Could not find CVar specified (l4d_ready_enable_sound)
L 01/02/2023 - 03:21:47: [CvarSettings] [c2m1_highway] Could not find CVar specified (l4d_ready_chuckle)
L 01/02/2023 - 03:21:47: [CvarSettings] [c2m1_highway] Could not find CVar specified (l4d_ready_live_sound)
L 01/02/2023 - 03:21:47: [CvarSettings] [c2m1_highway] Could not find CVar specified (confogl_boss_unprohibit)
L 01/02/2023 - 03:21:47: [CvarSettings] [c2m1_highway] Could not find CVar specified (confogl_ghost_warp)
L 01/02/2023 - 03:21:47: [CvarSettings] [c2m1_highway] Could not find CVar specified (confogl_ghost_warp_reload)
L 01/02/2023 - 03:21:47: [CvarSettings] [c2m1_highway] Could not find CVar specified (tankcontrol_print_all)
L 01/02/2023 - 03:21:47: [CvarSettings] [c2m1_highway] Could not find CVar specified (sm_survivor_mvp_brevity)
L 01/02/2023 - 03:21:47: [CvarSettings] [c2m1_highway] Could not find CVar specified (sm_stats_autoprint_vs_round)
L 01/02/2023 - 03:21:47: [CvarSettings] [c2m1_highway] Could not find CVar specified (SM_enable)
L 01/02/2023 - 03:21:47: [CvarSettings] [c2m1_highway] Could not find CVar specified (SM_healthbonusratio)
L 01/02/2023 - 03:21:47: [CvarSettings] [c2m1_highway] Could not find CVar specified (SM_survivalbonusratio)
L 01/02/2023 - 03:21:47: [CvarSettings] [c2m1_highway] Could not find CVar specified (SM_tempmulti_incap_0)
L 01/02/2023 - 03:21:47: [CvarSettings] [c2m1_highway] Could not find CVar specified (SM_tempmulti_incap_1)
L 01/02/2023 - 03:21:47: [CvarSettings] [c2m1_highway] Could not find CVar specified (SM_tempmulti_incap_2)
L 01/02/2023 - 03:21:47: [CvarSettings] [c2m1_highway] Could not find CVar specified (SM_first_aid_heal_percent)
L 01/02/2023 - 03:21:47: [CvarSettings] [c2m1_highway] Could not find CVar specified (SM_pain_pills_health_value)
L 01/02/2023 - 03:21:47: [CvarSettings] [c2m1_highway] Could not find CVar specified (SM_adrenaline_health_buffer)
L 01/02/2023 - 03:21:47: [CvarSettings] [c2m1_highway] Could not find CVar specified (SM_mapmulti)
L 01/02/2023 - 03:21:47: [CvarSettings] [c2m1_highway] Could not find CVar specified (SM_custommaxdistance)
L 01/02/2023 - 03:21:47: [CvarSettings] [c2m1_highway] Could not find CVar specified (sm_hbonus_pointsmode)
L 01/02/2023 - 03:21:47: [CvarSettings] [c2m1_highway] Could not find CVar specified (sm_hbonus_report)
L 01/02/2023 - 03:21:47: [CvarSettings] [c2m1_highway] Could not find CVar specified (sm_pbonus_reportchanges)
L 01/02/2023 - 03:21:47: [CvarSettings] [c2m1_highway] Could not find CVar specified (sm_pbonus_display)
L 01/02/2023 - 03:21:47: [CvarSettings] [c2m1_highway] Could not find CVar specified (sm_simple_witch_bonus)
L 01/02/2023 - 03:21:47: [CvarSettings] [c2m1_highway] Could not find CVar specified (sm_witch_bonus_print)
L 01/02/2023 - 03:21:47: [CvarSettings] [c2m1_highway] Could not find CVar specified (sm_witch_bonus_always)
L 01/02/2023 - 03:21:47: [CvarSettings] [c2m1_highway] Could not find CVar specified (sm_hbonus_configpath)
L 01/02/2023 - 03:21:47: [CvarSettings] [c2m1_highway] Could not find CVar specified (chestbump_patch_enabled)
L 01/02/2023 - 03:21:47: [CvarSettings] [c2m1_highway] Attempt to track ConVar jockey_bunny_duration, which is already being tracked.
L 01/02/2023 - 03:21:47: [CvarSettings] [c2m1_highway] Could not find CVar specified (l4d_obey_boss_spawn_cvars)
L 01/02/2023 - 03:21:47: [CvarSettings] [c2m1_highway] Could not find CVar specified (l4d_obey_boss_spawn_except_static)
L 01/02/2023 - 03:21:47: [CvarSettings] [c2m1_highway] Could not find CVar specified (gfc_hittable_override)
L 01/02/2023 - 03:21:47: [CvarSettings] [c2m1_highway] Could not find CVar specified (gfc_hittable_rage_override)
L 01/02/2023 - 03:21:47: [CvarSettings] [c2m1_highway] Could not find CVar specified (gfc_witch_override)
L 01/02/2023 - 03:21:47: [CvarSettings] [c2m1_highway] Could not find CVar specified (gfc_spit_extra_time)
L 01/02/2023 - 03:21:47: [CvarSettings] [c2m1_highway] Could not find CVar specified (gfc_common_extra_time)
L 01/02/2023 - 03:21:47: [CvarSettings] [c2m1_highway] Could not find CVar specified (gfc_hunter_duration)
L 01/02/2023 - 03:21:47: [CvarSettings] [c2m1_highway] Could not find CVar specified (gfc_jockey_duration)
L 01/02/2023 - 03:21:47: [CvarSettings] [c2m1_highway] Could not find CVar specified (gfc_smoker_duration)
L 01/02/2023 - 03:21:47: [CvarSettings] [c2m1_highway] Could not find CVar specified (gfc_charger_duration)
L 01/02/2023 - 03:21:47: [CvarSettings] [c2m1_highway] Could not find CVar specified (gfc_common_zc_flags)
L 01/02/2023 - 03:21:47: [CvarSettings] [c2m1_highway] Could not find CVar specified (gfc_spit_zc_flags)
L 01/02/2023 - 03:21:47: [CvarSettings] [c2m1_highway] Could not find CVar specified (gfc_godframe_glows)
L 01/02/2023 - 12:23:22: [CvarSettings] [c2m1_highway] Could not find CVar specified (l4d_ready_warp_team)
L 01/02/2023 - 12:23:22: [CvarSettings] [c2m1_highway] Could not find CVar specified (confogl_boss_unprohibit)
L 01/02/2023 - 12:23:22: [CvarSettings] [c2m1_highway] Could not find CVar specified (confogl_ghost_warp)
L 01/02/2023 - 12:23:22: [CvarSettings] [c2m1_highway] Could not find CVar specified (confogl_ghost_warp_reload)
L 01/02/2023 - 12:23:22: [CvarSettings] [c2m1_highway] Could not find CVar specified (tankcontrol_print_all)
L 01/02/2023 - 12:23:22: [CvarSettings] [c2m1_highway] Could not find CVar specified (sm_survivor_mvp_brevity)
L 01/02/2023 - 12:23:22: [CvarSettings] [c2m1_highway] Could not find CVar specified (sm_stats_autoprint_vs_round)
L 01/02/2023 - 12:23:22: [CvarSettings] [c2m1_highway] Could not find CVar specified (SM_enable)
L 01/02/2023 - 12:23:22: [CvarSettings] [c2m1_highway] Could not find CVar specified (SM_healthbonusratio)
L 01/02/2023 - 12:23:22: [CvarSettings] [c2m1_highway] Could not find CVar specified (SM_survivalbonusratio)
L 01/02/2023 - 12:23:22: [CvarSettings] [c2m1_highway] Could not find CVar specified (SM_tempmulti_incap_0)
L 01/02/2023 - 12:23:22: [CvarSettings] [c2m1_highway] Could not find CVar specified (SM_tempmulti_incap_1)
L 01/02/2023 - 12:23:22: [CvarSettings] [c2m1_highway] Could not find CVar specified (SM_tempmulti_incap_2)
L 01/02/2023 - 12:23:22: [CvarSettings] [c2m1_highway] Could not find CVar specified (SM_first_aid_heal_percent)
L 01/02/2023 - 12:23:22: [CvarSettings] [c2m1_highway] Could not find CVar specified (SM_pain_pills_health_value)
L 01/02/2023 - 12:23:22: [CvarSettings] [c2m1_highway] Could not find CVar specified (SM_adrenaline_health_buffer)
L 01/02/2023 - 12:23:22: [CvarSettings] [c2m1_highway] Could not find CVar specified (SM_mapmulti)
L 01/02/2023 - 12:23:22: [CvarSettings] [c2m1_highway] Could not find CVar specified (SM_custommaxdistance)
L 01/02/2023 - 12:23:22: [CvarSettings] [c2m1_highway] Could not find CVar specified (sm_hbonus_pointsmode)
L 01/02/2023 - 12:23:22: [CvarSettings] [c2m1_highway] Could not find CVar specified (sm_hbonus_report)
L 01/02/2023 - 12:23:22: [CvarSettings] [c2m1_highway] Could not find CVar specified (sm_pbonus_reportchanges)
L 01/02/2023 - 12:23:22: [CvarSettings] [c2m1_highway] Could not find CVar specified (sm_pbonus_display)
L 01/02/2023 - 12:23:22: [CvarSettings] [c2m1_highway] Could not find CVar specified (sm_simple_witch_bonus)
L 01/02/2023 - 12:23:22: [CvarSettings] [c2m1_highway] Could not find CVar specified (sm_witch_bonus_print)
L 01/02/2023 - 12:23:22: [CvarSettings] [c2m1_highway] Could not find CVar specified (sm_witch_bonus_always)
L 01/02/2023 - 12:23:22: [CvarSettings] [c2m1_highway] Could not find CVar specified (sm_hbonus_configpath)
L 01/02/2023 - 12:23:22: [CvarSettings] [c2m1_highway] Could not find CVar specified (chestbump_patch_enabled)
L 01/02/2023 - 12:23:22: [CvarSettings] [c2m1_highway] Attempt to track ConVar jockey_bunny_duration, which is already being tracked.
L 01/02/2023 - 12:23:22: [CvarSettings] [c2m1_highway] Could not find CVar specified (l4d_obey_boss_spawn_cvars)
L 01/02/2023 - 12:23:22: [CvarSettings] [c2m1_highway] Could not find CVar specified (l4d_obey_boss_spawn_except_static)
L 01/02/2023 - 12:23:22: [CvarSettings] [c2m1_highway] Could not find CVar specified (gfc_hittable_override)
L 01/02/2023 - 12:23:22: [CvarSettings] [c2m1_highway] Could not find CVar specified (gfc_hittable_rage_override)
L 01/02/2023 - 12:23:22: [CvarSettings] [c2m1_highway] Could not find CVar specified (gfc_witch_override)
L 01/02/2023 - 12:23:22: [CvarSettings] [c2m1_highway] Could not find CVar specified (gfc_spit_extra_time)
L 01/02/2023 - 12:23:22: [CvarSettings] [c2m1_highway] Could not find CVar specified (gfc_common_extra_time)
L 01/02/2023 - 12:23:22: [CvarSettings] [c2m1_highway] Could not find CVar specified (gfc_hunter_duration)
L 01/02/2023 - 12:23:22: [CvarSettings] [c2m1_highway] Could not find CVar specified (gfc_jockey_duration)
L 01/02/2023 - 12:23:22: [CvarSettings] [c2m1_highway] Could not find CVar specified (gfc_smoker_duration)
L 01/02/2023 - 12:23:22: [CvarSettings] [c2m1_highway] Could not find CVar specified (gfc_charger_duration)
L 01/02/2023 - 12:23:22: [CvarSettings] [c2m1_highway] Could not find CVar specified (gfc_common_zc_flags)
L 01/02/2023 - 12:23:22: [CvarSettings] [c2m1_highway] Could not find CVar specified (gfc_spit_zc_flags)
L 01/02/2023 - 12:23:22: [CvarSettings] [c2m1_highway] Could not find CVar specified (gfc_godframe_glows)
L 01/02/2023 - 12:31:59: [CvarSettings] [c2m1_highway] Could not find CVar specified (l4d_ready_warp_team)
L 01/02/2023 - 12:31:59: [CvarSettings] [c2m1_highway] Could not find CVar specified (confogl_boss_unprohibit)
L 01/02/2023 - 12:31:59: [CvarSettings] [c2m1_highway] Could not find CVar specified (confogl_ghost_warp)
L 01/02/2023 - 12:31:59: [CvarSettings] [c2m1_highway] Could not find CVar specified (confogl_ghost_warp_reload)
L 01/02/2023 - 12:31:59: [CvarSettings] [c2m1_highway] Attempt to track ConVar z_jockey_control_variance, which is already being tracked.
L 01/02/2023 - 12:31:59: [CvarSettings] [c2m1_highway] Could not find CVar specified (tankcontrol_print_all)
L 01/02/2023 - 12:31:59: [CvarSettings] [c2m1_highway] Could not find CVar specified (sm_skeetstat_brevity)
L 01/02/2023 - 12:31:59: [CvarSettings] [c2m1_highway] Could not find CVar specified (sm_1v1_dmgthreshold)
L 01/02/2023 - 12:31:59: [CvarSettings] [c2m1_highway] Could not find CVar specified (l4d2_meleecontrol_enable)
L 01/02/2023 - 12:31:59: [CvarSettings] [c2m1_highway] Could not find CVar specified (l4d2_meleecontrol_melee_penalty)
L 01/02/2023 - 12:31:59: [CvarSettings] [c2m1_highway] Could not find CVar specified (SM_enable)
L 01/02/2023 - 12:31:59: [CvarSettings] [c2m1_highway] Could not find CVar specified (SM_healthbonusratio)
L 01/02/2023 - 12:31:59: [CvarSettings] [c2m1_highway] Could not find CVar specified (SM_survivalbonusratio)
L 01/02/2023 - 12:31:59: [CvarSettings] [c2m1_highway] Could not find CVar specified (SM_tempmulti_incap_0)
L 01/02/2023 - 12:31:59: [CvarSettings] [c2m1_highway] Could not find CVar specified (SM_tempmulti_incap_1)
L 01/02/2023 - 12:31:59: [CvarSettings] [c2m1_highway] Could not find CVar specified (SM_tempmulti_incap_2)
L 01/02/2023 - 12:31:59: [CvarSettings] [c2m1_highway] Could not find CVar specified (SM_first_aid_heal_percent)
L 01/02/2023 - 12:31:59: [CvarSettings] [c2m1_highway] Could not find CVar specified (SM_pain_pills_health_value)
L 01/02/2023 - 12:31:59: [CvarSettings] [c2m1_highway] Could not find CVar specified (SM_adrenaline_health_buffer)
L 01/02/2023 - 12:31:59: [CvarSettings] [c2m1_highway] Could not find CVar specified (SM_mapmulti)
L 01/02/2023 - 12:31:59: [CvarSettings] [c2m1_highway] Could not find CVar specified (SM_custommaxdistance)
L 01/02/2023 - 12:31:59: [CvarSettings] [c2m1_highway] Could not find CVar specified (sm_pbonus_reportchanges)
L 01/02/2023 - 12:31:59: [CvarSettings] [c2m1_highway] Could not find CVar specified (sm_pbonus_display)
L 01/02/2023 - 12:31:59: [CvarSettings] [c2m1_highway] Could not find CVar specified (chestbump_patch_enabled)
L 01/02/2023 - 12:31:59: [CvarSettings] [c2m1_highway] Attempt to track ConVar jockey_bunny_duration, which is already being tracked.
L 01/02/2023 - 12:31:59: [CvarSettings] [c2m1_highway] Could not find CVar specified (l4d_obey_boss_spawn_cvars)
L 01/02/2023 - 12:31:59: [CvarSettings] [c2m1_highway] Could not find CVar specified (l4d_obey_boss_spawn_except_static)
L 01/02/2023 - 12:31:59: [CvarSettings] [c2m1_highway] Could not find CVar specified (gfc_hittable_override)
L 01/02/2023 - 12:31:59: [CvarSettings] [c2m1_highway] Could not find CVar specified (gfc_hittable_rage_override)
L 01/02/2023 - 12:31:59: [CvarSettings] [c2m1_highway] Could not find CVar specified (gfc_witch_override)
L 01/02/2023 - 12:31:59: [CvarSettings] [c2m1_highway] Could not find CVar specified (gfc_spit_extra_time)
L 01/02/2023 - 12:31:59: [CvarSettings] [c2m1_highway] Could not find CVar specified (gfc_common_extra_time)
L 01/02/2023 - 12:31:59: [CvarSettings] [c2m1_highway] Could not find CVar specified (gfc_hunter_duration)
L 01/02/2023 - 12:31:59: [CvarSettings] [c2m1_highway] Could not find CVar specified (gfc_jockey_duration)
L 01/02/2023 - 12:31:59: [CvarSettings] [c2m1_highway] Could not find CVar specified (gfc_smoker_duration)
L 01/02/2023 - 12:31:59: [CvarSettings] [c2m1_highway] Could not find CVar specified (gfc_charger_duration)
L 01/02/2023 - 12:31:59: [CvarSettings] [c2m1_highway] Could not find CVar specified (gfc_common_zc_flags)
L 01/02/2023 - 12:31:59: [CvarSettings] [c2m1_highway] Could not find CVar specified (gfc_spit_zc_flags)
L 01/02/2023 - 12:31:59: [CvarSettings] [c2m1_highway] Could not find CVar specified (gfc_godframe_glows)
L 01/02/2023 - 12:35:22: [CvarSettings] [c2m1_highway] Could not find CVar specified (l4d_ready_warp_team)
L 01/02/2023 - 12:35:22: [CvarSettings] [c2m1_highway] Could not find CVar specified (confogl_boss_unprohibit)
L 01/02/2023 - 12:35:22: [CvarSettings] [c2m1_highway] Could not find CVar specified (confogl_ghost_warp)
L 01/02/2023 - 12:35:22: [CvarSettings] [c2m1_highway] Could not find CVar specified (confogl_ghost_warp_reload)
L 01/02/2023 - 12:35:22: [CvarSettings] [c2m1_highway] Attempt to track ConVar z_jockey_control_variance, which is already being tracked.
L 01/02/2023 - 12:35:22: [CvarSettings] [c2m1_highway] Could not find CVar specified (tankcontrol_print_all)
L 01/02/2023 - 12:35:22: [CvarSettings] [c2m1_highway] Could not find CVar specified (sm_skeetstat_brevity)
L 01/02/2023 - 12:35:22: [CvarSettings] [c2m1_highway] Could not find CVar specified (sm_1v1_dmgthreshold)
L 01/02/2023 - 12:35:22: [CvarSettings] [c2m1_highway] Could not find CVar specified (l4d2_meleecontrol_enable)
L 01/02/2023 - 12:35:22: [CvarSettings] [c2m1_highway] Could not find CVar specified (l4d2_meleecontrol_melee_penalty)
L 01/02/2023 - 12:35:22: [CvarSettings] [c2m1_highway] Could not find CVar specified (SM_enable)
L 01/02/2023 - 12:35:22: [CvarSettings] [c2m1_highway] Could not find CVar specified (SM_healthbonusratio)
L 01/02/2023 - 12:35:22: [CvarSettings] [c2m1_highway] Could not find CVar specified (SM_survivalbonusratio)
L 01/02/2023 - 12:35:22: [CvarSettings] [c2m1_highway] Could not find CVar specified (SM_tempmulti_incap_0)
L 01/02/2023 - 12:35:22: [CvarSettings] [c2m1_highway] Could not find CVar specified (SM_tempmulti_incap_1)
L 01/02/2023 - 12:35:22: [CvarSettings] [c2m1_highway] Could not find CVar specified (SM_tempmulti_incap_2)
L 01/02/2023 - 12:35:22: [CvarSettings] [c2m1_highway] Could not find CVar specified (SM_first_aid_heal_percent)
L 01/02/2023 - 12:35:22: [CvarSettings] [c2m1_highway] Could not find CVar specified (SM_pain_pills_health_value)
L 01/02/2023 - 12:35:22: [CvarSettings] [c2m1_highway] Could not find CVar specified (SM_adrenaline_health_buffer)
L 01/02/2023 - 12:35:22: [CvarSettings] [c2m1_highway] Could not find CVar specified (SM_mapmulti)
L 01/02/2023 - 12:35:22: [CvarSettings] [c2m1_highway] Could not find CVar specified (SM_custommaxdistance)
L 01/02/2023 - 12:35:22: [CvarSettings] [c2m1_highway] Could not find CVar specified (sm_pbonus_reportchanges)
L 01/02/2023 - 12:35:22: [CvarSettings] [c2m1_highway] Could not find CVar specified (sm_pbonus_display)
L 01/02/2023 - 12:35:22: [CvarSettings] [c2m1_highway] Could not find CVar specified (chestbump_patch_enabled)
L 01/02/2023 - 12:35:22: [CvarSettings] [c2m1_highway] Attempt to track ConVar jockey_bunny_duration, which is already being tracked.
L 01/02/2023 - 12:35:22: [CvarSettings] [c2m1_highway] Could not find CVar specified (l4d_obey_boss_spawn_cvars)
L 01/02/2023 - 12:35:22: [CvarSettings] [c2m1_highway] Could not find CVar specified (l4d_obey_boss_spawn_except_static)
L 01/02/2023 - 12:35:22: [CvarSettings] [c2m1_highway] Could not find CVar specified (gfc_hittable_override)
L 01/02/2023 - 12:35:22: [CvarSettings] [c2m1_highway] Could not find CVar specified (gfc_hittable_rage_override)
L 01/02/2023 - 12:35:22: [CvarSettings] [c2m1_highway] Could not find CVar specified (gfc_witch_override)
L 01/02/2023 - 12:35:22: [CvarSettings] [c2m1_highway] Could not find CVar specified (gfc_spit_extra_time)
L 01/02/2023 - 12:35:22: [CvarSettings] [c2m1_highway] Could not find CVar specified (gfc_common_extra_time)
L 01/02/2023 - 12:35:22: [CvarSettings] [c2m1_highway] Could not find CVar specified (gfc_hunter_duration)
L 01/02/2023 - 12:35:22: [CvarSettings] [c2m1_highway] Could not find CVar specified (gfc_jockey_duration)
L 01/02/2023 - 12:35:22: [CvarSettings] [c2m1_highway] Could not find CVar specified (gfc_smoker_duration)
L 01/02/2023 - 12:35:22: [CvarSettings] [c2m1_highway] Could not find CVar specified (gfc_charger_duration)
L 01/02/2023 - 12:35:22: [CvarSettings] [c2m1_highway] Could not find CVar specified (gfc_common_zc_flags)
L 01/02/2023 - 12:35:22: [CvarSettings] [c2m1_highway] Could not find CVar specified (gfc_spit_zc_flags)
L 01/02/2023 - 12:35:22: [CvarSettings] [c2m1_highway] Could not find CVar specified (gfc_godframe_glows)
L 01/02/2023 - 12:39:43: [CvarSettings] [c2m1_highway] Could not find CVar specified (l4d_ready_warp_team)
L 01/02/2023 - 12:39:43: [CvarSettings] [c2m1_highway] Could not find CVar specified (confogl_boss_unprohibit)
L 01/02/2023 - 12:39:43: [CvarSettings] [c2m1_highway] Could not find CVar specified (confogl_ghost_warp)
L 01/02/2023 - 12:39:43: [CvarSettings] [c2m1_highway] Could not find CVar specified (confogl_ghost_warp_reload)
L 01/02/2023 - 12:39:43: [CvarSettings] [c2m1_highway] Attempt to track ConVar z_jockey_control_variance, which is already being tracked.
L 01/02/2023 - 12:39:43: [CvarSettings] [c2m1_highway] Could not find CVar specified (tankcontrol_print_all)
L 01/02/2023 - 12:39:43: [CvarSettings] [c2m1_highway] Could not find CVar specified (sm_skeetstat_brevity)
L 01/02/2023 - 12:39:43: [CvarSettings] [c2m1_highway] Could not find CVar specified (sm_1v1_dmgthreshold)
L 01/02/2023 - 12:39:43: [CvarSettings] [c2m1_highway] Could not find CVar specified (l4d2_meleecontrol_enable)
L 01/02/2023 - 12:39:43: [CvarSettings] [c2m1_highway] Could not find CVar specified (l4d2_meleecontrol_melee_penalty)
L 01/02/2023 - 12:39:43: [CvarSettings] [c2m1_highway] Could not find CVar specified (SM_enable)
L 01/02/2023 - 12:39:43: [CvarSettings] [c2m1_highway] Could not find CVar specified (SM_healthbonusratio)
L 01/02/2023 - 12:39:43: [CvarSettings] [c2m1_highway] Could not find CVar specified (SM_survivalbonusratio)
L 01/02/2023 - 12:39:43: [CvarSettings] [c2m1_highway] Could not find CVar specified (SM_tempmulti_incap_0)
L 01/02/2023 - 12:39:43: [CvarSettings] [c2m1_highway] Could not find CVar specified (SM_tempmulti_incap_1)
L 01/02/2023 - 12:39:43: [CvarSettings] [c2m1_highway] Could not find CVar specified (SM_tempmulti_incap_2)
L 01/02/2023 - 12:39:43: [CvarSettings] [c2m1_highway] Could not find CVar specified (SM_first_aid_heal_percent)
L 01/02/2023 - 12:39:43: [CvarSettings] [c2m1_highway] Could not find CVar specified (SM_pain_pills_health_value)
L 01/02/2023 - 12:39:43: [CvarSettings] [c2m1_highway] Could not find CVar specified (SM_adrenaline_health_buffer)
L 01/02/2023 - 12:39:43: [CvarSettings] [c2m1_highway] Could not find CVar specified (SM_mapmulti)
L 01/02/2023 - 12:39:43: [CvarSettings] [c2m1_highway] Could not find CVar specified (SM_custommaxdistance)
L 01/02/2023 - 12:39:43: [CvarSettings] [c2m1_highway] Could not find CVar specified (sm_pbonus_reportchanges)
L 01/02/2023 - 12:39:43: [CvarSettings] [c2m1_highway] Could not find CVar specified (sm_pbonus_display)
L 01/02/2023 - 12:39:43: [CvarSettings] [c2m1_highway] Could not find CVar specified (chestbump_patch_enabled)
L 01/02/2023 - 12:39:43: [CvarSettings] [c2m1_highway] Attempt to track ConVar jockey_bunny_duration, which is already being tracked.
L 01/02/2023 - 12:39:43: [CvarSettings] [c2m1_highway] Could not find CVar specified (l4d_obey_boss_spawn_cvars)
L 01/02/2023 - 12:39:43: [CvarSettings] [c2m1_highway] Could not find CVar specified (l4d_obey_boss_spawn_except_static)
L 01/02/2023 - 12:39:43: [CvarSettings] [c2m1_highway] Could not find CVar specified (gfc_hittable_override)
L 01/02/2023 - 12:39:43: [CvarSettings] [c2m1_highway] Could not find CVar specified (gfc_hittable_rage_override)
L 01/02/2023 - 12:39:43: [CvarSettings] [c2m1_highway] Could not find CVar specified (gfc_witch_override)
L 01/02/2023 - 12:39:43: [CvarSettings] [c2m1_highway] Could not find CVar specified (gfc_spit_extra_time)
L 01/02/2023 - 12:39:43: [CvarSettings] [c2m1_highway] Could not find CVar specified (gfc_common_extra_time)
L 01/02/2023 - 12:39:43: [CvarSettings] [c2m1_highway] Could not find CVar specified (gfc_hunter_duration)
L 01/02/2023 - 12:39:43: [CvarSettings] [c2m1_highway] Could not find CVar specified (gfc_jockey_duration)
L 01/02/2023 - 12:39:43: [CvarSettings] [c2m1_highway] Could not find CVar specified (gfc_smoker_duration)
L 01/02/2023 - 12:39:43: [CvarSettings] [c2m1_highway] Could not find CVar specified (gfc_charger_duration)
L 01/02/2023 - 12:39:43: [CvarSettings] [c2m1_highway] Could not find CVar specified (gfc_common_zc_flags)
L 01/02/2023 - 12:39:43: [CvarSettings] [c2m1_highway] Could not find CVar specified (gfc_spit_zc_flags)
L 01/02/2023 - 12:39:43: [CvarSettings] [c2m1_highway] Could not find CVar specified (gfc_godframe_glows)
L 01/02/2023 - 12:56:55: [CvarSettings] [c2m1_highway] Could not find CVar specified (confogl_boss_unprohibit)
L 01/02/2023 - 12:56:55: [CvarSettings] [c2m1_highway] Could not find CVar specified (confogl_ghost_warp)
L 01/02/2023 - 12:56:55: [CvarSettings] [c2m1_highway] Could not find CVar specified (tankcontrol_print_all)
L 01/02/2023 - 12:56:55: [CvarSettings] [c2m1_highway] Could not find CVar specified (sm_tank_can_spawn)
L 01/02/2023 - 12:56:55: [CvarSettings] [c2m1_highway] Could not find CVar specified (sm_witch_can_spawn)
L 01/02/2023 - 12:56:55: [CvarSettings] [c2m1_highway] Could not find CVar specified (l4d_global_percent)
L 01/02/2023 - 12:56:55: [CvarSettings] [c2m1_highway] Could not find CVar specified (l4d_tank_percent)
L 01/02/2023 - 12:56:55: [CvarSettings] [c2m1_highway] Could not find CVar specified (l4d_witch_percent)
L 01/02/2023 - 12:56:55: [CvarSettings] [c2m1_highway] Could not find CVar specified (l4d_boss_vote)
L 01/02/2023 - 12:56:55: [CvarSettings] [c2m1_highway] Attempt to track ConVar starting_item_flags, which is already being tracked.
L 01/02/2023 - 12:56:55: [CvarSettings] [c2m1_highway] Could not find CVar specified (l4d2_MITSR_Pitchfork)
L 01/02/2023 - 12:56:55: [CvarSettings] [c2m1_highway] Could not find CVar specified (l4d2_MITSR_Shovel)
L 01/02/2023 - 14:21:02: [CvarSettings] [c2m1_highway] Could not find CVar specified (l4d_ready_warp_team)
L 01/02/2023 - 14:21:02: [CvarSettings] [c2m1_highway] Could not find CVar specified (confogl_boss_unprohibit)
L 01/02/2023 - 14:21:02: [CvarSettings] [c2m1_highway] Could not find CVar specified (confogl_ghost_warp)
L 01/02/2023 - 14:21:02: [CvarSettings] [c2m1_highway] Could not find CVar specified (confogl_ghost_warp_reload)
L 01/02/2023 - 14:21:02: [CvarSettings] [c2m1_highway] Attempt to track ConVar z_jockey_control_variance, which is already being tracked.
L 01/02/2023 - 14:21:02: [CvarSettings] [c2m1_highway] Could not find CVar specified (tankcontrol_print_all)
L 01/02/2023 - 14:21:02: [CvarSettings] [c2m1_highway] Could not find CVar specified (sm_skeetstat_brevity)
L 01/02/2023 - 14:21:02: [CvarSettings] [c2m1_highway] Could not find CVar specified (sm_1v1_dmgthreshold)
L 01/02/2023 - 14:21:02: [CvarSettings] [c2m1_highway] Could not find CVar specified (l4d2_meleecontrol_enable)
L 01/02/2023 - 14:21:02: [CvarSettings] [c2m1_highway] Could not find CVar specified (l4d2_meleecontrol_melee_penalty)
L 01/02/2023 - 14:21:02: [CvarSettings] [c2m1_highway] Could not find CVar specified (SM_enable)
L 01/02/2023 - 14:21:02: [CvarSettings] [c2m1_highway] Could not find CVar specified (SM_healthbonusratio)
L 01/02/2023 - 14:21:02: [CvarSettings] [c2m1_highway] Could not find CVar specified (SM_survivalbonusratio)
L 01/02/2023 - 14:21:02: [CvarSettings] [c2m1_highway] Could not find CVar specified (SM_tempmulti_incap_0)
L 01/02/2023 - 14:21:02: [CvarSettings] [c2m1_highway] Could not find CVar specified (SM_tempmulti_incap_1)
L 01/02/2023 - 14:21:02: [CvarSettings] [c2m1_highway] Could not find CVar specified (SM_tempmulti_incap_2)
L 01/02/2023 - 14:21:02: [CvarSettings] [c2m1_highway] Could not find CVar specified (SM_first_aid_heal_percent)
L 01/02/2023 - 14:21:02: [CvarSettings] [c2m1_highway] Could not find CVar specified (SM_pain_pills_health_value)
L 01/02/2023 - 14:21:02: [CvarSettings] [c2m1_highway] Could not find CVar specified (SM_adrenaline_health_buffer)
L 01/02/2023 - 14:21:02: [CvarSettings] [c2m1_highway] Could not find CVar specified (SM_mapmulti)
L 01/02/2023 - 14:21:02: [CvarSettings] [c2m1_highway] Could not find CVar specified (SM_custommaxdistance)
L 01/02/2023 - 14:21:02: [CvarSettings] [c2m1_highway] Could not find CVar specified (sm_pbonus_reportchanges)
L 01/02/2023 - 14:21:02: [CvarSettings] [c2m1_highway] Could not find CVar specified (sm_pbonus_display)
L 01/02/2023 - 14:21:02: [CvarSettings] [c2m1_highway] Could not find CVar specified (chestbump_patch_enabled)
L 01/02/2023 - 14:21:02: [CvarSettings] [c2m1_highway] Attempt to track ConVar jockey_bunny_duration, which is already being tracked.
L 01/02/2023 - 14:21:02: [CvarSettings] [c2m1_highway] Could not find CVar specified (l4d_obey_boss_spawn_cvars)
L 01/02/2023 - 14:21:02: [CvarSettings] [c2m1_highway] Could not find CVar specified (l4d_obey_boss_spawn_except_static)
L 01/02/2023 - 14:21:02: [CvarSettings] [c2m1_highway] Could not find CVar specified (gfc_hittable_override)
L 01/02/2023 - 14:21:02: [CvarSettings] [c2m1_highway] Could not find CVar specified (gfc_hittable_rage_override)
L 01/02/2023 - 14:21:02: [CvarSettings] [c2m1_highway] Could not find CVar specified (gfc_witch_override)
L 01/02/2023 - 14:21:02: [CvarSettings] [c2m1_highway] Could not find CVar specified (gfc_spit_extra_time)
L 01/02/2023 - 14:21:02: [CvarSettings] [c2m1_highway] Could not find CVar specified (gfc_common_extra_time)
L 01/02/2023 - 14:21:02: [CvarSettings] [c2m1_highway] Could not find CVar specified (gfc_hunter_duration)
L 01/02/2023 - 14:21:02: [CvarSettings] [c2m1_highway] Could not find CVar specified (gfc_jockey_duration)
L 01/02/2023 - 14:21:02: [CvarSettings] [c2m1_highway] Could not find CVar specified (gfc_smoker_duration)
L 01/02/2023 - 14:21:02: [CvarSettings] [c2m1_highway] Could not find CVar specified (gfc_charger_duration)
L 01/02/2023 - 14:21:02: [CvarSettings] [c2m1_highway] Could not find CVar specified (gfc_common_zc_flags)
L 01/02/2023 - 14:21:02: [CvarSettings] [c2m1_highway] Could not find CVar specified (gfc_spit_zc_flags)
L 01/02/2023 - 14:21:02: [CvarSettings] [c2m1_highway] Could not find CVar specified (gfc_godframe_glows)
L 01/02/2023 - 14:24:07: [CvarSettings] [c2m1_highway] Could not find CVar specified (l4d_ready_warp_team)
L 01/02/2023 - 14:24:07: [CvarSettings] [c2m1_highway] Could not find CVar specified (confogl_boss_unprohibit)
L 01/02/2023 - 14:24:07: [CvarSettings] [c2m1_highway] Could not find CVar specified (confogl_ghost_warp)
L 01/02/2023 - 14:24:07: [CvarSettings] [c2m1_highway] Could not find CVar specified (confogl_ghost_warp_reload)
L 01/02/2023 - 14:24:07: [CvarSettings] [c2m1_highway] Attempt to track ConVar z_jockey_control_variance, which is already being tracked.
L 01/02/2023 - 14:24:07: [CvarSettings] [c2m1_highway] Could not find CVar specified (tankcontrol_print_all)
L 01/02/2023 - 14:24:07: [CvarSettings] [c2m1_highway] Could not find CVar specified (sm_skeetstat_brevity)
L 01/02/2023 - 14:24:07: [CvarSettings] [c2m1_highway] Could not find CVar specified (sm_1v1_dmgthreshold)
L 01/02/2023 - 14:24:07: [CvarSettings] [c2m1_highway] Could not find CVar specified (l4d2_meleecontrol_enable)
L 01/02/2023 - 14:24:07: [CvarSettings] [c2m1_highway] Could not find CVar specified (l4d2_meleecontrol_melee_penalty)
L 01/02/2023 - 14:24:07: [CvarSettings] [c2m1_highway] Could not find CVar specified (SM_enable)
L 01/02/2023 - 14:24:07: [CvarSettings] [c2m1_highway] Could not find CVar specified (SM_healthbonusratio)
L 01/02/2023 - 14:24:07: [CvarSettings] [c2m1_highway] Could not find CVar specified (SM_survivalbonusratio)
L 01/02/2023 - 14:24:07: [CvarSettings] [c2m1_highway] Could not find CVar specified (SM_tempmulti_incap_0)
L 01/02/2023 - 14:24:07: [CvarSettings] [c2m1_highway] Could not find CVar specified (SM_tempmulti_incap_1)
L 01/02/2023 - 14:24:07: [CvarSettings] [c2m1_highway] Could not find CVar specified (SM_tempmulti_incap_2)
L 01/02/2023 - 14:24:07: [CvarSettings] [c2m1_highway] Could not find CVar specified (SM_first_aid_heal_percent)
L 01/02/2023 - 14:24:07: [CvarSettings] [c2m1_highway] Could not find CVar specified (SM_pain_pills_health_value)
L 01/02/2023 - 14:24:07: [CvarSettings] [c2m1_highway] Could not find CVar specified (SM_adrenaline_health_buffer)
L 01/02/2023 - 14:24:07: [CvarSettings] [c2m1_highway] Could not find CVar specified (SM_mapmulti)
L 01/02/2023 - 14:24:07: [CvarSettings] [c2m1_highway] Could not find CVar specified (SM_custommaxdistance)
L 01/02/2023 - 14:24:07: [CvarSettings] [c2m1_highway] Could not find CVar specified (sm_pbonus_reportchanges)
L 01/02/2023 - 14:24:07: [CvarSettings] [c2m1_highway] Could not find CVar specified (sm_pbonus_display)
L 01/02/2023 - 14:24:07: [CvarSettings] [c2m1_highway] Could not find CVar specified (chestbump_patch_enabled)
L 01/02/2023 - 14:24:07: [CvarSettings] [c2m1_highway] Attempt to track ConVar jockey_bunny_duration, which is already being tracked.
L 01/02/2023 - 14:24:07: [CvarSettings] [c2m1_highway] Could not find CVar specified (l4d_obey_boss_spawn_cvars)
L 01/02/2023 - 14:24:07: [CvarSettings] [c2m1_highway] Could not find CVar specified (l4d_obey_boss_spawn_except_static)
L 01/02/2023 - 14:24:07: [CvarSettings] [c2m1_highway] Could not find CVar specified (gfc_hittable_override)
L 01/02/2023 - 14:24:07: [CvarSettings] [c2m1_highway] Could not find CVar specified (gfc_hittable_rage_override)
L 01/02/2023 - 14:24:07: [CvarSettings] [c2m1_highway] Could not find CVar specified (gfc_witch_override)
L 01/02/2023 - 14:24:07: [CvarSettings] [c2m1_highway] Could not find CVar specified (gfc_spit_extra_time)
L 01/02/2023 - 14:24:07: [CvarSettings] [c2m1_highway] Could not find CVar specified (gfc_common_extra_time)
L 01/02/2023 - 14:24:07: [CvarSettings] [c2m1_highway] Could not find CVar specified (gfc_hunter_duration)
L 01/02/2023 - 14:24:07: [CvarSettings] [c2m1_highway] Could not find CVar specified (gfc_jockey_duration)
L 01/02/2023 - 14:24:07: [CvarSettings] [c2m1_highway] Could not find CVar specified (gfc_smoker_duration)
L 01/02/2023 - 14:24:07: [CvarSettings] [c2m1_highway] Could not find CVar specified (gfc_charger_duration)
L 01/02/2023 - 14:24:07: [CvarSettings] [c2m1_highway] Could not find CVar specified (gfc_common_zc_flags)
L 01/02/2023 - 14:24:07: [CvarSettings] [c2m1_highway] Could not find CVar specified (gfc_spit_zc_flags)
L 01/02/2023 - 14:24:07: [CvarSettings] [c2m1_highway] Could not find CVar specified (gfc_godframe_glows)
L 01/02/2023 - 23:08:05: [CvarSettings] [c2m1_highway] Could not find CVar specified (confogl_boss_unprohibit)
