L 02/03/2023 - 16:02:07: [Configs] [bloodtracks_01] Custom config directory addons/sourcemod/../../cfg/cfgogl/Bizzymod does not exist!
L 02/03/2023 - 16:02:37: [CvarSettings] [bloodtracks_01] Attempt to track ConVar mp_gamemode, which is already being tracked.
L 02/03/2023 - 16:02:37: [CvarSettings] [bloodtracks_01] Attempt to track ConVar z_difficulty, which is already being tracked.
L 02/03/2023 - 16:02:37: [CvarSettings] [bloodtracks_01] Could not find CVar specified (confogl_boss_unprohibit)
L 02/03/2023 - 16:02:37: [CvarSettings] [bloodtracks_01] Could not find CVar specified (confogl_ghost_warp)
L 02/03/2023 - 16:02:37: [CvarSettings] [bloodtracks_01] Could not find CVar specified (confogl_disable_ghost_hurt)
L 02/03/2023 - 16:02:37: [CvarSettings] [bloodtracks_01] Could not find CVar specified (confogl_remove_inf_clips)
L 02/03/2023 - 16:02:37: [CvarSettings] [bloodtracks_01] Could not find CVar specified (confogl_remove_c5m4_hurts)
L 02/03/2023 - 16:02:37: [CvarSettings] [bloodtracks_01] Could not find CVar specified (confogl_remove_parachutist)
L 02/03/2023 - 16:02:37: [CvarSettings] [bloodtracks_01] Attempt to track ConVar z_gun_swing_vs_min_penalty, which is already being tracked.
L 02/03/2023 - 16:02:37: [CvarSettings] [bloodtracks_01] Could not find CVar specified (tankcontrol_print_all)
L 02/03/2023 - 16:02:37: [CvarSettings] [bloodtracks_01] Could not find CVar specified (l4d2_antibaiter_delay)
L 02/03/2023 - 16:02:37: [CvarSettings] [bloodtracks_01] Could not find CVar specified (l4d2_antibaiter_horde_timer)
L 02/03/2023 - 16:02:37: [CvarSettings] [bloodtracks_01] Could not find CVar specified (l4d2_antibaiter_progress)
L 02/03/2023 - 16:02:37: [CvarSettings] [bloodtracks_01] Could not find CVar specified (sm_survivor_mvp_brevity)
L 02/03/2023 - 16:02:37: [CvarSettings] [bloodtracks_01] Could not find CVar specified (sm_survivor_mvp_brevity_latest)
L 02/03/2023 - 16:02:37: [CvarSettings] [bloodtracks_01] Could not find CVar specified (sm_stats_autoprint_vs_round)
L 02/03/2023 - 16:02:37: [CvarSettings] [bloodtracks_01] Could not find CVar specified (chestbump_patch_enabled)
L 02/03/2023 - 16:02:37: [CvarSettings] [bloodtracks_01] Could not find CVar specified (l4d_obey_boss_spawn_cvars)
L 02/03/2023 - 16:02:37: [CvarSettings] [bloodtracks_01] Could not find CVar specified (l4d_obey_boss_spawn_except_static)
L 02/03/2023 - 16:02:37: [CvarSettings] [bloodtracks_01] Could not find CVar specified (l4d2_slowdown_gunfire_si)
L 02/03/2023 - 16:02:37: [CvarSettings] [bloodtracks_01] Could not find CVar specified (l4d2_slowdown_gunfire_tank)
L 02/03/2023 - 16:02:37: [CvarSettings] [bloodtracks_01] Could not find CVar specified (l4d2_slowdown_water_tank)
L 02/03/2023 - 16:02:37: [CvarSettings] [bloodtracks_01] Could not find CVar specified (l4d2_slowdown_water_survivors)
L 02/03/2023 - 16:02:37: [CvarSettings] [bloodtracks_01] Could not find CVar specified (l4d2_slowdown_water_survivors_during_tank)
L 02/03/2023 - 16:02:37: [CvarSettings] [bloodtracks_01] Could not find CVar specified (l4d2_heq_checkpoint_sound)
L 02/03/2023 - 16:02:37: [CvarSettings] [bloodtracks_01] Could not find CVar specified (l4d2_block_punch_rock)
L 02/03/2023 - 16:02:37: [CvarSettings] [bloodtracks_01] Could not find CVar specified (l4d2_block_jump_rock)
L 02/03/2023 - 16:02:37: [CvarSettings] [bloodtracks_01] Could not find CVar specified (tank_overhand_only)
L 02/03/2023 - 16:02:37: [CvarSettings] [bloodtracks_01] Could not find CVar specified (gfc_hittable_override)
L 02/03/2023 - 16:02:37: [CvarSettings] [bloodtracks_01] Could not find CVar specified (gfc_hittable_rage_override)
L 02/03/2023 - 16:02:37: [CvarSettings] [bloodtracks_01] Could not find CVar specified (gfc_rock_rage_override)
L 02/03/2023 - 16:02:37: [CvarSettings] [bloodtracks_01] Could not find CVar specified (gfc_spit_extra_time)
L 02/03/2023 - 16:02:37: [CvarSettings] [bloodtracks_01] Could not find CVar specified (gfc_common_extra_time)
L 02/03/2023 - 16:02:37: [CvarSettings] [bloodtracks_01] Could not find CVar specified (gfc_hunter_duration)
L 02/03/2023 - 16:02:37: [CvarSettings] [bloodtracks_01] Could not find CVar specified (gfc_jockey_duration)
L 02/03/2023 - 16:02:37: [CvarSettings] [bloodtracks_01] Could not find CVar specified (gfc_smoker_duration)
L 02/03/2023 - 16:02:37: [CvarSettings] [bloodtracks_01] Could not find CVar specified (gfc_charger_duration)
L 02/03/2023 - 16:02:37: [CvarSettings] [bloodtracks_01] Could not find CVar specified (gfc_common_zc_flags)
L 02/03/2023 - 16:02:37: [CvarSettings] [bloodtracks_01] Could not find CVar specified (gfc_spit_zc_flags)
L 02/03/2023 - 16:02:37: [CvarSettings] [bloodtracks_01] Could not find CVar specified (gfc_godframe_glows)
L 02/03/2023 - 16:02:37: [CvarSettings] [bloodtracks_01] Could not find CVar specified (gfc_ff_min_time)
L 02/03/2023 - 16:02:37: [CvarSettings] [bloodtracks_01] Could not find CVar specified (l4d2_disable_si_friendly_staggers)
L 02/03/2023 - 16:02:37: [CvarSettings] [bloodtracks_01] Could not find CVar specified (l4d2_undoff_enable)
L 02/03/2023 - 16:02:37: [CvarSettings] [bloodtracks_01] Could not find CVar specified (l4d2_undoff_blockzerodmg)
L 02/03/2023 - 16:02:37: [CvarSettings] [bloodtracks_01] Could not find CVar specified (l4d2_undoff_permdmgfrac)
L 02/03/2023 - 16:02:37: [CvarSettings] [bloodtracks_01] Could not find CVar specified (l4d2_shotgun_ff_multi)
L 02/03/2023 - 16:02:37: [CvarSettings] [bloodtracks_01] Could not find CVar specified (l4d2_shotgun_ff_min)
L 02/03/2023 - 16:02:37: [CvarSettings] [bloodtracks_01] Could not find CVar specified (l4d2_shotgun_ff_max)
L 02/03/2023 - 16:02:37: [CvarSettings] [bloodtracks_01] Could not find CVar specified (sm2_bonus_per_survivor_multiplier)
L 02/03/2023 - 16:02:37: [CvarSettings] [bloodtracks_01] Could not find CVar specified (sm2_permament_health_proportion)
L 02/03/2023 - 16:02:37: [CvarSettings] [bloodtracks_01] Could not find CVar specified (sm2_pills_hp_factor)
L 02/03/2023 - 16:02:37: [CvarSettings] [bloodtracks_01] Could not find CVar specified (sm2_pills_max_bonus)
L 02/03/2023 - 16:09:40: [CvarSettings] [c2m1_highway] Could not find CVar specified (confogl_boss_unprohibit)
L 02/03/2023 - 16:09:40: [CvarSettings] [c2m1_highway] Attempt to track ConVar confogl_pills_limit, which is already being tracked.
L 02/03/2023 - 16:09:40: [CvarSettings] [c2m1_highway] Could not find CVar specified (l4d2_MITSR_Pitchfork)
L 02/03/2023 - 16:09:40: [CvarSettings] [c2m1_highway] Could not find CVar specified (l4d2_MITSR_Shovel)
L 02/03/2023 - 16:09:40: [CvarSettings] [c2m1_highway] Attempt to track ConVar z_ghost_delay_max, which is already being tracked.
L 02/03/2023 - 16:09:40: [CvarSettings] [c2m1_highway] Attempt to track ConVar z_jockey_ride_damage, which is already being tracked.
L 02/03/2023 - 16:09:40: [CvarSettings] [c2m1_highway] Attempt to track ConVar z_jockey_ride_damage_interval, which is already being tracked.
L 02/03/2023 - 16:09:40: [CvarSettings] [c2m1_highway] Attempt to track ConVar tongue_choke_damage_amount, which is already being tracked.
L 02/03/2023 - 16:09:40: [CvarSettings] [c2m1_highway] Could not find CVar specified (rpg_allow_glow)
L 02/03/2023 - 16:09:40: [CvarSettings] [c2m1_highway] Could not find CVar specified (join_autoupdate)
L 02/03/2023 - 16:24:58: [CvarSettings] [beach] Could not find CVar specified (confogl_boss_unprohibit)
L 02/03/2023 - 16:24:58: [CvarSettings] [beach] Attempt to track ConVar z_ghost_delay_max, which is already being tracked.
L 02/03/2023 - 16:24:58: [CvarSettings] [beach] Could not find CVar specified (rpg_allow_glow)
L 02/03/2023 - 16:24:58: [CvarSettings] [beach] Could not find CVar specified (join_autoupdate)
