L 01/30/2023 - 14:32:29: [CvarSettings] [c2m1_highway] Could not find CVar specified (confogl_boss_unprohibit)
L 01/30/2023 - 14:32:29: [CvarSettings] [c2m1_highway] Could not find CVar specified (confogl_ghost_warp)
L 01/30/2023 - 14:32:29: [CvarSettings] [c2m1_highway] Attempt to track ConVar sb_close_checkpoint_door_interval, which is already being tracked.
L 01/30/2023 - 14:32:29: [CvarSettings] [c2m1_highway] Attempt to track ConVar sb_combat_saccade_speed, which is already being tracked.
L 01/30/2023 - 14:32:29: [CvarSettings] [c2m1_highway] Attempt to track ConVar sb_max_team_melee_weapons, which is already being tracked.
L 01/30/2023 - 14:32:29: [CvarSettings] [c2m1_highway] Attempt to track ConVar sb_normal_saccade_speed, which is already being tracked.
L 01/30/2023 - 14:32:29: [CvarSettings] [c2m1_highway] Attempt to track ConVar sb_sidestep_for_horde, which is already being tracked.
L 01/30/2023 - 14:32:29: [CvarSettings] [c2m1_highway] Attempt to track ConVar confogl_pills_limit, which is already being tracked.
L 01/30/2023 - 14:32:29: [CvarSettings] [c2m1_highway] Attempt to track ConVar confogl_adrenaline_limit, which is already being tracked.
L 01/30/2023 - 14:32:29: [CvarSettings] [c2m1_highway] Attempt to track ConVar confogl_pipebomb_limit, which is already being tracked.
L 01/30/2023 - 14:32:29: [CvarSettings] [c2m1_highway] Attempt to track ConVar confogl_molotov_limit, which is already being tracked.
L 01/30/2023 - 14:32:29: [CvarSettings] [c2m1_highway] Attempt to track ConVar confogl_vomitjar_limit, which is already being tracked.
L 01/30/2023 - 14:32:29: [CvarSettings] [c2m1_highway] Attempt to track ConVar z_gun_swing_vs_min_penalty, which is already being tracked.
L 01/30/2023 - 14:32:29: [CvarSettings] [c2m1_highway] Could not find CVar specified (ammo_shotgun_spas_max)
L 01/30/2023 - 14:32:29: [CvarSettings] [c2m1_highway] Could not find CVar specified (simple_antibhop_enable)
L 01/30/2023 - 14:32:29: [CvarSettings] [c2m1_highway] Could not find CVar specified (bhop_allow_survivor)
L 01/30/2023 - 14:32:29: [CvarSettings] [c2m1_highway] Could not find CVar specified (bhop_except_si_flags)
L 01/30/2023 - 14:32:29: [CvarSettings] [c2m1_highway] Could not find CVar specified (sm_survivor_mvp_brevity)
L 01/30/2023 - 14:32:29: [CvarSettings] [c2m1_highway] Could not find CVar specified (l4d2_MITSR_Amount)
L 01/30/2023 - 14:32:29: [CvarSettings] [c2m1_highway] Could not find CVar specified (l4d2_MITSR_FireAxe)
L 01/30/2023 - 14:32:29: [CvarSettings] [c2m1_highway] Could not find CVar specified (l4d2_MITSR_Shovel)
L 01/30/2023 - 14:32:29: [CvarSettings] [c2m1_highway] Could not find CVar specified (l4d2_MITSR_Pitchfork)
L 01/30/2023 - 14:32:29: [CvarSettings] [c2m1_highway] Could not find CVar specified (l4d2_MITSR_BaseballBat)
L 01/30/2023 - 14:32:29: [CvarSettings] [c2m1_highway] Could not find CVar specified (l4d2_ghost_warp_flag)
L 01/30/2023 - 14:32:29: [CvarSettings] [c2m1_highway] Could not find CVar specified (l4d2_ghost_warp_delay)
L 01/30/2023 - 14:32:29: [CvarSettings] [c2m1_highway] Could not find CVar specified (charger_dmg_incapped)
L 01/30/2023 - 14:32:29: [CvarSettings] [c2m1_highway] Could not find CVar specified (longer_tank_punch_getup)
L 01/30/2023 - 14:32:29: [CvarSettings] [c2m1_highway] Could not find CVar specified (l4d_equalise_alarm_cars)
L 01/30/2023 - 14:32:29: [CvarSettings] [c2m1_highway] Could not find CVar specified (l4d2_reload_speed_mp5)
L 01/30/2023 - 14:32:29: [CvarSettings] [c2m1_highway] Could not find CVar specified (l4d2_MITSR_Random)
L 01/30/2023 - 14:32:29: [CvarSettings] [c2m1_highway] Could not find CVar specified (l4d2_MITSR_BaseballBat)
L 01/30/2023 - 14:32:29: [CvarSettings] [c2m1_highway] Could not find CVar specified (l4d2_MITSR_CricketBat)
L 01/30/2023 - 14:32:29: [CvarSettings] [c2m1_highway] Could not find CVar specified (l4d2_MITSR_Crowbar)
L 01/30/2023 - 14:32:29: [CvarSettings] [c2m1_highway] Could not find CVar specified (l4d2_MITSR_ElecGuitar)
L 01/30/2023 - 14:32:29: [CvarSettings] [c2m1_highway] Could not find CVar specified (l4d2_MITSR_GolfClub)
L 01/30/2023 - 14:32:29: [CvarSettings] [c2m1_highway] Could not find CVar specified (l4d2_MITSR_Knife)
L 01/30/2023 - 14:32:29: [CvarSettings] [c2m1_highway] Could not find CVar specified (l4d2_MITSR_Katana)
L 01/30/2023 - 14:32:29: [CvarSettings] [c2m1_highway] Could not find CVar specified (l4d2_MITSR_Machete)
L 01/30/2023 - 14:32:29: [CvarSettings] [c2m1_highway] Could not find CVar specified (l4d2_MITSR_RiotShield)
L 01/30/2023 - 14:32:29: [CvarSettings] [c2m1_highway] Could not find CVar specified (l4d2_MITSR_Tonfa)
L 01/30/2023 - 14:32:29: [CvarSettings] [c2m1_highway] Could not find CVar specified (l4d2_MITSR_FryingPan)
L 01/30/2023 - 14:32:29: [CvarSettings] [c2m1_highway] Could not find CVar specified (l4d2_MITSR_Pitchfork)
L 01/30/2023 - 14:32:29: [CvarSettings] [c2m1_highway] Could not find CVar specified (l4d2_MITSR_Shovel)
L 01/30/2023 - 14:32:29: [CvarSettings] [c2m1_highway] Could not find CVar specified (starting_item_flags_r2)
L 01/30/2023 - 14:32:29: [CvarSettings] [c2m1_highway] Could not find CVar specified (l4d2_solidhealthmedkits_over)
L 01/30/2023 - 14:32:29: [CvarSettings] [c2m1_highway] Attempt to track ConVar z_ghost_delay_max, which is already being tracked.
L 01/30/2023 - 14:32:29: [CvarSettings] [c2m1_highway] Attempt to track ConVar z_jockey_ride_damage, which is already being tracked.
L 01/30/2023 - 14:32:29: [CvarSettings] [c2m1_highway] Attempt to track ConVar z_jockey_ride_damage_interval, which is already being tracked.
L 01/30/2023 - 14:32:29: [CvarSettings] [c2m1_highway] Attempt to track ConVar tank_burn_duration, which is already being tracked.
L 01/30/2023 - 14:32:29: [CvarSettings] [c2m1_highway] Attempt to track ConVar tongue_choke_damage_amount, which is already being tracked.
L 01/30/2023 - 14:32:29: [CvarSettings] [c2m1_highway] Could not find CVar specified (rpg_allow_glow)
L 01/30/2023 - 14:32:29: [CvarSettings] [c2m1_highway] Could not find CVar specified (join_autoupdate)
L 01/30/2023 - 15:46:42: [CvarSettings] [c2m1_highway] Could not find CVar specified (confogl_boss_unprohibit)
L 01/30/2023 - 15:46:42: [CvarSettings] [c2m1_highway] Could not find CVar specified (sm_survivor_mvp_brevity_latest)
L 01/30/2023 - 15:46:42: [CvarSettings] [c2m1_highway] Could not find CVar specified (sm_stats_autoprint_vs_round)
L 01/30/2023 - 15:46:42: [CvarSettings] [c2m1_highway] Attempt to track ConVar z_ghost_delay_max, which is already being tracked.
L 01/30/2023 - 15:46:42: [CvarSettings] [c2m1_highway] Could not find CVar specified (rpg_allow_glow)
L 01/30/2023 - 15:46:42: [CvarSettings] [c2m1_highway] Could not find CVar specified (join_autoupdate)
