--=================================================================--
[18/01/2023 09:55:57] --- 地图开始: c2m1_highway ---
--=================================================================--
--=================================================================--
[18/01/2023 09:56:00] --- 地图结束: c2m1_highway ---
--=================================================================--
--=================================================================--
[18/01/2023 09:56:02] --- 回合开始: c2m1_highway ---
--=================================================================--
--=================================================================--
[18/01/2023 09:56:02] --- 地图开始: c2m1_highway ---
--=================================================================--
[09:56:14] [CN] Frma<2><STEAM_1:1:197534818><> 加入游戏 (121.207.175.18)
[09:56:14] [Unassigned] Frma: vmodenable 1
[09:56:14] [Unassigned] Frma: vban 0
[09:56:15] [Unassigned] Frma: unpause 
[09:56:22] [Survivor] Frma: vocalize smartlook auto
[09:56:23] [Survivor] Frma: say_team !vote
[09:56:23] [Survivor] Frma: sm_vote 
[09:56:25] [Survivor] Frma: vocalize smartlook auto
[09:56:27] [Survivor] Frma: vocalize smartlook auto
[09:56:28] [Survivor] Frma: menuselect 3
[09:56:29] [Survivor] Frma: vote Yes
[09:56:29] [Survivor] Frma: menuselect 1
[09:56:36] [Survivor] Frma: give pain_pills
[09:56:36] [Survivor] Frma: give health
[09:56:36] [Survivor] Frma: nb_assault 
[09:56:36] [Survivor] Frma: nb_assault 
[09:56:42] [Survivor] Frma: nb_assault 
[09:56:45] [Survivor] Frma: nb_assault 
[09:57:04] [Survivor] Frma: nb_assault 
[09:57:14] [Survivor] Frma: nb_assault 
[09:57:15] [Survivor] Frma: nb_assault 
[09:57:20] [Survivor] Frma: nb_assault 
[09:57:27] [Survivor] Frma: nb_assault 
[09:57:30] [Survivor] Frma: nb_assault 
[09:57:34] [Survivor] Frma: nb_assault 
[09:57:37] [Survivor] Frma: nb_assault 
[09:57:40] [Survivor] Frma: nb_assault 
[09:57:50] [Survivor] Frma: nb_assault 
[09:57:55] [Survivor] Frma: nb_assault 
[09:57:58] [Survivor] Frma: nb_assault 
[09:58:03] [Survivor] Frma: nb_assault 
[09:58:10] [Survivor] Frma: nb_assault 
[09:58:12] [Survivor] Frma: say_team !zs
[09:58:12] [Survivor] Frma: sm_zs 
--=================================================================--
[18/01/2023 09:58:13] --- 回合结束: c2m1_highway ---
--=================================================================--
--=================================================================--
[18/01/2023 09:58:15] --- 回合结束: c2m1_highway ---
--=================================================================--
--=================================================================--
[18/01/2023 09:58:16] --- 回合开始: c2m1_highway ---
--=================================================================--
[09:58:26] [Survivor] Frma: give pain_pills
[09:58:26] [Survivor] Frma: give health
[09:58:26] [Survivor] Frma: nb_assault 
[09:58:26] [Survivor] Frma: nb_assault 
[09:58:39] [Survivor] Frma: nb_assault 
[09:58:43] [Survivor] Frma: nb_assault 
[09:58:46] [Survivor] Frma: nb_assault 
[09:58:48] [Survivor] Frma: nb_assault 
[09:59:05] [Survivor] Frma: nb_assault 
[09:59:30] [Survivor] Frma: nb_assault 
[09:59:37] [Survivor] Frma: nb_assault 
[09:59:40] [Survivor] Frma: nb_assault 
[09:59:43] [Survivor] Frma: nb_assault 
[09:59:53] [Survivor] Frma: nb_assault 
[09:59:59] [Survivor] Frma: nb_assault 
[10:00:06] [Survivor] Frma: nb_assault 
[10:00:09] [Survivor] Frma: nb_assault 
[10:00:12] [Survivor] Frma: nb_assault 
[10:00:20] [Survivor] Frma: nb_assault 
[10:00:26] [Survivor] Frma: nb_assault 
[10:00:31] [Survivor] Frma: nb_assault 
[10:00:33] [Survivor] Frma: nb_assault 
[10:00:37] [Survivor] Frma: nb_assault 
[10:00:38] [Survivor] Frma: nb_assault 
[10:00:41] [Survivor] Frma: vocalize smartlook auto
[10:00:44] [Survivor] Frma: nb_assault 
[10:00:49] [Survivor] Frma: nb_assault 
[10:00:54] [Survivor] Frma: nb_assault 
[10:00:57] [Survivor] Frma: nb_assault 
[10:01:19] [Survivor] Frma: nb_assault 
[10:01:31] [Survivor] Frma: nb_assault 
[10:01:33] [Survivor] Frma: nb_assault 
[10:01:36] [Survivor] Frma: nb_assault 
[10:01:40] [Survivor] Frma: nb_assault 
[10:01:44] [Survivor] Frma: nb_assault 
[10:01:46] [Survivor] Frma: nb_assault 
[10:01:53] [Survivor] Frma: nb_assault 
[10:01:55] [Survivor] Frma: nb_assault 
[10:01:59] [Survivor] Frma: nb_assault 
[10:02:00] [Survivor] Frma: nb_assault 
[10:02:05] [Survivor] Frma: nb_assault 
[10:02:09] [Survivor] Frma: nb_assault 
--=================================================================--
[18/01/2023 10:02:10] --- 回合结束: c2m1_highway ---
--=================================================================--
--=================================================================--
[18/01/2023 10:02:12] --- 回合结束: c2m1_highway ---
--=================================================================--
--=================================================================--
[18/01/2023 10:02:14] --- 回合开始: c2m1_highway ---
--=================================================================--
[10:02:24] [Survivor] Frma: nb_assault 
[10:02:24] [Survivor] Frma: nb_assault 
[10:02:24] [Survivor] Frma: give pain_pills
[10:02:24] [Survivor] Frma: give health
[10:02:41] [Survivor] Frma: nb_assault 
[10:02:46] [Survivor] Frma: nb_assault 
[10:02:58] [Survivor] Frma: nb_assault 
[10:03:10] [Survivor] Frma: nb_assault 
[10:03:12] [Survivor] Frma: nb_assault 
[10:03:15] [Survivor] Frma: nb_assault 
[10:03:25] [Survivor] Frma: nb_assault 
[10:03:28] [Survivor] Frma: nb_assault 
[10:03:55] [Survivor] Frma: nb_assault 
[10:03:58] [Survivor] Frma: nb_assault 
[10:04:16] [Survivor] Frma: nb_assault 
[10:04:34] [Survivor] Frma: nb_assault 
[10:04:39] [Survivor] Frma: nb_assault 
[10:04:41] [Survivor] Frma: nb_assault 
[10:04:50] [Survivor] Frma: nb_assault 
[10:04:53] [Survivor] Frma: nb_assault 
[10:04:59] [Survivor] Frma: nb_assault 
[10:05:02] [Survivor] Frma: nb_assault 
[10:05:07] [Survivor] Frma: nb_assault 
[10:05:12] [Survivor] Frma: nb_assault 
[10:05:13] [Survivor] Frma: nb_assault 
[10:05:32] [Survivor] Frma: nb_assault 
[10:05:34] [Survivor] Frma: nb_assault 
[10:05:41] [Survivor] Frma: nb_assault 
[10:05:45] [Survivor] Frma: nb_assault 
[10:05:47] [Survivor] Frma: choose_closedoor 
--=================================================================--
[18/01/2023 10:05:49] --- 回合结束: c2m1_highway ---
--=================================================================--
[10:05:49] [Survivor] Frma: give health
[10:05:49] [Survivor] Frma: give pistol
[10:05:50] [Survivor] Frma: vocalize smartlook auto
--=================================================================--
[18/01/2023 10:05:51] --- 回合结束: c2m1_highway ---
--=================================================================--
--=================================================================--
[18/01/2023 10:05:55] --- 地图结束: c2m1_highway ---
--=================================================================--
--=================================================================--
[18/01/2023 10:05:57] --- 回合开始: c2m2_fairgrounds ---
--=================================================================--
--=================================================================--
[18/01/2023 10:05:57] --- 地图开始: c2m2_fairgrounds ---
--=================================================================--
[10:06:07] [CN] Frma<2><STEAM_1:1:197534818><> 加入游戏 (121.207.175.18)
[10:06:07] [Unassigned] Frma: vmodenable 1
[10:06:07] [Unassigned] Frma: vban 0
[10:06:09] [Unassigned] Frma: unpause 
[10:06:13] [Survivor] Frma: choose_opendoor 
[10:06:13] [Survivor] Frma: choose_opendoor 
[10:06:13] [Survivor] Frma: choose_opendoor 
[10:06:13] [Survivor] Frma: choose_opendoor 
[10:06:13] [Survivor] Frma: choose_opendoor 
[10:06:17] [Survivor] Frma: give pain_pills
[10:06:17] [Survivor] Frma: give health
[10:06:17] [Survivor] Frma: nb_assault 
[10:06:17] [Survivor] Frma: nb_assault 
[10:06:33] [Survivor] Frma: nb_assault 
[10:06:34] [Survivor] Frma: nb_assault 
[10:06:39] [Survivor] Frma: nb_assault 
[10:06:42] [Survivor] Frma: nb_assault 
[10:06:44] [Survivor] Frma: nb_assault 
[10:06:47] [Survivor] Frma: nb_assault 
[10:06:50] [Survivor] Frma: nb_assault 
[10:06:54] [Survivor] Frma: nb_assault 
[10:06:56] [Survivor] Frma: nb_assault 
[10:07:03] [Survivor] Frma: nb_assault 
[10:07:06] [Survivor] Frma: nb_assault 
[10:07:12] [Survivor] Frma: nb_assault 
[10:07:17] [Survivor] Frma: say !zs
[10:07:17] [Survivor] Frma: sm_zs 
--=================================================================--
[18/01/2023 10:07:17] --- 回合结束: c2m2_fairgrounds ---
--=================================================================--
--=================================================================--
[18/01/2023 10:07:19] --- 回合结束: c2m2_fairgrounds ---
--=================================================================--
--=================================================================--
[18/01/2023 10:07:21] --- 回合开始: c2m2_fairgrounds ---
--=================================================================--
[10:07:25] [Survivor] Frma: choose_opendoor 
[10:07:25] [Survivor] Frma: choose_opendoor 
[10:07:25] [Survivor] Frma: choose_opendoor 
[10:07:25] [Survivor] Frma: choose_opendoor 
[10:07:25] [Survivor] Frma: choose_opendoor 
[10:07:27] [Survivor] Frma: nb_assault 
[10:07:27] [Survivor] Frma: give pain_pills
[10:07:27] [Survivor] Frma: give health
[10:07:27] [Survivor] Frma: nb_assault 
[10:07:31] [Survivor] Frma: nb_assault 
[10:07:34] [Survivor] Frma: nb_assault 
[10:07:38] [Survivor] Frma: nb_assault 
[10:07:45] [Survivor] Frma: nb_assault 
[10:07:48] [Survivor] Frma: nb_assault 
[10:08:14] [Survivor] Frma: vocalize smartlook auto
[10:08:15] [Survivor] Frma: nb_assault 
[10:08:26] [Survivor] Frma: nb_assault 
[10:08:32] [Survivor] Frma: nb_assault 
[10:08:33] [Survivor] Frma: nb_assault 
[10:08:38] [Survivor] Frma: nb_assault 
[10:08:39] [Survivor] Frma: nb_assault 
[10:08:46] [Survivor] Frma: nb_assault 
[10:08:53] [Survivor] Frma: nb_assault 
[10:09:20] [Survivor] Frma: nb_assault 
[10:09:36] [Survivor] Frma: nb_assault 
[10:09:41] [Survivor] Frma: nb_assault 
[10:09:43] [Survivor] Frma: nb_assault 
[10:09:47] [Survivor] Frma: nb_assault 
[10:09:50] [Survivor] Frma: nb_assault 
[10:09:56] [Survivor] Frma: nb_assault 
[10:09:57] [Survivor] Frma: nb_assault 
[10:10:15] [Survivor] Frma: nb_assault 
[10:10:16] [Survivor] Frma: nb_assault 
[10:10:29] [Survivor] Frma: nb_assault 
[10:10:32] [Survivor] Frma: nb_assault 
[10:10:42] [Survivor] Frma: nb_assault 
[10:10:48] [Survivor] Frma: nb_assault 
[10:11:09] [Survivor] Frma: nb_assault 
[10:11:12] [Survivor] Frma: nb_assault 
[10:11:16] [Survivor] Frma: nb_assault 
[10:11:22] [Survivor] Frma: nb_assault 
[10:11:27] [Survivor] Frma: choose_closedoor 
[10:11:27] [Survivor] Frma: choose_closedoor 
--=================================================================--
[18/01/2023 10:11:28] --- 回合结束: c2m2_fairgrounds ---
--=================================================================--
[10:11:28] [Survivor] Frma: give health
[10:11:28] [Survivor] Frma: give pistol
[10:11:28] [Survivor] Frma: vocalize smartlook auto
--=================================================================--
[18/01/2023 10:11:30] --- 回合结束: c2m2_fairgrounds ---
--=================================================================--
--=================================================================--
[18/01/2023 10:11:34] --- 地图结束: c2m2_fairgrounds ---
--=================================================================--
--=================================================================--
[18/01/2023 10:11:36] --- 回合开始: c2m3_coaster ---
--=================================================================--
--=================================================================--
[18/01/2023 10:11:36] --- 地图开始: c2m3_coaster ---
--=================================================================--
[10:11:45] [CN] Frma<2><STEAM_1:1:197534818><> 加入游戏 (121.207.175.18)
[10:11:46] [Unassigned] Frma: unpause 
[10:11:46] [Unassigned] Frma: vmodenable 1
[10:11:46] [Unassigned] Frma: vban 0
[10:11:52] [Survivor] Frma: choose_opendoor 
[10:11:52] [Survivor] Frma: choose_opendoor 
[10:11:52] [Survivor] Frma: choose_opendoor 
[10:11:52] [Survivor] Frma: choose_opendoor 
[10:11:53] [Survivor] Frma: choose_opendoor 
[10:11:54] [Survivor] Frma: nb_assault 
[10:11:54] [Survivor] Frma: give pain_pills
[10:11:54] [Survivor] Frma: give health
[10:11:55] [Survivor] Frma: nb_assault 
[10:11:56] [Survivor] Frma: nb_assault 
[10:12:03] [Survivor] Frma: nb_assault 
[10:12:10] [Survivor] Frma: nb_assault 
[10:12:13] [Survivor] Frma: nb_assault 
[10:12:15] [Survivor] Frma: nb_assault 
[10:12:39] [Survivor] Frma: nb_assault 
[10:12:45] [Survivor] Frma: nb_assault 
[10:12:49] [Survivor] Frma: nb_assault 
[10:12:53] [Survivor] Frma: nb_assault 
[10:12:59] [Survivor] Frma: nb_assault 
[10:13:04] [Survivor] Frma: nb_assault 
[10:13:24] [Survivor] Frma: nb_assault 
[10:13:26] [Survivor] Frma: nb_assault 
[10:13:33] [Survivor] Frma: nb_assault 
[10:13:38] [Survivor] Frma: nb_assault 
[10:13:42] [Survivor] Frma: nb_assault 
[10:13:47] [Survivor] Frma: nb_assault 
[10:13:48] [Survivor] Frma: vocalize smartlook auto
[10:13:49] [Survivor] Frma: nb_assault 
[10:13:53] [Survivor] Frma: nb_assault 
[10:13:56] [Survivor] Frma: nb_assault 
[10:14:12] [Survivor] Frma: nb_assault 
[10:14:17] [Survivor] Frma: nb_assault 
[10:14:26] [Survivor] Frma: nb_assault 
[10:14:36] [Survivor] Frma: nb_assault 
[10:14:44] [Survivor] Frma: nb_assault 
[10:14:48] [Survivor] Frma: nb_assault 
[10:14:54] [Survivor] Frma: vocalize smartlook auto
[10:14:58] [Survivor] Frma: nb_assault 
[10:15:08] [Survivor] Frma: nb_assault 
[10:15:12] [Survivor] Frma: nb_assault 
[10:15:13] [Survivor] Frma: nb_assault 
[10:15:20] [Survivor] Frma: say !zs
[10:15:20] [Survivor] Frma: sm_zs 
--=================================================================--
[18/01/2023 10:15:21] --- 回合结束: c2m3_coaster ---
--=================================================================--
--=================================================================--
[18/01/2023 10:15:23] --- 回合结束: c2m3_coaster ---
--=================================================================--
--=================================================================--
[18/01/2023 10:15:24] --- 回合开始: c2m3_coaster ---
--=================================================================--
[10:15:31] [Survivor] Frma: vocalize smartlook auto
[10:15:35] [Survivor] Frma: choose_opendoor 
[10:15:35] [Survivor] Frma: choose_opendoor 
[10:15:35] [Survivor] Frma: choose_opendoor 
[10:15:35] [Survivor] Frma: choose_opendoor 
[10:15:36] [Survivor] Frma: choose_opendoor 
[10:15:40] [Survivor] Frma: nb_assault 
[10:15:40] [Survivor] Frma: give pain_pills
[10:15:40] [Survivor] Frma: give health
[10:15:40] [Survivor] Frma: nb_assault 
[10:15:43] [Survivor] Frma: nb_assault 
[10:15:44] [Survivor] Frma: nb_assault 
[10:15:50] [Survivor] Frma: nb_assault 
[10:15:52] [Survivor] Frma: nb_assault 
[10:16:00] [Survivor] Frma: nb_assault 
[10:16:03] [Survivor] Frma: nb_assault 
[10:16:09] [Survivor] Frma: nb_assault 
[10:16:13] [Survivor] Frma: nb_assault 
[10:16:32] [Survivor] Frma: nb_assault 
[10:16:33] [Survivor] Frma: nb_assault 
[10:16:40] [Survivor] Frma: nb_assault 
[10:16:44] [Survivor] Frma: nb_assault 
[10:16:48] [Survivor] Frma: nb_assault 
[10:16:52] [Survivor] Frma: nb_assault 
[10:17:03] [Survivor] Frma: nb_assault 
[10:17:05] [Survivor] Frma: nb_assault 
[10:17:14] [Survivor] Frma: setpause 
[10:17:15] Frma<2><STEAM_1:1:197534818><> 离开游戏 (reason: Disconnect by user.)
--=================================================================--
[18/01/2023 10:17:50] --- 回合开始: c2m1_highway ---
--=================================================================--
--=================================================================--
[18/01/2023 10:17:50] --- 地图开始: c2m1_highway ---
--=================================================================--
[14:05:13] [CN] jm天堂<2><STEAM_1:0:625834323><> 加入游戏 (120.239.34.139)
[14:05:13] [Unassigned] jm天堂: vmodenable 1
[14:05:18] [Survivor] jm天堂: unpause 
[14:05:21] [Survivor] jm天堂: say_team !match
[14:05:21] [Survivor] jm天堂: sm_match 
[14:05:23] [Survivor] jm天堂: say_team !votee
[14:05:26] [Survivor] jm天堂: say_team !vote
[14:05:26] [Survivor] jm天堂: sm_vote 
[14:05:30] [Survivor] jm天堂: menuselect 3
[14:05:31] [Survivor] jm天堂: vote Yes
[14:05:31] [Survivor] jm天堂: menuselect 2
--=================================================================--
[18/01/2023 14:05:32] --- 地图开始: c2m1_highway ---
--=================================================================--
--=================================================================--
[18/01/2023 14:05:35] --- 地图结束: c2m1_highway ---
--=================================================================--
--=================================================================--
[18/01/2023 14:05:37] --- 回合开始: c2m1_highway ---
--=================================================================--
--=================================================================--
[18/01/2023 14:05:37] --- 地图开始: c2m1_highway ---
--=================================================================--
[14:05:51] [CN] jm天堂<2><STEAM_1:0:625834323><> 加入游戏 (120.239.34.139)
[14:05:51] [Unassigned] jm天堂: vmodenable 1
[14:05:51] [Unassigned] jm天堂: vban 0
[14:05:52] [Unassigned] jm天堂: unpause 
[14:05:57] [Spectator] jm天堂: say_team !jg
[14:05:57] [Spectator] jm天堂: sm_jg 
[14:05:57] [Spectator] jm天堂: jointeam survivor
[14:06:01] [Survivor] jm天堂: vocalize smartlook auto
[14:06:02] [Survivor] jm天堂: say_team !vote
[14:06:02] [Survivor] jm天堂: sm_vote 
[14:06:15] [Survivor] jm天堂: menuselect 5
[14:06:15] [Survivor] jm天堂: vote Yes
[14:06:15] [Survivor] jm天堂: menuselect 1
[14:06:16] [Survivor] jm天堂: say_team !vote
[14:06:16] [Survivor] jm天堂: sm_vote 
[14:06:18] [Survivor] jm天堂: menuselect 3
[14:06:18] [Survivor] jm天堂: vote Yes
[14:06:18] [Survivor] jm天堂: menuselect 1
[14:06:22] [Survivor] jm天堂: nb_assault 
[14:06:22] [Survivor] jm天堂: nb_assault 
[14:06:22] [Survivor] jm天堂: give pain_pills
[14:06:22] [Survivor] jm天堂: give health
[14:06:22] [Survivor] jm天堂: give machete
[14:06:25] [Survivor] jm天堂: nb_assault 
[14:06:26] [Survivor] jm天堂: vocalize smartlook auto
[14:06:34] [Survivor] jm天堂: nb_assault 
[14:06:41] [Survivor] jm天堂: nb_assault 
[14:06:47] [Survivor] jm天堂: nb_assault 
[14:06:53] [Survivor] jm天堂: nb_assault 
[14:06:57] [Survivor] jm天堂: nb_assault 
[14:06:59] [Survivor] jm天堂: nb_assault 
[14:07:07] [Survivor] jm天堂: nb_assault 
[14:07:13] [Survivor] jm天堂: nb_assault 
[14:07:17] [Survivor] jm天堂: nb_assault 
[14:07:20] [Survivor] jm天堂: vocalize smartlook auto
[14:07:29] [Survivor] jm天堂: nb_assault 
[14:07:34] [Survivor] jm天堂: nb_assault 
[14:07:40] [Survivor] jm天堂: nb_assault 
[14:08:00] [Survivor] jm天堂: nb_assault 
[14:08:02] [Survivor] jm天堂: nb_assault 
[14:08:03] [Survivor] jm天堂: nb_assault 
[14:08:06] [Survivor] jm天堂: nb_assault 
[14:08:09] [Survivor] jm天堂: nb_assault 
[14:08:09] [Survivor] jm天堂: nb_assault 
[14:08:13] [Survivor] jm天堂: nb_assault 
[14:08:40] [Survivor] jm天堂: nb_assault 
[14:08:45] [Survivor] jm天堂: nb_assault 
[14:08:50] [Survivor] jm天堂: nb_assault 
[14:09:01] [Survivor] jm天堂: nb_assault 
[14:09:04] [Survivor] jm天堂: nb_assault 
[14:09:08] [Survivor] jm天堂: nb_assault 
[14:09:09] [Survivor] jm天堂: nb_assault 
[14:09:12] [Survivor] jm天堂: nb_assault 
[14:09:15] [Survivor] jm天堂: choose_closedoor 
[14:09:15] [Survivor] jm天堂: choose_closedoor 
--=================================================================--
[18/01/2023 14:09:16] --- 回合结束: c2m1_highway ---
--=================================================================--
[14:09:16] [Survivor] jm天堂: give health
[14:09:16] [Survivor] jm天堂: give pistol
[14:09:17] [Survivor] jm天堂: vocalize smartlook auto
--=================================================================--
[18/01/2023 14:09:18] --- 回合结束: c2m1_highway ---
--=================================================================--
--=================================================================--
[18/01/2023 14:09:22] --- 地图结束: c2m1_highway ---
--=================================================================--
--=================================================================--
[18/01/2023 14:09:24] --- 回合开始: c2m2_fairgrounds ---
--=================================================================--
--=================================================================--
[18/01/2023 14:09:24] --- 地图开始: c2m2_fairgrounds ---
--=================================================================--
[14:09:38] [CN] jm天堂<2><STEAM_1:0:625834323><> 加入游戏 (120.239.34.139)
[14:09:39] [Unassigned] jm天堂: unpause 
[14:09:39] [Unassigned] jm天堂: vmodenable 1
[14:09:39] [Unassigned] jm天堂: vban 0
[14:09:40] [Survivor] jm天堂: vocalize smartlook auto
[14:09:45] [Survivor] jm天堂: choose_opendoor 
[14:09:45] [Survivor] jm天堂: choose_opendoor 
[14:09:45] [Survivor] jm天堂: choose_opendoor 
[14:09:45] [Survivor] jm天堂: choose_opendoor 
[14:09:45] [Survivor] jm天堂: choose_opendoor 
[14:09:45] [Survivor] jm天堂: choose_opendoor 
[14:09:45] [Survivor] jm天堂: choose_opendoor 
[14:09:45] [Survivor] jm天堂: choose_opendoor 
[14:09:45] [Survivor] jm天堂: choose_opendoor 
[14:09:46] [Survivor] jm天堂: nb_assault 
[14:09:46] [Survivor] jm天堂: nb_assault 
[14:09:46] [Survivor] jm天堂: give pain_pills
[14:09:46] [Survivor] jm天堂: give health
[14:09:46] [Survivor] jm天堂: give machete
[14:10:17] [Survivor] jm天堂: nb_assault 
[14:10:24] [Survivor] jm天堂: nb_assault 
[14:10:29] [Survivor] jm天堂: nb_assault 
[14:10:34] [Survivor] jm天堂: vocalize smartlook auto
[14:10:46] [Survivor] jm天堂: nb_assault 
[14:10:51] [Survivor] jm天堂: nb_assault 
[14:10:53] [Survivor] jm天堂: nb_assault 
[14:11:02] [Survivor] jm天堂: nb_assault 
[14:11:03] [Survivor] jm天堂: nb_assault 
[14:11:09] [Survivor] jm天堂: nb_assault 
[14:11:24] [Survivor] jm天堂: nb_assault 
[14:11:32] [Survivor] jm天堂: nb_assault 
[14:11:35] [Survivor] jm天堂: nb_assault 
[14:11:38] [Survivor] jm天堂: nb_assault 
[14:11:45] [Survivor] jm天堂: nb_assault 
[14:11:45] [Survivor] jm天堂: nb_assault 
[14:12:11] [Survivor] jm天堂: nb_assault 
[14:12:16] [Survivor] jm天堂: nb_assault 
[14:12:17] [Survivor] jm天堂: nb_assault 
[14:12:26] [Survivor] jm天堂: nb_assault 
[14:12:39] [Survivor] jm天堂: vocalize smartlook auto
[14:12:47] [Survivor] jm天堂: nb_assault 
[14:12:49] [Survivor] jm天堂: nb_assault 
[14:12:54] [Survivor] jm天堂: nb_assault 
[14:12:59] [Survivor] jm天堂: nb_assault 
[14:12:59] [Survivor] jm天堂: nb_assault 
[14:13:08] [Survivor] jm天堂: choose_closedoor 
[14:13:08] [Survivor] jm天堂: vocalize smartlook auto
--=================================================================--
[18/01/2023 14:13:08] --- 回合结束: c2m2_fairgrounds ---
--=================================================================--
[14:13:08] [Survivor] jm天堂: give health
[14:13:08] [Survivor] jm天堂: give pistol
--=================================================================--
[18/01/2023 14:13:10] --- 回合结束: c2m2_fairgrounds ---
--=================================================================--
--=================================================================--
[18/01/2023 14:13:14] --- 地图结束: c2m2_fairgrounds ---
--=================================================================--
--=================================================================--
[18/01/2023 14:13:17] --- 回合开始: c2m3_coaster ---
--=================================================================--
--=================================================================--
[18/01/2023 14:13:17] --- 地图开始: c2m3_coaster ---
--=================================================================--
[14:13:29] [CN] jm天堂<2><STEAM_1:0:625834323><> 加入游戏 (120.239.34.139)
[14:13:30] [Unassigned] jm天堂: unpause 
[14:13:30] [Unassigned] jm天堂: vmodenable 1
[14:13:30] [Unassigned] jm天堂: vban 0
[14:13:31] [Survivor] jm天堂: vocalize smartlook auto
[14:13:36] [Survivor] jm天堂: choose_opendoor 
[14:13:36] [Survivor] jm天堂: choose_opendoor 
[14:13:37] [Survivor] jm天堂: choose_opendoor 
[14:13:37] [Survivor] jm天堂: choose_opendoor 
[14:13:37] [Survivor] jm天堂: choose_opendoor 
[14:13:37] [Survivor] jm天堂: choose_opendoor 
[14:13:37] [Survivor] jm天堂: choose_opendoor 
[14:13:37] [Survivor] jm天堂: choose_opendoor 
[14:13:38] [Survivor] jm天堂: give pain_pills
[14:13:38] [Survivor] jm天堂: give health
[14:13:38] [Survivor] jm天堂: give machete
[14:13:38] [Survivor] jm天堂: nb_assault 
[14:13:39] [Survivor] jm天堂: nb_assault 
[14:13:43] [Survivor] jm天堂: nb_assault 
[14:13:48] [Survivor] jm天堂: nb_assault 
[14:13:54] [Survivor] jm天堂: nb_assault 
[14:13:58] [Survivor] jm天堂: nb_assault 
[14:14:02] [Survivor] jm天堂: nb_assault 
[14:14:03] [Survivor] jm天堂: say_team !zs
[14:14:03] [Survivor] jm天堂: sm_zs 
--=================================================================--
[18/01/2023 14:14:04] --- 回合结束: c2m3_coaster ---
--=================================================================--
[14:14:05] [Survivor] jm天堂: say_team !buy
[14:14:05] [Survivor] jm天堂: sm_buy 
--=================================================================--
[18/01/2023 14:14:06] --- 回合结束: c2m3_coaster ---
--=================================================================--
[14:14:06] [Survivor] jm天堂: menuselect 1
--=================================================================--
[18/01/2023 14:14:07] --- 回合开始: c2m3_coaster ---
--=================================================================--
[14:14:08] [Survivor] jm天堂: menuselect 1
[14:14:09] [Survivor] jm天堂: vocalize smartlook auto
[14:14:12] [Survivor] jm天堂: give pumpshotgun
[14:14:12] [Survivor] jm天堂: menuselect 5
[14:14:13] [Survivor] jm天堂: choose_opendoor 
[14:14:13] [Survivor] jm天堂: choose_opendoor 
[14:14:13] [Survivor] jm天堂: choose_opendoor 
[14:14:13] [Survivor] jm天堂: choose_opendoor 
[14:14:13] [Survivor] jm天堂: choose_opendoor 
[14:14:13] [Survivor] jm天堂: choose_opendoor 
[14:14:13] [Survivor] jm天堂: choose_opendoor 
[14:14:14] [Survivor] jm天堂: choose_opendoor 
[14:14:14] [Survivor] jm天堂: choose_opendoor 
[14:14:15] [Survivor] jm天堂: give pain_pills
[14:14:15] [Survivor] jm天堂: give health
[14:14:15] [Survivor] jm天堂: give machete
[14:14:15] [Survivor] jm天堂: nb_assault 
[14:14:15] [Survivor] jm天堂: nb_assault 
[14:14:18] [Survivor] jm天堂: nb_assault 
[14:14:20] [Survivor] jm天堂: nb_assault 
[14:14:27] [Survivor] jm天堂: nb_assault 
[14:14:28] [Survivor] jm天堂: nb_assault 
[14:14:32] [Survivor] jm天堂: nb_assault 
[14:14:35] [Survivor] jm天堂: nb_assault 
[14:14:40] [Survivor] jm天堂: nb_assault 
[14:14:42] [Survivor] jm天堂: nb_assault 
[14:14:45] [Survivor] jm天堂: nb_assault 
[14:14:51] [Survivor] jm天堂: nb_assault 
[14:14:53] [Survivor] jm天堂: nb_assault 
[14:14:56] [Survivor] jm天堂: nb_assault 
[14:14:58] [Survivor] jm天堂: nb_assault 
[14:15:03] [Survivor] jm天堂: nb_assault 
[14:15:09] [Survivor] jm天堂: nb_assault 
[14:15:23] [Survivor] jm天堂: nb_assault 
[14:15:37] [Survivor] jm天堂: nb_assault 
[14:15:40] [Survivor] jm天堂: nb_assault 
[14:15:44] [Survivor] jm天堂: nb_assault 
[14:15:48] [Survivor] jm天堂: nb_assault 
[14:16:01] [Survivor] jm天堂: nb_assault 
--=================================================================--
[18/01/2023 14:16:03] --- 回合结束: c2m3_coaster ---
--=================================================================--
--=================================================================--
[18/01/2023 14:16:05] --- 回合结束: c2m3_coaster ---
--=================================================================--
[14:16:05] [Survivor] jm天堂: setpause 
--=================================================================--
[18/01/2023 14:16:06] --- 回合开始: c2m3_coaster ---
--=================================================================--
[14:16:09] [Survivor] jm天堂: unpause 
[14:16:10] [Survivor] jm天堂: vocalize smartlook auto
[14:16:13] [Survivor] jm天堂: vocalize smartlook auto
[14:16:15] [Survivor] jm天堂: say_team !vote
[14:16:15] [Survivor] jm天堂: sm_vote 
[14:16:17] [Survivor] jm天堂: menuselect 4
[14:16:18] [Survivor] jm天堂: say_team !vote
[14:16:18] [Survivor] jm天堂: sm_vote 
[14:16:19] [Survivor] jm天堂: menuselect 5
[14:16:21] [Survivor] jm天堂: menuselect 9
[14:16:22] [Survivor] jm天堂: vote Yes
[14:16:22] [Survivor] jm天堂: menuselect 1
[14:16:23] [Survivor] jm天堂: choose_opendoor 
[14:16:23] [Survivor] jm天堂: choose_opendoor 
[14:16:23] [Survivor] jm天堂: choose_opendoor 
[14:16:23] [Survivor] jm天堂: choose_opendoor 
[14:16:23] [Survivor] jm天堂: choose_opendoor 
[14:16:23] [Survivor] jm天堂: choose_opendoor 
[14:16:23] [Survivor] jm天堂: choose_opendoor 
[14:16:23] [Survivor] jm天堂: choose_opendoor 
[14:16:23] [Survivor] jm天堂: choose_opendoor 
[14:16:24] [Survivor] jm天堂: nb_assault 
[14:16:25] [Survivor] jm天堂: give pain_pills
[14:16:25] [Survivor] jm天堂: give health
[14:16:25] [Survivor] jm天堂: give machete
[14:16:25] [Survivor] jm天堂: nb_assault 
[14:16:30] [Survivor] jm天堂: nb_assault 
[14:16:31] [Survivor] jm天堂: nb_assault 
[14:16:34] [Survivor] jm天堂: nb_assault 
[14:16:37] [Survivor] jm天堂: nb_assault 
[14:16:40] [Survivor] jm天堂: nb_assault 
[14:16:45] [Survivor] jm天堂: nb_assault 
[14:16:53] [Survivor] jm天堂: nb_assault 
[14:16:59] [Survivor] jm天堂: nb_assault 
[14:17:01] [Survivor] jm天堂: nb_assault 
[14:17:08] [Survivor] jm天堂: nb_assault 
[14:17:12] [Survivor] jm天堂: nb_assault 
[14:17:23] [Survivor] jm天堂: nb_assault 
[14:17:30] [Survivor] jm天堂: nb_assault 
[14:17:36] [Survivor] jm天堂: nb_assault 
--=================================================================--
[18/01/2023 14:17:52] --- 回合结束: c2m3_coaster ---
--=================================================================--
--=================================================================--
[18/01/2023 14:17:54] --- 回合结束: c2m3_coaster ---
--=================================================================--
--=================================================================--
[18/01/2023 14:17:55] --- 回合开始: c2m3_coaster ---
--=================================================================--
[14:17:58] [Survivor] jm天堂: choose_opendoor 
[14:17:58] [Survivor] jm天堂: choose_opendoor 
[14:17:58] [Survivor] jm天堂: choose_opendoor 
[14:17:58] [Survivor] jm天堂: choose_opendoor 
[14:17:58] [Survivor] jm天堂: choose_opendoor 
[14:17:58] [Survivor] jm天堂: choose_opendoor 
[14:17:58] [Survivor] jm天堂: choose_opendoor 
[14:17:58] [Survivor] jm天堂: choose_opendoor 
[14:17:58] [Survivor] jm天堂: choose_opendoor 
[14:17:59] [Survivor] jm天堂: give pain_pills
[14:17:59] [Survivor] jm天堂: give health
[14:17:59] [Survivor] jm天堂: give machete
[14:17:59] [Survivor] jm天堂: nb_assault 
[14:18:00] [Survivor] jm天堂: nb_assault 
[14:18:04] [Survivor] jm天堂: nb_assault 
[14:18:10] [Survivor] jm天堂: nb_assault 
[14:18:24] [Survivor] jm天堂: nb_assault 
[14:18:34] [Survivor] jm天堂: nb_assault 
[14:18:36] [Survivor] jm天堂: nb_assault 
[14:18:40] [Survivor] jm天堂: nb_assault 
[14:18:49] [Survivor] jm天堂: vocalize smartlook auto
[14:19:04] [Survivor] jm天堂: nb_assault 
[14:19:08] [Survivor] jm天堂: nb_assault 
[14:19:17] [Survivor] jm天堂: nb_assault 
[14:19:23] [Survivor] jm天堂: nb_assault 
[14:19:28] [Survivor] jm天堂: nb_assault 
[14:19:32] [Survivor] jm天堂: nb_assault 
[14:19:40] [Survivor] jm天堂: nb_assault 
[14:19:43] [Survivor] jm天堂: nb_assault 
[14:19:46] [Survivor] jm天堂: nb_assault 
[14:19:53] [Survivor] jm天堂: nb_assault 
[14:19:56] [Survivor] jm天堂: nb_assault 
[14:20:01] [Survivor] jm天堂: nb_assault 
[14:20:11] [Survivor] jm天堂: nb_assault 
[14:20:14] [Survivor] jm天堂: nb_assault 
[14:20:16] [Survivor] jm天堂: nb_assault 
--=================================================================--
[18/01/2023 14:20:26] --- 回合结束: c2m3_coaster ---
--=================================================================--
--=================================================================--
[18/01/2023 14:20:28] --- 回合结束: c2m3_coaster ---
--=================================================================--
--=================================================================--
[18/01/2023 14:20:29] --- 回合开始: c2m3_coaster ---
--=================================================================--
[14:20:35] [Survivor] jm天堂: choose_opendoor 
[14:20:35] [Survivor] jm天堂: choose_opendoor 
[14:20:35] [Survivor] jm天堂: choose_opendoor 
[14:20:35] [Survivor] jm天堂: choose_opendoor 
[14:20:36] [Survivor] jm天堂: choose_opendoor 
[14:20:36] [Survivor] jm天堂: choose_opendoor 
[14:20:36] [Survivor] jm天堂: choose_opendoor 
[14:20:36] [Survivor] jm天堂: choose_opendoor 
[14:20:37] [Survivor] jm天堂: give pain_pills
[14:20:37] [Survivor] jm天堂: give health
[14:20:37] [Survivor] jm天堂: give machete
[14:20:37] [Survivor] jm天堂: nb_assault 
[14:20:37] [Survivor] jm天堂: nb_assault 
[14:20:45] [Survivor] jm天堂: nb_assault 
[14:20:50] [Survivor] jm天堂: nb_assault 
[14:20:52] [Survivor] jm天堂: nb_assault 
[14:20:58] [Survivor] jm天堂: nb_assault 
[14:21:00] [Survivor] jm天堂: nb_assault 
[14:21:04] [Survivor] jm天堂: nb_assault 
[14:21:11] [Survivor] jm天堂: say_team !zs
[14:21:11] [Survivor] jm天堂: sm_zs 
--=================================================================--
[18/01/2023 14:21:12] --- 回合结束: c2m3_coaster ---
--=================================================================--
--=================================================================--
[18/01/2023 14:21:14] --- 回合结束: c2m3_coaster ---
--=================================================================--
--=================================================================--
[18/01/2023 14:21:15] --- 回合开始: c2m3_coaster ---
--=================================================================--
[14:21:18] [Survivor] jm天堂: vocalize smartlook auto
[14:21:20] [Survivor] jm天堂: choose_opendoor 
[14:21:20] [Survivor] jm天堂: choose_opendoor 
[14:21:20] [Survivor] jm天堂: choose_opendoor 
[14:21:20] [Survivor] jm天堂: choose_opendoor 
[14:21:20] [Survivor] jm天堂: choose_opendoor 
[14:21:20] [Survivor] jm天堂: choose_opendoor 
[14:21:20] [Survivor] jm天堂: choose_opendoor 
[14:21:20] [Survivor] jm天堂: choose_opendoor 
[14:21:21] [Survivor] jm天堂: choose_opendoor 
[14:21:21] [Survivor] jm天堂: choose_opendoor 
[14:21:21] [Survivor] jm天堂: choose_opendoor 
[14:21:21] [Survivor] jm天堂: nb_assault 
[14:21:21] [Survivor] jm天堂: give pain_pills
[14:21:21] [Survivor] jm天堂: give health
[14:21:21] [Survivor] jm天堂: give machete
[14:21:22] [Survivor] jm天堂: nb_assault 
[14:21:25] [Survivor] jm天堂: nb_assault 
[14:21:28] [Survivor] jm天堂: nb_assault 
[14:21:33] [Survivor] jm天堂: nb_assault 
[14:21:40] [Survivor] jm天堂: nb_assault 
[14:21:45] [Survivor] jm天堂: nb_assault 
[14:21:49] [Survivor] jm天堂: nb_assault 
[14:21:57] [Survivor] jm天堂: nb_assault 
[14:22:00] [Survivor] jm天堂: nb_assault 
[14:22:05] [Survivor] jm天堂: nb_assault 
[14:22:08] [Survivor] jm天堂: nb_assault 
[14:22:14] [Survivor] jm天堂: nb_assault 
[14:22:16] [Survivor] jm天堂: nb_assault 
[14:22:26] [Survivor] jm天堂: nb_assault 
[14:22:29] [Survivor] jm天堂: nb_assault 
[14:22:35] [Survivor] jm天堂: nb_assault 
[14:22:41] [Survivor] jm天堂: nb_assault 
[14:22:44] [Survivor] jm天堂: nb_assault 
[14:22:49] [Survivor] jm天堂: nb_assault 
[14:22:51] [Survivor] jm天堂: nb_assault 
[14:22:56] [Survivor] jm天堂: nb_assault 
[14:23:08] [Survivor] jm天堂: nb_assault 
[14:23:14] [Survivor] jm天堂: nb_assault 
[14:23:17] [Survivor] jm天堂: setpause 
--=================================================================--
[18/01/2023 14:23:17] --- 回合结束: c2m3_coaster ---
--=================================================================--
--=================================================================--
[18/01/2023 14:23:19] --- 回合结束: c2m3_coaster ---
--=================================================================--
--=================================================================--
[18/01/2023 14:23:20] --- 回合开始: c2m3_coaster ---
--=================================================================--
[14:23:22] [Survivor] jm天堂: unpause 
[14:23:24] [Survivor] jm天堂: vocalize smartlook auto
[14:23:38] [Survivor] jm天堂: choose_opendoor 
[14:23:38] [Survivor] jm天堂: choose_opendoor 
[14:23:38] [Survivor] jm天堂: choose_opendoor 
[14:23:39] [Survivor] jm天堂: choose_opendoor 
[14:23:39] [Survivor] jm天堂: choose_opendoor 
[14:23:39] [Survivor] jm天堂: choose_opendoor 
[14:23:39] [Survivor] jm天堂: choose_opendoor 
[14:23:39] [Survivor] jm天堂: choose_opendoor 
[14:23:40] [Survivor] jm天堂: give pain_pills
[14:23:40] [Survivor] jm天堂: give health
[14:23:40] [Survivor] jm天堂: give machete
[14:23:40] [Survivor] jm天堂: nb_assault 
[14:23:40] [Survivor] jm天堂: nb_assault 
[14:23:46] [Survivor] jm天堂: nb_assault 
[14:23:47] [Survivor] jm天堂: nb_assault 
[14:23:54] [Survivor] jm天堂: nb_assault 
[14:23:55] [Survivor] jm天堂: nb_assault 
[14:24:00] [Survivor] jm天堂: nb_assault 
[14:24:10] [Survivor] jm天堂: nb_assault 
[14:24:11] [Survivor] jm天堂: nb_assault 
[14:24:14] [Survivor] jm天堂: nb_assault 
[14:24:21] [Survivor] jm天堂: nb_assault 
[14:24:24] [Survivor] jm天堂: nb_assault 
[14:24:25] [Survivor] jm天堂: nb_assault 
[14:24:29] [Survivor] jm天堂: nb_assault 
[14:24:29] [Survivor] jm天堂: nb_assault 
[14:24:55] [Survivor] jm天堂: nb_assault 
[14:24:59] [Survivor] jm天堂: nb_assault 
[14:25:21] [Survivor] jm天堂: nb_assault 
[14:25:25] [Survivor] jm天堂: nb_assault 
[14:25:29] [Survivor] jm天堂: vocalize smartlook auto
[14:25:33] [Survivor] jm天堂: nb_assault 
[14:25:40] [Survivor] jm天堂: nb_assault 
[14:25:48] [Survivor] jm天堂: vocalize smartlook auto
[14:25:52] [Survivor] jm天堂: nb_assault 
[14:25:53] [Survivor] jm天堂: nb_assault 
[14:26:07] [Survivor] jm天堂: nb_assault 
[14:26:11] [Survivor] jm天堂: nb_assault 
[14:26:34] [Survivor] jm天堂: nb_assault 
[14:26:37] [Survivor] jm天堂: vocalize smartlook auto
[14:26:55] [Survivor] jm天堂: nb_assault 
[14:27:15] [Survivor] jm天堂: nb_assault 
[14:27:17] [Survivor] jm天堂: choose_closedoor 
[14:27:17] [Survivor] jm天堂: choose_closedoor 
--=================================================================--
[18/01/2023 14:27:18] --- 回合结束: c2m3_coaster ---
--=================================================================--
[14:27:18] [Survivor] jm天堂: give health
[14:27:18] [Survivor] jm天堂: give pistol
--=================================================================--
[18/01/2023 14:27:20] --- 回合结束: c2m3_coaster ---
--=================================================================--
--=================================================================--
[18/01/2023 14:27:25] --- 地图结束: c2m3_coaster ---
--=================================================================--
--=================================================================--
[18/01/2023 14:27:27] --- 回合开始: c2m4_barns ---
--=================================================================--
--=================================================================--
[18/01/2023 14:27:27] --- 地图开始: c2m4_barns ---
--=================================================================--
[14:27:42] [CN] jm天堂<2><STEAM_1:0:625834323><> 加入游戏 (120.239.34.139)
[14:27:43] [Unassigned] jm天堂: vmodenable 1
[14:27:43] [Unassigned] jm天堂: vban 0
[14:27:43] [Unassigned] jm天堂: unpause 
[14:27:58] [Survivor] jm天堂: say_team !vote
[14:27:58] [Survivor] jm天堂: sm_vote 
[14:27:59] [Survivor] jm天堂: menuselect 5
[14:28:00] [Survivor] jm天堂: vote Yes
[14:28:00] [Survivor] jm天堂: menuselect 1
[14:28:03] [Survivor] jm天堂: choose_opendoor 
[14:28:03] [Survivor] jm天堂: choose_opendoor 
[14:28:03] [Survivor] jm天堂: choose_opendoor 
[14:28:03] [Survivor] jm天堂: choose_opendoor 
[14:28:03] [Survivor] jm天堂: choose_opendoor 
[14:28:03] [Survivor] jm天堂: choose_opendoor 
[14:28:09] [Survivor] jm天堂: nb_assault 
[14:28:09] [Survivor] jm天堂: nb_assault 
[14:28:09] [Survivor] jm天堂: give pain_pills
[14:28:09] [Survivor] jm天堂: give health
[14:28:09] [Survivor] jm天堂: give machete
[14:28:12] [Survivor] jm天堂: nb_assault 
[14:28:12] [Survivor] jm天堂: vocalize smartlook auto
[14:28:16] [Survivor] jm天堂: nb_assault 
[14:28:19] [Survivor] jm天堂: nb_assault 
[14:28:21] [Survivor] jm天堂: nb_assault 
[14:28:26] [Survivor] jm天堂: nb_assault 
[14:28:39] [Survivor] jm天堂: nb_assault 
[14:28:44] [Survivor] jm天堂: nb_assault 
[14:28:46] [Survivor] jm天堂: nb_assault 
[14:28:51] [Survivor] jm天堂: nb_assault 
[14:28:53] [Survivor] jm天堂: nb_assault 
[14:28:59] [Survivor] jm天堂: nb_assault 
[14:29:02] [Survivor] jm天堂: nb_assault 
[14:29:08] [Survivor] jm天堂: nb_assault 
[14:29:11] [Survivor] jm天堂: nb_assault 
[14:29:14] [Survivor] jm天堂: nb_assault 
[14:29:18] [Survivor] jm天堂: nb_assault 
[14:29:24] [Survivor] jm天堂: nb_assault 
[14:29:31] [Survivor] jm天堂: nb_assault 
[14:29:46] [Survivor] jm天堂: nb_assault 
[14:29:51] [Survivor] jm天堂: nb_assault 
[14:29:56] [Survivor] jm天堂: nb_assault 
[14:30:00] [Survivor] jm天堂: nb_assault 
[14:30:04] [Survivor] jm天堂: nb_assault 
[14:30:20] [Survivor] jm天堂: nb_assault 
[14:30:38] [Survivor] jm天堂: nb_assault 
[14:30:39] [Survivor] jm天堂: nb_assault 
[14:30:42] [Survivor] jm天堂: nb_assault 
[14:30:47] [Survivor] jm天堂: nb_assault 
--=================================================================--
[18/01/2023 14:30:52] --- 回合结束: c2m4_barns ---
--=================================================================--
--=================================================================--
[18/01/2023 14:30:54] --- 回合结束: c2m4_barns ---
--=================================================================--
--=================================================================--
[18/01/2023 14:30:55] --- 回合开始: c2m4_barns ---
--=================================================================--
[14:31:00] [Survivor] jm天堂: choose_opendoor 
[14:31:01] [Survivor] jm天堂: choose_opendoor 
[14:31:01] [Survivor] jm天堂: choose_opendoor 
[14:31:01] [Survivor] jm天堂: choose_opendoor 
[14:31:01] [Survivor] jm天堂: choose_opendoor 
[14:31:01] [Survivor] jm天堂: choose_opendoor 
[14:31:01] [Survivor] jm天堂: choose_opendoor 
[14:31:01] [Survivor] jm天堂: choose_opendoor 
[14:31:02] [Survivor] jm天堂: nb_assault 
[14:31:02] [Survivor] jm天堂: nb_assault 
[14:31:03] [Survivor] jm天堂: give pain_pills
[14:31:03] [Survivor] jm天堂: give health
[14:31:03] [Survivor] jm天堂: give machete
[14:31:08] [Survivor] jm天堂: nb_assault 
[14:31:12] [Survivor] jm天堂: nb_assault 
[14:31:19] [Survivor] jm天堂: nb_assault 
[14:31:22] [Survivor] jm天堂: nb_assault 
[14:31:28] [Survivor] jm天堂: nb_assault 
[14:31:36] [Survivor] jm天堂: nb_assault 
[14:31:36] [Survivor] jm天堂: say_team !zs
[14:31:36] [Survivor] jm天堂: sm_zs 
--=================================================================--
[18/01/2023 14:31:37] --- 回合结束: c2m4_barns ---
--=================================================================--
--=================================================================--
[18/01/2023 14:31:39] --- 回合结束: c2m4_barns ---
--=================================================================--
--=================================================================--
[18/01/2023 14:31:40] --- 回合开始: c2m4_barns ---
--=================================================================--
[14:31:45] [Survivor] jm天堂: vocalize smartlook auto
[14:31:50] [Survivor] jm天堂: choose_opendoor 
[14:31:50] [Survivor] jm天堂: choose_opendoor 
[14:31:50] [Survivor] jm天堂: choose_opendoor 
[14:31:50] [Survivor] jm天堂: choose_opendoor 
[14:31:50] [Survivor] jm天堂: choose_opendoor 
[14:31:50] [Survivor] jm天堂: choose_opendoor 
[14:31:50] [Survivor] jm天堂: choose_opendoor 
[14:31:50] [Survivor] jm天堂: choose_opendoor 
[14:31:50] [Survivor] jm天堂: choose_opendoor 
[14:31:53] [Survivor] jm天堂: nb_assault 
[14:31:53] [Survivor] jm天堂: nb_assault 
[14:31:54] [Survivor] jm天堂: give pain_pills
[14:31:54] [Survivor] jm天堂: give health
[14:31:54] [Survivor] jm天堂: give machete
[14:31:57] [Survivor] jm天堂: nb_assault 
[14:32:01] [Survivor] jm天堂: nb_assault 
[14:32:04] [Survivor] jm天堂: nb_assault 
[14:32:05] [Survivor] jm天堂: nb_assault 
[14:32:06] [Survivor] jm天堂: vocalize smartlook auto
[14:32:15] [Survivor] jm天堂: nb_assault 
[14:32:25] [Survivor] jm天堂: nb_assault 
[14:32:27] [Survivor] jm天堂: nb_assault 
[14:32:32] [Survivor] jm天堂: nb_assault 
[14:32:39] [Survivor] jm天堂: nb_assault 
[14:32:41] [Survivor] jm天堂: nb_assault 
[14:32:47] [Survivor] jm天堂: nb_assault 
[14:33:04] [Survivor] jm天堂: nb_assault 
[14:33:05] [Survivor] jm天堂: nb_assault 
[14:33:08] [Survivor] jm天堂: vocalize smartlook auto
[14:33:10] [Survivor] jm天堂: nb_assault 
[14:33:17] [Survivor] jm天堂: nb_assault 
[14:33:33] [Survivor] jm天堂: choose_opendoor 
[14:33:33] [Survivor] jm天堂: choose_opendoor 
[14:33:35] [Survivor] jm天堂: vocalize smartlook auto
[14:33:40] [Survivor] jm天堂: nb_assault 
[14:33:48] [Survivor] jm天堂: nb_assault 
[14:33:51] [Survivor] jm天堂: nb_assault 
[14:33:56] [Survivor] jm天堂: nb_assault 
[14:33:58] [Survivor] jm天堂: nb_assault 
[14:34:00] [Survivor] jm天堂: nb_assault 
[14:34:03] [Survivor] jm天堂: nb_assault 
[14:34:18] [Survivor] jm天堂: nb_assault 
--=================================================================--
[18/01/2023 14:34:30] --- 回合结束: c2m4_barns ---
--=================================================================--
[14:34:31] [Survivor] jm天堂: setpause 
--=================================================================--
[18/01/2023 14:34:32] --- 回合结束: c2m4_barns ---
--=================================================================--
--=================================================================--
[18/01/2023 14:34:33] --- 回合开始: c2m4_barns ---
--=================================================================--
[14:34:40] jm天堂<2><STEAM_1:0:625834323><> 离开游戏 (reason: Disconnect by user.)
--=================================================================--
[18/01/2023 14:35:15] --- 回合开始: c2m1_highway ---
--=================================================================--
--=================================================================--
[18/01/2023 14:35:15] --- 地图开始: c2m1_highway ---
--=================================================================--
[19:12:25] [CN] 黑猫的赠礼<2><STEAM_1:1:501867733><> 加入游戏 (223.91.247.89)
[19:12:26] [Unassigned] 黑猫的赠礼: vmodenable 1
[19:12:26] [Unassigned] 黑猫的赠礼: vban 0
[19:12:29] [Infected] 黑猫的赠礼: unpause 
[19:12:36] [Infected] 黑猫的赠礼: say !join
[19:12:36] [Infected] 黑猫的赠礼: sm_join 
[19:12:36] [Infected] 黑猫的赠礼: jointeam survivor
[19:12:37] [Survivor] 黑猫的赠礼: setpause 
[19:12:40] [Survivor] 黑猫的赠礼: unpause 
[19:12:47] [Survivor] 黑猫的赠礼: vocalize smartlook auto
[19:12:48] [CN] 昨夜は星が落ちまし<7><STEAM_1:1:420282857><> 加入游戏 (125.85.148.167)
[19:12:51] [Unassigned] 昨夜は星が落ちまし: unpause 
[19:12:51] [Unassigned] 昨夜は星が落ちまし: vmodenable 1
[19:12:51] [Unassigned] 昨夜は星が落ちまし: vban 0
[19:12:58] [Survivor] 黑猫的赠礼: vocalize smartlook auto
[19:13:01] [Survivor] 黑猫的赠礼: say !vote
[19:13:01] [Survivor] 黑猫的赠礼: sm_vote 
[19:13:15] [Survivor] 黑猫的赠礼: say !admin
[19:13:15] [Survivor] 黑猫的赠礼: sm_admin 
[19:13:19] [Survivor] 黑猫的赠礼: say !vote
[19:13:19] [Survivor] 黑猫的赠礼: sm_vote 
[19:13:20] [Survivor] 黑猫的赠礼: scripted_user_func give,ellis,health
[19:13:21] [Survivor] 黑猫的赠礼: scripted_user_func give,ellis,health
[19:13:23] [Survivor] 黑猫的赠礼: setpause 
[19:13:25] 黑猫的赠礼<2><STEAM_1:1:501867733><> 离开游戏 (reason: Disconnect by user.)
[19:13:25] [CN] 破空长枪<8><STEAM_1:1:427405145><> 加入游戏 (117.155.251.7)
[19:13:25] [Unassigned] 破空长枪: vmodenable 1
[19:13:26] [Unassigned] 破空长枪: unpause 
[19:13:29] [Infected] 昨夜は星が落ちまし: setpause 
[19:13:30] [Infected] 昨夜は星が落ちまし: unpause 
[19:13:37] [CN] 黑猫的赠礼<10><STEAM_1:1:501867733><> 加入游戏 (223.91.247.89)
[19:13:37] [Unassigned] 黑猫的赠礼: vmodenable 1
[19:13:37] [Unassigned] 黑猫的赠礼: vban 0
[19:13:38] [Unassigned] 黑猫的赠礼: unpause 
[19:13:43] [Infected] 昨夜は星が落ちまし: say 啊这
[19:13:45] [Infected] 黑猫的赠礼: say !vote
[19:13:45] [Infected] 黑猫的赠礼: sm_vote 
[19:13:49] [Infected] 黑猫的赠礼: say !join
[19:13:49] [Infected] 黑猫的赠礼: sm_join 
[19:13:49] [Infected] 黑猫的赠礼: jointeam survivor
[19:13:51] [Survivor] 黑猫的赠礼: vocalize smartlook auto
[19:13:56] [Survivor] 黑猫的赠礼: vocalize smartlook auto
[19:13:59] [Survivor] 黑猫的赠礼: vocalize smartlook auto
[19:14:03] [Survivor] 黑猫的赠礼: say !buy
[19:14:05] [Survivor] 黑猫的赠礼: scripted_user_func give,coach,health
[19:14:06] [Survivor] 黑猫的赠礼: scripted_user_func give,rochelle,health
[19:14:07] [Survivor] 黑猫的赠礼: scripted_user_func give,rochelle,health
[19:14:07] [Survivor] 黑猫的赠礼: setpause 
[19:14:08] [Infected] 昨夜は星が落ちまし: say !join
[19:14:08] [Infected] 昨夜は星が落ちまし: sm_join 
[19:14:08] [Infected] 昨夜は星が落ちまし: jointeam survivor
[19:14:10] 黑猫的赠礼<10><STEAM_1:1:501867733><> 离开游戏 (reason: Disconnect by user.)
[19:14:11] [Survivor] 昨夜は星が落ちまし: vocalize smartlook auto
[19:14:14] [Survivor] 破空长枪: vocalize smartlook auto
[19:14:15] [Survivor] 破空长枪: vocalize smartlook auto
[19:14:27] [Survivor] 昨夜は星が落ちまし: setpause 
[19:14:27] [Survivor] 昨夜は星が落ちまし: vocalize smartlook auto
[19:14:31] 昨夜は星が落ちまし<7><STEAM_1:1:420282857><> 离开游戏 (reason: Disconnect by user.)
[19:15:34] [Survivor] 破空长枪: vocalize smartlook auto
[19:16:44] [Survivor] 破空长枪: vocalize smartlook auto
[19:17:17] [Survivor] 破空长枪: choose_opendoor 
[19:17:17] [Survivor] 破空长枪: choose_opendoor 
[19:17:40] [Survivor] 破空长枪: setpause 
[19:17:49] [Survivor] 破空长枪: unpause 
[19:17:50] [Survivor] 破空长枪: setpause 
[19:17:51] 破空长枪<8><STEAM_1:1:427405145><> 离开游戏 (reason: Disconnect by user.)
--=================================================================--
[18/01/2023 19:18:26] --- 回合开始: c2m1_highway ---
--=================================================================--
--=================================================================--
[18/01/2023 19:18:26] --- 地图开始: c2m1_highway ---
--=================================================================--
[21:02:17] [CN] 下北沢の最強吉他手—<2><STEAM_1:0:475104903><> 加入游戏 (180.137.218.190)
[21:02:17] [Unassigned] 下北沢の最強吉他手—: vmodenable 1
[21:02:21] [Survivor] 下北沢の最強吉他手—: unpause 
[21:02:25] [Survivor] 下北沢の最強吉他手—: vocalize smartlook auto
[21:02:34] [Survivor] 下北沢の最強吉他手—: say !match
[21:02:34] [Survivor] 下北沢の最強吉他手—: sm_match 
[21:02:35] [Survivor] 下北沢の最強吉他手—: menuselect 1
[21:02:36] [Survivor] 下北沢の最強吉他手—: vote Yes
[21:02:36] [Survivor] 下北沢の最強吉他手—: menuselect 3
--=================================================================--
[18/01/2023 21:02:38] --- 地图开始: c2m1_highway ---
--=================================================================--
--=================================================================--
[18/01/2023 21:02:41] --- 地图结束: c2m1_highway ---
--=================================================================--
--=================================================================--
[18/01/2023 21:02:43] --- 回合开始: c2m1_highway ---
--=================================================================--
--=================================================================--
[18/01/2023 21:02:43] --- 地图开始: c2m1_highway ---
--=================================================================--
[21:02:55] [CN] 下北沢の最強吉他手—<2><STEAM_1:0:475104903><> 加入游戏 (180.137.218.190)
[21:02:55] [Unassigned] 下北沢の最強吉他手—: vmodenable 1
[21:02:55] [Unassigned] 下北沢の最強吉他手—: vban 0
[21:02:56] [Unassigned] 下北沢の最強吉他手—: unpause 
[21:03:03] [Survivor] 下北沢の最強吉他手—: setpause 
[21:03:16] [Survivor] 下北沢の最強吉他手—: unpause 
[21:03:16] [Survivor] 下北沢の最強吉他手—: setpause 
[21:03:16] [Survivor] 下北沢の最強吉他手—: unpause 
[21:03:23] [Survivor] 下北沢の最強吉他手—: nb_assault 
[21:03:24] [Survivor] 下北沢の最強吉他手—: nb_assault 
[21:03:24] [Survivor] 下北沢の最強吉他手—: nb_assault 
[21:03:24] [Survivor] 下北沢の最強吉他手—: nb_assault 
[21:03:24] [Survivor] 下北沢の最強吉他手—: give pain_pills
[21:03:24] [Survivor] 下北沢の最強吉他手—: give health
[21:03:47] [Survivor] 下北沢の最強吉他手—: nb_assault 
[21:03:47] [Survivor] 下北沢の最強吉他手—: nb_assault 
[21:03:48] [Survivor] 下北沢の最強吉他手—: nb_assault 
[21:03:51] [Survivor] 下北沢の最強吉他手—: nb_assault 
[21:04:06] [CN] snooze.<17><STEAM_1:0:235126789><> 加入游戏 (120.230.198.176)
[21:04:07] [Unassigned] snooze.: vmodenable 1
[21:04:07] [Unassigned] snooze.: vban 0
[21:04:07] [Unassigned] snooze.: unpause 
[21:04:11] [Survivor] 下北沢の最強吉他手—: nb_assault 
[21:04:12] [Survivor] 下北沢の最強吉他手—: nb_assault 
[21:04:12] [Survivor] 下北沢の最強吉他手—: nb_assault 
[21:04:12] [Spectator] snooze.: setpause 
[21:04:12] [Survivor] 下北沢の最強吉他手—: nb_assault 
[21:04:27] [Spectator] snooze.: unpause 
[21:04:29] [Spectator] snooze.: spec_mode 
[21:04:30] [Spectator] snooze.: sm_join 
[21:04:36] [Survivor] 下北沢の最強吉他手—: nb_assault 
[21:04:36] [Survivor] 下北沢の最強吉他手—: nb_assault 
[21:04:36] [Survivor] 下北沢の最強吉他手—: nb_assault 
[21:04:36] [Survivor] 下北沢の最強吉他手—: nb_assault 
[21:04:37] [Spectator] snooze.: spec_mode 
[21:04:59] [Survivor] 下北沢の最強吉他手—: nb_assault 
[21:04:59] [Survivor] 下北沢の最強吉他手—: nb_assault 
[21:05:00] [Survivor] 下北沢の最強吉他手—: nb_assault 
[21:05:00] [Survivor] 下北沢の最強吉他手—: nb_assault 
[21:05:14] [Survivor] 下北沢の最強吉他手—: choose_opendoor 
[21:05:14] [Survivor] 下北沢の最強吉他手—: choose_opendoor 
[21:05:15] [Spectator] snooze.: spec_mode 
[21:05:17] [Spectator] snooze.: spec_next 
[21:05:18] [Survivor] 下北沢の最強吉他手—: choose_opendoor 
[21:05:18] [Survivor] 下北沢の最強吉他手—: choose_opendoor 
[21:05:18] [Spectator] snooze.: spec_next 
[21:05:23] [Survivor] 下北沢の最強吉他手—: nb_assault 
[21:05:23] [Survivor] 下北沢の最強吉他手—: nb_assault 
[21:05:23] [Survivor] 下北沢の最強吉他手—: nb_assault 
[21:05:24] [Survivor] 下北沢の最強吉他手—: nb_assault 
[21:05:35] [Spectator] snooze.: spec_next 
[21:05:36] [Spectator] snooze.: spec_next 
[21:05:48] [Survivor] 下北沢の最強吉他手—: nb_assault 
[21:05:48] [Survivor] 下北沢の最強吉他手—: nb_assault 
[21:05:48] [Survivor] 下北沢の最強吉他手—: nb_assault 
[21:05:48] [Survivor] 下北沢の最強吉他手—: nb_assault 
--=================================================================--
[18/01/2023 21:06:02] --- 回合结束: c2m1_highway ---
--=================================================================--
--=================================================================--
[18/01/2023 21:06:04] --- 回合结束: c2m1_highway ---
--=================================================================--
--=================================================================--
[18/01/2023 21:06:05] --- 回合开始: c2m1_highway ---
--=================================================================--
[21:06:12] [Spectator] snooze.: spec_next 
[21:06:13] [Spectator] snooze.: spec_next 
[21:06:13] [Survivor] 下北沢の最強吉他手—: give pain_pills
[21:06:13] [Survivor] 下北沢の最強吉他手—: give health
[21:06:13] [Survivor] 下北沢の最強吉他手—: nb_assault 
[21:06:13] [Survivor] 下北沢の最強吉他手—: nb_assault 
[21:06:13] [Survivor] 下北沢の最強吉他手—: nb_assault 
[21:06:13] [Survivor] 下北沢の最強吉他手—: nb_assault 
[21:06:13] [Spectator] snooze.: spec_next 
[21:06:14] [Spectator] snooze.: spec_next 
[21:06:14] [Spectator] snooze.: spec_next 
[21:06:15] [Spectator] snooze.: spec_next 
[21:06:15] [Spectator] snooze.: spec_next 
[21:06:16] [Spectator] snooze.: go_away_from_keyboard 
[21:06:37] [Survivor] 下北沢の最強吉他手—: nb_assault 
[21:06:37] [Survivor] 下北沢の最強吉他手—: nb_assault 
[21:06:37] [Survivor] 下北沢の最強吉他手—: nb_assault 
[21:06:37] [Survivor] 下北沢の最強吉他手—: nb_assault 
[21:07:01] [Survivor] 下北沢の最強吉他手—: nb_assault 
[21:07:01] [Survivor] 下北沢の最強吉他手—: nb_assault 
[21:07:01] [Survivor] 下北沢の最強吉他手—: nb_assault 
[21:07:01] [Survivor] 下北沢の最強吉他手—: nb_assault 
[21:07:22] [Spectator] snooze.: spec_next 
[21:07:22] [Spectator] snooze.: spec_next 
[21:07:23] [Spectator] snooze.: spec_next 
[21:07:24] [Spectator] snooze.: go_away_from_keyboard 
[21:07:24] [Survivor] 下北沢の最強吉他手—: nb_assault 
[21:07:24] [Survivor] 下北沢の最強吉他手—: nb_assault 
[21:07:24] [Survivor] 下北沢の最強吉他手—: nb_assault 
[21:07:24] [Survivor] 下北沢の最強吉他手—: nb_assault 
[21:07:30] [Spectator] snooze.: spec_next 
[21:07:31] [Spectator] snooze.: spec_next 
[21:07:32] [Spectator] snooze.: go_away_from_keyboard 
[21:07:36] [Spectator] snooze.: spec_next 
[21:07:42] [Spectator] snooze.: spec_next 
[21:07:43] [Spectator] snooze.: spec_next 
[21:07:43] [Spectator] snooze.: spec_next 
[21:07:46] [Spectator] snooze.: spec_mode 
[21:07:48] [Spectator] snooze.: spec_mode 
[21:07:48] [Survivor] 下北沢の最強吉他手—: nb_assault 
[21:07:48] [Survivor] 下北沢の最強吉他手—: nb_assault 
[21:07:48] [Survivor] 下北沢の最強吉他手—: nb_assault 
[21:07:48] [Survivor] 下北沢の最強吉他手—: nb_assault 
--=================================================================--
[18/01/2023 21:07:51] --- 回合结束: c2m1_highway ---
--=================================================================--
--=================================================================--
[18/01/2023 21:07:53] --- 回合结束: c2m1_highway ---
--=================================================================--
--=================================================================--
[18/01/2023 21:07:54] --- 回合开始: c2m1_highway ---
--=================================================================--
[21:08:02] [Survivor] 下北沢の最強吉他手—: give pain_pills
[21:08:02] [Survivor] 下北沢の最強吉他手—: give health
[21:08:02] [Survivor] 下北沢の最強吉他手—: nb_assault 
[21:08:02] [Survivor] 下北沢の最強吉他手—: nb_assault 
[21:08:02] [Survivor] 下北沢の最強吉他手—: nb_assault 
[21:08:02] [Survivor] 下北沢の最強吉他手—: nb_assault 
[21:08:26] [Spectator] snooze.: go_away_from_keyboard 
[21:08:26] [Survivor] 下北沢の最強吉他手—: nb_assault 
[21:08:26] [Survivor] 下北沢の最強吉他手—: nb_assault 
[21:08:26] [Survivor] 下北沢の最強吉他手—: nb_assault 
[21:08:26] [Survivor] 下北沢の最強吉他手—: nb_assault 
[21:08:30] [Spectator] snooze.: spec_next 
[21:08:30] [Spectator] snooze.: spec_next 
[21:08:31] [Spectator] snooze.: setpause 
[21:08:34] snooze.<17><STEAM_1:0:235126789><> 离开游戏 (reason: Disconnect by user.)
[21:08:47] [Survivor] 下北沢の最強吉他手—: nb_assault 
[21:08:47] [Survivor] 下北沢の最強吉他手—: nb_assault 
[21:08:47] [Survivor] 下北沢の最強吉他手—: nb_assault 
[21:08:47] [Survivor] 下北沢の最強吉他手—: nb_assault 
[21:09:08] [Survivor] 下北沢の最強吉他手—: nb_assault 
[21:09:09] [Survivor] 下北沢の最強吉他手—: nb_assault 
[21:09:09] [Survivor] 下北沢の最強吉他手—: nb_assault 
[21:09:09] [Survivor] 下北沢の最強吉他手—: nb_assault 
[21:09:30] [Survivor] 下北沢の最強吉他手—: nb_assault 
[21:09:31] [Survivor] 下北沢の最強吉他手—: nb_assault 
[21:09:31] [Survivor] 下北沢の最強吉他手—: nb_assault 
[21:09:31] [Survivor] 下北沢の最強吉他手—: nb_assault 
[21:09:48] [Survivor] 下北沢の最強吉他手—: say !zs
[21:09:48] [Survivor] 下北沢の最強吉他手—: sm_zs 
--=================================================================--
[18/01/2023 21:09:48] --- 回合结束: c2m1_highway ---
--=================================================================--
[21:09:49] [Survivor] 下北沢の最強吉他手—: setpause 
[21:09:50] [Survivor] 下北沢の最強吉他手—: unpause 
[21:09:50] [Survivor] 下北沢の最強吉他手—: setpause 
--=================================================================--
[18/01/2023 21:09:50] --- 回合结束: c2m1_highway ---
--=================================================================--
--=================================================================--
[18/01/2023 21:09:51] --- 回合开始: c2m1_highway ---
--=================================================================--
[21:09:54] 下北沢の最強吉他手—<2><STEAM_1:0:475104903><> 离开游戏 (reason: Disconnect by user.)
--=================================================================--
[18/01/2023 21:10:29] --- 回合开始: c2m1_highway ---
--=================================================================--
--=================================================================--
[18/01/2023 21:10:29] --- 地图开始: c2m1_highway ---
--=================================================================--
[13:04:47] [CN] 粉红色Anne Noob<2><STEAM_1:1:424104061><> 加入游戏 (223.87.55.79)
[13:04:48] [Unassigned] 粉红色Anne Noob: vmodenable 1
[13:04:48] [Unassigned] 粉红色Anne Noob: vban 0
[13:04:52] [Infected] 粉红色Anne Noob: unpause 
[13:05:16] [Infected] 粉红色Anne Noob: say !jg
[13:05:16] [Infected] 粉红色Anne Noob: sm_jg 
[13:05:16] [Infected] 粉红色Anne Noob: jointeam survivor
[13:05:22] [Survivor] 粉红色Anne Noob: vocalize smartlook auto
[13:05:23] [Survivor] 粉红色Anne Noob: vocalize smartlook auto
[13:05:26] [Survivor] 粉红色Anne Noob: motd 
[13:05:27] [Survivor] 粉红色Anne Noob: vocalize smartlook auto
[13:05:31] [Survivor] 粉红色Anne Noob: vocalize smartlook auto
[13:05:43] [Survivor] 粉红色Anne Noob: say !xx
[13:08:44] [Survivor] 粉红色Anne Noob: vocalize smartlook auto
[13:09:15] [Survivor] 粉红色Anne Noob: setpause 
[13:09:16] [Survivor] 粉红色Anne Noob: unpause 
[13:10:14] [Survivor] 粉红色Anne Noob: choose_opendoor 
[13:10:14] [Survivor] 粉红色Anne Noob: choose_opendoor 
[13:10:15] [Survivor] 粉红色Anne Noob: choose_opendoor 
[13:10:15] [Survivor] 粉红色Anne Noob: choose_opendoor 
[13:10:15] [Survivor] 粉红色Anne Noob: choose_opendoor 
[13:10:32] [Survivor] 粉红色Anne Noob: setpause 
[13:10:35] 粉红色Anne Noob<2><STEAM_1:1:424104061><> 离开游戏 (reason: Disconnect by user.)
