--=================================================================--
[22/01/2023 16:22:15] --- 地图开始: c2m1_highway ---
--=================================================================--
--=================================================================--
[22/01/2023 16:22:18] --- 地图结束: c2m1_highway ---
--=================================================================--
--=================================================================--
[22/01/2023 16:22:20] --- 回合开始: c2m1_highway ---
--=================================================================--
--=================================================================--
[22/01/2023 16:22:20] --- 地图开始: c2m1_highway ---
--=================================================================--
[16:22:30] [CN] Reisen<2><STEAM_1:0:182922075><> 加入游戏 (223.74.0.218)
[16:22:30] [Unassigned] Reisen: vmodenable 1
[16:22:30] [Unassigned] Reisen: vban 0
[16:22:31] [Unassigned] Reisen: unpause 
[16:22:35] [Spectator] Reisen: say !join
[16:22:35] [Spectator] Reisen: sm_join 
[16:22:35] [Spectator] Reisen: jointeam survivor
[16:22:39] [Survivor] Reisen: say !vote
[16:22:39] [Survivor] Reisen: sm_vote 
[16:22:40] [Survivor] Reisen: menuselect 2
[16:22:41] [Survivor] Reisen: vote Yes
[16:22:41] [Survivor] Reisen: menuselect 5
[16:22:43] [Survivor] Reisen: vocalize smartlook auto
[16:22:45] [Survivor] Reisen: say !buy
[16:22:45] [Survivor] Reisen: sm_buy 
[16:22:45] [Survivor] Reisen: menuselect 2
[16:22:48] [Survivor] Reisen: menuselect 3
[16:22:51] [Survivor] Reisen: nb_assault 
[16:22:52] [Survivor] Reisen: nb_assault 
[16:22:52] [Survivor] Reisen: nb_assault 
[16:22:52] [Survivor] Reisen: nb_assault 
[16:22:52] [Survivor] Reisen: nb_assault 
[16:22:52] [Survivor] Reisen: give pain_pills
[16:22:52] [Survivor] Reisen: give health
[16:22:52] [Survivor] Reisen: give machete
[16:23:15] [Survivor] Reisen: nb_assault 
[16:23:15] [Survivor] Reisen: nb_assault 
[16:23:16] [Survivor] Reisen: nb_assault 
[16:23:16] [Survivor] Reisen: nb_assault 
[16:23:16] [Survivor] Reisen: nb_assault 
[16:23:40] [Survivor] Reisen: nb_assault 
[16:23:40] [Survivor] Reisen: nb_assault 
[16:23:40] [Survivor] Reisen: nb_assault 
[16:23:40] [Survivor] Reisen: nb_assault 
[16:23:42] [Survivor] Reisen: nb_assault 
[16:24:02] [Survivor] Reisen: vocalize smartlook auto
[16:24:03] [Survivor] Reisen: nb_assault 
[16:24:04] [Survivor] Reisen: nb_assault 
[16:24:04] [Survivor] Reisen: nb_assault 
[16:24:04] [Survivor] Reisen: nb_assault 
[16:24:10] [Survivor] Reisen: nb_assault 
--=================================================================--
[22/01/2023 16:24:16] --- 回合结束: c2m1_highway ---
--=================================================================--
--=================================================================--
[22/01/2023 16:24:18] --- 回合结束: c2m1_highway ---
--=================================================================--
--=================================================================--
[22/01/2023 16:24:20] --- 回合开始: c2m1_highway ---
--=================================================================--
[16:24:23] [Survivor] Reisen: vocalize smartlook auto
[16:24:28] [Survivor] Reisen: nb_assault 
[16:24:28] [Survivor] Reisen: nb_assault 
[16:24:28] [Survivor] Reisen: nb_assault 
[16:24:29] [Survivor] Reisen: nb_assault 
[16:24:29] [Survivor] Reisen: give pain_pills
[16:24:29] [Survivor] Reisen: give health
[16:24:29] [Survivor] Reisen: give machete
[16:24:29] [Survivor] Reisen: nb_assault 
[16:24:52] [Survivor] Reisen: nb_assault 
[16:24:52] [Survivor] Reisen: nb_assault 
[16:24:53] [Survivor] Reisen: nb_assault 
[16:24:53] [Survivor] Reisen: nb_assault 
[16:24:57] [Survivor] Reisen: nb_assault 
[16:25:17] [Survivor] Reisen: nb_assault 
[16:25:17] [Survivor] Reisen: nb_assault 
[16:25:18] [Survivor] Reisen: nb_assault 
[16:25:18] [Survivor] Reisen: nb_assault 
[16:25:21] [Survivor] Reisen: nb_assault 
[16:25:40] [Survivor] Reisen: nb_assault 
[16:25:40] [Survivor] Reisen: nb_assault 
[16:25:40] [Survivor] Reisen: nb_assault 
[16:25:40] [Survivor] Reisen: nb_assault 
[16:25:41] [Survivor] Reisen: nb_assault 
[16:26:03] [Survivor] Reisen: nb_assault 
[16:26:03] [Survivor] Reisen: nb_assault 
[16:26:03] [Survivor] Reisen: nb_assault 
[16:26:03] [Survivor] Reisen: nb_assault 
[16:26:04] [Survivor] Reisen: nb_assault 
[16:26:27] [Survivor] Reisen: nb_assault 
[16:26:27] [Survivor] Reisen: nb_assault 
[16:26:27] [Survivor] Reisen: nb_assault 
[16:26:27] [Survivor] Reisen: nb_assault 
[16:26:33] [Survivor] Reisen: nb_assault 
--=================================================================--
[22/01/2023 16:26:35] --- 回合结束: c2m1_highway ---
--=================================================================--
--=================================================================--
[22/01/2023 16:26:37] --- 回合结束: c2m1_highway ---
--=================================================================--
--=================================================================--
[22/01/2023 16:26:38] --- 回合开始: c2m1_highway ---
--=================================================================--
[16:26:46] [Survivor] Reisen: give pain_pills
[16:26:46] [Survivor] Reisen: give health
[16:26:46] [Survivor] Reisen: give machete
[16:26:46] [Survivor] Reisen: nb_assault 
[16:26:46] [Survivor] Reisen: nb_assault 
[16:26:46] [Survivor] Reisen: nb_assault 
[16:26:46] [Survivor] Reisen: nb_assault 
[16:26:46] [Survivor] Reisen: nb_assault 
[16:27:09] [Survivor] Reisen: nb_assault 
[16:27:10] [Survivor] Reisen: nb_assault 
[16:27:10] [Survivor] Reisen: nb_assault 
[16:27:10] [Survivor] Reisen: nb_assault 
[16:27:15] [Survivor] Reisen: nb_assault 
[16:27:34] [Survivor] Reisen: nb_assault 
[16:27:34] [Survivor] Reisen: nb_assault 
[16:27:34] [Survivor] Reisen: nb_assault 
[16:27:34] [Survivor] Reisen: nb_assault 
[16:27:41] [Survivor] Reisen: nb_assault 
[16:27:58] [Survivor] Reisen: nb_assault 
[16:27:58] [Survivor] Reisen: nb_assault 
[16:27:58] [Survivor] Reisen: nb_assault 
[16:27:58] [Survivor] Reisen: nb_assault 
[16:27:58] [Survivor] Reisen: nb_assault 
--=================================================================--
[22/01/2023 16:28:03] --- 回合结束: c2m1_highway ---
--=================================================================--
--=================================================================--
[22/01/2023 16:28:05] --- 回合结束: c2m1_highway ---
--=================================================================--
--=================================================================--
[22/01/2023 16:28:06] --- 回合开始: c2m1_highway ---
--=================================================================--
[16:28:13] [Survivor] Reisen: nb_assault 
[16:28:13] [Survivor] Reisen: nb_assault 
[16:28:13] [Survivor] Reisen: give pain_pills
[16:28:13] [Survivor] Reisen: give health
[16:28:13] [Survivor] Reisen: give machete
[16:28:13] [Survivor] Reisen: nb_assault 
[16:28:13] [Survivor] Reisen: nb_assault 
[16:28:14] [Survivor] Reisen: nb_assault 
[16:28:36] [Survivor] Reisen: nb_assault 
[16:28:36] [Survivor] Reisen: nb_assault 
[16:28:36] [Survivor] Reisen: nb_assault 
[16:28:37] [Survivor] Reisen: nb_assault 
[16:28:40] [Survivor] Reisen: nb_assault 
[16:29:00] [Survivor] Reisen: nb_assault 
[16:29:00] [Survivor] Reisen: nb_assault 
[16:29:00] [Survivor] Reisen: nb_assault 
[16:29:00] [Survivor] Reisen: nb_assault 
[16:29:06] [Survivor] Reisen: nb_assault 
--=================================================================--
[22/01/2023 16:29:13] --- 回合结束: c2m1_highway ---
--=================================================================--
--=================================================================--
[22/01/2023 16:29:15] --- 回合结束: c2m1_highway ---
--=================================================================--
--=================================================================--
[22/01/2023 16:29:16] --- 回合开始: c2m1_highway ---
--=================================================================--
[16:29:23] [Survivor] Reisen: give pain_pills
[16:29:23] [Survivor] Reisen: give health
[16:29:23] [Survivor] Reisen: give machete
[16:29:23] [Survivor] Reisen: nb_assault 
[16:29:24] [Survivor] Reisen: nb_assault 
[16:29:24] [Survivor] Reisen: nb_assault 
[16:29:24] [Survivor] Reisen: nb_assault 
[16:29:24] [Survivor] Reisen: nb_assault 
[16:29:47] [Survivor] Reisen: nb_assault 
[16:29:47] [Survivor] Reisen: nb_assault 
[16:29:47] [Survivor] Reisen: nb_assault 
[16:29:47] [Survivor] Reisen: nb_assault 
[16:29:47] [Survivor] Reisen: nb_assault 
[16:30:11] [Survivor] Reisen: nb_assault 
[16:30:11] [Survivor] Reisen: nb_assault 
[16:30:11] [Survivor] Reisen: nb_assault 
[16:30:11] [Survivor] Reisen: nb_assault 
[16:30:11] [Survivor] Reisen: nb_assault 
[16:30:28] [Survivor] Reisen: say_team !zs
[16:30:28] [Survivor] Reisen: sm_zs 
--=================================================================--
[22/01/2023 16:30:28] --- 回合结束: c2m1_highway ---
--=================================================================--
--=================================================================--
[22/01/2023 16:30:30] --- 回合结束: c2m1_highway ---
--=================================================================--
--=================================================================--
[22/01/2023 16:30:32] --- 回合开始: c2m1_highway ---
--=================================================================--
[16:30:39] [Survivor] Reisen: give pain_pills
[16:30:39] [Survivor] Reisen: give health
[16:30:39] [Survivor] Reisen: give machete
[16:30:39] [Survivor] Reisen: nb_assault 
[16:30:39] [Survivor] Reisen: nb_assault 
[16:30:39] [Survivor] Reisen: nb_assault 
[16:30:39] [Survivor] Reisen: nb_assault 
[16:30:39] [Survivor] Reisen: nb_assault 
[16:31:02] [Survivor] Reisen: nb_assault 
[16:31:02] [Survivor] Reisen: nb_assault 
[16:31:02] [Survivor] Reisen: nb_assault 
[16:31:03] [Survivor] Reisen: nb_assault 
[16:31:03] [Survivor] Reisen: nb_assault 
[16:31:26] [Survivor] Reisen: nb_assault 
[16:31:26] [Survivor] Reisen: nb_assault 
[16:31:26] [Survivor] Reisen: nb_assault 
[16:31:26] [Survivor] Reisen: nb_assault 
[16:31:27] [Survivor] Reisen: nb_assault 
[16:31:48] [Survivor] Reisen: nb_assault 
[16:31:48] [Survivor] Reisen: nb_assault 
[16:31:48] [Survivor] Reisen: nb_assault 
[16:31:48] [Survivor] Reisen: nb_assault 
[16:31:48] [Survivor] Reisen: nb_assault 
[16:32:12] [Survivor] Reisen: nb_assault 
[16:32:12] [Survivor] Reisen: nb_assault 
[16:32:12] [Survivor] Reisen: nb_assault 
[16:32:12] [Survivor] Reisen: nb_assault 
[16:32:12] [Survivor] Reisen: nb_assault 
[16:32:36] [Survivor] Reisen: nb_assault 
[16:32:36] [Survivor] Reisen: nb_assault 
[16:32:36] [Survivor] Reisen: nb_assault 
[16:32:36] [Survivor] Reisen: nb_assault 
[16:32:40] [Survivor] Reisen: nb_assault 
--=================================================================--
[22/01/2023 16:32:49] --- 回合结束: c2m1_highway ---
--=================================================================--
--=================================================================--
[22/01/2023 16:32:51] --- 回合结束: c2m1_highway ---
--=================================================================--
--=================================================================--
[22/01/2023 16:32:53] --- 回合开始: c2m1_highway ---
--=================================================================--
[16:33:00] [Survivor] Reisen: nb_assault 
[16:33:01] [Survivor] Reisen: give pain_pills
[16:33:01] [Survivor] Reisen: give health
[16:33:01] [Survivor] Reisen: give machete
[16:33:01] [Survivor] Reisen: nb_assault 
[16:33:01] [Survivor] Reisen: nb_assault 
[16:33:01] [Survivor] Reisen: nb_assault 
[16:33:01] [Survivor] Reisen: nb_assault 
[16:33:24] [Survivor] Reisen: nb_assault 
[16:33:25] [Survivor] Reisen: nb_assault 
[16:33:25] [Survivor] Reisen: nb_assault 
[16:33:25] [Survivor] Reisen: nb_assault 
[16:33:25] [Survivor] Reisen: nb_assault 
[16:33:48] [Survivor] Reisen: nb_assault 
[16:33:48] [Survivor] Reisen: nb_assault 
[16:33:48] [Survivor] Reisen: nb_assault 
[16:33:48] [Survivor] Reisen: nb_assault 
[16:33:48] [Survivor] Reisen: nb_assault 
[16:34:12] [Survivor] Reisen: nb_assault 
[16:34:12] [Survivor] Reisen: nb_assault 
[16:34:12] [Survivor] Reisen: nb_assault 
[16:34:13] [Survivor] Reisen: nb_assault 
[16:34:13] [Survivor] Reisen: nb_assault 
--=================================================================--
[22/01/2023 16:34:25] --- 回合结束: c2m1_highway ---
--=================================================================--
--=================================================================--
[22/01/2023 16:34:27] --- 回合结束: c2m1_highway ---
--=================================================================--
--=================================================================--
[22/01/2023 16:34:28] --- 回合开始: c2m1_highway ---
--=================================================================--
[16:34:28] [Survivor] Reisen: setpause 
[16:34:34] [Survivor] Reisen: unpause 
[16:34:41] [Survivor] Reisen: give pain_pills
[16:34:41] [Survivor] Reisen: give health
[16:34:41] [Survivor] Reisen: give machete
[16:34:41] [Survivor] Reisen: nb_assault 
[16:34:41] [Survivor] Reisen: nb_assault 
[16:34:41] [Survivor] Reisen: nb_assault 
[16:34:41] [Survivor] Reisen: nb_assault 
[16:34:41] [Survivor] Reisen: nb_assault 
[16:35:04] [Survivor] Reisen: nb_assault 
[16:35:04] [Survivor] Reisen: nb_assault 
[16:35:04] [Survivor] Reisen: nb_assault 
[16:35:04] [Survivor] Reisen: nb_assault 
[16:35:04] [Survivor] Reisen: nb_assault 
[16:35:28] [Survivor] Reisen: nb_assault 
[16:35:28] [Survivor] Reisen: nb_assault 
[16:35:29] [Survivor] Reisen: nb_assault 
[16:35:29] [Survivor] Reisen: nb_assault 
[16:35:29] [Survivor] Reisen: nb_assault 
[16:35:52] [Survivor] Reisen: nb_assault 
[16:35:53] [Survivor] Reisen: nb_assault 
[16:35:53] [Survivor] Reisen: nb_assault 
[16:35:53] [Survivor] Reisen: nb_assault 
[16:35:57] [Survivor] Reisen: nb_assault 
[16:36:16] [Survivor] Reisen: nb_assault 
[16:36:16] [Survivor] Reisen: nb_assault 
[16:36:23] [Survivor] Reisen: nb_assault 
[16:36:28] [Survivor] Reisen: nb_assault 
[16:36:31] [Survivor] Reisen: nb_assault 
--=================================================================--
[22/01/2023 16:36:35] --- 回合结束: c2m1_highway ---
--=================================================================--
--=================================================================--
[22/01/2023 16:36:37] --- 回合结束: c2m1_highway ---
--=================================================================--
--=================================================================--
[22/01/2023 16:36:38] --- 回合开始: c2m1_highway ---
--=================================================================--
[16:36:46] [Survivor] Reisen: give pain_pills
[16:36:46] [Survivor] Reisen: give health
[16:36:46] [Survivor] Reisen: give machete
[16:36:46] [Survivor] Reisen: nb_assault 
[16:36:47] [Survivor] Reisen: nb_assault 
[16:36:47] [Survivor] Reisen: nb_assault 
[16:36:47] [Survivor] Reisen: nb_assault 
[16:36:47] [Survivor] Reisen: nb_assault 
[16:37:10] [Survivor] Reisen: nb_assault 
[16:37:10] [Survivor] Reisen: nb_assault 
[16:37:11] [Survivor] Reisen: nb_assault 
[16:37:11] [Survivor] Reisen: nb_assault 
[16:37:11] [Survivor] Reisen: nb_assault 
[16:37:34] [Survivor] Reisen: nb_assault 
[16:37:34] [Survivor] Reisen: nb_assault 
[16:37:34] [Survivor] Reisen: nb_assault 
[16:37:34] [Survivor] Reisen: nb_assault 
[16:37:34] [Survivor] Reisen: nb_assault 
[16:37:47] [Survivor] Reisen: setpause 
[16:37:47] [Survivor] Reisen: unpause 
[16:37:47] [Survivor] Reisen: unpause 
[16:37:48] [Survivor] Reisen: say_team !zs
[16:37:48] [Survivor] Reisen: sm_zs 
--=================================================================--
[22/01/2023 16:37:48] --- 回合结束: c2m1_highway ---
--=================================================================--
[16:37:48] [Survivor] Reisen: setpause 
--=================================================================--
[22/01/2023 16:37:50] --- 回合结束: c2m1_highway ---
--=================================================================--
[16:37:51] [Survivor] Reisen: unpause 
--=================================================================--
[22/01/2023 16:37:51] --- 回合开始: c2m1_highway ---
--=================================================================--
[16:37:59] [Survivor] Reisen: give pain_pills
[16:37:59] [Survivor] Reisen: give health
[16:37:59] [Survivor] Reisen: give machete
[16:37:59] [Survivor] Reisen: nb_assault 
[16:37:59] [Survivor] Reisen: nb_assault 
[16:37:59] [Survivor] Reisen: nb_assault 
[16:37:59] [Survivor] Reisen: nb_assault 
[16:37:59] [Survivor] Reisen: nb_assault 
[16:38:23] [Survivor] Reisen: nb_assault 
[16:38:23] [Survivor] Reisen: nb_assault 
[16:38:23] [Survivor] Reisen: nb_assault 
[16:38:23] [Survivor] Reisen: nb_assault 
[16:38:28] [Survivor] Reisen: nb_assault 
[16:38:47] [Survivor] Reisen: nb_assault 
[16:38:47] [Survivor] Reisen: nb_assault 
[16:38:47] [Survivor] Reisen: nb_assault 
[16:38:47] [Survivor] Reisen: nb_assault 
[16:38:47] [Survivor] Reisen: nb_assault 
[16:39:03] [Survivor] Reisen: say_team !zs
[16:39:03] [Survivor] Reisen: sm_zs 
--=================================================================--
[22/01/2023 16:39:03] --- 回合结束: c2m1_highway ---
--=================================================================--
--=================================================================--
[22/01/2023 16:39:05] --- 回合结束: c2m1_highway ---
--=================================================================--
--=================================================================--
[22/01/2023 16:39:07] --- 回合开始: c2m1_highway ---
--=================================================================--
[16:39:14] [Survivor] Reisen: give pain_pills
[16:39:14] [Survivor] Reisen: give health
[16:39:14] [Survivor] Reisen: give machete
[16:39:14] [Survivor] Reisen: nb_assault 
[16:39:14] [Survivor] Reisen: nb_assault 
[16:39:14] [Survivor] Reisen: nb_assault 
[16:39:14] [Survivor] Reisen: nb_assault 
[16:39:15] [Survivor] Reisen: nb_assault 
[16:39:38] [Survivor] Reisen: nb_assault 
[16:39:38] [Survivor] Reisen: nb_assault 
[16:39:38] [Survivor] Reisen: nb_assault 
[16:39:38] [Survivor] Reisen: nb_assault 
[16:39:43] [Survivor] Reisen: nb_assault 
[16:39:48] [Survivor] Reisen: say_team !zs
[16:39:48] [Survivor] Reisen: sm_zs 
--=================================================================--
[22/01/2023 16:39:49] --- 回合结束: c2m1_highway ---
--=================================================================--
--=================================================================--
[22/01/2023 16:39:51] --- 回合结束: c2m1_highway ---
--=================================================================--
--=================================================================--
[22/01/2023 16:39:52] --- 回合开始: c2m1_highway ---
--=================================================================--
[16:39:59] [Survivor] Reisen: give pain_pills
[16:39:59] [Survivor] Reisen: give health
[16:39:59] [Survivor] Reisen: give machete
[16:39:59] [Survivor] Reisen: nb_assault 
[16:39:59] [Survivor] Reisen: nb_assault 
[16:39:59] [Survivor] Reisen: nb_assault 
[16:40:00] [Survivor] Reisen: nb_assault 
[16:40:00] [Survivor] Reisen: nb_assault 
[16:40:21] [Survivor] Reisen: say_team !zs
[16:40:21] [Survivor] Reisen: sm_zs 
--=================================================================--
[22/01/2023 16:40:22] --- 回合结束: c2m1_highway ---
--=================================================================--
--=================================================================--
[22/01/2023 16:40:24] --- 回合结束: c2m1_highway ---
--=================================================================--
--=================================================================--
[22/01/2023 16:40:25] --- 回合开始: c2m1_highway ---
--=================================================================--
[16:40:33] [Survivor] Reisen: give pain_pills
[16:40:33] [Survivor] Reisen: give health
[16:40:33] [Survivor] Reisen: give machete
[16:40:33] [Survivor] Reisen: nb_assault 
[16:40:33] [Survivor] Reisen: nb_assault 
[16:40:33] [Survivor] Reisen: nb_assault 
[16:40:33] [Survivor] Reisen: nb_assault 
[16:40:33] [Survivor] Reisen: nb_assault 
[16:40:57] [Survivor] Reisen: nb_assault 
[16:40:57] [Survivor] Reisen: nb_assault 
[16:40:57] [Survivor] Reisen: nb_assault 
[16:40:57] [Survivor] Reisen: nb_assault 
[16:40:59] [Survivor] Reisen: nb_assault 
--=================================================================--
[22/01/2023 16:41:16] --- 回合结束: c2m1_highway ---
--=================================================================--
--=================================================================--
[22/01/2023 16:41:18] --- 回合结束: c2m1_highway ---
--=================================================================--
--=================================================================--
[22/01/2023 16:41:19] --- 回合开始: c2m1_highway ---
--=================================================================--
[16:41:26] [Survivor] Reisen: give pain_pills
[16:41:26] [Survivor] Reisen: give health
[16:41:26] [Survivor] Reisen: give machete
[16:41:26] [Survivor] Reisen: nb_assault 
[16:41:26] [Survivor] Reisen: nb_assault 
[16:41:27] [Survivor] Reisen: nb_assault 
[16:41:27] [Survivor] Reisen: nb_assault 
[16:41:27] [Survivor] Reisen: nb_assault 
[16:41:47] [Survivor] Reisen: say_team !zs
[16:41:47] [Survivor] Reisen: sm_zs 
--=================================================================--
[22/01/2023 16:41:47] --- 回合结束: c2m1_highway ---
--=================================================================--
--=================================================================--
[22/01/2023 16:41:49] --- 回合结束: c2m1_highway ---
--=================================================================--
--=================================================================--
[22/01/2023 16:41:51] --- 回合开始: c2m1_highway ---
--=================================================================--
[16:41:58] [Survivor] Reisen: give pain_pills
[16:41:58] [Survivor] Reisen: give health
[16:41:58] [Survivor] Reisen: give machete
[16:41:58] [Survivor] Reisen: nb_assault 
[16:41:58] [Survivor] Reisen: nb_assault 
[16:41:58] [Survivor] Reisen: nb_assault 
[16:41:58] [Survivor] Reisen: nb_assault 
[16:41:58] [Survivor] Reisen: nb_assault 
[16:42:17] [Survivor] Reisen: setpause 
[16:42:19] [Survivor] Reisen: unpause 
[16:42:20] [Survivor] Reisen: say_team !zs
[16:42:20] [Survivor] Reisen: sm_zs 
--=================================================================--
[22/01/2023 16:42:21] --- 回合结束: c2m1_highway ---
--=================================================================--
--=================================================================--
[22/01/2023 16:42:23] --- 回合结束: c2m1_highway ---
--=================================================================--
--=================================================================--
[22/01/2023 16:42:24] --- 回合开始: c2m1_highway ---
--=================================================================--
[16:42:31] [Survivor] Reisen: give pain_pills
[16:42:31] [Survivor] Reisen: give health
[16:42:31] [Survivor] Reisen: give machete
[16:42:31] [Survivor] Reisen: nb_assault 
[16:42:31] [Survivor] Reisen: nb_assault 
[16:42:31] [Survivor] Reisen: nb_assault 
[16:42:31] [Survivor] Reisen: nb_assault 
[16:42:31] [Survivor] Reisen: nb_assault 
[16:42:55] [Survivor] Reisen: nb_assault 
[16:42:55] [Survivor] Reisen: nb_assault 
[16:42:55] [Survivor] Reisen: nb_assault 
[16:42:55] [Survivor] Reisen: nb_assault 
[16:42:55] [Survivor] Reisen: nb_assault 
[16:43:14] [Survivor] Reisen: say_team !zs
[16:43:14] [Survivor] Reisen: sm_zs 
--=================================================================--
[22/01/2023 16:43:15] --- 回合结束: c2m1_highway ---
--=================================================================--
--=================================================================--
[22/01/2023 16:43:17] --- 回合结束: c2m1_highway ---
--=================================================================--
--=================================================================--
[22/01/2023 16:43:18] --- 回合开始: c2m1_highway ---
--=================================================================--
[16:43:25] [Survivor] Reisen: give pain_pills
[16:43:25] [Survivor] Reisen: give health
[16:43:25] [Survivor] Reisen: give machete
[16:43:25] [Survivor] Reisen: nb_assault 
[16:43:25] [Survivor] Reisen: nb_assault 
[16:43:25] [Survivor] Reisen: nb_assault 
[16:43:25] [Survivor] Reisen: nb_assault 
[16:43:26] [Survivor] Reisen: nb_assault 
[16:43:49] [Survivor] Reisen: nb_assault 
[16:43:49] [Survivor] Reisen: nb_assault 
[16:43:49] [Survivor] Reisen: nb_assault 
[16:43:49] [Survivor] Reisen: nb_assault 
[16:43:49] [Survivor] Reisen: nb_assault 
[16:44:06] [Survivor] Reisen: say_team !zs
[16:44:06] [Survivor] Reisen: sm_zs 
--=================================================================--
[22/01/2023 16:44:06] --- 回合结束: c2m1_highway ---
--=================================================================--
--=================================================================--
[22/01/2023 16:44:08] --- 回合结束: c2m1_highway ---
--=================================================================--
--=================================================================--
[22/01/2023 16:44:09] --- 回合开始: c2m1_highway ---
--=================================================================--
[16:44:16] [Survivor] Reisen: nb_assault 
[16:44:16] [Survivor] Reisen: nb_assault 
[16:44:17] [Survivor] Reisen: give pain_pills
[16:44:17] [Survivor] Reisen: give health
[16:44:17] [Survivor] Reisen: give machete
[16:44:17] [Survivor] Reisen: nb_assault 
[16:44:17] [Survivor] Reisen: nb_assault 
[16:44:17] [Survivor] Reisen: nb_assault 
[16:44:40] [Survivor] Reisen: nb_assault 
[16:44:40] [Survivor] Reisen: nb_assault 
[16:44:41] [Survivor] Reisen: nb_assault 
[16:44:41] [Survivor] Reisen: nb_assault 
[16:44:41] [Survivor] Reisen: nb_assault 
[16:45:04] [Survivor] Reisen: nb_assault 
[16:45:05] [Survivor] Reisen: nb_assault 
[16:45:05] [Survivor] Reisen: nb_assault 
[16:45:05] [Survivor] Reisen: nb_assault 
[16:45:14] [Survivor] Reisen: nb_assault 
[16:45:28] [Survivor] Reisen: nb_assault 
[16:45:28] [Survivor] Reisen: nb_assault 
[16:45:29] [Survivor] Reisen: nb_assault 
[16:45:34] [Survivor] Reisen: nb_assault 
[16:45:43] [Survivor] Reisen: nb_assault 
[16:45:53] [Survivor] Reisen: nb_assault 
[16:45:53] [Survivor] Reisen: nb_assault 
[16:45:53] [Survivor] Reisen: nb_assault 
[16:45:53] [Survivor] Reisen: nb_assault 
[16:46:02] [Survivor] Reisen: nb_assault 
[16:46:16] [Survivor] Reisen: nb_assault 
[16:46:16] [Survivor] Reisen: nb_assault 
[16:46:16] [Survivor] Reisen: nb_assault 
[16:46:16] [Survivor] Reisen: nb_assault 
[16:46:19] [Survivor] Reisen: nb_assault 
--=================================================================--
[22/01/2023 16:46:23] --- 回合结束: c2m1_highway ---
--=================================================================--
--=================================================================--
[22/01/2023 16:46:25] --- 回合结束: c2m1_highway ---
--=================================================================--
--=================================================================--
[22/01/2023 16:46:26] --- 回合开始: c2m1_highway ---
--=================================================================--
[16:46:27] [Survivor] Reisen: setpause 
[16:46:27] [Survivor] Reisen: unpause 
[16:46:27] [Survivor] Reisen: unpause 
[16:46:34] [Survivor] Reisen: give pain_pills
[16:46:34] [Survivor] Reisen: give health
[16:46:34] [Survivor] Reisen: give machete
[16:46:34] [Survivor] Reisen: nb_assault 
[16:46:34] [Survivor] Reisen: nb_assault 
[16:46:34] [Survivor] Reisen: nb_assault 
[16:46:35] [Survivor] Reisen: nb_assault 
[16:46:35] [Survivor] Reisen: nb_assault 
[16:46:58] [Survivor] Reisen: nb_assault 
[16:46:58] [Survivor] Reisen: nb_assault 
[16:46:58] [Survivor] Reisen: nb_assault 
[16:46:58] [Survivor] Reisen: nb_assault 
[16:46:58] [Survivor] Reisen: nb_assault 
[16:47:23] [Survivor] Reisen: nb_assault 
[16:47:23] [Survivor] Reisen: nb_assault 
[16:47:23] [Survivor] Reisen: nb_assault 
[16:47:24] [Survivor] Reisen: nb_assault 
[16:47:28] [Survivor] Reisen: nb_assault 
[16:47:42] [Survivor] Reisen: vocalize smartlook auto
[16:47:46] [Survivor] Reisen: nb_assault 
[16:47:46] [Survivor] Reisen: nb_assault 
[16:47:46] [Survivor] Reisen: nb_assault 
[16:47:46] [Survivor] Reisen: nb_assault 
[16:47:46] [Survivor] Reisen: nb_assault 
[16:48:10] [Survivor] Reisen: nb_assault 
[16:48:10] [Survivor] Reisen: nb_assault 
[16:48:10] [Survivor] Reisen: nb_assault 
[16:48:10] [Survivor] Reisen: nb_assault 
[16:48:13] [Survivor] Reisen: nb_assault 
--=================================================================--
[22/01/2023 16:48:30] --- 回合结束: c2m1_highway ---
--=================================================================--
--=================================================================--
[22/01/2023 16:48:32] --- 回合结束: c2m1_highway ---
--=================================================================--
--=================================================================--
[22/01/2023 16:48:34] --- 回合开始: c2m1_highway ---
--=================================================================--
[16:48:42] [Survivor] Reisen: give pain_pills
[16:48:42] [Survivor] Reisen: give health
[16:48:42] [Survivor] Reisen: give machete
[16:48:42] [Survivor] Reisen: nb_assault 
[16:48:42] [Survivor] Reisen: nb_assault 
[16:48:42] [Survivor] Reisen: nb_assault 
[16:48:42] [Survivor] Reisen: nb_assault 
[16:48:42] [Survivor] Reisen: nb_assault 
[16:49:06] [Survivor] Reisen: nb_assault 
[16:49:06] [Survivor] Reisen: nb_assault 
[16:49:06] [Survivor] Reisen: nb_assault 
[16:49:06] [Survivor] Reisen: nb_assault 
[16:49:06] [Survivor] Reisen: nb_assault 
[16:49:30] [Survivor] Reisen: nb_assault 
[16:49:30] [Survivor] Reisen: nb_assault 
[16:49:30] [Survivor] Reisen: nb_assault 
[16:49:30] [Survivor] Reisen: nb_assault 
[16:49:31] [Survivor] Reisen: nb_assault 
--=================================================================--
[22/01/2023 16:49:54] --- 回合结束: c2m1_highway ---
--=================================================================--
--=================================================================--
[22/01/2023 16:49:56] --- 回合结束: c2m1_highway ---
--=================================================================--
[16:49:56] [Survivor] Reisen: setpause 
[16:49:56] [Survivor] Reisen: unpause 
[16:49:56] [Survivor] Reisen: unpause 
--=================================================================--
[22/01/2023 16:49:57] --- 回合开始: c2m1_highway ---
--=================================================================--
[16:49:57] [Survivor] Reisen: setpause 
[16:49:58] [Survivor] Reisen: unpause 
[16:50:00] [Survivor] Reisen: setpause 
[16:50:07] [Survivor] Reisen: unpause 
[16:50:13] [Survivor] Reisen: nb_assault 
[16:50:13] [Survivor] Reisen: nb_assault 
[16:50:13] [Survivor] Reisen: give pain_pills
[16:50:13] [Survivor] Reisen: give health
[16:50:13] [Survivor] Reisen: give machete
[16:50:13] [Survivor] Reisen: nb_assault 
[16:50:13] [Survivor] Reisen: nb_assault 
[16:50:13] [Survivor] Reisen: nb_assault 
[16:50:37] [Survivor] Reisen: nb_assault 
[16:50:37] [Survivor] Reisen: nb_assault 
[16:50:37] [Survivor] Reisen: nb_assault 
[16:50:37] [Survivor] Reisen: nb_assault 
[16:50:41] [Survivor] Reisen: nb_assault 
[16:51:01] [Survivor] Reisen: nb_assault 
[16:51:01] [Survivor] Reisen: nb_assault 
[16:51:01] [Survivor] Reisen: nb_assault 
[16:51:01] [Survivor] Reisen: nb_assault 
[16:51:06] [Survivor] Reisen: nb_assault 
--=================================================================--
[22/01/2023 16:51:22] --- 回合结束: c2m1_highway ---
--=================================================================--
--=================================================================--
[22/01/2023 16:51:24] --- 回合结束: c2m1_highway ---
--=================================================================--
--=================================================================--
[22/01/2023 16:51:25] --- 回合开始: c2m1_highway ---
--=================================================================--
[16:51:36] [Survivor] Reisen: give pain_pills
[16:51:36] [Survivor] Reisen: give health
[16:51:36] [Survivor] Reisen: give machete
[16:51:36] [Survivor] Reisen: nb_assault 
[16:51:36] [Survivor] Reisen: nb_assault 
[16:51:36] [Survivor] Reisen: nb_assault 
[16:51:36] [Survivor] Reisen: nb_assault 
[16:51:36] [Survivor] Reisen: nb_assault 
[16:51:59] [Survivor] Reisen: nb_assault 
[16:51:59] [Survivor] Reisen: nb_assault 
[16:51:59] [Survivor] Reisen: nb_assault 
[16:51:59] [Survivor] Reisen: nb_assault 
[16:51:59] [Survivor] Reisen: nb_assault 
[16:52:23] [Survivor] Reisen: nb_assault 
[16:52:23] [Survivor] Reisen: nb_assault 
[16:52:23] [Survivor] Reisen: nb_assault 
[16:52:23] [Survivor] Reisen: nb_assault 
[16:52:26] [Survivor] Reisen: nb_assault 
[16:52:47] [Survivor] Reisen: nb_assault 
[16:52:47] [Survivor] Reisen: nb_assault 
[16:52:47] [Survivor] Reisen: nb_assault 
[16:52:47] [Survivor] Reisen: nb_assault 
[16:52:48] [Survivor] Reisen: nb_assault 
[16:53:11] [Survivor] Reisen: nb_assault 
[16:53:11] [Survivor] Reisen: nb_assault 
[16:53:11] [Survivor] Reisen: nb_assault 
[16:53:11] [Survivor] Reisen: nb_assault 
[16:53:11] [Survivor] Reisen: nb_assault 
--=================================================================--
[22/01/2023 16:53:15] --- 回合结束: c2m1_highway ---
--=================================================================--
--=================================================================--
[22/01/2023 16:53:17] --- 回合结束: c2m1_highway ---
--=================================================================--
--=================================================================--
[22/01/2023 16:53:18] --- 回合开始: c2m1_highway ---
--=================================================================--
[16:53:25] [Survivor] Reisen: nb_assault 
[16:53:25] [Survivor] Reisen: nb_assault 
[16:53:25] [Survivor] Reisen: nb_assault 
[16:53:25] [Survivor] Reisen: give pain_pills
[16:53:25] [Survivor] Reisen: give health
[16:53:25] [Survivor] Reisen: give machete
[16:53:26] [Survivor] Reisen: nb_assault 
[16:53:26] [Survivor] Reisen: nb_assault 
[16:53:49] [Survivor] Reisen: nb_assault 
[16:53:49] [Survivor] Reisen: nb_assault 
[16:53:49] [Survivor] Reisen: nb_assault 
[16:53:49] [Survivor] Reisen: nb_assault 
[16:53:49] [Survivor] Reisen: nb_assault 
[16:54:13] [Survivor] Reisen: nb_assault 
[16:54:13] [Survivor] Reisen: nb_assault 
[16:54:13] [Survivor] Reisen: nb_assault 
[16:54:13] [Survivor] Reisen: nb_assault 
[16:54:13] [Survivor] Reisen: nb_assault 
[16:54:38] [Survivor] Reisen: nb_assault 
[16:54:38] [Survivor] Reisen: nb_assault 
[16:54:38] [Survivor] Reisen: nb_assault 
[16:54:38] [Survivor] Reisen: nb_assault 
[16:54:38] [Survivor] Reisen: nb_assault 
[16:55:01] [Survivor] Reisen: nb_assault 
[16:55:02] [Survivor] Reisen: nb_assault 
[16:55:02] [Survivor] Reisen: nb_assault 
[16:55:02] [Survivor] Reisen: nb_assault 
[16:55:02] [Survivor] Reisen: nb_assault 
--=================================================================--
[22/01/2023 16:55:08] --- 回合结束: c2m1_highway ---
--=================================================================--
--=================================================================--
[22/01/2023 16:55:10] --- 回合结束: c2m1_highway ---
--=================================================================--
--=================================================================--
[22/01/2023 16:55:12] --- 回合开始: c2m1_highway ---
--=================================================================--
[16:55:19] [Survivor] Reisen: nb_assault 
[16:55:19] [Survivor] Reisen: nb_assault 
[16:55:19] [Survivor] Reisen: nb_assault 
[16:55:19] [Survivor] Reisen: give pain_pills
[16:55:19] [Survivor] Reisen: give health
[16:55:19] [Survivor] Reisen: give machete
[16:55:19] [Survivor] Reisen: nb_assault 
[16:55:19] [Survivor] Reisen: nb_assault 
[16:55:43] [Survivor] Reisen: nb_assault 
[16:55:43] [Survivor] Reisen: nb_assault 
[16:55:43] [Survivor] Reisen: nb_assault 
[16:55:43] [Survivor] Reisen: nb_assault 
[16:55:43] [Survivor] Reisen: nb_assault 
[16:56:07] [Survivor] Reisen: nb_assault 
[16:56:07] [Survivor] Reisen: nb_assault 
[16:56:07] [Survivor] Reisen: nb_assault 
[16:56:07] [Survivor] Reisen: nb_assault 
[16:56:07] [Survivor] Reisen: nb_assault 
--=================================================================--
[22/01/2023 16:56:22] --- 回合结束: c2m1_highway ---
--=================================================================--
--=================================================================--
[22/01/2023 16:56:24] --- 回合结束: c2m1_highway ---
--=================================================================--
--=================================================================--
[22/01/2023 16:56:25] --- 回合开始: c2m1_highway ---
--=================================================================--
[16:56:32] [Survivor] Reisen: give pain_pills
[16:56:32] [Survivor] Reisen: give health
[16:56:32] [Survivor] Reisen: give machete
[16:56:32] [Survivor] Reisen: nb_assault 
[16:56:32] [Survivor] Reisen: nb_assault 
[16:56:32] [Survivor] Reisen: nb_assault 
[16:56:32] [Survivor] Reisen: nb_assault 
[16:56:32] [Survivor] Reisen: nb_assault 
[16:56:56] [Survivor] Reisen: nb_assault 
[16:56:56] [Survivor] Reisen: nb_assault 
[16:56:56] [Survivor] Reisen: nb_assault 
[16:56:56] [Survivor] Reisen: nb_assault 
[16:57:02] [Survivor] Reisen: nb_assault 
[16:57:20] [Survivor] Reisen: nb_assault 
[16:57:20] [Survivor] Reisen: nb_assault 
[16:57:20] [Survivor] Reisen: nb_assault 
[16:57:20] [Survivor] Reisen: nb_assault 
[16:57:22] [Survivor] Reisen: nb_assault 
[16:57:43] [Survivor] Reisen: say_team !zs
[16:57:43] [Survivor] Reisen: sm_zs 
--=================================================================--
[22/01/2023 16:57:44] --- 回合结束: c2m1_highway ---
--=================================================================--
--=================================================================--
[22/01/2023 16:57:46] --- 回合结束: c2m1_highway ---
--=================================================================--
--=================================================================--
[22/01/2023 16:57:47] --- 回合开始: c2m1_highway ---
--=================================================================--
[16:57:55] [Survivor] Reisen: give pain_pills
[16:57:55] [Survivor] Reisen: give health
[16:57:55] [Survivor] Reisen: give machete
[16:57:55] [Survivor] Reisen: nb_assault 
[16:57:55] [Survivor] Reisen: nb_assault 
[16:57:55] [Survivor] Reisen: nb_assault 
[16:57:55] [Survivor] Reisen: nb_assault 
[16:57:55] [Survivor] Reisen: nb_assault 
[16:58:18] [Survivor] Reisen: nb_assault 
[16:58:18] [Survivor] Reisen: nb_assault 
[16:58:19] [Survivor] Reisen: nb_assault 
[16:58:20] [Survivor] Reisen: nb_assault 
[16:58:23] [Survivor] Reisen: nb_assault 
[16:58:23] [Survivor] Reisen: say_team !zs
[16:58:23] [Survivor] Reisen: sm_zs 
--=================================================================--
[22/01/2023 16:58:23] --- 回合结束: c2m1_highway ---
--=================================================================--
--=================================================================--
[22/01/2023 16:58:25] --- 回合结束: c2m1_highway ---
--=================================================================--
--=================================================================--
[22/01/2023 16:58:26] --- 回合开始: c2m1_highway ---
--=================================================================--
[16:58:34] [Survivor] Reisen: give pain_pills
[16:58:34] [Survivor] Reisen: give health
[16:58:34] [Survivor] Reisen: give machete
[16:58:34] [Survivor] Reisen: nb_assault 
[16:58:34] [Survivor] Reisen: nb_assault 
[16:58:34] [Survivor] Reisen: nb_assault 
[16:58:34] [Survivor] Reisen: nb_assault 
[16:58:34] [Survivor] Reisen: nb_assault 
[16:58:58] [Survivor] Reisen: nb_assault 
[16:58:58] [Survivor] Reisen: nb_assault 
[16:58:58] [Survivor] Reisen: nb_assault 
[16:58:58] [Survivor] Reisen: nb_assault 
[16:58:58] [Survivor] Reisen: nb_assault 
[16:59:21] [Survivor] Reisen: nb_assault 
[16:59:21] [Survivor] Reisen: nb_assault 
[16:59:21] [Survivor] Reisen: nb_assault 
[16:59:22] [Survivor] Reisen: nb_assault 
[16:59:26] [Survivor] Reisen: nb_assault 
[16:59:46] [Survivor] Reisen: nb_assault 
[16:59:46] [Survivor] Reisen: nb_assault 
[16:59:46] [Survivor] Reisen: nb_assault 
[16:59:46] [Survivor] Reisen: nb_assault 
[16:59:47] [Survivor] Reisen: nb_assault 
[17:00:10] [Survivor] Reisen: nb_assault 
[17:00:10] [Survivor] Reisen: nb_assault 
[17:00:10] [Survivor] Reisen: nb_assault 
[17:00:10] [Survivor] Reisen: nb_assault 
[17:00:17] [Survivor] Reisen: nb_assault 
--=================================================================--
[22/01/2023 17:00:22] --- 回合结束: c2m1_highway ---
--=================================================================--
--=================================================================--
[22/01/2023 17:00:24] --- 回合结束: c2m1_highway ---
--=================================================================--
--=================================================================--
[22/01/2023 17:00:26] --- 回合开始: c2m1_highway ---
--=================================================================--
[17:00:34] [Survivor] Reisen: give pain_pills
[17:00:34] [Survivor] Reisen: give health
[17:00:34] [Survivor] Reisen: give machete
[17:00:34] [Survivor] Reisen: nb_assault 
[17:00:34] [Survivor] Reisen: nb_assault 
[17:00:34] [Survivor] Reisen: nb_assault 
[17:00:34] [Survivor] Reisen: nb_assault 
[17:00:34] [Survivor] Reisen: nb_assault 
[17:00:46] [Survivor] Reisen: say_team !zs
[17:00:46] [Survivor] Reisen: sm_zs 
--=================================================================--
[22/01/2023 17:00:47] --- 回合结束: c2m1_highway ---
--=================================================================--
--=================================================================--
[22/01/2023 17:00:49] --- 回合结束: c2m1_highway ---
--=================================================================--
--=================================================================--
[22/01/2023 17:00:50] --- 回合开始: c2m1_highway ---
--=================================================================--
[17:00:57] [Survivor] Reisen: give pain_pills
[17:00:57] [Survivor] Reisen: give health
[17:00:57] [Survivor] Reisen: give machete
[17:00:57] [Survivor] Reisen: nb_assault 
[17:00:57] [Survivor] Reisen: nb_assault 
[17:00:57] [Survivor] Reisen: nb_assault 
[17:00:58] [Survivor] Reisen: nb_assault 
[17:00:58] [Survivor] Reisen: nb_assault 
[17:01:21] [Survivor] Reisen: nb_assault 
[17:01:21] [Survivor] Reisen: nb_assault 
[17:01:21] [Survivor] Reisen: nb_assault 
[17:01:21] [Survivor] Reisen: nb_assault 
[17:01:21] [Survivor] Reisen: nb_assault 
[17:01:45] [Survivor] Reisen: nb_assault 
[17:01:45] [Survivor] Reisen: nb_assault 
[17:01:45] [Survivor] Reisen: nb_assault 
[17:01:45] [Survivor] Reisen: nb_assault 
[17:01:45] [Survivor] Reisen: nb_assault 
[17:02:09] [Survivor] Reisen: nb_assault 
[17:02:09] [Survivor] Reisen: nb_assault 
[17:02:09] [Survivor] Reisen: nb_assault 
[17:02:09] [Survivor] Reisen: nb_assault 
[17:02:09] [Survivor] Reisen: nb_assault 
[17:02:33] [Survivor] Reisen: nb_assault 
[17:02:33] [Survivor] Reisen: nb_assault 
[17:02:33] [Survivor] Reisen: nb_assault 
[17:02:33] [Survivor] Reisen: nb_assault 
[17:02:33] [Survivor] Reisen: nb_assault 
--=================================================================--
[22/01/2023 17:02:36] --- 回合结束: c2m1_highway ---
--=================================================================--
--=================================================================--
[22/01/2023 17:02:38] --- 回合结束: c2m1_highway ---
--=================================================================--
--=================================================================--
[22/01/2023 17:02:39] --- 回合开始: c2m1_highway ---
--=================================================================--
[17:02:47] [Survivor] Reisen: give pain_pills
[17:02:47] [Survivor] Reisen: give health
[17:02:47] [Survivor] Reisen: give machete
[17:02:47] [Survivor] Reisen: nb_assault 
[17:02:47] [Survivor] Reisen: nb_assault 
[17:02:47] [Survivor] Reisen: nb_assault 
[17:02:47] [Survivor] Reisen: nb_assault 
[17:02:47] [Survivor] Reisen: nb_assault 
[17:03:11] [Survivor] Reisen: nb_assault 
[17:03:11] [Survivor] Reisen: nb_assault 
[17:03:11] [Survivor] Reisen: nb_assault 
[17:03:11] [Survivor] Reisen: nb_assault 
[17:03:11] [Survivor] Reisen: nb_assault 
[17:03:34] [Survivor] Reisen: nb_assault 
[17:03:34] [Survivor] Reisen: nb_assault 
[17:03:34] [Survivor] Reisen: nb_assault 
[17:03:34] [Survivor] Reisen: nb_assault 
[17:03:34] [Survivor] Reisen: nb_assault 
[17:03:58] [Survivor] Reisen: nb_assault 
[17:03:58] [Survivor] Reisen: nb_assault 
[17:03:58] [Survivor] Reisen: nb_assault 
[17:03:58] [Survivor] Reisen: nb_assault 
[17:03:58] [Survivor] Reisen: nb_assault 
[17:04:22] [Survivor] Reisen: nb_assault 
[17:04:22] [Survivor] Reisen: nb_assault 
[17:04:22] [Survivor] Reisen: nb_assault 
[17:04:22] [Survivor] Reisen: nb_assault 
[17:04:27] [Survivor] Reisen: nb_assault 
--=================================================================--
[22/01/2023 17:04:30] --- 回合结束: c2m1_highway ---
--=================================================================--
--=================================================================--
[22/01/2023 17:04:32] --- 回合结束: c2m1_highway ---
--=================================================================--
[17:04:32] [Survivor] Reisen: setpause 
--=================================================================--
[22/01/2023 17:04:33] --- 回合开始: c2m1_highway ---
--=================================================================--
[17:05:00] Reisen<2><STEAM_1:0:182922075><> 离开游戏 (reason: Disconnect by user.)
--=================================================================--
[22/01/2023 17:05:35] --- 回合开始: c2m1_highway ---
--=================================================================--
--=================================================================--
[22/01/2023 17:05:35] --- 地图开始: c2m1_highway ---
--=================================================================--
[17:23:29] [CN] 1+Ⅱ=⑨<2><STEAM_1:1:628381167><> 加入游戏 (116.179.6.25)
[17:23:29] [Unassigned] 1+Ⅱ=⑨: vmodenable 1
[17:23:29] [Unassigned] 1+Ⅱ=⑨: vban 0
[17:23:33] [Infected] 1+Ⅱ=⑨: unpause 
[17:23:36] [Infected] 1+Ⅱ=⑨: say /vote
[17:23:36] [Infected] 1+Ⅱ=⑨: sm_vote 
[17:23:37] [Infected] 1+Ⅱ=⑨: menuselect 3
[17:23:39] [Infected] 1+Ⅱ=⑨: vote Yes
[17:23:39] [Infected] 1+Ⅱ=⑨: menuselect 2
--=================================================================--
[22/01/2023 17:23:41] --- 地图开始: c2m1_highway ---
--=================================================================--
--=================================================================--
[22/01/2023 17:23:44] --- 地图结束: c2m1_highway ---
--=================================================================--
--=================================================================--
[22/01/2023 17:23:46] --- 回合开始: c2m1_highway ---
--=================================================================--
--=================================================================--
[22/01/2023 17:23:46] --- 地图开始: c2m1_highway ---
--=================================================================--
[17:24:44] 1+Ⅱ=⑨<2><STEAM_1:1:628381167><> 离开游戏 (reason: Disconnect by user.)
--=================================================================--
[22/01/2023 17:25:02] --- 回合开始: c2m1_highway ---
--=================================================================--
--=================================================================--
[22/01/2023 17:25:02] --- 地图开始: c2m1_highway ---
--=================================================================--
[17:45:36] [CN] Reisen<2><STEAM_1:0:182922075><> 加入游戏 (223.74.0.218)
[17:45:36] [Unassigned] Reisen: vmodenable 1
[17:45:36] [Unassigned] Reisen: vban 0
[17:45:40] [Survivor] Reisen: unpause 
[17:45:45] [Survivor] Reisen: say !vote
[17:45:45] [Survivor] Reisen: sm_vote 
[17:45:48] [Survivor] Reisen: menuselect 3
[17:45:48] [Survivor] Reisen: vote Yes
[17:45:48] [Survivor] Reisen: menuselect 2
--=================================================================--
[22/01/2023 17:45:50] --- 地图开始: c2m1_highway ---
--=================================================================--
--=================================================================--
[22/01/2023 17:45:53] --- 地图结束: c2m1_highway ---
--=================================================================--
--=================================================================--
[22/01/2023 17:45:55] --- 回合开始: c2m1_highway ---
--=================================================================--
--=================================================================--
[22/01/2023 17:45:55] --- 地图开始: c2m1_highway ---
--=================================================================--
[17:46:05] [CN] Reisen<2><STEAM_1:0:182922075><> 加入游戏 (223.74.0.218)
[17:46:05] [Unassigned] Reisen: vmodenable 1
[17:46:05] [Unassigned] Reisen: vban 0
[17:46:05] [Unassigned] Reisen: unpause 
[17:46:09] [Spectator] Reisen: say !Join
[17:46:09] [Spectator] Reisen: sm_join 
[17:46:09] [Spectator] Reisen: jointeam survivor
[17:46:11] [Survivor] Reisen: say !vote
[17:46:11] [Survivor] Reisen: sm_vote 
[17:46:12] [Survivor] Reisen: menuselect 2
[17:46:13] [Survivor] Reisen: vote Yes
[17:46:13] [Survivor] Reisen: menuselect 3
[17:46:16] [Survivor] Reisen: say !vote
[17:46:16] [Survivor] Reisen: sm_vote 
[17:46:16] [Survivor] Reisen: menuselect 3
[17:46:17] [Survivor] Reisen: vote Yes
[17:46:17] [Survivor] Reisen: menuselect 1
[17:46:23] [Survivor] Reisen: give pain_pills
[17:46:23] [Survivor] Reisen: give health
[17:46:23] [Survivor] Reisen: give machete
[17:46:23] [Survivor] Reisen: nb_assault 
[17:46:23] [Survivor] Reisen: nb_assault 
[17:46:23] [Survivor] Reisen: nb_assault 
[17:46:27] [Survivor] Reisen: nb_assault 
[17:46:29] [Survivor] Reisen: nb_assault 
[17:46:32] [Survivor] Reisen: nb_assault 
[17:46:34] [Survivor] Reisen: nb_assault 
[17:46:39] [Survivor] Reisen: nb_assault 
[17:46:42] [Survivor] Reisen: nb_assault 
[17:46:49] [Survivor] Reisen: nb_assault 
[17:46:51] [Survivor] Reisen: nb_assault 
[17:46:52] [Survivor] Reisen: nb_assault 
[17:47:14] [Survivor] Reisen: nb_assault 
[17:47:19] [Survivor] Reisen: nb_assault 
[17:47:24] [Survivor] Reisen: nb_assault 
[17:47:26] [Survivor] Reisen: nb_assault 
[17:47:28] [Survivor] Reisen: nb_assault 
[17:47:32] [Survivor] Reisen: nb_assault 
[17:47:34] [Survivor] Reisen: nb_assault 
[17:47:41] [Survivor] Reisen: nb_assault 
[17:47:43] [Survivor] Reisen: nb_assault 
[17:47:44] [Survivor] Reisen: nb_assault 
[17:47:50] [Survivor] Reisen: nb_assault 
[17:47:53] [Survivor] Reisen: nb_assault 
[17:47:56] [Survivor] Reisen: nb_assault 
[17:48:02] [Survivor] Reisen: nb_assault 
[17:48:07] [Survivor] Reisen: nb_assault 
[17:48:17] [Survivor] Reisen: nb_assault 
[17:48:20] [Survivor] Reisen: nb_assault 
[17:48:21] [Survivor] Reisen: nb_assault 
[17:48:33] [Survivor] Reisen: nb_assault 
[17:48:35] [Survivor] Reisen: nb_assault 
[17:48:39] [Survivor] Reisen: nb_assault 
[17:48:42] [Survivor] Reisen: nb_assault 
--=================================================================--
[22/01/2023 17:48:47] --- 回合结束: c2m1_highway ---
--=================================================================--
--=================================================================--
[22/01/2023 17:48:49] --- 回合结束: c2m1_highway ---
--=================================================================--
--=================================================================--
[22/01/2023 17:48:50] --- 回合开始: c2m1_highway ---
--=================================================================--
[17:48:54] [Survivor] Reisen: say !vote
[17:48:54] [Survivor] Reisen: sm_vote 
[17:48:55] [Survivor] Reisen: menuselect 5
[17:48:56] [Survivor] Reisen: vote Yes
[17:48:56] [Survivor] Reisen: menuselect 1
[17:49:01] [Survivor] Reisen: nb_assault 
[17:49:01] [Survivor] Reisen: nb_assault 
[17:49:01] [Survivor] Reisen: nb_assault 
[17:49:02] [Survivor] Reisen: give pain_pills
[17:49:02] [Survivor] Reisen: give health
[17:49:02] [Survivor] Reisen: give machete
[17:49:07] [Survivor] Reisen: nb_assault 
[17:49:10] [Survivor] Reisen: say_team !zs
[17:49:10] [Survivor] Reisen: sm_zs 
--=================================================================--
[22/01/2023 17:49:11] --- 回合结束: c2m1_highway ---
--=================================================================--
--=================================================================--
[22/01/2023 17:49:13] --- 回合结束: c2m1_highway ---
--=================================================================--
--=================================================================--
[22/01/2023 17:49:14] --- 回合开始: c2m1_highway ---
--=================================================================--
[17:49:22] [Survivor] Reisen: nb_assault 
[17:49:22] [Survivor] Reisen: give pain_pills
[17:49:22] [Survivor] Reisen: give health
[17:49:22] [Survivor] Reisen: give machete
[17:49:22] [Survivor] Reisen: nb_assault 
[17:49:22] [Survivor] Reisen: nb_assault 
[17:49:24] [Survivor] Reisen: nb_assault 
[17:49:25] [Survivor] Reisen: nb_assault 
[17:49:29] [Survivor] Reisen: nb_assault 
[17:49:33] [Survivor] Reisen: nb_assault 
[17:49:34] [Survivor] Reisen: nb_assault 
[17:49:38] [Survivor] Reisen: nb_assault 
[17:49:45] [Survivor] Reisen: nb_assault 
[17:49:50] [Survivor] Reisen: nb_assault 
[17:49:52] [Survivor] Reisen: nb_assault 
[17:49:54] [Survivor] Reisen: nb_assault 
[17:49:56] [Survivor] Reisen: nb_assault 
[17:50:00] [Survivor] Reisen: nb_assault 
[17:50:01] [Survivor] Reisen: nb_assault 
[17:50:06] [Survivor] Reisen: nb_assault 
[17:50:10] [Survivor] Reisen: nb_assault 
[17:50:14] [Survivor] Reisen: nb_assault 
[17:50:17] [Survivor] Reisen: nb_assault 
[17:50:21] [Survivor] Reisen: nb_assault 
[17:50:25] [Survivor] Reisen: nb_assault 
[17:50:29] [Survivor] Reisen: nb_assault 
[17:50:33] [Survivor] Reisen: nb_assault 
[17:50:39] [Survivor] Reisen: nb_assault 
[17:50:41] [Survivor] Reisen: nb_assault 
[17:50:43] [Survivor] Reisen: nb_assault 
[17:50:48] [Survivor] Reisen: nb_assault 
--=================================================================--
[22/01/2023 17:50:51] --- 回合结束: c2m1_highway ---
--=================================================================--
--=================================================================--
[22/01/2023 17:50:53] --- 回合结束: c2m1_highway ---
--=================================================================--
--=================================================================--
[22/01/2023 17:50:54] --- 回合开始: c2m1_highway ---
--=================================================================--
[17:51:01] [Survivor] Reisen: nb_assault 
[17:51:01] [Survivor] Reisen: nb_assault 
[17:51:01] [Survivor] Reisen: nb_assault 
[17:51:01] [Survivor] Reisen: give pain_pills
[17:51:01] [Survivor] Reisen: give health
[17:51:01] [Survivor] Reisen: give machete
[17:51:03] [Survivor] Reisen: nb_assault 
[17:51:09] [Survivor] Reisen: nb_assault 
[17:51:15] [Survivor] Reisen: nb_assault 
[17:51:18] [Survivor] Reisen: nb_assault 
[17:51:20] [Survivor] Reisen: nb_assault 
[17:51:22] [Survivor] Reisen: nb_assault 
[17:51:28] [Survivor] Reisen: nb_assault 
[17:51:37] [Survivor] Reisen: nb_assault 
[17:51:41] [Survivor] Reisen: nb_assault 
[17:51:45] [Survivor] Reisen: nb_assault 
[17:51:47] [Survivor] Reisen: nb_assault 
[17:51:49] [Survivor] Reisen: nb_assault 
[17:51:50] [Survivor] Reisen: nb_assault 
[17:51:55] [Survivor] Reisen: nb_assault 
[17:52:02] [Survivor] Reisen: nb_assault 
[17:52:07] [Survivor] Reisen: nb_assault 
[17:52:08] [Survivor] Reisen: nb_assault 
[17:52:10] [Survivor] Reisen: nb_assault 
[17:52:13] [Survivor] Reisen: nb_assault 
[17:52:17] [Survivor] Reisen: nb_assault 
--=================================================================--
[22/01/2023 17:52:21] --- 回合结束: c2m1_highway ---
--=================================================================--
--=================================================================--
[22/01/2023 17:52:23] --- 回合结束: c2m1_highway ---
--=================================================================--
--=================================================================--
[22/01/2023 17:52:25] --- 回合开始: c2m1_highway ---
--=================================================================--
[17:52:32] [Survivor] Reisen: give pain_pills
[17:52:32] [Survivor] Reisen: give health
[17:52:32] [Survivor] Reisen: give machete
[17:52:32] [Survivor] Reisen: nb_assault 
[17:52:32] [Survivor] Reisen: nb_assault 
[17:52:32] [Survivor] Reisen: nb_assault 
[17:52:36] [Survivor] Reisen: nb_assault 
[17:52:38] [Survivor] Reisen: nb_assault 
[17:52:41] [Survivor] Reisen: nb_assault 
[17:52:45] [Survivor] Reisen: nb_assault 
[17:52:48] [Survivor] Reisen: nb_assault 
[17:52:57] [Survivor] Reisen: nb_assault 
[17:53:00] [Survivor] Reisen: nb_assault 
[17:53:02] [Survivor] Reisen: nb_assault 
[17:53:06] [Survivor] Reisen: nb_assault 
[17:53:12] [Survivor] Reisen: nb_assault 
[17:53:15] [Survivor] Reisen: nb_assault 
[17:53:18] [Survivor] Reisen: nb_assault 
[17:53:21] [Survivor] Reisen: nb_assault 
[17:53:29] [Survivor] Reisen: nb_assault 
[17:53:32] [Survivor] Reisen: nb_assault 
[17:53:33] [Survivor] Reisen: nb_assault 
[17:53:43] [Survivor] Reisen: nb_assault 
[17:53:47] [Survivor] Reisen: nb_assault 
[17:53:50] [Survivor] Reisen: nb_assault 
[17:53:52] [Survivor] Reisen: nb_assault 
[17:53:55] [Survivor] Reisen: nb_assault 
--=================================================================--
[22/01/2023 17:54:00] --- 回合结束: c2m1_highway ---
--=================================================================--
--=================================================================--
[22/01/2023 17:54:02] --- 回合结束: c2m1_highway ---
--=================================================================--
--=================================================================--
[22/01/2023 17:54:03] --- 回合开始: c2m1_highway ---
--=================================================================--
[17:54:05] [Survivor] Reisen: vocalize smartlook auto
[17:54:10] [Survivor] Reisen: give pain_pills
[17:54:10] [Survivor] Reisen: give health
[17:54:10] [Survivor] Reisen: give machete
[17:54:10] [Survivor] Reisen: nb_assault 
[17:54:10] [Survivor] Reisen: nb_assault 
[17:54:10] [Survivor] Reisen: nb_assault 
[17:54:14] [Survivor] Reisen: nb_assault 
[17:54:19] [Survivor] Reisen: nb_assault 
[17:54:21] [Survivor] Reisen: nb_assault 
[17:54:23] [Survivor] Reisen: nb_assault 
[17:54:26] [Survivor] Reisen: nb_assault 
[17:54:38] [Survivor] Reisen: nb_assault 
[17:54:46] [Survivor] Reisen: nb_assault 
[17:54:50] [Survivor] Reisen: nb_assault 
[17:54:52] [Survivor] Reisen: nb_assault 
[17:54:55] [Survivor] Reisen: nb_assault 
[17:54:57] [Survivor] Reisen: nb_assault 
[17:54:58] [Survivor] Reisen: nb_assault 
[17:55:03] [Survivor] Reisen: nb_assault 
[17:55:07] [Survivor] Reisen: nb_assault 
[17:55:10] [Survivor] Reisen: nb_assault 
[17:55:14] [Survivor] Reisen: nb_assault 
[17:55:16] [Survivor] Reisen: nb_assault 
[17:55:30] [Survivor] Reisen: nb_assault 
[17:55:32] [Survivor] Reisen: nb_assault 
[17:55:36] [Survivor] Reisen: nb_assault 
[17:55:41] [Survivor] Reisen: nb_assault 
[17:55:42] [Survivor] Reisen: nb_assault 
[17:55:44] [Survivor] Reisen: nb_assault 
[17:55:46] [Survivor] Reisen: nb_assault 
[17:55:51] [Survivor] Reisen: nb_assault 
[17:55:51] [Survivor] Reisen: nb_assault 
[17:55:56] [Survivor] Reisen: nb_assault 
--=================================================================--
[22/01/2023 17:56:00] --- 回合结束: c2m1_highway ---
--=================================================================--
--=================================================================--
[22/01/2023 17:56:02] --- 回合结束: c2m1_highway ---
--=================================================================--
--=================================================================--
[22/01/2023 17:56:03] --- 回合开始: c2m1_highway ---
--=================================================================--
[17:56:10] [Survivor] Reisen: nb_assault 
[17:56:10] [Survivor] Reisen: nb_assault 
[17:56:10] [Survivor] Reisen: nb_assault 
[17:56:10] [Survivor] Reisen: give pain_pills
[17:56:10] [Survivor] Reisen: give health
[17:56:10] [Survivor] Reisen: give machete
[17:56:28] [Survivor] Reisen: nb_assault 
[17:56:29] [Survivor] Reisen: nb_assault 
[17:56:33] [Survivor] Reisen: nb_assault 
[17:56:34] [Survivor] Reisen: nb_assault 
[17:56:38] [Survivor] Reisen: nb_assault 
[17:56:42] [Survivor] Reisen: nb_assault 
[17:56:46] [Survivor] Reisen: nb_assault 
[17:56:52] [Survivor] Reisen: nb_assault 
[17:56:56] [Survivor] Reisen: nb_assault 
[17:57:00] [Survivor] Reisen: nb_assault 
[17:57:02] [Survivor] Reisen: nb_assault 
[17:57:04] [Survivor] Reisen: nb_assault 
[17:57:05] [Survivor] Reisen: vocalize smartlook auto
[17:57:08] [Survivor] Reisen: nb_assault 
[17:57:11] [Survivor] Reisen: nb_assault 
[17:57:18] [Survivor] Reisen: nb_assault 
[17:57:22] [Survivor] Reisen: nb_assault 
[17:57:26] [Survivor] Reisen: nb_assault 
[17:57:29] [Survivor] Reisen: nb_assault 
[17:57:31] [Survivor] Reisen: nb_assault 
[17:57:38] [Survivor] Reisen: nb_assault 
[17:57:45] [Survivor] Reisen: nb_assault 
[17:57:47] [Survivor] Reisen: nb_assault 
[17:57:53] [Survivor] Reisen: nb_assault 
[17:57:53] [Survivor] Reisen: nb_assault 
[17:57:56] [Survivor] Reisen: nb_assault 
[17:57:57] [Survivor] Reisen: nb_assault 
[17:57:58] [Survivor] Reisen: nb_assault 
[17:58:04] [Survivor] Reisen: nb_assault 
[17:58:05] [Survivor] Reisen: nb_assault 
[17:58:06] [Survivor] Reisen: nb_assault 
[17:58:08] [Survivor] Reisen: nb_assault 
[17:58:09] [Survivor] Reisen: nb_assault 
--=================================================================--
[22/01/2023 17:58:12] --- 回合结束: c2m1_highway ---
--=================================================================--
--=================================================================--
[22/01/2023 17:58:14] --- 回合结束: c2m1_highway ---
--=================================================================--
--=================================================================--
[22/01/2023 17:58:15] --- 回合开始: c2m1_highway ---
--=================================================================--
[17:58:20] [Survivor] Reisen: setpause 
[18:00:09] Reisen<2><STEAM_1:0:182922075><> 离开游戏 (reason: 你自己干了什么没点B数吗)
--=================================================================--
[22/01/2023 18:00:44] --- 回合开始: c2m1_highway ---
--=================================================================--
--=================================================================--
[22/01/2023 18:00:45] --- 地图开始: c2m1_highway ---
--=================================================================--
[22:15:40] [CN] Reisen<2><STEAM_1:0:182922075><> 加入游戏 (223.74.0.218)
[22:15:41] [Unassigned] Reisen: vmodenable 1
[22:15:41] [Unassigned] Reisen: vban 0
[22:15:44] [Infected] Reisen: unpause 
[22:15:48] [Infected] Reisen: say !vote
[22:15:48] [Infected] Reisen: sm_vote 
[22:15:49] [Infected] Reisen: menuselect 3
[22:15:51] [Infected] Reisen: menuselect 6
[22:15:53] [Infected] Reisen: menuselect 3
[22:15:56] [Infected] Reisen: vote Yes
[22:15:56] [Infected] Reisen: menuselect 2
--=================================================================--
[22/01/2023 22:15:58] --- 地图开始: c2m1_highway ---
--=================================================================--
--=================================================================--
[22/01/2023 22:16:01] --- 地图结束: c2m1_highway ---
--=================================================================--
--=================================================================--
[22/01/2023 22:16:03] --- 回合开始: c2m1_highway ---
--=================================================================--
--=================================================================--
[22/01/2023 22:16:03] --- 地图开始: c2m1_highway ---
--=================================================================--
[22:16:13] [CN] Reisen<2><STEAM_1:0:182922075><> 加入游戏 (223.74.0.218)
[22:16:13] [Unassigned] Reisen: vmodenable 1
[22:16:13] [Unassigned] Reisen: vban 0
[22:16:14] [Unassigned] Reisen: unpause 
[22:16:20] [Spectator] Reisen: say !
[22:16:22] [Spectator] Reisen: say_team !join
[22:16:22] [Spectator] Reisen: sm_join 
[22:16:22] [Spectator] Reisen: jointeam survivor
[22:16:24] [Survivor] Reisen: vocalize smartlook auto
[22:16:25] [Survivor] Reisen: say !vote
[22:16:25] [Survivor] Reisen: sm_vote 
[22:16:26] [Survivor] Reisen: menuselect 1
[22:16:27] [Survivor] Reisen: menuselect 3
[22:16:32] [Survivor] Reisen: menuselect 9
[22:16:34] [Survivor] Reisen: menuselect 4
[22:16:36] [Survivor] Reisen: vote Yes
[22:16:36] [Survivor] Reisen: menuselect 1
[22:16:39] [Survivor] Reisen: say !vote
[22:16:39] [Survivor] Reisen: sm_vote 
[22:16:42] [Survivor] Reisen: menuselect 9
[22:16:45] [Survivor] Reisen: menuselect 1
[22:16:47] [Survivor] Reisen: menuselect 8
[22:16:49] [Survivor] Reisen: menuselect 9
[22:16:51] [Survivor] Reisen: menuselect 9
[22:16:51] [Survivor] Reisen: menuselect 8
[22:16:52] [Survivor] Reisen: menuselect 8
[22:16:53] [Survivor] Reisen: menuselect 2
[22:16:54] [Survivor] Reisen: vote Yes
[22:16:54] [Survivor] Reisen: menuselect 3
[22:17:01] [Survivor] Reisen: say !vote
[22:17:01] [Survivor] Reisen: sm_vote 
[22:17:02] [Survivor] Reisen: menuselect 3
[22:17:02] [Survivor] Reisen: vote Yes
[22:17:02] [Survivor] Reisen: menuselect 1
[22:17:05] [Survivor] Reisen: give pain_pills
[22:17:05] [Survivor] Reisen: give health
[22:17:05] [Survivor] Reisen: give machete
[22:17:05] [Survivor] Reisen: nb_assault 
[22:17:05] [Survivor] Reisen: nb_assault 
[22:17:05] [Survivor] Reisen: nb_assault 
[22:17:12] [Survivor] Reisen: nb_assault 
[22:17:15] [Survivor] Reisen: nb_assault 
[22:17:18] [Survivor] Reisen: nb_assault 
[22:17:23] [Survivor] Reisen: nb_assault 
[22:17:29] [Survivor] Reisen: nb_assault 
[22:17:33] [Survivor] Reisen: nb_assault 
[22:17:36] [Survivor] Reisen: nb_assault 
[22:17:40] [Survivor] Reisen: nb_assault 
[22:17:40] [Survivor] Reisen: say_team !zs
[22:17:40] [Survivor] Reisen: sm_zs 
--=================================================================--
[22/01/2023 22:17:41] --- 回合结束: c2m1_highway ---
--=================================================================--
--=================================================================--
[22/01/2023 22:17:43] --- 回合结束: c2m1_highway ---
--=================================================================--
--=================================================================--
[22/01/2023 22:17:44] --- 回合开始: c2m1_highway ---
--=================================================================--
[22:17:51] [Survivor] Reisen: nb_assault 
[22:17:51] [Survivor] Reisen: nb_assault 
[22:17:51] [Survivor] Reisen: give pain_pills
[22:17:51] [Survivor] Reisen: give health
[22:17:51] [Survivor] Reisen: give machete
[22:17:51] [Survivor] Reisen: nb_assault 
[22:18:02] [Survivor] Reisen: nb_assault 
[22:18:06] [Survivor] Reisen: nb_assault 
[22:18:11] [Survivor] Reisen: nb_assault 
[22:18:43] [Survivor] Reisen: nb_assault 
[22:18:45] [Survivor] Reisen: nb_assault 
[22:18:53] [Survivor] Reisen: nb_assault 
[22:18:57] [Survivor] Reisen: nb_assault 
[22:19:16] [Survivor] Reisen: nb_assault 
[22:19:17] [Survivor] Reisen: nb_assault 
[22:19:24] [Survivor] Reisen: nb_assault 
[22:19:31] [Survivor] Reisen: nb_assault 
[22:19:40] [Survivor] Reisen: nb_assault 
[22:20:02] [Survivor] Reisen: nb_assault 
[22:20:06] [Survivor] Reisen: nb_assault 
[22:20:21] [Survivor] Reisen: nb_assault 
[22:20:27] [Survivor] Reisen: nb_assault 
[22:20:30] [Survivor] Reisen: vocalize smartlook auto
[22:20:30] [Survivor] Reisen: choose_closedoor 
[22:20:30] [Survivor] Reisen: choose_closedoor 
--=================================================================--
[22/01/2023 22:20:31] --- 回合结束: c2m1_highway ---
--=================================================================--
[22:20:31] [Survivor] Reisen: give health
[22:20:31] [Survivor] Reisen: give pistol
[22:20:32] [Survivor] Reisen: vocalize smartlook auto
--=================================================================--
[22/01/2023 22:20:33] --- 回合结束: c2m1_highway ---
--=================================================================--
[22:20:35] [Survivor] Reisen: setpause 
--=================================================================--
[22/01/2023 22:20:37] --- 地图结束: c2m1_highway ---
--=================================================================--
--=================================================================--
[22/01/2023 22:20:39] --- 回合开始: c2m2_fairgrounds ---
--=================================================================--
--=================================================================--
[22/01/2023 22:20:40] --- 地图开始: c2m2_fairgrounds ---
--=================================================================--
[22:20:47] [CN] Reisen<2><STEAM_1:0:182922075><> 加入游戏 (223.74.0.218)
[22:20:48] [Unassigned] Reisen: unpause 
[22:20:48] [Unassigned] Reisen: vmodenable 1
[22:20:48] [Unassigned] Reisen: vban 0
[22:20:50] [Survivor] Reisen: setpause 
[22:20:50] [Survivor] Reisen: vocalize smartlook auto
[22:20:56] [Survivor] Reisen: unpause 
[22:20:58] [Survivor] Reisen: choose_opendoor 
[22:20:58] [Survivor] Reisen: choose_opendoor 
[22:20:59] [Survivor] Reisen: choose_opendoor 
[22:20:59] [Survivor] Reisen: choose_opendoor 
[22:21:00] [Survivor] Reisen: nb_assault 
[22:21:00] [Survivor] Reisen: give pain_pills
[22:21:00] [Survivor] Reisen: give health
[22:21:00] [Survivor] Reisen: give machete
[22:21:00] [Survivor] Reisen: nb_assault 
[22:21:00] [Survivor] Reisen: nb_assault 
[22:21:04] [Survivor] Reisen: nb_assault 
[22:21:06] [Survivor] Reisen: nb_assault 
[22:21:07] [Survivor] Reisen: nb_assault 
[22:21:14] [Survivor] Reisen: nb_assault 
[22:21:17] [Survivor] Reisen: nb_assault 
[22:21:20] [Survivor] Reisen: nb_assault 
[22:21:23] [Survivor] Reisen: nb_assault 
[22:21:25] [Survivor] Reisen: nb_assault 
[22:21:27] [Survivor] Reisen: nb_assault 
[22:21:29] [Survivor] Reisen: nb_assault 
[22:21:31] [Survivor] Reisen: nb_assault 
[22:21:36] Reisen<2><STEAM_1:0:182922075><> 离开游戏 (reason: Disconnect by user.)
--=================================================================--
[22/01/2023 22:21:57] --- 回合开始: c2m1_highway ---
--=================================================================--
--=================================================================--
[22/01/2023 22:21:57] --- 地图开始: c2m1_highway ---
--=================================================================--
[13:24:29] [CN] 予感<2><STEAM_1:0:246466989><> 加入游戏 (223.153.13.43)
[13:24:30] [Unassigned] 予感: vmodenable 1
[13:24:30] [Unassigned] 予感: vban 0
[13:24:33] [Infected] 予感: unpause 
[13:25:03] [Infected] 予感: say /match
[13:25:03] [Infected] 予感: sm_match 
[13:25:03] [Infected] 予感: menuselect 1
[13:25:04] [Infected] 予感: vote Yes
[13:25:04] [Infected] 予感: menuselect 1
