--=================================================================--
[30/01/2023 03:43:28] --- 地图开始: c2m1_highway ---
--=================================================================--
[03:44:12] [TW] GuiGuiEnder<2><STEAM_1:1:154424476><> 加入游戏 (36.230.69.52)
[03:44:12] [Unassigned] GuiGuiEnder: vmodenable 1
[03:44:19] [Survivor] GuiGuiEnder: unpause 
[03:44:19] [Survivor] GuiGuiEnder: vocalize smartlook auto
[03:44:21] [Survivor] GuiGuiEnder: say /votemenu
[03:44:21] [Survivor] GuiGuiEnder: say_team /vote
[03:44:21] [Survivor] GuiGuiEnder: sm_vote 
[03:44:24] [Survivor] GuiGuiEnder: vocalize smartlook auto
[03:44:27] [Survivor] GuiGuiEnder: menuselect 3
[03:44:29] [Survivor] GuiGuiEnder: vote Yes
[03:44:29] [Survivor] GuiGuiEnder: menuselect 2
--=================================================================--
[30/01/2023 03:44:30] --- 地图开始: c2m1_highway ---
--=================================================================--
--=================================================================--
[30/01/2023 03:44:33] --- 地图结束: c2m1_highway ---
--=================================================================--
--=================================================================--
[30/01/2023 03:44:35] --- 回合开始: c2m1_highway ---
--=================================================================--
--=================================================================--
[30/01/2023 03:44:36] --- 地图开始: c2m1_highway ---
--=================================================================--
[03:44:49] [TW] GuiGuiEnder<2><STEAM_1:1:154424476><> 加入游戏 (36.230.69.52)
[03:44:49] [TW] 總在深夜想起妳<6><STEAM_1:0:610743311><> 加入游戏 (123.193.69.224)
[03:44:49] [Unassigned] 總在深夜想起妳: vmodenable 1
[03:44:49] [Unassigned] 總在深夜想起妳: vban 0
[03:44:50] [Unassigned] 總在深夜想起妳: unpause 
[03:44:52] [Unassigned] GuiGuiEnder: vmodenable 1
[03:44:52] [Unassigned] GuiGuiEnder: vban 0
[03:44:52] [Unassigned] GuiGuiEnder: unpause 
[03:44:52] [Unassigned] GuiGuiEnder: setpause 
[03:44:53] [Survivor] GuiGuiEnder: unpause 
[03:45:10] [Spectator] 總在深夜想起妳: spec_next 
[03:45:11] [Spectator] 總在深夜想起妳: spec_next 
[03:45:11] [Survivor] GuiGuiEnder: say /votemenu
[03:45:11] [Survivor] GuiGuiEnder: say_team /vote
[03:45:11] [Survivor] GuiGuiEnder: sm_vote 
[03:45:11] [Spectator] 總在深夜想起妳: spec_next 
[03:45:12] [Spectator] 總在深夜想起妳: spec_prev 
[03:45:13] [Spectator] 總在深夜想起妳: spec_next 
[03:45:16] [Survivor] GuiGuiEnder: menuselect 3
[03:45:19] [Survivor] GuiGuiEnder: vote Yes
[03:45:19] [Survivor] GuiGuiEnder: menuselect 1
[03:45:21] [Survivor] GuiGuiEnder: say /votemenu
[03:45:21] [Survivor] GuiGuiEnder: say_team /vote
[03:45:21] [Survivor] GuiGuiEnder: sm_vote 
[03:45:23] [Spectator] 總在深夜想起妳: spec_prev 
[03:45:26] [Survivor] GuiGuiEnder: vocalize smartlook auto
[03:45:26] [Spectator] 總在深夜想起妳: spec_next 
[03:45:27] [Spectator] 總在深夜想起妳: spec_prev 
[03:45:28] [Survivor] GuiGuiEnder: menuselect 9
[03:45:30] [Survivor] GuiGuiEnder: menuselect 4
[03:45:32] [Survivor] GuiGuiEnder: vote Yes
[03:45:32] [Survivor] GuiGuiEnder: menuselect 2
--=================================================================--
[30/01/2023 03:45:32] --- 地图结束: c2m1_highway ---
--=================================================================--
--=================================================================--
[30/01/2023 03:45:34] --- 回合开始: c2m1_highway ---
--=================================================================--
--=================================================================--
[30/01/2023 03:45:34] --- 地图开始: c2m1_highway ---
--=================================================================--
[03:45:37] 總在深夜想起妳<6><STEAM_1:0:610743311><> 离开游戏 (reason: Disconnect by user.)
[03:45:47] [TW] GuiGuiEnder<2><STEAM_1:1:154424476><> 加入游戏 (36.230.69.52)
[03:45:49] [Unassigned] GuiGuiEnder: unpause 
[03:45:49] [Unassigned] GuiGuiEnder: vmodenable 1
[03:45:49] [Unassigned] GuiGuiEnder: vban 0
[03:45:50] [Survivor] GuiGuiEnder: setpause 
[03:46:00] [Survivor] GuiGuiEnder: unpause 
[03:46:05] [Survivor] GuiGuiEnder: setpause 
[03:46:08] [Survivor] GuiGuiEnder: unpause 
[03:46:12] [Survivor] GuiGuiEnder: give pain_pills
[03:46:12] [Survivor] GuiGuiEnder: give health
[03:46:12] [Survivor] GuiGuiEnder: nb_assault 
[03:46:12] [Survivor] GuiGuiEnder: nb_assault 
[03:46:17] [Survivor] GuiGuiEnder: nb_assault 
[03:46:21] [Survivor] GuiGuiEnder: nb_assault 
[03:46:24] [Survivor] GuiGuiEnder: nb_assault 
[03:46:41] [Survivor] GuiGuiEnder: nb_assault 
[03:46:41] [Survivor] GuiGuiEnder: nb_assault 
[03:46:48] [Survivor] GuiGuiEnder: nb_assault 
[03:46:51] [Survivor] GuiGuiEnder: nb_assault 
[03:46:57] [Survivor] GuiGuiEnder: nb_assault 
[03:47:01] [Survivor] GuiGuiEnder: nb_assault 
[03:47:06] [Survivor] GuiGuiEnder: nb_assault 
[03:47:10] [Survivor] GuiGuiEnder: nb_assault 
[03:47:17] [Survivor] GuiGuiEnder: nb_assault 
[03:47:19] [Survivor] GuiGuiEnder: nb_assault 
[03:47:20] [Survivor] GuiGuiEnder: vocalize smartlook auto
[03:47:27] [Survivor] GuiGuiEnder: nb_assault 
[03:47:31] [Survivor] GuiGuiEnder: nb_assault 
[03:47:33] [Survivor] GuiGuiEnder: vocalize smartlook auto
[03:47:38] [Survivor] GuiGuiEnder: nb_assault 
--=================================================================--
[30/01/2023 03:47:41] --- 回合结束: c2m1_highway ---
--=================================================================--
[03:47:42] [Survivor] GuiGuiEnder: setpause 
--=================================================================--
[30/01/2023 03:47:43] --- 回合结束: c2m1_highway ---
--=================================================================--
--=================================================================--
[30/01/2023 03:47:44] --- 回合开始: c2m1_highway ---
--=================================================================--
[03:47:45] [Survivor] GuiGuiEnder: unpause 
[03:47:52] [Survivor] GuiGuiEnder: nb_assault 
[03:47:52] [Survivor] GuiGuiEnder: nb_assault 
[03:47:53] [Survivor] GuiGuiEnder: give pain_pills
[03:47:53] [Survivor] GuiGuiEnder: give health
[03:48:01] [Survivor] GuiGuiEnder: nb_assault 
[03:48:06] [Survivor] GuiGuiEnder: nb_assault 
[03:48:15] [Survivor] GuiGuiEnder: nb_assault 
[03:48:18] [Survivor] GuiGuiEnder: nb_assault 
[03:48:21] [Survivor] GuiGuiEnder: nb_assault 
[03:48:26] [Survivor] GuiGuiEnder: nb_assault 
[03:48:32] [Survivor] GuiGuiEnder: nb_assault 
[03:48:39] [Survivor] GuiGuiEnder: nb_assault 
[03:48:46] [Survivor] GuiGuiEnder: nb_assault 
[03:48:49] [Survivor] GuiGuiEnder: nb_assault 
[03:48:55] [Survivor] GuiGuiEnder: nb_assault 
[03:48:57] [Survivor] GuiGuiEnder: nb_assault 
[03:48:59] [Survivor] GuiGuiEnder: nb_assault 
[03:49:02] [Survivor] GuiGuiEnder: nb_assault 
[03:49:06] [Survivor] GuiGuiEnder: nb_assault 
[03:49:07] [Survivor] GuiGuiEnder: nb_assault 
[03:49:17] [Survivor] GuiGuiEnder: nb_assault 
[03:49:21] [Survivor] GuiGuiEnder: nb_assault 
[03:49:28] [Survivor] GuiGuiEnder: nb_assault 
[03:49:34] [Survivor] GuiGuiEnder: nb_assault 
[03:49:40] [Survivor] GuiGuiEnder: nb_assault 
[03:49:43] [Survivor] GuiGuiEnder: vocalize smartlook auto
--=================================================================--
[30/01/2023 03:49:44] --- 回合结束: c2m1_highway ---
--=================================================================--
[03:49:46] [Survivor] GuiGuiEnder: say /votemenu
[03:49:46] [Survivor] GuiGuiEnder: say_team /vote
[03:49:46] [Survivor] GuiGuiEnder: sm_vote 
--=================================================================--
[30/01/2023 03:49:46] --- 回合结束: c2m1_highway ---
--=================================================================--
[03:49:47] [Survivor] GuiGuiEnder: menuselect 2
--=================================================================--
[30/01/2023 03:49:48] --- 回合开始: c2m1_highway ---
--=================================================================--
[03:49:48] [Survivor] GuiGuiEnder: vote Yes
[03:49:48] [Survivor] GuiGuiEnder: menuselect 1
[03:49:51] [Survivor] GuiGuiEnder: setpause 
[03:49:53] [Survivor] GuiGuiEnder: ping 
[03:49:53] [Survivor] GuiGuiEnder: unpause 
[03:49:57] [Survivor] GuiGuiEnder: setpause 
[03:50:01] [Survivor] GuiGuiEnder: unpause 
[03:50:03] [Survivor] GuiGuiEnder: give pain_pills
[03:50:03] [Survivor] GuiGuiEnder: give health
[03:50:03] [Survivor] GuiGuiEnder: nb_assault 
[03:50:08] [Survivor] GuiGuiEnder: nb_assault 
[03:50:18] [Survivor] GuiGuiEnder: nb_assault 
[03:50:30] [Survivor] GuiGuiEnder: setpause 
[03:50:30] [Survivor] GuiGuiEnder: unpause 
[03:50:32] [Survivor] GuiGuiEnder: setpause 
[03:50:41] [Survivor] GuiGuiEnder: unpause 
[03:50:41] [Survivor] GuiGuiEnder: unpause 
[03:50:48] [Survivor] GuiGuiEnder: setpause 
[03:50:48] [Survivor] GuiGuiEnder: unpause 
[03:50:49] [Survivor] GuiGuiEnder: unpause 
[03:50:49] [Survivor] GuiGuiEnder: setpause 
[03:50:57] [Survivor] GuiGuiEnder: unpause 
[03:50:57] [Survivor] GuiGuiEnder: unpause 
[03:51:01] [Survivor] GuiGuiEnder: demorestart 
[03:51:03] [Survivor] GuiGuiEnder: vocalize PlayerNiceJob #3280
[03:51:05] [Survivor] GuiGuiEnder: setpause 
[03:51:13] [Survivor] GuiGuiEnder: unpause 
[03:51:19] [Survivor] GuiGuiEnder: nb_assault 
[03:51:29] [Survivor] GuiGuiEnder: nb_assault 
[03:51:37] [Survivor] GuiGuiEnder: nb_assault 
[03:51:44] [Survivor] GuiGuiEnder: nb_assault 
[03:51:51] [Survivor] GuiGuiEnder: nb_assault 
[03:51:56] [Survivor] GuiGuiEnder: nb_assault 
[03:52:01] [Survivor] GuiGuiEnder: nb_assault 
[03:52:04] [Survivor] GuiGuiEnder: setpause 
[03:52:05] [Survivor] GuiGuiEnder: unpause 
[03:52:07] [Survivor] GuiGuiEnder: setpause 
[03:52:08] [Survivor] GuiGuiEnder: nb_assault 
[03:52:09] [Survivor] GuiGuiEnder: unpause 
[03:52:16] [Survivor] GuiGuiEnder: setpause 
[03:52:17] [Survivor] GuiGuiEnder: nb_assault 
[03:52:18] [Survivor] GuiGuiEnder: unpause 
[03:52:21] [Survivor] GuiGuiEnder: nb_assault 
[03:52:26] [Survivor] GuiGuiEnder: nb_assault 
[03:52:31] [Survivor] GuiGuiEnder: nb_assault 
[03:52:36] [Survivor] GuiGuiEnder: nb_assault 
[03:52:41] [Survivor] GuiGuiEnder: nb_assault 
[03:52:48] [Survivor] GuiGuiEnder: nb_assault 
[03:52:48] [Survivor] GuiGuiEnder: setpause 
[03:52:51] [Survivor] GuiGuiEnder: unpause 
[03:52:54] [Survivor] GuiGuiEnder: nb_assault 
[03:53:02] [Survivor] GuiGuiEnder: nb_assault 
[03:53:03] [Survivor] GuiGuiEnder: setpause 
[03:53:04] [Survivor] GuiGuiEnder: unpause 
[03:53:10] [Survivor] GuiGuiEnder: nb_assault 
[03:53:14] [Survivor] GuiGuiEnder: setpause 
[03:53:15] [Survivor] GuiGuiEnder: nb_assault 
[03:53:19] [Survivor] GuiGuiEnder: unpause 
[03:53:21] [Survivor] GuiGuiEnder: nb_assault 
[03:53:29] [Survivor] GuiGuiEnder: nb_assault 
--=================================================================--
[30/01/2023 03:53:34] --- 回合结束: c2m1_highway ---
--=================================================================--
--=================================================================--
[30/01/2023 03:53:36] --- 回合结束: c2m1_highway ---
--=================================================================--
--=================================================================--
[30/01/2023 03:53:37] --- 回合开始: c2m1_highway ---
--=================================================================--
[03:53:45] [Survivor] GuiGuiEnder: nb_assault 
[03:53:45] [Survivor] GuiGuiEnder: give pain_pills
[03:53:45] [Survivor] GuiGuiEnder: give health
[03:53:52] [Survivor] GuiGuiEnder: say_team /slots 1
[03:53:52] [Survivor] GuiGuiEnder: sm_slots 1
[03:53:52] [Survivor] GuiGuiEnder: vote Yes
[03:54:16] [Survivor] GuiGuiEnder: nb_assault 
[03:54:29] [Survivor] GuiGuiEnder: nb_assault 
[03:54:34] [Survivor] GuiGuiEnder: nb_assault 
[03:54:45] [Survivor] GuiGuiEnder: nb_assault 
[03:54:52] [Survivor] GuiGuiEnder: nb_assault 
[03:54:58] [Survivor] GuiGuiEnder: nb_assault 
[03:55:02] [Survivor] GuiGuiEnder: nb_assault 
[03:55:08] [Survivor] GuiGuiEnder: nb_assault 
[03:55:08] [Survivor] GuiGuiEnder: setpause 
[03:55:09] [Survivor] GuiGuiEnder: unpause 
[03:55:12] [Survivor] GuiGuiEnder: nb_assault 
[03:55:17] [Survivor] GuiGuiEnder: say /votemenu
[03:55:17] [Survivor] GuiGuiEnder: say_team /vote
[03:55:17] [Survivor] GuiGuiEnder: sm_vote 
[03:55:18] [Survivor] GuiGuiEnder: nb_assault 
[03:55:19] [Survivor] GuiGuiEnder: menuselect 9
[03:55:20] [Survivor] GuiGuiEnder: menuselect 5
[03:55:22] [Survivor] GuiGuiEnder: nb_assault 
[03:55:30] [Survivor] GuiGuiEnder: nb_assault 
[03:55:30] [Survivor] GuiGuiEnder: vote Yes
[03:55:30] [Survivor] GuiGuiEnder: menuselect 2
[03:55:31] [Survivor] GuiGuiEnder: say /votemenu
[03:55:31] [Survivor] GuiGuiEnder: say_team /vote
[03:55:31] [Survivor] GuiGuiEnder: sm_vote 
[03:55:35] [Survivor] GuiGuiEnder: nb_assault 
[03:55:47] [Survivor] GuiGuiEnder: nb_assault 
[03:55:53] [Survivor] GuiGuiEnder: say /votemenu
[03:55:53] [Survivor] GuiGuiEnder: say_team /vote
[03:55:53] [Survivor] GuiGuiEnder: sm_vote 
[03:55:54] [Survivor] GuiGuiEnder: menuselect 9
[03:55:55] [Survivor] GuiGuiEnder: menuselect 9
[03:55:56] [Survivor] GuiGuiEnder: menuselect 8
[03:55:58] [Survivor] GuiGuiEnder: nb_assault 
[03:56:04] [Survivor] GuiGuiEnder: nb_assault 
[03:56:10] [Survivor] GuiGuiEnder: nb_assault 
[03:56:15] [Survivor] GuiGuiEnder: nb_assault 
[03:56:22] [Survivor] GuiGuiEnder: nb_assault 
[03:56:31] [Survivor] GuiGuiEnder: nb_assault 
[03:56:36] [Survivor] GuiGuiEnder: nb_assault 
[03:56:44] [Survivor] GuiGuiEnder: nb_assault 
[03:56:58] [Survivor] GuiGuiEnder: nb_assault 
[03:57:06] [Survivor] GuiGuiEnder: nb_assault 
[03:57:13] [Survivor] GuiGuiEnder: nb_assault 
--=================================================================--
[30/01/2023 03:57:20] --- 回合结束: c2m1_highway ---
--=================================================================--
--=================================================================--
[30/01/2023 03:57:22] --- 回合结束: c2m1_highway ---
--=================================================================--
--=================================================================--
[30/01/2023 03:57:23] --- 回合开始: c2m1_highway ---
--=================================================================--
[03:57:32] [Survivor] GuiGuiEnder: give pain_pills
[03:57:32] [Survivor] GuiGuiEnder: give health
[03:57:32] [Survivor] GuiGuiEnder: nb_assault 
[03:57:46] [Survivor] GuiGuiEnder: nb_assault 
[03:57:54] [Survivor] GuiGuiEnder: nb_assault 
[03:58:00] [Survivor] GuiGuiEnder: vocalize smartlook auto
[03:58:04] [Survivor] GuiGuiEnder: nb_assault 
[03:58:09] [Survivor] GuiGuiEnder: vocalize smartlook auto
[03:58:19] [Survivor] GuiGuiEnder: nb_assault 
[03:58:31] [Survivor] GuiGuiEnder: nb_assault 
[03:58:48] [Survivor] GuiGuiEnder: nb_assault 
[03:58:53] [Survivor] GuiGuiEnder: nb_assault 
[03:59:06] [Survivor] GuiGuiEnder: nb_assault 
[03:59:12] [Survivor] GuiGuiEnder: nb_assault 
[03:59:14] [Survivor] GuiGuiEnder: setpause 
[03:59:25] [Survivor] GuiGuiEnder: unpause 
[03:59:31] [Survivor] GuiGuiEnder: nb_assault 
[03:59:42] [Survivor] GuiGuiEnder: nb_assault 
[03:59:49] [Survivor] GuiGuiEnder: nb_assault 
[03:59:54] [Survivor] GuiGuiEnder: nb_assault 
[03:59:59] [Survivor] GuiGuiEnder: setpause 
[04:00:02] [Survivor] GuiGuiEnder: unpause 
[04:00:08] [Survivor] GuiGuiEnder: nb_assault 
[04:00:11] [Survivor] GuiGuiEnder: setpause 
[04:00:13] [Survivor] GuiGuiEnder: unpause 
[04:00:27] [Survivor] GuiGuiEnder: nb_assault 
[04:00:30] [Survivor] GuiGuiEnder: nb_assault 
[04:00:37] [Survivor] GuiGuiEnder: nb_assault 
[04:00:44] [Survivor] GuiGuiEnder: say /votemenu
[04:00:44] [Survivor] GuiGuiEnder: say_team /vote
[04:00:44] [Survivor] GuiGuiEnder: sm_vote 
[04:00:46] [Survivor] GuiGuiEnder: menuselect 9
[04:00:49] [Survivor] GuiGuiEnder: menuselect 3
[04:00:50] [Survivor] GuiGuiEnder: vote Yes
[04:00:50] [Survivor] GuiGuiEnder: menuselect 1
[04:00:59] [Survivor] GuiGuiEnder: nb_assault 
[04:01:07] [Survivor] GuiGuiEnder: nb_assault 
[04:01:15] [Survivor] GuiGuiEnder: nb_assault 
--=================================================================--
[30/01/2023 04:01:22] --- 回合结束: c2m1_highway ---
--=================================================================--
--=================================================================--
[30/01/2023 04:01:24] --- 回合结束: c2m1_highway ---
--=================================================================--
--=================================================================--
[30/01/2023 04:01:25] --- 回合开始: c2m1_highway ---
--=================================================================--
[04:01:35] [Survivor] GuiGuiEnder: give pain_pills
[04:01:35] [Survivor] GuiGuiEnder: give health
[04:01:36] [Survivor] GuiGuiEnder: nb_assault 
[04:01:45] [Survivor] GuiGuiEnder: nb_assault 
[04:01:59] [Survivor] GuiGuiEnder: setpause 
[04:02:02] [Survivor] GuiGuiEnder: unpause 
[04:02:02] [Survivor] GuiGuiEnder: unpause 
[04:02:13] [Survivor] GuiGuiEnder: nb_assault 
[04:02:25] [Survivor] GuiGuiEnder: nb_assault 
[04:02:30] [Survivor] GuiGuiEnder: nb_assault 
[04:02:38] [Survivor] GuiGuiEnder: nb_assault 
[04:02:44] [Survivor] GuiGuiEnder: nb_assault 
[04:02:50] [Survivor] GuiGuiEnder: nb_assault 
[04:02:58] [Survivor] GuiGuiEnder: say /votemenu
[04:02:58] [Survivor] GuiGuiEnder: say_team /vote
[04:02:58] [Survivor] GuiGuiEnder: sm_vote 
[04:03:03] [Survivor] GuiGuiEnder: menuselect 10
[04:03:09] [Survivor] GuiGuiEnder: nb_assault 
[04:03:20] [Survivor] GuiGuiEnder: nb_assault 
[04:03:32] [Survivor] GuiGuiEnder: nb_assault 
[04:03:38] [Survivor] GuiGuiEnder: nb_assault 
[04:03:47] [Survivor] GuiGuiEnder: nb_assault 
[04:03:52] [Survivor] GuiGuiEnder: nb_assault 
[04:04:03] [Survivor] GuiGuiEnder: nb_assault 
[04:04:15] [Survivor] GuiGuiEnder: nb_assault 
[04:04:24] [Survivor] GuiGuiEnder: nb_assault 
[04:04:26] [Survivor] GuiGuiEnder: setpause 
[04:04:26] [Survivor] GuiGuiEnder: unpause 
[04:04:26] [Survivor] GuiGuiEnder: unpause 
[04:04:27] [Survivor] GuiGuiEnder: setpause 
[04:04:28] [Survivor] GuiGuiEnder: unpause 
[04:04:32] [Survivor] GuiGuiEnder: setpause 
[04:04:32] [Survivor] GuiGuiEnder: nb_assault 
[04:04:35] [Survivor] GuiGuiEnder: unpause 
[04:04:38] [Survivor] GuiGuiEnder: nb_assault 
[04:04:47] [Survivor] GuiGuiEnder: nb_assault 
[04:04:54] [Survivor] GuiGuiEnder: nb_assault 
[04:04:59] [Survivor] GuiGuiEnder: nb_assault 
[04:05:03] [Survivor] GuiGuiEnder: nb_assault 
[04:05:09] [Survivor] GuiGuiEnder: nb_assault 
[04:05:18] [Survivor] GuiGuiEnder: nb_assault 
[04:05:22] [Survivor] GuiGuiEnder: nb_assault 
[04:05:27] [Survivor] GuiGuiEnder: nb_assault 
[04:05:35] [Survivor] GuiGuiEnder: nb_assault 
--=================================================================--
[30/01/2023 04:05:41] --- 回合结束: c2m1_highway ---
--=================================================================--
--=================================================================--
[30/01/2023 04:05:43] --- 回合结束: c2m1_highway ---
--=================================================================--
--=================================================================--
[30/01/2023 04:05:44] --- 回合开始: c2m1_highway ---
--=================================================================--
[04:05:59] [Survivor] GuiGuiEnder: give pain_pills
[04:05:59] [Survivor] GuiGuiEnder: give health
[04:05:59] [Survivor] GuiGuiEnder: nb_assault 
[04:06:12] [Survivor] GuiGuiEnder: nb_assault 
[04:06:25] [Survivor] GuiGuiEnder: nb_assault 
[04:06:33] [Survivor] GuiGuiEnder: nb_assault 
[04:06:36] [Survivor] GuiGuiEnder: nb_assault 
[04:06:44] [Survivor] GuiGuiEnder: nb_assault 
[04:06:48] [Survivor] GuiGuiEnder: nb_assault 
[04:06:56] [Survivor] GuiGuiEnder: nb_assault 
[04:07:07] [Survivor] GuiGuiEnder: nb_assault 
[04:07:15] [Survivor] GuiGuiEnder: nb_assault 
[04:07:21] [Survivor] GuiGuiEnder: nb_assault 
[04:07:25] [Survivor] GuiGuiEnder: nb_assault 
[04:07:32] [Survivor] GuiGuiEnder: nb_assault 
[04:07:32] [Survivor] GuiGuiEnder: setpause 
[04:07:34] [Survivor] GuiGuiEnder: unpause 
[04:07:41] [Survivor] GuiGuiEnder: nb_assault 
[04:07:44] [Survivor] GuiGuiEnder: nb_assault 
[04:07:52] [Survivor] GuiGuiEnder: nb_assault 
[04:07:57] [Survivor] GuiGuiEnder: nb_assault 
[04:08:00] [Survivor] GuiGuiEnder: vocalize smartlook auto
[04:08:08] [Survivor] GuiGuiEnder: nb_assault 
[04:08:09] [Survivor] GuiGuiEnder: say /votemenu
[04:08:09] [Survivor] GuiGuiEnder: say_team /vote
[04:08:09] [Survivor] GuiGuiEnder: sm_vote 
[04:08:11] [Survivor] GuiGuiEnder: menuselect 9
[04:08:13] [Survivor] GuiGuiEnder: menuselect 9
[04:08:14] [Survivor] GuiGuiEnder: menuselect 8
[04:08:16] [Survivor] GuiGuiEnder: menuselect 8
[04:08:22] [Survivor] GuiGuiEnder: menuselect 10
[04:08:22] [Survivor] GuiGuiEnder: nb_assault 
[04:08:24] [Survivor] GuiGuiEnder: setpause 
[04:08:25] [Survivor] GuiGuiEnder: vocalize smartlook auto
[04:08:25] [Survivor] GuiGuiEnder: unpause 
[04:08:28] [Survivor] GuiGuiEnder: setpause 
[04:08:28] [Survivor] GuiGuiEnder: nb_assault 
[04:08:29] [Survivor] GuiGuiEnder: unpause 
[04:08:34] [Survivor] GuiGuiEnder: setpause 
[04:08:35] [Survivor] GuiGuiEnder: nb_assault 
[04:08:37] [Survivor] GuiGuiEnder: unpause 
[04:08:43] [Survivor] GuiGuiEnder: nb_assault 
[04:08:46] [Survivor] GuiGuiEnder: nb_assault 
[04:08:53] [Survivor] GuiGuiEnder: nb_assault 
[04:08:57] [Survivor] GuiGuiEnder: nb_assault 
[04:09:02] [Survivor] GuiGuiEnder: nb_assault 
[04:09:03] [Survivor] GuiGuiEnder: vocalize smartlook auto
[04:09:07] [Survivor] GuiGuiEnder: nb_assault 
[04:09:09] [Survivor] GuiGuiEnder: vocalize smartlook auto
[04:09:12] [Survivor] GuiGuiEnder: nb_assault 
[04:09:32] [Survivor] GuiGuiEnder: nb_assault 
[04:09:41] [Survivor] GuiGuiEnder: nb_assault 
[04:09:44] [Survivor] GuiGuiEnder: vocalize smartlook auto
[04:09:47] [Survivor] GuiGuiEnder: nb_assault 
[04:09:51] [Survivor] GuiGuiEnder: nb_assault 
[04:09:56] [Survivor] GuiGuiEnder: nb_assault 
--=================================================================--
[30/01/2023 04:10:01] --- 回合结束: c2m1_highway ---
--=================================================================--
--=================================================================--
[30/01/2023 04:10:03] --- 回合结束: c2m1_highway ---
--=================================================================--
--=================================================================--
[30/01/2023 04:10:05] --- 回合开始: c2m1_highway ---
--=================================================================--
[04:10:13] [Survivor] GuiGuiEnder: give pain_pills
[04:10:13] [Survivor] GuiGuiEnder: give health
[04:10:13] [Survivor] GuiGuiEnder: nb_assault 
[04:10:22] [Survivor] GuiGuiEnder: nb_assault 
[04:10:34] [Survivor] GuiGuiEnder: nb_assault 
[04:10:41] [Survivor] GuiGuiEnder: nb_assault 
[04:10:55] [Survivor] GuiGuiEnder: nb_assault 
[04:11:09] [Survivor] GuiGuiEnder: nb_assault 
[04:11:14] [Survivor] GuiGuiEnder: nb_assault 
[04:11:23] [Survivor] GuiGuiEnder: nb_assault 
[04:11:28] [Survivor] GuiGuiEnder: nb_assault 
[04:11:56] [Survivor] GuiGuiEnder: nb_assault 
[04:12:00] [Survivor] GuiGuiEnder: nb_assault 
[04:12:08] [Survivor] GuiGuiEnder: nb_assault 
[04:12:15] [Survivor] GuiGuiEnder: nb_assault 
[04:12:19] [Survivor] GuiGuiEnder: nb_assault 
[04:12:25] [Survivor] GuiGuiEnder: nb_assault 
[04:12:28] [Survivor] GuiGuiEnder: nb_assault 
[04:12:32] [Survivor] GuiGuiEnder: setpause 
[04:12:34] [Survivor] GuiGuiEnder: unpause 
[04:12:38] [Survivor] GuiGuiEnder: nb_assault 
[04:12:49] [Survivor] GuiGuiEnder: nb_assault 
[04:13:04] [Survivor] GuiGuiEnder: nb_assault 
[04:13:11] [Survivor] GuiGuiEnder: nb_assault 
[04:13:30] [Survivor] GuiGuiEnder: nb_assault 
[04:13:37] [Survivor] GuiGuiEnder: nb_assault 
[04:13:44] [Survivor] GuiGuiEnder: nb_assault 
[04:13:55] [Survivor] GuiGuiEnder: nb_assault 
[04:14:04] [Survivor] GuiGuiEnder: nb_assault 
[04:14:16] [Survivor] GuiGuiEnder: nb_assault 
[04:14:21] [Survivor] GuiGuiEnder: nb_assault 
[04:14:25] [Survivor] GuiGuiEnder: nb_assault 
[04:14:30] [Survivor] GuiGuiEnder: nb_assault 
[04:14:36] [Survivor] GuiGuiEnder: nb_assault 
[04:14:41] [Survivor] GuiGuiEnder: nb_assault 
[04:14:48] [Survivor] GuiGuiEnder: nb_assault 
[04:15:06] [Survivor] GuiGuiEnder: nb_assault 
[04:15:16] [Survivor] GuiGuiEnder: say /votemenu
[04:15:16] [Survivor] GuiGuiEnder: say_team /vote
[04:15:16] [Survivor] GuiGuiEnder: sm_vote 
[04:15:17] [Survivor] GuiGuiEnder: nb_assault 
[04:15:17] [Survivor] GuiGuiEnder: menuselect 9
[04:15:19] [Survivor] GuiGuiEnder: menuselect 5
[04:15:20] [Survivor] GuiGuiEnder: vote Yes
[04:15:20] [Survivor] GuiGuiEnder: menuselect 1
[04:15:25] [Survivor] GuiGuiEnder: nb_assault 
[04:15:38] [Survivor] GuiGuiEnder: nb_assault 
[04:15:45] [Survivor] GuiGuiEnder: nb_assault 
--=================================================================--
[30/01/2023 04:15:52] --- 回合结束: c2m1_highway ---
--=================================================================--
--=================================================================--
[30/01/2023 04:15:54] --- 回合结束: c2m1_highway ---
--=================================================================--
--=================================================================--
[30/01/2023 04:15:55] --- 回合开始: c2m1_highway ---
--=================================================================--
[04:16:07] [Survivor] GuiGuiEnder: give pain_pills
[04:16:07] [Survivor] GuiGuiEnder: give health
[04:16:07] [Survivor] GuiGuiEnder: nb_assault 
[04:16:26] [Survivor] GuiGuiEnder: nb_assault 
[04:16:46] [Survivor] GuiGuiEnder: nb_assault 
[04:17:02] [Survivor] GuiGuiEnder: nb_assault 
[04:17:09] [Survivor] GuiGuiEnder: nb_assault 
[04:17:16] [Survivor] GuiGuiEnder: nb_assault 
[04:17:24] [Survivor] GuiGuiEnder: nb_assault 
[04:17:36] [Survivor] GuiGuiEnder: nb_assault 
[04:17:37] [Survivor] GuiGuiEnder: setpause 
[04:17:38] [Survivor] GuiGuiEnder: unpause 
[04:17:43] [Survivor] GuiGuiEnder: setpause 
[04:17:44] [Survivor] GuiGuiEnder: unpause 
[04:17:44] [Survivor] GuiGuiEnder: nb_assault 
[04:17:48] [Survivor] GuiGuiEnder: setpause 
[04:17:48] [Survivor] GuiGuiEnder: unpause 
[04:17:51] [Survivor] GuiGuiEnder: nb_assault 
[04:17:58] [Survivor] GuiGuiEnder: nb_assault 
[04:18:00] [Survivor] GuiGuiEnder: nb_assault 
[04:18:04] [Survivor] GuiGuiEnder: nb_assault 
[04:18:09] [Survivor] GuiGuiEnder: setpause 
[04:18:10] [Survivor] GuiGuiEnder: nb_assault 
[04:18:13] [Survivor] GuiGuiEnder: unpause 
[04:18:17] [Survivor] GuiGuiEnder: nb_assault 
[04:18:24] [Survivor] GuiGuiEnder: nb_assault 
[04:18:28] [Survivor] GuiGuiEnder: nb_assault 
[04:18:40] [Survivor] GuiGuiEnder: nb_assault 
[04:18:44] [Survivor] GuiGuiEnder: nb_assault 
[04:18:49] [Survivor] GuiGuiEnder: nb_assault 
[04:18:50] [Survivor] GuiGuiEnder: setpause 
[04:18:53] [Survivor] GuiGuiEnder: unpause 
[04:18:57] [Survivor] GuiGuiEnder: nb_assault 
[04:19:00] [Survivor] GuiGuiEnder: nb_assault 
[04:19:06] [Survivor] GuiGuiEnder: nb_assault 
[04:19:17] [Survivor] GuiGuiEnder: nb_assault 
[04:19:22] [Survivor] GuiGuiEnder: nb_assault 
[04:19:25] [Survivor] GuiGuiEnder: nb_assault 
[04:19:33] [Survivor] GuiGuiEnder: nb_assault 
[04:19:38] [Survivor] GuiGuiEnder: nb_assault 
[04:19:41] [Survivor] GuiGuiEnder: nb_assault 
[04:19:44] [Survivor] GuiGuiEnder: nb_assault 
[04:19:56] [Survivor] GuiGuiEnder: nb_assault 
[04:20:01] [Survivor] GuiGuiEnder: nb_assault 
[04:20:08] [Survivor] GuiGuiEnder: nb_assault 
[04:20:13] [Survivor] GuiGuiEnder: nb_assault 
[04:20:19] [Survivor] GuiGuiEnder: setpause 
[04:20:20] [Survivor] GuiGuiEnder: unpause 
[04:20:22] [Survivor] GuiGuiEnder: nb_assault 
[04:20:26] [Survivor] GuiGuiEnder: nb_assault 
[04:20:34] [Survivor] GuiGuiEnder: nb_assault 
[04:20:40] [Survivor] GuiGuiEnder: nb_assault 
[04:20:56] [Survivor] GuiGuiEnder: nb_assault 
[04:21:04] [Survivor] GuiGuiEnder: nb_assault 
[04:21:10] [Survivor] GuiGuiEnder: nb_assault 
[04:21:16] [Survivor] GuiGuiEnder: nb_assault 
[04:21:19] [Survivor] GuiGuiEnder: nb_assault 
[04:21:27] [Survivor] GuiGuiEnder: nb_assault 
--=================================================================--
[30/01/2023 04:21:34] --- 回合结束: c2m1_highway ---
--=================================================================--
--=================================================================--
[30/01/2023 04:21:36] --- 回合结束: c2m1_highway ---
--=================================================================--
--=================================================================--
[30/01/2023 04:21:37] --- 回合开始: c2m1_highway ---
--=================================================================--
[04:21:47] [Survivor] GuiGuiEnder: give pain_pills
[04:21:47] [Survivor] GuiGuiEnder: give health
[04:21:47] [Survivor] GuiGuiEnder: nb_assault 
[04:21:55] [Survivor] GuiGuiEnder: nb_assault 
[04:22:02] [Survivor] GuiGuiEnder: nb_assault 
[04:22:07] [Survivor] GuiGuiEnder: nb_assault 
[04:22:22] [Survivor] GuiGuiEnder: nb_assault 
[04:22:28] [Survivor] GuiGuiEnder: nb_assault 
[04:22:32] [Survivor] GuiGuiEnder: nb_assault 
[04:22:35] [Survivor] GuiGuiEnder: nb_assault 
[04:22:49] [Survivor] GuiGuiEnder: nb_assault 
[04:22:57] [Survivor] GuiGuiEnder: nb_assault 
[04:23:07] [Survivor] GuiGuiEnder: nb_assault 
[04:23:12] [Survivor] GuiGuiEnder: nb_assault 
[04:23:24] [Survivor] GuiGuiEnder: nb_assault 
[04:23:30] [Survivor] GuiGuiEnder: nb_assault 
[04:23:35] [Survivor] GuiGuiEnder: nb_assault 
[04:23:42] [Survivor] GuiGuiEnder: nb_assault 
[04:23:49] [Survivor] GuiGuiEnder: nb_assault 
[04:23:57] [Survivor] GuiGuiEnder: nb_assault 
[04:24:02] [Survivor] GuiGuiEnder: nb_assault 
[04:24:06] [Survivor] GuiGuiEnder: nb_assault 
[04:24:22] [Survivor] GuiGuiEnder: nb_assault 
[04:24:27] [Survivor] GuiGuiEnder: nb_assault 
[04:24:34] [Survivor] GuiGuiEnder: nb_assault 
[04:24:45] [Survivor] GuiGuiEnder: nb_assault 
[04:24:51] [Survivor] GuiGuiEnder: nb_assault 
[04:25:01] [Survivor] GuiGuiEnder: nb_assault 
[04:25:09] [Survivor] GuiGuiEnder: nb_assault 
[04:25:20] [Survivor] GuiGuiEnder: nb_assault 
[04:25:25] [Survivor] GuiGuiEnder: nb_assault 
[04:25:35] [Survivor] GuiGuiEnder: nb_assault 
[04:25:39] [Survivor] GuiGuiEnder: nb_assault 
[04:25:49] [Survivor] GuiGuiEnder: nb_assault 
[04:25:53] [Survivor] GuiGuiEnder: setpause 
[04:26:01] [Survivor] GuiGuiEnder: unpause 
[04:26:07] [Survivor] GuiGuiEnder: nb_assault 
[04:26:20] [Survivor] GuiGuiEnder: nb_assault 
[04:26:26] [Survivor] GuiGuiEnder: nb_assault 
[04:26:34] [Survivor] GuiGuiEnder: nb_assault 
--=================================================================--
[30/01/2023 04:26:41] --- 回合结束: c2m1_highway ---
--=================================================================--
--=================================================================--
[30/01/2023 04:26:43] --- 回合结束: c2m1_highway ---
--=================================================================--
--=================================================================--
[30/01/2023 04:26:44] --- 回合开始: c2m1_highway ---
--=================================================================--
[04:26:51] [Survivor] GuiGuiEnder: nb_assault 
[04:26:52] [Survivor] GuiGuiEnder: give pain_pills
[04:26:52] [Survivor] GuiGuiEnder: give health
[04:27:00] [Survivor] GuiGuiEnder: nb_assault 
[04:27:11] [Survivor] GuiGuiEnder: nb_assault 
[04:27:19] [Survivor] GuiGuiEnder: nb_assault 
[04:27:29] [Survivor] GuiGuiEnder: nb_assault 
[04:27:40] [Survivor] GuiGuiEnder: nb_assault 
[04:27:46] [Survivor] GuiGuiEnder: nb_assault 
[04:27:53] [Survivor] GuiGuiEnder: nb_assault 
[04:27:59] [Survivor] GuiGuiEnder: nb_assault 
[04:28:07] [Survivor] GuiGuiEnder: nb_assault 
[04:28:18] [Survivor] GuiGuiEnder: nb_assault 
[04:28:29] [Survivor] GuiGuiEnder: setpause 
[04:28:30] [Survivor] GuiGuiEnder: nb_assault 
[04:28:31] [Survivor] GuiGuiEnder: unpause 
[04:28:36] [Survivor] GuiGuiEnder: nb_assault 
[04:28:41] [Survivor] GuiGuiEnder: nb_assault 
[04:28:50] [Survivor] GuiGuiEnder: nb_assault 
[04:28:54] [Survivor] GuiGuiEnder: nb_assault 
[04:29:03] [Survivor] GuiGuiEnder: nb_assault 
[04:29:15] [Survivor] GuiGuiEnder: nb_assault 
--=================================================================--
[30/01/2023 04:29:18] --- 回合结束: c2m1_highway ---
--=================================================================--
--=================================================================--
[30/01/2023 04:29:20] --- 回合结束: c2m1_highway ---
--=================================================================--
--=================================================================--
[30/01/2023 04:29:21] --- 回合开始: c2m1_highway ---
--=================================================================--
[04:29:27] [Survivor] GuiGuiEnder: demorestart 
[04:29:29] [Survivor] GuiGuiEnder: nb_assault 
[04:29:29] [Survivor] GuiGuiEnder: give pain_pills
[04:29:29] [Survivor] GuiGuiEnder: give health
[04:29:46] [Survivor] GuiGuiEnder: nb_assault 
[04:29:51] [Survivor] GuiGuiEnder: nb_assault 
[04:29:55] GuiGuiEnder<2><STEAM_1:1:154424476><> 离开游戏 (reason: Disconnect by user.)
--=================================================================--
[30/01/2023 04:30:30] --- 回合开始: c2m1_highway ---
--=================================================================--
--=================================================================--
[30/01/2023 04:30:30] --- 地图开始: c2m1_highway ---
--=================================================================--
--=================================================================--
[31/01/2023 09:22:44] --- 地图结束: c2m1_highway ---
--=================================================================--
--=================================================================--
[31/01/2023 09:22:46] --- 回合开始: c2m1_highway ---
--=================================================================--
