--=================================================================--
[29/01/2023 17:32:47] --- 地图开始: c2m1_highway ---
--=================================================================--
[17:33:04] [CN] iPhoneX<2><STEAM_1:0:625834323><> 加入游戏 (120.239.45.151)
[17:33:05] [Unassigned] iPhoneX: vmodenable 1
[17:33:05] [Unassigned] iPhoneX: vban 0
[17:33:09] [Survivor] iPhoneX: unpause 
[17:44:33] [Survivor] iPhoneX: setpause 
[17:44:35] iPhoneX<2><STEAM_1:0:625834323><> 离开游戏 (reason: Disconnect by user.)
--=================================================================--
[29/01/2023 17:45:05] --- 回合开始: c2m1_highway ---
--=================================================================--
--=================================================================--
[29/01/2023 17:45:05] --- 地图开始: c2m1_highway ---
--=================================================================--
--=================================================================--
[29/01/2023 18:25:00] --- 地图结束: c2m1_highway ---
--=================================================================--
--=================================================================--
[29/01/2023 18:25:02] --- 回合开始: c2m1_highway ---
--=================================================================--
--=================================================================--
[29/01/2023 18:25:02] --- 地图开始: c2m1_highway ---
--=================================================================--
[18:25:12] [CN] hf<2><STEAM_1:0:534465678><> 加入游戏 (180.233.92.39)
[18:25:13] [Unassigned] hf: vmodenable 1
[18:25:13] [Unassigned] hf: vban 0
[18:25:16] [Survivor] hf: unpause 
[18:25:17] [Survivor] hf: vocalize smartlook auto
[18:25:23] [Survivor] hf: vocalize smartlook auto
[18:25:31] [Survivor] hf: say /vote
[18:25:31] [Survivor] hf: sm_vote 
[18:25:33] [Survivor] hf: menuselect 1
[18:25:35] [Survivor] hf: menuselect 10
[18:25:38] [Survivor] hf: menuselect 3
[18:25:40] [Survivor] hf: vote Yes
[18:25:40] [Survivor] hf: menuselect 2
--=================================================================--
[29/01/2023 18:25:41] --- 地图开始: c2m1_highway ---
--=================================================================--
--=================================================================--
[29/01/2023 18:25:44] --- 地图结束: c2m1_highway ---
--=================================================================--
--=================================================================--
[29/01/2023 18:25:46] --- 回合开始: c2m1_highway ---
--=================================================================--
--=================================================================--
[29/01/2023 18:25:46] --- 地图开始: c2m1_highway ---
--=================================================================--
[18:25:56] [CN] hf<2><STEAM_1:0:534465678><> 加入游戏 (180.233.92.39)
[18:25:57] [Unassigned] hf: vmodenable 1
[18:25:57] [Unassigned] hf: vban 0
[18:25:57] [Unassigned] hf: unpause 
[18:26:04] [Survivor] hf: vocalize smartlook auto
[18:26:10] [Survivor] hf: say /vote
[18:26:10] [Survivor] hf: sm_vote 
[18:26:12] [Survivor] hf: menuselect 2
[18:26:14] [Survivor] hf: vote Yes
[18:26:14] [Survivor] hf: menuselect 1
[18:26:22] [Survivor] hf: say /vote
[18:26:22] [Survivor] hf: sm_vote 
[18:26:24] [Survivor] hf: menuselect 3
[18:26:26] [Survivor] hf: vote Yes
[18:26:26] [Survivor] hf: menuselect 3
[18:26:31] [Survivor] hf: say_team /vote
[18:26:31] [Survivor] hf: sm_vote 
[18:26:33] [Survivor] hf: menuselect 4
[18:26:36] [Survivor] hf: menuselect 10
[18:26:43] [Survivor] hf: nb_assault 
[18:26:43] [Survivor] hf: give pain_pills
[18:26:43] [Survivor] hf: give health
[18:26:52] [Survivor] hf: nb_assault 
[18:26:53] [Survivor] hf: menuselect 10
[18:27:52] [Survivor] hf: nb_assault 
[18:28:22] [Survivor] hf: nb_assault 
[18:28:50] [Survivor] hf: nb_assault 
[18:28:56] [Survivor] hf: nb_assault 
[18:29:11] [Survivor] hf: nb_assault 
[18:29:16] [Survivor] hf: nb_assault 
[18:29:21] [Survivor] hf: nb_assault 
[18:29:29] [Survivor] hf: nb_assault 
[18:29:33] [Survivor] hf: nb_assault 
[18:29:44] [Survivor] hf: nb_assault 
[18:29:51] [Survivor] hf: nb_assault 
[18:29:54] [Survivor] hf: vocalize smartlook auto
[18:30:06] [Survivor] hf: nb_assault 
[18:30:16] [Survivor] hf: nb_assault 
[18:30:19] [Survivor] hf: nb_assault 
[18:30:33] [Survivor] hf: nb_assault 
[18:30:36] [Survivor] hf: nb_assault 
[18:30:45] [Survivor] hf: nb_assault 
[18:30:51] [Survivor] hf: nb_assault 
--=================================================================--
[29/01/2023 18:31:01] --- 回合结束: c2m1_highway ---
--=================================================================--
--=================================================================--
[29/01/2023 18:31:03] --- 回合结束: c2m1_highway ---
--=================================================================--
[18:31:04] [Survivor] hf: setpause 
--=================================================================--
[29/01/2023 18:31:04] --- 回合开始: c2m1_highway ---
--=================================================================--
[18:31:05] hf<2><STEAM_1:0:534465678><> 离开游戏 (reason: Disconnect by user.)
--=================================================================--
[29/01/2023 18:31:40] --- 回合开始: c2m1_highway ---
--=================================================================--
--=================================================================--
[29/01/2023 18:31:40] --- 地图开始: c2m1_highway ---
--=================================================================--
--=================================================================--
[29/01/2023 20:03:17] --- 地图结束: c2m1_highway ---
--=================================================================--
--=================================================================--
[29/01/2023 20:03:19] --- 回合开始: c2m1_highway ---
--=================================================================--
--=================================================================--
[29/01/2023 20:03:19] --- 地图开始: c2m1_highway ---
--=================================================================--
[20:03:42] [CN] iPhoneX<2><STEAM_1:0:625834323><> 加入游戏 (120.239.45.151)
[20:03:42] [Unassigned] iPhoneX: vmodenable 1
[20:03:46] [Survivor] iPhoneX: unpause 
[20:03:54] [Survivor] iPhoneX: say_team /match
[20:03:54] [Survivor] iPhoneX: sm_match 
[20:03:57] [Survivor] iPhoneX: say_team /vote
[20:03:57] [Survivor] iPhoneX: sm_vote 
[20:03:58] [Survivor] iPhoneX: menuselect 3
[20:03:58] [Survivor] iPhoneX: vote Yes
[20:03:58] [Survivor] iPhoneX: menuselect 2
--=================================================================--
[29/01/2023 20:03:59] --- 地图开始: c2m1_highway ---
--=================================================================--
[20:04:01] [Survivor] iPhoneX: vocalize smartlook auto
--=================================================================--
[29/01/2023 20:04:03] --- 地图结束: c2m1_highway ---
--=================================================================--
--=================================================================--
[29/01/2023 20:04:05] --- 回合开始: c2m1_highway ---
--=================================================================--
--=================================================================--
[29/01/2023 20:04:05] --- 地图开始: c2m1_highway ---
--=================================================================--
[20:04:18] [CN] iPhoneX<2><STEAM_1:0:625834323><> 加入游戏 (120.239.45.151)
[20:04:19] [Unassigned] iPhoneX: unpause 
[20:04:19] [Unassigned] iPhoneX: vmodenable 1
[20:04:19] [Unassigned] iPhoneX: vban 0
[20:04:24] [Survivor] iPhoneX: say_team /vote
[20:04:24] [Survivor] iPhoneX: sm_vote 
[20:04:27] [Survivor] iPhoneX: menuselect 3
[20:04:27] [Survivor] iPhoneX: vote Yes
[20:04:27] [Survivor] iPhoneX: menuselect 1
[20:04:30] [Survivor] iPhoneX: say_team /vote
[20:04:30] [Survivor] iPhoneX: sm_vote 
[20:04:33] [Survivor] iPhoneX: menuselect 5
[20:04:34] [Survivor] iPhoneX: vote Yes
[20:04:34] [Survivor] iPhoneX: menuselect 1
[20:04:34] [Survivor] iPhoneX: vocalize smartlook auto
[20:04:56] [Survivor] iPhoneX: nb_assault 
[20:04:56] [Survivor] iPhoneX: give pain_pills
[20:04:56] [Survivor] iPhoneX: give health
[20:04:56] [Survivor] iPhoneX: give machete
[20:04:56] [Survivor] iPhoneX: nb_assault 
[20:05:00] [Survivor] iPhoneX: nb_assault 
[20:05:05] [Survivor] iPhoneX: nb_assault 
[20:05:12] [Survivor] iPhoneX: nb_assault 
[20:05:16] [Survivor] iPhoneX: say /zs
[20:05:16] [Survivor] iPhoneX: sm_zs 
--=================================================================--
[29/01/2023 20:05:17] --- 回合结束: c2m1_highway ---
--=================================================================--
--=================================================================--
[29/01/2023 20:05:19] --- 回合结束: c2m1_highway ---
--=================================================================--
--=================================================================--
[29/01/2023 20:05:20] --- 回合开始: c2m1_highway ---
--=================================================================--
[20:05:27] [Survivor] iPhoneX: nb_assault 
[20:05:27] [Survivor] iPhoneX: nb_assault 
[20:05:28] [Survivor] iPhoneX: give pain_pills
[20:05:28] [Survivor] iPhoneX: give health
[20:05:28] [Survivor] iPhoneX: give machete
[20:05:30] [Survivor] iPhoneX: nb_assault 
[20:05:32] [Survivor] iPhoneX: nb_assault 
[20:05:39] [Survivor] iPhoneX: nb_assault 
[20:05:40] [Survivor] iPhoneX: nb_assault 
[20:05:55] [Survivor] iPhoneX: nb_assault 
[20:06:02] [Survivor] iPhoneX: nb_assault 
[20:06:07] [Survivor] iPhoneX: nb_assault 
[20:06:08] [Survivor] iPhoneX: nb_assault 
[20:06:09] [Survivor] iPhoneX: setpause 
[20:06:10] [Survivor] iPhoneX: unpause 
[20:06:12] [Survivor] iPhoneX: setpause 
[20:06:13] [Survivor] iPhoneX: unpause 
[20:06:17] [Survivor] iPhoneX: nb_assault 
[20:06:20] [Survivor] iPhoneX: nb_assault 
[20:06:21] [Survivor] iPhoneX: setpause 
[20:06:24] [Survivor] iPhoneX: unpause 
[20:06:24] [Survivor] iPhoneX: unpause 
[20:06:24] [Survivor] iPhoneX: nb_assault 
[20:06:33] [Survivor] iPhoneX: nb_assault 
[20:06:38] [Survivor] iPhoneX: nb_assault 
[20:06:44] [Survivor] iPhoneX: nb_assault 
[20:06:45] [Survivor] iPhoneX: nb_assault 
[20:06:48] [Survivor] iPhoneX: nb_assault 
[20:06:52] [Survivor] iPhoneX: nb_assault 
[20:06:53] [Survivor] iPhoneX: nb_assault 
[20:06:58] [Survivor] iPhoneX: nb_assault 
[20:07:02] [Survivor] iPhoneX: nb_assault 
[20:07:04] [Survivor] iPhoneX: nb_assault 
[20:07:07] [Survivor] iPhoneX: nb_assault 
[20:07:10] [Survivor] iPhoneX: nb_assault 
[20:07:12] [Survivor] iPhoneX: nb_assault 
[20:07:18] [Survivor] iPhoneX: nb_assault 
[20:07:24] [Survivor] iPhoneX: nb_assault 
[20:07:29] [Survivor] iPhoneX: nb_assault 
[20:07:29] [Survivor] iPhoneX: setpause 
[20:07:33] [Survivor] iPhoneX: unpause 
[20:07:33] [Survivor] iPhoneX: unpause 
--=================================================================--
[29/01/2023 20:07:36] --- 回合结束: c2m1_highway ---
--=================================================================--
--=================================================================--
[29/01/2023 20:07:38] --- 回合结束: c2m1_highway ---
--=================================================================--
--=================================================================--
[29/01/2023 20:07:39] --- 回合开始: c2m1_highway ---
--=================================================================--
[20:07:46] [Survivor] iPhoneX: nb_assault 
[20:07:47] [Survivor] iPhoneX: nb_assault 
[20:07:47] [Survivor] iPhoneX: give pain_pills
[20:07:47] [Survivor] iPhoneX: give health
[20:07:47] [Survivor] iPhoneX: give machete
[20:07:55] [Survivor] iPhoneX: nb_assault 
[20:08:00] [Survivor] iPhoneX: nb_assault 
[20:08:01] [Survivor] iPhoneX: nb_assault 
[20:08:05] [Survivor] iPhoneX: nb_assault 
[20:08:09] [Survivor] iPhoneX: nb_assault 
[20:08:11] [Survivor] iPhoneX: nb_assault 
[20:08:12] [Survivor] iPhoneX: nb_assault 
[20:08:14] [Survivor] iPhoneX: nb_assault 
[20:08:18] [Survivor] iPhoneX: nb_assault 
[20:08:23] [Survivor] iPhoneX: nb_assault 
[20:08:28] [Survivor] iPhoneX: nb_assault 
[20:08:36] [Survivor] iPhoneX: nb_assault 
[20:08:38] [Survivor] iPhoneX: nb_assault 
[20:08:42] [Survivor] iPhoneX: nb_assault 
[20:08:44] [Survivor] iPhoneX: nb_assault 
[20:08:50] [Survivor] iPhoneX: nb_assault 
[20:08:54] [Survivor] iPhoneX: nb_assault 
[20:08:55] [Survivor] iPhoneX: nb_assault 
[20:09:03] [Survivor] iPhoneX: nb_assault 
[20:09:07] [Survivor] iPhoneX: nb_assault 
[20:09:08] [Survivor] iPhoneX: nb_assault 
[20:09:10] [Survivor] iPhoneX: nb_assault 
[20:09:13] [Survivor] iPhoneX: nb_assault 
[20:09:14] [Survivor] iPhoneX: nb_assault 
[20:09:16] [Survivor] iPhoneX: nb_assault 
[20:09:18] [Survivor] iPhoneX: nb_assault 
[20:09:22] [Survivor] iPhoneX: nb_assault 
--=================================================================--
[29/01/2023 20:09:24] --- 回合结束: c2m1_highway ---
--=================================================================--
--=================================================================--
[29/01/2023 20:09:26] --- 回合结束: c2m1_highway ---
--=================================================================--
--=================================================================--
[29/01/2023 20:09:27] --- 回合开始: c2m1_highway ---
--=================================================================--
[20:09:37] [Survivor] iPhoneX: nb_assault 
[20:09:37] [Survivor] iPhoneX: nb_assault 
[20:09:37] [Survivor] iPhoneX: give pain_pills
[20:09:37] [Survivor] iPhoneX: give health
[20:09:37] [Survivor] iPhoneX: give machete
[20:09:39] [Survivor] iPhoneX: nb_assault 
[20:09:44] [Survivor] iPhoneX: nb_assault 
[20:09:48] [Survivor] iPhoneX: nb_assault 
[20:09:51] [Survivor] iPhoneX: nb_assault 
[20:09:53] [Survivor] iPhoneX: nb_assault 
[20:09:58] [Survivor] iPhoneX: nb_assault 
[20:10:00] [Survivor] iPhoneX: nb_assault 
[20:10:02] [Survivor] iPhoneX: nb_assault 
[20:10:05] [Survivor] iPhoneX: nb_assault 
[20:10:10] [Survivor] iPhoneX: nb_assault 
[20:10:14] [Survivor] iPhoneX: nb_assault 
[20:10:17] [Survivor] iPhoneX: nb_assault 
[20:10:21] [Survivor] iPhoneX: nb_assault 
[20:10:27] [Survivor] iPhoneX: nb_assault 
[20:10:31] [Survivor] iPhoneX: nb_assault 
[20:10:36] [Survivor] iPhoneX: nb_assault 
[20:10:40] [Survivor] iPhoneX: nb_assault 
[20:10:44] [Survivor] iPhoneX: nb_assault 
[20:10:52] [Survivor] iPhoneX: nb_assault 
[20:10:54] [Survivor] iPhoneX: nb_assault 
[20:10:55] [Survivor] iPhoneX: nb_assault 
[20:10:58] [Survivor] iPhoneX: nb_assault 
[20:11:03] [Survivor] iPhoneX: nb_assault 
[20:11:06] [Survivor] iPhoneX: nb_assault 
[20:11:08] [Survivor] iPhoneX: nb_assault 
[20:11:11] [Survivor] iPhoneX: nb_assault 
[20:11:14] [Survivor] iPhoneX: nb_assault 
[20:11:15] [Survivor] iPhoneX: nb_assault 
[20:11:20] [Survivor] iPhoneX: nb_assault 
[20:11:22] [Survivor] iPhoneX: nb_assault 
[20:11:25] [Survivor] iPhoneX: nb_assault 
[20:11:29] [Survivor] iPhoneX: nb_assault 
[20:11:31] [Survivor] iPhoneX: nb_assault 
[20:11:35] [Survivor] iPhoneX: nb_assault 
--=================================================================--
[29/01/2023 20:11:36] --- 回合结束: c2m1_highway ---
--=================================================================--
--=================================================================--
[29/01/2023 20:11:38] --- 回合结束: c2m1_highway ---
--=================================================================--
--=================================================================--
[29/01/2023 20:11:39] --- 回合开始: c2m1_highway ---
--=================================================================--
[20:11:47] [Survivor] iPhoneX: nb_assault 
[20:11:47] [Survivor] iPhoneX: nb_assault 
[20:11:47] [Survivor] iPhoneX: give pain_pills
[20:11:47] [Survivor] iPhoneX: give health
[20:11:47] [Survivor] iPhoneX: give machete
[20:11:50] [Survivor] iPhoneX: nb_assault 
[20:11:53] [Survivor] iPhoneX: nb_assault 
[20:11:54] [Survivor] iPhoneX: nb_assault 
[20:11:56] [Survivor] iPhoneX: nb_assault 
[20:12:01] [Survivor] iPhoneX: nb_assault 
[20:12:03] [Survivor] iPhoneX: nb_assault 
[20:12:11] [Survivor] iPhoneX: nb_assault 
[20:12:16] [Survivor] iPhoneX: nb_assault 
[20:12:18] [Survivor] iPhoneX: nb_assault 
[20:12:23] [Survivor] iPhoneX: nb_assault 
[20:12:24] [Survivor] iPhoneX: nb_assault 
[20:12:29] [Survivor] iPhoneX: nb_assault 
[20:12:34] [Survivor] iPhoneX: nb_assault 
[20:12:48] [Survivor] iPhoneX: nb_assault 
[20:12:49] [Survivor] iPhoneX: vocalize smartlook auto
[20:12:50] [Survivor] iPhoneX: nb_assault 
[20:13:00] [Survivor] iPhoneX: nb_assault 
[20:13:04] [Survivor] iPhoneX: nb_assault 
[20:13:07] [Survivor] iPhoneX: nb_assault 
[20:13:09] [Survivor] iPhoneX: nb_assault 
[20:13:17] [Survivor] iPhoneX: nb_assault 
[20:13:21] [Survivor] iPhoneX: nb_assault 
[20:13:38] [Survivor] iPhoneX: nb_assault 
[20:13:43] [Survivor] iPhoneX: nb_assault 
[20:13:45] [Survivor] iPhoneX: nb_assault 
[20:13:50] [Survivor] iPhoneX: nb_assault 
[20:14:02] [Survivor] iPhoneX: nb_assault 
[20:14:04] [Survivor] iPhoneX: nb_assault 
[20:14:07] [Survivor] iPhoneX: nb_assault 
[20:14:11] [Survivor] iPhoneX: nb_assault 
[20:14:16] [Survivor] iPhoneX: nb_assault 
[20:14:17] [Survivor] iPhoneX: nb_assault 
[20:14:25] [Survivor] iPhoneX: nb_assault 
[20:14:32] [Survivor] iPhoneX: nb_assault 
[20:14:35] [Survivor] iPhoneX: nb_assault 
[20:14:38] [Survivor] iPhoneX: nb_assault 
[20:14:41] [Survivor] iPhoneX: nb_assault 
[20:14:42] [Survivor] iPhoneX: nb_assault 
--=================================================================--
[29/01/2023 20:14:48] --- 回合结束: c2m1_highway ---
--=================================================================--
--=================================================================--
[29/01/2023 20:14:50] --- 回合结束: c2m1_highway ---
--=================================================================--
--=================================================================--
[29/01/2023 20:14:52] --- 回合开始: c2m1_highway ---
--=================================================================--
[20:15:00] [Survivor] iPhoneX: nb_assault 
[20:15:00] [Survivor] iPhoneX: nb_assault 
[20:15:00] [Survivor] iPhoneX: give pain_pills
[20:15:00] [Survivor] iPhoneX: give health
[20:15:00] [Survivor] iPhoneX: give machete
[20:15:06] [Survivor] iPhoneX: nb_assault 
[20:15:10] [Survivor] iPhoneX: nb_assault 
[20:15:11] [Survivor] iPhoneX: nb_assault 
[20:15:16] [Survivor] iPhoneX: nb_assault 
[20:15:20] [Survivor] iPhoneX: nb_assault 
[20:15:21] [Survivor] iPhoneX: nb_assault 
[20:15:25] [Survivor] iPhoneX: nb_assault 
[20:15:29] [Survivor] iPhoneX: nb_assault 
[20:15:36] [Survivor] iPhoneX: nb_assault 
[20:15:36] [Survivor] iPhoneX: say_team /zs
[20:15:36] [Survivor] iPhoneX: sm_zs 
[20:15:36] [Survivor] iPhoneX: setpause 
--=================================================================--
[29/01/2023 20:15:37] --- 回合结束: c2m1_highway ---
--=================================================================--
--=================================================================--
[29/01/2023 20:15:39] --- 回合结束: c2m1_highway ---
--=================================================================--
--=================================================================--
[29/01/2023 20:15:40] --- 回合开始: c2m1_highway ---
--=================================================================--
[20:15:42] [Survivor] iPhoneX: unpause 
[20:15:42] [Survivor] iPhoneX: unpause 
[20:15:49] [Survivor] iPhoneX: nb_assault 
[20:15:49] [Survivor] iPhoneX: nb_assault 
[20:15:49] [Survivor] iPhoneX: give pain_pills
[20:15:49] [Survivor] iPhoneX: give health
[20:15:49] [Survivor] iPhoneX: give machete
[20:15:55] [Survivor] iPhoneX: nb_assault 
[20:15:57] [Survivor] iPhoneX: nb_assault 
[20:16:15] [Survivor] iPhoneX: nb_assault 
[20:16:18] [Survivor] iPhoneX: nb_assault 
[20:16:22] [Survivor] iPhoneX: nb_assault 
[20:16:22] [Survivor] iPhoneX: nb_assault 
[20:16:27] [Survivor] iPhoneX: nb_assault 
[20:16:29] [Survivor] iPhoneX: nb_assault 
[20:16:34] [Survivor] iPhoneX: nb_assault 
[20:16:38] [Survivor] iPhoneX: nb_assault 
[20:16:39] [Survivor] iPhoneX: nb_assault 
[20:16:44] [Survivor] iPhoneX: nb_assault 
[20:16:47] [Survivor] iPhoneX: nb_assault 
[20:16:52] [Survivor] iPhoneX: nb_assault 
[20:16:57] [Survivor] iPhoneX: nb_assault 
[20:17:06] [Survivor] iPhoneX: nb_assault 
[20:17:10] [Survivor] iPhoneX: nb_assault 
[20:17:13] [Survivor] iPhoneX: nb_assault 
[20:17:18] [Survivor] iPhoneX: nb_assault 
[20:17:20] [Survivor] iPhoneX: nb_assault 
[20:17:25] [Survivor] iPhoneX: nb_assault 
[20:17:27] [Survivor] iPhoneX: nb_assault 
[20:17:30] [Survivor] iPhoneX: nb_assault 
[20:17:38] [Survivor] iPhoneX: nb_assault 
[20:17:41] [Survivor] iPhoneX: nb_assault 
[20:17:45] [Survivor] iPhoneX: nb_assault 
[20:17:47] [Survivor] iPhoneX: nb_assault 
[20:17:51] [Survivor] iPhoneX: nb_assault 
[20:17:52] [Survivor] iPhoneX: nb_assault 
[20:17:57] [Survivor] iPhoneX: nb_assault 
[20:17:59] [Survivor] iPhoneX: nb_assault 
[20:18:03] [Survivor] iPhoneX: nb_assault 
[20:18:07] [Survivor] iPhoneX: nb_assault 
[20:18:09] [Survivor] iPhoneX: nb_assault 
[20:18:14] [Survivor] iPhoneX: nb_assault 
[20:18:17] [Survivor] iPhoneX: nb_assault 
[20:18:20] [Survivor] iPhoneX: nb_assault 
[20:18:22] [Survivor] iPhoneX: nb_assault 
[20:18:24] [Survivor] iPhoneX: nb_assault 
[20:18:27] [Survivor] iPhoneX: nb_assault 
--=================================================================--
[29/01/2023 20:18:33] --- 回合结束: c2m1_highway ---
--=================================================================--
[20:18:34] [Survivor] iPhoneX: setpause 
--=================================================================--
[29/01/2023 20:18:35] --- 回合结束: c2m1_highway ---
--=================================================================--
--=================================================================--
[29/01/2023 20:18:36] --- 回合开始: c2m1_highway ---
--=================================================================--
[20:18:38] [Survivor] iPhoneX: unpause 
[20:18:38] [Survivor] iPhoneX: unpause 
[20:18:45] [Survivor] iPhoneX: nb_assault 
[20:18:45] [Survivor] iPhoneX: nb_assault 
[20:18:45] [Survivor] iPhoneX: give pain_pills
[20:18:45] [Survivor] iPhoneX: give health
[20:18:45] [Survivor] iPhoneX: give machete
[20:18:46] [Survivor] iPhoneX: setpause 
[20:18:46] [Survivor] iPhoneX: unpause 
[20:18:46] [Survivor] iPhoneX: unpause 
[20:18:54] [Survivor] iPhoneX: nb_assault 
[20:18:58] [Survivor] iPhoneX: nb_assault 
[20:18:59] [Survivor] iPhoneX: nb_assault 
[20:19:02] [Survivor] iPhoneX: nb_assault 
[20:19:08] [Survivor] iPhoneX: nb_assault 
[20:19:10] [Survivor] iPhoneX: nb_assault 
[20:19:16] [Survivor] iPhoneX: nb_assault 
[20:19:20] [Survivor] iPhoneX: nb_assault 
[20:19:22] [Survivor] iPhoneX: nb_assault 
[20:19:27] [Survivor] iPhoneX: nb_assault 
[20:19:34] [Survivor] iPhoneX: nb_assault 
[20:19:37] [Survivor] iPhoneX: nb_assault 
[20:19:42] [Survivor] iPhoneX: nb_assault 
[20:19:44] [Survivor] iPhoneX: nb_assault 
[20:19:48] [Survivor] iPhoneX: nb_assault 
[20:19:50] [Survivor] iPhoneX: nb_assault 
[20:19:54] [Survivor] iPhoneX: nb_assault 
[20:19:59] [Survivor] iPhoneX: nb_assault 
[20:20:05] [Survivor] iPhoneX: nb_assault 
[20:20:07] [Survivor] iPhoneX: nb_assault 
[20:20:08] [Survivor] iPhoneX: nb_assault 
[20:20:16] [Survivor] iPhoneX: nb_assault 
[20:20:20] [Survivor] iPhoneX: nb_assault 
[20:20:22] [Survivor] iPhoneX: nb_assault 
[20:20:26] [Survivor] iPhoneX: nb_assault 
[20:20:28] [Survivor] iPhoneX: nb_assault 
[20:20:32] [Survivor] iPhoneX: nb_assault 
[20:20:33] [Survivor] iPhoneX: nb_assault 
--=================================================================--
[29/01/2023 20:20:35] --- 回合结束: c2m1_highway ---
--=================================================================--
--=================================================================--
[29/01/2023 20:20:37] --- 回合结束: c2m1_highway ---
--=================================================================--
--=================================================================--
[29/01/2023 20:20:38] --- 回合开始: c2m1_highway ---
--=================================================================--
[20:20:40] [Survivor] iPhoneX: setpause 
[20:20:43] [Survivor] iPhoneX: unpause 
[20:20:43] [Survivor] iPhoneX: unpause 
[20:20:49] [Survivor] iPhoneX: nb_assault 
[20:20:49] [Survivor] iPhoneX: nb_assault 
[20:20:50] [Survivor] iPhoneX: give pain_pills
[20:20:50] [Survivor] iPhoneX: give health
[20:20:50] [Survivor] iPhoneX: give machete
[20:20:57] [Survivor] iPhoneX: nb_assault 
[20:21:01] [Survivor] iPhoneX: nb_assault 
[20:21:03] [Survivor] iPhoneX: nb_assault 
[20:21:10] [Survivor] iPhoneX: nb_assault 
[20:21:13] [Survivor] iPhoneX: nb_assault 
[20:21:16] [Survivor] iPhoneX: nb_assault 
[20:21:18] [Survivor] iPhoneX: nb_assault 
[20:21:20] [Survivor] iPhoneX: nb_assault 
[20:21:24] [CN] 知足常乐<250><STEAM_1:0:182922075><> 加入游戏 (223.74.0.202)
[20:21:24] [Survivor] iPhoneX: nb_assault 
[20:21:24] [Unassigned] 知足常乐: vmodenable 1
[20:21:24] [Unassigned] 知足常乐: vban 0
[20:21:25] [Unassigned] 知足常乐: unpause 
[20:21:28] [Survivor] iPhoneX: nb_assault 
[20:21:31] [Spectator] 知足常乐: spec_mode 
[20:21:31] [Survivor] iPhoneX: nb_assault 
[20:21:35] [Survivor] iPhoneX: nb_assault 
[20:21:39] [Survivor] iPhoneX: nb_assault 
[20:21:41] [Survivor] iPhoneX: nb_assault 
[20:21:47] [Survivor] iPhoneX: nb_assault 
[20:21:50] [Survivor] iPhoneX: nb_assault 
[20:21:52] [Survivor] iPhoneX: nb_assault 
[20:22:05] [Survivor] iPhoneX: nb_assault 
[20:22:09] [Survivor] iPhoneX: nb_assault 
[20:22:10] [Survivor] iPhoneX: nb_assault 
[20:22:12] [Survivor] iPhoneX: nb_assault 
[20:22:17] [Survivor] iPhoneX: nb_assault 
[20:22:23] [Survivor] iPhoneX: nb_assault 
[20:22:26] [Survivor] iPhoneX: nb_assault 
[20:22:30] [Survivor] iPhoneX: nb_assault 
[20:22:37] [Survivor] iPhoneX: nb_assault 
--=================================================================--
[29/01/2023 20:22:43] --- 回合结束: c2m1_highway ---
--=================================================================--
[20:22:45] [Survivor] iPhoneX: setpause 
--=================================================================--
[29/01/2023 20:22:45] --- 回合结束: c2m1_highway ---
--=================================================================--
--=================================================================--
[29/01/2023 20:22:46] --- 回合开始: c2m1_highway ---
--=================================================================--
[20:22:49] [Survivor] iPhoneX: unpause 
[20:22:49] [Survivor] iPhoneX: unpause 
[20:22:49] [Spectator] 知足常乐: spec_mode 
[20:22:50] [Spectator] 知足常乐: spec_mode 
[20:22:51] [Spectator] 知足常乐: spec_mode 
[20:22:58] [Survivor] iPhoneX: nb_assault 
[20:22:58] [Survivor] iPhoneX: nb_assault 
[20:22:58] [Survivor] iPhoneX: give pain_pills
[20:22:58] [Survivor] iPhoneX: give health
[20:22:58] [Survivor] iPhoneX: give machete
[20:23:06] [Survivor] iPhoneX: nb_assault 
[20:23:09] [Survivor] iPhoneX: nb_assault 
[20:23:10] [Spectator] 知足常乐: setpause 
[20:23:13] [Survivor] iPhoneX: nb_assault 
[20:23:17] [Survivor] iPhoneX: nb_assault 
[20:23:18] [Survivor] iPhoneX: nb_assault 
[20:23:20] [Survivor] iPhoneX: nb_assault 
[20:23:24] [Survivor] iPhoneX: nb_assault 
[20:23:26] [Survivor] iPhoneX: nb_assault 
[20:23:29] [Spectator] 知足常乐: unpause 
[20:23:31] [Survivor] iPhoneX: nb_assault 
[20:23:32] [Survivor] iPhoneX: nb_assault 
[20:23:36] [Survivor] iPhoneX: nb_assault 
[20:23:46] [Spectator] 知足常乐: setpause 
[20:23:46] [Survivor] iPhoneX: nb_assault 
[20:23:53] [Survivor] iPhoneX: nb_assault 
[20:23:54] [Survivor] iPhoneX: nb_assault 
[20:23:55] [Spectator] 知足常乐: unpause 
[20:23:58] [Survivor] iPhoneX: nb_assault 
[20:24:00] [Survivor] iPhoneX: nb_assault 
[20:24:03] [Survivor] iPhoneX: nb_assault 
[20:24:11] [Survivor] iPhoneX: nb_assault 
[20:24:14] [Survivor] iPhoneX: nb_assault 
[20:24:19] [Survivor] iPhoneX: nb_assault 
[20:24:25] [Survivor] iPhoneX: nb_assault 
[20:24:29] [Survivor] iPhoneX: nb_assault 
[20:24:30] [Spectator] 知足常乐: setpause 
[20:24:34] [Spectator] 知足常乐: unpause 
[20:24:35] [Survivor] iPhoneX: nb_assault 
[20:24:38] [Survivor] iPhoneX: nb_assault 
[20:24:41] [Survivor] iPhoneX: nb_assault 
[20:24:44] 知足常乐<250><STEAM_1:0:182922075><> 离开游戏 (reason: Disconnect by user.)
[20:24:46] [Survivor] iPhoneX: nb_assault 
[20:24:50] [Survivor] iPhoneX: nb_assault 
[20:24:55] [Survivor] iPhoneX: nb_assault 
[20:24:58] [Survivor] iPhoneX: nb_assault 
[20:25:01] [Survivor] iPhoneX: nb_assault 
[20:25:06] [Survivor] iPhoneX: nb_assault 
[20:25:08] [Survivor] iPhoneX: nb_assault 
[20:25:15] [Survivor] iPhoneX: nb_assault 
[20:25:20] [Survivor] iPhoneX: nb_assault 
[20:25:22] [Survivor] iPhoneX: nb_assault 
[20:25:26] [Survivor] iPhoneX: nb_assault 
[20:25:33] [Survivor] iPhoneX: nb_assault 
[20:25:36] [Survivor] iPhoneX: nb_assault 
[20:25:38] [Survivor] iPhoneX: nb_assault 
--=================================================================--
[29/01/2023 20:25:39] --- 回合结束: c2m1_highway ---
--=================================================================--
--=================================================================--
[29/01/2023 20:25:41] --- 回合结束: c2m1_highway ---
--=================================================================--
--=================================================================--
[29/01/2023 20:25:43] --- 回合开始: c2m1_highway ---
--=================================================================--
[20:26:24] [Survivor] iPhoneX: nb_assault 
[20:26:24] [Survivor] iPhoneX: nb_assault 
[20:26:24] [Survivor] iPhoneX: give pain_pills
[20:26:24] [Survivor] iPhoneX: give health
[20:26:24] [Survivor] iPhoneX: give machete
[20:26:30] [Survivor] iPhoneX: nb_assault 
[20:26:32] [Survivor] iPhoneX: nb_assault 
[20:26:38] [Survivor] iPhoneX: nb_assault 
[20:26:46] [Survivor] iPhoneX: nb_assault 
[20:26:47] [Survivor] iPhoneX: nb_assault 
[20:26:56] [Survivor] iPhoneX: nb_assault 
[20:26:58] [Survivor] iPhoneX: nb_assault 
[20:27:04] [Survivor] iPhoneX: nb_assault 
[20:27:16] [Survivor] iPhoneX: nb_assault 
[20:27:20] [Survivor] iPhoneX: nb_assault 
[20:27:28] [Survivor] iPhoneX: nb_assault 
[20:27:33] [Survivor] iPhoneX: nb_assault 
[20:27:43] [Survivor] iPhoneX: nb_assault 
[20:27:47] [Survivor] iPhoneX: nb_assault 
[20:27:50] [Survivor] iPhoneX: nb_assault 
[20:27:55] [Survivor] iPhoneX: nb_assault 
[20:27:59] [Survivor] iPhoneX: nb_assault 
[20:28:02] [Survivor] iPhoneX: nb_assault 
[20:28:06] [Survivor] iPhoneX: nb_assault 
[20:28:10] [Survivor] iPhoneX: nb_assault 
[20:28:14] [Survivor] iPhoneX: nb_assault 
[20:28:15] [Survivor] iPhoneX: nb_assault 
[20:28:20] [Survivor] iPhoneX: nb_assault 
[20:28:22] [Survivor] iPhoneX: setpause 
[20:28:23] [Survivor] iPhoneX: nb_assault 
[20:28:23] iPhoneX<2><STEAM_1:0:625834323><> 离开游戏 (reason: Disconnect by user.)
--=================================================================--
[29/01/2023 20:28:59] --- 回合开始: c2m1_highway ---
--=================================================================--
--=================================================================--
[29/01/2023 20:28:59] --- 地图开始: c2m1_highway ---
--=================================================================--
--=================================================================--
[30/01/2023 03:43:26] --- 地图结束: c2m1_highway ---
--=================================================================--
--=================================================================--
[30/01/2023 03:43:28] --- 回合开始: c2m1_highway ---
--=================================================================--
