--=================================================================--
[27/01/2023 13:17:45] --- 地图开始: c2m1_highway ---
--=================================================================--
[13:18:08] [CN] iPhoneX<2><STEAM_1:0:625834323><> 加入游戏 (120.239.45.151)
[13:18:08] [Unassigned] iPhoneX: vmodenable 1
[13:18:13] [Survivor] iPhoneX: unpause 
[13:18:14] [Survivor] iPhoneX: vocalize smartlook auto
[13:18:32] [Survivor] iPhoneX: setpause 
[13:19:06] [Survivor] iPhoneX: unpause 
[13:19:06] [Survivor] iPhoneX: unpause 
[13:19:15] [Survivor] iPhoneX: setpause 
[13:19:16] iPhoneX<2><STEAM_1:0:625834323><> 离开游戏 (reason: Disconnect by user.)
--=================================================================--
[27/01/2023 13:19:32] --- 回合开始: c2m1_highway ---
--=================================================================--
--=================================================================--
[27/01/2023 13:19:32] --- 地图开始: c2m1_highway ---
--=================================================================--
--=================================================================--
[27/01/2023 13:38:31] --- 地图结束: c2m1_highway ---
--=================================================================--
--=================================================================--
[27/01/2023 13:38:33] --- 回合开始: c2m1_highway ---
--=================================================================--
--=================================================================--
[27/01/2023 13:38:33] --- 地图开始: c2m1_highway ---
--=================================================================--
[13:38:56] [CN] iPhoneX<2><STEAM_1:0:625834323><> 加入游戏 (120.239.45.151)
[13:38:56] [Unassigned] iPhoneX: vmodenable 1
[13:39:00] [Survivor] iPhoneX: unpause 
[13:39:01] [Survivor] iPhoneX: vocalize smartlook auto
[13:39:22] [Survivor] iPhoneX: setpause 
[13:39:22] [Survivor] iPhoneX: vocalize smartlook auto
[13:39:25] iPhoneX<2><STEAM_1:0:625834323><> 离开游戏 (reason: Disconnect by user.)
--=================================================================--
[27/01/2023 13:40:00] --- 回合开始: c2m1_highway ---
--=================================================================--
--=================================================================--
[27/01/2023 13:40:00] --- 地图开始: c2m1_highway ---
--=================================================================--
--=================================================================--
[27/01/2023 20:01:31] --- 地图结束: c2m1_highway ---
--=================================================================--
--=================================================================--
[27/01/2023 20:01:33] --- 回合开始: c2m1_highway ---
--=================================================================--
--=================================================================--
[27/01/2023 20:01:33] --- 地图开始: c2m1_highway ---
--=================================================================--
[20:01:46] [CN] 冰雪聪明 ⑨ Cirno<2><STEAM_1:1:628381167><> 加入游戏 (211.93.232.45)
[20:01:46] [Unassigned] 冰雪聪明 ⑨ Cirno: vmodenable 1
[20:01:46] [Unassigned] 冰雪聪明 ⑨ Cirno: vban 0
[20:01:49] [Survivor] 冰雪聪明 ⑨ Cirno: unpause 
[20:01:53] [Survivor] 冰雪聪明 ⑨ Cirno: say /vote
[20:01:53] [Survivor] 冰雪聪明 ⑨ Cirno: sm_vote 
[20:01:54] [Survivor] 冰雪聪明 ⑨ Cirno: menuselect 3
[20:01:55] [Survivor] 冰雪聪明 ⑨ Cirno: vote Yes
[20:01:55] [Survivor] 冰雪聪明 ⑨ Cirno: menuselect 2
--=================================================================--
[27/01/2023 20:01:57] --- 地图开始: c2m1_highway ---
--=================================================================--
[20:01:57] [Survivor] 冰雪聪明 ⑨ Cirno: vocalize smartlook auto
--=================================================================--
[27/01/2023 20:02:00] --- 地图结束: c2m1_highway ---
--=================================================================--
--=================================================================--
[27/01/2023 20:02:02] --- 回合开始: c2m1_highway ---
--=================================================================--
--=================================================================--
[27/01/2023 20:02:02] --- 地图开始: c2m1_highway ---
--=================================================================--
[20:02:13] [CN] 冰雪聪明 ⑨ Cirno<2><STEAM_1:1:628381167><> 加入游戏 (211.93.232.45)
[20:02:13] [Unassigned] 冰雪聪明 ⑨ Cirno: vmodenable 1
[20:02:13] [Unassigned] 冰雪聪明 ⑨ Cirno: vban 0
[20:02:14] [Unassigned] 冰雪聪明 ⑨ Cirno: unpause 
[20:02:26] [Survivor] 冰雪聪明 ⑨ Cirno: give pain_pills
[20:02:26] [Survivor] 冰雪聪明 ⑨ Cirno: give health
[20:02:26] [Survivor] 冰雪聪明 ⑨ Cirno: give knife
[20:02:26] [Survivor] 冰雪聪明 ⑨ Cirno: nb_assault 
[20:02:26] [Survivor] 冰雪聪明 ⑨ Cirno: nb_assault 
[20:02:39] [Survivor] 冰雪聪明 ⑨ Cirno: say /vote
[20:02:39] [Survivor] 冰雪聪明 ⑨ Cirno: sm_vote 
[20:02:40] [Survivor] 冰雪聪明 ⑨ Cirno: menuselect 3
[20:02:40] [Survivor] 冰雪聪明 ⑨ Cirno: vote Yes
[20:02:40] [Survivor] 冰雪聪明 ⑨ Cirno: menuselect 1
[20:02:46] [Survivor] 冰雪聪明 ⑨ Cirno: vocalize smartlook auto
[20:02:48] [Survivor] 冰雪聪明 ⑨ Cirno: nb_assault 
[20:02:49] [Survivor] 冰雪聪明 ⑨ Cirno: nb_assault 
[20:02:57] [Survivor] 冰雪聪明 ⑨ Cirno: nb_assault 
[20:03:01] [Survivor] 冰雪聪明 ⑨ Cirno: nb_assault 
[20:03:07] [Survivor] 冰雪聪明 ⑨ Cirno: nb_assault 
[20:03:13] [Survivor] 冰雪聪明 ⑨ Cirno: nb_assault 
[20:03:15] [Survivor] 冰雪聪明 ⑨ Cirno: nb_assault 
[20:03:22] [Survivor] 冰雪聪明 ⑨ Cirno: nb_assault 
[20:03:31] [Survivor] 冰雪聪明 ⑨ Cirno: nb_assault 
[20:03:34] [Survivor] 冰雪聪明 ⑨ Cirno: nb_assault 
[20:03:40] [Survivor] 冰雪聪明 ⑨ Cirno: nb_assault 
[20:03:42] [Survivor] 冰雪聪明 ⑨ Cirno: nb_assault 
[20:03:45] [Survivor] 冰雪聪明 ⑨ Cirno: nb_assault 
[20:03:47] [Survivor] 冰雪聪明 ⑨ Cirno: nb_assault 
[20:03:49] [Survivor] 冰雪聪明 ⑨ Cirno: nb_assault 
[20:03:55] [Survivor] 冰雪聪明 ⑨ Cirno: nb_assault 
[20:03:59] [Survivor] 冰雪聪明 ⑨ Cirno: nb_assault 
[20:04:02] [Survivor] 冰雪聪明 ⑨ Cirno: nb_assault 
--=================================================================--
[27/01/2023 20:04:08] --- 回合结束: c2m1_highway ---
--=================================================================--
--=================================================================--
[27/01/2023 20:04:10] --- 回合结束: c2m1_highway ---
--=================================================================--
--=================================================================--
[27/01/2023 20:04:11] --- 回合开始: c2m1_highway ---
--=================================================================--
[20:04:21] [Survivor] 冰雪聪明 ⑨ Cirno: nb_assault 
[20:04:21] [Survivor] 冰雪聪明 ⑨ Cirno: give pain_pills
[20:04:21] [Survivor] 冰雪聪明 ⑨ Cirno: give health
[20:04:21] [Survivor] 冰雪聪明 ⑨ Cirno: give knife
[20:04:21] [Survivor] 冰雪聪明 ⑨ Cirno: nb_assault 
[20:04:27] [Survivor] 冰雪聪明 ⑨ Cirno: say !zs
[20:04:27] [Survivor] 冰雪聪明 ⑨ Cirno: sm_zs 
--=================================================================--
[27/01/2023 20:04:27] --- 回合结束: c2m1_highway ---
--=================================================================--
--=================================================================--
[27/01/2023 20:04:29] --- 回合结束: c2m1_highway ---
--=================================================================--
--=================================================================--
[27/01/2023 20:04:30] --- 回合开始: c2m1_highway ---
--=================================================================--
[20:04:33] [Survivor] 冰雪聪明 ⑨ Cirno: say !buy
[20:04:33] [Survivor] 冰雪聪明 ⑨ Cirno: sm_buy 
[20:04:34] [Survivor] 冰雪聪明 ⑨ Cirno: menuselect 2
[20:04:35] [Survivor] 冰雪聪明 ⑨ Cirno: menuselect 1
[20:04:35] [Survivor] 冰雪聪明 ⑨ Cirno: menuselect 1
[20:04:36] [Survivor] 冰雪聪明 ⑨ Cirno: menuselect 1
[20:04:40] [Survivor] 冰雪聪明 ⑨ Cirno: say !buy
[20:04:40] [Survivor] 冰雪聪明 ⑨ Cirno: sm_buy 
[20:04:40] [Survivor] 冰雪聪明 ⑨ Cirno: menuselect 2
[20:04:42] [Survivor] 冰雪聪明 ⑨ Cirno: menuselect 1
[20:04:44] [Survivor] 冰雪聪明 ⑨ Cirno: say !buy
[20:04:44] [Survivor] 冰雪聪明 ⑨ Cirno: sm_buy 
[20:04:45] [Survivor] 冰雪聪明 ⑨ Cirno: menuselect 2
[20:04:45] [Survivor] 冰雪聪明 ⑨ Cirno: menuselect 2
[20:04:46] [Survivor] 冰雪聪明 ⑨ Cirno: menuselect 1
[20:04:47] [Survivor] 冰雪聪明 ⑨ Cirno: nb_assault 
[20:04:47] [Survivor] 冰雪聪明 ⑨ Cirno: nb_assault 
[20:04:47] [Survivor] 冰雪聪明 ⑨ Cirno: give pain_pills
[20:04:47] [Survivor] 冰雪聪明 ⑨ Cirno: give health
[20:04:47] [Survivor] 冰雪聪明 ⑨ Cirno: give machete
[20:04:48] [Survivor] 冰雪聪明 ⑨ Cirno: menuselect 3
[20:04:50] [Survivor] 冰雪聪明 ⑨ Cirno: nb_assault 
[20:04:56] [Survivor] 冰雪聪明 ⑨ Cirno: nb_assault 
[20:05:01] [Survivor] 冰雪聪明 ⑨ Cirno: nb_assault 
[20:05:07] [Survivor] 冰雪聪明 ⑨ Cirno: nb_assault 
[20:05:11] [Survivor] 冰雪聪明 ⑨ Cirno: nb_assault 
[20:05:23] [Survivor] 冰雪聪明 ⑨ Cirno: nb_assault 
[20:05:30] [Survivor] 冰雪聪明 ⑨ Cirno: nb_assault 
[20:05:31] [Survivor] 冰雪聪明 ⑨ Cirno: nb_assault 
[20:05:36] [Survivor] 冰雪聪明 ⑨ Cirno: nb_assault 
[20:05:43] [Survivor] 冰雪聪明 ⑨ Cirno: nb_assault 
[20:05:45] [Survivor] 冰雪聪明 ⑨ Cirno: nb_assault 
[20:05:52] [Survivor] 冰雪聪明 ⑨ Cirno: nb_assault 
[20:05:57] [Survivor] 冰雪聪明 ⑨ Cirno: nb_assault 
[20:05:58] [Survivor] 冰雪聪明 ⑨ Cirno: nb_assault 
[20:06:02] [Survivor] 冰雪聪明 ⑨ Cirno: nb_assault 
[20:06:07] [Survivor] 冰雪聪明 ⑨ Cirno: nb_assault 
[20:06:11] [Survivor] 冰雪聪明 ⑨ Cirno: nb_assault 
[20:06:13] [Survivor] 冰雪聪明 ⑨ Cirno: nb_assault 
[20:06:18] [Survivor] 冰雪聪明 ⑨ Cirno: nb_assault 
[20:06:21] [Survivor] 冰雪聪明 ⑨ Cirno: nb_assault 
[20:06:25] [Survivor] 冰雪聪明 ⑨ Cirno: nb_assault 
[20:06:26] [Survivor] 冰雪聪明 ⑨ Cirno: nb_assault 
[20:06:28] [Survivor] 冰雪聪明 ⑨ Cirno: vocalize smartlook auto
[20:06:31] [Survivor] 冰雪聪明 ⑨ Cirno: nb_assault 
[20:06:34] [Survivor] 冰雪聪明 ⑨ Cirno: nb_assault 
[20:06:39] [Survivor] 冰雪聪明 ⑨ Cirno: nb_assault 
[20:06:41] [Survivor] 冰雪聪明 ⑨ Cirno: nb_assault 
[20:06:47] [Survivor] 冰雪聪明 ⑨ Cirno: nb_assault 
[20:06:52] [Survivor] 冰雪聪明 ⑨ Cirno: nb_assault 
[20:06:56] [Survivor] 冰雪聪明 ⑨ Cirno: nb_assault 
[20:07:00] [Survivor] 冰雪聪明 ⑨ Cirno: nb_assault 
[20:07:04] [Survivor] 冰雪聪明 ⑨ Cirno: nb_assault 
--=================================================================--
[27/01/2023 20:07:07] --- 回合结束: c2m1_highway ---
--=================================================================--
--=================================================================--
[27/01/2023 20:07:09] --- 回合结束: c2m1_highway ---
--=================================================================--
--=================================================================--
[27/01/2023 20:07:10] --- 回合开始: c2m1_highway ---
--=================================================================--
[20:07:13] [Survivor] 冰雪聪明 ⑨ Cirno: say /vote
[20:07:13] [Survivor] 冰雪聪明 ⑨ Cirno: sm_vote 
[20:07:15] [Survivor] 冰雪聪明 ⑨ Cirno: menuselect 2
[20:07:15] [Survivor] 冰雪聪明 ⑨ Cirno: vote Yes
[20:07:15] [Survivor] 冰雪聪明 ⑨ Cirno: menuselect 1
[20:07:20] [Survivor] 冰雪聪明 ⑨ Cirno: nb_assault 
[20:07:21] [Survivor] 冰雪聪明 ⑨ Cirno: give pain_pills
[20:07:21] [Survivor] 冰雪聪明 ⑨ Cirno: give health
[20:07:21] [Survivor] 冰雪聪明 ⑨ Cirno: give machete
[20:07:30] [Survivor] 冰雪聪明 ⑨ Cirno: nb_assault 
[20:07:42] [Survivor] 冰雪聪明 ⑨ Cirno: nb_assault 
[20:07:48] [Survivor] 冰雪聪明 ⑨ Cirno: nb_assault 
[20:07:53] [Survivor] 冰雪聪明 ⑨ Cirno: nb_assault 
[20:07:59] [Survivor] 冰雪聪明 ⑨ Cirno: nb_assault 
[20:08:08] [Survivor] 冰雪聪明 ⑨ Cirno: nb_assault 
[20:08:15] [Survivor] 冰雪聪明 ⑨ Cirno: nb_assault 
[20:08:21] [Survivor] 冰雪聪明 ⑨ Cirno: nb_assault 
[20:08:32] [Survivor] 冰雪聪明 ⑨ Cirno: nb_assault 
[20:08:42] [Survivor] 冰雪聪明 ⑨ Cirno: nb_assault 
[20:08:47] [Survivor] 冰雪聪明 ⑨ Cirno: nb_assault 
[20:08:53] [Survivor] 冰雪聪明 ⑨ Cirno: nb_assault 
[20:08:58] [Survivor] 冰雪聪明 ⑨ Cirno: nb_assault 
[20:09:05] [Survivor] 冰雪聪明 ⑨ Cirno: say !zs
[20:09:05] [Survivor] 冰雪聪明 ⑨ Cirno: sm_zs 
--=================================================================--
[27/01/2023 20:09:05] --- 回合结束: c2m1_highway ---
--=================================================================--
--=================================================================--
[27/01/2023 20:09:07] --- 回合结束: c2m1_highway ---
--=================================================================--
--=================================================================--
[27/01/2023 20:09:09] --- 回合开始: c2m1_highway ---
--=================================================================--
[20:09:17] [Survivor] 冰雪聪明 ⑨ Cirno: give pain_pills
[20:09:17] [Survivor] 冰雪聪明 ⑨ Cirno: give health
[20:09:17] [Survivor] 冰雪聪明 ⑨ Cirno: give machete
[20:09:17] [Survivor] 冰雪聪明 ⑨ Cirno: nb_assault 
[20:09:21] [Survivor] 冰雪聪明 ⑨ Cirno: nb_assault 
[20:09:24] [Survivor] 冰雪聪明 ⑨ Cirno: nb_assault 
[20:09:43] [Survivor] 冰雪聪明 ⑨ Cirno: nb_assault 
[20:09:49] [Survivor] 冰雪聪明 ⑨ Cirno: nb_assault 
[20:09:55] [Survivor] 冰雪聪明 ⑨ Cirno: nb_assault 
[20:10:05] [Survivor] 冰雪聪明 ⑨ Cirno: nb_assault 
[20:10:12] [Survivor] 冰雪聪明 ⑨ Cirno: nb_assault 
[20:10:18] [Survivor] 冰雪聪明 ⑨ Cirno: nb_assault 
[20:10:27] [Survivor] 冰雪聪明 ⑨ Cirno: nb_assault 
[20:10:30] [Survivor] 冰雪聪明 ⑨ Cirno: nb_assault 
[20:10:41] [Survivor] 冰雪聪明 ⑨ Cirno: nb_assault 
[20:10:48] [Survivor] 冰雪聪明 ⑨ Cirno: nb_assault 
[20:10:56] [Survivor] 冰雪聪明 ⑨ Cirno: nb_assault 
[20:11:00] [Survivor] 冰雪聪明 ⑨ Cirno: nb_assault 
[20:11:07] [Survivor] 冰雪聪明 ⑨ Cirno: nb_assault 
[20:11:14] [Survivor] 冰雪聪明 ⑨ Cirno: nb_assault 
[20:11:15] [Survivor] 冰雪聪明 ⑨ Cirno: say !zs
[20:11:15] [Survivor] 冰雪聪明 ⑨ Cirno: sm_zs 
--=================================================================--
[27/01/2023 20:11:16] --- 回合结束: c2m1_highway ---
--=================================================================--
[20:11:16] [Survivor] 冰雪聪明 ⑨ Cirno: setpause 
--=================================================================--
[27/01/2023 20:11:18] --- 回合结束: c2m1_highway ---
--=================================================================--
--=================================================================--
[27/01/2023 20:11:19] --- 回合开始: c2m1_highway ---
--=================================================================--
[20:11:19] 冰雪聪明 ⑨ Cirno<2><STEAM_1:1:628381167><> 离开游戏 (reason: Disconnect by user.)
--=================================================================--
[27/01/2023 20:11:55] --- 回合开始: c2m1_highway ---
--=================================================================--
--=================================================================--
[27/01/2023 20:11:55] --- 地图开始: c2m1_highway ---
--=================================================================--
--=================================================================--
[28/01/2023 08:08:17] --- 地图结束: c2m1_highway ---
--=================================================================--
--=================================================================--
[28/01/2023 08:08:19] --- 回合开始: c2m1_highway ---
--=================================================================--
