L 01/14/2023 - 00:05:55: SourceMod error session started
L 01/14/2023 - 00:05:55: Info (map "c2m1_highway") (file "/root/Steam/steamapps/common/Left 4 Dead 2 Dedicated Server/left4dead2/addons/sourcemod2/logs/errors_20230114.log")
L 01/14/2023 - 00:05:55: [SM] Unable to load plugin "extend/rpg.smx": Could not find required plugin "l4d2lib"
L 01/14/2023 - 00:21:40: SourceMod error session started
L 01/14/2023 - 00:21:40: Info (map "c2m1_highway") (file "/root/Steam/steamapps/common/Left 4 Dead 2 Dedicated Server/left4dead2/addons/sourcemod2/logs/errors_20230114.log")
L 01/14/2023 - 00:21:40: [SM] Unable to load plugin "extend/rpg.smx": Could not find required plugin "l4d2lib"
L 01/14/2023 - 00:26:10: Error log file session closed.
L 01/14/2023 - 00:28:07: SourceMod error session started
L 01/14/2023 - 00:28:07: Info (map "c2m1_highway") (file "/root/Steam/steamapps/common/Left 4 Dead 2 Dedicated Server/left4dead2/addons/sourcemod2/logs/errors_20230114.log")
L 01/14/2023 - 00:28:07: [SM] Unable to load plugin "extend/rpg.smx": Could not find required plugin "l4d2lib"
L 01/14/2023 - 00:28:18: Error log file session closed.
L 01/14/2023 - 00:30:46: SourceMod error session started
L 01/14/2023 - 00:30:46: Info (map "c2m1_highway") (file "/root/Steam/steamapps/common/Left 4 Dead 2 Dedicated Server/left4dead2/addons/sourcemod2/logs/errors_20230114.log")
L 01/14/2023 - 00:30:46: [SM] Unable to load plugin "extend/rpg.smx": Could not find required plugin "l4d2lib"
L 01/14/2023 - 00:30:57: Error log file session closed.
L 01/14/2023 - 00:33:34: SourceMod error session started
L 01/14/2023 - 00:33:34: Info (map "c2m1_highway") (file "/root/Steam/steamapps/common/Left 4 Dead 2 Dedicated Server/left4dead2/addons/sourcemod2/logs/errors_20230114.log")
L 01/14/2023 - 00:33:34: [SM] Unable to load plugin "extend/rpg.smx": Could not find required plugin "l4d2lib"
L 01/14/2023 - 00:33:44: Error log file session closed.
L 01/14/2023 - 00:35:08: SourceMod error session started
L 01/14/2023 - 00:35:08: Info (map "c2m1_highway") (file "/root/Steam/steamapps/common/Left 4 Dead 2 Dedicated Server/left4dead2/addons/sourcemod2/logs/errors_20230114.log")
L 01/14/2023 - 00:35:08: [SM] Unable to load plugin "extend/rpg.smx": Could not find required plugin "l4d2lib"
L 01/14/2023 - 00:35:25: Error log file session closed.
L 01/14/2023 - 00:38:54: SourceMod error session started
L 01/14/2023 - 00:38:54: Info (map "c2m1_highway") (file "/root/Steam/steamapps/common/Left 4 Dead 2 Dedicated Server/left4dead2/addons/sourcemod2/logs/errors_20230114.log")
L 01/14/2023 - 00:38:54: [SM] Unable to load plugin "extend/rpg.smx": Could not find required plugin "l4d2lib"
L 01/14/2023 - 00:39:39: SourceMod error session started
L 01/14/2023 - 00:39:39: Info (map "c2m1_highway") (file "/root/Steam/steamapps/common/Left 4 Dead 2 Dedicated Server/left4dead2/addons/sourcemod2/logs/errors_20230114.log")
L 01/14/2023 - 00:39:39: [SM] Unable to load plugin "extend/rpg.smx": Could not find required plugin "l4d2lib"
L 01/14/2023 - 09:52:14: SourceMod error session started
L 01/14/2023 - 09:52:14: Info (map "c2m1_highway") (file "/root/Steam/steamapps/common/Left 4 Dead 2 Dedicated Server/left4dead2/addons/sourcemod2/logs/errors_20230114.log")
L 01/14/2023 - 09:52:14: [SM] Unable to load plugin "extend/rpg.smx": Could not find required plugin "l4d2lib"
L 01/14/2023 - 10:28:29: SourceMod error session started
L 01/14/2023 - 10:28:29: Info (map "c2m1_highway") (file "/root/Steam/steamapps/common/Left 4 Dead 2 Dedicated Server/left4dead2/addons/sourcemod2/logs/errors_20230114.log")
L 01/14/2023 - 10:28:29: [SM] Unable to load plugin "extend/rpg.smx": Could not find required plugin "l4d2lib"
L 01/14/2023 - 12:46:50: SourceMod error session started
L 01/14/2023 - 12:46:50: Info (map "c2m1_highway") (file "/root/Steam/steamapps/common/Left 4 Dead 2 Dedicated Server/left4dead2/addons/sourcemod2/logs/errors_20230114.log")
L 01/14/2023 - 12:46:50: [SM] Unable to load plugin "extend/rpg.smx": Could not find required plugin "l4d2lib"
L 01/14/2023 - 14:28:56: Error log file session closed.
L 01/14/2023 - 14:31:26: SourceMod error session started
L 01/14/2023 - 14:31:26: Info (map "c2m1_highway") (file "/root/Steam/steamapps/common/Left 4 Dead 2 Dedicated Server/left4dead2/addons/sourcemod2/logs/errors_20230114.log")
L 01/14/2023 - 14:31:26: [SM] Unable to load plugin "extend/rpg.smx": Could not find required plugin "l4d2lib"
L 01/14/2023 - 14:32:13: Error log file session closed.
L 01/14/2023 - 14:32:57: SourceMod error session started
L 01/14/2023 - 14:32:57: Info (map "c2m1_highway") (file "/root/Steam/steamapps/common/Left 4 Dead 2 Dedicated Server/left4dead2/addons/sourcemod2/logs/errors_20230114.log")
L 01/14/2023 - 14:32:57: [SM] Unable to load plugin "extend/rpg.smx": Could not find required plugin "l4d2lib"
L 01/14/2023 - 14:33:50: SourceMod error session started
L 01/14/2023 - 14:33:50: Info (map "c2m1_highway") (file "/root/Steam/steamapps/common/Left 4 Dead 2 Dedicated Server/left4dead2/addons/sourcemod2/logs/errors_20230114.log")
L 01/14/2023 - 14:33:50: [SM] Unable to load plugin "extend/rpg.smx": Could not find required plugin "l4d2lib"
L 01/14/2023 - 14:33:54: [CRASH] Accelerator uploaded crash dump: Crash ID: 6TNN-WO4N-CWGP
L 01/14/2023 - 14:57:23: SourceMod error session started
L 01/14/2023 - 14:57:23: Info (map "c2m1_highway") (file "/root/Steam/steamapps/common/Left 4 Dead 2 Dedicated Server/left4dead2/addons/sourcemod2/logs/errors_20230114.log")
L 01/14/2023 - 14:57:23: [SM] Unable to load plugin "extend/rpg.smx": Could not find required plugin "l4d2lib"
L 01/14/2023 - 15:20:20: Error log file session closed.
L 01/14/2023 - 15:20:59: SourceMod error session started
L 01/14/2023 - 15:20:59: Info (map "c2m1_highway") (file "/root/Steam/steamapps/common/Left 4 Dead 2 Dedicated Server/left4dead2/addons/sourcemod2/logs/errors_20230114.log")
L 01/14/2023 - 15:20:59: [SM] Unable to load plugin "extend/rpg.smx": Could not find required plugin "l4d2lib"
L 01/14/2023 - 15:21:11: Error log file session closed.
L 01/14/2023 - 15:27:20: SourceMod error session started
L 01/14/2023 - 15:27:20: Info (map "c2m1_highway") (file "/root/Steam/steamapps/common/Left 4 Dead 2 Dedicated Server/left4dead2/addons/sourcemod2/logs/errors_20230114.log")
L 01/14/2023 - 15:27:20: [SM] Unable to load plugin "extend/rpg.smx": Could not find required plugin "l4d2lib"
L 01/14/2023 - 16:34:10: Error log file session closed.
L 01/14/2023 - 16:49:41: SourceMod error session started
L 01/14/2023 - 16:49:41: Info (map "c2m1_highway") (file "/root/Steam/steamapps/common/Left 4 Dead 2 Dedicated Server/left4dead2/addons/sourcemod2/logs/errors_20230114.log")
L 01/14/2023 - 16:49:41: [SM] Unable to load plugin "extend/rpg.smx": Could not find required plugin "l4d2lib"
L 01/14/2023 - 16:58:09: SourceMod error session started
L 01/14/2023 - 16:58:09: Info (map "c2m1_highway") (file "/root/Steam/steamapps/common/Left 4 Dead 2 Dedicated Server/left4dead2/addons/sourcemod2/logs/errors_20230114.log")
L 01/14/2023 - 16:58:09: [SM] Unable to load plugin "extend/rpg.smx": Could not find required plugin "l4d2lib"
L 01/14/2023 - 18:32:42: SourceMod error session started
L 01/14/2023 - 18:32:42: Info (map "c2m1_highway") (file "/root/Steam/steamapps/common/Left 4 Dead 2 Dedicated Server/left4dead2/addons/sourcemod2/logs/errors_20230114.log")
L 01/14/2023 - 18:32:42: [SM] Unable to load plugin "extend/rpg.smx": Could not find required plugin "l4d2lib"
L 01/14/2023 - 19:47:05: Error log file session closed.
L 01/14/2023 - 19:59:52: SourceMod error session started
L 01/14/2023 - 19:59:52: Info (map "c2m1_highway") (file "/root/Steam/steamapps/common/Left 4 Dead 2 Dedicated Server/left4dead2/addons/sourcemod2/logs/errors_20230114.log")
L 01/14/2023 - 19:59:52: [SM] Exception reported: No valid ban method flags specified
L 01/14/2023 - 19:59:52: [SM] Blaming: extend/vote.smx
L 01/14/2023 - 19:59:52: [SM] Call stack trace:
L 01/14/2023 - 19:59:52: [SM]   [0] BanClient
L 01/14/2023 - 19:59:52: [SM]   [1] Line 322, c:\Users\91889\Documents\GitHub\CompetitiveWithAnne\addons\sourcemod\scripting\AnneHappy\vote.sp::VoteResultHandler
L 01/14/2023 - 19:59:52: [SM]   [3] FakeClientCommand
L 01/14/2023 - 19:59:52: [SM]   [4] Line 452, c:\Users\91889\Documents\GitHub\CompetitiveWithAnne\addons\sourcemod\scripting\AnneHappy\vote.sp::Menu_VotesBan
L 01/14/2023 - 20:06:50: SourceMod error session started
L 01/14/2023 - 20:06:50: Info (map "c2m1_highway") (file "/root/Steam/steamapps/common/Left 4 Dead 2 Dedicated Server/left4dead2/addons/sourcemod2/logs/errors_20230114.log")
L 01/14/2023 - 20:06:50: [SM] Unable to load plugin "extend/rpg.smx": Could not find required plugin "l4d2lib"
L 01/14/2023 - 20:06:53: [CRASH] Accelerator uploaded crash dump: Crash ID: L67N-EHFZ-I3L7
L 01/14/2023 - 21:24:58: Error log file session closed.
L 01/14/2023 - 23:03:51: SourceMod error session started
L 01/14/2023 - 23:03:51: Info (map "c2m1_highway") (file "/root/Steam/steamapps/common/Left 4 Dead 2 Dedicated Server/left4dead2/addons/sourcemod2/logs/errors_20230114.log")
L 01/14/2023 - 23:03:51: [SM] Unable to load plugin "extend/rpg.smx": Could not find required plugin "l4d2lib"
L 01/15/2023 - 00:13:06: Error log file session closed.
