L 01/23/2023 - 13:30:41: SourceMod error session started
L 01/23/2023 - 13:30:41: Info (map "c2m1_highway") (file "/root/Steam/steamapps/common/Left 4 Dead 2 Dedicated Server/left4dead2/addons/sourcemod2/logs/errors_20230123.log")
L 01/23/2023 - 13:30:41: [SM] Unable to load plugin "extend/rpg.smx": Could not find required plugin "l4d2lib"
L 01/23/2023 - 13:32:31: Error log file session closed.
L 01/23/2023 - 13:36:30: SourceMod error session started
L 01/23/2023 - 13:36:30: Info (map "c2m1_highway") (file "/root/Steam/steamapps/common/Left 4 Dead 2 Dedicated Server/left4dead2/addons/sourcemod2/logs/errors_20230123.log")
L 01/23/2023 - 13:36:30: [SM] Unable to load plugin "extend/rpg.smx": Could not find required plugin "l4d2lib"
L 01/23/2023 - 16:09:43: Error log file session closed.
L 01/23/2023 - 16:24:14: SourceMod error session started
L 01/23/2023 - 16:24:14: Info (map "c2m1_highway") (file "/root/Steam/steamapps/common/Left 4 Dead 2 Dedicated Server/left4dead2/addons/sourcemod2/logs/errors_20230123.log")
L 01/23/2023 - 16:24:14: [SM] Unable to load plugin "extend/rpg.smx": Could not find required plugin "l4d2lib"
L 01/23/2023 - 19:29:21: SourceMod error session started
L 01/23/2023 - 19:29:21: Info (map "c2m1_highway") (file "/root/Steam/steamapps/common/Left 4 Dead 2 Dedicated Server/left4dead2/addons/sourcemod2/logs/errors_20230123.log")
L 01/23/2023 - 19:29:21: [SM] Unable to load plugin "extend/rpg.smx": Could not find required plugin "l4d2lib"
L 01/23/2023 - 19:31:28: Error log file session closed.
L 01/23/2023 - 19:57:15: SourceMod error session started
L 01/23/2023 - 19:57:15: Info (map "c2m1_highway") (file "/root/Steam/steamapps/common/Left 4 Dead 2 Dedicated Server/left4dead2/addons/sourcemod2/logs/errors_20230123.log")
L 01/23/2023 - 19:57:15: [SM] Unable to load plugin "extend/rpg.smx": Could not find required plugin "l4d2lib"
L 01/23/2023 - 19:57:19: [CRASH] Accelerator uploaded crash dump: Crash ID: ARH7-TOGC-E6FG
L 01/23/2023 - 20:07:28: SourceMod error session started
L 01/23/2023 - 20:07:28: Info (map "c2m1_highway") (file "/root/Steam/steamapps/common/Left 4 Dead 2 Dedicated Server/left4dead2/addons/sourcemod2/logs/errors_20230123.log")
L 01/23/2023 - 20:07:28: [SM] Unable to load plugin "extend/rpg.smx": Could not find required plugin "l4d2lib"
L 01/23/2023 - 20:51:05: SourceMod error session started
L 01/23/2023 - 20:51:05: Info (map "c2m1_highway") (file "/root/Steam/steamapps/common/Left 4 Dead 2 Dedicated Server/left4dead2/addons/sourcemod2/logs/errors_20230123.log")
L 01/23/2023 - 20:51:05: [SM] Unable to load plugin "extend/rpg.smx": Could not find required plugin "l4d2lib"
