L 01/29/2023 - 17:32:46: SourceMod log file session started (file "/root/Steam/steamapps/common/Left 4 Dead 2 Dedicated Server/left4dead2/addons/sourcemod2/logs/L20230129.log") (Version "1.11.0.6825")
L 01/29/2023 - 17:32:46: -------- Mapchange to c2m1_highway --------
L 01/29/2023 - 17:32:47: [basecommands.smx] "Console<0><Console><Console>" changed cvar (cvar "sv_minrate") (value "100000")
L 01/29/2023 - 17:32:47: [basecommands.smx] "Console<0><Console><Console>" changed cvar (cvar "sv_maxrate") (value "100000")
L 01/29/2023 - 17:32:47: [basecommands.smx] "Console<0><Console><Console>" changed cvar (cvar "sv_minupdaterate") (value "100")
L 01/29/2023 - 17:32:47: [basecommands.smx] "Console<0><Console><Console>" changed cvar (cvar "sv_maxupdaterate") (value "100")
L 01/29/2023 - 17:32:47: [basecommands.smx] "Console<0><Console><Console>" changed cvar (cvar "sv_mincmdrate") (value "100")
L 01/29/2023 - 17:32:47: [basecommands.smx] "Console<0><Console><Console>" changed cvar (cvar "sv_maxcmdrate") (value "100")
L 01/29/2023 - 17:32:47: [basecommands.smx] "Console<0><Console><Console>" changed cvar (cvar "sv_client_min_interp_ratio") (value "-1")
L 01/29/2023 - 17:32:47: [basecommands.smx] "Console<0><Console><Console>" changed cvar (cvar "sv_client_max_interp_ratio") (value "0")
L 01/29/2023 - 17:32:47: [basecommands.smx] "Console<0><Console><Console>" changed cvar (cvar "nb_update_frequency") (value "0.014")
L 01/29/2023 - 17:32:47: [basecommands.smx] "Console<0><Console><Console>" changed cvar (cvar "net_splitpacket_maxrate") (value "50000")
L 01/29/2023 - 17:32:47: [basecommands.smx] "Console<0><Console><Console>" changed cvar (cvar "fps_max") (value "0")
L 01/29/2023 - 17:32:47: [basecommands.smx] "Console<0><Console><Console>" changed cvar (cvar "sv_allow_wait_command") (value "0")
L 01/29/2023 - 17:32:47: [basecommands.smx] "Console<0><Console><Console>" changed cvar (cvar "tick_door_speed") (value "1.3")
L 01/29/2023 - 17:32:47: [basecommands.smx] "Console<0><Console><Console>" changed cvar (cvar "mp_autoteambalance") (value "0")
L 01/29/2023 - 17:32:47: [basecommands.smx] "Console<0><Console><Console>" changed cvar (cvar "sv_unlag_fixstuck") (value "1")
L 01/29/2023 - 17:32:47: [basecommands.smx] "Console<0><Console><Console>" changed cvar (cvar "z_brawl_chance") (value "0")
L 01/29/2023 - 17:32:47: [basecommands.smx] "Console<0><Console><Console>" changed cvar (cvar "sv_maxunlag") (value "1")
L 01/29/2023 - 17:32:47: [basecommands.smx] "Console<0><Console><Console>" changed cvar (cvar "sv_forcepreload") (value "1")
L 01/29/2023 - 17:32:47: [basecommands.smx] "Console<0><Console><Console>" changed cvar (cvar "sv_client_predict") (value "1")
L 01/29/2023 - 17:32:47: [basecommands.smx] "Console<0><Console><Console>" changed cvar (cvar "sv_client_cmdrate_difference") (value "0")
L 01/29/2023 - 17:32:47: [basecommands.smx] "Console<0><Console><Console>" changed cvar (cvar "sv_max_queries_sec_global") (value "10")
L 01/29/2023 - 17:32:47: [basecommands.smx] "Console<0><Console><Console>" changed cvar (cvar "sv_max_queries_sec") (value "3")
L 01/29/2023 - 17:32:47: [basecommands.smx] "Console<0><Console><Console>" changed cvar (cvar "sv_max_queries_window") (value "10")
L 01/29/2023 - 17:32:47: [basecommands.smx] "Console<0><Console><Console>" changed cvar (cvar "sv_player_stuck_tolerance") (value "5")
L 01/29/2023 - 17:32:47: [basecommands.smx] "Console<0><Console><Console>" changed cvar (cvar "sv_stats") (value "0")
L 01/29/2023 - 17:32:47: [basecommands.smx] "Console<0><Console><Console>" changed cvar (cvar "sv_clockcorrection_msecs") (value "25")
L 01/29/2023 - 17:32:47: [basecommands.smx] "Console<0><Console><Console>" changed cvar (cvar "sb_all_bot_game") (value "1")
L 01/29/2023 - 17:32:47: [basecommands.smx] "Console<0><Console><Console>" changed cvar (cvar "sv_allowupload") (value "0")
L 01/29/2023 - 17:32:47: [basecommands.smx] "Console<0><Console><Console>" changed cvar (cvar "sv_allowdownload") (value "0")
L 01/29/2023 - 17:32:47: [basecommands.smx] "Console<0><Console><Console>" changed cvar (cvar "decalfrequency") (value "1.0")
L 01/29/2023 - 17:32:47: [basecommands.smx] "Console<0><Console><Console>" changed cvar (cvar "mv_maxplayers") (value "12")
L 01/29/2023 - 17:32:47: [basecommands.smx] "Console<0><Console><Console>" changed cvar (cvar "sn_hostname_format") (value "{hostname} >> {gamemode}")
L 01/29/2023 - 17:32:48: [chat-processor.smx] Message formats generated for game 'left4dead2'.
L 01/29/2023 - 17:32:48: [chat-processor.smx] Successfully hooked a SayText2 chat hook.
L 01/29/2023 - 17:45:01: SourceMod log file session started (file "/root/Steam/steamapps/common/Left 4 Dead 2 Dedicated Server/left4dead2/addons/sourcemod2/logs/L20230129.log") (Version "1.11.0.6825")
L 01/29/2023 - 17:45:01: [GEOIP] GeoIP2 database loaded: GeoLite2-City (2019-12-17 20:01:26 UTC)
L 01/29/2023 - 17:45:01: [GEOIP] GeoIP2 supported languages: de en es fr ja pt-BR ru zh-CN
L 01/29/2023 - 17:45:05: [basecommands.smx] "Console<0><Console><Console>" changed cvar (cvar "sv_minrate") (value "100000")
L 01/29/2023 - 17:45:05: [basecommands.smx] "Console<0><Console><Console>" changed cvar (cvar "sv_maxrate") (value "100000")
L 01/29/2023 - 17:45:05: [basecommands.smx] "Console<0><Console><Console>" changed cvar (cvar "sv_minupdaterate") (value "100")
L 01/29/2023 - 17:45:05: [basecommands.smx] "Console<0><Console><Console>" changed cvar (cvar "sv_maxupdaterate") (value "100")
L 01/29/2023 - 17:45:05: [basecommands.smx] "Console<0><Console><Console>" changed cvar (cvar "sv_mincmdrate") (value "100")
L 01/29/2023 - 17:45:05: [basecommands.smx] "Console<0><Console><Console>" changed cvar (cvar "sv_maxcmdrate") (value "100")
L 01/29/2023 - 17:45:05: [basecommands.smx] "Console<0><Console><Console>" changed cvar (cvar "sv_client_min_interp_ratio") (value "-1")
L 01/29/2023 - 17:45:05: [basecommands.smx] "Console<0><Console><Console>" changed cvar (cvar "sv_client_max_interp_ratio") (value "0")
L 01/29/2023 - 17:45:05: [basecommands.smx] "Console<0><Console><Console>" changed cvar (cvar "nb_update_frequency") (value "0.014")
L 01/29/2023 - 17:45:05: [basecommands.smx] "Console<0><Console><Console>" changed cvar (cvar "net_splitpacket_maxrate") (value "50000")
L 01/29/2023 - 17:45:05: [basecommands.smx] "Console<0><Console><Console>" changed cvar (cvar "fps_max") (value "0")
L 01/29/2023 - 17:45:05: [basecommands.smx] "Console<0><Console><Console>" changed cvar (cvar "sv_allow_wait_command") (value "0")
L 01/29/2023 - 17:45:05: [basecommands.smx] "Console<0><Console><Console>" changed cvar (cvar "tick_door_speed") (value "1.3")
L 01/29/2023 - 17:45:05: [basecommands.smx] "Console<0><Console><Console>" changed cvar (cvar "mp_autoteambalance") (value "0")
L 01/29/2023 - 17:45:05: [basecommands.smx] "Console<0><Console><Console>" changed cvar (cvar "sv_unlag_fixstuck") (value "1")
L 01/29/2023 - 17:45:05: [basecommands.smx] "Console<0><Console><Console>" changed cvar (cvar "z_brawl_chance") (value "0")
L 01/29/2023 - 17:45:05: [basecommands.smx] "Console<0><Console><Console>" changed cvar (cvar "sv_maxunlag") (value "1")
L 01/29/2023 - 17:45:05: [basecommands.smx] "Console<0><Console><Console>" changed cvar (cvar "sv_forcepreload") (value "1")
L 01/29/2023 - 17:45:05: [basecommands.smx] "Console<0><Console><Console>" changed cvar (cvar "sv_client_predict") (value "1")
L 01/29/2023 - 17:45:05: [basecommands.smx] "Console<0><Console><Console>" changed cvar (cvar "sv_client_cmdrate_difference") (value "0")
L 01/29/2023 - 17:45:05: [basecommands.smx] "Console<0><Console><Console>" changed cvar (cvar "sv_max_queries_sec_global") (value "10")
L 01/29/2023 - 17:45:05: [basecommands.smx] "Console<0><Console><Console>" changed cvar (cvar "sv_max_queries_sec") (value "3")
L 01/29/2023 - 17:45:05: [basecommands.smx] "Console<0><Console><Console>" changed cvar (cvar "sv_max_queries_window") (value "10")
L 01/29/2023 - 17:45:05: [basecommands.smx] "Console<0><Console><Console>" changed cvar (cvar "sv_player_stuck_tolerance") (value "5")
L 01/29/2023 - 17:45:05: [basecommands.smx] "Console<0><Console><Console>" changed cvar (cvar "sv_stats") (value "0")
L 01/29/2023 - 17:45:05: [basecommands.smx] "Console<0><Console><Console>" changed cvar (cvar "sv_clockcorrection_msecs") (value "25")
L 01/29/2023 - 17:45:05: [basecommands.smx] "Console<0><Console><Console>" changed cvar (cvar "sb_all_bot_game") (value "1")
L 01/29/2023 - 17:45:05: [basecommands.smx] "Console<0><Console><Console>" changed cvar (cvar "sv_allowupload") (value "0")
L 01/29/2023 - 17:45:05: [basecommands.smx] "Console<0><Console><Console>" changed cvar (cvar "sv_allowdownload") (value "0")
L 01/29/2023 - 17:45:05: [basecommands.smx] "Console<0><Console><Console>" changed cvar (cvar "decalfrequency") (value "1.0")
L 01/29/2023 - 17:45:05: [basecommands.smx] "Console<0><Console><Console>" changed cvar (cvar "mv_maxplayers") (value "12")
L 01/29/2023 - 17:45:05: [basecommands.smx] "Console<0><Console><Console>" changed cvar (cvar "sn_hostname_format") (value "{hostname} >> {gamemode}")
L 01/29/2023 - 17:45:06: [chat-processor.smx] Message formats generated for game 'left4dead2'.
L 01/29/2023 - 17:45:06: [chat-processor.smx] Successfully hooked a SayText2 chat hook.
L 01/29/2023 - 18:25:00: -------- Mapchange to c2m1_highway --------
L 01/29/2023 - 18:25:02: [basecommands.smx] "Console<0><Console><Console>" changed cvar (cvar "sv_minrate") (value "100000")
L 01/29/2023 - 18:25:02: [basecommands.smx] "Console<0><Console><Console>" changed cvar (cvar "sv_maxrate") (value "100000")
L 01/29/2023 - 18:25:02: [basecommands.smx] "Console<0><Console><Console>" changed cvar (cvar "sv_minupdaterate") (value "100")
L 01/29/2023 - 18:25:02: [basecommands.smx] "Console<0><Console><Console>" changed cvar (cvar "sv_maxupdaterate") (value "100")
L 01/29/2023 - 18:25:02: [basecommands.smx] "Console<0><Console><Console>" changed cvar (cvar "sv_mincmdrate") (value "100")
L 01/29/2023 - 18:25:02: [basecommands.smx] "Console<0><Console><Console>" changed cvar (cvar "sv_maxcmdrate") (value "100")
L 01/29/2023 - 18:25:02: [basecommands.smx] "Console<0><Console><Console>" changed cvar (cvar "sv_client_min_interp_ratio") (value "-1")
L 01/29/2023 - 18:25:02: [basecommands.smx] "Console<0><Console><Console>" changed cvar (cvar "sv_client_max_interp_ratio") (value "0")
L 01/29/2023 - 18:25:02: [basecommands.smx] "Console<0><Console><Console>" changed cvar (cvar "nb_update_frequency") (value "0.014")
L 01/29/2023 - 18:25:02: [basecommands.smx] "Console<0><Console><Console>" changed cvar (cvar "net_splitpacket_maxrate") (value "50000")
L 01/29/2023 - 18:25:02: [basecommands.smx] "Console<0><Console><Console>" changed cvar (cvar "fps_max") (value "0")
L 01/29/2023 - 18:25:02: [basecommands.smx] "Console<0><Console><Console>" changed cvar (cvar "sv_allow_wait_command") (value "0")
L 01/29/2023 - 18:25:02: [basecommands.smx] "Console<0><Console><Console>" changed cvar (cvar "tick_door_speed") (value "1.3")
L 01/29/2023 - 18:25:02: [basecommands.smx] "Console<0><Console><Console>" changed cvar (cvar "mp_autoteambalance") (value "0")
L 01/29/2023 - 18:25:02: [basecommands.smx] "Console<0><Console><Console>" changed cvar (cvar "sv_unlag_fixstuck") (value "1")
L 01/29/2023 - 18:25:02: [basecommands.smx] "Console<0><Console><Console>" changed cvar (cvar "z_brawl_chance") (value "0")
L 01/29/2023 - 18:25:02: [basecommands.smx] "Console<0><Console><Console>" changed cvar (cvar "sv_maxunlag") (value "1")
L 01/29/2023 - 18:25:02: [basecommands.smx] "Console<0><Console><Console>" changed cvar (cvar "sv_forcepreload") (value "1")
L 01/29/2023 - 18:25:02: [basecommands.smx] "Console<0><Console><Console>" changed cvar (cvar "sv_client_predict") (value "1")
L 01/29/2023 - 18:25:02: [basecommands.smx] "Console<0><Console><Console>" changed cvar (cvar "sv_client_cmdrate_difference") (value "0")
L 01/29/2023 - 18:25:02: [basecommands.smx] "Console<0><Console><Console>" changed cvar (cvar "sv_max_queries_sec_global") (value "10")
L 01/29/2023 - 18:25:02: [basecommands.smx] "Console<0><Console><Console>" changed cvar (cvar "sv_max_queries_sec") (value "3")
L 01/29/2023 - 18:25:02: [basecommands.smx] "Console<0><Console><Console>" changed cvar (cvar "sv_max_queries_window") (value "10")
L 01/29/2023 - 18:25:02: [basecommands.smx] "Console<0><Console><Console>" changed cvar (cvar "sv_player_stuck_tolerance") (value "5")
L 01/29/2023 - 18:25:02: [basecommands.smx] "Console<0><Console><Console>" changed cvar (cvar "sv_stats") (value "0")
L 01/29/2023 - 18:25:02: [basecommands.smx] "Console<0><Console><Console>" changed cvar (cvar "sv_clockcorrection_msecs") (value "25")
L 01/29/2023 - 18:25:02: [basecommands.smx] "Console<0><Console><Console>" changed cvar (cvar "sb_all_bot_game") (value "1")
L 01/29/2023 - 18:25:02: [basecommands.smx] "Console<0><Console><Console>" changed cvar (cvar "sv_allowupload") (value "0")
L 01/29/2023 - 18:25:02: [basecommands.smx] "Console<0><Console><Console>" changed cvar (cvar "sv_allowdownload") (value "0")
L 01/29/2023 - 18:25:02: [basecommands.smx] "Console<0><Console><Console>" changed cvar (cvar "decalfrequency") (value "1.0")
L 01/29/2023 - 18:25:02: [basecommands.smx] "Console<0><Console><Console>" changed cvar (cvar "mv_maxplayers") (value "12")
L 01/29/2023 - 18:25:02: [basecommands.smx] "Console<0><Console><Console>" changed cvar (cvar "sn_hostname_format") (value "{hostname} >> {gamemode}")
L 01/29/2023 - 18:25:03: [chat-processor.smx] Message formats generated for game 'left4dead2'.
L 01/29/2023 - 18:25:03: [chat-processor.smx] Successfully hooked a SayText2 chat hook.
L 01/29/2023 - 18:25:41: [optional/AnneHappy/servercleanup.smx] Deleted file "logs/L127_000_000_001_23333_202301221745_001.log"
L 01/29/2023 - 18:25:41: [optional/AnneHappy/servercleanup.smx] Deleted file "logs/L127_000_000_001_23333_202301212212_000.log"
L 01/29/2023 - 18:25:41: [optional/AnneHappy/servercleanup.smx] Deleted file "logs/L127_000_000_001_23333_202301221724_000.log"
L 01/29/2023 - 18:25:41: [optional/AnneHappy/servercleanup.smx] Deleted file "logs/L127_000_000_001_23333_202301221723_000.log"
L 01/29/2023 - 18:25:41: [optional/AnneHappy/servercleanup.smx] Deleted file "logs/L000_000_000_000_0_202301221724_000.log"
L 01/29/2023 - 18:25:41: [optional/AnneHappy/servercleanup.smx] Deleted file "logs/L127_000_000_001_23333_202301221705_000.log"
L 01/29/2023 - 18:25:41: [optional/AnneHappy/servercleanup.smx] Deleted file "logs/L127_000_000_001_23333_202301221622_001.log"
L 01/29/2023 - 18:25:41: [optional/AnneHappy/servercleanup.smx] Deleted file "logs/L000_000_000_000_0_202301221705_000.log"
L 01/29/2023 - 18:25:41: [optional/AnneHappy/servercleanup.smx] Deleted file "logs/L127_000_000_001_27015_202301200319_000.log"
L 01/29/2023 - 18:25:41: [optional/AnneHappy/servercleanup.smx] Deleted file "logs/L000_000_000_000_0_202301221621_000.log"
L 01/29/2023 - 18:25:41: [optional/AnneHappy/servercleanup.smx] Deleted file "logs/L127_000_000_001_23333_202301221622_000.log"
L 01/29/2023 - 18:25:41: [optional/AnneHappy/servercleanup.smx] Deleted file "logs/L127_000_000_001_23333_202301221723_001.log"
L 01/29/2023 - 18:25:41: [optional/AnneHappy/servercleanup.smx] Deleted file "logs/L127_000_000_001_23333_202301221745_000.log"
L 01/29/2023 - 18:25:41: [optional/AnneHappy/servercleanup.smx] Deleted file "addons/sourcemod2/logs/L20230121.log"
L 01/29/2023 - 18:25:41: [confoglcompmod.smx] [PasswordSystem] Set password on hf, password 
L 01/29/2023 - 18:25:41: [basecommands.smx] "Console<0><Console><Console>" changed cvar (cvar "stripper_cfg_path") (value "cfg/stripper/zonemod_anne")
L 01/29/2023 - 18:25:41: [basecommands.smx] "Console<0><Console><Console>" changed cvar (cvar "z_gun_swing_vs_min_penalty") (value "1")
L 01/29/2023 - 18:25:41: [basecommands.smx] "Console<0><Console><Console>" changed cvar (cvar "z_gun_swing_coop_min_penalty") (value "1")
L 01/29/2023 - 18:25:41: [basecommands.smx] "Console<0><Console><Console>" changed cvar (cvar "z_gun_swing_vs_max_penalty") (value "4")
L 01/29/2023 - 18:25:41: [basecommands.smx] "Console<0><Console><Console>" changed cvar (cvar "z_gun_swing_coop_max_penalty") (value "4")
L 01/29/2023 - 18:25:41: [basecommands.smx] "Console<0><Console><Console>" changed cvar (cvar "versus_special_respawn_interval") (value "16")
L 01/29/2023 - 18:25:41: [basecommands.smx] "Console<0><Console><Console>" changed cvar (cvar "l4d_infected_limit") (value "2")
L 01/29/2023 - 18:25:41: [basecommands.smx] "Console<0><Console><Console>" changed cvar (cvar "z_hunter_limit") (value "1")
L 01/29/2023 - 18:25:41: [basecommands.smx] "Console<0><Console><Console>" changed cvar (cvar "z_smoker_limit") (value "1")
L 01/29/2023 - 18:25:41: [basecommands.smx] "Console<0><Console><Console>" changed cvar (cvar "z_charger_limit") (value "1")
L 01/29/2023 - 18:25:41: [basecommands.smx] "Console<0><Console><Console>" changed cvar (cvar "z_jockey_limit") (value "1")
L 01/29/2023 - 18:25:41: [basecommands.smx] "Console<0><Console><Console>" changed cvar (cvar "z_boomer_limit") (value "1")
L 01/29/2023 - 18:25:41: [basecommands.smx] "Console<0><Console><Console>" changed cvar (cvar "inf_SpawnDistanceMin") (value "600")
L 01/29/2023 - 18:25:41: [basecommands.smx] "Console<0><Console><Console>" changed cvar (cvar "AnnePluginVersion") (value "2023-01")
L 01/29/2023 - 18:25:41: [basecommands.smx] "Console<0><Console><Console>" changed cvar (cvar "inf_EnableAutoSpawnTime") (value "1")
L 01/29/2023 - 18:25:41: [basecommands.smx] "Console<0><Console><Console>" changed cvar (cvar "z_acquire_far_time") (value "5.0")
L 01/29/2023 - 18:25:41: [basecommands.smx] "Console<0><Console><Console>" changed cvar (cvar "z_acquire_near_time") (value "0.5")
L 01/29/2023 - 18:25:41: [basecommands.smx] "Console<0><Console><Console>" changed cvar (cvar "hunter_pounce_air_speed") (value "700")
L 01/29/2023 - 18:25:41: [basecommands.smx] "Console<0><Console><Console>" changed cvar (cvar "jockey_pounce_air_speed") (value "700")
L 01/29/2023 - 18:25:41: [basecommands.smx] "Console<0><Console><Console>" changed cvar (cvar "z_spit_latency") (value "0.3")
L 01/29/2023 - 18:25:41: [basecommands.smx] "Console<0><Console><Console>" changed cvar (cvar "inf_TeleportCheckTime") (value "5")
L 01/29/2023 - 18:25:41: [basecommands.smx] "Console<0><Console><Console>" changed cvar (cvar "inf_TeleportCheckTime") (value "3")
L 01/29/2023 - 18:25:41: [basecommands.smx] "Console<0><Console><Console>" changed cvar (cvar "l4d_ready_cfg_name") (value "1vHunters 1.0")
L 01/29/2023 - 18:25:41: [basecommands.smx] "Console<0><Console><Console>" changed cvar (cvar "ZonemodWeapon") (value "2")
L 01/29/2023 - 18:25:41: [basecommands.smx] "Console<0><Console><Console>" changed cvar (cvar "confogl_match_execcfg_plugins") (value "generalfixes2.cfg;confogl_plugins.cfg;sharedplugins2.cfg")
L 01/29/2023 - 18:25:41: [basecommands.smx] "Console<0><Console><Console>" changed cvar (cvar "l4d2_addons_eclipse") (value "1")
L 01/29/2023 - 18:25:41: [basecommands.smx] "Console<0><Console><Console>" changed cvar (cvar "sv_minrate") (value "100000")
L 01/29/2023 - 18:25:41: [basecommands.smx] "Console<0><Console><Console>" changed cvar (cvar "sv_maxrate") (value "100000")
L 01/29/2023 - 18:25:41: [basecommands.smx] "Console<0><Console><Console>" changed cvar (cvar "sv_minupdaterate") (value "100")
L 01/29/2023 - 18:25:41: [basecommands.smx] "Console<0><Console><Console>" changed cvar (cvar "sv_maxupdaterate") (value "100")
L 01/29/2023 - 18:25:41: [basecommands.smx] "Console<0><Console><Console>" changed cvar (cvar "sv_mincmdrate") (value "100")
L 01/29/2023 - 18:25:41: [basecommands.smx] "Console<0><Console><Console>" changed cvar (cvar "sv_maxcmdrate") (value "100")
L 01/29/2023 - 18:25:41: [basecommands.smx] "Console<0><Console><Console>" changed cvar (cvar "sv_client_min_interp_ratio") (value "-1")
L 01/29/2023 - 18:25:41: [basecommands.smx] "Console<0><Console><Console>" changed cvar (cvar "sv_client_max_interp_ratio") (value "0")
L 01/29/2023 - 18:25:41: [basecommands.smx] "Console<0><Console><Console>" changed cvar (cvar "nb_update_frequency") (value "0.014")
L 01/29/2023 - 18:25:41: [basecommands.smx] "Console<0><Console><Console>" changed cvar (cvar "net_splitrate") (value "2")
L 01/29/2023 - 18:25:41: [basecommands.smx] "Console<0><Console><Console>" changed cvar (cvar "net_splitpacket_maxrate") (value "60000")
L 01/29/2023 - 18:25:41: [basecommands.smx] "Console<0><Console><Console>" changed cvar (cvar "fps_max") (value "150")
L 01/29/2023 - 18:25:41: [basecommands.smx] "Console<0><Console><Console>" changed cvar (cvar "net_maxcleartime") (value "0.0001")
L 01/29/2023 - 18:25:41: [basecommands.smx] "Console<0><Console><Console>" changed cvar (cvar "tick_door_speed") (value "1.3")
L 01/29/2023 - 18:25:41: [basecommands.smx] "Console<0><Console><Console>" changed cvar (cvar "mv_maxplayers") (value "8")
L 01/29/2023 - 18:25:41: [basecommands.smx] "Console<0><Console><Console>" changed cvar (cvar "mp_autoteambalance") (value "0")
L 01/29/2023 - 18:25:41: [basecommands.smx] "Console<0><Console><Console>" changed cvar (cvar "sv_unlag_fixstuck") (value "1")
L 01/29/2023 - 18:25:41: [basecommands.smx] "Console<0><Console><Console>" changed cvar (cvar "z_brawl_chance") (value "0")
L 01/29/2023 - 18:25:41: [basecommands.smx] "Console<0><Console><Console>" changed cvar (cvar "sv_maxunlag") (value "1")
L 01/29/2023 - 18:25:41: [basecommands.smx] "Console<0><Console><Console>" changed cvar (cvar "sv_forcepreload") (value "1")
L 01/29/2023 - 18:25:41: [basecommands.smx] "Console<0><Console><Console>" changed cvar (cvar "sv_client_predict") (value "1")
L 01/29/2023 - 18:25:41: [basecommands.smx] "Console<0><Console><Console>" changed cvar (cvar "sv_client_cmdrate_difference") (value "0")
L 01/29/2023 - 18:25:41: [basecommands.smx] "Console<0><Console><Console>" changed cvar (cvar "sv_max_queries_sec_global") (value "10")
L 01/29/2023 - 18:25:41: [basecommands.smx] "Console<0><Console><Console>" changed cvar (cvar "sv_max_queries_sec") (value "3")
L 01/29/2023 - 18:25:41: [basecommands.smx] "Console<0><Console><Console>" changed cvar (cvar "sv_max_queries_window") (value "10")
L 01/29/2023 - 18:25:41: [basecommands.smx] "Console<0><Console><Console>" changed cvar (cvar "sv_player_stuck_tolerance") (value "5")
L 01/29/2023 - 18:25:41: [basecommands.smx] "Console<0><Console><Console>" changed cvar (cvar "sv_stats") (value "0")
L 01/29/2023 - 18:25:41: [basecommands.smx] "Console<0><Console><Console>" changed cvar (cvar "sv_clockcorrection_msecs") (value "25")
L 01/29/2023 - 18:25:41: [basecommands.smx] "Console<0><Console><Console>" changed cvar (cvar "sv_allowupload") (value "0")
L 01/29/2023 - 18:25:41: [basecommands.smx] "Console<0><Console><Console>" changed cvar (cvar "sv_allowdownload") (value "0")
L 01/29/2023 - 18:25:41: [basecommands.smx] "Console<0><Console><Console>" changed cvar (cvar "sb_all_bot_game") (value "1")
L 01/29/2023 - 18:25:41: [basecommands.smx] "Console<0><Console><Console>" changed cvar (cvar "decalfrequency") (value "1.0")
L 01/29/2023 - 18:25:41: [chat-processor.smx] Message formats generated for game 'left4dead2'.
L 01/29/2023 - 18:25:41: [chat-processor.smx] Successfully hooked a SayText2 chat hook.
L 01/29/2023 - 18:25:44: -------- Mapchange to c2m1_highway --------
L 01/29/2023 - 18:25:46: [basecommands.smx] "Console<0><Console><Console>" changed cvar (cvar "sv_minrate") (value "100000")
L 01/29/2023 - 18:25:46: [basecommands.smx] "Console<0><Console><Console>" changed cvar (cvar "sv_maxrate") (value "100000")
L 01/29/2023 - 18:25:46: [basecommands.smx] "Console<0><Console><Console>" changed cvar (cvar "sv_minupdaterate") (value "100")
L 01/29/2023 - 18:25:46: [basecommands.smx] "Console<0><Console><Console>" changed cvar (cvar "sv_maxupdaterate") (value "100")
L 01/29/2023 - 18:25:46: [basecommands.smx] "Console<0><Console><Console>" changed cvar (cvar "sv_mincmdrate") (value "100")
L 01/29/2023 - 18:25:46: [basecommands.smx] "Console<0><Console><Console>" changed cvar (cvar "sv_maxcmdrate") (value "100")
L 01/29/2023 - 18:25:46: [basecommands.smx] "Console<0><Console><Console>" changed cvar (cvar "sv_client_min_interp_ratio") (value "-1")
L 01/29/2023 - 18:25:46: [basecommands.smx] "Console<0><Console><Console>" changed cvar (cvar "sv_client_max_interp_ratio") (value "0")
L 01/29/2023 - 18:25:46: [basecommands.smx] "Console<0><Console><Console>" changed cvar (cvar "nb_update_frequency") (value "0.014")
L 01/29/2023 - 18:25:46: [basecommands.smx] "Console<0><Console><Console>" changed cvar (cvar "net_splitpacket_maxrate") (value "50000")
L 01/29/2023 - 18:25:46: [basecommands.smx] "Console<0><Console><Console>" changed cvar (cvar "fps_max") (value "0")
L 01/29/2023 - 18:25:46: [basecommands.smx] "Console<0><Console><Console>" changed cvar (cvar "sv_allow_wait_command") (value "0")
L 01/29/2023 - 18:25:46: [basecommands.smx] "Console<0><Console><Console>" changed cvar (cvar "tick_door_speed") (value "1.3")
L 01/29/2023 - 18:25:46: [basecommands.smx] "Console<0><Console><Console>" changed cvar (cvar "mp_autoteambalance") (value "0")
L 01/29/2023 - 18:25:46: [basecommands.smx] "Console<0><Console><Console>" changed cvar (cvar "sv_unlag_fixstuck") (value "1")
L 01/29/2023 - 18:25:46: [basecommands.smx] "Console<0><Console><Console>" changed cvar (cvar "z_brawl_chance") (value "0")
L 01/29/2023 - 18:25:46: [basecommands.smx] "Console<0><Console><Console>" changed cvar (cvar "sv_maxunlag") (value "1")
L 01/29/2023 - 18:25:46: [basecommands.smx] "Console<0><Console><Console>" changed cvar (cvar "sv_forcepreload") (value "1")
L 01/29/2023 - 18:25:46: [basecommands.smx] "Console<0><Console><Console>" changed cvar (cvar "sv_client_predict") (value "1")
L 01/29/2023 - 18:25:46: [basecommands.smx] "Console<0><Console><Console>" changed cvar (cvar "sv_client_cmdrate_difference") (value "0")
L 01/29/2023 - 18:25:46: [basecommands.smx] "Console<0><Console><Console>" changed cvar (cvar "sv_max_queries_sec_global") (value "10")
L 01/29/2023 - 18:25:46: [basecommands.smx] "Console<0><Console><Console>" changed cvar (cvar "sv_max_queries_sec") (value "3")
L 01/29/2023 - 18:25:46: [basecommands.smx] "Console<0><Console><Console>" changed cvar (cvar "sv_max_queries_window") (value "10")
L 01/29/2023 - 18:25:46: [basecommands.smx] "Console<0><Console><Console>" changed cvar (cvar "sv_player_stuck_tolerance") (value "5")
L 01/29/2023 - 18:25:46: [basecommands.smx] "Console<0><Console><Console>" changed cvar (cvar "sv_stats") (value "0")
L 01/29/2023 - 18:25:46: [basecommands.smx] "Console<0><Console><Console>" changed cvar (cvar "sv_clockcorrection_msecs") (value "25")
L 01/29/2023 - 18:25:46: [basecommands.smx] "Console<0><Console><Console>" changed cvar (cvar "sb_all_bot_game") (value "1")
L 01/29/2023 - 18:25:46: [basecommands.smx] "Console<0><Console><Console>" changed cvar (cvar "sv_allowupload") (value "0")
L 01/29/2023 - 18:25:46: [basecommands.smx] "Console<0><Console><Console>" changed cvar (cvar "sv_allowdownload") (value "0")
L 01/29/2023 - 18:25:46: [basecommands.smx] "Console<0><Console><Console>" changed cvar (cvar "decalfrequency") (value "1.0")
L 01/29/2023 - 18:25:46: [basecommands.smx] "Console<0><Console><Console>" changed cvar (cvar "mv_maxplayers") (value "12")
L 01/29/2023 - 18:25:46: [basecommands.smx] "Console<0><Console><Console>" changed cvar (cvar "sn_hostname_format") (value "{hostname} >> {gamemode}")
L 01/29/2023 - 18:25:47: [chat-processor.smx] Message formats generated for game 'left4dead2'.
L 01/29/2023 - 18:25:47: [chat-processor.smx] Successfully hooked a SayText2 chat hook.
L 01/29/2023 - 18:25:48: [optional/l4d2_saferoom_item_remove.smx] Removed 4 saferoom item(s) (start: 4; end: 0).
L 01/29/2023 - 18:26:14: [basecommands.smx] "Console<0><Console><Console>" changed cvar (cvar "l4d_infected_limit") (value "1")
L 01/29/2023 - 18:26:14: [basecommands.smx] "Console<0><Console><Console>" changed cvar (cvar "z_hunter_limit") (value "1")
L 01/29/2023 - 18:26:14: [basecommands.smx] "Console<0><Console><Console>" changed cvar (cvar "z_smoker_limit") (value "1")
L 01/29/2023 - 18:26:14: [basecommands.smx] "Console<0><Console><Console>" changed cvar (cvar "z_charger_limit") (value "1")
L 01/29/2023 - 18:26:14: [basecommands.smx] "Console<0><Console><Console>" changed cvar (cvar "z_jockey_limit") (value "1")
L 01/29/2023 - 18:26:14: [basecommands.smx] "Console<0><Console><Console>" changed cvar (cvar "z_boomer_limit") (value "1")
L 01/29/2023 - 18:26:26: [basecommands.smx] "Console<0><Console><Console>" changed cvar (cvar "versus_special_respawn_interval") (value "2")
L 01/29/2023 - 18:31:05: [optional/l4d2_saferoom_item_remove.smx] Removed 4 saferoom item(s) (start: 4; end: 0).
L 01/29/2023 - 18:31:37: SourceMod log file session started (file "/root/Steam/steamapps/common/Left 4 Dead 2 Dedicated Server/left4dead2/addons/sourcemod2/logs/L20230129.log") (Version "1.11.0.6825")
L 01/29/2023 - 18:31:37: [GEOIP] GeoIP2 database loaded: GeoLite2-City (2019-12-17 20:01:26 UTC)
L 01/29/2023 - 18:31:37: [GEOIP] GeoIP2 supported languages: de en es fr ja pt-BR ru zh-CN
L 01/29/2023 - 18:31:41: [basecommands.smx] "Console<0><Console><Console>" changed cvar (cvar "sv_minrate") (value "100000")
L 01/29/2023 - 18:31:41: [basecommands.smx] "Console<0><Console><Console>" changed cvar (cvar "sv_maxrate") (value "100000")
L 01/29/2023 - 18:31:41: [basecommands.smx] "Console<0><Console><Console>" changed cvar (cvar "sv_minupdaterate") (value "100")
L 01/29/2023 - 18:31:41: [basecommands.smx] "Console<0><Console><Console>" changed cvar (cvar "sv_maxupdaterate") (value "100")
L 01/29/2023 - 18:31:41: [basecommands.smx] "Console<0><Console><Console>" changed cvar (cvar "sv_mincmdrate") (value "100")
L 01/29/2023 - 18:31:41: [basecommands.smx] "Console<0><Console><Console>" changed cvar (cvar "sv_maxcmdrate") (value "100")
L 01/29/2023 - 18:31:41: [basecommands.smx] "Console<0><Console><Console>" changed cvar (cvar "sv_client_min_interp_ratio") (value "-1")
L 01/29/2023 - 18:31:41: [basecommands.smx] "Console<0><Console><Console>" changed cvar (cvar "sv_client_max_interp_ratio") (value "0")
L 01/29/2023 - 18:31:41: [basecommands.smx] "Console<0><Console><Console>" changed cvar (cvar "nb_update_frequency") (value "0.014")
L 01/29/2023 - 18:31:41: [basecommands.smx] "Console<0><Console><Console>" changed cvar (cvar "net_splitpacket_maxrate") (value "50000")
L 01/29/2023 - 18:31:41: [basecommands.smx] "Console<0><Console><Console>" changed cvar (cvar "fps_max") (value "0")
L 01/29/2023 - 18:31:41: [basecommands.smx] "Console<0><Console><Console>" changed cvar (cvar "sv_allow_wait_command") (value "0")
L 01/29/2023 - 18:31:41: [basecommands.smx] "Console<0><Console><Console>" changed cvar (cvar "tick_door_speed") (value "1.3")
L 01/29/2023 - 18:31:41: [basecommands.smx] "Console<0><Console><Console>" changed cvar (cvar "mp_autoteambalance") (value "0")
L 01/29/2023 - 18:31:41: [basecommands.smx] "Console<0><Console><Console>" changed cvar (cvar "sv_unlag_fixstuck") (value "1")
L 01/29/2023 - 18:31:41: [basecommands.smx] "Console<0><Console><Console>" changed cvar (cvar "z_brawl_chance") (value "0")
L 01/29/2023 - 18:31:41: [basecommands.smx] "Console<0><Console><Console>" changed cvar (cvar "sv_maxunlag") (value "1")
L 01/29/2023 - 18:31:41: [basecommands.smx] "Console<0><Console><Console>" changed cvar (cvar "sv_forcepreload") (value "1")
L 01/29/2023 - 18:31:41: [basecommands.smx] "Console<0><Console><Console>" changed cvar (cvar "sv_client_predict") (value "1")
L 01/29/2023 - 18:31:41: [basecommands.smx] "Console<0><Console><Console>" changed cvar (cvar "sv_client_cmdrate_difference") (value "0")
L 01/29/2023 - 18:31:41: [basecommands.smx] "Console<0><Console><Console>" changed cvar (cvar "sv_max_queries_sec_global") (value "10")
L 01/29/2023 - 18:31:41: [basecommands.smx] "Console<0><Console><Console>" changed cvar (cvar "sv_max_queries_sec") (value "3")
L 01/29/2023 - 18:31:41: [basecommands.smx] "Console<0><Console><Console>" changed cvar (cvar "sv_max_queries_window") (value "10")
L 01/29/2023 - 18:31:41: [basecommands.smx] "Console<0><Console><Console>" changed cvar (cvar "sv_player_stuck_tolerance") (value "5")
L 01/29/2023 - 18:31:41: [basecommands.smx] "Console<0><Console><Console>" changed cvar (cvar "sv_stats") (value "0")
L 01/29/2023 - 18:31:41: [basecommands.smx] "Console<0><Console><Console>" changed cvar (cvar "sv_clockcorrection_msecs") (value "25")
L 01/29/2023 - 18:31:41: [basecommands.smx] "Console<0><Console><Console>" changed cvar (cvar "sb_all_bot_game") (value "1")
L 01/29/2023 - 18:31:41: [basecommands.smx] "Console<0><Console><Console>" changed cvar (cvar "sv_allowupload") (value "0")
L 01/29/2023 - 18:31:41: [basecommands.smx] "Console<0><Console><Console>" changed cvar (cvar "sv_allowdownload") (value "0")
L 01/29/2023 - 18:31:41: [basecommands.smx] "Console<0><Console><Console>" changed cvar (cvar "decalfrequency") (value "1.0")
L 01/29/2023 - 18:31:41: [basecommands.smx] "Console<0><Console><Console>" changed cvar (cvar "mv_maxplayers") (value "12")
L 01/29/2023 - 18:31:41: [basecommands.smx] "Console<0><Console><Console>" changed cvar (cvar "sn_hostname_format") (value "{hostname} >> {gamemode}")
L 01/29/2023 - 18:31:41: [chat-processor.smx] Message formats generated for game 'left4dead2'.
L 01/29/2023 - 18:31:41: [chat-processor.smx] Successfully hooked a SayText2 chat hook.
L 01/29/2023 - 20:03:18: -------- Mapchange to c2m1_highway --------
L 01/29/2023 - 20:03:19: [basecommands.smx] "Console<0><Console><Console>" changed cvar (cvar "sv_minrate") (value "100000")
L 01/29/2023 - 20:03:19: [basecommands.smx] "Console<0><Console><Console>" changed cvar (cvar "sv_maxrate") (value "100000")
L 01/29/2023 - 20:03:19: [basecommands.smx] "Console<0><Console><Console>" changed cvar (cvar "sv_minupdaterate") (value "100")
L 01/29/2023 - 20:03:19: [basecommands.smx] "Console<0><Console><Console>" changed cvar (cvar "sv_maxupdaterate") (value "100")
L 01/29/2023 - 20:03:19: [basecommands.smx] "Console<0><Console><Console>" changed cvar (cvar "sv_mincmdrate") (value "100")
L 01/29/2023 - 20:03:19: [basecommands.smx] "Console<0><Console><Console>" changed cvar (cvar "sv_maxcmdrate") (value "100")
L 01/29/2023 - 20:03:19: [basecommands.smx] "Console<0><Console><Console>" changed cvar (cvar "sv_client_min_interp_ratio") (value "-1")
L 01/29/2023 - 20:03:19: [basecommands.smx] "Console<0><Console><Console>" changed cvar (cvar "sv_client_max_interp_ratio") (value "0")
L 01/29/2023 - 20:03:19: [basecommands.smx] "Console<0><Console><Console>" changed cvar (cvar "nb_update_frequency") (value "0.014")
L 01/29/2023 - 20:03:19: [basecommands.smx] "Console<0><Console><Console>" changed cvar (cvar "net_splitpacket_maxrate") (value "50000")
L 01/29/2023 - 20:03:19: [basecommands.smx] "Console<0><Console><Console>" changed cvar (cvar "fps_max") (value "0")
L 01/29/2023 - 20:03:19: [basecommands.smx] "Console<0><Console><Console>" changed cvar (cvar "sv_allow_wait_command") (value "0")
L 01/29/2023 - 20:03:19: [basecommands.smx] "Console<0><Console><Console>" changed cvar (cvar "tick_door_speed") (value "1.3")
L 01/29/2023 - 20:03:19: [basecommands.smx] "Console<0><Console><Console>" changed cvar (cvar "mp_autoteambalance") (value "0")
L 01/29/2023 - 20:03:19: [basecommands.smx] "Console<0><Console><Console>" changed cvar (cvar "sv_unlag_fixstuck") (value "1")
L 01/29/2023 - 20:03:19: [basecommands.smx] "Console<0><Console><Console>" changed cvar (cvar "z_brawl_chance") (value "0")
L 01/29/2023 - 20:03:19: [basecommands.smx] "Console<0><Console><Console>" changed cvar (cvar "sv_maxunlag") (value "1")
L 01/29/2023 - 20:03:19: [basecommands.smx] "Console<0><Console><Console>" changed cvar (cvar "sv_forcepreload") (value "1")
L 01/29/2023 - 20:03:19: [basecommands.smx] "Console<0><Console><Console>" changed cvar (cvar "sv_client_predict") (value "1")
L 01/29/2023 - 20:03:19: [basecommands.smx] "Console<0><Console><Console>" changed cvar (cvar "sv_client_cmdrate_difference") (value "0")
L 01/29/2023 - 20:03:19: [basecommands.smx] "Console<0><Console><Console>" changed cvar (cvar "sv_max_queries_sec_global") (value "10")
L 01/29/2023 - 20:03:19: [basecommands.smx] "Console<0><Console><Console>" changed cvar (cvar "sv_max_queries_sec") (value "3")
L 01/29/2023 - 20:03:19: [basecommands.smx] "Console<0><Console><Console>" changed cvar (cvar "sv_max_queries_window") (value "10")
L 01/29/2023 - 20:03:19: [basecommands.smx] "Console<0><Console><Console>" changed cvar (cvar "sv_player_stuck_tolerance") (value "5")
L 01/29/2023 - 20:03:19: [basecommands.smx] "Console<0><Console><Console>" changed cvar (cvar "sv_stats") (value "0")
L 01/29/2023 - 20:03:19: [basecommands.smx] "Console<0><Console><Console>" changed cvar (cvar "sv_clockcorrection_msecs") (value "25")
L 01/29/2023 - 20:03:19: [basecommands.smx] "Console<0><Console><Console>" changed cvar (cvar "sb_all_bot_game") (value "1")
L 01/29/2023 - 20:03:19: [basecommands.smx] "Console<0><Console><Console>" changed cvar (cvar "sv_allowupload") (value "0")
L 01/29/2023 - 20:03:19: [basecommands.smx] "Console<0><Console><Console>" changed cvar (cvar "sv_allowdownload") (value "0")
L 01/29/2023 - 20:03:19: [basecommands.smx] "Console<0><Console><Console>" changed cvar (cvar "decalfrequency") (value "1.0")
L 01/29/2023 - 20:03:19: [basecommands.smx] "Console<0><Console><Console>" changed cvar (cvar "mv_maxplayers") (value "12")
L 01/29/2023 - 20:03:19: [basecommands.smx] "Console<0><Console><Console>" changed cvar (cvar "sn_hostname_format1") (value "{hostname} >> {gamemode}")
L 01/29/2023 - 20:03:19: [basecommands.smx] "Console<0><Console><Console>" changed cvar (cvar "sn_hostname_format") (value "{hostname} >> {gamemode}")
L 01/29/2023 - 20:03:19: [basecommands.smx] "Console<0><Console><Console>" changed cvar (cvar "sn_hostname_format_new") (value "{AnneHappy}{Full}{Confogl}")
L 01/29/2023 - 20:03:20: [chat-processor.smx] Message formats generated for game 'left4dead2'.
L 01/29/2023 - 20:03:20: [chat-processor.smx] Successfully hooked a SayText2 chat hook.
L 01/29/2023 - 20:03:59: [optional/AnneHappy/servercleanup.smx] Deleted file "logs/L000_000_000_000_0_202301221800_000.log"
L 01/29/2023 - 20:04:00: [confoglcompmod.smx] [PasswordSystem] Set password on iPhoneX, password 
L 01/29/2023 - 20:04:00: [basecommands.smx] "Console<0><Console><Console>" changed cvar (cvar "stripper_cfg_path") (value "cfg/stripper/zonemod_anne")
L 01/29/2023 - 20:04:00: [basecommands.smx] "Console<0><Console><Console>" changed cvar (cvar "z_gun_swing_vs_min_penalty") (value "1")
L 01/29/2023 - 20:04:00: [basecommands.smx] "Console<0><Console><Console>" changed cvar (cvar "z_gun_swing_coop_min_penalty") (value "1")
L 01/29/2023 - 20:04:00: [basecommands.smx] "Console<0><Console><Console>" changed cvar (cvar "z_gun_swing_vs_max_penalty") (value "4")
L 01/29/2023 - 20:04:00: [basecommands.smx] "Console<0><Console><Console>" changed cvar (cvar "z_gun_swing_coop_max_penalty") (value "4")
L 01/29/2023 - 20:04:00: [basecommands.smx] "Console<0><Console><Console>" changed cvar (cvar "versus_special_respawn_interval") (value "16")
L 01/29/2023 - 20:04:00: [basecommands.smx] "Console<0><Console><Console>" changed cvar (cvar "l4d_infected_limit") (value "2")
L 01/29/2023 - 20:04:00: [basecommands.smx] "Console<0><Console><Console>" changed cvar (cvar "z_hunter_limit") (value "1")
L 01/29/2023 - 20:04:00: [basecommands.smx] "Console<0><Console><Console>" changed cvar (cvar "z_smoker_limit") (value "1")
L 01/29/2023 - 20:04:00: [basecommands.smx] "Console<0><Console><Console>" changed cvar (cvar "z_charger_limit") (value "1")
L 01/29/2023 - 20:04:00: [basecommands.smx] "Console<0><Console><Console>" changed cvar (cvar "z_jockey_limit") (value "1")
L 01/29/2023 - 20:04:00: [basecommands.smx] "Console<0><Console><Console>" changed cvar (cvar "z_boomer_limit") (value "1")
L 01/29/2023 - 20:04:00: [basecommands.smx] "Console<0><Console><Console>" changed cvar (cvar "inf_SpawnDistanceMin") (value "600")
L 01/29/2023 - 20:04:00: [basecommands.smx] "Console<0><Console><Console>" changed cvar (cvar "AnnePluginVersion") (value "2023-01")
L 01/29/2023 - 20:04:00: [basecommands.smx] "Console<0><Console><Console>" changed cvar (cvar "inf_EnableAutoSpawnTime") (value "1")
L 01/29/2023 - 20:04:00: [basecommands.smx] "Console<0><Console><Console>" changed cvar (cvar "z_acquire_far_time") (value "5.0")
L 01/29/2023 - 20:04:00: [basecommands.smx] "Console<0><Console><Console>" changed cvar (cvar "z_acquire_near_time") (value "0.5")
L 01/29/2023 - 20:04:00: [basecommands.smx] "Console<0><Console><Console>" changed cvar (cvar "hunter_pounce_air_speed") (value "700")
L 01/29/2023 - 20:04:00: [basecommands.smx] "Console<0><Console><Console>" changed cvar (cvar "jockey_pounce_air_speed") (value "700")
L 01/29/2023 - 20:04:00: [basecommands.smx] "Console<0><Console><Console>" changed cvar (cvar "z_spit_latency") (value "0.3")
L 01/29/2023 - 20:04:00: [basecommands.smx] "Console<0><Console><Console>" changed cvar (cvar "inf_TeleportCheckTime") (value "5")
L 01/29/2023 - 20:04:00: [basecommands.smx] "Console<0><Console><Console>" changed cvar (cvar "inf_TeleportCheckTime") (value "3")
L 01/29/2023 - 20:04:00: [basecommands.smx] "Console<0><Console><Console>" changed cvar (cvar "l4d_ready_cfg_name") (value "1vHunters 1.0")
L 01/29/2023 - 20:04:00: [basecommands.smx] "Console<0><Console><Console>" changed cvar (cvar "ZonemodWeapon") (value "2")
L 01/29/2023 - 20:04:00: [basecommands.smx] "Console<0><Console><Console>" changed cvar (cvar "confogl_match_execcfg_plugins") (value "generalfixes2.cfg;confogl_plugins.cfg;sharedplugins2.cfg")
L 01/29/2023 - 20:04:00: [basecommands.smx] "Console<0><Console><Console>" changed cvar (cvar "l4d2_addons_eclipse") (value "1")
L 01/29/2023 - 20:04:00: [basecommands.smx] "Console<0><Console><Console>" changed cvar (cvar "sv_minrate") (value "100000")
L 01/29/2023 - 20:04:00: [basecommands.smx] "Console<0><Console><Console>" changed cvar (cvar "sv_maxrate") (value "100000")
L 01/29/2023 - 20:04:00: [basecommands.smx] "Console<0><Console><Console>" changed cvar (cvar "sv_minupdaterate") (value "100")
L 01/29/2023 - 20:04:00: [basecommands.smx] "Console<0><Console><Console>" changed cvar (cvar "sv_maxupdaterate") (value "100")
L 01/29/2023 - 20:04:00: [basecommands.smx] "Console<0><Console><Console>" changed cvar (cvar "sv_mincmdrate") (value "100")
L 01/29/2023 - 20:04:00: [basecommands.smx] "Console<0><Console><Console>" changed cvar (cvar "sv_maxcmdrate") (value "100")
L 01/29/2023 - 20:04:00: [basecommands.smx] "Console<0><Console><Console>" changed cvar (cvar "sv_client_min_interp_ratio") (value "-1")
L 01/29/2023 - 20:04:00: [basecommands.smx] "Console<0><Console><Console>" changed cvar (cvar "sv_client_max_interp_ratio") (value "0")
L 01/29/2023 - 20:04:00: [basecommands.smx] "Console<0><Console><Console>" changed cvar (cvar "nb_update_frequency") (value "0.014")
L 01/29/2023 - 20:04:00: [basecommands.smx] "Console<0><Console><Console>" changed cvar (cvar "net_splitrate") (value "2")
L 01/29/2023 - 20:04:00: [basecommands.smx] "Console<0><Console><Console>" changed cvar (cvar "net_splitpacket_maxrate") (value "60000")
L 01/29/2023 - 20:04:00: [basecommands.smx] "Console<0><Console><Console>" changed cvar (cvar "fps_max") (value "150")
L 01/29/2023 - 20:04:00: [basecommands.smx] "Console<0><Console><Console>" changed cvar (cvar "net_maxcleartime") (value "0.0001")
L 01/29/2023 - 20:04:00: [basecommands.smx] "Console<0><Console><Console>" changed cvar (cvar "tick_door_speed") (value "1.3")
L 01/29/2023 - 20:04:00: [basecommands.smx] "Console<0><Console><Console>" changed cvar (cvar "mv_maxplayers") (value "8")
L 01/29/2023 - 20:04:00: [basecommands.smx] "Console<0><Console><Console>" changed cvar (cvar "mp_autoteambalance") (value "0")
L 01/29/2023 - 20:04:00: [basecommands.smx] "Console<0><Console><Console>" changed cvar (cvar "sv_unlag_fixstuck") (value "1")
L 01/29/2023 - 20:04:00: [basecommands.smx] "Console<0><Console><Console>" changed cvar (cvar "z_brawl_chance") (value "0")
L 01/29/2023 - 20:04:00: [basecommands.smx] "Console<0><Console><Console>" changed cvar (cvar "sv_maxunlag") (value "1")
L 01/29/2023 - 20:04:00: [basecommands.smx] "Console<0><Console><Console>" changed cvar (cvar "sv_forcepreload") (value "1")
L 01/29/2023 - 20:04:00: [basecommands.smx] "Console<0><Console><Console>" changed cvar (cvar "sv_client_predict") (value "1")
L 01/29/2023 - 20:04:00: [basecommands.smx] "Console<0><Console><Console>" changed cvar (cvar "sv_client_cmdrate_difference") (value "0")
L 01/29/2023 - 20:04:00: [basecommands.smx] "Console<0><Console><Console>" changed cvar (cvar "sv_max_queries_sec_global") (value "10")
L 01/29/2023 - 20:04:00: [basecommands.smx] "Console<0><Console><Console>" changed cvar (cvar "sv_max_queries_sec") (value "3")
L 01/29/2023 - 20:04:00: [basecommands.smx] "Console<0><Console><Console>" changed cvar (cvar "sv_max_queries_window") (value "10")
L 01/29/2023 - 20:04:00: [basecommands.smx] "Console<0><Console><Console>" changed cvar (cvar "sv_player_stuck_tolerance") (value "5")
L 01/29/2023 - 20:04:00: [basecommands.smx] "Console<0><Console><Console>" changed cvar (cvar "sv_stats") (value "0")
L 01/29/2023 - 20:04:00: [basecommands.smx] "Console<0><Console><Console>" changed cvar (cvar "sv_clockcorrection_msecs") (value "25")
L 01/29/2023 - 20:04:00: [basecommands.smx] "Console<0><Console><Console>" changed cvar (cvar "sv_allowupload") (value "0")
L 01/29/2023 - 20:04:00: [basecommands.smx] "Console<0><Console><Console>" changed cvar (cvar "sv_allowdownload") (value "0")
L 01/29/2023 - 20:04:00: [basecommands.smx] "Console<0><Console><Console>" changed cvar (cvar "sb_all_bot_game") (value "1")
L 01/29/2023 - 20:04:00: [basecommands.smx] "Console<0><Console><Console>" changed cvar (cvar "decalfrequency") (value "1.0")
L 01/29/2023 - 20:04:00: [chat-processor.smx] Message formats generated for game 'left4dead2'.
L 01/29/2023 - 20:04:00: [chat-processor.smx] Successfully hooked a SayText2 chat hook.
L 01/29/2023 - 20:04:03: -------- Mapchange to c2m1_highway --------
L 01/29/2023 - 20:04:05: [basecommands.smx] "Console<0><Console><Console>" changed cvar (cvar "sv_minrate") (value "100000")
L 01/29/2023 - 20:04:05: [basecommands.smx] "Console<0><Console><Console>" changed cvar (cvar "sv_maxrate") (value "100000")
L 01/29/2023 - 20:04:05: [basecommands.smx] "Console<0><Console><Console>" changed cvar (cvar "sv_minupdaterate") (value "100")
L 01/29/2023 - 20:04:05: [basecommands.smx] "Console<0><Console><Console>" changed cvar (cvar "sv_maxupdaterate") (value "100")
L 01/29/2023 - 20:04:05: [basecommands.smx] "Console<0><Console><Console>" changed cvar (cvar "sv_mincmdrate") (value "100")
L 01/29/2023 - 20:04:05: [basecommands.smx] "Console<0><Console><Console>" changed cvar (cvar "sv_maxcmdrate") (value "100")
L 01/29/2023 - 20:04:05: [basecommands.smx] "Console<0><Console><Console>" changed cvar (cvar "sv_client_min_interp_ratio") (value "-1")
L 01/29/2023 - 20:04:05: [basecommands.smx] "Console<0><Console><Console>" changed cvar (cvar "sv_client_max_interp_ratio") (value "0")
L 01/29/2023 - 20:04:05: [basecommands.smx] "Console<0><Console><Console>" changed cvar (cvar "nb_update_frequency") (value "0.014")
L 01/29/2023 - 20:04:05: [basecommands.smx] "Console<0><Console><Console>" changed cvar (cvar "net_splitpacket_maxrate") (value "50000")
L 01/29/2023 - 20:04:05: [basecommands.smx] "Console<0><Console><Console>" changed cvar (cvar "fps_max") (value "0")
L 01/29/2023 - 20:04:05: [basecommands.smx] "Console<0><Console><Console>" changed cvar (cvar "sv_allow_wait_command") (value "0")
L 01/29/2023 - 20:04:05: [basecommands.smx] "Console<0><Console><Console>" changed cvar (cvar "tick_door_speed") (value "1.3")
L 01/29/2023 - 20:04:05: [basecommands.smx] "Console<0><Console><Console>" changed cvar (cvar "mp_autoteambalance") (value "0")
L 01/29/2023 - 20:04:05: [basecommands.smx] "Console<0><Console><Console>" changed cvar (cvar "sv_unlag_fixstuck") (value "1")
L 01/29/2023 - 20:04:05: [basecommands.smx] "Console<0><Console><Console>" changed cvar (cvar "z_brawl_chance") (value "0")
L 01/29/2023 - 20:04:05: [basecommands.smx] "Console<0><Console><Console>" changed cvar (cvar "sv_maxunlag") (value "1")
L 01/29/2023 - 20:04:05: [basecommands.smx] "Console<0><Console><Console>" changed cvar (cvar "sv_forcepreload") (value "1")
L 01/29/2023 - 20:04:05: [basecommands.smx] "Console<0><Console><Console>" changed cvar (cvar "sv_client_predict") (value "1")
L 01/29/2023 - 20:04:05: [basecommands.smx] "Console<0><Console><Console>" changed cvar (cvar "sv_client_cmdrate_difference") (value "0")
L 01/29/2023 - 20:04:05: [basecommands.smx] "Console<0><Console><Console>" changed cvar (cvar "sv_max_queries_sec_global") (value "10")
L 01/29/2023 - 20:04:05: [basecommands.smx] "Console<0><Console><Console>" changed cvar (cvar "sv_max_queries_sec") (value "3")
L 01/29/2023 - 20:04:05: [basecommands.smx] "Console<0><Console><Console>" changed cvar (cvar "sv_max_queries_window") (value "10")
L 01/29/2023 - 20:04:05: [basecommands.smx] "Console<0><Console><Console>" changed cvar (cvar "sv_player_stuck_tolerance") (value "5")
L 01/29/2023 - 20:04:05: [basecommands.smx] "Console<0><Console><Console>" changed cvar (cvar "sv_stats") (value "0")
L 01/29/2023 - 20:04:05: [basecommands.smx] "Console<0><Console><Console>" changed cvar (cvar "sv_clockcorrection_msecs") (value "25")
L 01/29/2023 - 20:04:05: [basecommands.smx] "Console<0><Console><Console>" changed cvar (cvar "sb_all_bot_game") (value "1")
L 01/29/2023 - 20:04:05: [basecommands.smx] "Console<0><Console><Console>" changed cvar (cvar "sv_allowupload") (value "0")
L 01/29/2023 - 20:04:05: [basecommands.smx] "Console<0><Console><Console>" changed cvar (cvar "sv_allowdownload") (value "0")
L 01/29/2023 - 20:04:05: [basecommands.smx] "Console<0><Console><Console>" changed cvar (cvar "decalfrequency") (value "1.0")
L 01/29/2023 - 20:04:05: [basecommands.smx] "Console<0><Console><Console>" changed cvar (cvar "mv_maxplayers") (value "12")
L 01/29/2023 - 20:04:05: [basecommands.smx] "Console<0><Console><Console>" changed cvar (cvar "sn_hostname_format1") (value "{hostname} >> {gamemode}")
L 01/29/2023 - 20:04:05: [basecommands.smx] "Console<0><Console><Console>" changed cvar (cvar "sn_hostname_format") (value "{hostname} >> {gamemode}")
L 01/29/2023 - 20:04:05: [basecommands.smx] "Console<0><Console><Console>" changed cvar (cvar "sn_hostname_format_new") (value "{AnneHappy}{Full}{Confogl}")
L 01/29/2023 - 20:04:05: [chat-processor.smx] Message formats generated for game 'left4dead2'.
L 01/29/2023 - 20:04:05: [chat-processor.smx] Successfully hooked a SayText2 chat hook.
L 01/29/2023 - 20:04:06: [optional/l4d2_saferoom_item_remove.smx] Removed 4 saferoom item(s) (start: 4; end: 0).
L 01/29/2023 - 20:04:27: [basecommands.smx] "Console<0><Console><Console>" changed cvar (cvar "versus_special_respawn_interval") (value "0")
L 01/29/2023 - 20:04:34: [basecommands.smx] "Console<0><Console><Console>" changed cvar (cvar "inf_SpawnDistanceMin") (value "250.0")
L 01/29/2023 - 20:05:21: [optional/l4d2_saferoom_item_remove.smx] Removed 4 saferoom item(s) (start: 4; end: 0).
L 01/29/2023 - 20:07:05: [optional/l4d2_skill_detect.smx] Witch Crown Check: crown shot: 63, harrassed: 1 (full health: 1000 / drawthresh: 500 / oneshot 1)
L 01/29/2023 - 20:07:40: [optional/l4d2_saferoom_item_remove.smx] Removed 4 saferoom item(s) (start: 4; end: 0).
L 01/29/2023 - 20:09:28: [optional/l4d2_saferoom_item_remove.smx] Removed 4 saferoom item(s) (start: 4; end: 0).
L 01/29/2023 - 20:11:40: [optional/l4d2_saferoom_item_remove.smx] Removed 4 saferoom item(s) (start: 4; end: 0).
L 01/29/2023 - 20:14:53: [optional/l4d2_saferoom_item_remove.smx] Removed 4 saferoom item(s) (start: 4; end: 0).
L 01/29/2023 - 20:15:41: [optional/l4d2_saferoom_item_remove.smx] Removed 4 saferoom item(s) (start: 4; end: 0).
L 01/29/2023 - 20:18:37: [optional/l4d2_saferoom_item_remove.smx] Removed 4 saferoom item(s) (start: 4; end: 0).
L 01/29/2023 - 20:20:39: [optional/l4d2_saferoom_item_remove.smx] Removed 4 saferoom item(s) (start: 4; end: 0).
L 01/29/2023 - 20:22:47: [optional/l4d2_saferoom_item_remove.smx] Removed 4 saferoom item(s) (start: 4; end: 0).
L 01/29/2023 - 20:25:44: [optional/l4d2_saferoom_item_remove.smx] Removed 4 saferoom item(s) (start: 4; end: 0).
L 01/29/2023 - 20:27:37: [optional/l4d2_skill_detect.smx] Witch Crown Check: crown shot: 65, harrassed: 0 (full health: 1000 / drawthresh: 500 / oneshot 1)
L 01/29/2023 - 20:28:55: SourceMod log file session started (file "/root/Steam/steamapps/common/Left 4 Dead 2 Dedicated Server/left4dead2/addons/sourcemod2/logs/L20230129.log") (Version "1.11.0.6825")
L 01/29/2023 - 20:28:55: [GEOIP] GeoIP2 database loaded: GeoLite2-City (2019-12-17 20:01:26 UTC)
L 01/29/2023 - 20:28:55: [GEOIP] GeoIP2 supported languages: de en es fr ja pt-BR ru zh-CN
L 01/29/2023 - 20:29:00: [basecommands.smx] "Console<0><Console><Console>" changed cvar (cvar "sv_minrate") (value "100000")
L 01/29/2023 - 20:29:00: [basecommands.smx] "Console<0><Console><Console>" changed cvar (cvar "sv_maxrate") (value "100000")
L 01/29/2023 - 20:29:00: [basecommands.smx] "Console<0><Console><Console>" changed cvar (cvar "sv_minupdaterate") (value "100")
L 01/29/2023 - 20:29:00: [basecommands.smx] "Console<0><Console><Console>" changed cvar (cvar "sv_maxupdaterate") (value "100")
L 01/29/2023 - 20:29:00: [basecommands.smx] "Console<0><Console><Console>" changed cvar (cvar "sv_mincmdrate") (value "100")
L 01/29/2023 - 20:29:00: [basecommands.smx] "Console<0><Console><Console>" changed cvar (cvar "sv_maxcmdrate") (value "100")
L 01/29/2023 - 20:29:00: [basecommands.smx] "Console<0><Console><Console>" changed cvar (cvar "sv_client_min_interp_ratio") (value "-1")
L 01/29/2023 - 20:29:00: [basecommands.smx] "Console<0><Console><Console>" changed cvar (cvar "sv_client_max_interp_ratio") (value "0")
L 01/29/2023 - 20:29:00: [basecommands.smx] "Console<0><Console><Console>" changed cvar (cvar "nb_update_frequency") (value "0.014")
L 01/29/2023 - 20:29:00: [basecommands.smx] "Console<0><Console><Console>" changed cvar (cvar "net_splitpacket_maxrate") (value "50000")
L 01/29/2023 - 20:29:00: [basecommands.smx] "Console<0><Console><Console>" changed cvar (cvar "fps_max") (value "0")
L 01/29/2023 - 20:29:00: [basecommands.smx] "Console<0><Console><Console>" changed cvar (cvar "sv_allow_wait_command") (value "0")
L 01/29/2023 - 20:29:00: [basecommands.smx] "Console<0><Console><Console>" changed cvar (cvar "tick_door_speed") (value "1.3")
L 01/29/2023 - 20:29:00: [basecommands.smx] "Console<0><Console><Console>" changed cvar (cvar "mp_autoteambalance") (value "0")
L 01/29/2023 - 20:29:00: [basecommands.smx] "Console<0><Console><Console>" changed cvar (cvar "sv_unlag_fixstuck") (value "1")
L 01/29/2023 - 20:29:00: [basecommands.smx] "Console<0><Console><Console>" changed cvar (cvar "z_brawl_chance") (value "0")
L 01/29/2023 - 20:29:00: [basecommands.smx] "Console<0><Console><Console>" changed cvar (cvar "sv_maxunlag") (value "1")
L 01/29/2023 - 20:29:00: [basecommands.smx] "Console<0><Console><Console>" changed cvar (cvar "sv_forcepreload") (value "1")
L 01/29/2023 - 20:29:00: [basecommands.smx] "Console<0><Console><Console>" changed cvar (cvar "sv_client_predict") (value "1")
L 01/29/2023 - 20:29:00: [basecommands.smx] "Console<0><Console><Console>" changed cvar (cvar "sv_client_cmdrate_difference") (value "0")
L 01/29/2023 - 20:29:00: [basecommands.smx] "Console<0><Console><Console>" changed cvar (cvar "sv_max_queries_sec_global") (value "10")
L 01/29/2023 - 20:29:00: [basecommands.smx] "Console<0><Console><Console>" changed cvar (cvar "sv_max_queries_sec") (value "3")
L 01/29/2023 - 20:29:00: [basecommands.smx] "Console<0><Console><Console>" changed cvar (cvar "sv_max_queries_window") (value "10")
L 01/29/2023 - 20:29:00: [basecommands.smx] "Console<0><Console><Console>" changed cvar (cvar "sv_player_stuck_tolerance") (value "5")
L 01/29/2023 - 20:29:00: [basecommands.smx] "Console<0><Console><Console>" changed cvar (cvar "sv_stats") (value "0")
L 01/29/2023 - 20:29:00: [basecommands.smx] "Console<0><Console><Console>" changed cvar (cvar "sv_clockcorrection_msecs") (value "25")
L 01/29/2023 - 20:29:00: [basecommands.smx] "Console<0><Console><Console>" changed cvar (cvar "sb_all_bot_game") (value "1")
L 01/29/2023 - 20:29:00: [basecommands.smx] "Console<0><Console><Console>" changed cvar (cvar "sv_allowupload") (value "0")
L 01/29/2023 - 20:29:00: [basecommands.smx] "Console<0><Console><Console>" changed cvar (cvar "sv_allowdownload") (value "0")
L 01/29/2023 - 20:29:00: [basecommands.smx] "Console<0><Console><Console>" changed cvar (cvar "decalfrequency") (value "1.0")
L 01/29/2023 - 20:29:00: [basecommands.smx] "Console<0><Console><Console>" changed cvar (cvar "mv_maxplayers") (value "12")
L 01/29/2023 - 20:29:00: [basecommands.smx] "Console<0><Console><Console>" changed cvar (cvar "sn_hostname_format") (value "{hostname} >> {gamemode}")
L 01/29/2023 - 20:29:00: [basecommands.smx] "Console<0><Console><Console>" changed cvar (cvar "sn_hostname_format_new") (value "{AnneHappy}{Full}{Confogl}")
L 01/29/2023 - 20:29:00: [chat-processor.smx] Message formats generated for game 'left4dead2'.
L 01/29/2023 - 20:29:00: [chat-processor.smx] Successfully hooked a SayText2 chat hook.
L 01/30/2023 - 00:00:10: Log file closed.
