L 01/25/2023 - 02:14:31: SourceMod log file session started (file "/root/Steam/steamapps/common/Left 4 Dead 2 Dedicated Server/left4dead2/addons/sourcemod2/logs/L20230125.log") (Version "1.11.0.6825")
L 01/25/2023 - 02:14:31: [optional/AnneHappy/servercleanup.smx] Deleted file "logs/L000_000_000_000_0_202301172103_000.log"
L 01/25/2023 - 02:14:31: [optional/AnneHappy/servercleanup.smx] Deleted file "logs/L127_000_000_001_23333_202301172109_000.log"
L 01/25/2023 - 02:14:31: [optional/AnneHappy/servercleanup.smx] Deleted file "logs/L000_000_000_000_0_202301171904_000.log"
L 01/25/2023 - 02:14:31: [optional/AnneHappy/servercleanup.smx] Deleted file "logs/L127_000_000_001_23333_202301172332_000.log"
L 01/25/2023 - 02:14:31: [optional/AnneHappy/servercleanup.smx] Deleted file "logs/L000_000_000_000_0_202301172109_000.log"
L 01/25/2023 - 02:14:31: [optional/AnneHappy/servercleanup.smx] Deleted file "logs/L127_000_000_001_23333_202301172103_000.log"
L 01/25/2023 - 02:14:31: [optional/AnneHappy/servercleanup.smx] Deleted file "logs/L127_000_000_001_23333_202301172217_001.log"
L 01/25/2023 - 02:14:31: [optional/AnneHappy/servercleanup.smx] Deleted file "logs/L127_000_000_001_23333_202301171851_002.log"
L 01/25/2023 - 02:14:31: [optional/AnneHappy/servercleanup.smx] Deleted file "logs/L127_000_000_001_23333_202301172227_000.log"
L 01/25/2023 - 02:14:31: [optional/AnneHappy/servercleanup.smx] Deleted file "logs/L127_000_000_001_23333_202301172334_000.log"
L 01/25/2023 - 02:14:31: [optional/AnneHappy/servercleanup.smx] Deleted file "logs/L000_000_000_000_0_202301172337_000.log"
L 01/25/2023 - 02:14:31: [optional/AnneHappy/servercleanup.smx] Deleted file "logs/L127_000_000_001_23333_202301172216_000.log"
L 01/25/2023 - 02:14:31: [optional/AnneHappy/servercleanup.smx] Deleted file "logs/L127_000_000_001_23333_202301172217_000.log"
L 01/25/2023 - 02:14:31: [optional/AnneHappy/servercleanup.smx] Deleted file "logs/L127_000_000_001_23333_202301171904_000.log"
L 01/25/2023 - 02:14:31: [confoglcompmod.smx] [PasswordSystem] Set password on Reisen, password 
L 01/25/2023 - 02:14:31: [basecommands.smx] "Console<0><Console><Console>" changed cvar (cvar "stripper_cfg_path") (value "cfg/stripper/zonemod_anne")
L 01/25/2023 - 02:14:31: [basecommands.smx] "Console<0><Console><Console>" changed cvar (cvar "z_gun_swing_vs_min_penalty") (value "1")
L 01/25/2023 - 02:14:31: [basecommands.smx] "Console<0><Console><Console>" changed cvar (cvar "z_gun_swing_coop_min_penalty") (value "1")
L 01/25/2023 - 02:14:31: [basecommands.smx] "Console<0><Console><Console>" changed cvar (cvar "z_gun_swing_vs_max_penalty") (value "4")
L 01/25/2023 - 02:14:31: [basecommands.smx] "Console<0><Console><Console>" changed cvar (cvar "z_gun_swing_coop_max_penalty") (value "4")
L 01/25/2023 - 02:14:31: [basecommands.smx] "Console<0><Console><Console>" changed cvar (cvar "versus_special_respawn_interval") (value "16")
L 01/25/2023 - 02:14:31: [basecommands.smx] "Console<0><Console><Console>" changed cvar (cvar "l4d_infected_limit") (value "2")
L 01/25/2023 - 02:14:31: [basecommands.smx] "Console<0><Console><Console>" changed cvar (cvar "z_hunter_limit") (value "1")
L 01/25/2023 - 02:14:31: [basecommands.smx] "Console<0><Console><Console>" changed cvar (cvar "z_smoker_limit") (value "1")
L 01/25/2023 - 02:14:31: [basecommands.smx] "Console<0><Console><Console>" changed cvar (cvar "z_charger_limit") (value "1")
L 01/25/2023 - 02:14:31: [basecommands.smx] "Console<0><Console><Console>" changed cvar (cvar "z_jockey_limit") (value "1")
L 01/25/2023 - 02:14:31: [basecommands.smx] "Console<0><Console><Console>" changed cvar (cvar "z_boomer_limit") (value "1")
L 01/25/2023 - 02:14:31: [basecommands.smx] "Console<0><Console><Console>" changed cvar (cvar "inf_SpawnDistanceMin") (value "600")
L 01/25/2023 - 02:14:31: [basecommands.smx] "Console<0><Console><Console>" changed cvar (cvar "AnnePluginVersion") (value "2023-01")
L 01/25/2023 - 02:14:31: [basecommands.smx] "Console<0><Console><Console>" changed cvar (cvar "inf_EnableAutoSpawnTime") (value "1")
L 01/25/2023 - 02:14:31: [basecommands.smx] "Console<0><Console><Console>" changed cvar (cvar "z_acquire_far_time") (value "5.0")
L 01/25/2023 - 02:14:31: [basecommands.smx] "Console<0><Console><Console>" changed cvar (cvar "z_acquire_near_time") (value "0.5")
L 01/25/2023 - 02:14:31: [basecommands.smx] "Console<0><Console><Console>" changed cvar (cvar "hunter_pounce_air_speed") (value "700")
L 01/25/2023 - 02:14:31: [basecommands.smx] "Console<0><Console><Console>" changed cvar (cvar "jockey_pounce_air_speed") (value "700")
L 01/25/2023 - 02:14:31: [basecommands.smx] "Console<0><Console><Console>" changed cvar (cvar "z_spit_latency") (value "0.3")
L 01/25/2023 - 02:14:31: [basecommands.smx] "Console<0><Console><Console>" changed cvar (cvar "inf_TeleportCheckTime") (value "5")
L 01/25/2023 - 02:14:31: [basecommands.smx] "Console<0><Console><Console>" changed cvar (cvar "inf_TeleportCheckTime") (value "3")
L 01/25/2023 - 02:14:31: [basecommands.smx] "Console<0><Console><Console>" changed cvar (cvar "l4d_ready_cfg_name") (value "1vHunters 1.0")
L 01/25/2023 - 02:14:31: [basecommands.smx] "Console<0><Console><Console>" changed cvar (cvar "ZonemodWeapon") (value "2")
L 01/25/2023 - 02:14:31: [basecommands.smx] "Console<0><Console><Console>" changed cvar (cvar "confogl_match_execcfg_plugins") (value "generalfixes2.cfg;confogl_plugins.cfg;sharedplugins2.cfg")
L 01/25/2023 - 02:14:31: [basecommands.smx] "Console<0><Console><Console>" changed cvar (cvar "l4d2_addons_eclipse") (value "1")
L 01/25/2023 - 02:14:31: [basecommands.smx] "Console<0><Console><Console>" changed cvar (cvar "sv_minrate") (value "100000")
L 01/25/2023 - 02:14:31: [basecommands.smx] "Console<0><Console><Console>" changed cvar (cvar "sv_maxrate") (value "100000")
L 01/25/2023 - 02:14:31: [basecommands.smx] "Console<0><Console><Console>" changed cvar (cvar "sv_minupdaterate") (value "100")
L 01/25/2023 - 02:14:31: [basecommands.smx] "Console<0><Console><Console>" changed cvar (cvar "sv_maxupdaterate") (value "100")
L 01/25/2023 - 02:14:31: [basecommands.smx] "Console<0><Console><Console>" changed cvar (cvar "sv_mincmdrate") (value "100")
L 01/25/2023 - 02:14:31: [basecommands.smx] "Console<0><Console><Console>" changed cvar (cvar "sv_maxcmdrate") (value "100")
L 01/25/2023 - 02:14:31: [basecommands.smx] "Console<0><Console><Console>" changed cvar (cvar "sv_client_min_interp_ratio") (value "-1")
L 01/25/2023 - 02:14:31: [basecommands.smx] "Console<0><Console><Console>" changed cvar (cvar "sv_client_max_interp_ratio") (value "0")
L 01/25/2023 - 02:14:31: [basecommands.smx] "Console<0><Console><Console>" changed cvar (cvar "nb_update_frequency") (value "0.014")
L 01/25/2023 - 02:14:31: [basecommands.smx] "Console<0><Console><Console>" changed cvar (cvar "net_splitrate") (value "2")
L 01/25/2023 - 02:14:31: [basecommands.smx] "Console<0><Console><Console>" changed cvar (cvar "net_splitpacket_maxrate") (value "60000")
L 01/25/2023 - 02:14:31: [basecommands.smx] "Console<0><Console><Console>" changed cvar (cvar "fps_max") (value "150")
L 01/25/2023 - 02:14:31: [basecommands.smx] "Console<0><Console><Console>" changed cvar (cvar "net_maxcleartime") (value "0.0001")
L 01/25/2023 - 02:14:31: [basecommands.smx] "Console<0><Console><Console>" changed cvar (cvar "tick_door_speed") (value "1.3")
L 01/25/2023 - 02:14:31: [basecommands.smx] "Console<0><Console><Console>" changed cvar (cvar "mv_maxplayers") (value "8")
L 01/25/2023 - 02:14:31: [basecommands.smx] "Console<0><Console><Console>" changed cvar (cvar "mp_autoteambalance") (value "0")
L 01/25/2023 - 02:14:31: [basecommands.smx] "Console<0><Console><Console>" changed cvar (cvar "sv_unlag_fixstuck") (value "1")
L 01/25/2023 - 02:14:31: [basecommands.smx] "Console<0><Console><Console>" changed cvar (cvar "z_brawl_chance") (value "0")
L 01/25/2023 - 02:14:31: [basecommands.smx] "Console<0><Console><Console>" changed cvar (cvar "sv_maxunlag") (value "1")
L 01/25/2023 - 02:14:31: [basecommands.smx] "Console<0><Console><Console>" changed cvar (cvar "sv_forcepreload") (value "1")
L 01/25/2023 - 02:14:31: [basecommands.smx] "Console<0><Console><Console>" changed cvar (cvar "sv_client_predict") (value "1")
L 01/25/2023 - 02:14:31: [basecommands.smx] "Console<0><Console><Console>" changed cvar (cvar "sv_client_cmdrate_difference") (value "0")
L 01/25/2023 - 02:14:31: [basecommands.smx] "Console<0><Console><Console>" changed cvar (cvar "sv_max_queries_sec_global") (value "10")
L 01/25/2023 - 02:14:31: [basecommands.smx] "Console<0><Console><Console>" changed cvar (cvar "sv_max_queries_sec") (value "3")
L 01/25/2023 - 02:14:31: [basecommands.smx] "Console<0><Console><Console>" changed cvar (cvar "sv_max_queries_window") (value "10")
L 01/25/2023 - 02:14:31: [basecommands.smx] "Console<0><Console><Console>" changed cvar (cvar "sv_player_stuck_tolerance") (value "5")
L 01/25/2023 - 02:14:31: [basecommands.smx] "Console<0><Console><Console>" changed cvar (cvar "sv_stats") (value "0")
L 01/25/2023 - 02:14:31: [basecommands.smx] "Console<0><Console><Console>" changed cvar (cvar "sv_clockcorrection_msecs") (value "25")
L 01/25/2023 - 02:14:31: [basecommands.smx] "Console<0><Console><Console>" changed cvar (cvar "sv_allowupload") (value "0")
L 01/25/2023 - 02:14:31: [basecommands.smx] "Console<0><Console><Console>" changed cvar (cvar "sv_allowdownload") (value "0")
L 01/25/2023 - 02:14:31: [basecommands.smx] "Console<0><Console><Console>" changed cvar (cvar "sb_all_bot_game") (value "1")
L 01/25/2023 - 02:14:31: [basecommands.smx] "Console<0><Console><Console>" changed cvar (cvar "decalfrequency") (value "1.0")
L 01/25/2023 - 02:14:31: [chat-processor.smx] Message formats generated for game 'left4dead2'.
L 01/25/2023 - 02:14:31: [chat-processor.smx] Successfully hooked a SayText2 chat hook.
L 01/25/2023 - 02:14:34: -------- Mapchange to c2m1_highway --------
L 01/25/2023 - 02:14:36: [basecommands.smx] "Console<0><Console><Console>" changed cvar (cvar "sv_minrate") (value "100000")
L 01/25/2023 - 02:14:36: [basecommands.smx] "Console<0><Console><Console>" changed cvar (cvar "sv_maxrate") (value "100000")
L 01/25/2023 - 02:14:36: [basecommands.smx] "Console<0><Console><Console>" changed cvar (cvar "sv_minupdaterate") (value "100")
L 01/25/2023 - 02:14:36: [basecommands.smx] "Console<0><Console><Console>" changed cvar (cvar "sv_maxupdaterate") (value "100")
L 01/25/2023 - 02:14:36: [basecommands.smx] "Console<0><Console><Console>" changed cvar (cvar "sv_mincmdrate") (value "100")
L 01/25/2023 - 02:14:36: [basecommands.smx] "Console<0><Console><Console>" changed cvar (cvar "sv_maxcmdrate") (value "100")
L 01/25/2023 - 02:14:36: [basecommands.smx] "Console<0><Console><Console>" changed cvar (cvar "sv_client_min_interp_ratio") (value "-1")
L 01/25/2023 - 02:14:36: [basecommands.smx] "Console<0><Console><Console>" changed cvar (cvar "sv_client_max_interp_ratio") (value "0")
L 01/25/2023 - 02:14:36: [basecommands.smx] "Console<0><Console><Console>" changed cvar (cvar "nb_update_frequency") (value "0.014")
L 01/25/2023 - 02:14:36: [basecommands.smx] "Console<0><Console><Console>" changed cvar (cvar "net_splitpacket_maxrate") (value "50000")
L 01/25/2023 - 02:14:36: [basecommands.smx] "Console<0><Console><Console>" changed cvar (cvar "fps_max") (value "0")
L 01/25/2023 - 02:14:36: [basecommands.smx] "Console<0><Console><Console>" changed cvar (cvar "sv_allow_wait_command") (value "0")
L 01/25/2023 - 02:14:36: [basecommands.smx] "Console<0><Console><Console>" changed cvar (cvar "tick_door_speed") (value "1.3")
L 01/25/2023 - 02:14:36: [basecommands.smx] "Console<0><Console><Console>" changed cvar (cvar "mp_autoteambalance") (value "0")
L 01/25/2023 - 02:14:36: [basecommands.smx] "Console<0><Console><Console>" changed cvar (cvar "sv_unlag_fixstuck") (value "1")
L 01/25/2023 - 02:14:36: [basecommands.smx] "Console<0><Console><Console>" changed cvar (cvar "z_brawl_chance") (value "0")
L 01/25/2023 - 02:14:36: [basecommands.smx] "Console<0><Console><Console>" changed cvar (cvar "sv_maxunlag") (value "1")
L 01/25/2023 - 02:14:36: [basecommands.smx] "Console<0><Console><Console>" changed cvar (cvar "sv_forcepreload") (value "1")
L 01/25/2023 - 02:14:36: [basecommands.smx] "Console<0><Console><Console>" changed cvar (cvar "sv_client_predict") (value "1")
L 01/25/2023 - 02:14:36: [basecommands.smx] "Console<0><Console><Console>" changed cvar (cvar "sv_client_cmdrate_difference") (value "0")
L 01/25/2023 - 02:14:36: [basecommands.smx] "Console<0><Console><Console>" changed cvar (cvar "sv_max_queries_sec_global") (value "10")
L 01/25/2023 - 02:14:36: [basecommands.smx] "Console<0><Console><Console>" changed cvar (cvar "sv_max_queries_sec") (value "3")
L 01/25/2023 - 02:14:36: [basecommands.smx] "Console<0><Console><Console>" changed cvar (cvar "sv_max_queries_window") (value "10")
L 01/25/2023 - 02:14:36: [basecommands.smx] "Console<0><Console><Console>" changed cvar (cvar "sv_player_stuck_tolerance") (value "5")
L 01/25/2023 - 02:14:36: [basecommands.smx] "Console<0><Console><Console>" changed cvar (cvar "sv_stats") (value "0")
L 01/25/2023 - 02:14:36: [basecommands.smx] "Console<0><Console><Console>" changed cvar (cvar "sv_clockcorrection_msecs") (value "25")
L 01/25/2023 - 02:14:36: [basecommands.smx] "Console<0><Console><Console>" changed cvar (cvar "sb_all_bot_game") (value "1")
L 01/25/2023 - 02:14:36: [basecommands.smx] "Console<0><Console><Console>" changed cvar (cvar "sv_allowupload") (value "0")
L 01/25/2023 - 02:14:36: [basecommands.smx] "Console<0><Console><Console>" changed cvar (cvar "sv_allowdownload") (value "0")
L 01/25/2023 - 02:14:36: [basecommands.smx] "Console<0><Console><Console>" changed cvar (cvar "decalfrequency") (value "1.0")
L 01/25/2023 - 02:14:37: [basecommands.smx] "Console<0><Console><Console>" changed cvar (cvar "mv_maxplayers") (value "12")
L 01/25/2023 - 02:14:37: [basecommands.smx] "Console<0><Console><Console>" changed cvar (cvar "sn_hostname_format") (value "{hostname} >> {gamemode}")
L 01/25/2023 - 02:14:37: [chat-processor.smx] Message formats generated for game 'left4dead2'.
L 01/25/2023 - 02:14:37: [chat-processor.smx] Successfully hooked a SayText2 chat hook.
L 01/25/2023 - 02:14:38: [optional/l4d2_saferoom_item_remove.smx] Removed 4 saferoom item(s) (start: 4; end: 0).
L 01/25/2023 - 02:15:40: [basecommands.smx] "Console<0><Console><Console>" changed cvar (cvar "l4d_infected_limit") (value "3")
L 01/25/2023 - 02:15:40: [basecommands.smx] "Console<0><Console><Console>" changed cvar (cvar "z_hunter_limit") (value "1")
L 01/25/2023 - 02:15:40: [basecommands.smx] "Console<0><Console><Console>" changed cvar (cvar "z_smoker_limit") (value "1")
L 01/25/2023 - 02:15:40: [basecommands.smx] "Console<0><Console><Console>" changed cvar (cvar "z_charger_limit") (value "1")
L 01/25/2023 - 02:15:40: [basecommands.smx] "Console<0><Console><Console>" changed cvar (cvar "z_jockey_limit") (value "1")
L 01/25/2023 - 02:15:40: [basecommands.smx] "Console<0><Console><Console>" changed cvar (cvar "z_boomer_limit") (value "1")
L 01/25/2023 - 02:15:43: [basecommands.smx] "Console<0><Console><Console>" changed cvar (cvar "versus_special_respawn_interval") (value "0")
L 01/25/2023 - 02:16:03: [basecommands.smx] "Console<0><Console><Console>" changed cvar (cvar "inf_SpawnDistanceMin") (value "250.0")
L 01/25/2023 - 02:17:23: [optional/l4d2_saferoom_item_remove.smx] Removed 4 saferoom item(s) (start: 4; end: 0).
L 01/25/2023 - 02:18:18: [basecommands.smx] "Console<0><Console><Console>" changed cvar (cvar "l4d_infected_limit") (value "2")
L 01/25/2023 - 02:18:18: [basecommands.smx] "Console<0><Console><Console>" changed cvar (cvar "z_hunter_limit") (value "1")
L 01/25/2023 - 02:18:18: [basecommands.smx] "Console<0><Console><Console>" changed cvar (cvar "z_smoker_limit") (value "1")
L 01/25/2023 - 02:18:18: [basecommands.smx] "Console<0><Console><Console>" changed cvar (cvar "z_charger_limit") (value "1")
L 01/25/2023 - 02:18:18: [basecommands.smx] "Console<0><Console><Console>" changed cvar (cvar "z_jockey_limit") (value "1")
L 01/25/2023 - 02:18:18: [basecommands.smx] "Console<0><Console><Console>" changed cvar (cvar "z_boomer_limit") (value "1")
L 01/25/2023 - 02:18:24: [optional/l4d2_saferoom_item_remove.smx] Removed 4 saferoom item(s) (start: 4; end: 0).
L 01/25/2023 - 02:21:52: [optional/l4d2_saferoom_item_remove.smx] Removed 4 saferoom item(s) (start: 4; end: 0).
L 01/25/2023 - 02:22:05: [basecommands.smx] "Console<0><Console><Console>" changed cvar (cvar "ZonemodWeapon") (value "0")
L 01/25/2023 - 02:23:38: [optional/l4d2_saferoom_item_remove.smx] Removed 4 saferoom item(s) (start: 4; end: 0).
L 01/25/2023 - 02:25:56: [optional/l4d2_saferoom_item_remove.smx] Removed 4 saferoom item(s) (start: 4; end: 0).
L 01/25/2023 - 02:27:37: [optional/l4d2_saferoom_item_remove.smx] Removed 4 saferoom item(s) (start: 4; end: 0).
L 01/25/2023 - 02:29:30: [optional/l4d2_saferoom_item_remove.smx] Removed 4 saferoom item(s) (start: 4; end: 0).
L 01/25/2023 - 02:30:35: [optional/l4d2_skill_detect.smx] Witch Crown Check: crown shot: 78, harrassed: 1 (full health: 1000 / drawthresh: 500 / oneshot 0)
L 01/25/2023 - 02:33:00: [optional/l4d2_saferoom_item_remove.smx] Removed 4 saferoom item(s) (start: 4; end: 0).
L 01/25/2023 - 02:34:32: [optional/l4d2_saferoom_item_remove.smx] Removed 4 saferoom item(s) (start: 4; end: 0).
L 01/25/2023 - 02:36:12: [optional/l4d2_saferoom_item_remove.smx] Removed 4 saferoom item(s) (start: 4; end: 0).
L 01/25/2023 - 02:38:17: [optional/l4d2_saferoom_item_remove.smx] Removed 4 saferoom item(s) (start: 4; end: 0).
L 01/25/2023 - 02:38:51: SourceMod log file session started (file "/root/Steam/steamapps/common/Left 4 Dead 2 Dedicated Server/left4dead2/addons/sourcemod2/logs/L20230125.log") (Version "1.11.0.6825")
L 01/25/2023 - 02:38:51: [GEOIP] GeoIP2 database loaded: GeoLite2-City (2019-12-17 20:01:26 UTC)
L 01/25/2023 - 02:38:51: [GEOIP] GeoIP2 supported languages: de en es fr ja pt-BR ru zh-CN
L 01/25/2023 - 02:38:55: [basecommands.smx] "Console<0><Console><Console>" changed cvar (cvar "sv_minrate") (value "100000")
L 01/25/2023 - 02:38:55: [basecommands.smx] "Console<0><Console><Console>" changed cvar (cvar "sv_maxrate") (value "100000")
L 01/25/2023 - 02:38:55: [basecommands.smx] "Console<0><Console><Console>" changed cvar (cvar "sv_minupdaterate") (value "100")
L 01/25/2023 - 02:38:55: [basecommands.smx] "Console<0><Console><Console>" changed cvar (cvar "sv_maxupdaterate") (value "100")
L 01/25/2023 - 02:38:55: [basecommands.smx] "Console<0><Console><Console>" changed cvar (cvar "sv_mincmdrate") (value "100")
L 01/25/2023 - 02:38:55: [basecommands.smx] "Console<0><Console><Console>" changed cvar (cvar "sv_maxcmdrate") (value "100")
L 01/25/2023 - 02:38:55: [basecommands.smx] "Console<0><Console><Console>" changed cvar (cvar "sv_client_min_interp_ratio") (value "-1")
L 01/25/2023 - 02:38:55: [basecommands.smx] "Console<0><Console><Console>" changed cvar (cvar "sv_client_max_interp_ratio") (value "0")
L 01/25/2023 - 02:38:55: [basecommands.smx] "Console<0><Console><Console>" changed cvar (cvar "nb_update_frequency") (value "0.014")
L 01/25/2023 - 02:38:55: [basecommands.smx] "Console<0><Console><Console>" changed cvar (cvar "net_splitpacket_maxrate") (value "50000")
L 01/25/2023 - 02:38:55: [basecommands.smx] "Console<0><Console><Console>" changed cvar (cvar "fps_max") (value "0")
L 01/25/2023 - 02:38:55: [basecommands.smx] "Console<0><Console><Console>" changed cvar (cvar "sv_allow_wait_command") (value "0")
L 01/25/2023 - 02:38:55: [basecommands.smx] "Console<0><Console><Console>" changed cvar (cvar "tick_door_speed") (value "1.3")
L 01/25/2023 - 02:38:55: [basecommands.smx] "Console<0><Console><Console>" changed cvar (cvar "mp_autoteambalance") (value "0")
L 01/25/2023 - 02:38:55: [basecommands.smx] "Console<0><Console><Console>" changed cvar (cvar "sv_unlag_fixstuck") (value "1")
L 01/25/2023 - 02:38:55: [basecommands.smx] "Console<0><Console><Console>" changed cvar (cvar "z_brawl_chance") (value "0")
L 01/25/2023 - 02:38:55: [basecommands.smx] "Console<0><Console><Console>" changed cvar (cvar "sv_maxunlag") (value "1")
L 01/25/2023 - 02:38:55: [basecommands.smx] "Console<0><Console><Console>" changed cvar (cvar "sv_forcepreload") (value "1")
L 01/25/2023 - 02:38:55: [basecommands.smx] "Console<0><Console><Console>" changed cvar (cvar "sv_client_predict") (value "1")
L 01/25/2023 - 02:38:55: [basecommands.smx] "Console<0><Console><Console>" changed cvar (cvar "sv_client_cmdrate_difference") (value "0")
L 01/25/2023 - 02:38:55: [basecommands.smx] "Console<0><Console><Console>" changed cvar (cvar "sv_max_queries_sec_global") (value "10")
L 01/25/2023 - 02:38:55: [basecommands.smx] "Console<0><Console><Console>" changed cvar (cvar "sv_max_queries_sec") (value "3")
L 01/25/2023 - 02:38:55: [basecommands.smx] "Console<0><Console><Console>" changed cvar (cvar "sv_max_queries_window") (value "10")
L 01/25/2023 - 02:38:55: [basecommands.smx] "Console<0><Console><Console>" changed cvar (cvar "sv_player_stuck_tolerance") (value "5")
L 01/25/2023 - 02:38:55: [basecommands.smx] "Console<0><Console><Console>" changed cvar (cvar "sv_stats") (value "0")
L 01/25/2023 - 02:38:55: [basecommands.smx] "Console<0><Console><Console>" changed cvar (cvar "sv_clockcorrection_msecs") (value "25")
L 01/25/2023 - 02:38:55: [basecommands.smx] "Console<0><Console><Console>" changed cvar (cvar "sb_all_bot_game") (value "1")
L 01/25/2023 - 02:38:55: [basecommands.smx] "Console<0><Console><Console>" changed cvar (cvar "sv_allowupload") (value "0")
L 01/25/2023 - 02:38:55: [basecommands.smx] "Console<0><Console><Console>" changed cvar (cvar "sv_allowdownload") (value "0")
L 01/25/2023 - 02:38:55: [basecommands.smx] "Console<0><Console><Console>" changed cvar (cvar "decalfrequency") (value "1.0")
L 01/25/2023 - 02:38:55: [basecommands.smx] "Console<0><Console><Console>" changed cvar (cvar "mv_maxplayers") (value "12")
L 01/25/2023 - 02:38:55: [basecommands.smx] "Console<0><Console><Console>" changed cvar (cvar "sn_hostname_format") (value "{hostname} >> {gamemode}")
L 01/25/2023 - 02:38:55: [chat-processor.smx] Message formats generated for game 'left4dead2'.
L 01/25/2023 - 02:38:55: [chat-processor.smx] Successfully hooked a SayText2 chat hook.
L 01/25/2023 - 14:33:58: [optional/AnneHappy/servercleanup.smx] Deleted file "logs/L127_000_000_001_23333_202301172337_000.log"
L 01/25/2023 - 14:33:58: [optional/AnneHappy/servercleanup.smx] Deleted file "logs/L127_000_000_001_23333_202301181011_000.log"
L 01/25/2023 - 14:33:58: [optional/AnneHappy/servercleanup.smx] Deleted file "logs/L127_000_000_001_23333_202301180956_000.log"
L 01/25/2023 - 14:33:58: [optional/AnneHappy/servercleanup.smx] Deleted file "logs/L000_000_000_000_0_202301181017_000.log"
L 01/25/2023 - 14:33:58: [optional/AnneHappy/servercleanup.smx] Deleted file "logs/L127_000_000_001_23333_202301181005_000.log"
L 01/25/2023 - 14:33:58: [optional/AnneHappy/servercleanup.smx] Deleted file "logs/L127_000_000_001_23333_202301180955_000.log"
L 01/25/2023 - 14:33:58: [optional/AnneHappy/servercleanup.smx] Deleted file "addons/sourcemod2/logs/L20230117.log"
L 01/25/2023 - 14:33:58: [confoglcompmod.smx] [PasswordSystem] Set password on 针叶猪猪林, password 
L 01/25/2023 - 14:33:58: [basecommands.smx] "Console<0><Console><Console>" changed cvar (cvar "stripper_cfg_path") (value "cfg/stripper/zonemod_anne")
L 01/25/2023 - 14:33:58: [basecommands.smx] "Console<0><Console><Console>" changed cvar (cvar "z_gun_swing_vs_min_penalty") (value "1")
L 01/25/2023 - 14:33:58: [basecommands.smx] "Console<0><Console><Console>" changed cvar (cvar "z_gun_swing_coop_min_penalty") (value "1")
L 01/25/2023 - 14:33:58: [basecommands.smx] "Console<0><Console><Console>" changed cvar (cvar "z_gun_swing_vs_max_penalty") (value "4")
L 01/25/2023 - 14:33:58: [basecommands.smx] "Console<0><Console><Console>" changed cvar (cvar "z_gun_swing_coop_max_penalty") (value "4")
L 01/25/2023 - 14:33:58: [basecommands.smx] "Console<0><Console><Console>" changed cvar (cvar "versus_special_respawn_interval") (value "16")
L 01/25/2023 - 14:33:58: [basecommands.smx] "Console<0><Console><Console>" changed cvar (cvar "l4d_infected_limit") (value "2")
L 01/25/2023 - 14:33:58: [basecommands.smx] "Console<0><Console><Console>" changed cvar (cvar "z_hunter_limit") (value "1")
L 01/25/2023 - 14:33:58: [basecommands.smx] "Console<0><Console><Console>" changed cvar (cvar "z_smoker_limit") (value "1")
L 01/25/2023 - 14:33:58: [basecommands.smx] "Console<0><Console><Console>" changed cvar (cvar "z_charger_limit") (value "1")
L 01/25/2023 - 14:33:58: [basecommands.smx] "Console<0><Console><Console>" changed cvar (cvar "z_jockey_limit") (value "1")
L 01/25/2023 - 14:33:58: [basecommands.smx] "Console<0><Console><Console>" changed cvar (cvar "z_boomer_limit") (value "1")
L 01/25/2023 - 14:33:58: [basecommands.smx] "Console<0><Console><Console>" changed cvar (cvar "inf_SpawnDistanceMin") (value "600")
L 01/25/2023 - 14:33:58: [basecommands.smx] "Console<0><Console><Console>" changed cvar (cvar "AnnePluginVersion") (value "2023-01")
L 01/25/2023 - 14:33:58: [basecommands.smx] "Console<0><Console><Console>" changed cvar (cvar "inf_EnableAutoSpawnTime") (value "1")
L 01/25/2023 - 14:33:58: [basecommands.smx] "Console<0><Console><Console>" changed cvar (cvar "z_acquire_far_time") (value "5.0")
L 01/25/2023 - 14:33:58: [basecommands.smx] "Console<0><Console><Console>" changed cvar (cvar "z_acquire_near_time") (value "0.5")
L 01/25/2023 - 14:33:58: [basecommands.smx] "Console<0><Console><Console>" changed cvar (cvar "hunter_pounce_air_speed") (value "700")
L 01/25/2023 - 14:33:58: [basecommands.smx] "Console<0><Console><Console>" changed cvar (cvar "jockey_pounce_air_speed") (value "700")
L 01/25/2023 - 14:33:58: [basecommands.smx] "Console<0><Console><Console>" changed cvar (cvar "z_spit_latency") (value "0.3")
L 01/25/2023 - 14:33:58: [basecommands.smx] "Console<0><Console><Console>" changed cvar (cvar "inf_TeleportCheckTime") (value "5")
L 01/25/2023 - 14:33:58: [basecommands.smx] "Console<0><Console><Console>" changed cvar (cvar "inf_TeleportCheckTime") (value "3")
L 01/25/2023 - 14:33:58: [basecommands.smx] "Console<0><Console><Console>" changed cvar (cvar "l4d_ready_cfg_name") (value "1vHunters 1.0")
L 01/25/2023 - 14:33:58: [basecommands.smx] "Console<0><Console><Console>" changed cvar (cvar "ZonemodWeapon") (value "2")
L 01/25/2023 - 14:33:58: [basecommands.smx] "Console<0><Console><Console>" changed cvar (cvar "confogl_match_execcfg_plugins") (value "generalfixes2.cfg;confogl_plugins.cfg;sharedplugins2.cfg")
L 01/25/2023 - 14:33:58: [basecommands.smx] "Console<0><Console><Console>" changed cvar (cvar "l4d2_addons_eclipse") (value "1")
L 01/25/2023 - 14:33:58: [basecommands.smx] "Console<0><Console><Console>" changed cvar (cvar "sv_minrate") (value "100000")
L 01/25/2023 - 14:33:58: [basecommands.smx] "Console<0><Console><Console>" changed cvar (cvar "sv_maxrate") (value "100000")
L 01/25/2023 - 14:33:58: [basecommands.smx] "Console<0><Console><Console>" changed cvar (cvar "sv_minupdaterate") (value "100")
L 01/25/2023 - 14:33:58: [basecommands.smx] "Console<0><Console><Console>" changed cvar (cvar "sv_maxupdaterate") (value "100")
L 01/25/2023 - 14:33:58: [basecommands.smx] "Console<0><Console><Console>" changed cvar (cvar "sv_mincmdrate") (value "100")
L 01/25/2023 - 14:33:58: [basecommands.smx] "Console<0><Console><Console>" changed cvar (cvar "sv_maxcmdrate") (value "100")
L 01/25/2023 - 14:33:58: [basecommands.smx] "Console<0><Console><Console>" changed cvar (cvar "sv_client_min_interp_ratio") (value "-1")
L 01/25/2023 - 14:33:58: [basecommands.smx] "Console<0><Console><Console>" changed cvar (cvar "sv_client_max_interp_ratio") (value "0")
L 01/25/2023 - 14:33:58: [basecommands.smx] "Console<0><Console><Console>" changed cvar (cvar "nb_update_frequency") (value "0.014")
L 01/25/2023 - 14:33:58: [basecommands.smx] "Console<0><Console><Console>" changed cvar (cvar "net_splitrate") (value "2")
L 01/25/2023 - 14:33:58: [basecommands.smx] "Console<0><Console><Console>" changed cvar (cvar "net_splitpacket_maxrate") (value "60000")
L 01/25/2023 - 14:33:58: [basecommands.smx] "Console<0><Console><Console>" changed cvar (cvar "fps_max") (value "150")
L 01/25/2023 - 14:33:58: [basecommands.smx] "Console<0><Console><Console>" changed cvar (cvar "net_maxcleartime") (value "0.0001")
L 01/25/2023 - 14:33:58: [basecommands.smx] "Console<0><Console><Console>" changed cvar (cvar "tick_door_speed") (value "1.3")
L 01/25/2023 - 14:33:58: [basecommands.smx] "Console<0><Console><Console>" changed cvar (cvar "mv_maxplayers") (value "8")
L 01/25/2023 - 14:33:58: [basecommands.smx] "Console<0><Console><Console>" changed cvar (cvar "mp_autoteambalance") (value "0")
L 01/25/2023 - 14:33:58: [basecommands.smx] "Console<0><Console><Console>" changed cvar (cvar "sv_unlag_fixstuck") (value "1")
L 01/25/2023 - 14:33:58: [basecommands.smx] "Console<0><Console><Console>" changed cvar (cvar "z_brawl_chance") (value "0")
L 01/25/2023 - 14:33:58: [basecommands.smx] "Console<0><Console><Console>" changed cvar (cvar "sv_maxunlag") (value "1")
L 01/25/2023 - 14:33:58: [basecommands.smx] "Console<0><Console><Console>" changed cvar (cvar "sv_forcepreload") (value "1")
L 01/25/2023 - 14:33:58: [basecommands.smx] "Console<0><Console><Console>" changed cvar (cvar "sv_client_predict") (value "1")
L 01/25/2023 - 14:33:58: [basecommands.smx] "Console<0><Console><Console>" changed cvar (cvar "sv_client_cmdrate_difference") (value "0")
L 01/25/2023 - 14:33:58: [basecommands.smx] "Console<0><Console><Console>" changed cvar (cvar "sv_max_queries_sec_global") (value "10")
L 01/25/2023 - 14:33:58: [basecommands.smx] "Console<0><Console><Console>" changed cvar (cvar "sv_max_queries_sec") (value "3")
L 01/25/2023 - 14:33:58: [basecommands.smx] "Console<0><Console><Console>" changed cvar (cvar "sv_max_queries_window") (value "10")
L 01/25/2023 - 14:33:58: [basecommands.smx] "Console<0><Console><Console>" changed cvar (cvar "sv_player_stuck_tolerance") (value "5")
L 01/25/2023 - 14:33:58: [basecommands.smx] "Console<0><Console><Console>" changed cvar (cvar "sv_stats") (value "0")
L 01/25/2023 - 14:33:58: [basecommands.smx] "Console<0><Console><Console>" changed cvar (cvar "sv_clockcorrection_msecs") (value "25")
L 01/25/2023 - 14:33:58: [basecommands.smx] "Console<0><Console><Console>" changed cvar (cvar "sv_allowupload") (value "0")
L 01/25/2023 - 14:33:58: [basecommands.smx] "Console<0><Console><Console>" changed cvar (cvar "sv_allowdownload") (value "0")
L 01/25/2023 - 14:33:58: [basecommands.smx] "Console<0><Console><Console>" changed cvar (cvar "sb_all_bot_game") (value "1")
L 01/25/2023 - 14:33:58: [basecommands.smx] "Console<0><Console><Console>" changed cvar (cvar "decalfrequency") (value "1.0")
L 01/25/2023 - 14:33:58: [chat-processor.smx] Message formats generated for game 'left4dead2'.
L 01/25/2023 - 14:33:58: [chat-processor.smx] Successfully hooked a SayText2 chat hook.
L 01/25/2023 - 14:34:01: -------- Mapchange to c2m1_highway --------
L 01/25/2023 - 14:34:03: [basecommands.smx] "Console<0><Console><Console>" changed cvar (cvar "sv_minrate") (value "100000")
L 01/25/2023 - 14:34:03: [basecommands.smx] "Console<0><Console><Console>" changed cvar (cvar "sv_maxrate") (value "100000")
L 01/25/2023 - 14:34:03: [basecommands.smx] "Console<0><Console><Console>" changed cvar (cvar "sv_minupdaterate") (value "100")
L 01/25/2023 - 14:34:03: [basecommands.smx] "Console<0><Console><Console>" changed cvar (cvar "sv_maxupdaterate") (value "100")
L 01/25/2023 - 14:34:03: [basecommands.smx] "Console<0><Console><Console>" changed cvar (cvar "sv_mincmdrate") (value "100")
L 01/25/2023 - 14:34:03: [basecommands.smx] "Console<0><Console><Console>" changed cvar (cvar "sv_maxcmdrate") (value "100")
L 01/25/2023 - 14:34:03: [basecommands.smx] "Console<0><Console><Console>" changed cvar (cvar "sv_client_min_interp_ratio") (value "-1")
L 01/25/2023 - 14:34:03: [basecommands.smx] "Console<0><Console><Console>" changed cvar (cvar "sv_client_max_interp_ratio") (value "0")
L 01/25/2023 - 14:34:03: [basecommands.smx] "Console<0><Console><Console>" changed cvar (cvar "nb_update_frequency") (value "0.014")
L 01/25/2023 - 14:34:03: [basecommands.smx] "Console<0><Console><Console>" changed cvar (cvar "net_splitpacket_maxrate") (value "50000")
L 01/25/2023 - 14:34:03: [basecommands.smx] "Console<0><Console><Console>" changed cvar (cvar "fps_max") (value "0")
L 01/25/2023 - 14:34:03: [basecommands.smx] "Console<0><Console><Console>" changed cvar (cvar "sv_allow_wait_command") (value "0")
L 01/25/2023 - 14:34:03: [basecommands.smx] "Console<0><Console><Console>" changed cvar (cvar "tick_door_speed") (value "1.3")
L 01/25/2023 - 14:34:03: [basecommands.smx] "Console<0><Console><Console>" changed cvar (cvar "mp_autoteambalance") (value "0")
L 01/25/2023 - 14:34:03: [basecommands.smx] "Console<0><Console><Console>" changed cvar (cvar "sv_unlag_fixstuck") (value "1")
L 01/25/2023 - 14:34:03: [basecommands.smx] "Console<0><Console><Console>" changed cvar (cvar "z_brawl_chance") (value "0")
L 01/25/2023 - 14:34:03: [basecommands.smx] "Console<0><Console><Console>" changed cvar (cvar "sv_maxunlag") (value "1")
L 01/25/2023 - 14:34:03: [basecommands.smx] "Console<0><Console><Console>" changed cvar (cvar "sv_forcepreload") (value "1")
L 01/25/2023 - 14:34:03: [basecommands.smx] "Console<0><Console><Console>" changed cvar (cvar "sv_client_predict") (value "1")
L 01/25/2023 - 14:34:03: [basecommands.smx] "Console<0><Console><Console>" changed cvar (cvar "sv_client_cmdrate_difference") (value "0")
L 01/25/2023 - 14:34:03: [basecommands.smx] "Console<0><Console><Console>" changed cvar (cvar "sv_max_queries_sec_global") (value "10")
L 01/25/2023 - 14:34:03: [basecommands.smx] "Console<0><Console><Console>" changed cvar (cvar "sv_max_queries_sec") (value "3")
L 01/25/2023 - 14:34:03: [basecommands.smx] "Console<0><Console><Console>" changed cvar (cvar "sv_max_queries_window") (value "10")
L 01/25/2023 - 14:34:03: [basecommands.smx] "Console<0><Console><Console>" changed cvar (cvar "sv_player_stuck_tolerance") (value "5")
L 01/25/2023 - 14:34:03: [basecommands.smx] "Console<0><Console><Console>" changed cvar (cvar "sv_stats") (value "0")
L 01/25/2023 - 14:34:03: [basecommands.smx] "Console<0><Console><Console>" changed cvar (cvar "sv_clockcorrection_msecs") (value "25")
L 01/25/2023 - 14:34:03: [basecommands.smx] "Console<0><Console><Console>" changed cvar (cvar "sb_all_bot_game") (value "1")
L 01/25/2023 - 14:34:03: [basecommands.smx] "Console<0><Console><Console>" changed cvar (cvar "sv_allowupload") (value "0")
L 01/25/2023 - 14:34:03: [basecommands.smx] "Console<0><Console><Console>" changed cvar (cvar "sv_allowdownload") (value "0")
L 01/25/2023 - 14:34:03: [basecommands.smx] "Console<0><Console><Console>" changed cvar (cvar "decalfrequency") (value "1.0")
L 01/25/2023 - 14:34:03: [basecommands.smx] "Console<0><Console><Console>" changed cvar (cvar "mv_maxplayers") (value "12")
L 01/25/2023 - 14:34:03: [basecommands.smx] "Console<0><Console><Console>" changed cvar (cvar "sn_hostname_format") (value "{hostname} >> {gamemode}")
L 01/25/2023 - 14:34:04: [chat-processor.smx] Message formats generated for game 'left4dead2'.
L 01/25/2023 - 14:34:04: [chat-processor.smx] Successfully hooked a SayText2 chat hook.
L 01/25/2023 - 14:34:05: [optional/l4d2_saferoom_item_remove.smx] Removed 4 saferoom item(s) (start: 4; end: 0).
L 01/25/2023 - 14:34:45: [basecommands.smx] "Console<0><Console><Console>" changed cvar (cvar "l4d_infected_limit") (value "2")
L 01/25/2023 - 14:34:45: [basecommands.smx] "Console<0><Console><Console>" changed cvar (cvar "z_hunter_limit") (value "1")
L 01/25/2023 - 14:34:45: [basecommands.smx] "Console<0><Console><Console>" changed cvar (cvar "z_smoker_limit") (value "1")
L 01/25/2023 - 14:34:45: [basecommands.smx] "Console<0><Console><Console>" changed cvar (cvar "z_charger_limit") (value "1")
L 01/25/2023 - 14:34:45: [basecommands.smx] "Console<0><Console><Console>" changed cvar (cvar "z_jockey_limit") (value "1")
L 01/25/2023 - 14:34:45: [basecommands.smx] "Console<0><Console><Console>" changed cvar (cvar "z_boomer_limit") (value "1")
L 01/25/2023 - 14:34:48: [basecommands.smx] "Console<0><Console><Console>" changed cvar (cvar "versus_special_respawn_interval") (value "0")
L 01/25/2023 - 14:34:52: [basecommands.smx] "Console<0><Console><Console>" changed cvar (cvar "inf_TeleportCheckTime") (value "1")
L 01/25/2023 - 14:34:59: [basecommands.smx] "Console<0><Console><Console>" changed cvar (cvar "inf_SpawnDistanceMin") (value "250.0")
L 01/25/2023 - 14:36:36: [optional/l4d2_saferoom_item_remove.smx] Removed 4 saferoom item(s) (start: 4; end: 0).
L 01/25/2023 - 14:38:24: [optional/l4d2_saferoom_item_remove.smx] Removed 4 saferoom item(s) (start: 4; end: 0).
L 01/25/2023 - 14:39:14: SourceMod log file session started (file "/root/Steam/steamapps/common/Left 4 Dead 2 Dedicated Server/left4dead2/addons/sourcemod2/logs/L20230125.log") (Version "1.11.0.6825")
L 01/25/2023 - 14:39:14: [GEOIP] GeoIP2 database loaded: GeoLite2-City (2019-12-17 20:01:26 UTC)
L 01/25/2023 - 14:39:14: [GEOIP] GeoIP2 supported languages: de en es fr ja pt-BR ru zh-CN
L 01/25/2023 - 14:39:18: [basecommands.smx] "Console<0><Console><Console>" changed cvar (cvar "sv_minrate") (value "100000")
L 01/25/2023 - 14:39:18: [basecommands.smx] "Console<0><Console><Console>" changed cvar (cvar "sv_maxrate") (value "100000")
L 01/25/2023 - 14:39:18: [basecommands.smx] "Console<0><Console><Console>" changed cvar (cvar "sv_minupdaterate") (value "100")
L 01/25/2023 - 14:39:18: [basecommands.smx] "Console<0><Console><Console>" changed cvar (cvar "sv_maxupdaterate") (value "100")
L 01/25/2023 - 14:39:18: [basecommands.smx] "Console<0><Console><Console>" changed cvar (cvar "sv_mincmdrate") (value "100")
L 01/25/2023 - 14:39:18: [basecommands.smx] "Console<0><Console><Console>" changed cvar (cvar "sv_maxcmdrate") (value "100")
L 01/25/2023 - 14:39:18: [basecommands.smx] "Console<0><Console><Console>" changed cvar (cvar "sv_client_min_interp_ratio") (value "-1")
L 01/25/2023 - 14:39:18: [basecommands.smx] "Console<0><Console><Console>" changed cvar (cvar "sv_client_max_interp_ratio") (value "0")
L 01/25/2023 - 14:39:18: [basecommands.smx] "Console<0><Console><Console>" changed cvar (cvar "nb_update_frequency") (value "0.014")
L 01/25/2023 - 14:39:18: [basecommands.smx] "Console<0><Console><Console>" changed cvar (cvar "net_splitpacket_maxrate") (value "50000")
L 01/25/2023 - 14:39:18: [basecommands.smx] "Console<0><Console><Console>" changed cvar (cvar "fps_max") (value "0")
L 01/25/2023 - 14:39:18: [basecommands.smx] "Console<0><Console><Console>" changed cvar (cvar "sv_allow_wait_command") (value "0")
L 01/25/2023 - 14:39:18: [basecommands.smx] "Console<0><Console><Console>" changed cvar (cvar "tick_door_speed") (value "1.3")
L 01/25/2023 - 14:39:18: [basecommands.smx] "Console<0><Console><Console>" changed cvar (cvar "mp_autoteambalance") (value "0")
L 01/25/2023 - 14:39:18: [basecommands.smx] "Console<0><Console><Console>" changed cvar (cvar "sv_unlag_fixstuck") (value "1")
L 01/25/2023 - 14:39:18: [basecommands.smx] "Console<0><Console><Console>" changed cvar (cvar "z_brawl_chance") (value "0")
L 01/25/2023 - 14:39:18: [basecommands.smx] "Console<0><Console><Console>" changed cvar (cvar "sv_maxunlag") (value "1")
L 01/25/2023 - 14:39:18: [basecommands.smx] "Console<0><Console><Console>" changed cvar (cvar "sv_forcepreload") (value "1")
L 01/25/2023 - 14:39:18: [basecommands.smx] "Console<0><Console><Console>" changed cvar (cvar "sv_client_predict") (value "1")
L 01/25/2023 - 14:39:18: [basecommands.smx] "Console<0><Console><Console>" changed cvar (cvar "sv_client_cmdrate_difference") (value "0")
L 01/25/2023 - 14:39:18: [basecommands.smx] "Console<0><Console><Console>" changed cvar (cvar "sv_max_queries_sec_global") (value "10")
L 01/25/2023 - 14:39:18: [basecommands.smx] "Console<0><Console><Console>" changed cvar (cvar "sv_max_queries_sec") (value "3")
L 01/25/2023 - 14:39:18: [basecommands.smx] "Console<0><Console><Console>" changed cvar (cvar "sv_max_queries_window") (value "10")
L 01/25/2023 - 14:39:18: [basecommands.smx] "Console<0><Console><Console>" changed cvar (cvar "sv_player_stuck_tolerance") (value "5")
L 01/25/2023 - 14:39:18: [basecommands.smx] "Console<0><Console><Console>" changed cvar (cvar "sv_stats") (value "0")
L 01/25/2023 - 14:39:18: [basecommands.smx] "Console<0><Console><Console>" changed cvar (cvar "sv_clockcorrection_msecs") (value "25")
L 01/25/2023 - 14:39:18: [basecommands.smx] "Console<0><Console><Console>" changed cvar (cvar "sb_all_bot_game") (value "1")
L 01/25/2023 - 14:39:18: [basecommands.smx] "Console<0><Console><Console>" changed cvar (cvar "sv_allowupload") (value "0")
L 01/25/2023 - 14:39:18: [basecommands.smx] "Console<0><Console><Console>" changed cvar (cvar "sv_allowdownload") (value "0")
L 01/25/2023 - 14:39:18: [basecommands.smx] "Console<0><Console><Console>" changed cvar (cvar "decalfrequency") (value "1.0")
L 01/25/2023 - 14:39:18: [basecommands.smx] "Console<0><Console><Console>" changed cvar (cvar "mv_maxplayers") (value "12")
L 01/25/2023 - 14:39:18: [basecommands.smx] "Console<0><Console><Console>" changed cvar (cvar "sn_hostname_format") (value "{hostname} >> {gamemode}")
L 01/25/2023 - 14:39:19: [chat-processor.smx] Message formats generated for game 'left4dead2'.
L 01/25/2023 - 14:39:19: [chat-processor.smx] Successfully hooked a SayText2 chat hook.
L 01/25/2023 - 15:05:52: SourceMod log file session started (file "/root/Steam/steamapps/common/Left 4 Dead 2 Dedicated Server/left4dead2/addons/sourcemod2/logs/L20230125.log") (Version "1.11.0.6825")
L 01/25/2023 - 15:05:52: [GEOIP] GeoIP2 database loaded: GeoLite2-City (2019-12-17 20:01:26 UTC)
L 01/25/2023 - 15:05:52: [GEOIP] GeoIP2 supported languages: de en es fr ja pt-BR ru zh-CN
L 01/25/2023 - 15:05:56: [basecommands.smx] "Console<0><Console><Console>" changed cvar (cvar "sv_minrate") (value "100000")
L 01/25/2023 - 15:05:56: [basecommands.smx] "Console<0><Console><Console>" changed cvar (cvar "sv_maxrate") (value "100000")
L 01/25/2023 - 15:05:56: [basecommands.smx] "Console<0><Console><Console>" changed cvar (cvar "sv_minupdaterate") (value "100")
L 01/25/2023 - 15:05:56: [basecommands.smx] "Console<0><Console><Console>" changed cvar (cvar "sv_maxupdaterate") (value "100")
L 01/25/2023 - 15:05:56: [basecommands.smx] "Console<0><Console><Console>" changed cvar (cvar "sv_mincmdrate") (value "100")
L 01/25/2023 - 15:05:56: [basecommands.smx] "Console<0><Console><Console>" changed cvar (cvar "sv_maxcmdrate") (value "100")
L 01/25/2023 - 15:05:56: [basecommands.smx] "Console<0><Console><Console>" changed cvar (cvar "sv_client_min_interp_ratio") (value "-1")
L 01/25/2023 - 15:05:56: [basecommands.smx] "Console<0><Console><Console>" changed cvar (cvar "sv_client_max_interp_ratio") (value "0")
L 01/25/2023 - 15:05:56: [basecommands.smx] "Console<0><Console><Console>" changed cvar (cvar "nb_update_frequency") (value "0.014")
L 01/25/2023 - 15:05:56: [basecommands.smx] "Console<0><Console><Console>" changed cvar (cvar "net_splitpacket_maxrate") (value "50000")
L 01/25/2023 - 15:05:56: [basecommands.smx] "Console<0><Console><Console>" changed cvar (cvar "fps_max") (value "0")
L 01/25/2023 - 15:05:56: [basecommands.smx] "Console<0><Console><Console>" changed cvar (cvar "sv_allow_wait_command") (value "0")
L 01/25/2023 - 15:05:56: [basecommands.smx] "Console<0><Console><Console>" changed cvar (cvar "tick_door_speed") (value "1.3")
L 01/25/2023 - 15:05:56: [basecommands.smx] "Console<0><Console><Console>" changed cvar (cvar "mp_autoteambalance") (value "0")
L 01/25/2023 - 15:05:56: [basecommands.smx] "Console<0><Console><Console>" changed cvar (cvar "sv_unlag_fixstuck") (value "1")
L 01/25/2023 - 15:05:56: [basecommands.smx] "Console<0><Console><Console>" changed cvar (cvar "z_brawl_chance") (value "0")
L 01/25/2023 - 15:05:56: [basecommands.smx] "Console<0><Console><Console>" changed cvar (cvar "sv_maxunlag") (value "1")
L 01/25/2023 - 15:05:56: [basecommands.smx] "Console<0><Console><Console>" changed cvar (cvar "sv_forcepreload") (value "1")
L 01/25/2023 - 15:05:56: [basecommands.smx] "Console<0><Console><Console>" changed cvar (cvar "sv_client_predict") (value "1")
L 01/25/2023 - 15:05:56: [basecommands.smx] "Console<0><Console><Console>" changed cvar (cvar "sv_client_cmdrate_difference") (value "0")
L 01/25/2023 - 15:05:56: [basecommands.smx] "Console<0><Console><Console>" changed cvar (cvar "sv_max_queries_sec_global") (value "10")
L 01/25/2023 - 15:05:56: [basecommands.smx] "Console<0><Console><Console>" changed cvar (cvar "sv_max_queries_sec") (value "3")
L 01/25/2023 - 15:05:56: [basecommands.smx] "Console<0><Console><Console>" changed cvar (cvar "sv_max_queries_window") (value "10")
L 01/25/2023 - 15:05:56: [basecommands.smx] "Console<0><Console><Console>" changed cvar (cvar "sv_player_stuck_tolerance") (value "5")
L 01/25/2023 - 15:05:56: [basecommands.smx] "Console<0><Console><Console>" changed cvar (cvar "sv_stats") (value "0")
L 01/25/2023 - 15:05:56: [basecommands.smx] "Console<0><Console><Console>" changed cvar (cvar "sv_clockcorrection_msecs") (value "25")
L 01/25/2023 - 15:05:56: [basecommands.smx] "Console<0><Console><Console>" changed cvar (cvar "sb_all_bot_game") (value "1")
L 01/25/2023 - 15:05:56: [basecommands.smx] "Console<0><Console><Console>" changed cvar (cvar "sv_allowupload") (value "0")
L 01/25/2023 - 15:05:56: [basecommands.smx] "Console<0><Console><Console>" changed cvar (cvar "sv_allowdownload") (value "0")
L 01/25/2023 - 15:05:56: [basecommands.smx] "Console<0><Console><Console>" changed cvar (cvar "decalfrequency") (value "1.0")
L 01/25/2023 - 15:05:56: [basecommands.smx] "Console<0><Console><Console>" changed cvar (cvar "mv_maxplayers") (value "12")
L 01/25/2023 - 15:05:56: [basecommands.smx] "Console<0><Console><Console>" changed cvar (cvar "sn_hostname_format") (value "{hostname} >> {gamemode}")
L 01/25/2023 - 15:05:57: [chat-processor.smx] Message formats generated for game 'left4dead2'.
L 01/25/2023 - 15:05:57: [chat-processor.smx] Successfully hooked a SayText2 chat hook.
L 01/25/2023 - 16:43:55: SourceMod log file session started (file "/root/Steam/steamapps/common/Left 4 Dead 2 Dedicated Server/left4dead2/addons/sourcemod2/logs/L20230125.log") (Version "1.11.0.6825")
L 01/25/2023 - 16:43:55: [GEOIP] GeoIP2 database loaded: GeoLite2-City (2019-12-17 20:01:26 UTC)
L 01/25/2023 - 16:43:55: [GEOIP] GeoIP2 supported languages: de en es fr ja pt-BR ru zh-CN
L 01/25/2023 - 16:43:59: [basecommands.smx] "Console<0><Console><Console>" changed cvar (cvar "sv_minrate") (value "100000")
L 01/25/2023 - 16:43:59: [basecommands.smx] "Console<0><Console><Console>" changed cvar (cvar "sv_maxrate") (value "100000")
L 01/25/2023 - 16:43:59: [basecommands.smx] "Console<0><Console><Console>" changed cvar (cvar "sv_minupdaterate") (value "100")
L 01/25/2023 - 16:43:59: [basecommands.smx] "Console<0><Console><Console>" changed cvar (cvar "sv_maxupdaterate") (value "100")
L 01/25/2023 - 16:43:59: [basecommands.smx] "Console<0><Console><Console>" changed cvar (cvar "sv_mincmdrate") (value "100")
L 01/25/2023 - 16:43:59: [basecommands.smx] "Console<0><Console><Console>" changed cvar (cvar "sv_maxcmdrate") (value "100")
L 01/25/2023 - 16:43:59: [basecommands.smx] "Console<0><Console><Console>" changed cvar (cvar "sv_client_min_interp_ratio") (value "-1")
L 01/25/2023 - 16:43:59: [basecommands.smx] "Console<0><Console><Console>" changed cvar (cvar "sv_client_max_interp_ratio") (value "0")
L 01/25/2023 - 16:43:59: [basecommands.smx] "Console<0><Console><Console>" changed cvar (cvar "nb_update_frequency") (value "0.014")
L 01/25/2023 - 16:43:59: [basecommands.smx] "Console<0><Console><Console>" changed cvar (cvar "net_splitpacket_maxrate") (value "50000")
L 01/25/2023 - 16:43:59: [basecommands.smx] "Console<0><Console><Console>" changed cvar (cvar "fps_max") (value "0")
L 01/25/2023 - 16:43:59: [basecommands.smx] "Console<0><Console><Console>" changed cvar (cvar "sv_allow_wait_command") (value "0")
L 01/25/2023 - 16:43:59: [basecommands.smx] "Console<0><Console><Console>" changed cvar (cvar "tick_door_speed") (value "1.3")
L 01/25/2023 - 16:43:59: [basecommands.smx] "Console<0><Console><Console>" changed cvar (cvar "mp_autoteambalance") (value "0")
L 01/25/2023 - 16:43:59: [basecommands.smx] "Console<0><Console><Console>" changed cvar (cvar "sv_unlag_fixstuck") (value "1")
L 01/25/2023 - 16:43:59: [basecommands.smx] "Console<0><Console><Console>" changed cvar (cvar "z_brawl_chance") (value "0")
L 01/25/2023 - 16:43:59: [basecommands.smx] "Console<0><Console><Console>" changed cvar (cvar "sv_maxunlag") (value "1")
L 01/25/2023 - 16:43:59: [basecommands.smx] "Console<0><Console><Console>" changed cvar (cvar "sv_forcepreload") (value "1")
L 01/25/2023 - 16:43:59: [basecommands.smx] "Console<0><Console><Console>" changed cvar (cvar "sv_client_predict") (value "1")
L 01/25/2023 - 16:43:59: [basecommands.smx] "Console<0><Console><Console>" changed cvar (cvar "sv_client_cmdrate_difference") (value "0")
L 01/25/2023 - 16:43:59: [basecommands.smx] "Console<0><Console><Console>" changed cvar (cvar "sv_max_queries_sec_global") (value "10")
L 01/25/2023 - 16:43:59: [basecommands.smx] "Console<0><Console><Console>" changed cvar (cvar "sv_max_queries_sec") (value "3")
L 01/25/2023 - 16:43:59: [basecommands.smx] "Console<0><Console><Console>" changed cvar (cvar "sv_max_queries_window") (value "10")
L 01/25/2023 - 16:43:59: [basecommands.smx] "Console<0><Console><Console>" changed cvar (cvar "sv_player_stuck_tolerance") (value "5")
L 01/25/2023 - 16:43:59: [basecommands.smx] "Console<0><Console><Console>" changed cvar (cvar "sv_stats") (value "0")
L 01/25/2023 - 16:43:59: [basecommands.smx] "Console<0><Console><Console>" changed cvar (cvar "sv_clockcorrection_msecs") (value "25")
L 01/25/2023 - 16:43:59: [basecommands.smx] "Console<0><Console><Console>" changed cvar (cvar "sb_all_bot_game") (value "1")
L 01/25/2023 - 16:43:59: [basecommands.smx] "Console<0><Console><Console>" changed cvar (cvar "sv_allowupload") (value "0")
L 01/25/2023 - 16:43:59: [basecommands.smx] "Console<0><Console><Console>" changed cvar (cvar "sv_allowdownload") (value "0")
L 01/25/2023 - 16:43:59: [basecommands.smx] "Console<0><Console><Console>" changed cvar (cvar "decalfrequency") (value "1.0")
L 01/25/2023 - 16:43:59: [basecommands.smx] "Console<0><Console><Console>" changed cvar (cvar "mv_maxplayers") (value "12")
L 01/25/2023 - 16:43:59: [basecommands.smx] "Console<0><Console><Console>" changed cvar (cvar "sn_hostname_format") (value "{hostname} >> {gamemode}")
L 01/25/2023 - 16:44:00: [chat-processor.smx] Message formats generated for game 'left4dead2'.
L 01/25/2023 - 16:44:00: [chat-processor.smx] Successfully hooked a SayText2 chat hook.
L 01/25/2023 - 16:49:00: SourceMod log file session started (file "/root/Steam/steamapps/common/Left 4 Dead 2 Dedicated Server/left4dead2/addons/sourcemod2/logs/L20230125.log") (Version "1.11.0.6825")
L 01/25/2023 - 16:49:00: [GEOIP] GeoIP2 database loaded: GeoLite2-City (2019-12-17 20:01:26 UTC)
L 01/25/2023 - 16:49:00: [GEOIP] GeoIP2 supported languages: de en es fr ja pt-BR ru zh-CN
L 01/25/2023 - 16:49:04: [basecommands.smx] "Console<0><Console><Console>" changed cvar (cvar "sv_minrate") (value "100000")
L 01/25/2023 - 16:49:04: [basecommands.smx] "Console<0><Console><Console>" changed cvar (cvar "sv_maxrate") (value "100000")
L 01/25/2023 - 16:49:04: [basecommands.smx] "Console<0><Console><Console>" changed cvar (cvar "sv_minupdaterate") (value "100")
L 01/25/2023 - 16:49:04: [basecommands.smx] "Console<0><Console><Console>" changed cvar (cvar "sv_maxupdaterate") (value "100")
L 01/25/2023 - 16:49:04: [basecommands.smx] "Console<0><Console><Console>" changed cvar (cvar "sv_mincmdrate") (value "100")
L 01/25/2023 - 16:49:04: [basecommands.smx] "Console<0><Console><Console>" changed cvar (cvar "sv_maxcmdrate") (value "100")
L 01/25/2023 - 16:49:04: [basecommands.smx] "Console<0><Console><Console>" changed cvar (cvar "sv_client_min_interp_ratio") (value "-1")
L 01/25/2023 - 16:49:04: [basecommands.smx] "Console<0><Console><Console>" changed cvar (cvar "sv_client_max_interp_ratio") (value "0")
L 01/25/2023 - 16:49:04: [basecommands.smx] "Console<0><Console><Console>" changed cvar (cvar "nb_update_frequency") (value "0.014")
L 01/25/2023 - 16:49:04: [basecommands.smx] "Console<0><Console><Console>" changed cvar (cvar "net_splitpacket_maxrate") (value "50000")
L 01/25/2023 - 16:49:04: [basecommands.smx] "Console<0><Console><Console>" changed cvar (cvar "fps_max") (value "0")
L 01/25/2023 - 16:49:04: [basecommands.smx] "Console<0><Console><Console>" changed cvar (cvar "sv_allow_wait_command") (value "0")
L 01/25/2023 - 16:49:04: [basecommands.smx] "Console<0><Console><Console>" changed cvar (cvar "tick_door_speed") (value "1.3")
L 01/25/2023 - 16:49:04: [basecommands.smx] "Console<0><Console><Console>" changed cvar (cvar "mp_autoteambalance") (value "0")
L 01/25/2023 - 16:49:04: [basecommands.smx] "Console<0><Console><Console>" changed cvar (cvar "sv_unlag_fixstuck") (value "1")
L 01/25/2023 - 16:49:04: [basecommands.smx] "Console<0><Console><Console>" changed cvar (cvar "z_brawl_chance") (value "0")
L 01/25/2023 - 16:49:04: [basecommands.smx] "Console<0><Console><Console>" changed cvar (cvar "sv_maxunlag") (value "1")
L 01/25/2023 - 16:49:04: [basecommands.smx] "Console<0><Console><Console>" changed cvar (cvar "sv_forcepreload") (value "1")
L 01/25/2023 - 16:49:04: [basecommands.smx] "Console<0><Console><Console>" changed cvar (cvar "sv_client_predict") (value "1")
L 01/25/2023 - 16:49:04: [basecommands.smx] "Console<0><Console><Console>" changed cvar (cvar "sv_client_cmdrate_difference") (value "0")
L 01/25/2023 - 16:49:04: [basecommands.smx] "Console<0><Console><Console>" changed cvar (cvar "sv_max_queries_sec_global") (value "10")
L 01/25/2023 - 16:49:04: [basecommands.smx] "Console<0><Console><Console>" changed cvar (cvar "sv_max_queries_sec") (value "3")
L 01/25/2023 - 16:49:04: [basecommands.smx] "Console<0><Console><Console>" changed cvar (cvar "sv_max_queries_window") (value "10")
L 01/25/2023 - 16:49:04: [basecommands.smx] "Console<0><Console><Console>" changed cvar (cvar "sv_player_stuck_tolerance") (value "5")
L 01/25/2023 - 16:49:04: [basecommands.smx] "Console<0><Console><Console>" changed cvar (cvar "sv_stats") (value "0")
L 01/25/2023 - 16:49:04: [basecommands.smx] "Console<0><Console><Console>" changed cvar (cvar "sv_clockcorrection_msecs") (value "25")
L 01/25/2023 - 16:49:04: [basecommands.smx] "Console<0><Console><Console>" changed cvar (cvar "sb_all_bot_game") (value "1")
L 01/25/2023 - 16:49:04: [basecommands.smx] "Console<0><Console><Console>" changed cvar (cvar "sv_allowupload") (value "0")
L 01/25/2023 - 16:49:04: [basecommands.smx] "Console<0><Console><Console>" changed cvar (cvar "sv_allowdownload") (value "0")
L 01/25/2023 - 16:49:04: [basecommands.smx] "Console<0><Console><Console>" changed cvar (cvar "decalfrequency") (value "1.0")
L 01/25/2023 - 16:49:04: [basecommands.smx] "Console<0><Console><Console>" changed cvar (cvar "mv_maxplayers") (value "12")
L 01/25/2023 - 16:49:04: [basecommands.smx] "Console<0><Console><Console>" changed cvar (cvar "sn_hostname_format") (value "{hostname} >> {gamemode}")
L 01/25/2023 - 16:49:04: [chat-processor.smx] Message formats generated for game 'left4dead2'.
L 01/25/2023 - 16:49:04: [chat-processor.smx] Successfully hooked a SayText2 chat hook.
L 01/25/2023 - 17:21:14: [optional/AnneHappy/servercleanup.smx] Deleted file "logs/L127_000_000_001_23333_202301181427_000.log"
L 01/25/2023 - 17:21:14: [optional/AnneHappy/servercleanup.smx] Deleted file "logs/L127_000_000_001_23333_202301181405_001.log"
L 01/25/2023 - 17:21:14: [optional/AnneHappy/servercleanup.smx] Deleted file "logs/L127_000_000_001_23333_202301181413_000.log"
L 01/25/2023 - 17:21:14: [optional/AnneHappy/servercleanup.smx] Deleted file "logs/L127_000_000_001_23333_202301181405_000.log"
L 01/25/2023 - 17:21:14: [optional/AnneHappy/servercleanup.smx] Deleted file "logs/L127_000_000_001_23333_202301181409_000.log"
L 01/25/2023 - 17:21:14: [optional/AnneHappy/servercleanup.smx] Deleted file "logs/L127_000_000_001_23333_202301181017_000.log"
L 01/25/2023 - 17:21:14: [optional/AnneHappy/servercleanup.smx] Deleted file "logs/L000_000_000_000_0_202301181435_000.log"
L 01/25/2023 - 17:21:14: [confoglcompmod.smx] [PasswordSystem] Set password on 无所谓 随便玩玩, password 
L 01/25/2023 - 17:21:14: [basecommands.smx] "Console<0><Console><Console>" changed cvar (cvar "stripper_cfg_path") (value "cfg/stripper/zonemod_anne")
L 01/25/2023 - 17:21:14: [basecommands.smx] "Console<0><Console><Console>" changed cvar (cvar "z_gun_swing_vs_min_penalty") (value "1")
L 01/25/2023 - 17:21:14: [basecommands.smx] "Console<0><Console><Console>" changed cvar (cvar "z_gun_swing_coop_min_penalty") (value "1")
L 01/25/2023 - 17:21:14: [basecommands.smx] "Console<0><Console><Console>" changed cvar (cvar "z_gun_swing_vs_max_penalty") (value "4")
L 01/25/2023 - 17:21:14: [basecommands.smx] "Console<0><Console><Console>" changed cvar (cvar "z_gun_swing_coop_max_penalty") (value "4")
L 01/25/2023 - 17:21:14: [basecommands.smx] "Console<0><Console><Console>" changed cvar (cvar "versus_special_respawn_interval") (value "16")
L 01/25/2023 - 17:21:14: [basecommands.smx] "Console<0><Console><Console>" changed cvar (cvar "l4d_infected_limit") (value "2")
L 01/25/2023 - 17:21:14: [basecommands.smx] "Console<0><Console><Console>" changed cvar (cvar "z_hunter_limit") (value "1")
L 01/25/2023 - 17:21:14: [basecommands.smx] "Console<0><Console><Console>" changed cvar (cvar "z_smoker_limit") (value "1")
L 01/25/2023 - 17:21:14: [basecommands.smx] "Console<0><Console><Console>" changed cvar (cvar "z_charger_limit") (value "1")
L 01/25/2023 - 17:21:14: [basecommands.smx] "Console<0><Console><Console>" changed cvar (cvar "z_jockey_limit") (value "1")
L 01/25/2023 - 17:21:14: [basecommands.smx] "Console<0><Console><Console>" changed cvar (cvar "z_boomer_limit") (value "1")
L 01/25/2023 - 17:21:14: [basecommands.smx] "Console<0><Console><Console>" changed cvar (cvar "inf_SpawnDistanceMin") (value "600")
L 01/25/2023 - 17:21:14: [basecommands.smx] "Console<0><Console><Console>" changed cvar (cvar "AnnePluginVersion") (value "2023-01")
L 01/25/2023 - 17:21:14: [basecommands.smx] "Console<0><Console><Console>" changed cvar (cvar "inf_EnableAutoSpawnTime") (value "1")
L 01/25/2023 - 17:21:14: [basecommands.smx] "Console<0><Console><Console>" changed cvar (cvar "z_acquire_far_time") (value "5.0")
L 01/25/2023 - 17:21:14: [basecommands.smx] "Console<0><Console><Console>" changed cvar (cvar "z_acquire_near_time") (value "0.5")
L 01/25/2023 - 17:21:14: [basecommands.smx] "Console<0><Console><Console>" changed cvar (cvar "hunter_pounce_air_speed") (value "700")
L 01/25/2023 - 17:21:14: [basecommands.smx] "Console<0><Console><Console>" changed cvar (cvar "jockey_pounce_air_speed") (value "700")
L 01/25/2023 - 17:21:14: [basecommands.smx] "Console<0><Console><Console>" changed cvar (cvar "z_spit_latency") (value "0.3")
L 01/25/2023 - 17:21:14: [basecommands.smx] "Console<0><Console><Console>" changed cvar (cvar "inf_TeleportCheckTime") (value "5")
L 01/25/2023 - 17:21:14: [basecommands.smx] "Console<0><Console><Console>" changed cvar (cvar "inf_TeleportCheckTime") (value "3")
L 01/25/2023 - 17:21:14: [basecommands.smx] "Console<0><Console><Console>" changed cvar (cvar "l4d_ready_cfg_name") (value "1vHunters 1.0")
L 01/25/2023 - 17:21:14: [basecommands.smx] "Console<0><Console><Console>" changed cvar (cvar "ZonemodWeapon") (value "2")
L 01/25/2023 - 17:21:14: [basecommands.smx] "Console<0><Console><Console>" changed cvar (cvar "confogl_match_execcfg_plugins") (value "generalfixes2.cfg;confogl_plugins.cfg;sharedplugins2.cfg")
L 01/25/2023 - 17:21:14: [basecommands.smx] "Console<0><Console><Console>" changed cvar (cvar "l4d2_addons_eclipse") (value "1")
L 01/25/2023 - 17:21:14: [basecommands.smx] "Console<0><Console><Console>" changed cvar (cvar "sv_minrate") (value "100000")
L 01/25/2023 - 17:21:14: [basecommands.smx] "Console<0><Console><Console>" changed cvar (cvar "sv_maxrate") (value "100000")
L 01/25/2023 - 17:21:14: [basecommands.smx] "Console<0><Console><Console>" changed cvar (cvar "sv_minupdaterate") (value "100")
L 01/25/2023 - 17:21:14: [basecommands.smx] "Console<0><Console><Console>" changed cvar (cvar "sv_maxupdaterate") (value "100")
L 01/25/2023 - 17:21:14: [basecommands.smx] "Console<0><Console><Console>" changed cvar (cvar "sv_mincmdrate") (value "100")
L 01/25/2023 - 17:21:14: [basecommands.smx] "Console<0><Console><Console>" changed cvar (cvar "sv_maxcmdrate") (value "100")
L 01/25/2023 - 17:21:14: [basecommands.smx] "Console<0><Console><Console>" changed cvar (cvar "sv_client_min_interp_ratio") (value "-1")
L 01/25/2023 - 17:21:14: [basecommands.smx] "Console<0><Console><Console>" changed cvar (cvar "sv_client_max_interp_ratio") (value "0")
L 01/25/2023 - 17:21:14: [basecommands.smx] "Console<0><Console><Console>" changed cvar (cvar "nb_update_frequency") (value "0.014")
L 01/25/2023 - 17:21:14: [basecommands.smx] "Console<0><Console><Console>" changed cvar (cvar "net_splitrate") (value "2")
L 01/25/2023 - 17:21:14: [basecommands.smx] "Console<0><Console><Console>" changed cvar (cvar "net_splitpacket_maxrate") (value "60000")
L 01/25/2023 - 17:21:14: [basecommands.smx] "Console<0><Console><Console>" changed cvar (cvar "fps_max") (value "150")
L 01/25/2023 - 17:21:14: [basecommands.smx] "Console<0><Console><Console>" changed cvar (cvar "net_maxcleartime") (value "0.0001")
L 01/25/2023 - 17:21:14: [basecommands.smx] "Console<0><Console><Console>" changed cvar (cvar "tick_door_speed") (value "1.3")
L 01/25/2023 - 17:21:14: [basecommands.smx] "Console<0><Console><Console>" changed cvar (cvar "mv_maxplayers") (value "8")
L 01/25/2023 - 17:21:14: [basecommands.smx] "Console<0><Console><Console>" changed cvar (cvar "mp_autoteambalance") (value "0")
L 01/25/2023 - 17:21:14: [basecommands.smx] "Console<0><Console><Console>" changed cvar (cvar "sv_unlag_fixstuck") (value "1")
L 01/25/2023 - 17:21:14: [basecommands.smx] "Console<0><Console><Console>" changed cvar (cvar "z_brawl_chance") (value "0")
L 01/25/2023 - 17:21:14: [basecommands.smx] "Console<0><Console><Console>" changed cvar (cvar "sv_maxunlag") (value "1")
L 01/25/2023 - 17:21:14: [basecommands.smx] "Console<0><Console><Console>" changed cvar (cvar "sv_forcepreload") (value "1")
L 01/25/2023 - 17:21:14: [basecommands.smx] "Console<0><Console><Console>" changed cvar (cvar "sv_client_predict") (value "1")
L 01/25/2023 - 17:21:14: [basecommands.smx] "Console<0><Console><Console>" changed cvar (cvar "sv_client_cmdrate_difference") (value "0")
L 01/25/2023 - 17:21:14: [basecommands.smx] "Console<0><Console><Console>" changed cvar (cvar "sv_max_queries_sec_global") (value "10")
L 01/25/2023 - 17:21:14: [basecommands.smx] "Console<0><Console><Console>" changed cvar (cvar "sv_max_queries_sec") (value "3")
L 01/25/2023 - 17:21:14: [basecommands.smx] "Console<0><Console><Console>" changed cvar (cvar "sv_max_queries_window") (value "10")
L 01/25/2023 - 17:21:14: [basecommands.smx] "Console<0><Console><Console>" changed cvar (cvar "sv_player_stuck_tolerance") (value "5")
L 01/25/2023 - 17:21:14: [basecommands.smx] "Console<0><Console><Console>" changed cvar (cvar "sv_stats") (value "0")
L 01/25/2023 - 17:21:14: [basecommands.smx] "Console<0><Console><Console>" changed cvar (cvar "sv_clockcorrection_msecs") (value "25")
L 01/25/2023 - 17:21:14: [basecommands.smx] "Console<0><Console><Console>" changed cvar (cvar "sv_allowupload") (value "0")
L 01/25/2023 - 17:21:14: [basecommands.smx] "Console<0><Console><Console>" changed cvar (cvar "sv_allowdownload") (value "0")
L 01/25/2023 - 17:21:14: [basecommands.smx] "Console<0><Console><Console>" changed cvar (cvar "sb_all_bot_game") (value "1")
L 01/25/2023 - 17:21:14: [basecommands.smx] "Console<0><Console><Console>" changed cvar (cvar "decalfrequency") (value "1.0")
L 01/25/2023 - 17:21:14: [chat-processor.smx] Message formats generated for game 'left4dead2'.
L 01/25/2023 - 17:21:14: [chat-processor.smx] Successfully hooked a SayText2 chat hook.
L 01/25/2023 - 17:21:17: -------- Mapchange to c2m1_highway --------
L 01/25/2023 - 17:21:19: [basecommands.smx] "Console<0><Console><Console>" changed cvar (cvar "sv_minrate") (value "100000")
L 01/25/2023 - 17:21:19: [basecommands.smx] "Console<0><Console><Console>" changed cvar (cvar "sv_maxrate") (value "100000")
L 01/25/2023 - 17:21:19: [basecommands.smx] "Console<0><Console><Console>" changed cvar (cvar "sv_minupdaterate") (value "100")
L 01/25/2023 - 17:21:19: [basecommands.smx] "Console<0><Console><Console>" changed cvar (cvar "sv_maxupdaterate") (value "100")
L 01/25/2023 - 17:21:19: [basecommands.smx] "Console<0><Console><Console>" changed cvar (cvar "sv_mincmdrate") (value "100")
L 01/25/2023 - 17:21:19: [basecommands.smx] "Console<0><Console><Console>" changed cvar (cvar "sv_maxcmdrate") (value "100")
L 01/25/2023 - 17:21:19: [basecommands.smx] "Console<0><Console><Console>" changed cvar (cvar "sv_client_min_interp_ratio") (value "-1")
L 01/25/2023 - 17:21:19: [basecommands.smx] "Console<0><Console><Console>" changed cvar (cvar "sv_client_max_interp_ratio") (value "0")
L 01/25/2023 - 17:21:19: [basecommands.smx] "Console<0><Console><Console>" changed cvar (cvar "nb_update_frequency") (value "0.014")
L 01/25/2023 - 17:21:19: [basecommands.smx] "Console<0><Console><Console>" changed cvar (cvar "net_splitpacket_maxrate") (value "50000")
L 01/25/2023 - 17:21:19: [basecommands.smx] "Console<0><Console><Console>" changed cvar (cvar "fps_max") (value "0")
L 01/25/2023 - 17:21:19: [basecommands.smx] "Console<0><Console><Console>" changed cvar (cvar "sv_allow_wait_command") (value "0")
L 01/25/2023 - 17:21:19: [basecommands.smx] "Console<0><Console><Console>" changed cvar (cvar "tick_door_speed") (value "1.3")
L 01/25/2023 - 17:21:19: [basecommands.smx] "Console<0><Console><Console>" changed cvar (cvar "mp_autoteambalance") (value "0")
L 01/25/2023 - 17:21:19: [basecommands.smx] "Console<0><Console><Console>" changed cvar (cvar "sv_unlag_fixstuck") (value "1")
L 01/25/2023 - 17:21:19: [basecommands.smx] "Console<0><Console><Console>" changed cvar (cvar "z_brawl_chance") (value "0")
L 01/25/2023 - 17:21:19: [basecommands.smx] "Console<0><Console><Console>" changed cvar (cvar "sv_maxunlag") (value "1")
L 01/25/2023 - 17:21:19: [basecommands.smx] "Console<0><Console><Console>" changed cvar (cvar "sv_forcepreload") (value "1")
L 01/25/2023 - 17:21:19: [basecommands.smx] "Console<0><Console><Console>" changed cvar (cvar "sv_client_predict") (value "1")
L 01/25/2023 - 17:21:19: [basecommands.smx] "Console<0><Console><Console>" changed cvar (cvar "sv_client_cmdrate_difference") (value "0")
L 01/25/2023 - 17:21:19: [basecommands.smx] "Console<0><Console><Console>" changed cvar (cvar "sv_max_queries_sec_global") (value "10")
L 01/25/2023 - 17:21:19: [basecommands.smx] "Console<0><Console><Console>" changed cvar (cvar "sv_max_queries_sec") (value "3")
L 01/25/2023 - 17:21:19: [basecommands.smx] "Console<0><Console><Console>" changed cvar (cvar "sv_max_queries_window") (value "10")
L 01/25/2023 - 17:21:19: [basecommands.smx] "Console<0><Console><Console>" changed cvar (cvar "sv_player_stuck_tolerance") (value "5")
L 01/25/2023 - 17:21:19: [basecommands.smx] "Console<0><Console><Console>" changed cvar (cvar "sv_stats") (value "0")
L 01/25/2023 - 17:21:19: [basecommands.smx] "Console<0><Console><Console>" changed cvar (cvar "sv_clockcorrection_msecs") (value "25")
L 01/25/2023 - 17:21:19: [basecommands.smx] "Console<0><Console><Console>" changed cvar (cvar "sb_all_bot_game") (value "1")
L 01/25/2023 - 17:21:19: [basecommands.smx] "Console<0><Console><Console>" changed cvar (cvar "sv_allowupload") (value "0")
L 01/25/2023 - 17:21:19: [basecommands.smx] "Console<0><Console><Console>" changed cvar (cvar "sv_allowdownload") (value "0")
L 01/25/2023 - 17:21:19: [basecommands.smx] "Console<0><Console><Console>" changed cvar (cvar "decalfrequency") (value "1.0")
L 01/25/2023 - 17:21:19: [basecommands.smx] "Console<0><Console><Console>" changed cvar (cvar "mv_maxplayers") (value "12")
L 01/25/2023 - 17:21:19: [basecommands.smx] "Console<0><Console><Console>" changed cvar (cvar "sn_hostname_format") (value "{hostname} >> {gamemode}")
L 01/25/2023 - 17:21:20: [chat-processor.smx] Message formats generated for game 'left4dead2'.
L 01/25/2023 - 17:21:20: [chat-processor.smx] Successfully hooked a SayText2 chat hook.
L 01/25/2023 - 17:21:21: [optional/l4d2_saferoom_item_remove.smx] Removed 4 saferoom item(s) (start: 4; end: 0).
L 01/25/2023 - 17:21:50: [basecommands.smx] "Console<0><Console><Console>" changed cvar (cvar "l4d_infected_limit") (value "2")
L 01/25/2023 - 17:21:50: [basecommands.smx] "Console<0><Console><Console>" changed cvar (cvar "z_hunter_limit") (value "1")
L 01/25/2023 - 17:21:50: [basecommands.smx] "Console<0><Console><Console>" changed cvar (cvar "z_smoker_limit") (value "1")
L 01/25/2023 - 17:21:50: [basecommands.smx] "Console<0><Console><Console>" changed cvar (cvar "z_charger_limit") (value "1")
L 01/25/2023 - 17:21:50: [basecommands.smx] "Console<0><Console><Console>" changed cvar (cvar "z_jockey_limit") (value "1")
L 01/25/2023 - 17:21:50: [basecommands.smx] "Console<0><Console><Console>" changed cvar (cvar "z_boomer_limit") (value "1")
L 01/25/2023 - 17:21:55: [basecommands.smx] "Console<0><Console><Console>" changed cvar (cvar "versus_special_respawn_interval") (value "0")
L 01/25/2023 - 17:22:01: [basecommands.smx] "Console<0><Console><Console>" changed cvar (cvar "inf_SpawnDistanceMin") (value "250.0")
L 01/25/2023 - 17:22:06: [basecommands.smx] "Console<0><Console><Console>" changed cvar (cvar "inf_TeleportCheckTime") (value "1")
L 01/25/2023 - 17:24:35: [optional/l4d2_saferoom_item_remove.smx] Removed 4 saferoom item(s) (start: 4; end: 0).
L 01/25/2023 - 17:27:05: [optional/l4d2_saferoom_item_remove.smx] Removed 4 saferoom item(s) (start: 4; end: 0).
L 01/25/2023 - 17:27:23: [basecommands.smx] "Console<0><Console><Console>" changed cvar (cvar "sv_allow_lobby_connect_only") (value "0")
L 01/25/2023 - 17:30:44: [optional/l4d2_saferoom_item_remove.smx] Removed 4 saferoom item(s) (start: 4; end: 0).
L 01/25/2023 - 17:33:59: [optional/l4d2_saferoom_item_remove.smx] Removed 4 saferoom item(s) (start: 4; end: 0).
L 01/25/2023 - 17:36:09: [optional/l4d2_saferoom_item_remove.smx] Removed 4 saferoom item(s) (start: 4; end: 0).
L 01/25/2023 - 17:38:45: [optional/l4d2_saferoom_item_remove.smx] Removed 4 saferoom item(s) (start: 4; end: 0).
L 01/25/2023 - 17:41:32: [optional/l4d2_saferoom_item_remove.smx] Removed 4 saferoom item(s) (start: 4; end: 0).
L 01/25/2023 - 17:43:07: [optional/l4d2_skill_detect.smx] Witch Crown Check: crown shot: 84, harrassed: 1 (full health: 1000 / drawthresh: 500 / oneshot 0)
L 01/25/2023 - 17:43:17: [optional/l4d2_saferoom_item_remove.smx] Removed 4 saferoom item(s) (start: 4; end: 0).
L 01/25/2023 - 17:45:00: [optional/l4d2_skill_detect.smx] Witch Crown Check: crown shot: 83, harrassed: 1 (full health: 1000 / drawthresh: 500 / oneshot 0)
L 01/25/2023 - 17:45:43: [optional/l4d2_saferoom_item_remove.smx] Removed 4 saferoom item(s) (start: 4; end: 0).
L 01/25/2023 - 17:46:37: [basecommands.smx] "Console<0><Console><Console>" changed cvar (cvar "sv_allow_lobby_connect_only") (value "0")
L 01/25/2023 - 17:48:24: [optional/l4d2_saferoom_item_remove.smx] Removed 4 saferoom item(s) (start: 4; end: 0).
L 01/25/2023 - 17:50:19: [optional/l4d2_saferoom_item_remove.smx] Removed 4 saferoom item(s) (start: 4; end: 0).
L 01/25/2023 - 17:51:34: SourceMod log file session started (file "/root/Steam/steamapps/common/Left 4 Dead 2 Dedicated Server/left4dead2/addons/sourcemod2/logs/L20230125.log") (Version "1.11.0.6825")
L 01/25/2023 - 17:51:34: [GEOIP] GeoIP2 database loaded: GeoLite2-City (2019-12-17 20:01:26 UTC)
L 01/25/2023 - 17:51:34: [GEOIP] GeoIP2 supported languages: de en es fr ja pt-BR ru zh-CN
L 01/25/2023 - 17:51:38: [basecommands.smx] "Console<0><Console><Console>" changed cvar (cvar "sv_minrate") (value "100000")
L 01/25/2023 - 17:51:38: [basecommands.smx] "Console<0><Console><Console>" changed cvar (cvar "sv_maxrate") (value "100000")
L 01/25/2023 - 17:51:38: [basecommands.smx] "Console<0><Console><Console>" changed cvar (cvar "sv_minupdaterate") (value "100")
L 01/25/2023 - 17:51:38: [basecommands.smx] "Console<0><Console><Console>" changed cvar (cvar "sv_maxupdaterate") (value "100")
L 01/25/2023 - 17:51:38: [basecommands.smx] "Console<0><Console><Console>" changed cvar (cvar "sv_mincmdrate") (value "100")
L 01/25/2023 - 17:51:38: [basecommands.smx] "Console<0><Console><Console>" changed cvar (cvar "sv_maxcmdrate") (value "100")
L 01/25/2023 - 17:51:38: [basecommands.smx] "Console<0><Console><Console>" changed cvar (cvar "sv_client_min_interp_ratio") (value "-1")
L 01/25/2023 - 17:51:38: [basecommands.smx] "Console<0><Console><Console>" changed cvar (cvar "sv_client_max_interp_ratio") (value "0")
L 01/25/2023 - 17:51:38: [basecommands.smx] "Console<0><Console><Console>" changed cvar (cvar "nb_update_frequency") (value "0.014")
L 01/25/2023 - 17:51:38: [basecommands.smx] "Console<0><Console><Console>" changed cvar (cvar "net_splitpacket_maxrate") (value "50000")
L 01/25/2023 - 17:51:38: [basecommands.smx] "Console<0><Console><Console>" changed cvar (cvar "fps_max") (value "0")
L 01/25/2023 - 17:51:38: [basecommands.smx] "Console<0><Console><Console>" changed cvar (cvar "sv_allow_wait_command") (value "0")
L 01/25/2023 - 17:51:38: [basecommands.smx] "Console<0><Console><Console>" changed cvar (cvar "tick_door_speed") (value "1.3")
L 01/25/2023 - 17:51:38: [basecommands.smx] "Console<0><Console><Console>" changed cvar (cvar "mp_autoteambalance") (value "0")
L 01/25/2023 - 17:51:38: [basecommands.smx] "Console<0><Console><Console>" changed cvar (cvar "sv_unlag_fixstuck") (value "1")
L 01/25/2023 - 17:51:38: [basecommands.smx] "Console<0><Console><Console>" changed cvar (cvar "z_brawl_chance") (value "0")
L 01/25/2023 - 17:51:38: [basecommands.smx] "Console<0><Console><Console>" changed cvar (cvar "sv_maxunlag") (value "1")
L 01/25/2023 - 17:51:38: [basecommands.smx] "Console<0><Console><Console>" changed cvar (cvar "sv_forcepreload") (value "1")
L 01/25/2023 - 17:51:38: [basecommands.smx] "Console<0><Console><Console>" changed cvar (cvar "sv_client_predict") (value "1")
L 01/25/2023 - 17:51:38: [basecommands.smx] "Console<0><Console><Console>" changed cvar (cvar "sv_client_cmdrate_difference") (value "0")
L 01/25/2023 - 17:51:38: [basecommands.smx] "Console<0><Console><Console>" changed cvar (cvar "sv_max_queries_sec_global") (value "10")
L 01/25/2023 - 17:51:38: [basecommands.smx] "Console<0><Console><Console>" changed cvar (cvar "sv_max_queries_sec") (value "3")
L 01/25/2023 - 17:51:38: [basecommands.smx] "Console<0><Console><Console>" changed cvar (cvar "sv_max_queries_window") (value "10")
L 01/25/2023 - 17:51:38: [basecommands.smx] "Console<0><Console><Console>" changed cvar (cvar "sv_player_stuck_tolerance") (value "5")
L 01/25/2023 - 17:51:38: [basecommands.smx] "Console<0><Console><Console>" changed cvar (cvar "sv_stats") (value "0")
L 01/25/2023 - 17:51:38: [basecommands.smx] "Console<0><Console><Console>" changed cvar (cvar "sv_clockcorrection_msecs") (value "25")
L 01/25/2023 - 17:51:38: [basecommands.smx] "Console<0><Console><Console>" changed cvar (cvar "sb_all_bot_game") (value "1")
L 01/25/2023 - 17:51:38: [basecommands.smx] "Console<0><Console><Console>" changed cvar (cvar "sv_allowupload") (value "0")
L 01/25/2023 - 17:51:38: [basecommands.smx] "Console<0><Console><Console>" changed cvar (cvar "sv_allowdownload") (value "0")
L 01/25/2023 - 17:51:38: [basecommands.smx] "Console<0><Console><Console>" changed cvar (cvar "decalfrequency") (value "1.0")
L 01/25/2023 - 17:51:38: [basecommands.smx] "Console<0><Console><Console>" changed cvar (cvar "mv_maxplayers") (value "12")
L 01/25/2023 - 17:51:38: [basecommands.smx] "Console<0><Console><Console>" changed cvar (cvar "sn_hostname_format") (value "{hostname} >> {gamemode}")
L 01/25/2023 - 17:51:38: [chat-processor.smx] Message formats generated for game 'left4dead2'.
L 01/25/2023 - 17:51:38: [chat-processor.smx] Successfully hooked a SayText2 chat hook.
L 01/26/2023 - 14:03:53: Log file closed.
