L 01/31/2023 - 09:22:45: SourceMod log file session started (file "/root/Steam/steamapps/common/Left 4 Dead 2 Dedicated Server/left4dead2/addons/sourcemod2/logs/L20230131.log") (Version "1.11.0.6825")
L 01/31/2023 - 09:22:45: -------- Mapchange to c2m1_highway --------
L 01/31/2023 - 09:22:47: [basecommands.smx] "Console<0><Console><Console>" changed cvar (cvar "sv_minrate") (value "100000")
L 01/31/2023 - 09:22:47: [basecommands.smx] "Console<0><Console><Console>" changed cvar (cvar "sv_maxrate") (value "100000")
L 01/31/2023 - 09:22:47: [basecommands.smx] "Console<0><Console><Console>" changed cvar (cvar "sv_minupdaterate") (value "100")
L 01/31/2023 - 09:22:47: [basecommands.smx] "Console<0><Console><Console>" changed cvar (cvar "sv_maxupdaterate") (value "100")
L 01/31/2023 - 09:22:47: [basecommands.smx] "Console<0><Console><Console>" changed cvar (cvar "sv_mincmdrate") (value "100")
L 01/31/2023 - 09:22:47: [basecommands.smx] "Console<0><Console><Console>" changed cvar (cvar "sv_maxcmdrate") (value "100")
L 01/31/2023 - 09:22:47: [basecommands.smx] "Console<0><Console><Console>" changed cvar (cvar "sv_client_min_interp_ratio") (value "-1")
L 01/31/2023 - 09:22:47: [basecommands.smx] "Console<0><Console><Console>" changed cvar (cvar "sv_client_max_interp_ratio") (value "0")
L 01/31/2023 - 09:22:47: [basecommands.smx] "Console<0><Console><Console>" changed cvar (cvar "nb_update_frequency") (value "0.014")
L 01/31/2023 - 09:22:47: [basecommands.smx] "Console<0><Console><Console>" changed cvar (cvar "net_splitpacket_maxrate") (value "50000")
L 01/31/2023 - 09:22:47: [basecommands.smx] "Console<0><Console><Console>" changed cvar (cvar "fps_max") (value "0")
L 01/31/2023 - 09:22:47: [basecommands.smx] "Console<0><Console><Console>" changed cvar (cvar "sv_allow_wait_command") (value "0")
L 01/31/2023 - 09:22:47: [basecommands.smx] "Console<0><Console><Console>" changed cvar (cvar "tick_door_speed") (value "1.3")
L 01/31/2023 - 09:22:47: [basecommands.smx] "Console<0><Console><Console>" changed cvar (cvar "mp_autoteambalance") (value "0")
L 01/31/2023 - 09:22:47: [basecommands.smx] "Console<0><Console><Console>" changed cvar (cvar "sv_unlag_fixstuck") (value "1")
L 01/31/2023 - 09:22:47: [basecommands.smx] "Console<0><Console><Console>" changed cvar (cvar "z_brawl_chance") (value "0")
L 01/31/2023 - 09:22:47: [basecommands.smx] "Console<0><Console><Console>" changed cvar (cvar "sv_maxunlag") (value "1")
L 01/31/2023 - 09:22:47: [basecommands.smx] "Console<0><Console><Console>" changed cvar (cvar "sv_forcepreload") (value "1")
L 01/31/2023 - 09:22:47: [basecommands.smx] "Console<0><Console><Console>" changed cvar (cvar "sv_client_predict") (value "1")
L 01/31/2023 - 09:22:47: [basecommands.smx] "Console<0><Console><Console>" changed cvar (cvar "sv_client_cmdrate_difference") (value "0")
L 01/31/2023 - 09:22:47: [basecommands.smx] "Console<0><Console><Console>" changed cvar (cvar "sv_max_queries_sec_global") (value "10")
L 01/31/2023 - 09:22:47: [basecommands.smx] "Console<0><Console><Console>" changed cvar (cvar "sv_max_queries_sec") (value "3")
L 01/31/2023 - 09:22:47: [basecommands.smx] "Console<0><Console><Console>" changed cvar (cvar "sv_max_queries_window") (value "10")
L 01/31/2023 - 09:22:47: [basecommands.smx] "Console<0><Console><Console>" changed cvar (cvar "sv_player_stuck_tolerance") (value "5")
L 01/31/2023 - 09:22:47: [basecommands.smx] "Console<0><Console><Console>" changed cvar (cvar "sv_stats") (value "0")
L 01/31/2023 - 09:22:47: [basecommands.smx] "Console<0><Console><Console>" changed cvar (cvar "sv_clockcorrection_msecs") (value "25")
L 01/31/2023 - 09:22:47: [basecommands.smx] "Console<0><Console><Console>" changed cvar (cvar "sb_all_bot_game") (value "1")
L 01/31/2023 - 09:22:47: [basecommands.smx] "Console<0><Console><Console>" changed cvar (cvar "sv_allowupload") (value "0")
L 01/31/2023 - 09:22:47: [basecommands.smx] "Console<0><Console><Console>" changed cvar (cvar "sv_allowdownload") (value "0")
L 01/31/2023 - 09:22:47: [basecommands.smx] "Console<0><Console><Console>" changed cvar (cvar "decalfrequency") (value "1.0")
L 01/31/2023 - 09:22:47: [basecommands.smx] "Console<0><Console><Console>" changed cvar (cvar "mv_maxplayers") (value "12")
L 01/31/2023 - 09:22:47: [basecommands.smx] "Console<0><Console><Console>" changed cvar (cvar "sn_hostname_format") (value "{hostname} >> {gamemode}")
L 01/31/2023 - 09:22:47: [basecommands.smx] "Console<0><Console><Console>" changed cvar (cvar "sn_hostname_format_new") (value "{AnneHappy}{Full}{Confogl}")
L 01/31/2023 - 09:22:48: [chat-processor.smx] Message formats generated for game 'left4dead2'.
L 01/31/2023 - 09:22:48: [chat-processor.smx] Successfully hooked a SayText2 chat hook.
L 01/31/2023 - 09:23:36: [optional/AnneHappy/servercleanup.smx] Deleted file "logs/L127_000_000_001_27015_202301232243_001.log"
L 01/31/2023 - 09:23:36: [optional/AnneHappy/servercleanup.smx] Deleted file "logs/L127_000_000_001_23333_202301231336_000.log"
L 01/31/2023 - 09:23:36: [optional/AnneHappy/servercleanup.smx] Deleted file "logs/L000_000_000_000_0_202301232242_000.log"
L 01/31/2023 - 09:23:36: [optional/AnneHappy/servercleanup.smx] Deleted file "logs/L127_000_000_001_27015_202301232218_000.log"
L 01/31/2023 - 09:23:36: [optional/AnneHappy/servercleanup.smx] Deleted file "logs/L000_000_000_000_0_202301232051_000.log"
L 01/31/2023 - 09:23:36: [optional/AnneHappy/servercleanup.smx] Deleted file "logs/L000_000_000_000_0_202301232007_000.log"
L 01/31/2023 - 09:23:36: [optional/AnneHappy/servercleanup.smx] Deleted file "logs/L127_000_000_001_27015_202301232219_001.log"
L 01/31/2023 - 09:23:36: [optional/AnneHappy/servercleanup.smx] Deleted file "logs/L000_000_000_000_0_202301231336_000.log"
L 01/31/2023 - 09:23:36: [optional/AnneHappy/servercleanup.smx] Deleted file "logs/L127_000_000_001_23333_202301231325_001.log"
L 01/31/2023 - 09:23:36: [optional/AnneHappy/servercleanup.smx] Deleted file "logs/L127_000_000_001_23333_202301231931_000.log"
L 01/31/2023 - 09:23:36: [optional/AnneHappy/servercleanup.smx] Deleted file "logs/L127_000_000_001_23333_202301231332_001.log"
L 01/31/2023 - 09:23:36: [optional/AnneHappy/servercleanup.smx] Deleted file "logs/L127_000_000_001_23333_202301232007_000.log"
L 01/31/2023 - 09:23:36: [optional/AnneHappy/servercleanup.smx] Deleted file "logs/L127_000_000_001_23333_202301231330_000.log"
L 01/31/2023 - 09:23:36: [optional/AnneHappy/servercleanup.smx] Deleted file "logs/L127_000_000_001_27015_202301232242_000.log"
L 01/31/2023 - 09:23:36: [optional/AnneHappy/servercleanup.smx] Deleted file "logs/L127_000_000_001_27015_202301222227_000.log"
L 01/31/2023 - 09:23:36: [optional/AnneHappy/servercleanup.smx] Deleted file "logs/L127_000_000_001_23333_202301231609_000.log"
L 01/31/2023 - 09:23:36: [optional/AnneHappy/servercleanup.smx] Deleted file "logs/L000_000_000_000_0_202301231957_000.log"
L 01/31/2023 - 09:23:36: [optional/AnneHappy/servercleanup.smx] Deleted file "logs/L127_000_000_001_23333_202301231931_001.log"
L 01/31/2023 - 09:23:36: [optional/AnneHappy/servercleanup.smx] Deleted file "logs/L127_000_000_001_27015_202301232305_000.log"
L 01/31/2023 - 09:23:36: [optional/AnneHappy/servercleanup.smx] Deleted file "logs/L127_000_000_001_23333_202301232051_000.log"
L 01/31/2023 - 09:23:36: [optional/AnneHappy/servercleanup.smx] Deleted file "logs/L127_000_000_001_23333_202301222221_000.log"
L 01/31/2023 - 09:23:36: [optional/AnneHappy/servercleanup.smx] Deleted file "logs/L127_000_000_001_27015_202301232243_000.log"
L 01/31/2023 - 09:23:36: [optional/AnneHappy/servercleanup.smx] Deleted file "logs/L127_000_000_001_23333_202301231332_000.log"
L 01/31/2023 - 09:23:36: [optional/AnneHappy/servercleanup.smx] Deleted file "logs/L000_000_000_000_0_202301231330_000.log"
L 01/31/2023 - 09:23:36: [optional/AnneHappy/servercleanup.smx] Deleted file "logs/L127_000_000_001_23333_202301231624_000.log"
L 01/31/2023 - 09:23:37: [optional/AnneHappy/servercleanup.smx] Deleted file "logs/L127_000_000_001_23333_202301231609_001.log"
L 01/31/2023 - 09:23:37: [optional/AnneHappy/servercleanup.smx] Deleted file "logs/L127_000_000_001_23333_202301231957_000.log"
L 01/31/2023 - 09:23:37: [optional/AnneHappy/servercleanup.smx] Deleted file "logs/L000_000_000_000_0_202301232312_000.log"
L 01/31/2023 - 09:23:37: [optional/AnneHappy/servercleanup.smx] Deleted file "logs/L127_000_000_001_27015_202301232219_000.log"
L 01/31/2023 - 09:23:37: [optional/AnneHappy/servercleanup.smx] Deleted file "logs/L127_000_000_001_23333_202301231325_000.log"
L 01/31/2023 - 09:23:37: [optional/AnneHappy/servercleanup.smx] Deleted file "logs/L127_000_000_001_23333_202301231929_000.log"
L 01/31/2023 - 09:23:37: [optional/AnneHappy/servercleanup.smx] Deleted file "logs/L000_000_000_000_0_202301231624_000.log"
L 01/31/2023 - 09:23:37: [optional/AnneHappy/servercleanup.smx] Deleted file "logs/L127_000_000_001_27015_202301232243_002.log"
L 01/31/2023 - 09:23:37: [optional/AnneHappy/servercleanup.smx] Deleted file "logs/L000_000_000_000_0_202301231929_000.log"
L 01/31/2023 - 09:23:37: [optional/AnneHappy/servercleanup.smx] Deleted file "addons/sourcemod2/logs/L20230122.log"
L 01/31/2023 - 09:23:37: [optional/AnneHappy/servercleanup.smx] Deleted file "addons/sourcemod2/logs/L20230123.log"
L 01/31/2023 - 09:23:37: [confoglcompmod.smx] [PasswordSystem] Set password on 知足常乐, password 
L 01/31/2023 - 09:23:37: [basecommands.smx] "Console<0><Console><Console>" changed cvar (cvar "stripper_cfg_path") (value "cfg/stripper/zonemod_anne")
L 01/31/2023 - 09:23:37: [basecommands.smx] "Console<0><Console><Console>" changed cvar (cvar "z_gun_swing_vs_min_penalty") (value "1")
L 01/31/2023 - 09:23:37: [basecommands.smx] "Console<0><Console><Console>" changed cvar (cvar "z_gun_swing_coop_min_penalty") (value "1")
L 01/31/2023 - 09:23:37: [basecommands.smx] "Console<0><Console><Console>" changed cvar (cvar "z_gun_swing_vs_max_penalty") (value "4")
L 01/31/2023 - 09:23:37: [basecommands.smx] "Console<0><Console><Console>" changed cvar (cvar "z_gun_swing_coop_max_penalty") (value "4")
L 01/31/2023 - 09:23:37: [basecommands.smx] "Console<0><Console><Console>" changed cvar (cvar "versus_special_respawn_interval") (value "16")
L 01/31/2023 - 09:23:37: [basecommands.smx] "Console<0><Console><Console>" changed cvar (cvar "l4d_infected_limit") (value "2")
L 01/31/2023 - 09:23:37: [basecommands.smx] "Console<0><Console><Console>" changed cvar (cvar "z_hunter_limit") (value "1")
L 01/31/2023 - 09:23:37: [basecommands.smx] "Console<0><Console><Console>" changed cvar (cvar "z_smoker_limit") (value "1")
L 01/31/2023 - 09:23:37: [basecommands.smx] "Console<0><Console><Console>" changed cvar (cvar "z_charger_limit") (value "1")
L 01/31/2023 - 09:23:37: [basecommands.smx] "Console<0><Console><Console>" changed cvar (cvar "z_jockey_limit") (value "1")
L 01/31/2023 - 09:23:37: [basecommands.smx] "Console<0><Console><Console>" changed cvar (cvar "z_boomer_limit") (value "1")
L 01/31/2023 - 09:23:37: [basecommands.smx] "Console<0><Console><Console>" changed cvar (cvar "inf_SpawnDistanceMin") (value "600")
L 01/31/2023 - 09:23:37: [basecommands.smx] "Console<0><Console><Console>" changed cvar (cvar "AnnePluginVersion") (value "2023-01")
L 01/31/2023 - 09:23:37: [basecommands.smx] "Console<0><Console><Console>" changed cvar (cvar "inf_EnableAutoSpawnTime") (value "1")
L 01/31/2023 - 09:23:37: [basecommands.smx] "Console<0><Console><Console>" changed cvar (cvar "z_acquire_far_time") (value "5.0")
L 01/31/2023 - 09:23:37: [basecommands.smx] "Console<0><Console><Console>" changed cvar (cvar "z_acquire_near_time") (value "0.5")
L 01/31/2023 - 09:23:37: [basecommands.smx] "Console<0><Console><Console>" changed cvar (cvar "hunter_pounce_air_speed") (value "700")
L 01/31/2023 - 09:23:37: [basecommands.smx] "Console<0><Console><Console>" changed cvar (cvar "jockey_pounce_air_speed") (value "700")
L 01/31/2023 - 09:23:37: [basecommands.smx] "Console<0><Console><Console>" changed cvar (cvar "z_spit_latency") (value "0.3")
L 01/31/2023 - 09:23:37: [basecommands.smx] "Console<0><Console><Console>" changed cvar (cvar "inf_TeleportCheckTime") (value "5")
L 01/31/2023 - 09:23:37: [basecommands.smx] "Console<0><Console><Console>" changed cvar (cvar "inf_TeleportCheckTime") (value "3")
L 01/31/2023 - 09:23:37: [basecommands.smx] "Console<0><Console><Console>" changed cvar (cvar "l4d_ready_cfg_name") (value "1vHunters 1.0")
L 01/31/2023 - 09:23:37: [basecommands.smx] "Console<0><Console><Console>" changed cvar (cvar "ZonemodWeapon") (value "2")
L 01/31/2023 - 09:23:37: [basecommands.smx] "Console<0><Console><Console>" changed cvar (cvar "confogl_match_execcfg_plugins") (value "generalfixes2.cfg;confogl_plugins.cfg;sharedplugins2.cfg")
L 01/31/2023 - 09:23:37: [basecommands.smx] "Console<0><Console><Console>" changed cvar (cvar "l4d2_addons_eclipse") (value "1")
L 01/31/2023 - 09:23:37: [basecommands.smx] "Console<0><Console><Console>" changed cvar (cvar "sv_minrate") (value "100000")
L 01/31/2023 - 09:23:37: [basecommands.smx] "Console<0><Console><Console>" changed cvar (cvar "sv_maxrate") (value "100000")
L 01/31/2023 - 09:23:37: [basecommands.smx] "Console<0><Console><Console>" changed cvar (cvar "sv_minupdaterate") (value "100")
L 01/31/2023 - 09:23:37: [basecommands.smx] "Console<0><Console><Console>" changed cvar (cvar "sv_maxupdaterate") (value "100")
L 01/31/2023 - 09:23:37: [basecommands.smx] "Console<0><Console><Console>" changed cvar (cvar "sv_mincmdrate") (value "100")
L 01/31/2023 - 09:23:37: [basecommands.smx] "Console<0><Console><Console>" changed cvar (cvar "sv_maxcmdrate") (value "100")
L 01/31/2023 - 09:23:37: [basecommands.smx] "Console<0><Console><Console>" changed cvar (cvar "sv_client_min_interp_ratio") (value "-1")
L 01/31/2023 - 09:23:37: [basecommands.smx] "Console<0><Console><Console>" changed cvar (cvar "sv_client_max_interp_ratio") (value "0")
L 01/31/2023 - 09:23:37: [basecommands.smx] "Console<0><Console><Console>" changed cvar (cvar "nb_update_frequency") (value "0.014")
L 01/31/2023 - 09:23:37: [basecommands.smx] "Console<0><Console><Console>" changed cvar (cvar "net_splitrate") (value "2")
L 01/31/2023 - 09:23:37: [basecommands.smx] "Console<0><Console><Console>" changed cvar (cvar "net_splitpacket_maxrate") (value "60000")
L 01/31/2023 - 09:23:37: [basecommands.smx] "Console<0><Console><Console>" changed cvar (cvar "fps_max") (value "150")
L 01/31/2023 - 09:23:37: [basecommands.smx] "Console<0><Console><Console>" changed cvar (cvar "net_maxcleartime") (value "0.0001")
L 01/31/2023 - 09:23:37: [basecommands.smx] "Console<0><Console><Console>" changed cvar (cvar "tick_door_speed") (value "1.3")
L 01/31/2023 - 09:23:37: [basecommands.smx] "Console<0><Console><Console>" changed cvar (cvar "mv_maxplayers") (value "8")
L 01/31/2023 - 09:23:37: [basecommands.smx] "Console<0><Console><Console>" changed cvar (cvar "mp_autoteambalance") (value "0")
L 01/31/2023 - 09:23:37: [basecommands.smx] "Console<0><Console><Console>" changed cvar (cvar "sv_unlag_fixstuck") (value "1")
L 01/31/2023 - 09:23:37: [basecommands.smx] "Console<0><Console><Console>" changed cvar (cvar "z_brawl_chance") (value "0")
L 01/31/2023 - 09:23:37: [basecommands.smx] "Console<0><Console><Console>" changed cvar (cvar "sv_maxunlag") (value "1")
L 01/31/2023 - 09:23:37: [basecommands.smx] "Console<0><Console><Console>" changed cvar (cvar "sv_forcepreload") (value "1")
L 01/31/2023 - 09:23:37: [basecommands.smx] "Console<0><Console><Console>" changed cvar (cvar "sv_client_predict") (value "1")
L 01/31/2023 - 09:23:37: [basecommands.smx] "Console<0><Console><Console>" changed cvar (cvar "sv_client_cmdrate_difference") (value "0")
L 01/31/2023 - 09:23:37: [basecommands.smx] "Console<0><Console><Console>" changed cvar (cvar "sv_max_queries_sec_global") (value "10")
L 01/31/2023 - 09:23:37: [basecommands.smx] "Console<0><Console><Console>" changed cvar (cvar "sv_max_queries_sec") (value "3")
L 01/31/2023 - 09:23:37: [basecommands.smx] "Console<0><Console><Console>" changed cvar (cvar "sv_max_queries_window") (value "10")
L 01/31/2023 - 09:23:37: [basecommands.smx] "Console<0><Console><Console>" changed cvar (cvar "sv_player_stuck_tolerance") (value "5")
L 01/31/2023 - 09:23:37: [basecommands.smx] "Console<0><Console><Console>" changed cvar (cvar "sv_stats") (value "0")
L 01/31/2023 - 09:23:37: [basecommands.smx] "Console<0><Console><Console>" changed cvar (cvar "sv_clockcorrection_msecs") (value "25")
L 01/31/2023 - 09:23:37: [basecommands.smx] "Console<0><Console><Console>" changed cvar (cvar "sv_allowupload") (value "0")
L 01/31/2023 - 09:23:37: [basecommands.smx] "Console<0><Console><Console>" changed cvar (cvar "sv_allowdownload") (value "0")
L 01/31/2023 - 09:23:37: [basecommands.smx] "Console<0><Console><Console>" changed cvar (cvar "sb_all_bot_game") (value "1")
L 01/31/2023 - 09:23:37: [basecommands.smx] "Console<0><Console><Console>" changed cvar (cvar "decalfrequency") (value "1.0")
L 01/31/2023 - 09:23:37: [chat-processor.smx] Message formats generated for game 'left4dead2'.
L 01/31/2023 - 09:23:37: [chat-processor.smx] Successfully hooked a SayText2 chat hook.
L 01/31/2023 - 09:23:40: -------- Mapchange to c2m1_highway --------
L 01/31/2023 - 09:23:42: [basecommands.smx] "Console<0><Console><Console>" changed cvar (cvar "sv_minrate") (value "100000")
L 01/31/2023 - 09:23:42: [basecommands.smx] "Console<0><Console><Console>" changed cvar (cvar "sv_maxrate") (value "100000")
L 01/31/2023 - 09:23:42: [basecommands.smx] "Console<0><Console><Console>" changed cvar (cvar "sv_minupdaterate") (value "100")
L 01/31/2023 - 09:23:42: [basecommands.smx] "Console<0><Console><Console>" changed cvar (cvar "sv_maxupdaterate") (value "100")
L 01/31/2023 - 09:23:42: [basecommands.smx] "Console<0><Console><Console>" changed cvar (cvar "sv_mincmdrate") (value "100")
L 01/31/2023 - 09:23:42: [basecommands.smx] "Console<0><Console><Console>" changed cvar (cvar "sv_maxcmdrate") (value "100")
L 01/31/2023 - 09:23:42: [basecommands.smx] "Console<0><Console><Console>" changed cvar (cvar "sv_client_min_interp_ratio") (value "-1")
L 01/31/2023 - 09:23:42: [basecommands.smx] "Console<0><Console><Console>" changed cvar (cvar "sv_client_max_interp_ratio") (value "0")
L 01/31/2023 - 09:23:42: [basecommands.smx] "Console<0><Console><Console>" changed cvar (cvar "nb_update_frequency") (value "0.014")
L 01/31/2023 - 09:23:42: [basecommands.smx] "Console<0><Console><Console>" changed cvar (cvar "net_splitpacket_maxrate") (value "50000")
L 01/31/2023 - 09:23:42: [basecommands.smx] "Console<0><Console><Console>" changed cvar (cvar "fps_max") (value "0")
L 01/31/2023 - 09:23:42: [basecommands.smx] "Console<0><Console><Console>" changed cvar (cvar "sv_allow_wait_command") (value "0")
L 01/31/2023 - 09:23:42: [basecommands.smx] "Console<0><Console><Console>" changed cvar (cvar "tick_door_speed") (value "1.3")
L 01/31/2023 - 09:23:42: [basecommands.smx] "Console<0><Console><Console>" changed cvar (cvar "mp_autoteambalance") (value "0")
L 01/31/2023 - 09:23:42: [basecommands.smx] "Console<0><Console><Console>" changed cvar (cvar "sv_unlag_fixstuck") (value "1")
L 01/31/2023 - 09:23:42: [basecommands.smx] "Console<0><Console><Console>" changed cvar (cvar "z_brawl_chance") (value "0")
L 01/31/2023 - 09:23:42: [basecommands.smx] "Console<0><Console><Console>" changed cvar (cvar "sv_maxunlag") (value "1")
L 01/31/2023 - 09:23:42: [basecommands.smx] "Console<0><Console><Console>" changed cvar (cvar "sv_forcepreload") (value "1")
L 01/31/2023 - 09:23:42: [basecommands.smx] "Console<0><Console><Console>" changed cvar (cvar "sv_client_predict") (value "1")
L 01/31/2023 - 09:23:42: [basecommands.smx] "Console<0><Console><Console>" changed cvar (cvar "sv_client_cmdrate_difference") (value "0")
L 01/31/2023 - 09:23:42: [basecommands.smx] "Console<0><Console><Console>" changed cvar (cvar "sv_max_queries_sec_global") (value "10")
L 01/31/2023 - 09:23:42: [basecommands.smx] "Console<0><Console><Console>" changed cvar (cvar "sv_max_queries_sec") (value "3")
L 01/31/2023 - 09:23:42: [basecommands.smx] "Console<0><Console><Console>" changed cvar (cvar "sv_max_queries_window") (value "10")
L 01/31/2023 - 09:23:42: [basecommands.smx] "Console<0><Console><Console>" changed cvar (cvar "sv_player_stuck_tolerance") (value "5")
L 01/31/2023 - 09:23:42: [basecommands.smx] "Console<0><Console><Console>" changed cvar (cvar "sv_stats") (value "0")
L 01/31/2023 - 09:23:42: [basecommands.smx] "Console<0><Console><Console>" changed cvar (cvar "sv_clockcorrection_msecs") (value "25")
L 01/31/2023 - 09:23:42: [basecommands.smx] "Console<0><Console><Console>" changed cvar (cvar "sb_all_bot_game") (value "1")
L 01/31/2023 - 09:23:42: [basecommands.smx] "Console<0><Console><Console>" changed cvar (cvar "sv_allowupload") (value "0")
L 01/31/2023 - 09:23:42: [basecommands.smx] "Console<0><Console><Console>" changed cvar (cvar "sv_allowdownload") (value "0")
L 01/31/2023 - 09:23:42: [basecommands.smx] "Console<0><Console><Console>" changed cvar (cvar "decalfrequency") (value "1.0")
L 01/31/2023 - 09:23:42: [basecommands.smx] "Console<0><Console><Console>" changed cvar (cvar "mv_maxplayers") (value "12")
L 01/31/2023 - 09:23:42: [basecommands.smx] "Console<0><Console><Console>" changed cvar (cvar "sn_hostname_format") (value "{hostname} >> {gamemode}")
L 01/31/2023 - 09:23:42: [basecommands.smx] "Console<0><Console><Console>" changed cvar (cvar "sn_hostname_format_new") (value "{AnneHappy}{Full}{Confogl}")
L 01/31/2023 - 09:23:43: [chat-processor.smx] Message formats generated for game 'left4dead2'.
L 01/31/2023 - 09:23:43: [chat-processor.smx] Successfully hooked a SayText2 chat hook.
L 01/31/2023 - 09:23:44: [optional/l4d2_saferoom_item_remove.smx] Removed 4 saferoom item(s) (start: 4; end: 0).
L 01/31/2023 - 09:24:02: [basecommands.smx] "Console<0><Console><Console>" changed cvar (cvar "versus_special_respawn_interval") (value "0")
L 01/31/2023 - 09:24:07: [basecommands.smx] "Console<0><Console><Console>" changed cvar (cvar "inf_SpawnDistanceMin") (value "250.0")
L 01/31/2023 - 09:24:24: [basecommands.smx] "Console<0><Console><Console>" changed cvar (cvar "inf_TeleportCheckTime") (value "1")
L 01/31/2023 - 09:27:15: [optional/l4d2_saferoom_item_remove.smx] Removed 4 saferoom item(s) (start: 4; end: 0).
L 01/31/2023 - 09:29:08: [basecommands.smx] "Console<0><Console><Console>" changed cvar (cvar "sv_allow_lobby_connect_only") (value "0")
L 01/31/2023 - 09:29:24: [optional/l4d2_saferoom_item_remove.smx] Removed 4 saferoom item(s) (start: 4; end: 0).
L 01/31/2023 - 09:31:42: [optional/l4d2_saferoom_item_remove.smx] Removed 4 saferoom item(s) (start: 4; end: 0).
L 01/31/2023 - 09:34:06: [optional/l4d2_saferoom_item_remove.smx] Removed 4 saferoom item(s) (start: 4; end: 0).
L 01/31/2023 - 09:34:17: [basecommands.smx] "Console<0><Console><Console>" changed cvar (cvar "sv_allow_lobby_connect_only") (value "0")
L 01/31/2023 - 09:34:29: [basecommands.smx] "Console<0><Console><Console>" changed cvar (cvar "sv_allow_lobby_connect_only") (value "0")
L 01/31/2023 - 09:36:38: [optional/l4d2_saferoom_item_remove.smx] Removed 4 saferoom item(s) (start: 4; end: 0).
L 01/31/2023 - 09:37:16: [basecommands.smx] "Console<0><Console><Console>" changed cvar (cvar "sv_allow_lobby_connect_only") (value "0")
L 01/31/2023 - 09:38:45: [optional/l4d2_saferoom_item_remove.smx] Removed 4 saferoom item(s) (start: 4; end: 0).
L 01/31/2023 - 09:40:50: [optional/l4d2_saferoom_item_remove.smx] Removed 4 saferoom item(s) (start: 4; end: 0).
L 01/31/2023 - 09:42:47: [optional/l4d2_saferoom_item_remove.smx] Removed 4 saferoom item(s) (start: 4; end: 0).
L 01/31/2023 - 09:44:42: [optional/l4d2_saferoom_item_remove.smx] Removed 4 saferoom item(s) (start: 4; end: 0).
L 01/31/2023 - 09:47:01: [optional/l4d2_saferoom_item_remove.smx] Removed 4 saferoom item(s) (start: 4; end: 0).
L 01/31/2023 - 09:47:32: SourceMod log file session started (file "/root/Steam/steamapps/common/Left 4 Dead 2 Dedicated Server/left4dead2/addons/sourcemod2/logs/L20230131.log") (Version "1.11.0.6825")
L 01/31/2023 - 09:47:32: [GEOIP] GeoIP2 database loaded: GeoLite2-City (2019-12-17 20:01:26 UTC)
L 01/31/2023 - 09:47:32: [GEOIP] GeoIP2 supported languages: de en es fr ja pt-BR ru zh-CN
L 01/31/2023 - 09:47:36: [basecommands.smx] "Console<0><Console><Console>" changed cvar (cvar "sv_minrate") (value "100000")
L 01/31/2023 - 09:47:36: [basecommands.smx] "Console<0><Console><Console>" changed cvar (cvar "sv_maxrate") (value "100000")
L 01/31/2023 - 09:47:36: [basecommands.smx] "Console<0><Console><Console>" changed cvar (cvar "sv_minupdaterate") (value "100")
L 01/31/2023 - 09:47:36: [basecommands.smx] "Console<0><Console><Console>" changed cvar (cvar "sv_maxupdaterate") (value "100")
L 01/31/2023 - 09:47:36: [basecommands.smx] "Console<0><Console><Console>" changed cvar (cvar "sv_mincmdrate") (value "100")
L 01/31/2023 - 09:47:36: [basecommands.smx] "Console<0><Console><Console>" changed cvar (cvar "sv_maxcmdrate") (value "100")
L 01/31/2023 - 09:47:36: [basecommands.smx] "Console<0><Console><Console>" changed cvar (cvar "sv_client_min_interp_ratio") (value "-1")
L 01/31/2023 - 09:47:36: [basecommands.smx] "Console<0><Console><Console>" changed cvar (cvar "sv_client_max_interp_ratio") (value "0")
L 01/31/2023 - 09:47:36: [basecommands.smx] "Console<0><Console><Console>" changed cvar (cvar "nb_update_frequency") (value "0.014")
L 01/31/2023 - 09:47:36: [basecommands.smx] "Console<0><Console><Console>" changed cvar (cvar "net_splitpacket_maxrate") (value "50000")
L 01/31/2023 - 09:47:36: [basecommands.smx] "Console<0><Console><Console>" changed cvar (cvar "fps_max") (value "0")
L 01/31/2023 - 09:47:36: [basecommands.smx] "Console<0><Console><Console>" changed cvar (cvar "sv_allow_wait_command") (value "0")
L 01/31/2023 - 09:47:36: [basecommands.smx] "Console<0><Console><Console>" changed cvar (cvar "tick_door_speed") (value "1.3")
L 01/31/2023 - 09:47:36: [basecommands.smx] "Console<0><Console><Console>" changed cvar (cvar "mp_autoteambalance") (value "0")
L 01/31/2023 - 09:47:36: [basecommands.smx] "Console<0><Console><Console>" changed cvar (cvar "sv_unlag_fixstuck") (value "1")
L 01/31/2023 - 09:47:36: [basecommands.smx] "Console<0><Console><Console>" changed cvar (cvar "z_brawl_chance") (value "0")
L 01/31/2023 - 09:47:36: [basecommands.smx] "Console<0><Console><Console>" changed cvar (cvar "sv_maxunlag") (value "1")
L 01/31/2023 - 09:47:36: [basecommands.smx] "Console<0><Console><Console>" changed cvar (cvar "sv_forcepreload") (value "1")
L 01/31/2023 - 09:47:36: [basecommands.smx] "Console<0><Console><Console>" changed cvar (cvar "sv_client_predict") (value "1")
L 01/31/2023 - 09:47:36: [basecommands.smx] "Console<0><Console><Console>" changed cvar (cvar "sv_client_cmdrate_difference") (value "0")
L 01/31/2023 - 09:47:36: [basecommands.smx] "Console<0><Console><Console>" changed cvar (cvar "sv_max_queries_sec_global") (value "10")
L 01/31/2023 - 09:47:36: [basecommands.smx] "Console<0><Console><Console>" changed cvar (cvar "sv_max_queries_sec") (value "3")
L 01/31/2023 - 09:47:36: [basecommands.smx] "Console<0><Console><Console>" changed cvar (cvar "sv_max_queries_window") (value "10")
L 01/31/2023 - 09:47:36: [basecommands.smx] "Console<0><Console><Console>" changed cvar (cvar "sv_player_stuck_tolerance") (value "5")
L 01/31/2023 - 09:47:36: [basecommands.smx] "Console<0><Console><Console>" changed cvar (cvar "sv_stats") (value "0")
L 01/31/2023 - 09:47:36: [basecommands.smx] "Console<0><Console><Console>" changed cvar (cvar "sv_clockcorrection_msecs") (value "25")
L 01/31/2023 - 09:47:36: [basecommands.smx] "Console<0><Console><Console>" changed cvar (cvar "sb_all_bot_game") (value "1")
L 01/31/2023 - 09:47:36: [basecommands.smx] "Console<0><Console><Console>" changed cvar (cvar "sv_allowupload") (value "0")
L 01/31/2023 - 09:47:36: [basecommands.smx] "Console<0><Console><Console>" changed cvar (cvar "sv_allowdownload") (value "0")
L 01/31/2023 - 09:47:36: [basecommands.smx] "Console<0><Console><Console>" changed cvar (cvar "decalfrequency") (value "1.0")
L 01/31/2023 - 09:47:36: [basecommands.smx] "Console<0><Console><Console>" changed cvar (cvar "mv_maxplayers") (value "12")
L 01/31/2023 - 09:47:36: [basecommands.smx] "Console<0><Console><Console>" changed cvar (cvar "sn_hostname_format") (value "{hostname} >> {gamemode}")
L 01/31/2023 - 09:47:36: [basecommands.smx] "Console<0><Console><Console>" changed cvar (cvar "sn_hostname_format_new") (value "{AnneHappy}{Full}{Confogl}")
L 01/31/2023 - 09:47:37: [chat-processor.smx] Message formats generated for game 'left4dead2'.
L 01/31/2023 - 09:47:37: [chat-processor.smx] Successfully hooked a SayText2 chat hook.
L 01/31/2023 - 11:21:18: -------- Mapchange to c2m1_highway --------
L 01/31/2023 - 11:21:20: [basecommands.smx] "Console<0><Console><Console>" changed cvar (cvar "sv_minrate") (value "100000")
L 01/31/2023 - 11:21:20: [basecommands.smx] "Console<0><Console><Console>" changed cvar (cvar "sv_maxrate") (value "100000")
L 01/31/2023 - 11:21:20: [basecommands.smx] "Console<0><Console><Console>" changed cvar (cvar "sv_minupdaterate") (value "100")
L 01/31/2023 - 11:21:20: [basecommands.smx] "Console<0><Console><Console>" changed cvar (cvar "sv_maxupdaterate") (value "100")
L 01/31/2023 - 11:21:20: [basecommands.smx] "Console<0><Console><Console>" changed cvar (cvar "sv_mincmdrate") (value "100")
L 01/31/2023 - 11:21:20: [basecommands.smx] "Console<0><Console><Console>" changed cvar (cvar "sv_maxcmdrate") (value "100")
L 01/31/2023 - 11:21:20: [basecommands.smx] "Console<0><Console><Console>" changed cvar (cvar "sv_client_min_interp_ratio") (value "-1")
L 01/31/2023 - 11:21:20: [basecommands.smx] "Console<0><Console><Console>" changed cvar (cvar "sv_client_max_interp_ratio") (value "0")
L 01/31/2023 - 11:21:20: [basecommands.smx] "Console<0><Console><Console>" changed cvar (cvar "nb_update_frequency") (value "0.014")
L 01/31/2023 - 11:21:20: [basecommands.smx] "Console<0><Console><Console>" changed cvar (cvar "net_splitpacket_maxrate") (value "50000")
L 01/31/2023 - 11:21:20: [basecommands.smx] "Console<0><Console><Console>" changed cvar (cvar "fps_max") (value "0")
L 01/31/2023 - 11:21:20: [basecommands.smx] "Console<0><Console><Console>" changed cvar (cvar "sv_allow_wait_command") (value "0")
L 01/31/2023 - 11:21:20: [basecommands.smx] "Console<0><Console><Console>" changed cvar (cvar "tick_door_speed") (value "1.3")
L 01/31/2023 - 11:21:20: [basecommands.smx] "Console<0><Console><Console>" changed cvar (cvar "mp_autoteambalance") (value "0")
L 01/31/2023 - 11:21:20: [basecommands.smx] "Console<0><Console><Console>" changed cvar (cvar "sv_unlag_fixstuck") (value "1")
L 01/31/2023 - 11:21:20: [basecommands.smx] "Console<0><Console><Console>" changed cvar (cvar "z_brawl_chance") (value "0")
L 01/31/2023 - 11:21:20: [basecommands.smx] "Console<0><Console><Console>" changed cvar (cvar "sv_maxunlag") (value "1")
L 01/31/2023 - 11:21:20: [basecommands.smx] "Console<0><Console><Console>" changed cvar (cvar "sv_forcepreload") (value "1")
L 01/31/2023 - 11:21:20: [basecommands.smx] "Console<0><Console><Console>" changed cvar (cvar "sv_client_predict") (value "1")
L 01/31/2023 - 11:21:20: [basecommands.smx] "Console<0><Console><Console>" changed cvar (cvar "sv_client_cmdrate_difference") (value "0")
L 01/31/2023 - 11:21:20: [basecommands.smx] "Console<0><Console><Console>" changed cvar (cvar "sv_max_queries_sec_global") (value "10")
L 01/31/2023 - 11:21:20: [basecommands.smx] "Console<0><Console><Console>" changed cvar (cvar "sv_max_queries_sec") (value "3")
L 01/31/2023 - 11:21:20: [basecommands.smx] "Console<0><Console><Console>" changed cvar (cvar "sv_max_queries_window") (value "10")
L 01/31/2023 - 11:21:20: [basecommands.smx] "Console<0><Console><Console>" changed cvar (cvar "sv_player_stuck_tolerance") (value "5")
L 01/31/2023 - 11:21:20: [basecommands.smx] "Console<0><Console><Console>" changed cvar (cvar "sv_stats") (value "0")
L 01/31/2023 - 11:21:20: [basecommands.smx] "Console<0><Console><Console>" changed cvar (cvar "sv_clockcorrection_msecs") (value "25")
L 01/31/2023 - 11:21:20: [basecommands.smx] "Console<0><Console><Console>" changed cvar (cvar "sb_all_bot_game") (value "1")
L 01/31/2023 - 11:21:20: [basecommands.smx] "Console<0><Console><Console>" changed cvar (cvar "sv_allowupload") (value "0")
L 01/31/2023 - 11:21:20: [basecommands.smx] "Console<0><Console><Console>" changed cvar (cvar "sv_allowdownload") (value "0")
L 01/31/2023 - 11:21:20: [basecommands.smx] "Console<0><Console><Console>" changed cvar (cvar "decalfrequency") (value "1.0")
L 01/31/2023 - 11:21:20: [basecommands.smx] "Console<0><Console><Console>" changed cvar (cvar "mv_maxplayers") (value "12")
L 01/31/2023 - 11:21:20: [basecommands.smx] "Console<0><Console><Console>" changed cvar (cvar "sn_hostname_format") (value "{hostname} >> {gamemode}")
L 01/31/2023 - 11:21:20: [basecommands.smx] "Console<0><Console><Console>" changed cvar (cvar "sn_hostname_format_new") (value "{AnneHappy}{Full}{Confogl}")
L 01/31/2023 - 11:21:21: [chat-processor.smx] Message formats generated for game 'left4dead2'.
L 01/31/2023 - 11:21:21: [chat-processor.smx] Successfully hooked a SayText2 chat hook.
L 01/31/2023 - 11:25:05: [optional/AnneHappy/servercleanup.smx] Deleted file "logs/L127_000_000_001_23333_202301241006_000.log"
L 01/31/2023 - 11:25:05: [optional/AnneHappy/servercleanup.smx] Deleted file "logs/L000_000_000_000_0_202301241001_000.log"
L 01/31/2023 - 11:25:05: [optional/AnneHappy/servercleanup.smx] Deleted file "logs/L127_000_000_001_23333_202301241001_000.log"
L 01/31/2023 - 11:25:05: [optional/AnneHappy/servercleanup.smx] Deleted file "logs/L127_000_000_001_23333_202301241007_001.log"
L 01/31/2023 - 11:25:05: [optional/AnneHappy/servercleanup.smx] Deleted file "logs/L000_000_000_000_0_202301241010_000.log"
L 01/31/2023 - 11:25:05: [optional/AnneHappy/servercleanup.smx] Deleted file "logs/L127_000_000_001_23333_202301241039_001.log"
L 01/31/2023 - 11:25:05: [optional/AnneHappy/servercleanup.smx] Deleted file "logs/L127_000_000_001_23333_202301241006_001.log"
L 01/31/2023 - 11:25:05: [optional/AnneHappy/servercleanup.smx] Deleted file "logs/L127_000_000_001_23333_202301241039_000.log"
L 01/31/2023 - 11:25:05: [optional/AnneHappy/servercleanup.smx] Deleted file "logs/L127_000_000_001_23333_202301241042_000.log"
L 01/31/2023 - 11:25:05: [optional/AnneHappy/servercleanup.smx] Deleted file "logs/L000_000_000_000_0_202301241042_000.log"
L 01/31/2023 - 11:25:05: [optional/AnneHappy/servercleanup.smx] Deleted file "logs/L127_000_000_001_23333_202301241007_000.log"
L 01/31/2023 - 11:25:05: [optional/AnneHappy/servercleanup.smx] Deleted file "logs/L127_000_000_001_23333_202301241040_000.log"
L 01/31/2023 - 11:25:05: [optional/AnneHappy/servercleanup.smx] Deleted file "logs/L127_000_000_001_23333_202301241010_000.log"
L 01/31/2023 - 11:25:05: [optional/AnneHappy/servercleanup.smx] Deleted file "logs/L127_000_000_001_23333_202301241040_001.log"
L 01/31/2023 - 11:25:05: [optional/AnneHappy/servercleanup.smx] Deleted file "logs/L000_000_000_000_0_202301241052_000.log"
L 01/31/2023 - 11:25:05: [confoglcompmod.smx] [PasswordSystem] Set password on 知足常乐, password 
L 01/31/2023 - 11:25:05: [confoglcompmod.smx] [PasswordSystem] Set password on 徙倚上清秋, password 
L 01/31/2023 - 11:25:05: [basecommands.smx] "Console<0><Console><Console>" changed cvar (cvar "stripper_cfg_path") (value "cfg/stripper/zonemod_anne")
L 01/31/2023 - 11:25:05: [basecommands.smx] "Console<0><Console><Console>" changed cvar (cvar "z_gun_swing_vs_min_penalty") (value "1")
L 01/31/2023 - 11:25:05: [basecommands.smx] "Console<0><Console><Console>" changed cvar (cvar "z_gun_swing_coop_min_penalty") (value "1")
L 01/31/2023 - 11:25:05: [basecommands.smx] "Console<0><Console><Console>" changed cvar (cvar "z_gun_swing_vs_max_penalty") (value "4")
L 01/31/2023 - 11:25:05: [basecommands.smx] "Console<0><Console><Console>" changed cvar (cvar "z_gun_swing_coop_max_penalty") (value "4")
L 01/31/2023 - 11:25:05: [basecommands.smx] "Console<0><Console><Console>" changed cvar (cvar "versus_special_respawn_interval") (value "16")
L 01/31/2023 - 11:25:05: [basecommands.smx] "Console<0><Console><Console>" changed cvar (cvar "l4d_infected_limit") (value "2")
L 01/31/2023 - 11:25:05: [basecommands.smx] "Console<0><Console><Console>" changed cvar (cvar "z_hunter_limit") (value "1")
L 01/31/2023 - 11:25:05: [basecommands.smx] "Console<0><Console><Console>" changed cvar (cvar "z_smoker_limit") (value "1")
L 01/31/2023 - 11:25:05: [basecommands.smx] "Console<0><Console><Console>" changed cvar (cvar "z_charger_limit") (value "1")
L 01/31/2023 - 11:25:05: [basecommands.smx] "Console<0><Console><Console>" changed cvar (cvar "z_jockey_limit") (value "1")
L 01/31/2023 - 11:25:05: [basecommands.smx] "Console<0><Console><Console>" changed cvar (cvar "z_boomer_limit") (value "1")
L 01/31/2023 - 11:25:05: [basecommands.smx] "Console<0><Console><Console>" changed cvar (cvar "inf_SpawnDistanceMin") (value "600")
L 01/31/2023 - 11:25:05: [basecommands.smx] "Console<0><Console><Console>" changed cvar (cvar "AnnePluginVersion") (value "2023-01")
L 01/31/2023 - 11:25:05: [basecommands.smx] "Console<0><Console><Console>" changed cvar (cvar "inf_EnableAutoSpawnTime") (value "1")
L 01/31/2023 - 11:25:05: [basecommands.smx] "Console<0><Console><Console>" changed cvar (cvar "z_acquire_far_time") (value "5.0")
L 01/31/2023 - 11:25:05: [basecommands.smx] "Console<0><Console><Console>" changed cvar (cvar "z_acquire_near_time") (value "0.5")
L 01/31/2023 - 11:25:05: [basecommands.smx] "Console<0><Console><Console>" changed cvar (cvar "hunter_pounce_air_speed") (value "700")
L 01/31/2023 - 11:25:05: [basecommands.smx] "Console<0><Console><Console>" changed cvar (cvar "jockey_pounce_air_speed") (value "700")
L 01/31/2023 - 11:25:05: [basecommands.smx] "Console<0><Console><Console>" changed cvar (cvar "z_spit_latency") (value "0.3")
L 01/31/2023 - 11:25:05: [basecommands.smx] "Console<0><Console><Console>" changed cvar (cvar "inf_TeleportCheckTime") (value "5")
L 01/31/2023 - 11:25:05: [basecommands.smx] "Console<0><Console><Console>" changed cvar (cvar "inf_TeleportCheckTime") (value "3")
L 01/31/2023 - 11:25:05: [basecommands.smx] "Console<0><Console><Console>" changed cvar (cvar "l4d_ready_cfg_name") (value "1vHunters 1.0")
L 01/31/2023 - 11:25:05: [basecommands.smx] "Console<0><Console><Console>" changed cvar (cvar "ZonemodWeapon") (value "2")
L 01/31/2023 - 11:25:05: [basecommands.smx] "Console<0><Console><Console>" changed cvar (cvar "confogl_match_execcfg_plugins") (value "generalfixes2.cfg;confogl_plugins.cfg;sharedplugins2.cfg")
L 01/31/2023 - 11:25:05: [basecommands.smx] "Console<0><Console><Console>" changed cvar (cvar "l4d2_addons_eclipse") (value "1")
L 01/31/2023 - 11:25:05: [basecommands.smx] "Console<0><Console><Console>" changed cvar (cvar "sv_minrate") (value "100000")
L 01/31/2023 - 11:25:05: [basecommands.smx] "Console<0><Console><Console>" changed cvar (cvar "sv_maxrate") (value "100000")
L 01/31/2023 - 11:25:05: [basecommands.smx] "Console<0><Console><Console>" changed cvar (cvar "sv_minupdaterate") (value "100")
L 01/31/2023 - 11:25:05: [basecommands.smx] "Console<0><Console><Console>" changed cvar (cvar "sv_maxupdaterate") (value "100")
L 01/31/2023 - 11:25:05: [basecommands.smx] "Console<0><Console><Console>" changed cvar (cvar "sv_mincmdrate") (value "100")
L 01/31/2023 - 11:25:05: [basecommands.smx] "Console<0><Console><Console>" changed cvar (cvar "sv_maxcmdrate") (value "100")
L 01/31/2023 - 11:25:05: [basecommands.smx] "Console<0><Console><Console>" changed cvar (cvar "sv_client_min_interp_ratio") (value "-1")
L 01/31/2023 - 11:25:05: [basecommands.smx] "Console<0><Console><Console>" changed cvar (cvar "sv_client_max_interp_ratio") (value "0")
L 01/31/2023 - 11:25:05: [basecommands.smx] "Console<0><Console><Console>" changed cvar (cvar "nb_update_frequency") (value "0.014")
L 01/31/2023 - 11:25:05: [basecommands.smx] "Console<0><Console><Console>" changed cvar (cvar "net_splitrate") (value "2")
L 01/31/2023 - 11:25:05: [basecommands.smx] "Console<0><Console><Console>" changed cvar (cvar "net_splitpacket_maxrate") (value "60000")
L 01/31/2023 - 11:25:05: [basecommands.smx] "Console<0><Console><Console>" changed cvar (cvar "fps_max") (value "150")
L 01/31/2023 - 11:25:05: [basecommands.smx] "Console<0><Console><Console>" changed cvar (cvar "net_maxcleartime") (value "0.0001")
L 01/31/2023 - 11:25:05: [basecommands.smx] "Console<0><Console><Console>" changed cvar (cvar "tick_door_speed") (value "1.3")
L 01/31/2023 - 11:25:05: [basecommands.smx] "Console<0><Console><Console>" changed cvar (cvar "mv_maxplayers") (value "8")
L 01/31/2023 - 11:25:05: [basecommands.smx] "Console<0><Console><Console>" changed cvar (cvar "mp_autoteambalance") (value "0")
L 01/31/2023 - 11:25:05: [basecommands.smx] "Console<0><Console><Console>" changed cvar (cvar "sv_unlag_fixstuck") (value "1")
L 01/31/2023 - 11:25:05: [basecommands.smx] "Console<0><Console><Console>" changed cvar (cvar "z_brawl_chance") (value "0")
L 01/31/2023 - 11:25:05: [basecommands.smx] "Console<0><Console><Console>" changed cvar (cvar "sv_maxunlag") (value "1")
L 01/31/2023 - 11:25:05: [basecommands.smx] "Console<0><Console><Console>" changed cvar (cvar "sv_forcepreload") (value "1")
L 01/31/2023 - 11:25:05: [basecommands.smx] "Console<0><Console><Console>" changed cvar (cvar "sv_client_predict") (value "1")
L 01/31/2023 - 11:25:05: [basecommands.smx] "Console<0><Console><Console>" changed cvar (cvar "sv_client_cmdrate_difference") (value "0")
L 01/31/2023 - 11:25:05: [basecommands.smx] "Console<0><Console><Console>" changed cvar (cvar "sv_max_queries_sec_global") (value "10")
L 01/31/2023 - 11:25:05: [basecommands.smx] "Console<0><Console><Console>" changed cvar (cvar "sv_max_queries_sec") (value "3")
L 01/31/2023 - 11:25:05: [basecommands.smx] "Console<0><Console><Console>" changed cvar (cvar "sv_max_queries_window") (value "10")
L 01/31/2023 - 11:25:05: [basecommands.smx] "Console<0><Console><Console>" changed cvar (cvar "sv_player_stuck_tolerance") (value "5")
L 01/31/2023 - 11:25:05: [basecommands.smx] "Console<0><Console><Console>" changed cvar (cvar "sv_stats") (value "0")
L 01/31/2023 - 11:25:05: [basecommands.smx] "Console<0><Console><Console>" changed cvar (cvar "sv_clockcorrection_msecs") (value "25")
L 01/31/2023 - 11:25:05: [basecommands.smx] "Console<0><Console><Console>" changed cvar (cvar "sv_allowupload") (value "0")
L 01/31/2023 - 11:25:05: [basecommands.smx] "Console<0><Console><Console>" changed cvar (cvar "sv_allowdownload") (value "0")
L 01/31/2023 - 11:25:05: [basecommands.smx] "Console<0><Console><Console>" changed cvar (cvar "sb_all_bot_game") (value "1")
L 01/31/2023 - 11:25:05: [basecommands.smx] "Console<0><Console><Console>" changed cvar (cvar "decalfrequency") (value "1.0")
L 01/31/2023 - 11:25:05: [chat-processor.smx] Message formats generated for game 'left4dead2'.
L 01/31/2023 - 11:25:05: [chat-processor.smx] Successfully hooked a SayText2 chat hook.
L 01/31/2023 - 11:25:08: -------- Mapchange to c2m1_highway --------
L 01/31/2023 - 11:25:10: [basecommands.smx] "Console<0><Console><Console>" changed cvar (cvar "sv_minrate") (value "100000")
L 01/31/2023 - 11:25:10: [basecommands.smx] "Console<0><Console><Console>" changed cvar (cvar "sv_maxrate") (value "100000")
L 01/31/2023 - 11:25:10: [basecommands.smx] "Console<0><Console><Console>" changed cvar (cvar "sv_minupdaterate") (value "100")
L 01/31/2023 - 11:25:10: [basecommands.smx] "Console<0><Console><Console>" changed cvar (cvar "sv_maxupdaterate") (value "100")
L 01/31/2023 - 11:25:10: [basecommands.smx] "Console<0><Console><Console>" changed cvar (cvar "sv_mincmdrate") (value "100")
L 01/31/2023 - 11:25:10: [basecommands.smx] "Console<0><Console><Console>" changed cvar (cvar "sv_maxcmdrate") (value "100")
L 01/31/2023 - 11:25:10: [basecommands.smx] "Console<0><Console><Console>" changed cvar (cvar "sv_client_min_interp_ratio") (value "-1")
L 01/31/2023 - 11:25:10: [basecommands.smx] "Console<0><Console><Console>" changed cvar (cvar "sv_client_max_interp_ratio") (value "0")
L 01/31/2023 - 11:25:10: [basecommands.smx] "Console<0><Console><Console>" changed cvar (cvar "nb_update_frequency") (value "0.014")
L 01/31/2023 - 11:25:10: [basecommands.smx] "Console<0><Console><Console>" changed cvar (cvar "net_splitpacket_maxrate") (value "50000")
L 01/31/2023 - 11:25:10: [basecommands.smx] "Console<0><Console><Console>" changed cvar (cvar "fps_max") (value "0")
L 01/31/2023 - 11:25:10: [basecommands.smx] "Console<0><Console><Console>" changed cvar (cvar "sv_allow_wait_command") (value "0")
L 01/31/2023 - 11:25:10: [basecommands.smx] "Console<0><Console><Console>" changed cvar (cvar "tick_door_speed") (value "1.3")
L 01/31/2023 - 11:25:10: [basecommands.smx] "Console<0><Console><Console>" changed cvar (cvar "mp_autoteambalance") (value "0")
L 01/31/2023 - 11:25:10: [basecommands.smx] "Console<0><Console><Console>" changed cvar (cvar "sv_unlag_fixstuck") (value "1")
L 01/31/2023 - 11:25:10: [basecommands.smx] "Console<0><Console><Console>" changed cvar (cvar "z_brawl_chance") (value "0")
L 01/31/2023 - 11:25:10: [basecommands.smx] "Console<0><Console><Console>" changed cvar (cvar "sv_maxunlag") (value "1")
L 01/31/2023 - 11:25:10: [basecommands.smx] "Console<0><Console><Console>" changed cvar (cvar "sv_forcepreload") (value "1")
L 01/31/2023 - 11:25:10: [basecommands.smx] "Console<0><Console><Console>" changed cvar (cvar "sv_client_predict") (value "1")
L 01/31/2023 - 11:25:10: [basecommands.smx] "Console<0><Console><Console>" changed cvar (cvar "sv_client_cmdrate_difference") (value "0")
L 01/31/2023 - 11:25:10: [basecommands.smx] "Console<0><Console><Console>" changed cvar (cvar "sv_max_queries_sec_global") (value "10")
L 01/31/2023 - 11:25:10: [basecommands.smx] "Console<0><Console><Console>" changed cvar (cvar "sv_max_queries_sec") (value "3")
L 01/31/2023 - 11:25:10: [basecommands.smx] "Console<0><Console><Console>" changed cvar (cvar "sv_max_queries_window") (value "10")
L 01/31/2023 - 11:25:10: [basecommands.smx] "Console<0><Console><Console>" changed cvar (cvar "sv_player_stuck_tolerance") (value "5")
L 01/31/2023 - 11:25:10: [basecommands.smx] "Console<0><Console><Console>" changed cvar (cvar "sv_stats") (value "0")
L 01/31/2023 - 11:25:10: [basecommands.smx] "Console<0><Console><Console>" changed cvar (cvar "sv_clockcorrection_msecs") (value "25")
L 01/31/2023 - 11:25:10: [basecommands.smx] "Console<0><Console><Console>" changed cvar (cvar "sb_all_bot_game") (value "1")
L 01/31/2023 - 11:25:10: [basecommands.smx] "Console<0><Console><Console>" changed cvar (cvar "sv_allowupload") (value "0")
L 01/31/2023 - 11:25:10: [basecommands.smx] "Console<0><Console><Console>" changed cvar (cvar "sv_allowdownload") (value "0")
L 01/31/2023 - 11:25:10: [basecommands.smx] "Console<0><Console><Console>" changed cvar (cvar "decalfrequency") (value "1.0")
L 01/31/2023 - 11:25:10: [basecommands.smx] "Console<0><Console><Console>" changed cvar (cvar "mv_maxplayers") (value "12")
L 01/31/2023 - 11:25:10: [basecommands.smx] "Console<0><Console><Console>" changed cvar (cvar "sn_hostname_format") (value "{hostname} >> {gamemode}")
L 01/31/2023 - 11:25:10: [basecommands.smx] "Console<0><Console><Console>" changed cvar (cvar "sn_hostname_format_new") (value "{AnneHappy}{Full}{Confogl}")
L 01/31/2023 - 11:25:11: [chat-processor.smx] Message formats generated for game 'left4dead2'.
L 01/31/2023 - 11:25:11: [chat-processor.smx] Successfully hooked a SayText2 chat hook.
L 01/31/2023 - 11:25:12: [optional/l4d2_saferoom_item_remove.smx] Removed 4 saferoom item(s) (start: 4; end: 0).
L 01/31/2023 - 11:27:49: [optional/l4d2_skill_detect.smx] calarm trigger: caller 740 / activator 740 / delay: 0.00
L 01/31/2023 - 11:28:12: [optional/l4d2_saferoom_item_remove.smx] Removed 4 saferoom item(s) (start: 4; end: 0).
L 01/31/2023 - 11:28:43: [basecommands.smx] "Console<0><Console><Console>" changed cvar (cvar "l4d_infected_limit") (value "2")
L 01/31/2023 - 11:28:43: [basecommands.smx] "Console<0><Console><Console>" changed cvar (cvar "z_hunter_limit") (value "1")
L 01/31/2023 - 11:28:43: [basecommands.smx] "Console<0><Console><Console>" changed cvar (cvar "z_smoker_limit") (value "1")
L 01/31/2023 - 11:28:43: [basecommands.smx] "Console<0><Console><Console>" changed cvar (cvar "z_charger_limit") (value "1")
L 01/31/2023 - 11:28:43: [basecommands.smx] "Console<0><Console><Console>" changed cvar (cvar "z_jockey_limit") (value "1")
L 01/31/2023 - 11:28:43: [basecommands.smx] "Console<0><Console><Console>" changed cvar (cvar "z_boomer_limit") (value "1")
L 01/31/2023 - 11:28:46: [basecommands.smx] "Console<0><Console><Console>" changed cvar (cvar "versus_special_respawn_interval") (value "0")
L 01/31/2023 - 11:28:49: [basecommands.smx] "Console<0><Console><Console>" changed cvar (cvar "versus_special_respawn_interval") (value "0")
L 01/31/2023 - 11:28:52: [basecommands.smx] "Console<0><Console><Console>" changed cvar (cvar "inf_SpawnDistanceMin") (value "250.0")
L 01/31/2023 - 11:29:29: [basecommands.smx] "Console<0><Console><Console>" changed cvar (cvar "sv_allow_lobby_connect_only") (value "0")
L 01/31/2023 - 11:30:03: [basecommands.smx] "Console<0><Console><Console>" changed cvar (cvar "sv_allow_lobby_connect_only") (value "0")
L 01/31/2023 - 11:31:36: [optional/l4d2_saferoom_item_remove.smx] Removed 4 saferoom item(s) (start: 4; end: 0).
L 01/31/2023 - 11:34:09: [optional/l4d2_saferoom_item_remove.smx] Removed 4 saferoom item(s) (start: 4; end: 0).
L 01/31/2023 - 11:35:17: [basecommands.smx] "Console<0><Console><Console>" changed cvar (cvar "sv_allow_lobby_connect_only") (value "0")
L 01/31/2023 - 11:36:01: [optional/l4d2_saferoom_item_remove.smx] Removed 4 saferoom item(s) (start: 4; end: 0).
L 01/31/2023 - 11:36:41: SourceMod log file session started (file "/root/Steam/steamapps/common/Left 4 Dead 2 Dedicated Server/left4dead2/addons/sourcemod2/logs/L20230131.log") (Version "1.11.0.6825")
L 01/31/2023 - 11:36:41: [GEOIP] GeoIP2 database loaded: GeoLite2-City (2019-12-17 20:01:26 UTC)
L 01/31/2023 - 11:36:41: [GEOIP] GeoIP2 supported languages: de en es fr ja pt-BR ru zh-CN
L 01/31/2023 - 11:36:45: [basecommands.smx] "Console<0><Console><Console>" changed cvar (cvar "sv_minrate") (value "100000")
L 01/31/2023 - 11:36:45: [basecommands.smx] "Console<0><Console><Console>" changed cvar (cvar "sv_maxrate") (value "100000")
L 01/31/2023 - 11:36:45: [basecommands.smx] "Console<0><Console><Console>" changed cvar (cvar "sv_minupdaterate") (value "100")
L 01/31/2023 - 11:36:45: [basecommands.smx] "Console<0><Console><Console>" changed cvar (cvar "sv_maxupdaterate") (value "100")
L 01/31/2023 - 11:36:45: [basecommands.smx] "Console<0><Console><Console>" changed cvar (cvar "sv_mincmdrate") (value "100")
L 01/31/2023 - 11:36:45: [basecommands.smx] "Console<0><Console><Console>" changed cvar (cvar "sv_maxcmdrate") (value "100")
L 01/31/2023 - 11:36:45: [basecommands.smx] "Console<0><Console><Console>" changed cvar (cvar "sv_client_min_interp_ratio") (value "-1")
L 01/31/2023 - 11:36:45: [basecommands.smx] "Console<0><Console><Console>" changed cvar (cvar "sv_client_max_interp_ratio") (value "0")
L 01/31/2023 - 11:36:45: [basecommands.smx] "Console<0><Console><Console>" changed cvar (cvar "nb_update_frequency") (value "0.014")
L 01/31/2023 - 11:36:45: [basecommands.smx] "Console<0><Console><Console>" changed cvar (cvar "net_splitpacket_maxrate") (value "50000")
L 01/31/2023 - 11:36:45: [basecommands.smx] "Console<0><Console><Console>" changed cvar (cvar "fps_max") (value "0")
L 01/31/2023 - 11:36:45: [basecommands.smx] "Console<0><Console><Console>" changed cvar (cvar "sv_allow_wait_command") (value "0")
L 01/31/2023 - 11:36:45: [basecommands.smx] "Console<0><Console><Console>" changed cvar (cvar "tick_door_speed") (value "1.3")
L 01/31/2023 - 11:36:45: [basecommands.smx] "Console<0><Console><Console>" changed cvar (cvar "mp_autoteambalance") (value "0")
L 01/31/2023 - 11:36:45: [basecommands.smx] "Console<0><Console><Console>" changed cvar (cvar "sv_unlag_fixstuck") (value "1")
L 01/31/2023 - 11:36:45: [basecommands.smx] "Console<0><Console><Console>" changed cvar (cvar "z_brawl_chance") (value "0")
L 01/31/2023 - 11:36:45: [basecommands.smx] "Console<0><Console><Console>" changed cvar (cvar "sv_maxunlag") (value "1")
L 01/31/2023 - 11:36:45: [basecommands.smx] "Console<0><Console><Console>" changed cvar (cvar "sv_forcepreload") (value "1")
L 01/31/2023 - 11:36:45: [basecommands.smx] "Console<0><Console><Console>" changed cvar (cvar "sv_client_predict") (value "1")
L 01/31/2023 - 11:36:45: [basecommands.smx] "Console<0><Console><Console>" changed cvar (cvar "sv_client_cmdrate_difference") (value "0")
L 01/31/2023 - 11:36:45: [basecommands.smx] "Console<0><Console><Console>" changed cvar (cvar "sv_max_queries_sec_global") (value "10")
L 01/31/2023 - 11:36:45: [basecommands.smx] "Console<0><Console><Console>" changed cvar (cvar "sv_max_queries_sec") (value "3")
L 01/31/2023 - 11:36:45: [basecommands.smx] "Console<0><Console><Console>" changed cvar (cvar "sv_max_queries_window") (value "10")
L 01/31/2023 - 11:36:45: [basecommands.smx] "Console<0><Console><Console>" changed cvar (cvar "sv_player_stuck_tolerance") (value "5")
L 01/31/2023 - 11:36:45: [basecommands.smx] "Console<0><Console><Console>" changed cvar (cvar "sv_stats") (value "0")
L 01/31/2023 - 11:36:45: [basecommands.smx] "Console<0><Console><Console>" changed cvar (cvar "sv_clockcorrection_msecs") (value "25")
L 01/31/2023 - 11:36:45: [basecommands.smx] "Console<0><Console><Console>" changed cvar (cvar "sb_all_bot_game") (value "1")
L 01/31/2023 - 11:36:45: [basecommands.smx] "Console<0><Console><Console>" changed cvar (cvar "sv_allowupload") (value "0")
L 01/31/2023 - 11:36:45: [basecommands.smx] "Console<0><Console><Console>" changed cvar (cvar "sv_allowdownload") (value "0")
L 01/31/2023 - 11:36:45: [basecommands.smx] "Console<0><Console><Console>" changed cvar (cvar "decalfrequency") (value "1.0")
L 01/31/2023 - 11:36:45: [basecommands.smx] "Console<0><Console><Console>" changed cvar (cvar "mv_maxplayers") (value "12")
L 01/31/2023 - 11:36:45: [basecommands.smx] "Console<0><Console><Console>" changed cvar (cvar "sn_hostname_format") (value "{hostname} >> {gamemode}")
L 01/31/2023 - 11:36:45: [basecommands.smx] "Console<0><Console><Console>" changed cvar (cvar "sn_hostname_format_new") (value "{AnneHappy}{Full}{Confogl}")
L 01/31/2023 - 11:36:46: [chat-processor.smx] Message formats generated for game 'left4dead2'.
L 01/31/2023 - 11:36:46: [chat-processor.smx] Successfully hooked a SayText2 chat hook.
L 01/31/2023 - 14:11:29: -------- Mapchange to c2m1_highway --------
L 01/31/2023 - 14:11:30: [basecommands.smx] "Console<0><Console><Console>" changed cvar (cvar "sv_minrate") (value "100000")
L 01/31/2023 - 14:11:30: [basecommands.smx] "Console<0><Console><Console>" changed cvar (cvar "sv_maxrate") (value "100000")
L 01/31/2023 - 14:11:30: [basecommands.smx] "Console<0><Console><Console>" changed cvar (cvar "sv_minupdaterate") (value "100")
L 01/31/2023 - 14:11:30: [basecommands.smx] "Console<0><Console><Console>" changed cvar (cvar "sv_maxupdaterate") (value "100")
L 01/31/2023 - 14:11:30: [basecommands.smx] "Console<0><Console><Console>" changed cvar (cvar "sv_mincmdrate") (value "100")
L 01/31/2023 - 14:11:30: [basecommands.smx] "Console<0><Console><Console>" changed cvar (cvar "sv_maxcmdrate") (value "100")
L 01/31/2023 - 14:11:30: [basecommands.smx] "Console<0><Console><Console>" changed cvar (cvar "sv_client_min_interp_ratio") (value "-1")
L 01/31/2023 - 14:11:30: [basecommands.smx] "Console<0><Console><Console>" changed cvar (cvar "sv_client_max_interp_ratio") (value "0")
L 01/31/2023 - 14:11:30: [basecommands.smx] "Console<0><Console><Console>" changed cvar (cvar "nb_update_frequency") (value "0.014")
L 01/31/2023 - 14:11:30: [basecommands.smx] "Console<0><Console><Console>" changed cvar (cvar "net_splitpacket_maxrate") (value "50000")
L 01/31/2023 - 14:11:30: [basecommands.smx] "Console<0><Console><Console>" changed cvar (cvar "fps_max") (value "0")
L 01/31/2023 - 14:11:30: [basecommands.smx] "Console<0><Console><Console>" changed cvar (cvar "sv_allow_wait_command") (value "0")
L 01/31/2023 - 14:11:30: [basecommands.smx] "Console<0><Console><Console>" changed cvar (cvar "tick_door_speed") (value "1.3")
L 01/31/2023 - 14:11:30: [basecommands.smx] "Console<0><Console><Console>" changed cvar (cvar "mp_autoteambalance") (value "0")
L 01/31/2023 - 14:11:30: [basecommands.smx] "Console<0><Console><Console>" changed cvar (cvar "sv_unlag_fixstuck") (value "1")
L 01/31/2023 - 14:11:30: [basecommands.smx] "Console<0><Console><Console>" changed cvar (cvar "z_brawl_chance") (value "0")
L 01/31/2023 - 14:11:30: [basecommands.smx] "Console<0><Console><Console>" changed cvar (cvar "sv_maxunlag") (value "1")
L 01/31/2023 - 14:11:30: [basecommands.smx] "Console<0><Console><Console>" changed cvar (cvar "sv_forcepreload") (value "1")
L 01/31/2023 - 14:11:30: [basecommands.smx] "Console<0><Console><Console>" changed cvar (cvar "sv_client_predict") (value "1")
L 01/31/2023 - 14:11:30: [basecommands.smx] "Console<0><Console><Console>" changed cvar (cvar "sv_client_cmdrate_difference") (value "0")
L 01/31/2023 - 14:11:30: [basecommands.smx] "Console<0><Console><Console>" changed cvar (cvar "sv_max_queries_sec_global") (value "10")
L 01/31/2023 - 14:11:30: [basecommands.smx] "Console<0><Console><Console>" changed cvar (cvar "sv_max_queries_sec") (value "3")
L 01/31/2023 - 14:11:30: [basecommands.smx] "Console<0><Console><Console>" changed cvar (cvar "sv_max_queries_window") (value "10")
L 01/31/2023 - 14:11:30: [basecommands.smx] "Console<0><Console><Console>" changed cvar (cvar "sv_player_stuck_tolerance") (value "5")
L 01/31/2023 - 14:11:30: [basecommands.smx] "Console<0><Console><Console>" changed cvar (cvar "sv_stats") (value "0")
L 01/31/2023 - 14:11:30: [basecommands.smx] "Console<0><Console><Console>" changed cvar (cvar "sv_clockcorrection_msecs") (value "25")
L 01/31/2023 - 14:11:30: [basecommands.smx] "Console<0><Console><Console>" changed cvar (cvar "sb_all_bot_game") (value "1")
L 01/31/2023 - 14:11:30: [basecommands.smx] "Console<0><Console><Console>" changed cvar (cvar "sv_allowupload") (value "0")
L 01/31/2023 - 14:11:30: [basecommands.smx] "Console<0><Console><Console>" changed cvar (cvar "sv_allowdownload") (value "0")
L 01/31/2023 - 14:11:30: [basecommands.smx] "Console<0><Console><Console>" changed cvar (cvar "decalfrequency") (value "1.0")
L 01/31/2023 - 14:11:30: [basecommands.smx] "Console<0><Console><Console>" changed cvar (cvar "mv_maxplayers") (value "12")
L 01/31/2023 - 14:11:30: [basecommands.smx] "Console<0><Console><Console>" changed cvar (cvar "sn_hostname_format") (value "{hostname} >> {gamemode}")
L 01/31/2023 - 14:11:30: [basecommands.smx] "Console<0><Console><Console>" changed cvar (cvar "sn_hostname_format_new") (value "{AnneHappy}{Full}{Confogl}")
L 01/31/2023 - 14:11:31: [chat-processor.smx] Message formats generated for game 'left4dead2'.
L 01/31/2023 - 14:11:31: [chat-processor.smx] Successfully hooked a SayText2 chat hook.
L 01/31/2023 - 14:12:29: -------- Mapchange to l4d2_daybreak01_hotel --------
L 01/31/2023 - 14:12:31: [confoglcompmod.smx] [MapInfo] MapInfo for l4d2_daybreak01_hotel is missing.
L 01/31/2023 - 14:12:31: [basecommands.smx] "Console<0><Console><Console>" changed cvar (cvar "sv_minrate") (value "100000")
L 01/31/2023 - 14:12:31: [basecommands.smx] "Console<0><Console><Console>" changed cvar (cvar "sv_maxrate") (value "100000")
L 01/31/2023 - 14:12:31: [basecommands.smx] "Console<0><Console><Console>" changed cvar (cvar "sv_minupdaterate") (value "100")
L 01/31/2023 - 14:12:31: [basecommands.smx] "Console<0><Console><Console>" changed cvar (cvar "sv_maxupdaterate") (value "100")
L 01/31/2023 - 14:12:31: [basecommands.smx] "Console<0><Console><Console>" changed cvar (cvar "sv_mincmdrate") (value "100")
L 01/31/2023 - 14:12:31: [basecommands.smx] "Console<0><Console><Console>" changed cvar (cvar "sv_maxcmdrate") (value "100")
L 01/31/2023 - 14:12:31: [basecommands.smx] "Console<0><Console><Console>" changed cvar (cvar "sv_client_min_interp_ratio") (value "-1")
L 01/31/2023 - 14:12:31: [basecommands.smx] "Console<0><Console><Console>" changed cvar (cvar "sv_client_max_interp_ratio") (value "0")
L 01/31/2023 - 14:12:31: [basecommands.smx] "Console<0><Console><Console>" changed cvar (cvar "nb_update_frequency") (value "0.014")
L 01/31/2023 - 14:12:31: [basecommands.smx] "Console<0><Console><Console>" changed cvar (cvar "net_splitpacket_maxrate") (value "50000")
L 01/31/2023 - 14:12:31: [basecommands.smx] "Console<0><Console><Console>" changed cvar (cvar "fps_max") (value "0")
L 01/31/2023 - 14:12:31: [basecommands.smx] "Console<0><Console><Console>" changed cvar (cvar "sv_allow_wait_command") (value "0")
L 01/31/2023 - 14:12:31: [basecommands.smx] "Console<0><Console><Console>" changed cvar (cvar "tick_door_speed") (value "1.3")
L 01/31/2023 - 14:12:31: [basecommands.smx] "Console<0><Console><Console>" changed cvar (cvar "mp_autoteambalance") (value "0")
L 01/31/2023 - 14:12:31: [basecommands.smx] "Console<0><Console><Console>" changed cvar (cvar "sv_unlag_fixstuck") (value "1")
L 01/31/2023 - 14:12:31: [basecommands.smx] "Console<0><Console><Console>" changed cvar (cvar "z_brawl_chance") (value "0")
L 01/31/2023 - 14:12:31: [basecommands.smx] "Console<0><Console><Console>" changed cvar (cvar "sv_maxunlag") (value "1")
L 01/31/2023 - 14:12:31: [basecommands.smx] "Console<0><Console><Console>" changed cvar (cvar "sv_forcepreload") (value "1")
L 01/31/2023 - 14:12:31: [basecommands.smx] "Console<0><Console><Console>" changed cvar (cvar "sv_client_predict") (value "1")
L 01/31/2023 - 14:12:31: [basecommands.smx] "Console<0><Console><Console>" changed cvar (cvar "sv_client_cmdrate_difference") (value "0")
L 01/31/2023 - 14:12:31: [basecommands.smx] "Console<0><Console><Console>" changed cvar (cvar "sv_max_queries_sec_global") (value "10")
L 01/31/2023 - 14:12:31: [basecommands.smx] "Console<0><Console><Console>" changed cvar (cvar "sv_max_queries_sec") (value "3")
L 01/31/2023 - 14:12:31: [basecommands.smx] "Console<0><Console><Console>" changed cvar (cvar "sv_max_queries_window") (value "10")
L 01/31/2023 - 14:12:31: [basecommands.smx] "Console<0><Console><Console>" changed cvar (cvar "sv_player_stuck_tolerance") (value "5")
L 01/31/2023 - 14:12:31: [basecommands.smx] "Console<0><Console><Console>" changed cvar (cvar "sv_stats") (value "0")
L 01/31/2023 - 14:12:31: [basecommands.smx] "Console<0><Console><Console>" changed cvar (cvar "sv_clockcorrection_msecs") (value "25")
L 01/31/2023 - 14:12:31: [basecommands.smx] "Console<0><Console><Console>" changed cvar (cvar "sb_all_bot_game") (value "1")
L 01/31/2023 - 14:12:31: [basecommands.smx] "Console<0><Console><Console>" changed cvar (cvar "sv_allowupload") (value "0")
L 01/31/2023 - 14:12:31: [basecommands.smx] "Console<0><Console><Console>" changed cvar (cvar "sv_allowdownload") (value "0")
L 01/31/2023 - 14:12:31: [basecommands.smx] "Console<0><Console><Console>" changed cvar (cvar "decalfrequency") (value "1.0")
L 01/31/2023 - 14:12:31: [basecommands.smx] "Console<0><Console><Console>" changed cvar (cvar "mv_maxplayers") (value "12")
L 01/31/2023 - 14:12:31: [basecommands.smx] "Console<0><Console><Console>" changed cvar (cvar "sn_hostname_format") (value "{hostname} >> {gamemode}")
L 01/31/2023 - 14:12:31: [basecommands.smx] "Console<0><Console><Console>" changed cvar (cvar "sn_hostname_format_new") (value "{AnneHappy}{Full}{Confogl}")
L 01/31/2023 - 14:12:32: [chat-processor.smx] Message formats generated for game 'left4dead2'.
L 01/31/2023 - 14:12:32: [chat-processor.smx] Successfully hooked a SayText2 chat hook.
L 01/31/2023 - 14:13:12: SourceMod log file session started (file "/root/Steam/steamapps/common/Left 4 Dead 2 Dedicated Server/left4dead2/addons/sourcemod2/logs/L20230131.log") (Version "1.11.0.6825")
L 01/31/2023 - 14:13:12: [GEOIP] GeoIP2 database loaded: GeoLite2-City (2019-12-17 20:01:26 UTC)
L 01/31/2023 - 14:13:12: [GEOIP] GeoIP2 supported languages: de en es fr ja pt-BR ru zh-CN
L 01/31/2023 - 14:13:17: [basecommands.smx] "Console<0><Console><Console>" changed cvar (cvar "sv_minrate") (value "100000")
L 01/31/2023 - 14:13:17: [basecommands.smx] "Console<0><Console><Console>" changed cvar (cvar "sv_maxrate") (value "100000")
L 01/31/2023 - 14:13:17: [basecommands.smx] "Console<0><Console><Console>" changed cvar (cvar "sv_minupdaterate") (value "100")
L 01/31/2023 - 14:13:17: [basecommands.smx] "Console<0><Console><Console>" changed cvar (cvar "sv_maxupdaterate") (value "100")
L 01/31/2023 - 14:13:17: [basecommands.smx] "Console<0><Console><Console>" changed cvar (cvar "sv_mincmdrate") (value "100")
L 01/31/2023 - 14:13:17: [basecommands.smx] "Console<0><Console><Console>" changed cvar (cvar "sv_maxcmdrate") (value "100")
L 01/31/2023 - 14:13:17: [basecommands.smx] "Console<0><Console><Console>" changed cvar (cvar "sv_client_min_interp_ratio") (value "-1")
L 01/31/2023 - 14:13:17: [basecommands.smx] "Console<0><Console><Console>" changed cvar (cvar "sv_client_max_interp_ratio") (value "0")
L 01/31/2023 - 14:13:17: [basecommands.smx] "Console<0><Console><Console>" changed cvar (cvar "nb_update_frequency") (value "0.014")
L 01/31/2023 - 14:13:17: [basecommands.smx] "Console<0><Console><Console>" changed cvar (cvar "net_splitpacket_maxrate") (value "50000")
L 01/31/2023 - 14:13:17: [basecommands.smx] "Console<0><Console><Console>" changed cvar (cvar "fps_max") (value "0")
L 01/31/2023 - 14:13:17: [basecommands.smx] "Console<0><Console><Console>" changed cvar (cvar "sv_allow_wait_command") (value "0")
L 01/31/2023 - 14:13:17: [basecommands.smx] "Console<0><Console><Console>" changed cvar (cvar "tick_door_speed") (value "1.3")
L 01/31/2023 - 14:13:17: [basecommands.smx] "Console<0><Console><Console>" changed cvar (cvar "mp_autoteambalance") (value "0")
L 01/31/2023 - 14:13:17: [basecommands.smx] "Console<0><Console><Console>" changed cvar (cvar "sv_unlag_fixstuck") (value "1")
L 01/31/2023 - 14:13:17: [basecommands.smx] "Console<0><Console><Console>" changed cvar (cvar "z_brawl_chance") (value "0")
L 01/31/2023 - 14:13:17: [basecommands.smx] "Console<0><Console><Console>" changed cvar (cvar "sv_maxunlag") (value "1")
L 01/31/2023 - 14:13:17: [basecommands.smx] "Console<0><Console><Console>" changed cvar (cvar "sv_forcepreload") (value "1")
L 01/31/2023 - 14:13:17: [basecommands.smx] "Console<0><Console><Console>" changed cvar (cvar "sv_client_predict") (value "1")
L 01/31/2023 - 14:13:17: [basecommands.smx] "Console<0><Console><Console>" changed cvar (cvar "sv_client_cmdrate_difference") (value "0")
L 01/31/2023 - 14:13:17: [basecommands.smx] "Console<0><Console><Console>" changed cvar (cvar "sv_max_queries_sec_global") (value "10")
L 01/31/2023 - 14:13:17: [basecommands.smx] "Console<0><Console><Console>" changed cvar (cvar "sv_max_queries_sec") (value "3")
L 01/31/2023 - 14:13:17: [basecommands.smx] "Console<0><Console><Console>" changed cvar (cvar "sv_max_queries_window") (value "10")
L 01/31/2023 - 14:13:17: [basecommands.smx] "Console<0><Console><Console>" changed cvar (cvar "sv_player_stuck_tolerance") (value "5")
L 01/31/2023 - 14:13:17: [basecommands.smx] "Console<0><Console><Console>" changed cvar (cvar "sv_stats") (value "0")
L 01/31/2023 - 14:13:17: [basecommands.smx] "Console<0><Console><Console>" changed cvar (cvar "sv_clockcorrection_msecs") (value "25")
L 01/31/2023 - 14:13:17: [basecommands.smx] "Console<0><Console><Console>" changed cvar (cvar "sb_all_bot_game") (value "1")
L 01/31/2023 - 14:13:17: [basecommands.smx] "Console<0><Console><Console>" changed cvar (cvar "sv_allowupload") (value "0")
L 01/31/2023 - 14:13:17: [basecommands.smx] "Console<0><Console><Console>" changed cvar (cvar "sv_allowdownload") (value "0")
L 01/31/2023 - 14:13:17: [basecommands.smx] "Console<0><Console><Console>" changed cvar (cvar "decalfrequency") (value "1.0")
L 01/31/2023 - 14:13:17: [basecommands.smx] "Console<0><Console><Console>" changed cvar (cvar "mv_maxplayers") (value "12")
L 01/31/2023 - 14:13:17: [basecommands.smx] "Console<0><Console><Console>" changed cvar (cvar "sn_hostname_format") (value "{hostname} >> {gamemode}")
L 01/31/2023 - 14:13:17: [basecommands.smx] "Console<0><Console><Console>" changed cvar (cvar "sn_hostname_format_new") (value "{AnneHappy}{Full}{Confogl}")
L 01/31/2023 - 14:13:17: [chat-processor.smx] Message formats generated for game 'left4dead2'.
L 01/31/2023 - 14:13:17: [chat-processor.smx] Successfully hooked a SayText2 chat hook.
