--=================================================================--
[17/02/2023 21:09:36] --- NEW MAP STARTED: c2m1_highway ---
--=================================================================--
--=================================================================--
[17/02/2023 22:32:39] --- NEW MAP STARTED: c2m1_highway ---
--=================================================================--
[22:33:24] [CN] 23℃                               has joined (STEAM_1:0:246466989 | 112.6.161.37)
[22:33:44] [CN] [Survivor   ] 23℃                               : /match
--=================================================================--
[17/02/2023 22:36:24] --- NEW MAP STARTED: c2m1_highway ---
--=================================================================--
[11:45:34] [CN] 23℃                               has joined (STEAM_1:0:246466989 | 61.162.51.227)
[11:46:25] [CN] [Survivor   ] 23℃                               : /fakelag 23
[11:46:33] [CN] [Survivor   ] 23℃                               : /fakelag 23 100
[11:47:03] [CN] [Survivor   ] 测试                              : /fakelag 测试 200
[11:47:51] [CN] [Survivor   ] 测试                              : /fakelag 测试 178
[11:48:39] [CN] [Survivor   ] 测试                              : /
[11:48:57] [CN] [Survivor   ] 2250                                : /fakelag 2250 300
[11:49:43] [CN] [Survivor   ] 2250                                : /match
[11:49:55] [CN] [Survivor   ] 2250                                : /match
