--=================================================================--
[10/02/2023 18:29:10] --- NEW MAP STARTED: c2m1_highway ---
--=================================================================--
[18:34:19] [CN] 23℃                               has joined (STEAM_1:0:246466989 | 223.149.50.218)
[18:34:38] [CN] [Survivor   ] 23℃                               : /vote
[18:35:01] [CN] [Survivor   ] 23℃                               : /match
[18:35:26] [CN] [Survivor   ] 23℃                               : /match
--=================================================================--
[10/02/2023 18:36:21] --- NEW MAP STARTED: c2m1_highway ---
--=================================================================--
[18:37:01] [CN] 23℃                               has joined (STEAM_1:0:246466989 | 223.149.50.218)
--=================================================================--
[10/02/2023 18:37:47] --- NEW MAP STARTED: c2m1_highway ---
--=================================================================--
[19:22:58] [CN] 23℃                               has joined (STEAM_1:0:246466989 | 223.149.50.218)
[19:23:10] [CN] [Survivor   ] 23℃                               : /match
--=================================================================--
[10/02/2023 19:27:32] --- NEW MAP STARTED: l4d2_diescraper1_apartment_361 ---
--=================================================================--
[19:27:35] [CN] [Infected   ] 23℃                               : /vote
--=================================================================--
[10/02/2023 19:28:01] --- NEW MAP STARTED: c2m1_highway ---
--=================================================================--
[19:35:04] [CN] 23℃                               has joined (STEAM_1:0:246466989 | 223.149.50.218)
[19:35:15] [CN] [Survivor   ] 23℃                               : /vote
[19:35:28] [CN] [Survivor   ] 23℃                               : /vote
--=================================================================--
[10/02/2023 19:35:34] --- NEW MAP STARTED: 2019_M1b ---
--=================================================================--
[19:35:43] [CN] 23℃                               has joined (STEAM_1:0:246466989 | 223.149.50.218)
[19:36:13] [CN] [Survivor   ] 23℃                               : /vote
--=================================================================--
[10/02/2023 19:36:21] --- NEW MAP STARTED: l4d_149_1 ---
--=================================================================--
[19:36:31] [CN] 23℃                               has joined (STEAM_1:0:246466989 | 223.149.50.218)
[19:36:37] [CN] [Survivor   ] 23℃                               : /vote
--=================================================================--
[10/02/2023 19:36:42] --- NEW MAP STARTED: jsarena201_town ---
--=================================================================--
[19:36:54] [CN] 23℃                               has joined (STEAM_1:0:246466989 | 223.149.50.218)
[19:37:18] [CN] [Survivor   ] 23℃                               : /vote
--=================================================================--
[10/02/2023 19:37:32] --- NEW MAP STARTED: l4d2_bts01_forest ---
--=================================================================--
[19:37:45] [CN] 23℃                               has joined (STEAM_1:0:246466989 | 223.149.50.218)
[19:37:58] [CN] [Survivor   ] 23℃                               : /vote
--=================================================================--
[10/02/2023 19:38:07] --- NEW MAP STARTED: bloodtracks_01 ---
--=================================================================--
[19:38:18] [CN] 23℃                               has joined (STEAM_1:0:246466989 | 223.149.50.218)
[19:38:24] [CN] [Survivor   ] 23℃                               : /vote
--=================================================================--
[10/02/2023 19:38:34] --- NEW MAP STARTED: cwm1_intro ---
--=================================================================--
[19:38:46] [CN] 23℃                               has joined (STEAM_1:0:246466989 | 223.149.50.218)
[19:38:53] [CN] [Survivor   ] 23℃                               : /vote
[19:39:01] [CN] [Survivor   ] 23℃                               : /vote
--=================================================================--
[10/02/2023 19:39:11] --- NEW MAP STARTED: cotd01_apartments ---
--=================================================================--
[19:39:21] [CN] 23℃                               has joined (STEAM_1:0:246466989 | 223.149.50.218)
[19:39:40] [CN] [Survivor   ] 23℃                               : /vote
--=================================================================--
[10/02/2023 19:39:46] --- NEW MAP STARTED: cedafever_m1 ---
--=================================================================--
[19:39:55] [CN] 23℃                               has joined (STEAM_1:0:246466989 | 223.149.50.218)
[19:40:26] [CN] [Survivor   ] 23℃                               : /vote
--=================================================================--
[10/02/2023 19:40:34] --- NEW MAP STARTED: l4d2_city17_01 ---
--=================================================================--
[19:40:46] [CN] 23℃                               has joined (STEAM_1:0:246466989 | 223.149.50.218)
[19:41:15] [CN] [Survivor   ] 23℃                               : /vote
--=================================================================--
[10/02/2023 19:41:25] --- NEW MAP STARTED: dkr_m1_motel ---
--=================================================================--
[19:41:34] [CN] 23℃                               has joined (STEAM_1:0:246466989 | 223.149.50.218)
[19:41:46] [CN] [Survivor   ] 23℃                               : /vote
--=================================================================--
[10/02/2023 19:41:56] --- NEW MAP STARTED: c5m1_darkwaterfront ---
--=================================================================--
[19:42:05] [CN] 23℃                               has joined (STEAM_1:0:246466989 | 223.149.50.218)
[19:42:30] [CN] [Survivor   ] 23℃                               : /vote
[19:42:42] [CN] [Survivor   ] 23℃                               : /vote
--=================================================================--
[10/02/2023 19:42:50] --- NEW MAP STARTED: dcr_m1_hotel ---
--=================================================================--
[19:43:04] [CN] 23℃                               has joined (STEAM_1:0:246466989 | 223.149.50.218)
[19:43:34] [CN] [Survivor   ] 23℃                               : /vote
[19:44:55] [CN] [Survivor   ] 23℃                               : /vote
[19:45:26] [CN] [Survivor   ] 23℃                               : /vote
--=================================================================--
[10/02/2023 19:45:37] --- NEW MAP STARTED: dprm1_milltown_a ---
--=================================================================--
[19:45:53] [CN] 23℃                               has joined (STEAM_1:0:246466989 | 223.149.50.218)
[19:46:44] [CN] [Survivor   ] 23℃                               : /vote
--=================================================================--
[10/02/2023 19:46:54] --- NEW MAP STARTED: death_sentence_1 ---
--=================================================================--
[19:47:05] [CN] 23℃                               has joined (STEAM_1:0:246466989 | 223.149.50.218)
[19:47:38] [CN] [Survivor   ] 23℃                               : /vote
--=================================================================--
[10/02/2023 19:47:48] --- NEW MAP STARTED: ddg1_tower_v2_1 ---
--=================================================================--
[19:48:05] [CN] 23℃                               has joined (STEAM_1:0:246466989 | 223.149.50.218)
[19:48:14] [CN] [Survivor   ] 23℃                               : /vote
[19:48:27] [CN] [Survivor   ] 23℃                               : /vote
[19:48:38] [CN] [Survivor   ] 23℃                               : /vote
[19:48:47] [CN] [Survivor   ] 23℃                               : /vote
[19:48:55] [CN] [Survivor   ] 23℃                               : /vote
--=================================================================--
[10/02/2023 19:49:09] --- NEW MAP STARTED: deadbeat01_forest ---
--=================================================================--
[19:49:26] [CN] 23℃                               has joined (STEAM_1:0:246466989 | 223.149.50.218)
[19:55:55] [CN] [Survivor   ] 23℃                               : /rs
--=================================================================--
[10/02/2023 19:56:10] --- NEW MAP STARTED: c2m1_highway ---
--=================================================================--
[19:59:21] [CN] 23℃                               has joined (STEAM_1:0:246466989 | 223.149.50.218)
[19:59:33] [CN] [Survivor   ] 23℃                               : /vote
[20:01:00] [CN] [Survivor   ] 23℃                               : /vote
[20:01:24] [CN] [Survivor   ] 23℃                               : /vote
[20:01:36] [CN] [Survivor   ] 23℃                               : /vote
[20:01:40] [CN] [Survivor   ] 23℃                               : /map
--=================================================================--
[10/02/2023 20:02:02] --- NEW MAP STARTED: l4d2_diescraper1_apartment_361 ---
--=================================================================--
[20:02:13] [CN] 23℃                               has joined (STEAM_1:0:246466989 | 223.149.50.218)
[20:02:35] [CN] [Survivor   ] 23℃                               : /match
--=================================================================--
[10/02/2023 20:06:07] --- NEW MAP STARTED: l4d2_diescraper1_apartment_361 ---
--=================================================================--
[20:06:10] [CN] [Infected   ] 23℃                               : /match
--=================================================================--
[10/02/2023 20:07:45] --- NEW MAP STARTED: c2m1_highway ---
--=================================================================--
[22:56:34] [CN] 潇洒哥（已黑化）            has joined (STEAM_1:0:182922075 | 223.74.56.244)
[22:56:51] [CN] [Survivor   ] 潇洒哥（已黑化）            : !vote
