--=================================================================--
[11/02/2023 22:57:55] --- NEW MAP STARTED: c2m1_highway ---
--=================================================================--
[23:10:26] [CN] 她却连个B都守不住           has joined (STEAM_1:0:625834323 | 120.239.45.216)
[23:10:35] [CN] [Survivor   ] 她却连个B都守不住           : (TEAM) /match
--=================================================================--
[11/02/2023 23:25:04] --- NEW MAP STARTED: c2m1_highway ---
--=================================================================--
[22:22:15] [CN] 23℃                               has joined (STEAM_1:0:246466989 | 223.149.20.228)
[22:23:14] [CN] [CN]Lobules                         has joined (STEAM_1:1:641139227 | 223.80.168.15)
[22:23:26] [CN] [Survivor   ] [CN]Lobules                         : 也？
[22:23:32] [CN] [Survivor   ] [CN]Lobules                         : 监狱3
[22:23:35] [CN] [Survivor   ] 23℃                               : 嗯
[22:23:38] [CN] [Survivor   ] 23℃                               : 1 2 3
[22:23:50] [CN] [Survivor   ] [CN]Lobules                         : 嘶，允许mod居然
[22:24:03] [CN] [Survivor   ] 23℃                               : 换模式就不可以了
[22:24:13] [CN] [Survivor   ] [CN]Lobules                         : 虽然我没打过啥作弊mod
[22:24:23] [CN] [Survivor   ] 23℃                               : [hop] #1 moyu server|Standard - c2m1_highway (2/12) [type !servers to join]
[22:24:26] [CN] [Survivor   ] [CN]Lobules                         : 除了移除准心的红点
[22:24:29] [CN] [Survivor   ] 23℃                               : 就是我们这个服
[22:24:41] [CN] [Survivor   ] [CN]Lobules                         : 啊？
[22:24:47] [CN] Managic                             has joined (STEAM_1:0:503063231 | 113.195.225.129)
[22:24:56] [CN] [Survivor   ] [CN]Lobules                         : 这子弹……
[22:25:05] [CN] [Survivor   ] [CN]Lobules                         : 这么一看澪的延迟不高
[22:25:10] [CN] [Survivor   ] [CN]Lobules                         : /vote
[22:25:21] [CN] [Survivor   ] 23℃                               : 你哪里人
[22:25:28] [CN] [Survivor   ] [CN]Lobules                         : /smg
[22:25:31] [CN] [Survivor   ] 23℃                               : 我服务器上海的
[22:25:40] [CN] [Survivor   ] [CN]Lobules                         : 芜湖
[22:26:09] [CN] [Survivor   ] 23℃                               : 那边多一点呗
[22:26:18] [CN] Hush                                has joined (STEAM_1:1:428159871 | 114.238.130.128)
[22:26:18] [CN] [Survivor   ] [CN]Lobules                         : 延迟低的舒服
[22:26:22] [CN] [Survivor   ] 23℃                               : /match
