--=================================================================--
[31/12/2022 01:10:32] --- NEW MAP STARTED: c2m1_highway ---
--=================================================================--
[01:11:02] [CN] 水面                              has joined (STEAM_1:0:246466989 | 223.149.22.35)
[01:11:31] [CN] [Survivor   ] 水面                              : !vote
[01:11:44] [CN] [Survivor   ] 水面                              : !vote
--=================================================================--
[31/12/2022 01:11:58] --- NEW MAP STARTED: c8m5_rooftop ---
--=================================================================--
[01:12:08] [CN] 水面                              has joined (STEAM_1:0:246466989 | 223.149.22.35)
[01:12:14] [CN] [Survivor   ] 水面                              : !match
--=================================================================--
[31/12/2022 01:19:46] --- NEW MAP STARTED: c8m5_rooftop ---
--=================================================================--
[01:19:47] [CN] [Survivor   ] 水面                              : !match
--=================================================================--
[31/12/2022 01:20:57] --- NEW MAP STARTED: c2m1_highway ---
--=================================================================--
--=================================================================--
[31/12/2022 01:23:52] --- NEW MAP STARTED: c2m1_highway ---
--=================================================================--
--=================================================================--
[31/12/2022 01:24:33] --- NEW MAP STARTED: c2m1_highway ---
--=================================================================--
[01:25:36] [CN] 水面                              has joined (STEAM_1:0:246466989 | 223.149.22.35)
[01:25:49] [CN] [Survivor   ] 水面                              : !map
--=================================================================--
[31/12/2022 01:25:57] --- NEW MAP STARTED: c8m5_rooftop ---
--=================================================================--
[01:26:05] [CN] 水面                              has joined (STEAM_1:0:246466989 | 223.149.22.35)
[01:26:09] [CN] [Survivor   ] 水面                              : !match
--=================================================================--
[31/12/2022 01:30:23] --- NEW MAP STARTED: c2m1_highway ---
--=================================================================--
--=================================================================--
[31/12/2022 01:32:40] --- NEW MAP STARTED: c2m1_highway ---
--=================================================================--
--=================================================================--
[31/12/2022 01:49:32] --- NEW MAP STARTED: c2m1_highway ---
--=================================================================--
[01:50:10] [CN] 水面                              has joined (STEAM_1:0:246466989 | 223.149.22.35)
[01:50:20] [CN] [Survivor   ] 水面                              : !match
--=================================================================--
[31/12/2022 01:52:33] --- NEW MAP STARTED: c2m1_highway ---
--=================================================================--
--=================================================================--
[31/12/2022 14:11:06] --- NEW MAP STARTED: c2m1_highway ---
--=================================================================--
[14:17:06] [CN] 水面                              has joined (STEAM_1:0:246466989 | 223.149.22.35)
[14:17:16] [CN] [Survivor   ] 水面                              : !match
--=================================================================--
[31/12/2022 14:22:26] --- NEW MAP STARTED: c2m1_highway ---
--=================================================================--
--=================================================================--
[31/12/2022 14:24:51] --- NEW MAP STARTED: c2m1_highway ---
--=================================================================--
--=================================================================--
[31/12/2022 15:18:21] --- NEW MAP STARTED: c2m1_highway ---
--=================================================================--
--=================================================================--
[31/12/2022 15:21:10] --- NEW MAP STARTED: c2m1_highway ---
--=================================================================--
--=================================================================--
[31/12/2022 15:25:15] --- NEW MAP STARTED: c2m1_highway ---
--=================================================================--
--=================================================================--
[31/12/2022 15:28:29] --- NEW MAP STARTED: c2m1_highway ---
--=================================================================--
[15:29:40] [CN] 水面                              has joined (STEAM_1:0:246466989 | 223.149.22.35)
--=================================================================--
[31/12/2022 15:30:12] --- NEW MAP STARTED: c2m1_highway ---
--=================================================================--
[15:31:36] [CN] 水面                              has joined (STEAM_1:0:246466989 | 223.149.22.35)
[15:33:04] [CN] [Survivor   ] 水面                              : !match
--=================================================================--
[31/12/2022 15:36:25] --- NEW MAP STARTED: c2m1_highway ---
--=================================================================--
[15:36:27] [CN] [Infected   ] 水面                              : !matcj
[15:36:37] [CN] [Infected   ] 水面                              : !match
--=================================================================--
[31/12/2022 15:38:11] --- NEW MAP STARTED: c2m1_highway ---
--=================================================================--
--=================================================================--
[31/12/2022 15:40:24] --- NEW MAP STARTED: c2m1_highway ---
--=================================================================--
[15:41:03] [CN] 水面                              has joined (STEAM_1:0:246466989 | 223.149.22.35)
[15:42:04] [CN] [Survivor   ] 水面                              : !map
--=================================================================--
[31/12/2022 15:42:13] --- NEW MAP STARTED: c8m5_rooftop ---
--=================================================================--
[15:42:23] [CN] 水面                              has joined (STEAM_1:0:246466989 | 223.149.22.35)
[15:42:30] [CN] [Survivor   ] 水面                              : !match
--=================================================================--
[31/12/2022 15:44:58] --- NEW MAP STARTED: c8m5_rooftop ---
--=================================================================--
[15:45:02] [CN] [Infected   ] 水面                              : /match
--=================================================================--
[31/12/2022 15:46:35] --- NEW MAP STARTED: c8m5_rooftop ---
--=================================================================--
[15:46:37] [CN] [Survivor   ] 水面                              : !match
--=================================================================--
[31/12/2022 15:49:23] --- NEW MAP STARTED: c2m1_highway ---
--=================================================================--
--=================================================================--
[31/12/2022 15:52:41] --- NEW MAP STARTED: c2m1_highway ---
--=================================================================--
[15:53:42] [CN] 水面                              has joined (STEAM_1:0:246466989 | 223.149.22.35)
[15:54:07] [CN] [Survivor   ] 水面                              : !match
--=================================================================--
[31/12/2022 15:57:22] --- NEW MAP STARTED: c2m1_highway ---
--=================================================================--
[15:57:28] [CN] [Infected   ] 水面                              : !match
--=================================================================--
[31/12/2022 15:58:58] --- NEW MAP STARTED: c2m1_highway ---
--=================================================================--
--=================================================================--
[31/12/2022 16:06:49] --- NEW MAP STARTED: c2m1_highway ---
--=================================================================--
[16:07:25] [CN] 水面                              has joined (STEAM_1:0:246466989 | 223.149.22.35)
[16:07:48] [CN] [Survivor   ] 水面                              : /match
[16:08:04] [CN] [Survivor   ] 水面                              : /match
--=================================================================--
[31/12/2022 16:11:40] --- NEW MAP STARTED: c2m1_highway ---
--=================================================================--
[16:11:57] [CN] 水面                              has joined (STEAM_1:0:246466989 | 223.149.22.35)
[16:12:39] [CN] [Survivor   ] 水面                              : /match
--=================================================================--
[31/12/2022 16:17:35] --- NEW MAP STARTED: c8m5_rooftop ---
--=================================================================--
[16:17:39] [CN] [Survivor   ] 水面                              : !match
--=================================================================--
[31/12/2022 16:18:11] --- NEW MAP STARTED: c8m5_rooftop ---
--=================================================================--
[16:18:14] [CN] [Survivor   ] 水面                              : !match
--=================================================================--
[31/12/2022 16:34:10] --- NEW MAP STARTED: c2m1_highway ---
--=================================================================--
--=================================================================--
[31/12/2022 16:43:23] --- NEW MAP STARTED: c2m1_highway ---
--=================================================================--
[16:43:52] [CN] 水面                              has joined (STEAM_1:0:246466989 | 223.149.22.35)
[16:44:02] [CN] [Survivor   ] 水面                              : /match
--=================================================================--
[31/12/2022 16:46:06] --- NEW MAP STARTED: c2m1_highway ---
--=================================================================--
--=================================================================--
[31/12/2022 17:18:38] --- NEW MAP STARTED: c2m1_highway ---
--=================================================================--
[17:19:39] [CN] 水面                              has joined (STEAM_1:0:246466989 | 223.149.22.35)
[17:21:08] [CN] [Survivor   ] 水面                              : /match
--=================================================================--
[31/12/2022 17:27:31] --- NEW MAP STARTED: c2m1_highway ---
--=================================================================--
[17:27:34] [CN] [Survivor   ] 水面                              : !,match
[17:27:37] [CN] [Survivor   ] 水面                              : /match
--=================================================================--
[31/12/2022 17:29:43] --- NEW MAP STARTED: c2m1_highway ---
--=================================================================--
--=================================================================--
[31/12/2022 17:57:40] --- NEW MAP STARTED: c2m1_highway ---
--=================================================================--
--=================================================================--
[31/12/2022 17:58:53] --- NEW MAP STARTED: c2m1_highway ---
--=================================================================--
--=================================================================--
[31/12/2022 17:59:24] --- NEW MAP STARTED: c2m1_highway ---
--=================================================================--
--=================================================================--
[31/12/2022 18:04:45] --- NEW MAP STARTED: c2m1_highway ---
--=================================================================--
[23:35:01] [CN] 水面                              has joined (STEAM_1:0:246466989 | 223.149.22.35)
[23:35:18] [CN] [Survivor   ] 水面                              : !match
--=================================================================--
[31/12/2022 23:37:43] --- NEW MAP STARTED: c2m1_highway ---
--=================================================================--
[13:55:25] [CN] 水面                              has joined (STEAM_1:0:246466989 | 223.149.22.35)
[13:56:15] [CN] [Survivor   ] 水面                              : /match
