--=================================================================--
[30/12/2022 12:13:17] --- NEW MAP STARTED: c2m1_highway ---
--=================================================================--
[12:16:01] [CN] 水面                              has joined (STEAM_1:0:246466989 | 223.149.22.35)
[12:16:13] [CN] [Survivor   ] 水面                              : !match
[12:16:38] [CN] [Survivor   ] 水面                              : !match
[12:17:03] [CN] [Survivor   ] 水面                              : !match
--=================================================================--
[30/12/2022 12:45:38] --- NEW MAP STARTED: c2m1_highway ---
--=================================================================--
--=================================================================--
[30/12/2022 15:28:56] --- NEW MAP STARTED: c2m1_highway ---
--=================================================================--
[15:30:13] [CN] 水面                              has joined (STEAM_1:0:246466989 | 223.149.22.35)
[15:30:30] [CN] [Survivor   ] 水面                              : !vote
[15:30:47] [CN] [Survivor   ] 水面                              : !match
[15:30:58] [CN] [Survivor   ] 水面                              : !vote
--=================================================================--
[30/12/2022 15:31:10] --- NEW MAP STARTED: c8m5_rooftop ---
--=================================================================--
[15:31:18] [CN] 水面                              has joined (STEAM_1:0:246466989 | 223.149.22.35)
[15:31:28] [CN] [Survivor   ] 水面                              : !match
--=================================================================--
[30/12/2022 16:08:43] --- NEW MAP STARTED: roofdownthedrain ---
--=================================================================--
[16:08:45] [CN] [Survivor   ] 水面                              : !match
[16:08:49] [CN] [Survivor   ] 水面                              : !vote
--=================================================================--
[30/12/2022 16:09:02] --- NEW MAP STARTED: c8m5_rooftop ---
--=================================================================--
[16:09:12] [CN] 水面                              has joined (STEAM_1:0:246466989 | 223.149.22.35)
[16:09:16] [CN] emileseb5                           has joined (STEAM_1:0:632143659 | 106.5.23.191)
[16:09:20] [CN] [Survivor   ] 水面                              : !match
--=================================================================--
[30/12/2022 16:23:43] --- NEW MAP STARTED: c2m1_highway ---
--=================================================================--
--=================================================================--
[30/12/2022 22:58:40] --- NEW MAP STARTED: c2m1_highway ---
--=================================================================--
