--=================================================================--
[13/11/2022 11:35:16] --- NEW MAP STARTED: c8m5_rooftop ---
--=================================================================--
--=================================================================--
[13/11/2022 11:36:15] --- NEW MAP STARTED: c8m5_rooftop ---
--=================================================================--
[11:38:14] [CN] Hitori Gotoh                        has joined (STEAM_1:0:246466989 | 112.6.193.11)
[11:38:50] [CN] [Survivor   ] Hitori Gotoh                        : !vote
[11:38:54] [CN] [Survivor   ] Hitori Gotoh                        : !match
--=================================================================--
[13/11/2022 11:39:15] --- NEW MAP STARTED: c8m5_rooftop ---
--=================================================================--
--=================================================================--
[13/11/2022 11:39:20] --- NEW MAP STARTED: c8m5_rooftop ---
--=================================================================--
[11:39:27] [CN] Hitori Gotoh                        has joined (STEAM_1:0:246466989 | 112.6.193.11)
[11:39:33] [CN] [Infected   ] Hitori Gotoh                        : !hide
[11:39:36] [CN] [Infected   ] Hitori Gotoh                        : !map
--=================================================================--
[13/11/2022 11:39:43] --- NEW MAP STARTED: c2m1_highway ---
--=================================================================--
[11:39:54] [CN] Hitori Gotoh                        has joined (STEAM_1:0:246466989 | 112.6.193.11)
[11:44:38] [CN] [Survivor   ] Hitori Gotoh                        : !rmatch
--=================================================================--
[13/11/2022 11:44:39] --- NEW MAP STARTED: c2m1_highway ---
--=================================================================--
[11:44:42] [CN] [Survivor   ] Hitori Gotoh                        : !match
--=================================================================--
[13/11/2022 11:44:45] --- NEW MAP STARTED: c2m1_highway ---
--=================================================================--
--=================================================================--
[13/11/2022 11:44:50] --- NEW MAP STARTED: c2m1_highway ---
--=================================================================--
[11:45:00] [CN] Hitori Gotoh                        has joined (STEAM_1:0:246466989 | 112.6.193.11)
[11:46:51] [CN] [Survivor   ] Hitori Gotoh                        : !rmatch
--=================================================================--
[13/11/2022 11:46:52] --- NEW MAP STARTED: c2m1_highway ---
--=================================================================--
--=================================================================--
[13/11/2022 11:47:10] --- NEW MAP STARTED: c8m5_rooftop ---
--=================================================================--
[12:57:19] [CN] Hitori Gotoh                        has joined (STEAM_1:0:246466989 | 112.6.193.11)
--=================================================================--
[13/11/2022 12:58:33] --- NEW MAP STARTED: c8m5_rooftop ---
--=================================================================--
[12:35:51] [CN] 我是小孤独！                  has joined (STEAM_1:0:246466989 | 223.104.193.102)
[12:35:59] [CN] [Survivor   ] 我是小孤独！                  : !map
