--=================================================================--
[07/12/2022 09:53:14] --- NEW MAP STARTED: c2m1_highway ---
--=================================================================--
--=================================================================--
[07/12/2022 20:51:49] --- NEW MAP STARTED: c2m1_highway ---
--=================================================================--
--=================================================================--
[07/12/2022 21:15:16] --- NEW MAP STARTED: c2m1_highway ---
--=================================================================--
[21:17:22] [CN] wouldn't ya?                        has joined (STEAM_1:0:246466989 | 61.162.51.177)
[21:17:33] [CN] [Survivor   ] wouldn't ya?                        : !match
[21:18:00] [CN] [Survivor   ] wouldn't ya?                        : !match
[21:18:41] [CN] [Survivor   ] wouldn't ya?                        : !match
--=================================================================--
[07/12/2022 21:19:34] --- NEW MAP STARTED: c2m1_highway ---
--=================================================================--
--=================================================================--
[07/12/2022 21:19:40] --- NEW MAP STARTED: c2m1_highway ---
--=================================================================--
[21:20:09] [CN] wouldn't ya?                        has joined (STEAM_1:0:246466989 | 61.162.51.177)
--=================================================================--
[07/12/2022 21:20:27] --- NEW MAP STARTED: c2m1_highway ---
--=================================================================--
[21:21:00] [CN] wouldn't ya?                        has joined (STEAM_1:0:246466989 | 61.162.51.177)
[21:21:14] [CN] [Survivor   ] wouldn't ya?                        : !match
--=================================================================--
[07/12/2022 21:29:14] --- NEW MAP STARTED: c2m1_highway ---
--=================================================================--
[18:36:32] [CN] 凌风风凌风                     has joined (STEAM_1:0:549656678 | 112.101.141.26)
