--=================================================================--
[29/10/2022 16:45:23] --- NEW MAP STARTED: c2m1_highway ---
--=================================================================--
[16:46:02] [CN] 23℃                               has joined (STEAM_1:0:246466989 | 61.179.137.69)
[16:46:13] [CN] [Survivor   ] 23℃                               : !map
--=================================================================--
[29/10/2022 16:46:21] --- NEW MAP STARTED: c8m5_rooftop ---
--=================================================================--
[16:46:28] [CN] 23℃                               has joined (STEAM_1:0:246466989 | 61.179.137.69)
[16:46:45] [CN] [Survivor   ] 23℃                               : !match
--=================================================================--
[29/10/2022 16:46:50] --- NEW MAP STARTED: c8m5_rooftop ---
--=================================================================--
[16:48:05] [CN] [Survivor   ] 23℃                               : !match
--=================================================================--
[29/10/2022 16:48:28] --- NEW MAP STARTED: c2m1_highway ---
--=================================================================--
--=================================================================--
[29/10/2022 16:50:16] --- NEW MAP STARTED: c2m1_highway ---
--=================================================================--
--=================================================================--
[29/10/2022 16:52:12] --- NEW MAP STARTED: c2m1_highway ---
--=================================================================--
[16:52:38] [CN] 23℃                               has joined (STEAM_1:0:246466989 | 61.179.137.69)
[16:52:49] [CN] [Survivor   ] 23℃                               : !match
--=================================================================--
[29/10/2022 16:52:55] --- NEW MAP STARTED: c2m1_highway ---
--=================================================================--
--=================================================================--
[29/10/2022 16:53:01] --- NEW MAP STARTED: c2m1_highway ---
--=================================================================--
[16:53:09] [CN] 23℃                               has joined (STEAM_1:0:246466989 | 61.179.137.69)
[16:53:31] [CN] [Infected   ] 23℃                               : !map
[16:53:35] [CN] [Infected   ] 23℃                               : !hide
[16:53:37] [CN] [Infected   ] 23℃                               : !map
--=================================================================--
[29/10/2022 16:53:46] --- NEW MAP STARTED: c8m5_rooftop ---
--=================================================================--
[16:53:52] [CN] 23℃                               has joined (STEAM_1:0:246466989 | 61.179.137.69)
[16:54:09] [CN] [Survivor   ] 23℃                               : !rmatch
--=================================================================--
[29/10/2022 16:54:10] --- NEW MAP STARTED: c8m5_rooftop ---
--=================================================================--
[16:54:23] [CN] [Survivor   ] 23℃                               : !match
--=================================================================--
[29/10/2022 16:54:25] --- NEW MAP STARTED: c8m5_rooftop ---
--=================================================================--
[16:54:47] [CN] [Survivor   ] 23℃                               : !mp_gameomde scavenge
--=================================================================--
[29/10/2022 16:55:31] --- NEW MAP STARTED: c2m1_highway ---
--=================================================================--
[16:56:37] [CN] 23℃                               has joined (STEAM_1:0:246466989 | 61.179.137.69)
[16:57:50] [CN] [Survivor   ] 23℃                               : !match
--=================================================================--
[29/10/2022 16:57:56] --- NEW MAP STARTED: c2m1_highway ---
--=================================================================--
--=================================================================--
[29/10/2022 16:58:41] --- NEW MAP STARTED: c2m1_highway ---
--=================================================================--
[21:37:22] [CN] 23℃                               has joined (STEAM_1:0:246466989 | 61.179.137.69)
[21:38:06] [CN] [Survivor   ] 23℃                               : !match
--=================================================================--
[29/10/2022 21:38:08] --- NEW MAP STARTED: c2m1_highway ---
--=================================================================--
--=================================================================--
[29/10/2022 21:38:47] --- NEW MAP STARTED: c2m1_highway ---
--=================================================================--
[21:38:58] [CN] 23℃                               has joined (STEAM_1:0:246466989 | 61.179.137.69)
[21:39:15] [CN] [Survivor   ] 23℃                               : !match
[21:39:22] [CN] [Survivor   ] 23℃                               : !match
--=================================================================--
[29/10/2022 21:39:29] --- NEW MAP STARTED: c2m1_highway ---
--=================================================================--
--=================================================================--
[29/10/2022 21:39:34] --- NEW MAP STARTED: c2m1_highway ---
--=================================================================--
[21:39:43] [CN] 23℃                               has joined (STEAM_1:0:246466989 | 61.179.137.69)
--=================================================================--
[29/10/2022 21:41:06] --- NEW MAP STARTED: c2m1_highway ---
--=================================================================--
--=================================================================--
[29/10/2022 22:47:46] --- NEW MAP STARTED: c2m1_highway ---
--=================================================================--
[22:48:16] [CN] 23℃                               has joined (STEAM_1:0:246466989 | 61.179.137.69)
[22:48:28] [CN] [Survivor   ] 23℃                               : !map
--=================================================================--
[29/10/2022 22:48:37] --- NEW MAP STARTED: c8m5_rooftop ---
--=================================================================--
[22:48:44] [CN] 23℃                               has joined (STEAM_1:0:246466989 | 61.179.137.69)
[22:48:48] [CN] [Survivor   ] 23℃                               : !match
--=================================================================--
[29/10/2022 22:48:50] --- NEW MAP STARTED: c8m5_rooftop ---
--=================================================================--
--=================================================================--
[29/10/2022 22:48:54] --- NEW MAP STARTED: c8m5_rooftop ---
--=================================================================--
[22:49:00] [CN] 23℃                               has joined (STEAM_1:0:246466989 | 61.179.137.69)
[22:54:57] [CN] [Survivor   ] 23℃                               : !rmatch
--=================================================================--
[29/10/2022 22:54:58] --- NEW MAP STARTED: c8m5_rooftop ---
--=================================================================--
[22:55:04] [CN] [Survivor   ] 23℃                               : !match
--=================================================================--
[29/10/2022 22:55:10] --- NEW MAP STARTED: c8m5_rooftop ---
--=================================================================--
--=================================================================--
[29/10/2022 22:55:36] --- NEW MAP STARTED: c2m1_highway ---
--=================================================================--
[23:13:40] [CN] 23℃                               has joined (STEAM_1:0:246466989 | 61.179.137.69)
[23:13:57] [CN] [Survivor   ] 23℃                               : !match
--=================================================================--
[29/10/2022 23:14:03] --- NEW MAP STARTED: c2m1_highway ---
--=================================================================--
--=================================================================--
[29/10/2022 23:14:08] --- NEW MAP STARTED: c2m1_highway ---
--=================================================================--
[23:14:18] [CN] 23℃                               has joined (STEAM_1:0:246466989 | 61.179.137.69)
[23:17:30] [CN] [Survivor   ] 23℃                               : !rmatch
--=================================================================--
[29/10/2022 23:17:31] --- NEW MAP STARTED: c2m1_highway ---
--=================================================================--
[23:17:34] [CN] [Survivor   ] 23℃                               : !match
--=================================================================--
[29/10/2022 23:17:38] --- NEW MAP STARTED: c2m1_highway ---
--=================================================================--
--=================================================================--
[29/10/2022 23:18:06] --- NEW MAP STARTED: c2m1_highway ---
--=================================================================--
[23:18:43] [CN] 23℃                               has joined (STEAM_1:0:246466989 | 61.179.137.69)
[23:18:53] [CN] [Survivor   ] 23℃                               : !match
--=================================================================--
[29/10/2022 23:18:56] --- NEW MAP STARTED: c2m1_highway ---
--=================================================================--
--=================================================================--
[29/10/2022 23:19:20] --- NEW MAP STARTED: c2m1_highway ---
--=================================================================--
[23:20:32] [CN] 23℃                               has joined (STEAM_1:0:246466989 | 61.179.137.69)
[23:20:42] [CN] [Survivor   ] 23℃                               : !match
--=================================================================--
[29/10/2022 23:20:48] --- NEW MAP STARTED: c2m1_highway ---
--=================================================================--
--=================================================================--
[29/10/2022 23:20:53] --- NEW MAP STARTED: c2m1_highway ---
--=================================================================--
[23:21:02] [CN] 23℃                               has joined (STEAM_1:0:246466989 | 61.179.137.69)
[23:25:09] [CN] [Survivor   ] 23℃                               : !rmatch
--=================================================================--
[29/10/2022 23:25:10] --- NEW MAP STARTED: c2m1_highway ---
--=================================================================--
[23:25:16] [CN] [Survivor   ] 23℃                               : !match
--=================================================================--
[29/10/2022 23:25:19] --- NEW MAP STARTED: c2m1_highway ---
--=================================================================--
--=================================================================--
[29/10/2022 23:25:24] --- NEW MAP STARTED: c2m1_highway ---
--=================================================================--
[23:25:34] [CN] 23℃                               has joined (STEAM_1:0:246466989 | 61.179.137.69)
[23:26:58] [CN] [Survivor   ] 23℃                               : !rmatch
--=================================================================--
[29/10/2022 23:26:59] --- NEW MAP STARTED: c2m1_highway ---
--=================================================================--
[23:27:04] [CN] [Survivor   ] 23℃                               : !match
--=================================================================--
[29/10/2022 23:27:07] --- NEW MAP STARTED: c2m1_highway ---
--=================================================================--
--=================================================================--
[29/10/2022 23:27:12] --- NEW MAP STARTED: c2m1_highway ---
--=================================================================--
[23:27:22] [CN] 23℃                               has joined (STEAM_1:0:246466989 | 61.179.137.69)
[23:27:32] [CN] [Survivor   ] 23℃                               : !rmatch
--=================================================================--
[29/10/2022 23:27:33] --- NEW MAP STARTED: c2m1_highway ---
--=================================================================--
[23:27:37] [CN] [Survivor   ] 23℃                               : !match
--=================================================================--
[29/10/2022 23:27:40] --- NEW MAP STARTED: c2m1_highway ---
--=================================================================--
--=================================================================--
[29/10/2022 23:27:45] --- NEW MAP STARTED: c2m1_highway ---
--=================================================================--
[23:27:55] [CN] 23℃                               has joined (STEAM_1:0:246466989 | 61.179.137.69)
[23:28:36] [CN] [Survivor   ] 23℃                               : !rmatch
--=================================================================--
[29/10/2022 23:28:37] --- NEW MAP STARTED: c2m1_highway ---
--=================================================================--
[23:28:40] [CN] [Survivor   ] 23℃                               : !match
--=================================================================--
[29/10/2022 23:28:48] --- NEW MAP STARTED: c2m1_highway ---
--=================================================================--
--=================================================================--
[29/10/2022 23:28:53] --- NEW MAP STARTED: c2m1_highway ---
--=================================================================--
[23:29:03] [CN] 23℃                               has joined (STEAM_1:0:246466989 | 61.179.137.69)
[23:29:36] [CN] [Survivor   ] 23℃                               : !rmatch
--=================================================================--
[29/10/2022 23:29:37] --- NEW MAP STARTED: c2m1_highway ---
--=================================================================--
[23:29:50] [CN] [Survivor   ] 23℃                               : !match
--=================================================================--
[29/10/2022 23:29:53] --- NEW MAP STARTED: c2m1_highway ---
--=================================================================--
--=================================================================--
[29/10/2022 23:29:58] --- NEW MAP STARTED: c2m1_highway ---
--=================================================================--
[23:30:08] [CN] 23℃                               has joined (STEAM_1:0:246466989 | 61.179.137.69)
[23:31:41] [CN] [Survivor   ] 23℃                               : !rmatch
--=================================================================--
[29/10/2022 23:31:42] --- NEW MAP STARTED: c2m1_highway ---
--=================================================================--
[23:31:47] [CN] [Survivor   ] 23℃                               : !match
--=================================================================--
[29/10/2022 23:31:53] --- NEW MAP STARTED: c2m1_highway ---
--=================================================================--
--=================================================================--
[29/10/2022 23:32:18] --- NEW MAP STARTED: c2m1_highway ---
--=================================================================--
[01:07:27] [CN] 伊比利亚的海风               has joined (STEAM_1:1:476623145 | 112.49.146.74)
[01:08:03] [CN] [Survivor   ] 伊比利亚的海风               : !match
[01:12:22] [CN] [Survivor   ] 伊比利亚的海风               : !m
