--=================================================================--
[16/01/2023 12:19:57] --- NEW MAP STARTED: c2m1_highway ---
--=================================================================--
--=================================================================--
[16/01/2023 12:25:11] --- NEW MAP STARTED: c2m1_highway ---
--=================================================================--
--=================================================================--
[16/01/2023 13:06:33] --- NEW MAP STARTED: c2m1_highway ---
--=================================================================--
--=================================================================--
[16/01/2023 13:38:20] --- NEW MAP STARTED: c2m1_highway ---
--=================================================================--
[13:41:28] [CN] 予感                              has joined (STEAM_1:0:246466989 | 223.149.48.110)
[13:44:48] [CN] [Infected   ] 予感                              : /match
[13:46:00] [CN] [Infected   ] 予感                              : /jg
--=================================================================--
[16/01/2023 13:47:04] --- NEW MAP STARTED: c2m1_highway ---
--=================================================================--
--=================================================================--
[16/01/2023 14:43:19] --- NEW MAP STARTED: c2m1_highway ---
--=================================================================--
--=================================================================--
[16/01/2023 14:47:56] --- NEW MAP STARTED: c2m1_highway ---
--=================================================================--
[14:50:22] [CN] 予感                              has joined (STEAM_1:0:246466989 | 223.149.48.110)
--=================================================================--
[16/01/2023 14:54:46] --- NEW MAP STARTED: c2m1_highway ---
--=================================================================--
--=================================================================--
[16/01/2023 15:05:15] --- NEW MAP STARTED: c2m1_highway ---
--=================================================================--
[15:32:00] [CN] 予感                              has joined (STEAM_1:0:246466989 | 223.149.48.110)
[15:32:26] [CN] [Infected   ] 予感                              : /match
--=================================================================--
[16/01/2023 15:36:51] --- NEW MAP STARTED: c2m1_highway ---
--=================================================================--
--=================================================================--
[16/01/2023 15:54:46] --- NEW MAP STARTED: c2m1_highway ---
--=================================================================--
[15:59:42] [CN] 予感                              has joined (STEAM_1:0:246466989 | 223.149.48.110)
[16:02:13] [CN] [Survivor   ] 予感                              : /match
--=================================================================--
[16/01/2023 16:09:10] --- NEW MAP STARTED: c2m1_highway ---
--=================================================================--
--=================================================================--
[16/01/2023 16:09:30] --- NEW MAP STARTED: c2m1_highway ---
--=================================================================--
--=================================================================--
[16/01/2023 16:29:27] --- NEW MAP STARTED: c2m1_highway ---
--=================================================================--
[19:11:50] [CN] 馬庭芦花                        has joined (STEAM_1:0:541490655 | 111.17.76.254)
--=================================================================--
[16/01/2023 19:12:25] --- NEW MAP STARTED: c2m1_highway ---
--=================================================================--
[23:02:15] [CN] 1048584907                          has joined (STEAM_1:0:522911433 | 117.150.179.47)
