--=================================================================--
[18/02/2023 11:54:45] --- NEW MAP STARTED: c2m1_highway ---
--=================================================================--
[17:10:14] [CN] 23℃                               has joined (STEAM_1:0:246466989 | 61.162.51.16)
[17:11:07] [CN] [Survivor   ] 23℃                               : /s
[17:11:51] [CN] [Survivor   ] 23℃                               : /champ
[17:11:56] [CN] [Survivor   ] 23℃                               : /mapvote
[17:12:51] [CN] [Survivor   ] 23℃                               : /chmap
[17:12:54] [CN] [Survivor   ] 23℃                               : /mapvote
[17:12:57] [CN] [Survivor   ] 23℃                               : /votemap
[17:14:28] [CN] [Survivor   ] 23℃                               : /chmap
[17:14:31] [CN] [Survivor   ] 23℃                               : /mapvote
[17:14:44] [CN] [Survivor   ] 23℃                               : /chmap
[17:16:33] [CN] [Survivor   ] 23℃                               : /mapvotes
[17:16:40] [CN] [Survivor   ] 23℃                               : /chmap
[17:16:52] [CN] [Survivor   ] 23℃                               : !chmap
[17:17:44] [CN] [Survivor   ] 23℃                               : /chmap
[17:17:50] [CN] [Survivor   ] 23℃                               : /mapvote
[17:17:58] [CN] [Survivor   ] 23℃                               : /mapvote
--=================================================================--
[18/02/2023 17:18:19] --- NEW MAP STARTED: c2m1_highway ---
--=================================================================--
[17:19:26] [CN] 23℃                               has joined (STEAM_1:0:246466989 | 61.162.51.16)
[17:19:38] [CN] [Survivor   ] 23℃                               : /chmap
[17:19:49] [CN] [Survivor   ] 23℃                               : /mapvotes
--=================================================================--
[18/02/2023 17:20:14] --- NEW MAP STARTED: c2m1_highway ---
--=================================================================--
[17:30:21] [CN] 23℃                               has joined (STEAM_1:0:246466989 | 61.162.51.16)
[17:30:40] [CN] [Survivor   ] 23℃                               : /chmap
[17:30:56] [CN] [Survivor   ] 23℃                               : /chmap
[17:31:00] [CN] [Survivor   ] 23℃                               : /chmap2
[17:31:19] [CN] [Survivor   ] 23℃                               : /rs
--=================================================================--
[18/02/2023 17:31:35] --- NEW MAP STARTED: c2m1_highway ---
--=================================================================--
[17:32:12] [CN] 23℃                               has joined (STEAM_1:0:246466989 | 61.162.51.16)
[17:32:33] [CN] [Survivor   ] 23℃                               : /chmap
--=================================================================--
[18/02/2023 17:33:28] --- NEW MAP STARTED: l4d2_darkblood01_tanker ---
--=================================================================--
[17:33:39] [CN] 23℃                               has joined (STEAM_1:0:246466989 | 61.162.51.16)
[17:34:20] [CN] [Survivor   ] 23℃                               : /chmap
[17:34:27] [CN] [Survivor   ] 23℃                               : /chmap2
[17:35:15] [CN] [Survivor   ] 23℃                               : /map
[17:35:48] [CN] [Survivor   ] 23℃                               : /faklag
[17:35:52] [CN] [Survivor   ] 23℃                               : /faklag
[17:35:56] [CN] [Survivor   ] 23℃                               : /fakelag
[17:36:54] [CN] [Survivor   ] 23℃                               : /chmap
[17:37:05] [CN] [Survivor   ] 23℃                               : /chmap2
--=================================================================--
[18/02/2023 17:37:22] --- NEW MAP STARTED: c8m5_rooftop ---
--=================================================================--
[17:37:34] [CN] 23℃                               has joined (STEAM_1:0:246466989 | 61.162.51.16)
[17:38:03] [CN] [Survivor   ] 23℃                               : /match
--=================================================================--
[18/02/2023 17:41:13] --- NEW MAP STARTED: c8m5_rooftop ---
--=================================================================--
[17:41:42] [CN] [Survivor   ] 23℃                               : /chmap
[17:42:06] [CN] [Survivor   ] 23℃                               : /chmap
--=================================================================--
[18/02/2023 17:42:29] --- NEW MAP STARTED: l4d2_deadsite_v1_1 ---
--=================================================================--
[17:42:40] [CN] 23℃                               has joined (STEAM_1:0:246466989 | 61.162.51.16)
--=================================================================--
[18/02/2023 17:44:14] --- NEW MAP STARTED: c2m1_highway ---
--=================================================================--
