--=================================================================--
[04/11/2022 13:42:04] --- NEW MAP STARTED: c8m5_rooftop ---
--=================================================================--
[13:43:52] [CN] 23℃                               has joined (STEAM_1:0:246466989 | 61.179.137.121)
[13:44:03] [CN] [Survivor   ] 23℃                               : !vote
[13:44:30] [CN] [Survivor   ] 23℃                               : !vote
--=================================================================--
[04/11/2022 13:44:36] --- NEW MAP STARTED: c2m1_highway ---
--=================================================================--
[13:44:46] [CN] 23℃                               has joined (STEAM_1:0:246466989 | 61.179.137.121)
[13:45:05] [CN] [Survivor   ] 23℃                               : !testmune
[13:45:19] [CN] [Survivor   ] 23℃                               : !munetest
[13:46:50] [CN] [Survivor   ] 23℃                               : !menutest
[13:47:16] [CN] [Survivor   ] 23℃                               : !match
--=================================================================--
[04/11/2022 13:47:20] --- NEW MAP STARTED: c2m1_highway ---
--=================================================================--
--=================================================================--
[04/11/2022 13:47:26] --- NEW MAP STARTED: c2m1_highway ---
--=================================================================--
[13:47:35] [CN] 23℃                               has joined (STEAM_1:0:246466989 | 61.179.137.121)
[13:49:35] [CN] [Infected   ] 23℃                               : !tankhud
--=================================================================--
[04/11/2022 13:51:02] --- NEW MAP STARTED: c8m5_rooftop ---
--=================================================================--
[20:26:59] [CN] 23℃                               has joined (STEAM_1:0:246466989 | 112.6.193.30)
[20:29:22] [CN] [Survivor   ] 23℃                               : !cvar sv_airaccelerate 9999999999999
[20:31:45] [CN] [Survivor   ] 23℃                               : !match
--=================================================================--
[04/11/2022 20:31:50] --- NEW MAP STARTED: c8m5_rooftop ---
--=================================================================--
--=================================================================--
[04/11/2022 20:31:54] --- NEW MAP STARTED: c8m5_rooftop ---
--=================================================================--
[20:32:00] [CN] 23℃                               has joined (STEAM_1:0:246466989 | 112.6.193.30)
[20:34:04] [CN] [Survivor   ] 23℃                               : !hide
[20:34:32] [CN] [Survivor   ] 23℃                               : !cvar scavenge_round_initial_time 99999999999999
[20:36:57] [CN] [Survivor   ] 23℃                               : !s
[20:39:20] [CN] 诶别打别打                     has joined (STEAM_1:1:568479391 | 119.117.198.206)
[20:39:41] [CN] [Survivor   ] 23℃                               : !rmatch
--=================================================================--
[04/11/2022 20:39:42] --- NEW MAP STARTED: c8m5_rooftop ---
--=================================================================--
[20:39:44] [CN] [Survivor   ] 23℃                               : !vote
[20:39:47] [CN] [Survivor   ] 23℃                               : !match
--=================================================================--
[04/11/2022 20:39:52] --- NEW MAP STARTED: c8m5_rooftop ---
--=================================================================--
--=================================================================--
[04/11/2022 20:39:56] --- NEW MAP STARTED: c8m5_rooftop ---
--=================================================================--
[20:40:02] [CN] 23℃                               has joined (STEAM_1:0:246466989 | 112.6.193.30)
[20:40:05] [CN] 诶别打别打                     has joined (STEAM_1:1:568479391 | 119.117.198.206)
[20:40:10] [CN] [Survivor   ] 23℃                               : lerp
[20:40:26] [CN] [Survivor   ] 23℃                               : cl_interp 0
[20:40:33] [CN] [Survivor   ] 23℃                               : cl_interp_ratio 0
[20:42:33] [CN] [Survivor   ] 23℃                               : !rmatch
--=================================================================--
[04/11/2022 20:42:34] --- NEW MAP STARTED: c8m5_rooftop ---
--=================================================================--
[20:42:37] [CN] [Survivor   ] 23℃                               : !match
--=================================================================--
[04/11/2022 20:42:39] --- NEW MAP STARTED: c8m5_rooftop ---
--=================================================================--
--=================================================================--
[04/11/2022 20:42:44] --- NEW MAP STARTED: c8m5_rooftop ---
--=================================================================--
[20:42:50] [CN] 23℃                               has joined (STEAM_1:0:246466989 | 112.6.193.30)
[20:45:36] [CN] [Survivor   ] 23℃                               : !admin
[20:45:56] [CN] [Survivor   ] 23℃                               : !s
--=================================================================--
[04/11/2022 20:49:54] --- NEW MAP STARTED: c8m5_rooftop ---
--=================================================================--
[22:29:38] [CN] 23℃                               has joined (STEAM_1:0:246466989 | 112.6.193.30)
[22:29:50] [CN] [Survivor   ] 23℃                               : !match
--=================================================================--
[04/11/2022 22:29:55] --- NEW MAP STARTED: c8m5_rooftop ---
--=================================================================--
--=================================================================--
[04/11/2022 22:29:59] --- NEW MAP STARTED: c8m5_rooftop ---
--=================================================================--
[22:30:05] [CN] 23℃                               has joined (STEAM_1:0:246466989 | 112.6.193.30)
[22:30:51] [CN] 玖肆                              has joined (STEAM_1:1:556583097 | 183.152.45.254)
[22:31:06] [CN] [Survivor   ] 23℃                               : !hide
[22:31:08] [CN] [Survivor   ] 23℃                               : !vote
[22:31:13] [CN] [Survivor   ] 23℃                               : !vote
[22:31:18] [CN] [Survivor   ] 23℃                               : !vote
[22:31:34] [CN] [Survivor   ] 23℃                               : !show
[22:36:01] [CN] 诶别打别打                     has joined (STEAM_1:1:568479391 | 119.117.198.206)
[22:36:41] [CN] [Spectator  ] 诶别打别打                     : /spectate
[22:40:25] [CN] Lewis Finch                         has joined (STEAM_1:1:435439881 | 59.172.176.22)
[22:40:30] [CN] Midnight                            has joined (STEAM_1:1:611760279 | 59.50.45.36)
[22:40:50] [CN] [Spectator  ] Midnight                            : cy人呢
[22:40:58] [CN] [Spectator  ] Midnight                            : 过去和他坐牢去
[22:41:01] [CN] [Spectator  ] Lewis Finch                         : 战役服
[22:41:25] [CN] [Spectator  ] Midnight                            : (TEAM) 我没加他
[22:41:32] [CN] [Spectator  ] Midnight                            : 不知道咋连
[22:41:52] [CN] [Spectator  ] Lewis Finch                         : (TEAM) 群里有ip吧
[22:42:09] [CN] [Spectator  ] Midnight                            : (TEAM) 没看到我找找
[22:42:37] [CN] [Spectator  ] Midnight                            : 没看到
[22:42:42] [CN] [Spectator  ] Midnight                            : 他没法
[22:42:53] [CN] [Spectator  ] Midnight                            : 自己玩不带人
[22:43:16] [CN] 复健老年人                     has joined (STEAM_1:1:577251180 | 27.189.35.49)
[22:43:32] [CN] [Spectator  ] 诶别打别打                     : /spectate
[22:43:32] [CN] [Spectator  ] Midnight                            : /spectate
[22:43:32] [CN] [Spectator  ] 复健老年人                     : /spectate
[22:44:05] [CN] [Spectator  ] Midnight                            : 甩的像吃药一样
[22:44:12] [CN] [Spectator  ] 复健老年人                     : 帕金森
[22:44:23] [CN] [Infected   ] 23℃                               : 随便玩玩
[22:44:28] [CN] [Survivor   ] 玖肆                              : qs
[22:44:43] [CN] [Infected   ] 23℃                               : 我这个服本身就是测试性质的
[22:44:51] [CN] [Spectator  ] 复健老年人                     : (TEAM) 我记得我第一次跟人11手也这么抖
[22:44:51] [CN] [Survivor   ] 玖肆                              : oo
[22:46:09] [CN] [Spectator  ] Midnight                            : 我想复检
[22:46:15] [CN] [Infected   ] 23℃                               : 可以
[22:46:17] [CN] [Infected   ] 23℃                               : 你问94
[22:46:23] [CN] [Survivor   ] 玖肆                              : 啊？
[22:46:27] [CN] [Spectator  ] Midnight                            : /spectate
[22:46:27] [CN] [Spectator  ] 复健老年人                     : /spectate
[22:46:30] [CN] [Survivor   ] 玖肆                              : 啥东西
[22:46:36] [CN] [Survivor   ] 玖肆                              : 哦哦
[22:46:45] [CN] [Survivor   ] 玖肆                              : 我是吧
[22:46:50] [CN] [Survivor   ] 玖肆                              : 我是吧
[22:46:54] [CN] [Survivor   ] 玖肆                              : !s
[22:47:01] [CN] [Infected   ] 23℃                               : lerp
[22:47:13] [CN] [Spectator  ] 复健老年人                     : (TEAM) 94你刚刚好几次瞄中间假两边
[22:47:26] [CN] [Spectator  ] Midnight                            : (TEAM) 等等
[22:47:26] [CN] [Spectator  ] 玖肆                              : (TEAM) 啊？
[22:47:39] [CN] [Infected   ] 23℃                               : 这插件就是zonemod套了个皮
[22:47:42] [CN] [Spectator  ] 复健老年人                     : (TEAM) 就刚刚那个斜坡
[22:47:47] [CN] [Infected   ] 23℃                               : 啥物资都不刷
[22:47:54] [CN] [Spectator  ] 玖肆                              : (TEAM) 我是笨蛋不懂
[22:48:24] [CN] [Spectator  ] 玖肆                              : 还有这么多时间看电影的吗
[22:48:33] [CN] [Spectator  ] 复健老年人                     : 小电影
[22:48:46] [CN] [Spectator  ] 玖肆                              : 看看你的
[22:52:02] [CN] [Survivor   ] Midnight                            : 0lerp tu tan bu xi guan
[22:52:08] [CN] [Infected   ] Midnight                            : !s
[22:52:20] [CN] [Spectator  ] 玖肆                              : /spectate
[22:52:20] [CN] [Spectator  ] Midnight                            : /spectate
[22:55:20] [CN] [Spectator  ] 玖肆                              : /spectate
[22:57:52] [CN] [Infected   ] 23℃                               : 25s 1gas
[23:01:03] [CN] [Survivor   ] 23℃                               : 这么久不玩也这么强
[23:01:10] [CN] [Survivor   ] 23℃                               : 我熄灯了
[23:01:13] [CN] [Survivor   ] 23℃                               : 打完就下
[23:01:16] [CN] [Infected   ] 复健老年人                     : ok
[23:01:16] [CN] [Spectator  ] 玖肆                              : 傲我知道是谁了
[23:01:17] [CN] [Spectator  ] 玖肆                              : /spectate
[23:03:46] [CN] [Infected   ] 复健老年人                     : ?
[23:03:49] [CN] [Survivor   ] 23℃                               : bug
[23:06:09] [CN] [Survivor   ] 23℃                               : gg
[23:06:15] [CN] [Infected   ] 复健老年人                     : ?
[23:06:18] [CN] [Spectator  ] 玖肆                              : 嗯？
[23:06:24] [CN] [Infected   ] 复健老年人                     : 94来吗
[23:06:28] [CN] [Spectator  ] 玖肆                              : 可以、
[23:07:01] [CN] [Infected   ] 复健老年人                     : 别往这地方走啊
--=================================================================--
[04/11/2022 23:07:37] --- NEW MAP STARTED: c8m5_rooftop ---
--=================================================================--
