--=================================================================--
[30/11/2022 00:12:15] --- NEW MAP STARTED: c8m5_rooftop ---
--=================================================================--
[00:12:17] [CN] [Spectator  ] CY                                  : 这个  我记得是金鱼服吧
--=================================================================--
[30/11/2022 00:12:22] --- NEW MAP STARTED: c8m5_rooftop ---
--=================================================================--
[00:12:27] [CN] Twinkle                             has joined (STEAM_1:0:219145519 | 171.82.180.63)
[00:12:28] [CN] CY                                  has joined (STEAM_1:1:566778073 | 61.140.74.250)
[00:12:35] [CN] 玖肆                              has joined (STEAM_1:1:556583097 | 183.152.6.205)
[00:12:40] [CN] [Survivor   ] CY                                  : 这是金鱼的轻量服
[00:12:42] [CN] [Spectator  ] Twinkle                             : 我超，我点的是摸鱼服啊
[00:12:47] [CN] [Survivor   ] CY                                  : 我说的是摸鱼服
[00:12:52] [CN] [Spectator  ] Twinkle                             : 寄
[00:12:55] [CN] [Survivor   ] CY                                  : 一个是他自己的服
[00:13:04] [CN] [Survivor   ] CY                                  : 一个是我叫他命名的服
[00:13:06] [CN] [Survivor   ] CY                                  : XD
[00:13:10] [CN] [Survivor   ] 玖肆                              : DX
[00:13:11] [CN] [Spectator  ] Twinkle                             : XD
[00:13:16] [CN] [Survivor   ] CY                                  : 到时光服吧
[00:13:19] [CN] [Survivor   ] CY                                  : 应该好了
[00:13:22] [CN] [Survivor   ] 玖肆                              : D?
[00:13:25] [CN] [Survivor   ] CY                                  : 我晚点测试新地图
[00:13:26] [CN] [Spectator  ] Twinkle                             : GO
[00:13:34] [CN] [Survivor   ] 玖肆                              : hhh
[00:13:42] [CN] [Spectator  ] Twinkle                             : GO
[00:13:46] [CN] [Survivor   ] 玖肆                              : jop
[00:13:51] [CN] [Survivor   ] 玖肆                              : 跟你
--=================================================================--
[30/11/2022 00:14:17] --- NEW MAP STARTED: c8m5_rooftop ---
--=================================================================--
