--=================================================================--
[25/11/2022 19:20:42] --- NEW MAP STARTED: c2m1_highway ---
--=================================================================--
[19:20:53] [CN] wouldn't ya?                        has joined (STEAM_1:0:246466989 | 61.179.137.187)
[19:21:01] [CN] [Survivor   ] wouldn't ya?                        : !match
--=================================================================--
[25/11/2022 19:21:04] --- NEW MAP STARTED: c2m1_highway ---
--=================================================================--
--=================================================================--
[25/11/2022 19:21:09] --- NEW MAP STARTED: c2m1_highway ---
--=================================================================--
[19:21:19] [CN] wouldn't ya?                        has joined (STEAM_1:0:246466989 | 61.179.137.187)
[19:21:24] [CN] [Infected   ] wouldn't ya?                        : !rmatch
--=================================================================--
[25/11/2022 19:21:25] --- NEW MAP STARTED: c2m1_highway ---
--=================================================================--
[19:21:27] [CN] [Infected   ] wouldn't ya?                        : !match
--=================================================================--
[25/11/2022 19:21:49] --- NEW MAP STARTED: c8m5_rooftop ---
--=================================================================--
[19:21:57] [CN] wouldn't ya?                        has joined (STEAM_1:0:246466989 | 61.179.137.187)
[19:22:05] [CN] [Survivor   ] wouldn't ya?                        : !map
--=================================================================--
[25/11/2022 19:22:12] --- NEW MAP STARTED: c2m1_highway ---
--=================================================================--
[19:22:23] [CN] wouldn't ya?                        has joined (STEAM_1:0:246466989 | 61.179.137.187)
[19:22:28] [CN] [Survivor   ] wouldn't ya?                        : !match
--=================================================================--
[25/11/2022 19:22:32] --- NEW MAP STARTED: c2m1_highway ---
--=================================================================--
--=================================================================--
[25/11/2022 19:22:37] --- NEW MAP STARTED: c2m1_highway ---
--=================================================================--
[19:22:47] [CN] wouldn't ya?                        has joined (STEAM_1:0:246466989 | 61.179.137.187)
[19:29:46] [CN] ?BocchI                             has joined (STEAM_1:1:196222008 | 171.83.74.73)
[19:30:38] [CN] 小鸟游六花                     has joined (STEAM_1:1:509380302 | 123.127.218.58)
[19:31:19] [CN] [Survivor   ] wouldn't ya?                        : 六花你和兔子吧
[19:31:26] [CN] [Survivor   ] wouldn't ya?                        : 我和直升机
[19:31:50] [CN] [Infected   ] ?BocchI                             : 22是不是ht猴牛三个轮着来着
[19:31:55] [CN] [Survivor   ] wouldn't ya?                        : en
[19:32:11] [CN] 否认                              has joined (STEAM_1:1:529057840 | 39.184.114.131)
[19:32:39] [CN] [Infected   ] 小鸟游六花                     : 2.8
[19:32:41] [CN] [Spectator  ] 否认                              : !jg
[19:32:48] [CN] [Spectator  ] 否认                              : i can t join
[19:32:51] [CN] [Spectator  ] 否认                              : !jg
[19:32:51] [CN] [Survivor   ] wouldn't ya?                        : lerp
[19:32:55] [CN] [Spectator  ] 否认                              : gai le
[19:33:00] [CN] [Survivor   ] wouldn't ya?                        : 重进
[19:33:09] [CN] [Infected   ] ?BocchI                             : (TEAM) 22会吧
[19:33:12] [CN] [Infected   ] ?BocchI                             : (TEAM) 双控
[19:33:19] [CN] 否认                              has joined (STEAM_1:1:529057840 | 39.184.114.131)
[19:33:19] [CN] [Infected   ] 小鸟游六花                     : (TEAM) 没怎么打过
[19:33:24] [CN] [Infected   ] 小鸟游六花                     : (TEAM) 就22ht
[19:33:26] [CN] [Infected   ] 小鸟游六花                     : (TEAM) 1
[19:33:46] [CN] [Survivor   ] 否认                              : (TEAM) wait
[19:34:41] [CN] [Infected   ] 小鸟游六花                     : (TEAM) 舍友在睡觉
[19:34:44] [CN] [Infected   ] ?BocchI                             : (TEAM) meishi
[19:34:51] [CN] [Infected   ] 小鸟游六花                     : (TEAM) 我说我不能说话
[19:36:34] [CN] [Survivor   ] 否认                              : (TEAM) wc
[19:39:25] [CN] [Infected   ] 小鸟游六花                     : (TEAM) m,
[19:40:20] [CN] [Survivor   ] ?BocchI                             : ta za le
[19:40:21] [CN] [Survivor   ] 小鸟游六花                     : (TEAM) ok
[19:40:24] [CN] [Infected   ] 否认                              : diao le
[19:40:26] [CN] [Survivor   ] ?BocchI                             : 1
[19:40:26] [CN] [Infected   ] 否认                              : wang bu hao
[19:40:27] [CN] wouldn't ya?                        has joined (STEAM_1:0:246466989 | 61.179.137.187)
[19:40:56] [CN] [Infected   ] 否认                              : (TEAM) 6
[19:40:57] [CN] [Survivor   ] 小鸟游六花                     : (TEAM) ,
[19:40:59] [CN] [Survivor   ] ?BocchI                             : lol
[19:41:00] [CN] [Infected   ] 否认                              : d
[19:41:02] [CN] [Survivor   ] ?BocchI                             : 剩多少
[19:41:02] [CN] [Infected   ] wouldn't ya?                        : d
[19:41:06] [CN] [Infected   ] 否认                              : 10 zuo you
[19:41:06] [CN] [Survivor   ] ?BocchI                             : ht
[19:41:07] [CN] [Infected   ] wouldn't ya?                        : 个位数
[19:41:10] [CN] [Survivor   ] ?BocchI                             : 害
[19:41:20] [CN] [Infected   ] wouldn't ya?                        : -9
--=================================================================--
[25/11/2022 19:41:40] --- NEW MAP STARTED: c2m2_fairgrounds ---
--=================================================================--
[19:41:46] [CN] ?BocchI                             has joined (STEAM_1:1:196222008 | 171.83.74.73)
[19:41:48] [CN] wouldn't ya?                        has joined (STEAM_1:0:246466989 | 61.179.137.187)
[19:41:56] [CN] 小鸟游六花                     has joined (STEAM_1:1:509380302 | 123.127.218.58)
[19:42:11] [CN] [Infected   ] ?BocchI                             : (TEAM) 猴子活在广告牌   你继续往前走就好了
[19:42:18] [CN] [Infected   ] ?BocchI                             : (TEAM) 拉远距离
[19:42:21] [CN] 否认                              has joined (STEAM_1:1:529057840 | 39.184.114.131)
[19:43:22] [CN] [Survivor   ] 否认                              : (TEAM) ?
[19:43:24] [CN] [Infected   ] ?BocchI                             : (TEAM) good
[19:43:30] [CN] [Survivor   ] 否认                              : !zd
[19:43:32] [CN] [Survivor   ] 否认                              : !zs
[19:44:29] [CN] [Spectator  ] ?BocchI                             : chongjin
[19:44:42] [CN] ?BocchI                             has joined (STEAM_1:1:196222008 | 171.83.74.73)
[19:46:04] [CN] [Infected   ] 否认                              : (TEAM) yes
[19:48:08] [CN] [Infected   ] 否认                              : (TEAM) D
[19:48:38] [CN] [Infected   ] 否认                              : (TEAM) !PAUSE
[19:48:43] [CN] [Survivor   ] ?BocchI                             : (TEAM) /ready
[19:48:44] [CN] [Infected   ] 否认                              : ma gua le
[19:48:47] [CN] [Infected   ] 否认                              : gua ji le
[19:48:51] [CN] [Survivor   ] ?BocchI                             : ok =
[19:48:59] [CN] [Infected   ] 否认                              : gua ji 10s cai fa xian
[19:49:14] [CN] [Survivor   ] 小鸟游六花                     : (TEAM) !health
[19:49:28] [CN] wouldn't ya?                        has joined (STEAM_1:0:246466989 | 61.179.137.187)
[19:49:35] [CN] [Survivor   ] ?BocchI                             : r了才能进
[19:49:47] [CN] [Survivor   ] ?BocchI                             : 你这边要ready
[19:49:47] [CN] [Infected   ] 否认                              : !ready
[19:49:57] [CN] [Infected   ] 否认                              : (TEAM) .
[19:50:11] [CN] [Infected   ] 否认                              : !pause
[19:50:14] [CN] [Survivor   ] ?BocchI                             : youdiaolema
[19:50:18] [CN] [Infected   ] 否认                              : ta you bu dong lw
[19:50:19] [CN] [Infected   ] 否认                              : le
[19:50:22] [CN] [Survivor   ] ?BocchI                             : hh
[19:50:25] [CN] [Infected   ] 否认                              : 3
[19:50:28] [CN] [Infected   ] wouldn't ya?                        : 我重进下
[19:50:31] [CN] [Survivor   ] ?BocchI                             : xing
[19:50:38] [CN] [Survivor   ] ?BocchI                             : (TEAM) /ready
[19:50:39] [CN] wouldn't ya?                        has joined (STEAM_1:0:246466989 | 61.179.137.187)
[19:50:46] [CN] [Survivor   ] ?BocchI                             : r
[19:50:53] [CN] [Survivor   ] ?BocchI                             : [!] wouldn't ya? has fully loaded
[19:50:53] [CN] [Infected   ] 否认                              : (
[19:50:56] [CN] [Survivor   ] ?BocchI                             : ready
[19:50:59] [CN] [Survivor   ] ?BocchI                             : 才能m
[19:51:02] [CN] [Infected   ] 否认                              : o
[19:51:05] [CN] [Infected   ] 否认                              : !ready
[19:51:06] [CN] 操你妈，别骂人               has joined (STEAM_1:0:541776222 | 183.48.30.172)
[19:51:14] [CN] [Infected   ] 否认                              : d
[19:51:14] [CN] [Survivor   ] ?BocchI                             : zhanwei
[19:51:19] [CN] [Survivor   ] ?BocchI                             : caonima
[19:51:19] [CN] [Infected   ] 操你妈，别骂人               : (TEAM) !s
[19:51:23] [CN] [Spectator  ] 操你妈，别骂人               : 你妈死了
[19:51:27] [CN] [Survivor   ] ?BocchI                             : 6
[19:51:34] [CN] [Infected   ] 否认                              : ?
[19:51:34] [CN] [Spectator  ] 操你妈，别骂人               : 兔田你妈死了
[19:51:35] [CN] [Infected   ] wouldn't ya?                        : (TEAM) 难搞 动不了
[19:51:36] [CN] [Spectator  ] 操你妈，别骂人               :  ^ ^
[19:51:36] [CN] [Infected   ] 否认                              : ta you budong le
[19:51:43] [CN] [Infected   ] wouldn't ya?                        : ok
[19:51:43] [CN] [Survivor   ] ?BocchI                             : (TEAM) /pause
[19:51:47] [CN] [Infected   ] wouldn't ya?                        : !ready
[19:51:52] [CN] [Survivor   ] ?BocchI                             : nmsl
[19:51:55] [CN] [Infected   ] 否认                              : !ready
[19:51:56] [CN] [Spectator  ] 操你妈，别骂人               : nmsl
[19:52:01] [CN] [Survivor   ] ?BocchI                             : (TEAM) /ready
--=================================================================--
[25/11/2022 19:53:59] --- NEW MAP STARTED: c2m3_coaster ---
--=================================================================--
[19:54:06] [CN] ?BocchI                             has joined (STEAM_1:1:196222008 | 171.83.74.73)
[19:54:07] [CN] 操你妈，别骂人               has joined (STEAM_1:0:541776222 | 183.48.30.172)
[19:54:07] [CN] wouldn't ya?                        has joined (STEAM_1:0:246466989 | 61.179.137.187)
[19:54:09] [CN] [Spectator  ] 操你妈，别骂人               : /spectate
[19:54:12] [CN] 小鸟游六花                     has joined (STEAM_1:1:509380302 | 123.127.218.58)
[19:54:14] [CN] [Spectator  ] 操你妈，别骂人               : 傻逼兔田
[19:54:15] [CN] [Spectator  ] 操你妈，别骂人               : 你老婆年仅二
[19:54:17] [CN] [Spectator  ] 操你妈，别骂人               : 你老婆呢
[19:54:19] [CN] [Spectator  ] 操你妈，别骂人               : ^^
[19:54:25] [CN] [Survivor   ] ?BocchI                             : 我床上
[19:54:28] [CN] [Spectator  ] 操你妈，别骂人               : ？
[19:54:29] [CN] 否认                              has joined (STEAM_1:1:529057840 | 39.184.114.131)
[19:54:30] [CN] [Spectator  ] 操你妈，别骂人               : /spectate
[19:54:30] [CN] [Survivor   ] ?BocchI                             : ?
[19:54:31] [CN] [Spectator  ] 操你妈，别骂人               : 可以
[19:54:43] [CN] [Survivor   ] ?BocchI                             : 注意素质
[19:54:44] [CN] [Spectator  ] 操你妈，别骂人               : 这点我不否认你是傻逼
[19:54:45] [CN] [Spectator  ] 操你妈，别骂人               :  ^ ^
[19:54:47] [CN] [Survivor   ] ?BocchI                             : 别吓着我朋友
[19:54:50] [CN] [Spectator  ] 操你妈，别骂人               : ?
[19:54:57] [CN] [Spectator  ] 操你妈，别骂人               : 看我名字
[19:55:00] [CN] [Spectator  ] 操你妈，别骂人               : 你别急
[19:55:27] [CN] [Infected   ] 否认                              : (TEAM) mob xiang wan fa huan le
[19:59:15] [CN] [Infected   ] 否认                              : (TEAM) dshzkhcozhcz
[20:00:43] [CN] [Survivor   ] ?BocchI                             : (TEAM) !mvp
[20:01:52] [CN] [Infected   ] 否认                              : (TEAM) )
[20:01:55] [CN] [Infected   ] wouldn't ya?                        : (TEAM) )
[20:03:01] [CN] [Infected   ] ?BocchI                             : (TEAM) good
--=================================================================--
[25/11/2022 20:03:41] --- NEW MAP STARTED: c2m4_barns ---
--=================================================================--
[20:03:50] [CN] ?BocchI                             has joined (STEAM_1:1:196222008 | 171.83.74.73)
[20:03:52] [CN] wouldn't ya?                        has joined (STEAM_1:0:246466989 | 61.179.137.187)
[20:03:56] [CN] 小鸟游六花                     has joined (STEAM_1:1:509380302 | 123.127.218.58)
[20:04:02] [CN] 否认                              has joined (STEAM_1:1:529057840 | 39.184.114.131)
[20:04:40] [CN] 分米马女马女                  has joined (STEAM_1:1:204647553 | 1.83.72.116)
[20:08:34] [CN] 操你妈，别骂人               has joined (STEAM_1:0:541776222 | 183.48.30.172)
[20:10:48] [CN] [Spectator  ] 分米马女马女                  : /spectate
[20:11:28] [CN] [Survivor   ] 否认                              : (TEAM) da wan le ?
[20:11:33] [CN] [Survivor   ] wouldn't ya?                        : (TEAM) EN
[20:11:38] [CN] [Infected   ] ?BocchI                             : gg
[20:11:40] [CN] [Survivor   ] wouldn't ya?                        : gg
--=================================================================--
[25/11/2022 20:12:04] --- NEW MAP STARTED: c8m5_rooftop ---
--=================================================================--
[18:04:22] [CN] wouldn't ya?                        has joined (STEAM_1:0:246466989 | 61.162.51.25)
[18:04:39] [CN] [Survivor   ] wouldn't ya?                        : !map
[18:04:44] [CN] [Survivor   ] wouldn't ya?                        : !map
