--=================================================================--
[17/11/2022 12:36:07] --- NEW MAP STARTED: c2m1_highway ---
--=================================================================--
[12:36:18] [CN] 我是小孤独！                  has joined (STEAM_1:0:246466989 | 223.104.193.102)
[12:36:25] [CN] Midnight                            has joined (STEAM_1:1:611760279 | 59.50.45.23)
[12:36:29] [CN] [Survivor   ] 我是小孤独！                  : !match
[12:36:38] [CN] [Survivor   ] 我是小孤独！                  : !match
--=================================================================--
[17/11/2022 12:36:44] --- NEW MAP STARTED: c2m1_highway ---
--=================================================================--
--=================================================================--
[17/11/2022 12:36:49] --- NEW MAP STARTED: c2m1_highway ---
--=================================================================--
[12:37:00] [CN] 我是小孤独！                  has joined (STEAM_1:0:246466989 | 223.104.193.102)
[12:37:01] [CN] Midnight                            has joined (STEAM_1:1:611760279 | 59.50.45.23)
[12:37:19] [CN] [Survivor   ] Midnight                            : ?
[12:37:22] [CN] [Survivor   ] Midnight                            : 我抢呢？
[12:37:31] [CN] [Infected   ] 我是小孤独！                  : [Zone]: Type !mode in chat to vote on weapons used.
[12:37:38] [CN] [Infected   ] 我是小孤独！                  : !mode
[12:37:44] [CN] [Survivor   ] Midnight                            : !mode
[12:37:44] [CN] [Infected   ] 我是小孤独！                  : 等下
[12:37:47] [CN] [Infected   ] 我是小孤独！                  : 重开
[12:37:51] [CN] [Survivor   ] Midnight                            : .
[12:37:51] [CN] [Infected   ] 我是小孤独！                  : !rmatch
--=================================================================--
[17/11/2022 12:37:53] --- NEW MAP STARTED: c2m1_highway ---
--=================================================================--
[12:37:56] [CN] [Infected   ] 我是小孤独！                  : !match
--=================================================================--
[17/11/2022 12:38:03] --- NEW MAP STARTED: c2m1_highway ---
--=================================================================--
--=================================================================--
[17/11/2022 12:38:08] --- NEW MAP STARTED: c2m1_highway ---
--=================================================================--
[12:38:19] [CN] 我是小孤独！                  has joined (STEAM_1:0:246466989 | 223.104.193.102)
[12:38:19] [CN] Midnight                            has joined (STEAM_1:1:611760279 | 59.50.45.23)
[12:38:25] [CN] [Infected   ] 我是小孤独！                  : !mode
[12:38:26] [CN] [Survivor   ] Midnight                            : 6
[12:40:45] [CN] [Infected   ] 我是小孤独！                  : ee
[12:42:15] [CN] [Survivor   ] Midnight                            : 手抖
[12:42:20] [CN] [Infected   ] 我是小孤独！                  : 差不多
[12:42:22] [CN] [Infected   ] Midnight                            : 紧张
[12:42:24] [CN] [Survivor   ] 我是小孤独！                  : 我也好久没打了
[12:45:50] [CN] [Infected   ] Midnight                            : 急
[12:46:56] [CN] [Infected   ] Midnight                            : 不是很想打11
[12:47:00] [CN] [Survivor   ] 我是小孤独！                  : XD
[12:47:04] [CN] [Survivor   ] 我是小孤独！                  : 打完m2把
--=================================================================--
[17/11/2022 12:47:15] --- NEW MAP STARTED: c2m2_fairgrounds ---
--=================================================================--
[12:47:23] [CN] 我是小孤独！                  has joined (STEAM_1:0:246466989 | 223.104.193.102)
[12:47:28] [CN] Midnight                            has joined (STEAM_1:1:611760279 | 59.50.45.23)
[12:50:23] [CN] [Survivor   ] Midnight                            : 被薄纱
[12:50:28] [CN] [Infected   ] 我是小孤独！                  : 55
[12:50:31] [CN] [Survivor   ] Midnight                            : 羞辱退坑
[12:50:41] [CN] [Infected   ] Midnight                            : 玉玉了
[12:50:47] [CN] [Infected   ] Midnight                            : 我要吃肯德基
[12:50:55] [CN] [Survivor   ] 我是小孤独！                  : 穷穷
[12:51:01] [CN] [Survivor   ] 我是小孤独！                  : 玉玉
[12:53:52] [CN] [Survivor   ] 我是小孤独！                  : cao
[12:55:21] [CN] [Infected   ] Midnight                            : 6
[12:55:25] [CN] [Infected   ] Midnight                            : (TEAM) 跑路了
[12:55:29] [CN] [Survivor   ] 我是小孤独！                  : 打不过捏
[12:55:30] [CN] [Infected   ] Midnight                            : 跑路了
[12:55:33] [CN] [Infected   ] Midnight                            : 大部或
--=================================================================--
[17/11/2022 12:55:41] --- NEW MAP STARTED: c2m3_coaster ---
--=================================================================--
[12:55:51] [CN] Midnight                            has joined (STEAM_1:1:611760279 | 59.50.45.23)
--=================================================================--
[17/11/2022 12:56:53] --- NEW MAP STARTED: c8m5_rooftop ---
--=================================================================--
--=================================================================--
[17/11/2022 22:37:55] --- NEW MAP STARTED: c8m5_rooftop ---
--=================================================================--
--=================================================================--
[17/11/2022 22:44:21] --- NEW MAP STARTED: c8m5_rooftop ---
--=================================================================--
--=================================================================--
[17/11/2022 22:45:31] --- NEW MAP STARTED: c8m5_rooftop ---
--=================================================================--
[22:46:00] [CN] 我是小孤独！                  has joined (STEAM_1:0:246466989 | 61.162.51.124)
[22:46:12] [CN] [Survivor   ] 我是小孤独！                  : !match
--=================================================================--
[17/11/2022 22:46:30] --- NEW MAP STARTED: c8m5_rooftop ---
--=================================================================--
--=================================================================--
[17/11/2022 22:55:34] --- NEW MAP STARTED: c8m5_rooftop ---
--=================================================================--
[22:55:57] [CN] 我是小孤独！                  has joined (STEAM_1:0:246466989 | 61.162.51.124)
[22:56:10] [CN] [Survivor   ] 我是小孤独！                  : !match
--=================================================================--
[17/11/2022 22:56:15] --- NEW MAP STARTED: c8m5_rooftop ---
--=================================================================--
--=================================================================--
[17/11/2022 22:57:15] --- NEW MAP STARTED: c8m5_rooftop ---
--=================================================================--
