--=================================================================--
[04/01/2023 01:33:23] --- NEW MAP STARTED: c2m1_highway ---
--=================================================================--
[01:33:54] [CN] 予感                              has joined (STEAM_1:0:246466989 | 223.149.22.35)
[01:34:40] [CN] [Survivor   ] 予感                              : /match
[01:35:08] [CN] [Survivor   ] 予感                              : /match
--=================================================================--
[04/01/2023 01:37:14] --- NEW MAP STARTED: c2m1_highway ---
--=================================================================--
--=================================================================--
[04/01/2023 01:41:05] --- NEW MAP STARTED: c2m1_highway ---
--=================================================================--
--=================================================================--
[04/01/2023 01:42:01] --- NEW MAP STARTED: c2m1_highway ---
--=================================================================--
--=================================================================--
[04/01/2023 01:42:53] --- NEW MAP STARTED: c2m1_highway ---
--=================================================================--
--=================================================================--
[04/01/2023 01:43:43] --- NEW MAP STARTED: c2m1_highway ---
--=================================================================--
--=================================================================--
[04/01/2023 01:45:36] --- NEW MAP STARTED: c2m1_highway ---
--=================================================================--
--=================================================================--
[04/01/2023 01:47:09] --- NEW MAP STARTED: c2m1_highway ---
--=================================================================--
--=================================================================--
[04/01/2023 02:03:57] --- NEW MAP STARTED: c2m1_highway ---
--=================================================================--
--=================================================================--
[04/01/2023 02:08:17] --- NEW MAP STARTED: c2m1_highway ---
--=================================================================--
[17:53:56] [CN] 凌风风凌风                     has joined (STEAM_1:0:549656678 | 112.101.141.127)
--=================================================================--
[04/01/2023 17:54:32] --- NEW MAP STARTED: c2m1_highway ---
--=================================================================--
--=================================================================--
[04/01/2023 18:22:44] --- NEW MAP STARTED: c2m1_highway ---
--=================================================================--
[18:42:55] [CN] Star x SUPERCOMET                   has joined (STEAM_1:1:191673870 | 117.189.109.200)
[18:43:31] [CN] 予感                              has joined (STEAM_1:0:246466989 | 223.149.22.35)
[18:43:58] [CN] [Survivor   ] Star x SUPERCOMET                   : 服务器不显示
[18:44:05] [CN] [Survivor   ] Star x SUPERCOMET                   : 怎那么会有人进得来
[18:44:06] [CN] [Survivor   ] 予感                              : 怎么不显示
[18:44:11] [CN] [Survivor   ] Star x SUPERCOMET                   : (TEAM) 搜不到啊
[18:44:15] [CN] [Survivor   ] 予感                              : 我这个服是隐藏的
[18:44:22] [CN] [Survivor   ] 予感                              : 2服可以匹配
[18:44:37] [CN] [Survivor   ] 予感                              : 1服是对抗服
[18:44:42] [CN] [Survivor   ] Star x SUPERCOMET                   : 这服不是坐牢吗
[18:44:46] [CN] [Survivor   ] 予感                              : 不是
[18:44:51] [CN] [Survivor   ] 予感                              : 2服是坐牢
[18:44:54] [CN] [Survivor   ] 予感                              : anne服
[18:45:14] [CN] [Survivor   ] Star x SUPERCOMET                   : 2服也没没收到
[18:45:26] [CN] [Survivor   ] Star x SUPERCOMET                   : op指令看不见的
[18:45:44] [CN] [Survivor   ] 予感                              : 服务器这么多怎么可能一个一个看完XD
[18:46:00] [CN] [Survivor   ] 予感                              : 但是anne绑了药役组
[18:46:11] [CN] [Survivor   ] 予感                              : 你加组应该能看见
[18:46:29] [CN] [Survivor   ] Star x SUPERCOMET                   : 服务器是#1开始的名字
[18:46:54] [CN] [Survivor   ] Star x SUPERCOMET                   : 一般在最前面
[18:47:01] [CN] [Survivor   ] 予感                              : 这样
[18:47:06] [CN] [Survivor   ] 予感                              : 我都还不晓得
[18:47:18] [CN] [Survivor   ] 予感                              : 不过#1我隐藏了
[18:47:32] [CN] [Survivor   ] 予感                              : /match
--=================================================================--
[04/01/2023 18:49:45] --- NEW MAP STARTED: c2m1_highway ---
--=================================================================--
[22:46:07] [CN] Star x SUPERCOMET                   has joined (STEAM_1:1:191673870 | 117.189.109.200)
