--=================================================================--
[18/11/2022 12:38:48] --- NEW MAP STARTED: c8m5_rooftop ---
--=================================================================--
[12:39:11] [CN] 我是小孤独！                  has joined (STEAM_1:0:246466989 | 61.179.137.195)
[12:39:28] [CN] [Survivor   ] 我是小孤独！                  : !map
--=================================================================--
[18/11/2022 12:39:35] --- NEW MAP STARTED: c2m1_highway ---
--=================================================================--
[12:39:47] [CN] 我是小孤独！                  has joined (STEAM_1:0:246466989 | 61.179.137.195)
[12:39:54] [CN] [Survivor   ] 我是小孤独！                  : !match
--=================================================================--
[18/11/2022 12:39:59] --- NEW MAP STARTED: c2m1_highway ---
--=================================================================--
--=================================================================--
[18/11/2022 12:42:25] --- NEW MAP STARTED: c8m5_rooftop ---
--=================================================================--
[12:42:53] [CN] 我是小孤独！                  has joined (STEAM_1:0:246466989 | 61.179.137.195)
[12:43:02] [CN] [Survivor   ] 我是小孤独！                  : !match
--=================================================================--
[18/11/2022 12:43:08] --- NEW MAP STARTED: c8m5_rooftop ---
--=================================================================--
--=================================================================--
[18/11/2022 12:43:12] --- NEW MAP STARTED: c8m5_rooftop ---
--=================================================================--
[12:43:19] [CN] 我是小孤独！                  has joined (STEAM_1:0:246466989 | 61.179.137.195)
--=================================================================--
[18/11/2022 12:44:26] --- NEW MAP STARTED: c8m5_rooftop ---
--=================================================================--
[19:17:39] [CN] 我是小孤独！                  has joined (STEAM_1:0:246466989 | 112.6.193.11)
[19:18:36] [CN] [Survivor   ] 我是小孤独！                  : !map
--=================================================================--
[18/11/2022 19:18:43] --- NEW MAP STARTED: c2m2_fairgrounds ---
--=================================================================--
[19:18:53] [CN] 我是小孤独！                  has joined (STEAM_1:0:246466989 | 112.6.193.11)
[19:18:57] [CN] [Survivor   ] 我是小孤独！                  : !map
--=================================================================--
[18/11/2022 19:19:03] --- NEW MAP STARTED: c2m1_highway ---
--=================================================================--
[19:19:16] [CN] 我是小孤独！                  has joined (STEAM_1:0:246466989 | 112.6.193.11)
[19:20:41] [CN] 否认                              has joined (STEAM_1:1:529057840 | 39.184.123.203)
[19:21:01] [CN] [Survivor   ] 我是小孤独！                  : !match
[19:21:08] [CN] [Survivor   ] 我是小孤独！                  : !match
--=================================================================--
[18/11/2022 19:21:16] --- NEW MAP STARTED: c2m1_highway ---
--=================================================================--
--=================================================================--
[18/11/2022 19:21:22] --- NEW MAP STARTED: c2m1_highway ---
--=================================================================--
[19:21:31] [CN] 我是小孤独！                  has joined (STEAM_1:0:246466989 | 112.6.193.11)
[19:22:13] [CN] 否认                              has joined (STEAM_1:1:529057840 | 39.184.123.203)
[19:22:23] [CN] [Survivor   ] 我是小孤独！                  : !mode
[19:22:28] [CN] [Infected   ] 否认                              : waht
[19:22:38] [CN] [Survivor   ] 我是小孤独！                  : !vote
[19:22:43] [CN] [Survivor   ] 我是小孤独！                  : !vote
[19:22:59] [CN] [Infected   ] 否认                              : 听不见
[19:23:05] [CN] [Infected   ] 否认                              : 回去
[19:23:10] [CN] [Infected   ] 否认                              : 我还没准备好
[19:23:17] [CN] [Infected   ] 否认                              : (TEAM) ok
[19:23:19] [CN] [Infected   ] 否认                              : ok
[19:23:21] [CN] [Infected   ] 否认                              : gogo
[19:23:59] [CN] [Infected   ] 否认                              : haha
[19:24:11] [CN] [Infected   ] 否认                              : 6
[19:24:48] [CN] [Infected   ] 否认                              : 上来了
[19:25:04] [CN] [Infected   ] 否认                              : d
[19:25:55] [CN] [Infected   ] 否认                              : yea
[19:25:58] [CN] [Survivor   ] 我是小孤独！                  : 55555
[19:27:54] [CN] [Survivor   ] 否认                              : chng lai
[19:28:16] [CN] [Survivor   ] 否认                              : 我都5天没玩了
--=================================================================--
[18/11/2022 19:28:34] --- NEW MAP STARTED: c2m2_fairgrounds ---
--=================================================================--
[19:28:41] [CN] 我是小孤独！                  has joined (STEAM_1:0:246466989 | 112.6.193.11)
[19:29:01] [CN] 否认                              has joined (STEAM_1:1:529057840 | 39.184.123.203)
[19:29:17] [CN] [Survivor   ] 我是小孤独！                  : !vote
[19:29:20] [CN] [Survivor   ] 我是小孤独！                  : !hide
[19:29:23] [CN] [Survivor   ] 我是小孤独！                  : !vote
[19:29:28] [CN] [Survivor   ] 我是小孤独！                  : !show
[19:30:08] [CN] [Infected   ] 否认                              : 666
[19:31:19] [CN] [Infected   ] 否认                              : 重来
[19:33:03] [CN] [Infected   ] 否认                              : 666
[19:33:10] [CN] 玖肆94                            has joined (STEAM_1:1:556583097 | 123.96.100.77)
[19:33:21] [CN] [Spectator  ] 玖肆94                            : 1111
[19:33:46] [CN] [Infected   ] 否认                              : 让让你
[19:34:09] [CN] [Infected   ] 否认                              : 让你一把给你开心的
[19:34:18] [CN] [Spectator  ] 玖肆94                            : 孤独是谁来着
[19:34:24] [CN] [Survivor   ] 否认                              : 我儿子
[19:34:27] [CN] [Spectator  ] 玖肆94                            : 感觉是sb5
[19:34:28] [CN] [Spectator  ] 玖肆94                            : /spectate
[19:34:37] [CN] [Spectator  ] 玖肆94                            : 所以很像
[19:35:59] [CN] 玖肆                              has joined (STEAM_1:1:556583097 | 123.96.100.77)
[19:36:02] [CN] [Spectator  ] 玖肆                              : /spectate
[19:37:52] [CN] [Survivor   ] 否认                              : ?
[19:39:23] [CN] [Survivor   ] 否认                              : wc
[19:39:35] [CN] [Survivor   ] 否认                              : hahah
[19:39:40] [CN] [Survivor   ] 否认                              : hahaha
[19:39:41] [CN] [Survivor   ] 否认                              : hahaha
[19:39:42] [CN] [Survivor   ] 否认                              : hahahah
[19:39:43] [CN] [Survivor   ] 否认                              : hahahaha
--=================================================================--
[18/11/2022 19:39:54] --- NEW MAP STARTED: c2m3_coaster ---
--=================================================================--
[19:40:01] [CN] 我是小孤独！                  has joined (STEAM_1:0:246466989 | 112.6.193.11)
[19:40:20] [CN] 否认                              has joined (STEAM_1:1:529057840 | 39.184.123.203)
[19:40:34] [CN] [Infected   ] 我是小孤独！                  : !hide
[19:40:35] [CN] [Infected   ] 我是小孤独！                  : !vote
[19:40:39] [CN] [Infected   ] 我是小孤独！                  : !show
[19:40:43] [CN] [Survivor   ] 否认                              : 薄纱！
[19:40:50] [CN] [Survivor   ] 否认                              : 这图真的打不来
[19:41:55] [CN] [Survivor   ] 否认                              : ?
[19:42:52] [CN] [Survivor   ] 否认                              : 让你一把
[19:42:58] [CN] [Survivor   ] 否认                              : 这狗地图真打不来
[19:43:14] [CN] [Infected   ] 否认                              : 我是帅哥
[19:44:14] [CN] [Infected   ] 否认                              : 6
[19:44:32] [CN] [Infected   ] 否认                              : 6
[19:44:33] [CN] [Infected   ] 否认                              : 6
[19:44:49] [CN] [Infected   ] 否认                              : 6
[19:45:06] [CN] [Infected   ] 否认                              : ?
[19:45:07] [CN] [Infected   ] 否认                              : 6
[19:45:42] [CN] [Infected   ] 否认                              : 6
[19:45:55] [CN] [Infected   ] 否认                              : 6
--=================================================================--
[18/11/2022 19:46:17] --- NEW MAP STARTED: c2m4_barns ---
--=================================================================--
[19:46:27] [CN] 我是小孤独！                  has joined (STEAM_1:0:246466989 | 112.6.193.11)
[19:46:40] [CN] 否认                              has joined (STEAM_1:1:529057840 | 39.184.123.203)
[19:46:53] [CN] [Infected   ] 我是小孤独！                  : !pause
[19:46:55] [CN] [Infected   ] 我是小孤独！                  : !vote
[19:46:55] [CN] [Survivor   ] 否认                              : what
[19:46:58] [CN] [Infected   ] 我是小孤独！                  : !hide
[19:47:00] [CN] [Infected   ] 我是小孤独！                  : !vote
[19:47:06] [CN] [Infected   ] 我是小孤独！                  : !show
[19:47:09] [CN] [Infected   ] 我是小孤独！                  : !
[19:47:09] [CN] [Survivor   ] 否认                              : !ready
[19:47:16] [CN] [Infected   ] 我是小孤独！                  : !show
[19:47:18] [CN] [Survivor   ] 否认                              : 现在投降还来得及！
[19:47:27] [CN] [Infected   ] 我是小孤独！                  : e
[19:47:33] [CN] [Infected   ] 我是小孤独！                  : 我f1没用
[19:47:49] [CN] [Infected   ] 我是小孤独！                  : !forceunpause
[19:47:50] [CN] [Survivor   ] 否认                              : wt
[19:49:19] [CN] [Survivor   ] 否认                              : wc
[19:49:59] [CN] [Infected   ] 我是小孤独！                  : ?
[19:50:13] [CN] [Survivor   ] 否认                              : ?
[19:50:13] [CN] [Infected   ] 我是小孤独！                  : 6
[19:51:29] [CN] [Survivor   ] 否认                              : 电脑掉帧
[19:51:50] [CN] [Infected   ] 否认                              : 在游轮里我枪都打出来了
[19:51:54] [CN] [Infected   ] 否认                              : 结果卡了一下
[19:52:52] [CN] [Infected   ] 否认                              : ?
[19:53:22] [CN] [Infected   ] 否认                              : ?
[19:53:53] [CN] [Infected   ] 否认                              : ?
[19:54:58] [CN] [Infected   ] 否认                              : 我不是歌神
--=================================================================--
[18/11/2022 19:55:13] --- NEW MAP STARTED: c2m5_concert ---
--=================================================================--
[19:55:20] [CN] 我是小孤独！                  has joined (STEAM_1:0:246466989 | 112.6.193.11)
[19:55:35] [CN] 否认                              has joined (STEAM_1:1:529057840 | 39.184.123.203)
[19:55:41] [CN] [Infected   ] 我是小孤独！                  : !hide
[19:55:42] [CN] [Infected   ] 我是小孤独！                  : !vote
[19:55:43] [CN] [Survivor   ] 否认                              : 等等
[19:55:45] [CN] [Infected   ] 我是小孤独！                  : !show
[19:55:50] [CN] [Infected   ] 我是小孤独！                  : !show
[19:55:54] [CN] [Survivor   ] 否认                              : 这个开关要开几遍
[19:57:16] [CN] [Survivor   ] 否认                              : ?
[19:59:42] [CN] [Survivor   ] 否认                              : 电脑太卡了！！！
[20:00:13] [CN] [Infected   ] 否认                              : 6
[20:01:39] [CN] [Infected   ] 否认                              : 噗呲
[20:02:11] [CN] [Infected   ] 否认                              : 死！
[20:02:25] [CN] [Infected   ] 否认                              : 不准吃药！！！
[20:02:37] [CN] [Infected   ] 否认                              : 6
[20:02:39] [CN] [Infected   ] 否认                              : ye
[20:02:42] [CN] [Infected   ] 否认                              : 薄纱金鱼
--=================================================================--
[18/11/2022 20:03:00] --- NEW MAP STARTED: c2m1_highway ---
--=================================================================--
[20:03:10] [CN] 我是小孤独！                  has joined (STEAM_1:0:246466989 | 112.6.193.11)
[20:03:29] [CN] 否认                              has joined (STEAM_1:1:529057840 | 39.184.123.203)
[20:03:44] [CN] [Infected   ] 否认                              : 这个有啥区别吗
[20:03:44] [CN] [Survivor   ] 我是小孤独！                  : !rmatch
--=================================================================--
[18/11/2022 20:03:48] --- NEW MAP STARTED: c2m1_highway ---
--=================================================================--
[20:03:48] [CN] [Survivor   ] 我是小孤独！                  : !match
--=================================================================--
[18/11/2022 20:03:54] --- NEW MAP STARTED: c2m1_highway ---
--=================================================================--
--=================================================================--
[18/11/2022 20:04:00] --- NEW MAP STARTED: c2m1_highway ---
--=================================================================--
[20:04:09] [CN] 我是小孤独！                  has joined (STEAM_1:0:246466989 | 112.6.193.11)
[20:04:19] [CN] 否认                              has joined (STEAM_1:1:529057840 | 39.184.123.203)
[20:04:30] [CN] [Survivor   ] 我是小孤独！                  : !
[20:05:02] [CN] [Infected   ] 否认                              : 这个有啥区别
[20:05:08] [CN] [Survivor   ] 我是小孤独！                  : 服务器
[20:05:11] [CN] [Survivor   ] 我是小孤独！                  : 副武器
[20:05:17] [CN] [Infected   ] 否认                              : 玩清道夫怎么样
[20:05:35] [CN] [Survivor   ] 我是小孤独！                  : !rmatch
--=================================================================--
[18/11/2022 20:05:37] --- NEW MAP STARTED: c2m1_highway ---
--=================================================================--
[20:05:39] [CN] [Survivor   ] 我是小孤独！                  : !map
--=================================================================--
[18/11/2022 20:05:48] --- NEW MAP STARTED: c8m5_rooftop ---
--=================================================================--
[20:05:55] [CN] 我是小孤独！                  has joined (STEAM_1:0:246466989 | 112.6.193.11)
[20:06:13] [CN] 否认                              has joined (STEAM_1:1:529057840 | 39.184.123.203)
[20:06:18] [CN] [Survivor   ] 我是小孤独！                  : !match
[20:06:20] [CN] [Survivor   ] 否认                              : wtf
--=================================================================--
[18/11/2022 20:06:29] --- NEW MAP STARTED: c8m5_rooftop ---
--=================================================================--
--=================================================================--
[18/11/2022 20:06:33] --- NEW MAP STARTED: c8m5_rooftop ---
--=================================================================--
[20:06:40] [CN] 我是小孤独！                  has joined (STEAM_1:0:246466989 | 112.6.193.11)
[20:06:50] [CN] 否认                              has joined (STEAM_1:1:529057840 | 39.184.123.203)
[20:07:03] [CN] [Infected   ] 否认                              : 没油桶？
[20:07:09] [CN] [Survivor   ] 我是小孤独！                  : 开了你就知道了
[20:07:18] [CN] [Infected   ] 否认                              : ?
[20:07:21] [CN] [Infected   ] 否认                              : o
[20:07:43] [CN] [Survivor   ] 我是小孤独！                  : ?
[20:07:44] [CN] [Infected   ] 否认                              : d
[20:07:46] [CN] [Infected   ] 否认                              : 还有包
[20:07:59] [CN] [Infected   ] 否认                              : md
[20:08:01] [CN] [Infected   ] 否认                              : ?
[20:08:02] [CN] [Infected   ] 否认                              : !s
[20:08:10] [CN] [Survivor   ] 我是小孤独！                  : ?
[20:08:12] [CN] [Infected   ] 否认                              : haha
[20:08:28] [CN] [Survivor   ] 我是小孤独！                  : 你是不是想吃ban
[20:08:28] [CN] [Infected   ] 否认                              : 不准打包
[20:08:31] [CN] [Infected   ] 否认                              : 6
[20:08:47] [CN] [Survivor   ] 我是小孤独！                  : 旁观活你知道不允许
[20:08:53] [CN] [Survivor   ] 我是小孤独！                  : !
[20:09:03] [CN] [Infected   ] 否认                              : 我死不了了啊
[20:09:08] [CN] [Survivor   ] 我是小孤独！                  : oo
[20:09:47] [CN] emileseb5                           has joined (STEAM_1:0:632143659 | 183.217.31.79)
[20:10:43] [CN] [Spectator  ] emileseb5                           : 这喷子哈人
[20:10:54] [CN] [Infected   ] 否认                              : 让他一把
[20:11:07] [CN] [Spectator  ] emileseb5                           : 好硬的嘴
[20:11:09] [CN] [Infected   ] 否认                              : ?
[20:11:12] [CN] [Infected   ] 否认                              : Haineng da baod
[20:11:24] [CN] [Infected   ] 否认                              : 11薄纱他150分
[20:11:40] [CN] [Spectator  ] emileseb5                           : 6
[20:11:50] [CN] [Spectator  ] emileseb5                           : 你是电脑升级了？
[20:12:01] [CN] [Infected   ] 否认                              : 没啊
[20:12:07] [CN] [Infected   ] 否认                              : 我电脑升级就是1500
[20:12:15] [CN] [Spectator  ] emileseb5                           : 6
[20:15:01] [CN] [Spectator  ] emileseb5                           : /spectate
[20:15:27] [CN] [Spectator  ] emileseb5                           : 6
[20:16:31] [CN] [Survivor   ] 否认                              : 让一把
[20:16:53] [CN] [Spectator  ] emileseb5                           : /spectate
[20:17:19] [CN] [Survivor   ] 否认                              : 太卡了
[20:19:35] [CN] [Survivor   ] 否认                              : run
[20:20:18] [CN] [Survivor   ] 否认                              : run
[20:20:21] [CN] [Survivor   ] 否认                              : 太卡了
[20:20:21] [CN] [Infected   ] 我是小孤独！                  : 88
--=================================================================--
[18/11/2022 20:21:22] --- NEW MAP STARTED: c8m5_rooftop ---
--=================================================================--
