--=================================================================--
[02/01/2023 03:14:52] --- NEW MAP STARTED: c2m1_highway ---
--=================================================================--
[03:15:53] [CN] 水面                              has joined (STEAM_1:0:246466989 | 223.149.22.35)
[03:16:04] [CN] [Survivor   ] 水面                              : /match
--=================================================================--
[02/01/2023 03:18:00] --- NEW MAP STARTED: c2m1_highway ---
--=================================================================--
--=================================================================--
[02/01/2023 03:20:47] --- NEW MAP STARTED: c2m1_highway ---
--=================================================================--
[03:21:32] [CN] 水面                              has joined (STEAM_1:0:246466989 | 223.149.22.35)
[03:21:43] [CN] [Survivor   ] 水面                              : /match
--=================================================================--
[02/01/2023 03:23:40] --- NEW MAP STARTED: c2m1_highway ---
--=================================================================--
[03:24:01] [CN] [Survivor   ] 水面                              : /match
--=================================================================--
[02/01/2023 03:24:47] --- NEW MAP STARTED: c2m1_highway ---
--=================================================================--
[12:13:10] [CN] 水面                              has joined (STEAM_1:0:246466989 | 223.149.22.35)
[12:13:28] [CN] [Survivor   ] 水面                              : !match
--=================================================================--
[02/01/2023 12:14:52] --- NEW MAP STARTED: c2m1_highway ---
--=================================================================--
--=================================================================--
[02/01/2023 12:21:28] --- NEW MAP STARTED: c2m1_highway ---
--=================================================================--
[12:23:04] [CN] 水面                              has joined (STEAM_1:0:246466989 | 223.149.22.35)
[12:23:16] [CN] [Survivor   ] 水面                              : /match
--=================================================================--
[02/01/2023 12:24:25] --- NEW MAP STARTED: c2m1_highway ---
--=================================================================--
[12:24:27] [CN] [Survivor   ] 水面                              : !match
[12:24:37] [CN] [Survivor   ] 50 Watt Smile                       : df
[12:24:39] [CN] [Survivor   ] 50 Watt Smile                       : (TEAM) D
[12:24:40] [CN] [Survivor   ] 水面                              : f1
--=================================================================--
[02/01/2023 12:27:36] --- NEW MAP STARTED: c2m1_highway ---
--=================================================================--
[12:31:38] [CN] 水面                              has joined (STEAM_1:0:246466989 | 223.149.22.35)
[12:31:54] [CN] [Survivor   ] 水面                              : /match
--=================================================================--
[02/01/2023 12:34:48] --- NEW MAP STARTED: c2m1_highway ---
--=================================================================--
[12:35:00] [CN] 水面                              has joined (STEAM_1:0:246466989 | 223.148.92.48)
[12:35:10] [CN] [Survivor   ] 水面                              : /match
--=================================================================--
[02/01/2023 12:38:14] --- NEW MAP STARTED: c2m1_highway ---
--=================================================================--
[12:39:21] [CN] 水面                              has joined (STEAM_1:0:246466989 | 223.148.92.48)
[12:39:38] [CN] [Survivor   ] 水面                              : /match
--=================================================================--
[02/01/2023 12:40:20] --- NEW MAP STARTED: c2m1_highway ---
--=================================================================--
[12:56:23] [CN] emileseb5                           has joined (STEAM_1:0:632143659 | 106.5.20.134)
[12:56:47] [CN] [Survivor   ] emileseb5                           : !match
--=================================================================--
[02/01/2023 13:01:40] --- NEW MAP STARTED: c2m1_highway ---
--=================================================================--
--=================================================================--
[02/01/2023 14:17:38] --- NEW MAP STARTED: c2m1_highway ---
--=================================================================--
[14:18:20] [CN] 水面                              has joined (STEAM_1:0:246466989 | 223.149.22.35)
[14:20:46] [CN] [Survivor   ] 水面                              : !spectate
[14:20:49] [CN] [Survivor   ] 水面                              : !cheat
[14:20:52] [CN] [Survivor   ] 水面                              : /match
--=================================================================--
[02/01/2023 14:21:33] --- NEW MAP STARTED: c2m1_highway ---
--=================================================================--
[14:23:45] [CN] 水面                              has joined (STEAM_1:0:246466989 | 223.148.92.48)
[14:23:59] [CN] [Survivor   ] 水面                              : /matcgh
[14:24:02] [CN] [Survivor   ] 水面                              : /match
--=================================================================--
[02/01/2023 14:29:32] --- NEW MAP STARTED: c2m1_highway ---
--=================================================================--
--=================================================================--
[02/01/2023 14:37:28] --- NEW MAP STARTED: c2m1_highway ---
--=================================================================--
--=================================================================--
[02/01/2023 15:19:01] --- NEW MAP STARTED: c2m1_highway ---
--=================================================================--
[23:04:51] [CN] emileseb5                           has joined (STEAM_1:0:632143659 | 106.5.20.134)
[23:05:06] [CN] [Survivor   ] emileseb5                           : !vote
[23:05:17] [CN] [Survivor   ] emileseb5                           : !vote
[23:05:26] [CN] [Survivor   ] emileseb5                           : !mode
[23:05:29] [CN] [Survivor   ] emileseb5                           : !mode
[23:05:33] [CN] [Survivor   ] emileseb5                           : !match
[23:05:43] [CN] [Survivor   ] emileseb5                           : !vote
[23:05:51] [CN] 予感                              has joined (STEAM_1:0:246466989 | 175.2.64.178)
[23:06:32] [CN] [Survivor   ] 予感                              : ！match
[23:07:32] [CN] [Survivor   ] 予感                              : /match
[23:07:58] [CN] [Survivor   ] 予感                              : /match
--=================================================================--
[02/01/2023 23:40:21] --- NEW MAP STARTED: c2m1_highway ---
--=================================================================--
[18:11:23] [CN] cocacola                            has joined (STEAM_1:0:176901031 | 115.52.185.89)
[18:13:44] [CN] [Survivor   ] cocacola                            : !match
