--=================================================================--
[23/12/2022 00:01:52] --- NEW MAP STARTED: c2m1_highway ---
--=================================================================--
[00:02:27] [CN] 水面                              has joined (STEAM_1:0:246466989 | 39.144.190.22)
[00:02:56] [CN] [Survivor   ] 水面                              : !match
--=================================================================--
[23/12/2022 00:32:26] --- NEW MAP STARTED: c2m1_highway ---
--=================================================================--
--=================================================================--
[23/12/2022 00:45:40] --- NEW MAP STARTED: c2m1_highway ---
--=================================================================--
[00:46:22] [CN] 水面                              has joined (STEAM_1:0:246466989 | 39.144.190.22)
[00:46:34] [CN] [Survivor   ] 水面                              : /match
--=================================================================--
[23/12/2022 00:49:50] --- NEW MAP STARTED: c2m1_highway ---
--=================================================================--
--=================================================================--
[23/12/2022 00:50:37] --- NEW MAP STARTED: c2m1_highway ---
--=================================================================--
[00:51:04] [CN] 水面                              has joined (STEAM_1:0:246466989 | 39.144.190.22)
[00:52:01] [CN] [Survivor   ] 水面                              : /match
--=================================================================--
[23/12/2022 00:54:08] --- NEW MAP STARTED: c2m1_highway ---
--=================================================================--
[00:54:14] [CN] [Infected   ] 水面                              : !match
--=================================================================--
[23/12/2022 01:07:12] --- NEW MAP STARTED: c2m1_highway ---
--=================================================================--
[01:07:40] [CN] 水面                              has joined (STEAM_1:0:246466989 | 39.144.190.22)
[01:07:52] [CN] [Survivor   ] 水面                              : /match
--=================================================================--
[23/12/2022 01:14:30] --- NEW MAP STARTED: c2m1_highway ---
--=================================================================--
[15:05:07] [CN] 水面                              has joined (STEAM_1:0:246466989 | 223.149.50.5)
[15:05:19] [CN] [Survivor   ] 水面                              : !rs
--=================================================================--
[23/12/2022 15:05:34] --- NEW MAP STARTED: c2m1_highway ---
--=================================================================--
[15:05:47] [CN] 水面                              has joined (STEAM_1:0:246466989 | 223.149.50.5)
[15:06:04] [CN] [Survivor   ] 水面                              : /match
--=================================================================--
[23/12/2022 15:30:01] --- NEW MAP STARTED: c2m1_highway ---
--=================================================================--
--=================================================================--
[23/12/2022 21:08:32] --- NEW MAP STARTED: c2m1_highway ---
--=================================================================--
[21:09:10] [CN] 水面                              has joined (STEAM_1:0:246466989 | 39.144.190.115)
[21:09:24] [CN] [Survivor   ] 水面                              : /match
--=================================================================--
[23/12/2022 21:19:42] --- NEW MAP STARTED: c2m1_highway ---
--=================================================================--
[21:19:46] [CN] [Survivor   ] 水面                              : !match
--=================================================================--
[23/12/2022 21:20:36] --- NEW MAP STARTED: c2m1_highway ---
--=================================================================--
[21:21:04] [CN] 水面                              has joined (STEAM_1:0:246466989 | 39.144.190.115)
[21:21:21] [CN] [Survivor   ] 水面                              : !match
--=================================================================--
[23/12/2022 21:37:25] --- NEW MAP STARTED: c2m4_barns ---
--=================================================================--
[21:37:27] [CN] [Survivor   ] 水面                              : !match
--=================================================================--
[23/12/2022 21:38:39] --- NEW MAP STARTED: c2m1_highway ---
--=================================================================--
[21:38:58] [CN] 水面                              has joined (STEAM_1:0:246466989 | 39.144.190.115)
[21:39:18] [CN] snooze.                             has joined (STEAM_1:0:235126789 | 120.230.211.192)
[21:39:22] [CN] [Survivor   ] 水面                              : !match
[21:39:22] [CN] [Survivor   ] snooze.                             : (TEAM) !away
[21:39:24] [CN] [Survivor   ] snooze.                             : (TEAM) !away
[21:39:24] [CN] [Survivor   ] snooze.                             : (TEAM) !away
[21:39:24] [CN] [Survivor   ] snooze.                             : (TEAM) !away
[21:39:24] [CN] [Survivor   ] snooze.                             : (TEAM) !away
--=================================================================--
[23/12/2022 22:15:39] --- NEW MAP STARTED: c2m1_highway ---
--=================================================================--
[21:19:07] [CN] 水面                              has joined (STEAM_1:0:246466989 | 223.149.50.5)
[21:19:23] [CN] [Survivor   ] 水面                              : !match
