--=================================================================--
[21/09/2022 08:34:00] --- NEW MAP STARTED: c2m1_highway ---
--=================================================================--
--=================================================================--
[21/09/2022 12:58:05] --- NEW MAP STARTED: c2m1_highway ---
--=================================================================--
[12:59:01] [CN] down the drain                      has joined (STEAM_1:0:246466989 | 61.179.137.63)
[12:59:15] [CN] [Survivor   ] down the drain                      : !vote
[12:59:38] [CN] [Survivor   ] down the drain                      : !vote
[12:59:58] [CN] [Survivor   ] down the drain                      : !vote
[13:00:23] [CN] [Survivor   ] down the drain                      : !admin
[13:00:44] [CN] [Survivor   ] down the drain                      : !map
--=================================================================--
[21/09/2022 13:00:57] --- NEW MAP STARTED: c8m5_rooftop ---
--=================================================================--
[13:01:04] [CN] down the drain                      has joined (STEAM_1:0:246466989 | 61.179.137.63)
[13:01:10] [CN] [Survivor   ] down the drain                      : !match
[13:01:22] [CN] [Survivor   ] down the drain                      : !match
[13:01:30] [CN] [Survivor   ] down the drain                      : !match
--=================================================================--
[21/09/2022 14:00:04] --- NEW MAP STARTED: c2m1_highway ---
--=================================================================--
[14:00:32] [CN] down the drain                      has joined (STEAM_1:0:246466989 | 61.179.137.63)
[14:01:07] [CN] [Survivor   ] down the drain                      : !vote
--=================================================================--
[21/09/2022 14:01:35] --- NEW MAP STARTED: c2m1_highway ---
--=================================================================--
--=================================================================--
[21/09/2022 14:06:40] --- NEW MAP STARTED: c2m1_highway ---
--=================================================================--
[14:07:08] [CN] down the drain                      has joined (STEAM_1:0:246466989 | 61.179.137.63)
[14:07:24] [CN] [Survivor   ] down the drain                      : !match
[14:07:43] [CN] [Survivor   ] down the drain                      : !vote
--=================================================================--
[21/09/2022 14:07:48] --- NEW MAP STARTED: c8m5_rooftop ---
--=================================================================--
[14:07:54] [CN] down the drain                      has joined (STEAM_1:0:246466989 | 61.179.137.63)
[14:09:28] [CN] [Survivor   ] down the drain                      : !vote
[14:09:34] [CN] [Survivor   ] down the drain                      : !match
--=================================================================--
[21/09/2022 14:37:57] --- NEW MAP STARTED: c2m1_highway ---
--=================================================================--
[22:51:53] [CN] down the drain                      has joined (STEAM_1:0:246466989 | 112.6.193.23)
[22:52:04] [CN] [Survivor   ] down the drain                      : !match
[22:52:11] [CN] [Survivor   ] down the drain                      : !matrch
[22:52:14] [CN] [Survivor   ] down the drain                      : !match
