--=================================================================--
[02/02/2023 12:27:32] --- NEW MAP STARTED: c2m1_highway ---
--=================================================================--
[17:03:50] [CN] 未钟之栖                        has joined (STEAM_1:1:577251180 | 27.189.40.93)
--=================================================================--
[02/02/2023 17:08:19] --- NEW MAP STARTED: c2m1_highway ---
--=================================================================--
[23:43:23] [CN] 23℃                               has joined (STEAM_1:0:246466989 | 223.149.50.218)
[23:43:44] [CN] [Survivor   ] 23℃                               : /match
[23:44:02] [CN] [Survivor   ] 23℃                               : /match
[23:44:28] [CN] [Survivor   ] 23℃                               : /match
--=================================================================--
[02/02/2023 23:46:18] --- NEW MAP STARTED: c2m1_highway ---
--=================================================================--
[23:46:21] [CN] [Survivor   ] 23℃                               : /match
--=================================================================--
[02/02/2023 23:48:14] --- NEW MAP STARTED: c2m1_highway ---
--=================================================================--
[23:49:44] [CN] 23℃                               has joined (STEAM_1:0:246466989 | 223.149.50.218)
[23:49:56] [CN] [Infected   ] 23℃                               : /match
--=================================================================--
[02/02/2023 23:57:50] --- NEW MAP STARTED: c2m2_fairgrounds ---
--=================================================================--
--=================================================================--
[02/02/2023 23:58:22] --- NEW MAP STARTED: c2m1_highway ---
--=================================================================--
[12:09:29] [CN] 未钟之栖                        has joined (STEAM_1:1:577251180 | 27.189.40.93)
