--=================================================================--
[29/12/2022 15:06:17] --- NEW MAP STARTED: c2m1_highway ---
--=================================================================--
[15:07:10] [CN] 水面                              has joined (STEAM_1:0:246466989 | 223.149.22.35)
[15:07:45] [CN] [Survivor   ] 水面                              : !map
--=================================================================--
[29/12/2022 15:07:57] --- NEW MAP STARTED: c8m5_rooftop ---
--=================================================================--
[15:08:05] [CN] 水面                              has joined (STEAM_1:0:246466989 | 223.149.22.35)
[15:08:13] [CN] [Survivor   ] 水面                              : !match
--=================================================================--
[29/12/2022 15:12:18] --- NEW MAP STARTED: c2m1_highway ---
--=================================================================--
--=================================================================--
[29/12/2022 15:34:04] --- NEW MAP STARTED: c2m1_highway ---
--=================================================================--
[15:35:12] [CN] 水面                              has joined (STEAM_1:0:246466989 | 223.149.22.35)
[15:36:03] [CN] [Survivor   ] 水面                              : !map
--=================================================================--
[29/12/2022 15:36:13] --- NEW MAP STARTED: c8m5_rooftop ---
--=================================================================--
[15:36:21] [CN] 水面                              has joined (STEAM_1:0:246466989 | 223.149.22.35)
[15:36:34] [CN] [Survivor   ] 水面                              : !match
--=================================================================--
[29/12/2022 15:39:36] --- NEW MAP STARTED: c8m5_rooftop ---
--=================================================================--
[15:39:39] [CN] [Survivor   ] 水面                              : !match
--=================================================================--
[29/12/2022 15:40:50] --- NEW MAP STARTED: c8m5_rooftop ---
--=================================================================--
[15:40:54] [CN] [Survivor   ] 水面                              : !match
--=================================================================--
[29/12/2022 15:43:19] --- NEW MAP STARTED: c8m5_rooftop ---
--=================================================================--
[15:43:22] [CN] [Infected   ] 水面                              : !match
--=================================================================--
[29/12/2022 15:56:32] --- NEW MAP STARTED: c2m1_highway ---
--=================================================================--
--=================================================================--
[29/12/2022 17:23:16] --- NEW MAP STARTED: c2m1_highway ---
--=================================================================--
[17:23:44] [CN] 水面                              has joined (STEAM_1:0:246466989 | 223.149.22.35)
[17:24:07] [CN] [Survivor   ] 水面                              : !map
--=================================================================--
[29/12/2022 17:24:20] --- NEW MAP STARTED: c8m5_rooftop ---
--=================================================================--
[17:24:28] [CN] 水面                              has joined (STEAM_1:0:246466989 | 223.149.22.35)
[17:24:33] [CN] [Survivor   ] 水面                              : !match
--=================================================================--
[29/12/2022 17:26:17] --- NEW MAP STARTED: c8m5_rooftop ---
--=================================================================--
[17:27:06] [CN] [Survivor   ] 水面                              : !match
--=================================================================--
[29/12/2022 17:28:48] --- NEW MAP STARTED: c8m5_rooftop ---
--=================================================================--
[17:28:51] [CN] [Survivor   ] 水面                              : !match
--=================================================================--
[29/12/2022 17:31:13] --- NEW MAP STARTED: c2m1_highway ---
--=================================================================--
[17:38:48] [CN] 水面                              has joined (STEAM_1:0:246466989 | 223.149.22.35)
[17:38:57] [CN] [Survivor   ] 水面                              : !map
--=================================================================--
[29/12/2022 17:39:05] --- NEW MAP STARTED: c8m5_rooftop ---
--=================================================================--
[17:39:14] [CN] 水面                              has joined (STEAM_1:0:246466989 | 223.149.22.35)
[17:40:26] [CN] [Survivor   ] 水面                              : /match'
[17:40:31] [CN] [Survivor   ] 水面                              : /match
--=================================================================--
[29/12/2022 17:53:12] --- NEW MAP STARTED: c2m1_highway ---
--=================================================================--
--=================================================================--
[29/12/2022 17:55:15] --- NEW MAP STARTED: c2m1_highway ---
--=================================================================--
[18:01:10] [CN] 水面                              has joined (STEAM_1:0:246466989 | 223.149.22.35)
[18:01:19] [CN] [Survivor   ] 水面                              : !map
[18:01:29] [CN] [Survivor   ] 水面                              : /map
--=================================================================--
[29/12/2022 18:02:57] --- NEW MAP STARTED: c2m1_highway ---
--=================================================================--
