--=================================================================--
[02/11/2022 07:12:20] --- NEW MAP STARTED: c8m5_rooftop ---
--=================================================================--
[07:14:30] [CN] 23℃                               has joined (STEAM_1:0:246466989 | 61.162.51.231)
[07:16:00] [CN] [Survivor   ] 23℃                               : !match
--=================================================================--
[02/11/2022 07:16:49] --- NEW MAP STARTED: c8m5_rooftop ---
--=================================================================--
[07:21:55] [CN] 23℃                               has joined (STEAM_1:0:246466989 | 61.162.51.231)
[07:22:16] [CN] [Survivor   ] 23℃                               : !match
--=================================================================--
[02/11/2022 07:22:19] --- NEW MAP STARTED: c8m5_rooftop ---
--=================================================================--
--=================================================================--
[02/11/2022 07:23:12] --- NEW MAP STARTED: c8m5_rooftop ---
--=================================================================--
[07:52:20] [CN] 23℃                               has joined (STEAM_1:0:246466989 | 61.162.51.231)
[07:52:42] [CN] [Survivor   ] 23℃                               : !match
--=================================================================--
[02/11/2022 07:52:46] --- NEW MAP STARTED: c8m5_rooftop ---
--=================================================================--
--=================================================================--
[02/11/2022 07:54:18] --- NEW MAP STARTED: c8m5_rooftop ---
--=================================================================--
[08:12:00] [CN] 23℃                               has joined (STEAM_1:0:246466989 | 61.162.51.231)
[08:12:09] [CN] [Survivor   ] 23℃                               : !match
--=================================================================--
[02/11/2022 08:12:12] --- NEW MAP STARTED: c8m5_rooftop ---
--=================================================================--
--=================================================================--
[02/11/2022 08:12:37] --- NEW MAP STARTED: c8m5_rooftop ---
--=================================================================--
[08:13:29] [CN] 23℃                               has joined (STEAM_1:0:246466989 | 61.162.51.231)
[08:14:16] [CN] [Survivor   ] 23℃                               : !map
--=================================================================--
[02/11/2022 08:14:23] --- NEW MAP STARTED: c2m1_highway ---
--=================================================================--
[08:14:33] [CN] 23℃                               has joined (STEAM_1:0:246466989 | 61.162.51.231)
[08:15:01] [CN] [Survivor   ] 23℃                               : !match
--=================================================================--
[02/11/2022 08:15:03] --- NEW MAP STARTED: c2m1_highway ---
--=================================================================--
--=================================================================--
[02/11/2022 08:15:41] --- NEW MAP STARTED: c8m5_rooftop ---
--=================================================================--
[09:04:16] [CN] 23℃                               has joined (STEAM_1:0:246466989 | 61.162.51.231)
[09:04:23] [CN] [Survivor   ] 23℃                               : !map
--=================================================================--
[02/11/2022 09:04:31] --- NEW MAP STARTED: c2m1_highway ---
--=================================================================--
[09:04:41] [CN] 23℃                               has joined (STEAM_1:0:246466989 | 61.162.51.231)
[09:04:53] [CN] [Survivor   ] 23℃                               : !match
--=================================================================--
[02/11/2022 09:04:58] --- NEW MAP STARTED: c2m1_highway ---
--=================================================================--
--=================================================================--
[02/11/2022 09:05:04] --- NEW MAP STARTED: c2m1_highway ---
--=================================================================--
[09:05:13] [CN] 23℃                               has joined (STEAM_1:0:246466989 | 61.162.51.231)
[09:05:21] [CN] [Survivor   ] 23℃                               : !mode
[09:05:37] [CN] [Survivor   ] 23℃                               : !limit hunter 1
[09:05:51] [CN] [Survivor   ] 23℃                               : !timer 0.1 0
[09:06:01] [CN] [Survivor   ] 23℃                               : !timer 1 1.1
[09:20:40] [CN] [Survivor   ] 23℃                               : !limit hunter 2
--=================================================================--
[02/11/2022 09:24:27] --- NEW MAP STARTED: c2m2_fairgrounds ---
--=================================================================--
[09:24:34] [CN] 23℃                               has joined (STEAM_1:0:246466989 | 61.162.51.231)
--=================================================================--
[02/11/2022 09:30:30] --- NEW MAP STARTED: c8m5_rooftop ---
--=================================================================--
--=================================================================--
[02/11/2022 13:18:43] --- NEW MAP STARTED: c8m5_rooftop ---
--=================================================================--
[13:18:57] [CN] 23℃                               has joined (STEAM_1:0:246466989 | 112.6.193.18)
[13:19:10] [CN] [Survivor   ] 23℃                               : !match
--=================================================================--
[02/11/2022 13:19:13] --- NEW MAP STARTED: c8m5_rooftop ---
--=================================================================--
--=================================================================--
[02/11/2022 13:19:18] --- NEW MAP STARTED: c8m5_rooftop ---
--=================================================================--
[13:19:24] [CN] 23℃                               has joined (STEAM_1:0:246466989 | 112.6.193.18)
[13:27:27] [CN] [Survivor   ] 23℃                               : !pause
[13:27:53] [CN] [Survivor   ] 23℃                               : !vote
[13:27:57] [CN] [Survivor   ] 23℃                               : !match
[13:28:01] [CN] [Survivor   ] 23℃                               : !match
--=================================================================--
[02/11/2022 13:28:12] --- NEW MAP STARTED: c8m5_rooftop ---
--=================================================================--
[13:28:18] [CN] 23℃                               has joined (STEAM_1:0:246466989 | 112.6.193.18)
--=================================================================--
[02/11/2022 13:29:31] --- NEW MAP STARTED: c8m5_rooftop ---
--=================================================================--
--=================================================================--
[02/11/2022 14:08:57] --- NEW MAP STARTED: c8m5_rooftop ---
--=================================================================--
[14:09:35] [CN] 23℃                               has joined (STEAM_1:0:246466989 | 112.6.193.18)
[14:10:09] [CN] [Survivor   ] 23℃                               : !map
--=================================================================--
[02/11/2022 14:10:16] --- NEW MAP STARTED: c2m1_highway ---
--=================================================================--
[14:10:26] [CN] 23℃                               has joined (STEAM_1:0:246466989 | 112.6.193.18)
[14:11:08] [CN] [Survivor   ] 23℃                               : !match
--=================================================================--
[02/11/2022 14:11:12] --- NEW MAP STARTED: c2m1_highway ---
--=================================================================--
--=================================================================--
[02/11/2022 14:11:17] --- NEW MAP STARTED: c2m1_highway ---
--=================================================================--
[14:11:27] [CN] 23℃                               has joined (STEAM_1:0:246466989 | 112.6.193.18)
[14:12:06] [CN] [Survivor   ] 23℃                               : !mode
[14:18:31] [CN] [Survivor   ] 23℃                               : !rwitch
[14:27:12] [CN] [Survivor   ] 23℃                               : !mode
[14:29:52] [CN] [Infected   ] 23℃                               : !rtank
[14:31:13] [CN] [Infected   ] 23℃                               : !s
[14:31:19] [CN] [Spectator  ] 23℃                               : !spechud
[14:35:24] [CN] [Infected   ] 23℃                               : !Rtank
[14:40:32] [CN] [Survivor   ] 23℃                               : !3rd
[14:41:41] [CN] [Survivor   ] 23℃                               : !3rd
[14:41:46] [CN] [Survivor   ] 23℃                               : !3rd
[14:44:24] [CN] [Survivor   ] 23℃                               : !timer
[14:44:52] [CN] [Survivor   ] 23℃                               : !rmatch
--=================================================================--
[02/11/2022 14:45:23] --- NEW MAP STARTED: c8m5_rooftop ---
--=================================================================--
[14:47:29] [CN] 八源夜红                        has joined (STEAM_1:0:218522423 | 116.8.230.142)
--=================================================================--
[02/11/2022 14:48:34] --- NEW MAP STARTED: c8m5_rooftop ---
--=================================================================--
--=================================================================--
[02/11/2022 16:17:27] --- NEW MAP STARTED: c8m5_rooftop ---
--=================================================================--
[16:18:40] [CN] 23℃                               has joined (STEAM_1:0:246466989 | 112.6.193.18)
[16:18:52] [CN] [Survivor   ] 23℃                               : !vote
[16:19:16] [CN] [Survivor   ] 23℃                               : !vote
[16:19:23] [CN] [Survivor   ] 23℃                               : !vote
[16:19:40] [CN] [Survivor   ] 23℃                               : !match
--=================================================================--
[02/11/2022 16:19:42] --- NEW MAP STARTED: c8m5_rooftop ---
--=================================================================--
--=================================================================--
[02/11/2022 16:19:47] --- NEW MAP STARTED: c8m5_rooftop ---
--=================================================================--
[16:19:53] [CN] 23℃                               has joined (STEAM_1:0:246466989 | 112.6.193.18)
--=================================================================--
[02/11/2022 16:20:42] --- NEW MAP STARTED: c8m5_rooftop ---
--=================================================================--
[16:50:57] [CN] 23℃                               has joined (STEAM_1:0:246466989 | 112.6.193.18)
[16:51:22] [CN] [Survivor   ] 23℃                               : !match
--=================================================================--
[02/11/2022 16:51:27] --- NEW MAP STARTED: c8m5_rooftop ---
--=================================================================--
--=================================================================--
[02/11/2022 16:51:32] --- NEW MAP STARTED: c8m5_rooftop ---
--=================================================================--
[16:51:37] [CN] 23℃                               has joined (STEAM_1:0:246466989 | 112.6.193.18)
--=================================================================--
[02/11/2022 16:52:11] --- NEW MAP STARTED: c8m5_rooftop ---
--=================================================================--
[16:52:55] [CN] 23℃                               has joined (STEAM_1:0:246466989 | 112.6.193.18)
[16:53:03] [CN] [Survivor   ] 23℃                               : !match
--=================================================================--
[02/11/2022 16:53:05] --- NEW MAP STARTED: c8m5_rooftop ---
--=================================================================--
--=================================================================--
[02/11/2022 16:53:09] --- NEW MAP STARTED: c8m5_rooftop ---
--=================================================================--
[16:53:15] [CN] 23℃                               has joined (STEAM_1:0:246466989 | 112.6.193.18)
[16:53:40] [CN] [Survivor   ] 23℃                               : !vote
[16:53:42] [CN] [Survivor   ] 23℃                               : !hide
[16:53:44] [CN] [Survivor   ] 23℃                               : !vote
[16:54:00] [CN] [Survivor   ] 23℃                               : !show
[16:54:17] [CN] [Survivor   ] 23℃                               : !hide
[16:54:20] [CN] [Survivor   ] 23℃                               : !vote
[16:54:38] [CN] [Survivor   ] 23℃                               : !vote
--=================================================================--
[02/11/2022 16:54:46] --- NEW MAP STARTED: cedafever_m3 ---
--=================================================================--
[16:54:54] [CN] 23℃                               has joined (STEAM_1:0:246466989 | 112.6.193.18)
[16:55:14] [CN] [Survivor   ] 23℃                               : !hide
[16:55:16] [CN] [Survivor   ] 23℃                               : !vote
[16:55:55] [CN] [Survivor   ] 23℃                               : !vote
[16:56:11] [CN] [Survivor   ] 23℃                               : !vote
[16:56:21] [CN] [Survivor   ] 23℃                               : !vote
[16:56:31] [CN] [Survivor   ] 23℃                               : !show
[16:56:46] [CN] [Survivor   ] 23℃                               : !hide
[16:56:48] [CN] [Survivor   ] 23℃                               : !vote
[16:56:57] [CN] [Survivor   ] 23℃                               : !show
[16:57:02] [CN] [Survivor   ] 23℃                               : !slots 16
--=================================================================--
[02/11/2022 17:10:12] --- NEW MAP STARTED: c8m5_rooftop ---
--=================================================================--
--=================================================================--
[02/11/2022 18:43:04] --- NEW MAP STARTED: c8m5_rooftop ---
--=================================================================--
[18:43:53] [CN] 23℃                               has joined (STEAM_1:0:246466989 | 112.6.193.26)
[18:44:02] [CN] [Survivor   ] 23℃                               : !match
--=================================================================--
[02/11/2022 18:44:07] --- NEW MAP STARTED: c8m5_rooftop ---
--=================================================================--
--=================================================================--
[02/11/2022 18:44:12] --- NEW MAP STARTED: c8m5_rooftop ---
--=================================================================--
[18:44:18] [CN] 23℃                               has joined (STEAM_1:0:246466989 | 112.6.193.26)
[18:45:15] [CN] [Survivor   ] 23℃                               : !hlep
[18:45:18] [CN] [Survivor   ] 23℃                               : !hlep
[18:45:24] [CN] [Survivor   ] 23℃                               : !commands
[18:45:32] [CN] [Survivor   ] 23℃                               : !secondary
[18:45:53] [CN] [Survivor   ] 23℃                               : !fs
[18:46:07] [CN] [Survivor   ] 23℃                               : !admin
[18:46:27] [CN] [Survivor   ] 23℃                               : !rwitch
[18:46:56] [CN] [Survivor   ] 23℃                               : !3rd
[18:47:04] [CN] [Survivor   ] 23℃                               : !3rd
--=================================================================--
[02/11/2022 18:48:00] --- NEW MAP STARTED: c8m5_rooftop ---
--=================================================================--
--=================================================================--
[02/11/2022 21:52:22] --- NEW MAP STARTED: c8m5_rooftop ---
--=================================================================--
[21:53:27] [CN] 23℃                               has joined (STEAM_1:0:246466989 | 112.6.193.26)
[21:53:56] [CN] [Survivor   ] 23℃                               : !match
--=================================================================--
[02/11/2022 21:54:15] --- NEW MAP STARTED: c8m5_rooftop ---
--=================================================================--
--=================================================================--
[02/11/2022 21:54:20] --- NEW MAP STARTED: c8m5_rooftop ---
--=================================================================--
[21:54:26] [CN] 23℃                               has joined (STEAM_1:0:246466989 | 112.6.193.26)
[21:54:56] [CN] [Survivor   ] 23℃                               : !mode
[21:55:05] [CN] [Survivor   ] 23℃                               : !s
[21:55:14] [CN] [Survivor   ] 23℃                               : !hide
[21:55:16] [CN] [Survivor   ] 23℃                               : !vote\
[21:55:19] [CN] [Survivor   ] 23℃                               : !vote
[21:55:34] [CN] [Survivor   ] 23℃                               : !vote
[21:55:52] [CN] [Survivor   ] 23℃                               : !vote
--=================================================================--
[02/11/2022 21:56:16] --- NEW MAP STARTED: PR1_Waterfront_F ---
--=================================================================--
[21:56:26] [CN] 23℃                               has joined (STEAM_1:0:246466989 | 112.6.193.26)
[21:56:49] [CN] [Survivor   ] 23℃                               : !addban
[21:56:55] [CN] [Survivor   ] 23℃                               : !ban
[21:56:59] [CN] [Survivor   ] 23℃                               : !hide
[21:57:01] [CN] [Survivor   ] 23℃                               : !ban
[22:04:01] [CN] [Survivor   ] 23℃                               : !vote
--=================================================================--
[02/11/2022 22:04:15] --- NEW MAP STARTED: dprm1_milltown_a ---
--=================================================================--
[22:04:30] [CN] 23℃                               has joined (STEAM_1:0:246466989 | 112.6.193.26)
--=================================================================--
[02/11/2022 22:06:26] --- NEW MAP STARTED: c8m5_rooftop ---
--=================================================================--
--=================================================================--
[02/11/2022 22:17:47] --- NEW MAP STARTED: c8m5_rooftop ---
--=================================================================--
