--=================================================================--
[19/11/2022 13:52:38] --- NEW MAP STARTED: c8m5_rooftop ---
--=================================================================--
[13:53:08] [CN] 我是小孤独！                  has joined (STEAM_1:0:246466989 | 61.179.137.171)
[13:55:03] [CN] [Survivor   ] 我是小孤独！                  : !match
--=================================================================--
[19/11/2022 13:55:41] --- NEW MAP STARTED: c8m5_rooftop ---
--=================================================================--
[14:51:37] [CN] wouldn't ya?                        has joined (STEAM_1:0:246466989 | 61.179.137.171)
[14:55:03] [CN] 丨丨丨                           has joined (STEAM_1:0:625834323 | 120.239.45.133)
[14:55:10] [CN] [Survivor   ] wouldn't ya?                        : !match
--=================================================================--
[19/11/2022 14:55:17] --- NEW MAP STARTED: c8m5_rooftop ---
--=================================================================--
--=================================================================--
[19/11/2022 14:55:21] --- NEW MAP STARTED: c8m5_rooftop ---
--=================================================================--
[14:55:28] [CN] wouldn't ya?                        has joined (STEAM_1:0:246466989 | 61.179.137.171)
[14:55:31] [CN] 丨丨丨                           has joined (STEAM_1:0:625834323 | 120.239.45.133)
[14:55:46] [CN] [Survivor   ] 丨丨丨                           : 6
[14:58:49] [CN] [Infected   ] wouldn't ya?                        : 可以打包啊
[14:59:01] [CN] [Infected   ] 丨丨丨                           : 有包?
[14:59:03] [CN] [Survivor   ] wouldn't ya?                        : 这插件我还找不到怎么删包..
[14:59:16] [CN] [Infected   ] 丨丨丨                           : md带眼镜真不习惯
[14:59:20] [CN] [Survivor   ] wouldn't ya?                        : 6
[15:05:56] [CN] [Infected   ] wouldn't ya?                        : 比制糁机难打多了
[15:05:58] [CN] [Infected   ] wouldn't ya?                        : D
[15:07:38] [CN] [Survivor   ] 丨丨丨                           : sdofkksrydr
--=================================================================--
[19/11/2022 15:08:30] --- NEW MAP STARTED: c8m5_rooftop ---
--=================================================================--
[15:08:48] [CN] 丨丨丨                           has joined (STEAM_1:0:625834323 | 120.239.45.133)
[15:08:57] [CN] wouldn't ya?                        has joined (STEAM_1:0:246466989 | 61.179.137.171)
[15:09:05] [CN] wouldn't ya?                        has joined (STEAM_1:0:246466989 | 61.179.137.171)
[15:09:11] [CN] [Survivor   ] wouldn't ya?                        : !match
--=================================================================--
[19/11/2022 15:09:16] --- NEW MAP STARTED: c8m5_rooftop ---
--=================================================================--
--=================================================================--
[19/11/2022 15:09:21] --- NEW MAP STARTED: c8m5_rooftop ---
--=================================================================--
[15:09:27] [CN] wouldn't ya?                        has joined (STEAM_1:0:246466989 | 61.179.137.171)
[15:09:30] [CN] 丨丨丨                           has joined (STEAM_1:0:625834323 | 120.239.45.133)
[15:09:35] [CN] [Survivor   ] wouldn't ya?                        : 刚刚服务器寄了？
[15:09:39] [CN] [Infected   ] 丨丨丨                           : 没
[15:09:41] [CN] [Infected   ] 丨丨丨                           : 你退了
[15:09:43] [CN] [Survivor   ] wouldn't ya?                        : oo
[15:14:07] [CN] [Survivor   ] wouldn't ya?                        : .
[15:14:31] [CN] [Infected   ] wouldn't ya?                        : 无声ht太多了
[15:14:35] [CN] [Infected   ] wouldn't ya?                        : zm也这样吗
[15:14:41] [CN] [Survivor   ] 丨丨丨                           : 真的?
[15:14:44] [CN] [Infected   ] wouldn't ya?                        : en
[15:21:42] [CN] [Survivor   ] wouldn't ya?                        : wu sheng
[15:24:57] [CN] [Survivor   ] 丨丨丨                           : 操
[15:24:59] [CN] [Infected   ] wouldn't ya?                        : 6
[15:28:25] [CN] [Survivor   ] 丨丨丨                           : 6
[15:28:56] [CN] wouldn't ya?                        has joined (STEAM_1:0:246466989 | 61.179.137.171)
[15:28:59] [CN] [Survivor   ] 丨丨丨                           : sb
[15:29:07] [CN] [Infected   ] wouldn't ya?                        : 校园网抽风
[15:29:21] [CN] [Infected   ] wouldn't ya?                        : 你可以pause的
[15:29:27] [CN] [Survivor   ] 丨丨丨                           : 不会
[15:29:32] [CN] [Infected   ] wouldn't ya?                        : ！pause
[15:29:42] [CN] [Survivor   ] 丨丨丨                           : ！ban
[15:29:44] [CN] [Infected   ] wouldn't ya?                        : pause暂停的意思
[15:29:47] [CN] [Infected   ] wouldn't ya?                        : 6
[15:29:57] [CN] [Infected   ] 丨丨丨                           : (TEAM) !ready
[15:31:58] [CN] [Infected   ] 丨丨丨                           : !s
[15:33:33] [CN] [Survivor   ] wouldn't ya?                        : 花肆这事是真的？
[15:33:40] [CN] [Infected   ] 丨丨丨                           : 什么
[15:33:43] [CN] [Infected   ] 丨丨丨                           : 瓜
[15:33:43] [CN] [Survivor   ] wouldn't ya?                        : 得病了
[15:33:52] [CN] [Infected   ] 丨丨丨                           : 感染了?
[15:33:52] [CN] [Survivor   ] wouldn't ya?                        : DT都给他转了
[15:34:01] [CN] [Survivor   ] wouldn't ya?                        : 肝病
[15:34:10] [CN] [Infected   ] 丨丨丨                           : 我也看了
[15:34:37] [CN] [Infected   ] 丨丨丨                           : (TEAM) !s
[15:35:46] [CN] 原神我的最爱                  has joined (STEAM_1:1:633054431 | 112.94.173.90)
[15:36:27] [CN] 否认                              has joined (STEAM_1:1:529057840 | 39.184.123.203)
[15:36:30] [CN] [Survivor   ] wouldn't ya?                        : 6
[15:36:44] [CN] [Infected   ] 丨丨丨                           : 操
[15:37:00] [CN] [Survivor   ] wouldn't ya?                        : 6
[15:37:02] [CN] [Infected   ] 丨丨丨                           : 6
[15:37:04] [CN] [Spectator  ] 否认                              : 7
[15:37:09] [CN] [Survivor   ] wouldn't ya?                        : 6
[15:37:34] [CN] [Survivor   ] wouldn't ya?                        : 烦死了
[15:37:35] [CN] [Survivor   ] wouldn't ya?                        : 草
[15:37:40] [CN] [Survivor   ] wouldn't ya?                        : 草拟吗
[15:37:46] [CN] [Survivor   ] 丨丨丨                           : 我也看了dt朋友圈
[15:37:53] [CN] [Survivor   ] 丨丨丨                           : 那个人是花4?
[15:37:55] [CN] [Infected   ] wouldn't ya?                        : 我以为闹着玩的
[15:37:57] [CN] [Spectator  ] 否认                              : /spectate
[15:37:57] [CN] [Spectator  ] 原神我的最爱                  : /spectate
[15:37:58] [CN] [Infected   ] wouldn't ya?                        : 是
[15:38:04] [CN] [Survivor   ] 丨丨丨                           : .
[15:38:05] [CN] [Infected   ] wouldn't ya?                        : 就和昨天发的一样的
[15:38:09] [CN] [Spectator  ] 否认                              : 真的
[15:38:16] [CN] [Infected   ] wouldn't ya?                        : g
[15:38:19] [CN] [Spectator  ] 否认                              : 肝衰竭
[15:38:33] [CN] [Spectator  ] 否认                              : 20万
[15:39:01] [CN] [Spectator  ] 否认                              : 还要他家人的肾转移
[15:39:43] [CN] [Survivor   ] 丨丨丨                           : ?
[15:40:25] [CN] [Infected   ] wouldn't ya?                        : 世事难料
[15:40:28] [CN] [Infected   ] wouldn't ya?                        : 只能说
[15:40:38] [CN] [Survivor   ] 丨丨丨                           : 好突然
[15:40:43] [CN] [Spectator  ] 否认                              : 明天做手术
--=================================================================--
[19/11/2022 15:41:06] --- NEW MAP STARTED: c8m5_rooftop ---
--=================================================================--
[15:41:12] [CN] 原神我的最爱                  has joined (STEAM_1:1:633054431 | 112.94.173.90)
[15:41:13] [CN] wouldn't ya?                        has joined (STEAM_1:0:246466989 | 61.179.137.171)
[15:41:15] [CN] [Spectator  ] 原神我的最爱                  : /spectate
[15:41:16] [CN] 丨丨丨                           has joined (STEAM_1:0:625834323 | 120.239.45.133)
[15:41:22] [CN] [Spectator  ] 原神我的最爱                  : /spectate
[15:42:38] [CN] [Survivor   ] 丨丨丨                           : 开风扇
[15:42:40] [CN] [Survivor   ] 丨丨丨                           : 热死
[15:42:41] [CN] [Infected   ] wouldn't ya?                        : !match
[15:44:16] [CN] 否认                              has joined (STEAM_1:1:529057840 | 39.184.123.203)
[15:44:18] [CN] [Spectator  ] 否认                              : /spectate
[15:46:10] [CN] [Survivor   ] 丨丨丨                           : 我日
[15:46:11] [CN] [Spectator  ] 否认                              : d
[15:46:12] [CN] [Infected   ] wouldn't ya?                        : d
[15:46:14] [CN] [Survivor   ] 丨丨丨                           : 怎么老是无声1
[15:46:15] [CN] [Spectator  ] 原神我的最爱                  : (TEAM) dnm
[15:46:17] [CN] [Spectator  ] 否认                              : 3
[15:46:20] [CN] [Survivor   ] wouldn't ya?                        : 我也是
[15:46:27] [CN] [Survivor   ] wouldn't ya?                        : 不知道是服务器问题还是插件问题
[15:46:33] [CN] [Spectator  ] 否认                              : /spectate
[15:46:33] [CN] [Spectator  ] 原神我的最爱                  : /spectate
[15:46:56] [CN] [Spectator  ] 否认                              : (TEAM) wocao
[15:47:03] [CN] [Spectator  ] 否认                              : (TEAM) 是你这个傻逼
[15:47:19] [CN] [Spectator  ] 否认                              : 原神哥说要和我11
[15:47:33] [CN] [Infected   ] 丨丨丨                           : 估计网又炸了
[15:47:37] [CN] [Infected   ] 丨丨丨                           : !pause
[15:47:52] [CN] wouldn't ya?                        has joined (STEAM_1:0:246466989 | 61.179.137.171)
[15:47:56] [CN] [Spectator  ] 否认                              : (TEAM) 无所谓，你会出手
[15:48:32] [CN] [Spectator  ] 原神我的最爱                  : (TEAM) 清道夫现在这么拉了  都没人玩
[15:48:39] [CN] [Spectator  ] 否认                              : (TEAM) 这你都知道？
[15:48:50] [CN] [Infected   ] 丨丨丨                           : (TEAM) !ready
[15:48:54] [CN] [Spectator  ] 原神我的最爱                  : (TEAM) 一个8人房没有 
[15:48:55] [CN] [Spectator  ] 否认                              : (TEAM) cy服平常混野基本没有
[15:49:03] [CN] [Spectator  ] 否认                              : (TEAM) nu好像隐藏了
[15:49:05] [CN] [Infected   ] 丨丨丨                           : 6
[15:49:22] [CN] [Spectator  ] 否认                              : !Jg
[15:49:24] [CN] [Infected   ] 丨丨丨                           : !pause
[15:49:33] [CN] wouldn't ya?                        has joined (STEAM_1:0:246466989 | 61.179.137.171)
[15:49:42] [CN] [Spectator  ] 否认                              : (TEAM) nu服没人？
[15:49:44] [CN] [Spectator  ] 原神我的最爱                  : (TEAM) 这是lsp？
[15:49:47] [CN] [Spectator  ] 否认                              : (TEAM) en
[15:49:51] [CN] [Spectator  ] 原神我的最爱                  : (TEAM) 有个服在22ht
[15:50:17] [CN] [Spectator  ] 否认                              : (TEAM) 最近人都挺少的
[15:50:23] [CN] [Infected   ] 丨丨丨                           : (TEAM) @ready
[15:50:27] [CN] [Infected   ] 丨丨丨                           : (TEAM) !readt
[15:50:28] [CN] [Spectator  ] 否认                              : 666
[15:50:28] [CN] [Infected   ] 丨丨丨                           : (TEAM) !r
[15:50:30] [CN] [Infected   ] 丨丨丨                           : cao
[15:50:31] [CN] [Spectator  ] 否认                              : @ready
[15:50:35] [CN] [Infected   ] 丨丨丨                           : (TEAM) !ready
[15:50:38] [CN] [Spectator  ] 否认                              : 你是懂英语的
[15:50:43] [CN] [Spectator  ] 否认                              : !jg
[15:50:52] [CN] [Spectator  ] 否认                              : !Jg
[15:50:54] [CN] [Infected   ] 丨丨丨                           : (TEAM) !pause
[15:51:04] [CN] [Spectator  ] wouldn't ya?                        : 我加不进去
[15:51:07] [CN] [Spectator  ] wouldn't ya?                        : 草
[15:51:12] [CN] [Infected   ] 丨丨丨                           : (TEAM) !ready
[15:51:12] [CN] [Spectator  ] wouldn't ya?                        : !ready
[15:51:26] [CN] [Spectator  ] wouldn't ya?                        : !jg
[15:51:29] [CN] [Infected   ] 丨丨丨                           : (TEAM) !s
[15:51:36] [CN] [Spectator  ] 丨丨丨                           : 6
[15:51:43] [CN] [Spectator  ] 丨丨丨                           : 不打了
[15:51:44] [CN] [Infected   ] wouldn't ya?                        : 动不了
[15:51:45] [CN] [Spectator  ] 丨丨丨                           : sb
[15:51:49] [CN] [Infected   ] wouldn't ya?                        : ok
[15:51:51] [CN] [Infected   ] wouldn't ya?                        : 6
--=================================================================--
[19/11/2022 15:52:21] --- NEW MAP STARTED: c8m5_rooftop ---
--=================================================================--
--=================================================================--
[19/11/2022 18:16:40] --- NEW MAP STARTED: c8m5_rooftop ---
--=================================================================--
[18:20:18] [CN] 否认                              has joined (STEAM_1:1:529057840 | 39.184.123.203)
[18:20:30] [CN] wouldn't ya?                        has joined (STEAM_1:0:246466989 | 144.12.171.37)
[18:20:48] [CN] [Survivor   ] wouldn't ya?                        : 自己用！match换模式啊
[18:20:52] [CN] [Survivor   ] 否认                              : !match
[18:20:54] [CN] [Survivor   ] wouldn't ya?                        : 还等我
[18:20:58] [CN] [Survivor   ] wouldn't ya?                        : !match
--=================================================================--
[19/11/2022 18:21:16] --- NEW MAP STARTED: c8m5_rooftop ---
--=================================================================--
--=================================================================--
[19/11/2022 18:21:20] --- NEW MAP STARTED: c8m5_rooftop ---
--=================================================================--
[18:21:30] [CN] wouldn't ya?                        has joined (STEAM_1:0:246466989 | 144.12.171.37)
[18:21:38] [CN] 否认                              has joined (STEAM_1:1:529057840 | 39.184.123.203)
[18:22:07] [CN] [Survivor   ] wouldn't ya?                        : 流量炸平
[18:22:11] [CN] [Infected   ] 否认                              : d
[18:22:15] [CN] [Survivor   ] wouldn't ya?                        : 我还是用校园网把
[18:22:18] [CN] [Infected   ] 否认                              : deng deng hai you 22 ne
[18:22:18] [CN] [Survivor   ] wouldn't ya?                        : 等我
[18:23:44] [CN] wouldn't ya?                        has joined (STEAM_1:0:246466989 | 61.179.137.108)
[18:24:42] [CN] [Survivor   ] wouldn't ya?                        : 6
[18:24:43] [CN] [Infected   ] 否认                              : d
[18:25:49] [CN] [Infected   ] 否认                              : d
[18:27:24] [CN] [Infected   ] 否认                              : d
[18:27:29] [CN] [Survivor   ] wouldn't ya?                        : (
[18:27:33] [CN] [Survivor   ] 否认                              : 3
[18:28:24] [CN] [Survivor   ] 否认                              : d
[18:29:09] [CN] [Survivor   ] 否认                              : ?
[18:29:23] [CN] wouldn't ya?                        has joined (STEAM_1:0:246466989 | 61.179.137.108)
[18:30:30] [CN] [Survivor   ] 否认                              : ?
[18:30:50] [CN] [Infected   ] wouldn't ya?                        : 6
[18:32:33] [CN] [Survivor   ] 否认                              : d
[18:33:02] [CN] [Infected   ] 否认                              : d
[18:35:10] [CN] [Infected   ] 否认                              : d
[18:37:34] [CN] [Infected   ] 否认                              : d
[18:37:51] [CN] [Infected   ] 否认                              : haha
[18:40:12] [CN] [Survivor   ] 否认                              : rang 1 ba
[18:40:36] [CN] [Survivor   ] 否认                              : ?
[18:44:20] [CN] [Survivor   ] 否认                              : maye
[18:45:06] [CN] [Infected   ] 否认                              : ?
[18:45:07] [CN] [Infected   ] 否认                              : made
[18:45:45] [CN] [Infected   ] 否认                              : d
[18:46:50] [CN] [Infected   ] 否认                              : maye
[18:46:52] [CN] [Infected   ] 否认                              : !s
[18:47:32] [CN] [Infected   ] 否认                              : aaa
[18:47:33] [CN] [Infected   ] 否认                              : )
[18:48:12] [CN] [Infected   ] 否认                              : ?
[18:48:13] [CN] [Infected   ] 否认                              : bu si ?
[18:48:23] [CN] [Infected   ] 否认                              : maye
[18:48:25] [CN] [Infected   ] 否认                              : bie guan
[18:48:29] [CN] [Infected   ] 否认                              : aaa
[18:51:09] [CN] Istoria                             has joined (STEAM_1:0:604820461 | 116.21.65.111)
[18:52:32] [CN] [Survivor   ] 否认                              : made
[18:52:35] [CN] [Survivor   ] 否认                              : shoubuliao
[18:52:58] [CN] [Spectator  ] Istoria                             : /spectate
[18:53:54] [CN] [Infected   ] 否认                              : 6
[18:55:54] [CN] [Infected   ] 否认                              : ?
[18:55:55] [CN] [Infected   ] 否认                              : wo cao
[18:55:57] [CN] [Infected   ] 否认                              : made
[18:56:05] [CN] [Infected   ] 否认                              : aaa
[18:56:06] [CN] [Infected   ] 否认                              : aaaaaaaaaa
[18:56:07] [CN] [Infected   ] 否认                              : aaaaaaaaaaaaaaaaaa
[18:56:08] [CN] [Infected   ] 否认                              : aaaaaaaaaaaaaaaaaaaaaaaaaaa
[18:56:14] [CN] [Infected   ] 否认                              : cao
[18:56:23] [CN] [Infected   ] 否认                              : made
[18:56:24] [CN] [Infected   ] 否认                              : aaa
--=================================================================--
[19/11/2022 18:56:51] --- NEW MAP STARTED: c8m5_rooftop ---
--=================================================================--
[19:26:12] [CN] wouldn't ya?                        has joined (STEAM_1:0:246466989 | 61.179.137.108)
[19:26:21] [CN] [Survivor   ] wouldn't ya?                        : !match
--=================================================================--
[19/11/2022 19:26:26] --- NEW MAP STARTED: c8m5_rooftop ---
--=================================================================--
--=================================================================--
[19/11/2022 19:26:31] --- NEW MAP STARTED: c8m5_rooftop ---
--=================================================================--
[19:26:37] [CN] wouldn't ya?                        has joined (STEAM_1:0:246466989 | 61.179.137.108)
[19:28:15] [CN] 否认                              has joined (STEAM_1:1:529057840 | 39.184.123.203)
[19:29:06] [CN] [Infected   ] 否认                              : .
[19:29:26] [CN] [Survivor   ] wouldn't ya?                        : 想放dj是吧
[19:29:32] [CN] [Infected   ] 否认                              : 6
[19:29:39] [CN] [Infected   ] 否认                              : 3
[19:29:42] [CN] [Infected   ] 否认                              : feng ling ne
[19:29:49] [CN] [Infected   ] 否认                              : wo zai jiao ting shi le
[19:30:42] [CN] [Infected   ] 否认                              : a
[19:31:15] [CN] [Infected   ] 否认                              : ta men ren ne
[19:31:23] [CN] [Survivor   ] wouldn't ya?                        : 还在开电脑
[19:31:49] [CN] [Survivor   ] wouldn't ya?                        : 河北大学生已经回家了
[19:31:51] [CN] [Survivor   ] wouldn't ya?                        : 55555555555555555
[19:32:08] [CN] [Infected   ] 否认                              : 6
[19:32:21] [CN] [Infected   ] 否认                              : ting shi mei li wo
[19:32:40] [CN] [Survivor   ] wouldn't ya?                        : 我这边来了
[19:33:04] [CN] k2.听诗静夜分                  has joined (STEAM_1:1:441722709 | 219.159.206.59)
[19:33:24] [CN] [Infected   ] k2.听诗静夜分                  : (TEAM) 刚刚在和朋友diandian坐牢
[19:33:30] [CN] [Infected   ] k2.听诗静夜分                  : (TEAM) 这不还差个吗
[19:33:37] [CN] [Infected   ] 否认                              : (TEAM) ma shang lai le
[19:33:45] [CN] [Infected   ] 否认                              : (TEAM) ok
[19:33:53] [CN] [Infected   ] k2.听诗静夜分                  : (TEAM) voice_loopback 1
[19:34:48] [CN] [Survivor   ] wouldn't ya?                        : 他应该在进了
[19:35:08] [CN] [Infected   ] 否认                              : oo
[19:35:50] [CN] [Infected   ] 否认                              : 3
[19:36:05] [CN] Managic                             has joined (STEAM_1:0:503063231 | 106.6.40.244)
[19:36:09] [CN] [Infected   ] 否认                              : ohhhh
[19:36:10] [CN] [Infected   ] 否认                              : lai le
[19:36:54] [CN] [Spectator  ] Managic                             : M不进来
[19:36:57] [CN] [Survivor   ] wouldn't ya?                        : lerp
[19:36:59] [CN] [Infected   ] 否认                              : LERP
[19:37:03] [CN] [Spectator  ] Managic                             : 改了啊
[19:37:11] [CN] [Survivor   ] wouldn't ya?                        : !lerp
[19:37:13] [CN] [Spectator  ] Managic                             : （恼
[19:37:15] [CN] [Survivor   ] wouldn't ya?                        : !lerp
[19:37:17] [CN] [Infected   ] 否认                              : D
[19:37:22] [CN] [Survivor   ] wouldn't ya?                        : 重进一下
[19:37:31] [CN] [Infected   ] 否认                              : YEA
[19:37:35] [CN] Managic                             has joined (STEAM_1:0:503063231 | 106.6.40.244)
[19:37:41] [CN] [Infected   ] 否认                              : ok
[19:38:20] [CN] [Infected   ] 否认                              : gogo
[19:38:43] [CN] [Infected   ] 否认                              : za le ?
[19:39:26] [CN] [Infected   ] 否认                              : (TEAM) 3
[19:41:02] [CN] [Survivor   ] 否认                              : (TEAM) cao
[19:42:15] [CN] emileseb5                           has joined (STEAM_1:0:632143659 | 183.217.31.79)
[19:44:34] [CN] [Spectator  ] emileseb5                           : /spectate
[19:45:49] [CN] [Infected   ] 否认                              : (TEAM) d
[19:47:24] [CN] [Spectator  ] emileseb5                           : /spectate
[19:49:46] [CN] [Spectator  ] emileseb5                           : /spectate
[19:49:48] [CN] [Infected   ] 否认                              : lai liang da ba ?
[19:49:59] [CN] [Survivor   ] wouldn't ya?                        : 我都行
[19:50:30] [CN] [Infected   ] 否认                              : (TEAM) 3
[19:50:31] [CN] [Infected   ] 否认                              : 3
[19:50:39] [CN] [Infected   ] k2.听诗静夜分                  : c=====3
[19:50:43] [CN] [Survivor   ] wouldn't ya?                        : :(
[19:50:55] [CN] [Infected   ] 否认                              : (TEAM) 6
[19:52:03] [CN] [Spectator  ] emileseb5                           : /spectate
[19:52:38] [CN] [Infected   ] 否认                              : (TEAM) (
[19:52:42] [CN] [Infected   ] k2.听诗静夜分                  : (TEAM) 3
[19:55:56] [CN] [Infected   ] 否认                              : (TEAM) d
[19:56:38] [CN] [Infected   ] 否认                              : (TEAM) auiya
[19:57:32] [CN] [Spectator  ] emileseb5                           : /spectate
[19:57:49] [CN] [Survivor   ] 否认                              : (TEAM) ?
[19:57:52] [CN] [Survivor   ] 否认                              : (TEAM) fule
[19:58:34] [CN] [Survivor   ] 否认                              : zai lai yi ba ?
[19:58:37] [CN] [Infected   ] wouldn't ya?                        : 1
[19:58:39] [CN] [Survivor   ] 否认                              : 1
[19:58:39] [CN] [Infected   ] Managic                             : 1
[19:58:46] [CN] [Spectator  ] emileseb5                           : 哈人
[19:59:01] [CN] [Infected   ] Managic                             : (TEAM) +1
[19:59:06] [CN] [Infected   ] wouldn't ya?                        : (TEAM) D
[19:59:11] [CN] [Survivor   ] 否认                              : d
--=================================================================--
[19/11/2022 19:59:17] --- NEW MAP STARTED: c8m5_rooftop ---
--=================================================================--
[19:59:24] [CN] wouldn't ya?                        has joined (STEAM_1:0:246466989 | 61.179.137.108)
[19:59:24] [CN] k2.听诗静夜分                  has joined (STEAM_1:1:441722709 | 219.159.206.59)
[19:59:25] [CN] Managic                             has joined (STEAM_1:0:503063231 | 106.6.40.244)
[19:59:26] [CN] emileseb5                           has joined (STEAM_1:0:632143659 | 183.217.31.79)
[19:59:29] [CN] [Spectator  ] emileseb5                           : /spectate
[19:59:52] [CN] [Infected   ] Managic                             : (TEAM) 彳亍 
[20:00:00] [CN] 否认                              has joined (STEAM_1:1:529057840 | 39.184.123.203)
[20:00:00] [CN] [Infected   ] Managic                             : 1
[20:00:03] [CN] [Infected   ] Managic                             : 1
[20:00:03] [CN] [Spectator  ] emileseb5                           : /spectate
[20:00:04] [CN] [Infected   ] Managic                             : 4
[20:00:21] [CN] [Spectator  ] emileseb5                           : 1!5!
[20:00:27] [CN] [Infected   ] wouldn't ya?                        : ee
[20:00:33] [CN] [Infected   ] Managic                             : 回合
[20:02:19] [CN] [Spectator  ] emileseb5                           : /spectate
[20:04:44] [CN] [Spectator  ] emileseb5                           : /spectate
[20:05:26] [CN] [Infected   ] 否认                              : (TEAM) d
[20:05:28] [CN] [Infected   ] 否认                              : (TEAM) 6
[20:06:41] [CN] [Infected   ] 否认                              : 3
[20:06:45] [CN] [Infected   ] k2.听诗静夜分                  : c===3
[20:07:01] [CN] [Infected   ] 否认                              : (TEAM) wc
[20:07:05] [CN] [Infected   ] k2.听诗静夜分                  : (TEAM) c=3
[20:08:06] [CN] [Survivor   ] Managic                             : 一听到声音就寄了
[20:08:43] [CN] [Infected   ] 否认                              : d
[20:08:46] [CN] [Survivor   ] wouldn't ya?                        : 刀马上就出来了
[20:09:09] [CN] [Spectator  ] emileseb5                           : /spectate
[20:11:03] [CN] [Infected   ] Managic                             : 猎人变成猎物
[20:12:32] [CN] [Survivor   ] 否认                              : (TEAM) d
[20:12:40] [CN] [Survivor   ] 否认                              : (TEAM) d
[20:13:01] [CN] [Spectator  ] emileseb5                           : /spectate
[20:14:01] [CN] [Infected   ] 否认                              : (TEAM) wc
[20:15:08] [CN] [Infected   ] 否认                              : (TEAM) d
[20:15:37] [CN] emileseb5                           has joined (STEAM_1:0:632143659 | 183.217.31.79)
[20:16:02] [CN] [Infected   ] 否认                              : (TEAM) wc
[20:17:53] [CN] [Infected   ] 否认                              : (TEAM) d
[20:18:18] [CN] [Spectator  ] emileseb5                           : /spectate
[20:19:53] [CN] [Infected   ] Managic                             : (TEAM) 咋没上去捏
[20:19:59] [CN] [Infected   ] Managic                             : (TEAM) kook没声4了
[20:20:24] [CN] [Infected   ] wouldn't ya?                        : (TEAM) 听不到我吗
[20:20:49] [CN] [Survivor   ] 否认                              : (TEAM) made
[20:21:17] [CN] 原神我的最爱                  has joined (STEAM_1:1:633054431 | 112.94.173.90)
[20:21:47] [CN] [Infected   ] wouldn't ya?                        : 8.21
[20:21:56] [CN] [Infected   ] wouldn't ya?                        : (TEAM) 还挺得到我吗
[20:21:58] [CN] [Spectator  ] emileseb5                           : /spectate
[20:21:58] [CN] [Spectator  ] 原神我的最爱                  : /spectate
[20:22:01] [CN] [Infected   ] Managic                             : (TEAM) no
[20:22:33] [CN] [Infected   ] wouldn't ya?                        : (TEAM) 我这边是没问题的
[20:22:40] [CN] [Infected   ] wouldn't ya?                        : (TEAM) 你看看你的
[20:23:40] [CN] [Infected   ] wouldn't ya?                        : (TEAM) nice
[20:23:46] [CN] [Infected   ] Managic                             : (TEAM) 我刷新了
[20:24:15] [CN] [Spectator  ] emileseb5                           : /spectate
[20:24:15] [CN] [Spectator  ] 原神我的最爱                  : /spectate
[20:24:17] [CN] [Survivor   ] wouldn't ya?                        : (TEAM) 等你一会
[20:24:28] [CN] [Survivor   ] wouldn't ya?                        : (TEAM) 还能进来吗
[20:24:30] [CN] [Infected   ] 否认                              : su du
[20:25:00] [CN] [Infected   ] 否认                              : (TEAM) d
[20:25:43] [CN] [Spectator  ] emileseb5                           : /spectate
[20:26:19] [CN] [Infected   ] wouldn't ya?                        : 宿舍停电了
[20:26:21] [CN] [Infected   ] wouldn't ya?                        : 草
[20:27:30] [CN] [Survivor   ] 否认                              : ?
[20:27:37] [CN] [Infected   ] wouldn't ya?                        : (TEAM) XD
[20:28:08] [CN] [Spectator  ] emileseb5                           : /spectate
[20:28:11] [CN] [Infected   ] 否认                              : 6
[20:28:12] [CN] [Infected   ] 否认                              : d
[20:28:12] [CN] [Survivor   ] wouldn't ya?                        : gg
[20:28:15] [CN] [Survivor   ] Managic                             : 6
[20:28:15] [CN] [Spectator  ] emileseb5                           : ywochao
[20:28:17] [CN] [Infected   ] 否认                              : 1 1
[20:28:18] [CN] [Spectator  ] emileseb5                           : 我超
[20:28:19] [CN] [Infected   ] 否认                              : ping ju
[20:28:22] [CN] [Infected   ] 否认                              : run
[20:28:23] [CN] [Spectator  ] emileseb5                           : 666
[20:28:26] [CN] [Infected   ] 否认                              : 88
[20:28:26] [CN] [Survivor   ] wouldn't ya?                        : 我去看看电费
[20:28:49] [CN] [Survivor   ] Managic                             : x
[20:28:54] [CN] [Spectator  ] emileseb5                           : 走了
[20:28:55] [CN] [Survivor   ] Managic                             : 撤了
[20:29:01] [CN] [Survivor   ] Managic                             : /rs
--=================================================================--
[19/11/2022 20:29:16] --- NEW MAP STARTED: c8m5_rooftop ---
--=================================================================--
[15:34:55] [CN] wouldn't ya?                        has joined (STEAM_1:0:246466989 | 61.179.137.110)
[15:35:14] [CN] [Survivor   ] wouldn't ya?                        : !match
