--=================================================================--
[22/02/2023 00:27:27] --- NEW MAP STARTED: c2m1_highway ---
--=================================================================--
--=================================================================--
[22/02/2023 00:29:14] --- NEW MAP STARTED: c2m1_highway ---
--=================================================================--
--=================================================================--
[22/02/2023 18:55:17] --- NEW MAP STARTED: c2m1_highway ---
--=================================================================--
[18:55:32] [CN] 23℃                               has joined (STEAM_1:0:246466989 | 61.162.51.38)
[18:55:54] [CN] *fallgod灬jhkhh                    has joined (STEAM_1:1:194733785 | 27.223.238.58)
[18:58:31] [CN] [Survivor   ] 23℃                               : /chmap2
[19:02:41] [CN] [Survivor   ] 23℃                               : /match
--=================================================================--
[22/02/2023 19:03:38] --- NEW MAP STARTED: c2m1_highway ---
--=================================================================--
--=================================================================--
[22/02/2023 19:03:44] --- NEW MAP STARTED: c2m1_highway ---
--=================================================================--
[19:03:55] [CN] 23℃                               has joined (STEAM_1:0:246466989 | 61.162.51.38)
[19:04:20] [CN] [Infected   ] 23℃                               : /mode
[19:04:22] [CN] [Infected   ] 23℃                               : /show
[19:05:12] [CN] Invince.                            has joined (STEAM_1:1:532571826 | 223.81.192.215)
--=================================================================--
[22/02/2023 19:06:05] --- NEW MAP STARTED: c2m1_highway ---
--=================================================================--
--=================================================================--
[22/02/2023 19:19:23] --- NEW MAP STARTED: c2m1_highway ---
--=================================================================--
[19:19:34] [CN] 23℃                               has joined (STEAM_1:0:246466989 | 61.162.51.38)
[19:20:08] [CN] [Survivor   ] 23℃                               : /match
--=================================================================--
[22/02/2023 19:20:15] --- NEW MAP STARTED: c2m1_highway ---
--=================================================================--
--=================================================================--
[22/02/2023 19:20:20] --- NEW MAP STARTED: c2m1_highway ---
--=================================================================--
[19:20:30] [CN] 23℃                               has joined (STEAM_1:0:246466989 | 61.162.51.38)
[19:25:38] [CN] [Survivor   ] 23℃                               : /rmatch
--=================================================================--
[22/02/2023 19:25:39] --- NEW MAP STARTED: c2m1_highway ---
--=================================================================--
[19:26:13] [CN] [Survivor   ] 23℃                               : /match
--=================================================================--
[22/02/2023 19:27:53] --- NEW MAP STARTED: c2m1_highway ---
--=================================================================--
--=================================================================--
[22/02/2023 19:48:29] --- NEW MAP STARTED: c2m1_highway ---
--=================================================================--
--=================================================================--
[22/02/2023 19:49:15] --- NEW MAP STARTED: c2m1_highway ---
--=================================================================--
[19:49:27] [CN] 23℃                               has joined (STEAM_1:0:246466989 | 61.162.51.38)
[19:49:53] [CN] [Survivor   ] 23℃                               : /match
--=================================================================--
[22/02/2023 19:50:01] --- NEW MAP STARTED: c2m1_highway ---
--=================================================================--
--=================================================================--
[22/02/2023 19:50:06] --- NEW MAP STARTED: c2m1_highway ---
--=================================================================--
[19:50:16] [CN] 23℃                               has joined (STEAM_1:0:246466989 | 61.162.51.38)
[19:50:33] [CN] [Survivor   ] 23℃                               : /show
[19:51:02] [JP] 太上忘情                        has joined (STEAM_1:0:427559123 | 43.154.237.48)
--=================================================================--
[22/02/2023 19:54:26] --- NEW MAP STARTED: c2m1_highway ---
--=================================================================--
--=================================================================--
[22/02/2023 21:52:16] --- NEW MAP STARTED: c2m1_highway ---
--=================================================================--
--=================================================================--
[22/02/2023 21:53:43] --- NEW MAP STARTED: c2m1_highway ---
--=================================================================--
[21:53:56] [CN] 23℃                               has joined (STEAM_1:0:246466989 | 61.162.51.38)
[21:54:20] [CN] [Survivor   ] 23℃                               : /match
--=================================================================--
[22/02/2023 21:54:36] --- NEW MAP STARTED: c2m1_highway ---
--=================================================================--
--=================================================================--
[22/02/2023 21:54:42] --- NEW MAP STARTED: c2m1_highway ---
--=================================================================--
[21:54:52] [CN] 23℃                               has joined (STEAM_1:0:246466989 | 61.162.51.38)
--=================================================================--
[22/02/2023 21:55:08] --- NEW MAP STARTED: c2m1_highway ---
--=================================================================--
