--=================================================================--
[21/12/2022 20:47:00] --- NEW MAP STARTED: c2m1_highway ---
--=================================================================--
[20:47:26] [CN] 水面                              has joined (STEAM_1:0:246466989 | 223.149.50.5)
[20:47:41] [CN] [Survivor   ] 水面                              : /match
[20:47:47] [CN] [Survivor   ] 水面                              : /match
[20:48:03] [CN] [Survivor   ] 水面                              : !match
[20:48:07] [CN] [Survivor   ] 水面                              : /vote
[20:48:18] [CN] [Survivor   ] 水面                              : !rs
--=================================================================--
[21/12/2022 20:48:32] --- NEW MAP STARTED: c2m1_highway ---
--=================================================================--
[20:48:52] [CN] 水面                              has joined (STEAM_1:0:246466989 | 223.149.50.5)
[20:49:17] [CN] [Survivor   ] 水面                              : /match
--=================================================================--
[21/12/2022 20:49:58] --- NEW MAP STARTED: c2m1_highway ---
--=================================================================--
[20:54:07] [CN] 水面                              has joined (STEAM_1:0:246466989 | 223.149.50.5)
[20:54:22] [CN] [Survivor   ] 水面                              : match
[20:54:25] [CN] [Survivor   ] 水面                              : /m,atchj
[20:54:28] [CN] [Survivor   ] 水面                              : /match
[20:54:45] [CN] [Survivor   ] 水面                              : !forcematch witchparty
--=================================================================--
[21/12/2022 20:55:11] --- NEW MAP STARTED: c2m1_highway ---
--=================================================================--
--=================================================================--
[21/12/2022 20:59:30] --- NEW MAP STARTED: c2m1_highway ---
--=================================================================--
--=================================================================--
[21/12/2022 20:59:55] --- NEW MAP STARTED: c2m1_highway ---
--=================================================================--
--=================================================================--
[21/12/2022 21:07:49] --- NEW MAP STARTED: c2m1_highway ---
--=================================================================--
--=================================================================--
[21/12/2022 21:10:49] --- NEW MAP STARTED: c2m1_highway ---
--=================================================================--
[21:11:23] [CN] 水面                              has joined (STEAM_1:0:246466989 | 223.149.50.5)
[21:11:50] [CN] [Survivor   ] 水面                              : /match
[21:50:02] [CN] [Survivor   ] 水面                              : !match
--=================================================================--
[21/12/2022 21:53:28] --- NEW MAP STARTED: c2m1_highway ---
--=================================================================--
--=================================================================--
[21/12/2022 21:55:14] --- NEW MAP STARTED: c2m1_highway ---
--=================================================================--
[21:55:55] [CN] 水面                              has joined (STEAM_1:0:246466989 | 223.149.50.5)
[21:56:24] [CN] [Survivor   ] 水面                              : !match
[21:56:48] [CN] [Survivor   ] 水面                              : !rs
--=================================================================--
[21/12/2022 21:57:03] --- NEW MAP STARTED: c2m1_highway ---
--=================================================================--
[21:57:18] [CN] 水面                              has joined (STEAM_1:0:246466989 | 223.149.50.5)
--=================================================================--
[21/12/2022 21:57:45] --- NEW MAP STARTED: c2m1_highway ---
--=================================================================--
--=================================================================--
[21/12/2022 22:02:05] --- NEW MAP STARTED: c2m1_highway ---
--=================================================================--
[22:02:38] [CN] 水面                              has joined (STEAM_1:0:246466989 | 223.149.50.5)
[22:04:50] [CN] [Survivor   ] 水面                              : !match
[22:05:07] [CN] [Survivor   ] 水面                              : !match
[22:05:15] [CN] [Survivor   ] 水面                              : !rmatch
[22:05:48] [CN] [Survivor   ] 水面                              : !map
--=================================================================--
[21/12/2022 22:06:06] --- NEW MAP STARTED: c5m1_waterfront_sndscape ---
--=================================================================--
[22:06:24] [CN] 水面                              has joined (STEAM_1:0:246466989 | 223.149.50.5)
[22:07:06] [CN] [Survivor   ] 水面                              : !match
[22:07:29] [CN] [Survivor   ] 水面                              : !map
--=================================================================--
[21/12/2022 22:07:40] --- NEW MAP STARTED: c5m1_waterfront ---
--=================================================================--
[22:07:56] [CN] 水面                              has joined (STEAM_1:0:246466989 | 223.149.50.5)
[22:09:59] [CN] [Survivor   ] 水面                              : !match
--=================================================================--
[21/12/2022 22:12:09] --- NEW MAP STARTED: c2m1_highway ---
--=================================================================--
[11:22:06] [CN] 水面                              has joined (STEAM_1:0:246466989 | 223.149.50.5)
[11:22:28] [CN] [Survivor   ] 水面                              : !match
