--=================================================================--
[06/09/2022 13:30:31] --- NEW MAP STARTED: c2m1_highway ---
--=================================================================--
[13:31:15] [CN] 电子羊尾玉玉人               has joined (STEAM_1:0:246466989 | 223.104.194.243)
[13:32:38] [CN] [Survivor   ] 电子羊尾玉玉人               : !vote
[13:32:50] [CN] [Survivor   ] 电子羊尾玉玉人               : !admin
[13:34:24] [CN] [Survivor   ] 电子羊尾玉玉人               : !matchmode
[13:34:31] [CN] [Survivor   ] 电子羊尾玉玉人               : !matchmode
[13:34:36] [CN] [Survivor   ] 电子羊尾玉玉人               : !match
[13:35:08] [CN] [Survivor   ] 电子羊尾玉玉人               : !match
--=================================================================--
[06/09/2022 14:25:35] --- NEW MAP STARTED: c2m1_highway ---
--=================================================================--
[14:26:27] [CN] 电子羊尾玉玉人               has joined (STEAM_1:0:246466989 | 223.104.194.243)
[14:26:37] [CN] [Survivor   ] 电子羊尾玉玉人               : !match
[14:26:46] [CN] [Survivor   ] 电子羊尾玉玉人               : !map
--=================================================================--
[06/09/2022 14:27:28] --- NEW MAP STARTED: cedafever_m3 ---
--=================================================================--
[14:27:33] [CN] 电子羊尾玉玉人               has joined (STEAM_1:0:246466989 | 223.104.194.243)
[14:28:07] [CN] [Survivor   ] 电子羊尾玉玉人               : !s
[14:28:14] [CN] [Survivor   ] 电子羊尾玉玉人               : !away
[14:30:17] [CN] [Spectator  ] 电子羊尾玉玉人               : !join
--=================================================================--
[06/09/2022 14:30:36] --- NEW MAP STARTED: cedafever_m3 ---
--=================================================================--
[14:30:52] [CN] 电子羊尾玉玉人               has joined (STEAM_1:0:246466989 | 223.104.194.243)
--=================================================================--
[06/09/2022 14:32:02] --- NEW MAP STARTED: cedafever_m3 ---
--=================================================================--
--=================================================================--
[06/09/2022 14:33:48] --- NEW MAP STARTED: c2m1_highway ---
--=================================================================--
[14:34:57] [CN] 电子羊尾玉玉人               has joined (STEAM_1:0:246466989 | 223.104.194.243)
[14:35:27] [CN] [Survivor   ] 电子羊尾玉玉人               : !jointeam
[14:35:32] [CN] [Survivor   ] 电子羊尾玉玉人               : !join
[14:35:42] [CN] [Survivor   ] 电子羊尾玉玉人               : !map
--=================================================================--
[06/09/2022 14:35:53] --- NEW MAP STARTED: cedafever_m3 ---
--=================================================================--
[14:35:58] [CN] 电子羊尾玉玉人               has joined (STEAM_1:0:246466989 | 223.104.194.243)
[14:36:09] [CN] [Survivor   ] 电子羊尾玉玉人               : !match
--=================================================================--
[06/09/2022 14:55:27] --- NEW MAP STARTED: cedafever_m3 ---
--=================================================================--
[14:55:52] [CN] [Infected   ] 电子羊尾玉玉人               : !match
--=================================================================--
[06/09/2022 15:02:16] --- NEW MAP STARTED: c8m5_rooftop ---
--=================================================================--
[15:02:23] [CN] [Survivor   ] 电子羊尾玉玉人               : !match
--=================================================================--
[06/09/2022 21:55:36] --- NEW MAP STARTED: c8m1_apartment ---
--=================================================================--
[21:55:45] [CN] 电子羊尾玉玉人               has joined (STEAM_1:0:246466989 | 144.12.41.124)
[21:56:11] [CN] [Survivor   ] 电子羊尾玉玉人               : !map
--=================================================================--
[06/09/2022 21:56:25] --- NEW MAP STARTED: c5m1_waterfront ---
--=================================================================--
[21:56:41] [CN] 电子羊尾玉玉人               has joined (STEAM_1:0:246466989 | 144.12.41.124)
[21:58:57] [CN] 3094718689                          has joined (STEAM_1:1:556583097 | 60.185.156.216)
[21:59:08] [CN] [Survivor   ] 电子羊尾玉玉人               : !match
