--=================================================================--
[23/09/2022 00:17:40] --- NEW MAP STARTED: c2m1_highway ---
--=================================================================--
--=================================================================--
[23/09/2022 13:44:01] --- NEW MAP STARTED: c2m1_highway ---
--=================================================================--
[13:45:13] [CN] down the drain                      has joined (STEAM_1:0:246466989 | 112.6.193.9)
[13:45:29] [CN] [Survivor   ] down the drain                      : !match
--=================================================================--
[23/09/2022 13:46:24] --- NEW MAP STARTED: c2m1_highway ---
--=================================================================--
--=================================================================--
[23/09/2022 13:49:25] --- NEW MAP STARTED: c2m1_highway ---
--=================================================================--
[20:56:49] [CN] 往来するもの                  has joined (STEAM_1:0:246466989 | 112.6.193.28)
[20:56:59] [CN] [Survivor   ] 往来するもの                  : !match
[20:57:53] [CN] [Survivor   ] 往来するもの                  : !vote
--=================================================================--
[23/09/2022 20:58:21] --- NEW MAP STARTED: c2m1_highway ---
--=================================================================--
[23:11:56] [CN] emileseb5                           has joined (STEAM_1:0:632143659 | 183.217.154.55)
[23:12:03] [CN] 往来するもの                  has joined (STEAM_1:0:246466989 | 61.162.51.196)
[23:12:08] [CN] [Survivor   ] 往来するもの                  : !match
