--=================================================================--
[06/01/2023 00:17:06] --- NEW MAP STARTED: c2m1_highway ---
--=================================================================--
[20:02:48] [CN] Pudding                             has joined (STEAM_1:0:605227244 | 117.153.12.27)
[20:03:03] [CN] [Survivor   ] Pudding                             : !vote
[20:03:31] [CN] [Survivor   ] Pudding                             : !match
--=================================================================--
[06/01/2023 20:03:59] --- NEW MAP STARTED: c2m1_highway ---
--=================================================================--
[20:07:26] [CN] 玖肆                              has joined (STEAM_1:1:556583097 | 123.96.135.160)
--=================================================================--
[06/01/2023 20:13:46] --- NEW MAP STARTED: c2m1_highway ---
--=================================================================--
[23:07:25] [CN] 徙倚上清秋                     has joined (STEAM_1:0:541490655 | 111.17.76.254)
[23:07:56] [CN] [Survivor   ] 徙倚上清秋                     : !vote
[23:08:05] [CN] [Survivor   ] 徙倚上清秋                     : !vote
[23:08:14] [CN] [Survivor   ] 徙倚上清秋                     : !vote
[23:08:17] [CN] [Survivor   ] 徙倚上清秋                     : !match
--=================================================================--
[06/01/2023 23:09:04] --- NEW MAP STARTED: c2m1_highway ---
--=================================================================--
[03:25:22] [CN] 输了可不好玩                  has joined (STEAM_1:1:547250436 | 117.150.226.10)
