--=================================================================--
[03/02/2023 12:10:30] --- NEW MAP STARTED: c2m1_highway ---
--=================================================================--
--=================================================================--
[03/02/2023 13:55:17] --- NEW MAP STARTED: c2m1_highway ---
--=================================================================--
[14:41:37] [CN] Evo.茄子                          has joined (STEAM_1:1:608216680 | 117.170.100.93)
--=================================================================--
[03/02/2023 14:43:05] --- NEW MAP STARTED: c2m1_highway ---
--=================================================================--
--=================================================================--
[03/02/2023 15:03:47] --- NEW MAP STARTED: c2m1_highway ---
--=================================================================--
[15:50:34] [CN] CY                                  has joined (STEAM_1:1:566778073 | 219.137.143.172)
[15:51:13] [CN] [Infected   ] CY                                  : !ADMIN
[15:51:19] [CN] [Infected   ] CY                                  : !vote
--=================================================================--
[03/02/2023 15:52:54] --- NEW MAP STARTED: c2m1_highway ---
--=================================================================--
[15:58:53] [CN] 23℃                               has joined (STEAM_1:0:246466989 | 223.149.50.218)
[15:59:04] [CN] [Infected   ] 23℃                               : /match
[15:59:09] [CN] [Infected   ] 23℃                               : /vote
[15:59:52] [CN] [Infected   ] 23℃                               : /vote
--=================================================================--
[03/02/2023 16:00:01] --- NEW MAP STARTED: 2019_M1b ---
--=================================================================--
[16:00:11] [CN] 23℃                               has joined (STEAM_1:0:246466989 | 223.149.50.218)
[16:00:29] [CN] [Survivor   ] 23℃                               : /vote
[16:01:03] [CN] [Survivor   ] 23℃                               : /vote
--=================================================================--
[03/02/2023 16:01:13] --- NEW MAP STARTED: bloodtracks_01 ---
--=================================================================--
[16:01:23] [CN] 23℃                               has joined (STEAM_1:0:246466989 | 223.149.50.218)
[16:02:04] [CN] [Survivor   ] 23℃                               : /match
[16:02:13] [CN] [Survivor   ] 23℃                               : /match
--=================================================================--
[03/02/2023 16:09:04] --- NEW MAP STARTED: c2m1_highway ---
--=================================================================--
[16:09:23] [CN] 23℃                               has joined (STEAM_1:0:246466989 | 223.149.50.218)
[16:09:33] [CN] [Infected   ] 23℃                               : /match
--=================================================================--
[03/02/2023 16:24:49] --- NEW MAP STARTED: beach ---
--=================================================================--
[16:24:52] [CN] [Survivor   ] 23℃                               : /match
--=================================================================--
[03/02/2023 16:26:19] --- NEW MAP STARTED: c2m1_highway ---
--=================================================================--
--=================================================================--
[03/02/2023 16:30:20] --- NEW MAP STARTED: c2m1_highway ---
--=================================================================--
[18:27:19] [CN] 未钟之栖                        has joined (STEAM_1:1:577251180 | 27.189.40.93)
--=================================================================--
[03/02/2023 18:31:47] --- NEW MAP STARTED: c2m1_highway ---
--=================================================================--
