--=================================================================--
[20/02/2023 12:02:43] --- NEW MAP STARTED: c2m1_highway ---
--=================================================================--
--=================================================================--
[20/02/2023 12:51:46] --- NEW MAP STARTED: c2m1_highway ---
--=================================================================--
[13:32:51] [CN] 23℃                               has joined (STEAM_1:0:246466989 | 61.179.137.237)
[13:34:45] [CN] [Survivor   ] 23℃                               : /match
[13:35:09] [CN] [Survivor   ] 23℃                               : /match
[13:35:33] [CN] [Survivor   ] 23℃                               : /match
[13:36:52] [CN] [Survivor   ] 23℃                               : /chmap
--=================================================================--
[20/02/2023 13:37:53] --- NEW MAP STARTED: c2m1_highway ---
--=================================================================--
[21:17:49] [CN] 23℃                               has joined (STEAM_1:0:246466989 | 61.179.137.198)
[21:18:18] [CN] [Survivor   ] 23℃                               : /match
[21:18:31] [CN] [Survivor   ] 23℃                               : /rs
--=================================================================--
[20/02/2023 21:18:47] --- NEW MAP STARTED: c2m1_highway ---
--=================================================================--
[21:25:58] [CN] 23℃                               has joined (STEAM_1:0:246466989 | 61.179.137.198)
[21:26:38] [CN] [Survivor   ] 23℃                               : /match
[21:28:40] [CN] [Survivor   ] 23℃                               : /vote
[21:28:49] [CN] [Survivor   ] 23℃                               : /vote
--=================================================================--
[20/02/2023 21:31:53] --- NEW MAP STARTED: c2m1_highway ---
--=================================================================--
