L 12/04/2022 - 11:51:39: SourceMod error session started
L 12/04/2022 - 11:51:39: Info (map "c2m1_highway") (file "/root/Steam/steamapps/common/Left 4 Dead 2 Dedicated Server/left4dead2/addons/sourcemod/logs/errors_20221204.log")
L 12/04/2022 - 11:51:39: [SM] Unable to load extension "left4downtown.ext": /root/Steam/steamapps/common/Left 4 Dead 2 Dedicated Server/left4dead2/addons/sourcemod/extensions/left4downtown.ext.2.l4d2.so: undefined symbol: g_pMemAlloc
L 12/04/2022 - 11:51:39: [SM] Unable to load plugin "Welcome.smx": Could not find required plugin "l4d2_playtime_interface"
L 12/04/2022 - 11:51:40: [SM] Unable to load plugin "l4d_fyzb_en_v20.smx": Could not find required plugin "readyup"
L 12/04/2022 - 12:02:17: SourceMod error session started
L 12/04/2022 - 12:02:17: Info (map "c2m1_highway") (file "/root/Steam/steamapps/common/Left 4 Dead 2 Dedicated Server/left4dead2/addons/sourcemod/logs/errors_20221204.log")
L 12/04/2022 - 12:02:17: [SM] Unable to load extension "left4downtown.ext": /root/Steam/steamapps/common/Left 4 Dead 2 Dedicated Server/left4dead2/addons/sourcemod/extensions/left4downtown.ext.2.l4d2.so: undefined symbol: g_pMemAlloc
L 12/04/2022 - 12:02:17: [SM] Unable to load plugin "Welcome.smx": Could not find required plugin "l4d2_playtime_interface"
L 12/04/2022 - 12:02:17: [SM] Unable to load plugin "l4d_fyzb_en_v20.smx": Could not find required plugin "readyup"
L 12/04/2022 - 12:31:29: [confoglcompmod.smx] [Confogl] CvarSettings: Attempt to track ConVar confogl_pills_limit, which is already being tracked.
L 12/04/2022 - 12:31:32: Error log file session closed.
L 12/04/2022 - 12:38:36: SourceMod error session started
L 12/04/2022 - 12:38:36: Info (map "c2m1_highway") (file "/root/Steam/steamapps/common/Left 4 Dead 2 Dedicated Server/left4dead2/addons/sourcemod/logs/errors_20221204.log")
L 12/04/2022 - 12:38:36: [SM] Unable to load plugin "Welcome.smx": Could not find required plugin "l4d2_playtime_interface"
L 12/04/2022 - 12:38:36: [SM] Unable to load plugin "l4d_fyzb_en_v20.smx": Could not find required plugin "readyup"
L 12/04/2022 - 12:38:46: [confoglcompmod.smx] [Confogl] CvarSettings: Attempt to track ConVar confogl_pills_limit, which is already being tracked.
L 12/04/2022 - 12:38:49: Error log file session closed.
L 12/04/2022 - 12:44:41: SourceMod error session started
L 12/04/2022 - 12:44:41: Info (map "c2m1_highway") (file "/root/Steam/steamapps/common/Left 4 Dead 2 Dedicated Server/left4dead2/addons/sourcemod/logs/errors_20221204.log")
L 12/04/2022 - 12:44:41: [SM] Unable to load extension "left4downtown.ext": /root/Steam/steamapps/common/Left 4 Dead 2 Dedicated Server/left4dead2/addons/sourcemod/extensions/left4downtown.ext.2.l4d2.so: undefined symbol: g_pMemAlloc
L 12/04/2022 - 12:44:41: [SM] Unable to load plugin "Welcome.smx": Could not find required plugin "l4d2_playtime_interface"
L 12/04/2022 - 12:44:41: [SM] Unable to load plugin "l4d_fyzb_en_v20.smx": Could not find required plugin "readyup"
L 12/04/2022 - 12:45:46: Error log file session closed.
L 12/04/2022 - 12:53:01: SourceMod error session started
L 12/04/2022 - 12:53:01: Info (map "c8m5_rooftop") (file "/root/Steam/steamapps/common/Left 4 Dead 2 Dedicated Server/left4dead2/addons/sourcemod/logs/errors_20221204.log")
L 12/04/2022 - 12:53:01: [confoglcompmod.smx] [Confogl] CvarSettings: Attempt to track ConVar confogl_pills_limit, which is already being tracked.
L 12/04/2022 - 12:53:04: Error log file session closed.
L 12/04/2022 - 12:58:16: SourceMod error session started
L 12/04/2022 - 12:58:16: Info (map "c2m1_highway") (file "/root/Steam/steamapps/common/Left 4 Dead 2 Dedicated Server/left4dead2/addons/sourcemod/logs/errors_20221204.log")
L 12/04/2022 - 12:58:16: [SM] Unable to load extension "left4downtown.ext": /root/Steam/steamapps/common/Left 4 Dead 2 Dedicated Server/left4dead2/addons/sourcemod/extensions/left4downtown.ext.2.l4d2.so: undefined symbol: g_pMemAlloc
L 12/04/2022 - 12:58:16: [SM] Unable to load plugin "Welcome.smx": Could not find required plugin "l4d2_playtime_interface"
L 12/04/2022 - 12:58:16: [SM] Unable to load plugin "l4d_fyzb_en_v20.smx": Could not find required plugin "readyup"
L 12/04/2022 - 12:58:54: Error log file session closed.
L 12/04/2022 - 13:02:19: SourceMod error session started
L 12/04/2022 - 13:02:19: Info (map "c8m5_rooftop") (file "/root/Steam/steamapps/common/Left 4 Dead 2 Dedicated Server/left4dead2/addons/sourcemod/logs/errors_20221204.log")
L 12/04/2022 - 13:02:19: [confoglcompmod.smx] [Confogl] CvarSettings: Attempt to track ConVar confogl_pills_limit, which is already being tracked.
L 12/04/2022 - 13:02:22: Error log file session closed.
L 12/04/2022 - 13:12:24: SourceMod error session started
L 12/04/2022 - 13:12:24: Info (map "c2m1_highway") (file "/root/Steam/steamapps/common/Left 4 Dead 2 Dedicated Server/left4dead2/addons/sourcemod/logs/errors_20221204.log")
L 12/04/2022 - 13:12:24: [SM] Unable to load extension "left4downtown.ext": /root/Steam/steamapps/common/Left 4 Dead 2 Dedicated Server/left4dead2/addons/sourcemod/extensions/left4downtown.ext.2.l4d2.so: undefined symbol: g_pMemAlloc
L 12/04/2022 - 13:12:24: [SM] Unable to load plugin "Welcome.smx": Could not find required plugin "l4d2_playtime_interface"
L 12/04/2022 - 13:12:24: [SM] Unable to load plugin "l4d_fyzb_en_v20.smx": Could not find required plugin "readyup"
L 12/04/2022 - 13:13:08: Error log file session closed.
L 12/04/2022 - 13:15:40: SourceMod error session started
L 12/04/2022 - 13:15:40: Info (map "c8m5_rooftop") (file "/root/Steam/steamapps/common/Left 4 Dead 2 Dedicated Server/left4dead2/addons/sourcemod/logs/errors_20221204.log")
L 12/04/2022 - 13:15:40: [confoglcompmod.smx] [Confogl] CvarSettings: Attempt to track ConVar confogl_pills_limit, which is already being tracked.
L 12/04/2022 - 13:15:43: Error log file session closed.
L 12/04/2022 - 13:24:46: SourceMod error session started
L 12/04/2022 - 13:24:46: Info (map "c2m1_highway") (file "/root/Steam/steamapps/common/Left 4 Dead 2 Dedicated Server/left4dead2/addons/sourcemod/logs/errors_20221204.log")
L 12/04/2022 - 13:24:46: [SM] Unable to load extension "left4downtown.ext": /root/Steam/steamapps/common/Left 4 Dead 2 Dedicated Server/left4dead2/addons/sourcemod/extensions/left4downtown.ext.2.l4d2.so: undefined symbol: g_pMemAlloc
L 12/04/2022 - 13:24:46: [SM] Unable to load plugin "Welcome.smx": Could not find required plugin "l4d2_playtime_interface"
L 12/04/2022 - 13:24:46: [SM] Unable to load plugin "l4d_fyzb_en_v20.smx": Could not find required plugin "readyup"
L 12/04/2022 - 13:46:05: SourceMod error session started
L 12/04/2022 - 13:46:05: Info (map "c2m1_highway") (file "/root/Steam/steamapps/common/Left 4 Dead 2 Dedicated Server/left4dead2/addons/sourcemod/logs/errors_20221204.log")
L 12/04/2022 - 13:46:05: [SM] Unable to load extension "left4downtown.ext": /root/Steam/steamapps/common/Left 4 Dead 2 Dedicated Server/left4dead2/addons/sourcemod/extensions/left4downtown.ext.2.l4d2.so: undefined symbol: g_pMemAlloc
L 12/04/2022 - 13:46:05: [SM] Unable to load plugin "Welcome.smx": Could not find required plugin "l4d2_playtime_interface"
L 12/04/2022 - 13:46:05: [SM] Unable to load plugin "l4d_fyzb_en_v20.smx": Could not find required plugin "readyup"
L 12/04/2022 - 13:46:54: Error log file session closed.
L 12/04/2022 - 13:47:16: SourceMod error session started
L 12/04/2022 - 13:47:16: Info (map "c8m5_rooftop") (file "/root/Steam/steamapps/common/Left 4 Dead 2 Dedicated Server/left4dead2/addons/sourcemod/logs/errors_20221204.log")
L 12/04/2022 - 13:47:16: [confoglcompmod.smx] [Confogl] CvarSettings: Attempt to track ConVar confogl_pills_limit, which is already being tracked.
L 12/04/2022 - 13:47:19: Error log file session closed.
L 12/04/2022 - 13:48:04: SourceMod error session started
L 12/04/2022 - 13:48:04: Info (map "c8m5_rooftop") (file "/root/Steam/steamapps/common/Left 4 Dead 2 Dedicated Server/left4dead2/addons/sourcemod/logs/errors_20221204.log")
L 12/04/2022 - 13:48:04: [SM] Unable to load plugin "Welcome.smx": Could not find required plugin "l4d2_playtime_interface"
L 12/04/2022 - 13:48:04: [SM] Unable to load plugin "l4d_fyzb_en_v20.smx": Could not find required plugin "readyup"
L 12/04/2022 - 13:48:11: [confoglcompmod.smx] [Confogl] CvarSettings: Attempt to track ConVar confogl_pills_limit, which is already being tracked.
L 12/04/2022 - 13:48:15: Error log file session closed.
L 12/04/2022 - 13:50:43: SourceMod error session started
L 12/04/2022 - 13:50:43: Info (map "c8m5_rooftop") (file "/root/Steam/steamapps/common/Left 4 Dead 2 Dedicated Server/left4dead2/addons/sourcemod/logs/errors_20221204.log")
L 12/04/2022 - 13:50:43: [SM] Exception reported: Client index 0 is invalid
L 12/04/2022 - 13:50:43: [SM] Blaming: optional/l4d2_scavenge_tank.smx
L 12/04/2022 - 13:50:43: [SM] Call stack trace:
L 12/04/2022 - 13:50:43: [SM]   [0] ChangeClientTeam
L 12/04/2022 - 13:50:43: [SM]   [1] Line 356, /home/forums/content/files/5/6/3/1/5/101119.attach::SpawnTank
L 12/04/2022 - 13:50:43: [SM]   [2] Line 242, /home/forums/content/files/5/6/3/1/5/101119.attach::Event_GasCanPourCompleted
L 12/04/2022 - 14:03:09: SourceMod error session started
L 12/04/2022 - 14:03:09: Info (map "c2m1_highway") (file "/root/Steam/steamapps/common/Left 4 Dead 2 Dedicated Server/left4dead2/addons/sourcemod/logs/errors_20221204.log")
L 12/04/2022 - 14:03:09: [SM] Unable to load extension "left4downtown.ext": /root/Steam/steamapps/common/Left 4 Dead 2 Dedicated Server/left4dead2/addons/sourcemod/extensions/left4downtown.ext.2.l4d2.so: undefined symbol: g_pMemAlloc
L 12/04/2022 - 14:03:09: [SM] Unable to load plugin "Welcome.smx": Could not find required plugin "l4d2_playtime_interface"
L 12/04/2022 - 14:03:09: [SM] Unable to load plugin "l4d_fyzb_en_v20.smx": Could not find required plugin "readyup"
L 12/04/2022 - 19:01:32: SourceMod error session started
L 12/04/2022 - 19:01:32: Info (map "c2m1_highway") (file "/root/Steam/steamapps/common/Left 4 Dead 2 Dedicated Server/left4dead2/addons/sourcemod/logs/errors_20221204.log")
L 12/04/2022 - 19:01:32: [SM] Unable to load extension "left4downtown.ext": /root/Steam/steamapps/common/Left 4 Dead 2 Dedicated Server/left4dead2/addons/sourcemod/extensions/left4downtown.ext.2.l4d2.so: undefined symbol: g_pMemAlloc
L 12/04/2022 - 19:01:32: [SM] Unable to load plugin "Welcome.smx": Could not find required plugin "l4d2_playtime_interface"
L 12/04/2022 - 19:01:32: [SM] Unable to load plugin "l4d_fyzb_en_v20.smx": Could not find required plugin "readyup"
