L 09/24/2022 - 23:11:56: SourceMod error session started
L 09/24/2022 - 23:11:56: Info (map "c2m1_highway") (file "/root/Steam/steamapps/common/Left 4 Dead 2 Dedicated Server/left4dead2/addons/sourcemod/logs/errors_20220924.log")
L 09/24/2022 - 23:11:56: [SM] Exception reported: Language phrase "Unknown City Desc" not found (arg 6)
L 09/24/2022 - 23:11:56: [SM] Blaming: cannounce.smx
L 09/24/2022 - 23:11:56: [SM] Call stack trace:
L 09/24/2022 - 23:11:56: [SM]   [0] Format
L 09/24/2022 - 23:11:56: [SM]   [1] Line 404, cannounce.sp::GetFormattedMessage
L 09/24/2022 - 23:11:56: [SM]   [2] Line 274, cannounce.sp::PrintFormattedMessageToAll
L 09/24/2022 - 23:11:56: [SM]   [3] Line 72, cannounce/countryshow.sp::OnPostAdminCheck_CountryShow
L 09/24/2022 - 23:11:56: [SM]   [4] Line 168, cannounce.sp::OnClientPostAdminCheck
L 09/24/2022 - 23:12:16: [SM] Exception reported: Failed to connect to SourceBans DB, Could not find driver "mysql"
L 09/24/2022 - 23:12:16: [SM] Blaming: sbpp/sbpp_checker.smx
L 09/24/2022 - 23:12:16: [SM] Call stack trace:
L 09/24/2022 - 23:12:16: [SM]   [0] SetFailState
L 09/24/2022 - 23:12:16: [SM]   [1] Line 75, sbpp_checker.sp::OnDatabaseConnected
L 09/24/2022 - 23:12:16: [SM]   [3] SQL_TConnect
L 09/24/2022 - 23:12:16: [SM]   [4] Line 58, sbpp_checker.sp::OnPluginStart
L 09/24/2022 - 23:12:16: [SM] Exception reported: Database failure: Could not find Database conf "sourcebans"
L 09/24/2022 - 23:12:16: [SM] Blaming: sbpp/sbpp_main.smx
L 09/24/2022 - 23:12:16: [SM] Call stack trace:
L 09/24/2022 - 23:12:16: [SM]   [0] SetFailState
L 09/24/2022 - 23:12:16: [SM]   [1] Line 216, sbpp_main.sp::OnPluginStart
L 09/24/2022 - 23:12:16: [sbpp/sbpp_sleuth.smx] SourceSleuth: Database connection error: Could not find driver "mysql"
L 09/24/2022 - 23:12:20: Error log file session closed.
L 09/24/2022 - 23:12:20: SourceMod error session started
L 09/24/2022 - 23:12:20: Info (map "c2m1_highway") (file "/root/Steam/steamapps/common/Left 4 Dead 2 Dedicated Server/left4dead2/addons/sourcemod/logs/errors_20220924.log")
L 09/24/2022 - 23:12:20: [SM] Fatal error encountered parsing translation file "lilac.phrases.txt"
L 09/24/2022 - 23:12:20: [SM] Error (line 0, column 0): Stream failed to open
L 09/24/2022 - 23:12:20: [SM] Fatal error encountered parsing translation file "sourcecomms.phrases.txt"
L 09/24/2022 - 23:12:20: [SM] Error (line 0, column 0): Stream failed to open
L 09/24/2022 - 23:12:20: [SM] Fatal error encountered parsing translation file "sourcereport.phrases.txt"
L 09/24/2022 - 23:12:20: [SM] Error (line 0, column 0): Stream failed to open
L 09/24/2022 - 23:12:20: [SM] Fatal error encountered parsing translation file "sourcesleuth.phrases.txt"
L 09/24/2022 - 23:12:20: [SM] Error (line 0, column 0): Stream failed to open
L 09/24/2022 - 23:12:20: [SM] Fatal error encountered parsing translation file "sourcebans.phrases.txt"
L 09/24/2022 - 23:12:20: [SM] Error (line 0, column 0): Stream failed to open
L 09/24/2022 - 23:12:20: [SM] Fatal error encountered parsing translation file "cannounce.phrases.txt"
L 09/24/2022 - 23:12:20: [SM] Error (line 0, column 0): Stream failed to open
L 09/24/2022 - 23:12:31: [SM] Exception reported: Language phrase "Unknown City Desc" not found (arg 6)
L 09/24/2022 - 23:12:31: [SM] Blaming: cannounce.smx
L 09/24/2022 - 23:12:31: [SM] Call stack trace:
L 09/24/2022 - 23:12:31: [SM]   [0] Format
L 09/24/2022 - 23:12:31: [SM]   [1] Line 404, cannounce.sp::GetFormattedMessage
L 09/24/2022 - 23:12:31: [SM]   [2] Line 274, cannounce.sp::PrintFormattedMessageToAll
L 09/24/2022 - 23:12:31: [SM]   [3] Line 72, cannounce/countryshow.sp::OnPostAdminCheck_CountryShow
L 09/24/2022 - 23:12:31: [SM]   [4] Line 168, cannounce.sp::OnClientPostAdminCheck
L 09/24/2022 - 23:12:34: [SM] Exception reported: Language phrase "Unknown City Desc" not found (arg 6)
L 09/24/2022 - 23:12:34: [SM] Blaming: cannounce.smx
L 09/24/2022 - 23:12:34: [SM] Call stack trace:
L 09/24/2022 - 23:12:34: [SM]   [0] Format
L 09/24/2022 - 23:12:34: [SM]   [1] Line 404, cannounce.sp::GetFormattedMessage
L 09/24/2022 - 23:12:34: [SM]   [2] Line 274, cannounce.sp::PrintFormattedMessageToAll
L 09/24/2022 - 23:12:34: [SM]   [3] Line 72, cannounce/countryshow.sp::OnPostAdminCheck_CountryShow
L 09/24/2022 - 23:12:34: [SM]   [4] Line 168, cannounce.sp::OnClientPostAdminCheck
L 09/24/2022 - 23:16:31: [SM] Exception reported: Language phrase "Unknown City Desc" not found (arg 6)
L 09/24/2022 - 23:16:31: [SM] Blaming: cannounce.smx
L 09/24/2022 - 23:16:31: [SM] Call stack trace:
L 09/24/2022 - 23:16:31: [SM]   [0] Format
L 09/24/2022 - 23:16:31: [SM]   [1] Line 404, cannounce.sp::GetFormattedMessage
L 09/24/2022 - 23:16:31: [SM]   [2] Line 274, cannounce.sp::PrintFormattedMessageToAll
L 09/24/2022 - 23:16:31: [SM]   [3] Line 148, cannounce/countryshow.sp::event_PlayerDisc_CountryShow
L 09/24/2022 - 23:16:31: [SM]   [4] Line 234, cannounce.sp::event_PlayerDisconnect
L 09/24/2022 - 23:26:09: Error log file session closed.
L 09/24/2022 - 23:26:09: SourceMod error session started
L 09/24/2022 - 23:26:09: Info (map "c2m2_fairgrounds") (file "/root/Steam/steamapps/common/Left 4 Dead 2 Dedicated Server/left4dead2/addons/sourcemod/logs/errors_20220924.log")
L 09/24/2022 - 23:26:09: [SM] Fatal error encountered parsing translation file "lilac.phrases.txt"
L 09/24/2022 - 23:26:09: [SM] Error (line 0, column 0): Stream failed to open
L 09/24/2022 - 23:26:09: [SM] Fatal error encountered parsing translation file "sourcecomms.phrases.txt"
L 09/24/2022 - 23:26:09: [SM] Error (line 0, column 0): Stream failed to open
L 09/24/2022 - 23:26:09: [SM] Fatal error encountered parsing translation file "sourcereport.phrases.txt"
L 09/24/2022 - 23:26:09: [SM] Error (line 0, column 0): Stream failed to open
L 09/24/2022 - 23:26:09: [SM] Fatal error encountered parsing translation file "sourcesleuth.phrases.txt"
L 09/24/2022 - 23:26:09: [SM] Error (line 0, column 0): Stream failed to open
L 09/24/2022 - 23:26:09: [SM] Fatal error encountered parsing translation file "sourcebans.phrases.txt"
L 09/24/2022 - 23:26:09: [SM] Error (line 0, column 0): Stream failed to open
L 09/24/2022 - 23:26:09: [SM] Fatal error encountered parsing translation file "cannounce.phrases.txt"
L 09/24/2022 - 23:26:09: [SM] Error (line 0, column 0): Stream failed to open
L 09/24/2022 - 23:26:27: [SM] Exception reported: Language phrase "Unknown City Desc" not found (arg 6)
L 09/24/2022 - 23:26:27: [SM] Blaming: cannounce.smx
L 09/24/2022 - 23:26:27: [SM] Call stack trace:
L 09/24/2022 - 23:26:27: [SM]   [0] Format
L 09/24/2022 - 23:26:27: [SM]   [1] Line 404, cannounce.sp::GetFormattedMessage
L 09/24/2022 - 23:26:27: [SM]   [2] Line 274, cannounce.sp::PrintFormattedMessageToAll
L 09/24/2022 - 23:26:27: [SM]   [3] Line 72, cannounce/countryshow.sp::OnPostAdminCheck_CountryShow
L 09/24/2022 - 23:26:27: [SM]   [4] Line 168, cannounce.sp::OnClientPostAdminCheck
L 09/24/2022 - 23:34:41: Error log file session closed.
L 09/24/2022 - 23:34:41: SourceMod error session started
L 09/24/2022 - 23:34:41: Info (map "c2m3_coaster") (file "/root/Steam/steamapps/common/Left 4 Dead 2 Dedicated Server/left4dead2/addons/sourcemod/logs/errors_20220924.log")
L 09/24/2022 - 23:34:41: [SM] Fatal error encountered parsing translation file "lilac.phrases.txt"
L 09/24/2022 - 23:34:41: [SM] Error (line 0, column 0): Stream failed to open
L 09/24/2022 - 23:34:41: [SM] Fatal error encountered parsing translation file "sourcecomms.phrases.txt"
L 09/24/2022 - 23:34:41: [SM] Error (line 0, column 0): Stream failed to open
L 09/24/2022 - 23:34:41: [SM] Fatal error encountered parsing translation file "sourcereport.phrases.txt"
L 09/24/2022 - 23:34:41: [SM] Error (line 0, column 0): Stream failed to open
L 09/24/2022 - 23:34:41: [SM] Fatal error encountered parsing translation file "sourcesleuth.phrases.txt"
L 09/24/2022 - 23:34:41: [SM] Error (line 0, column 0): Stream failed to open
L 09/24/2022 - 23:34:41: [SM] Fatal error encountered parsing translation file "sourcebans.phrases.txt"
L 09/24/2022 - 23:34:41: [SM] Error (line 0, column 0): Stream failed to open
L 09/24/2022 - 23:34:41: [SM] Fatal error encountered parsing translation file "cannounce.phrases.txt"
L 09/24/2022 - 23:34:41: [SM] Error (line 0, column 0): Stream failed to open
L 09/24/2022 - 23:34:55: [SM] Exception reported: Language phrase "Unknown City Desc" not found (arg 6)
L 09/24/2022 - 23:34:55: [SM] Blaming: cannounce.smx
L 09/24/2022 - 23:34:55: [SM] Call stack trace:
L 09/24/2022 - 23:34:55: [SM]   [0] Format
L 09/24/2022 - 23:34:55: [SM]   [1] Line 404, cannounce.sp::GetFormattedMessage
L 09/24/2022 - 23:34:55: [SM]   [2] Line 274, cannounce.sp::PrintFormattedMessageToAll
L 09/24/2022 - 23:34:55: [SM]   [3] Line 72, cannounce/countryshow.sp::OnPostAdminCheck_CountryShow
L 09/24/2022 - 23:34:55: [SM]   [4] Line 168, cannounce.sp::OnClientPostAdminCheck
L 09/24/2022 - 23:43:19: Error log file session closed.
L 09/24/2022 - 23:43:19: SourceMod error session started
L 09/24/2022 - 23:43:19: Info (map "c2m4_barns") (file "/root/Steam/steamapps/common/Left 4 Dead 2 Dedicated Server/left4dead2/addons/sourcemod/logs/errors_20220924.log")
L 09/24/2022 - 23:43:19: [SM] Fatal error encountered parsing translation file "lilac.phrases.txt"
L 09/24/2022 - 23:43:19: [SM] Error (line 0, column 0): Stream failed to open
L 09/24/2022 - 23:43:19: [SM] Fatal error encountered parsing translation file "sourcecomms.phrases.txt"
L 09/24/2022 - 23:43:19: [SM] Error (line 0, column 0): Stream failed to open
L 09/24/2022 - 23:43:19: [SM] Fatal error encountered parsing translation file "sourcereport.phrases.txt"
L 09/24/2022 - 23:43:19: [SM] Error (line 0, column 0): Stream failed to open
L 09/24/2022 - 23:43:19: [SM] Fatal error encountered parsing translation file "sourcesleuth.phrases.txt"
L 09/24/2022 - 23:43:19: [SM] Error (line 0, column 0): Stream failed to open
L 09/24/2022 - 23:43:19: [SM] Fatal error encountered parsing translation file "sourcebans.phrases.txt"
L 09/24/2022 - 23:43:19: [SM] Error (line 0, column 0): Stream failed to open
L 09/24/2022 - 23:43:19: [SM] Fatal error encountered parsing translation file "cannounce.phrases.txt"
L 09/24/2022 - 23:43:19: [SM] Error (line 0, column 0): Stream failed to open
L 09/24/2022 - 23:43:35: [SM] Exception reported: Language phrase "Unknown City Desc" not found (arg 6)
L 09/24/2022 - 23:43:35: [SM] Blaming: cannounce.smx
L 09/24/2022 - 23:43:35: [SM] Call stack trace:
L 09/24/2022 - 23:43:35: [SM]   [0] Format
L 09/24/2022 - 23:43:35: [SM]   [1] Line 404, cannounce.sp::GetFormattedMessage
L 09/24/2022 - 23:43:35: [SM]   [2] Line 274, cannounce.sp::PrintFormattedMessageToAll
L 09/24/2022 - 23:43:35: [SM]   [3] Line 72, cannounce/countryshow.sp::OnPostAdminCheck_CountryShow
L 09/24/2022 - 23:43:35: [SM]   [4] Line 168, cannounce.sp::OnClientPostAdminCheck
L 09/24/2022 - 23:51:57: Error log file session closed.
L 09/24/2022 - 23:51:57: SourceMod error session started
L 09/24/2022 - 23:51:57: Info (map "c2m5_concert") (file "/root/Steam/steamapps/common/Left 4 Dead 2 Dedicated Server/left4dead2/addons/sourcemod/logs/errors_20220924.log")
L 09/24/2022 - 23:51:57: [SM] Fatal error encountered parsing translation file "lilac.phrases.txt"
L 09/24/2022 - 23:51:57: [SM] Error (line 0, column 0): Stream failed to open
L 09/24/2022 - 23:51:57: [SM] Fatal error encountered parsing translation file "sourcecomms.phrases.txt"
L 09/24/2022 - 23:51:57: [SM] Error (line 0, column 0): Stream failed to open
L 09/24/2022 - 23:51:57: [SM] Fatal error encountered parsing translation file "sourcereport.phrases.txt"
L 09/24/2022 - 23:51:57: [SM] Error (line 0, column 0): Stream failed to open
L 09/24/2022 - 23:51:57: [SM] Fatal error encountered parsing translation file "sourcesleuth.phrases.txt"
L 09/24/2022 - 23:51:57: [SM] Error (line 0, column 0): Stream failed to open
L 09/24/2022 - 23:51:57: [SM] Fatal error encountered parsing translation file "sourcebans.phrases.txt"
L 09/24/2022 - 23:51:57: [SM] Error (line 0, column 0): Stream failed to open
L 09/24/2022 - 23:51:57: [SM] Fatal error encountered parsing translation file "cannounce.phrases.txt"
L 09/24/2022 - 23:51:57: [SM] Error (line 0, column 0): Stream failed to open
L 09/24/2022 - 23:52:08: [SM] Exception reported: Language phrase "Unknown City Desc" not found (arg 6)
L 09/24/2022 - 23:52:08: [SM] Blaming: cannounce.smx
L 09/24/2022 - 23:52:08: [SM] Call stack trace:
L 09/24/2022 - 23:52:08: [SM]   [0] Format
L 09/24/2022 - 23:52:08: [SM]   [1] Line 404, cannounce.sp::GetFormattedMessage
L 09/24/2022 - 23:52:08: [SM]   [2] Line 274, cannounce.sp::PrintFormattedMessageToAll
L 09/24/2022 - 23:52:08: [SM]   [3] Line 72, cannounce/countryshow.sp::OnPostAdminCheck_CountryShow
L 09/24/2022 - 23:52:08: [SM]   [4] Line 168, cannounce.sp::OnClientPostAdminCheck
L 09/25/2022 - 00:04:01: Error log file session closed.
