L 09/06/2022 - 13:30:28: SourceMod error session started
L 09/06/2022 - 13:30:28: Info (map "c2m1_highway") (file "/root/Steam/steamapps/common/Left 4 Dead 2 Dedicated Server/left4dead2/addons/sourcemod/logs/errors_20220906.log")
L 09/06/2022 - 13:30:28: [SM] Unable to load extension "rip.ext": /root/Steam/steamapps/common/Left 4 Dead 2 Dedicated Server/left4dead2/addons/sourcemod/extensions/rip.ext.so: cannot open shared object file: No such file or directory
L 09/06/2022 - 13:30:28: [SM] Exception reported: 无法加载cfgs.txt文件!
L 09/06/2022 - 13:30:28: [SM] Blaming: vote.smx
L 09/06/2022 - 13:30:28: [SM] Call stack trace:
L 09/06/2022 - 13:30:28: [SM]   [0] SetFailState
L 09/06/2022 - 13:30:28: [SM]   [1] Line 35, E:\DownLoading\beifen\AstMod v2.6.1\left4dead2\addons\sourcemod\scripting\vote.sp::OnPluginStart
L 09/06/2022 - 13:30:28: [SM] Unable to load plugin "vote.smx": Error detected in plugin startup (see error logs)
L 09/06/2022 - 13:30:28: [SM] Unable to load plugin "l4d2_playtime_interface.smx": Required extension "REST in Pawn" file("rip.ext") not running
L 09/06/2022 - 13:30:28: [SM] Unable to load plugin "Welcome.smx": Could not find required plugin "l4d2_playtime_interface"
L 09/06/2022 - 13:30:29: [SM] Exception reported: 无法加载cfgs.txt文件!
L 09/06/2022 - 13:30:29: [SM] Blaming: vote_advance.smx
L 09/06/2022 - 13:30:29: [SM] Call stack trace:
L 09/06/2022 - 13:30:29: [SM]   [0] SetFailState
L 09/06/2022 - 13:30:29: [SM]   [1] Line 37, E:\DownLoading\beifen\AstMod v2.6.1\left4dead2\addons\sourcemod\scripting\vote_advance.sp::OnPluginStart
L 09/06/2022 - 13:30:29: [SM] Unable to load plugin "vote_advance.smx": Error detected in plugin startup (see error logs)
L 09/06/2022 - 13:30:29: [SM] Fatal error encountered parsing translation file "cannounce.phrases.txt"
L 09/06/2022 - 13:30:29: [SM] Error (line 0, column 0): Stream failed to open
L 09/06/2022 - 13:31:15: [SM] Exception reported: Language phrase "Unknown City Desc" not found (arg 6)
L 09/06/2022 - 13:31:15: [SM] Blaming: cannounce.smx
L 09/06/2022 - 13:31:15: [SM] Call stack trace:
L 09/06/2022 - 13:31:15: [SM]   [0] Format
L 09/06/2022 - 13:31:15: [SM]   [1] Line 404, cannounce.sp::GetFormattedMessage
L 09/06/2022 - 13:31:15: [SM]   [2] Line 274, cannounce.sp::PrintFormattedMessageToAll
L 09/06/2022 - 13:31:15: [SM]   [3] Line 72, cannounce/countryshow.sp::OnPostAdminCheck_CountryShow
L 09/06/2022 - 13:31:15: [SM]   [4] Line 168, cannounce.sp::OnClientPostAdminCheck
L 09/06/2022 - 13:35:15: Error log file session closed.
L 09/06/2022 - 13:35:15: SourceMod error session started
L 09/06/2022 - 13:35:15: Info (map "c2m1_highway") (file "/root/Steam/steamapps/common/Left 4 Dead 2 Dedicated Server/left4dead2/addons/sourcemod/logs/errors_20220906.log")
L 09/06/2022 - 13:35:15: [SM] Fatal error encountered parsing translation file "cannounce.phrases.txt"
L 09/06/2022 - 13:35:15: [SM] Error (line 0, column 0): Stream failed to open
L 09/06/2022 - 13:48:33: Error log file session closed.
L 09/06/2022 - 13:48:33: SourceMod error session started
L 09/06/2022 - 13:48:33: Info (map "c2m2_fairgrounds") (file "/root/Steam/steamapps/common/Left 4 Dead 2 Dedicated Server/left4dead2/addons/sourcemod/logs/errors_20220906.log")
L 09/06/2022 - 13:48:33: [SM] Fatal error encountered parsing translation file "cannounce.phrases.txt"
L 09/06/2022 - 13:48:33: [SM] Error (line 0, column 0): Stream failed to open
L 09/06/2022 - 14:01:44: Error log file session closed.
L 09/06/2022 - 14:01:44: SourceMod error session started
L 09/06/2022 - 14:01:44: Info (map "c2m3_coaster") (file "/root/Steam/steamapps/common/Left 4 Dead 2 Dedicated Server/left4dead2/addons/sourcemod/logs/errors_20220906.log")
L 09/06/2022 - 14:01:44: [SM] Fatal error encountered parsing translation file "cannounce.phrases.txt"
L 09/06/2022 - 14:01:44: [SM] Error (line 0, column 0): Stream failed to open
L 09/06/2022 - 14:19:31: Error log file session closed.
L 09/06/2022 - 14:19:31: SourceMod error session started
L 09/06/2022 - 14:19:31: Info (map "c2m4_barns") (file "/root/Steam/steamapps/common/Left 4 Dead 2 Dedicated Server/left4dead2/addons/sourcemod/logs/errors_20220906.log")
L 09/06/2022 - 14:19:31: [SM] Fatal error encountered parsing translation file "cannounce.phrases.txt"
L 09/06/2022 - 14:19:31: [SM] Error (line 0, column 0): Stream failed to open
L 09/06/2022 - 14:22:44: Error log file session closed.
L 09/06/2022 - 14:22:44: SourceMod error session started
L 09/06/2022 - 14:22:44: Info (map "c2m1_highway") (file "/root/Steam/steamapps/common/Left 4 Dead 2 Dedicated Server/left4dead2/addons/sourcemod/logs/errors_20220906.log")
L 09/06/2022 - 14:22:44: [SM] Fatal error encountered parsing translation file "cannounce.phrases.txt"
L 09/06/2022 - 14:22:44: [SM] Error (line 0, column 0): Stream failed to open
L 09/06/2022 - 14:25:32: SourceMod error session started
L 09/06/2022 - 14:25:32: Info (map "c2m1_highway") (file "/root/Steam/steamapps/common/Left 4 Dead 2 Dedicated Server/left4dead2/addons/sourcemod/logs/errors_20220906.log")
L 09/06/2022 - 14:25:32: [SM] Unable to load extension "rip.ext": /root/Steam/steamapps/common/Left 4 Dead 2 Dedicated Server/left4dead2/addons/sourcemod/extensions/rip.ext.so: cannot open shared object file: No such file or directory
L 09/06/2022 - 14:25:32: [SM] Exception reported: 无法加载cfgs.txt文件!
L 09/06/2022 - 14:25:32: [SM] Blaming: vote.smx
L 09/06/2022 - 14:25:32: [SM] Call stack trace:
L 09/06/2022 - 14:25:32: [SM]   [0] SetFailState
L 09/06/2022 - 14:25:32: [SM]   [1] Line 35, E:\DownLoading\beifen\AstMod v2.6.1\left4dead2\addons\sourcemod\scripting\vote.sp::OnPluginStart
L 09/06/2022 - 14:25:32: [SM] Unable to load plugin "vote.smx": Error detected in plugin startup (see error logs)
L 09/06/2022 - 14:25:32: [SM] Unable to load plugin "l4d2_playtime_interface.smx": Required extension "REST in Pawn" file("rip.ext") not running
L 09/06/2022 - 14:25:32: [SM] Unable to load plugin "Welcome.smx": Could not find required plugin "l4d2_playtime_interface"
L 09/06/2022 - 14:25:33: [SM] Exception reported: 无法加载cfgs.txt文件!
L 09/06/2022 - 14:25:33: [SM] Blaming: vote_advance.smx
L 09/06/2022 - 14:25:33: [SM] Call stack trace:
L 09/06/2022 - 14:25:33: [SM]   [0] SetFailState
L 09/06/2022 - 14:25:33: [SM]   [1] Line 37, E:\DownLoading\beifen\AstMod v2.6.1\left4dead2\addons\sourcemod\scripting\vote_advance.sp::OnPluginStart
L 09/06/2022 - 14:25:33: [SM] Unable to load plugin "vote_advance.smx": Error detected in plugin startup (see error logs)
L 09/06/2022 - 14:25:33: [SM] Fatal error encountered parsing translation file "cannounce.phrases.txt"
L 09/06/2022 - 14:25:33: [SM] Error (line 0, column 0): Stream failed to open
L 09/06/2022 - 14:26:27: [SM] Exception reported: Language phrase "Unknown City Desc" not found (arg 6)
L 09/06/2022 - 14:26:27: [SM] Blaming: cannounce.smx
L 09/06/2022 - 14:26:27: [SM] Call stack trace:
L 09/06/2022 - 14:26:27: [SM]   [0] Format
L 09/06/2022 - 14:26:27: [SM]   [1] Line 404, cannounce.sp::GetFormattedMessage
L 09/06/2022 - 14:26:27: [SM]   [2] Line 274, cannounce.sp::PrintFormattedMessageToAll
L 09/06/2022 - 14:26:27: [SM]   [3] Line 72, cannounce/countryshow.sp::OnPostAdminCheck_CountryShow
L 09/06/2022 - 14:26:27: [SM]   [4] Line 168, cannounce.sp::OnClientPostAdminCheck
L 09/06/2022 - 14:27:27: Error log file session closed.
L 09/06/2022 - 14:27:27: SourceMod error session started
L 09/06/2022 - 14:27:27: Info (map "cedafever_m3") (file "/root/Steam/steamapps/common/Left 4 Dead 2 Dedicated Server/left4dead2/addons/sourcemod/logs/errors_20220906.log")
L 09/06/2022 - 14:27:27: [SM] Fatal error encountered parsing translation file "cannounce.phrases.txt"
L 09/06/2022 - 14:27:27: [SM] Error (line 0, column 0): Stream failed to open
L 09/06/2022 - 14:27:33: [SM] Exception reported: Language phrase "Unknown City Desc" not found (arg 6)
L 09/06/2022 - 14:27:33: [SM] Blaming: cannounce.smx
L 09/06/2022 - 14:27:33: [SM] Call stack trace:
L 09/06/2022 - 14:27:33: [SM]   [0] Format
L 09/06/2022 - 14:27:33: [SM]   [1] Line 404, cannounce.sp::GetFormattedMessage
L 09/06/2022 - 14:27:33: [SM]   [2] Line 274, cannounce.sp::PrintFormattedMessageToAll
L 09/06/2022 - 14:27:33: [SM]   [3] Line 72, cannounce/countryshow.sp::OnPostAdminCheck_CountryShow
L 09/06/2022 - 14:27:33: [SM]   [4] Line 168, cannounce.sp::OnClientPostAdminCheck
L 09/06/2022 - 14:30:13: [SM] Exception reported: Invalid convar handle 0 (error 4)
L 09/06/2022 - 14:30:13: [SM] Blaming: L4DVSAutoSpectateOnAFK.smx
L 09/06/2022 - 14:30:13: [SM] Call stack trace:
L 09/06/2022 - 14:30:13: [SM]   [0] ConVar.IntValue.get
L 09/06/2022 - 14:30:13: [SM]   [1] Line 503, E:\DownLoading\beifen\sourcemod-1.11.0-git6826-windows\addons\sourcemod\scripting\L4DVSAutoSpectateOnAFK.sp::afkCheckThread
L 09/06/2022 - 14:30:14: [SM] Exception reported: Invalid convar handle 0 (error 4)
L 09/06/2022 - 14:30:14: [SM] Blaming: L4DVSAutoSpectateOnAFK.smx
L 09/06/2022 - 14:30:14: [SM] Call stack trace:
L 09/06/2022 - 14:30:14: [SM]   [0] ConVar.IntValue.get
L 09/06/2022 - 14:30:14: [SM]   [1] Line 503, E:\DownLoading\beifen\sourcemod-1.11.0-git6826-windows\addons\sourcemod\scripting\L4DVSAutoSpectateOnAFK.sp::afkCheckThread
L 09/06/2022 - 14:30:15: [SM] Exception reported: Invalid convar handle 0 (error 4)
L 09/06/2022 - 14:30:15: [SM] Blaming: L4DVSAutoSpectateOnAFK.smx
L 09/06/2022 - 14:30:15: [SM] Call stack trace:
L 09/06/2022 - 14:30:15: [SM]   [0] ConVar.IntValue.get
L 09/06/2022 - 14:30:15: [SM]   [1] Line 503, E:\DownLoading\beifen\sourcemod-1.11.0-git6826-windows\addons\sourcemod\scripting\L4DVSAutoSpectateOnAFK.sp::afkCheckThread
L 09/06/2022 - 14:30:16: [SM] Exception reported: Invalid convar handle 0 (error 4)
L 09/06/2022 - 14:30:16: [SM] Blaming: L4DVSAutoSpectateOnAFK.smx
L 09/06/2022 - 14:30:16: [SM] Call stack trace:
L 09/06/2022 - 14:30:16: [SM]   [0] ConVar.IntValue.get
L 09/06/2022 - 14:30:16: [SM]   [1] Line 503, E:\DownLoading\beifen\sourcemod-1.11.0-git6826-windows\addons\sourcemod\scripting\L4DVSAutoSpectateOnAFK.sp::afkCheckThread
L 09/06/2022 - 14:30:17: [SM] Exception reported: Invalid convar handle 0 (error 4)
L 09/06/2022 - 14:30:17: [SM] Blaming: L4DVSAutoSpectateOnAFK.smx
L 09/06/2022 - 14:30:17: [SM] Call stack trace:
L 09/06/2022 - 14:30:17: [SM]   [0] ConVar.IntValue.get
L 09/06/2022 - 14:30:17: [SM]   [1] Line 503, E:\DownLoading\beifen\sourcemod-1.11.0-git6826-windows\addons\sourcemod\scripting\L4DVSAutoSpectateOnAFK.sp::afkCheckThread
L 09/06/2022 - 14:30:18: [SM] Exception reported: Invalid convar handle 0 (error 4)
L 09/06/2022 - 14:30:18: [SM] Blaming: L4DVSAutoSpectateOnAFK.smx
L 09/06/2022 - 14:30:18: [SM] Call stack trace:
L 09/06/2022 - 14:30:18: [SM]   [0] ConVar.IntValue.get
L 09/06/2022 - 14:30:18: [SM]   [1] Line 503, E:\DownLoading\beifen\sourcemod-1.11.0-git6826-windows\addons\sourcemod\scripting\L4DVSAutoSpectateOnAFK.sp::afkCheckThread
L 09/06/2022 - 14:30:19: [SM] Exception reported: Invalid convar handle 0 (error 4)
L 09/06/2022 - 14:30:19: [SM] Blaming: L4DVSAutoSpectateOnAFK.smx
L 09/06/2022 - 14:30:19: [SM] Call stack trace:
L 09/06/2022 - 14:30:19: [SM]   [0] ConVar.IntValue.get
L 09/06/2022 - 14:30:19: [SM]   [1] Line 503, E:\DownLoading\beifen\sourcemod-1.11.0-git6826-windows\addons\sourcemod\scripting\L4DVSAutoSpectateOnAFK.sp::afkCheckThread
L 09/06/2022 - 14:30:20: [SM] Exception reported: Invalid convar handle 0 (error 4)
L 09/06/2022 - 14:30:20: [SM] Blaming: L4DVSAutoSpectateOnAFK.smx
L 09/06/2022 - 14:30:20: [SM] Call stack trace:
L 09/06/2022 - 14:30:20: [SM]   [0] ConVar.IntValue.get
L 09/06/2022 - 14:30:20: [SM]   [1] Line 503, E:\DownLoading\beifen\sourcemod-1.11.0-git6826-windows\addons\sourcemod\scripting\L4DVSAutoSpectateOnAFK.sp::afkCheckThread
L 09/06/2022 - 14:30:21: [SM] Exception reported: Invalid convar handle 0 (error 4)
L 09/06/2022 - 14:30:21: [SM] Blaming: L4DVSAutoSpectateOnAFK.smx
L 09/06/2022 - 14:30:21: [SM] Call stack trace:
L 09/06/2022 - 14:30:21: [SM]   [0] ConVar.IntValue.get
L 09/06/2022 - 14:30:21: [SM]   [1] Line 503, E:\DownLoading\beifen\sourcemod-1.11.0-git6826-windows\addons\sourcemod\scripting\L4DVSAutoSpectateOnAFK.sp::afkCheckThread
L 09/06/2022 - 14:30:22: [SM] Exception reported: Invalid convar handle 0 (error 4)
L 09/06/2022 - 14:30:22: [SM] Blaming: L4DVSAutoSpectateOnAFK.smx
L 09/06/2022 - 14:30:22: [SM] Call stack trace:
L 09/06/2022 - 14:30:22: [SM]   [0] ConVar.IntValue.get
L 09/06/2022 - 14:30:22: [SM]   [1] Line 503, E:\DownLoading\beifen\sourcemod-1.11.0-git6826-windows\addons\sourcemod\scripting\L4DVSAutoSpectateOnAFK.sp::afkCheckThread
L 09/06/2022 - 14:30:23: [SM] Exception reported: Invalid convar handle 0 (error 4)
L 09/06/2022 - 14:30:23: [SM] Blaming: L4DVSAutoSpectateOnAFK.smx
L 09/06/2022 - 14:30:23: [SM] Call stack trace:
L 09/06/2022 - 14:30:23: [SM]   [0] ConVar.IntValue.get
L 09/06/2022 - 14:30:23: [SM]   [1] Line 503, E:\DownLoading\beifen\sourcemod-1.11.0-git6826-windows\addons\sourcemod\scripting\L4DVSAutoSpectateOnAFK.sp::afkCheckThread
L 09/06/2022 - 14:30:24: [SM] Exception reported: Invalid convar handle 0 (error 4)
L 09/06/2022 - 14:30:24: [SM] Blaming: L4DVSAutoSpectateOnAFK.smx
L 09/06/2022 - 14:30:24: [SM] Call stack trace:
L 09/06/2022 - 14:30:24: [SM]   [0] ConVar.IntValue.get
L 09/06/2022 - 14:30:24: [SM]   [1] Line 503, E:\DownLoading\beifen\sourcemod-1.11.0-git6826-windows\addons\sourcemod\scripting\L4DVSAutoSpectateOnAFK.sp::afkCheckThread
L 09/06/2022 - 14:30:25: [SM] Exception reported: Invalid convar handle 0 (error 4)
L 09/06/2022 - 14:30:25: [SM] Blaming: L4DVSAutoSpectateOnAFK.smx
L 09/06/2022 - 14:30:25: [SM] Call stack trace:
L 09/06/2022 - 14:30:25: [SM]   [0] ConVar.IntValue.get
L 09/06/2022 - 14:30:25: [SM]   [1] Line 503, E:\DownLoading\beifen\sourcemod-1.11.0-git6826-windows\addons\sourcemod\scripting\L4DVSAutoSpectateOnAFK.sp::afkCheckThread
L 09/06/2022 - 14:30:26: [SM] Exception reported: Invalid convar handle 0 (error 4)
L 09/06/2022 - 14:30:26: [SM] Blaming: L4DVSAutoSpectateOnAFK.smx
L 09/06/2022 - 14:30:26: [SM] Call stack trace:
L 09/06/2022 - 14:30:26: [SM]   [0] ConVar.IntValue.get
L 09/06/2022 - 14:30:26: [SM]   [1] Line 503, E:\DownLoading\beifen\sourcemod-1.11.0-git6826-windows\addons\sourcemod\scripting\L4DVSAutoSpectateOnAFK.sp::afkCheckThread
L 09/06/2022 - 14:30:27: [SM] Exception reported: Invalid convar handle 0 (error 4)
L 09/06/2022 - 14:30:27: [SM] Blaming: L4DVSAutoSpectateOnAFK.smx
L 09/06/2022 - 14:30:27: [SM] Call stack trace:
L 09/06/2022 - 14:30:27: [SM]   [0] ConVar.IntValue.get
L 09/06/2022 - 14:30:27: [SM]   [1] Line 503, E:\DownLoading\beifen\sourcemod-1.11.0-git6826-windows\addons\sourcemod\scripting\L4DVSAutoSpectateOnAFK.sp::afkCheckThread
L 09/06/2022 - 14:30:28: [SM] Exception reported: Invalid convar handle 0 (error 4)
L 09/06/2022 - 14:30:28: [SM] Blaming: L4DVSAutoSpectateOnAFK.smx
L 09/06/2022 - 14:30:28: [SM] Call stack trace:
L 09/06/2022 - 14:30:28: [SM]   [0] ConVar.IntValue.get
L 09/06/2022 - 14:30:28: [SM]   [1] Line 503, E:\DownLoading\beifen\sourcemod-1.11.0-git6826-windows\addons\sourcemod\scripting\L4DVSAutoSpectateOnAFK.sp::afkCheckThread
L 09/06/2022 - 14:30:29: [SM] Exception reported: Invalid convar handle 0 (error 4)
L 09/06/2022 - 14:30:29: [SM] Blaming: L4DVSAutoSpectateOnAFK.smx
L 09/06/2022 - 14:30:29: [SM] Call stack trace:
L 09/06/2022 - 14:30:29: [SM]   [0] ConVar.IntValue.get
L 09/06/2022 - 14:30:29: [SM]   [1] Line 503, E:\DownLoading\beifen\sourcemod-1.11.0-git6826-windows\addons\sourcemod\scripting\L4DVSAutoSpectateOnAFK.sp::afkCheckThread
L 09/06/2022 - 14:30:30: [SM] Exception reported: Invalid convar handle 0 (error 4)
L 09/06/2022 - 14:30:30: [SM] Blaming: L4DVSAutoSpectateOnAFK.smx
L 09/06/2022 - 14:30:30: [SM] Call stack trace:
L 09/06/2022 - 14:30:30: [SM]   [0] ConVar.IntValue.get
L 09/06/2022 - 14:30:30: [SM]   [1] Line 503, E:\DownLoading\beifen\sourcemod-1.11.0-git6826-windows\addons\sourcemod\scripting\L4DVSAutoSpectateOnAFK.sp::afkCheckThread
L 09/06/2022 - 14:30:31: [SM] Exception reported: Invalid convar handle 0 (error 4)
L 09/06/2022 - 14:30:31: [SM] Blaming: L4DVSAutoSpectateOnAFK.smx
L 09/06/2022 - 14:30:31: [SM] Call stack trace:
L 09/06/2022 - 14:30:31: [SM]   [0] ConVar.IntValue.get
L 09/06/2022 - 14:30:31: [SM]   [1] Line 503, E:\DownLoading\beifen\sourcemod-1.11.0-git6826-windows\addons\sourcemod\scripting\L4DVSAutoSpectateOnAFK.sp::afkCheckThread
L 09/06/2022 - 14:30:32: [SM] Exception reported: Invalid convar handle 0 (error 4)
L 09/06/2022 - 14:30:32: [SM] Blaming: L4DVSAutoSpectateOnAFK.smx
L 09/06/2022 - 14:30:32: [SM] Call stack trace:
L 09/06/2022 - 14:30:32: [SM]   [0] ConVar.IntValue.get
L 09/06/2022 - 14:30:32: [SM]   [1] Line 503, E:\DownLoading\beifen\sourcemod-1.11.0-git6826-windows\addons\sourcemod\scripting\L4DVSAutoSpectateOnAFK.sp::afkCheckThread
L 09/06/2022 - 14:30:33: [SM] Exception reported: Invalid convar handle 0 (error 4)
L 09/06/2022 - 14:30:33: [SM] Blaming: L4DVSAutoSpectateOnAFK.smx
L 09/06/2022 - 14:30:33: [SM] Call stack trace:
L 09/06/2022 - 14:30:33: [SM]   [0] ConVar.IntValue.get
L 09/06/2022 - 14:30:33: [SM]   [1] Line 503, E:\DownLoading\beifen\sourcemod-1.11.0-git6826-windows\addons\sourcemod\scripting\L4DVSAutoSpectateOnAFK.sp::afkCheckThread
L 09/06/2022 - 14:30:34: [SM] Exception reported: Invalid convar handle 0 (error 4)
L 09/06/2022 - 14:30:34: [SM] Blaming: L4DVSAutoSpectateOnAFK.smx
L 09/06/2022 - 14:30:34: [SM] Call stack trace:
L 09/06/2022 - 14:30:34: [SM]   [0] ConVar.IntValue.get
L 09/06/2022 - 14:30:34: [SM]   [1] Line 503, E:\DownLoading\beifen\sourcemod-1.11.0-git6826-windows\addons\sourcemod\scripting\L4DVSAutoSpectateOnAFK.sp::afkCheckThread
L 09/06/2022 - 14:30:34: [SM] Exception reported: Language phrase "Unknown City Desc" not found (arg 6)
L 09/06/2022 - 14:30:34: [SM] Blaming: cannounce.smx
L 09/06/2022 - 14:30:34: [SM] Call stack trace:
L 09/06/2022 - 14:30:34: [SM]   [0] Format
L 09/06/2022 - 14:30:34: [SM]   [1] Line 404, cannounce.sp::GetFormattedMessage
L 09/06/2022 - 14:30:34: [SM]   [2] Line 274, cannounce.sp::PrintFormattedMessageToAll
L 09/06/2022 - 14:30:34: [SM]   [3] Line 148, cannounce/countryshow.sp::event_PlayerDisc_CountryShow
L 09/06/2022 - 14:30:34: [SM]   [4] Line 234, cannounce.sp::event_PlayerDisconnect
L 09/06/2022 - 14:30:35: Error log file session closed.
L 09/06/2022 - 14:30:35: SourceMod error session started
L 09/06/2022 - 14:30:35: Info (map "cedafever_m3") (file "/root/Steam/steamapps/common/Left 4 Dead 2 Dedicated Server/left4dead2/addons/sourcemod/logs/errors_20220906.log")
L 09/06/2022 - 14:30:35: [SM] Fatal error encountered parsing translation file "cannounce.phrases.txt"
L 09/06/2022 - 14:30:35: [SM] Error (line 0, column 0): Stream failed to open
L 09/06/2022 - 14:30:52: [SM] Exception reported: Language phrase "Unknown City Desc" not found (arg 6)
L 09/06/2022 - 14:30:52: [SM] Blaming: cannounce.smx
L 09/06/2022 - 14:30:52: [SM] Call stack trace:
L 09/06/2022 - 14:30:52: [SM]   [0] Format
L 09/06/2022 - 14:30:52: [SM]   [1] Line 404, cannounce.sp::GetFormattedMessage
L 09/06/2022 - 14:30:52: [SM]   [2] Line 274, cannounce.sp::PrintFormattedMessageToAll
L 09/06/2022 - 14:30:52: [SM]   [3] Line 72, cannounce/countryshow.sp::OnPostAdminCheck_CountryShow
L 09/06/2022 - 14:30:52: [SM]   [4] Line 168, cannounce.sp::OnClientPostAdminCheck
L 09/06/2022 - 14:32:00: [SM] Exception reported: Language phrase "Unknown City Desc" not found (arg 6)
L 09/06/2022 - 14:32:00: [SM] Blaming: cannounce.smx
L 09/06/2022 - 14:32:00: [SM] Call stack trace:
L 09/06/2022 - 14:32:00: [SM]   [0] Format
L 09/06/2022 - 14:32:00: [SM]   [1] Line 404, cannounce.sp::GetFormattedMessage
L 09/06/2022 - 14:32:00: [SM]   [2] Line 274, cannounce.sp::PrintFormattedMessageToAll
L 09/06/2022 - 14:32:00: [SM]   [3] Line 148, cannounce/countryshow.sp::event_PlayerDisc_CountryShow
L 09/06/2022 - 14:32:00: [SM]   [4] Line 234, cannounce.sp::event_PlayerDisconnect
L 09/06/2022 - 14:32:01: Error log file session closed.
L 09/06/2022 - 14:32:01: SourceMod error session started
L 09/06/2022 - 14:32:01: Info (map "cedafever_m3") (file "/root/Steam/steamapps/common/Left 4 Dead 2 Dedicated Server/left4dead2/addons/sourcemod/logs/errors_20220906.log")
L 09/06/2022 - 14:32:01: [SM] Fatal error encountered parsing translation file "cannounce.phrases.txt"
L 09/06/2022 - 14:32:01: [SM] Error (line 0, column 0): Stream failed to open
L 09/06/2022 - 14:33:45: SourceMod error session started
L 09/06/2022 - 14:33:45: Info (map "c2m1_highway") (file "/root/Steam/steamapps/common/Left 4 Dead 2 Dedicated Server/left4dead2/addons/sourcemod/logs/errors_20220906.log")
L 09/06/2022 - 14:33:45: [SM] Unable to load extension "rip.ext": /root/Steam/steamapps/common/Left 4 Dead 2 Dedicated Server/left4dead2/addons/sourcemod/extensions/rip.ext.so: cannot open shared object file: No such file or directory
L 09/06/2022 - 14:33:45: [SM] Exception reported: 无法加载cfgs.txt文件!
L 09/06/2022 - 14:33:45: [SM] Blaming: vote.smx
L 09/06/2022 - 14:33:45: [SM] Call stack trace:
L 09/06/2022 - 14:33:45: [SM]   [0] SetFailState
L 09/06/2022 - 14:33:45: [SM]   [1] Line 35, E:\DownLoading\beifen\AstMod v2.6.1\left4dead2\addons\sourcemod\scripting\vote.sp::OnPluginStart
L 09/06/2022 - 14:33:45: [SM] Unable to load plugin "vote.smx": Error detected in plugin startup (see error logs)
L 09/06/2022 - 14:33:45: [SM] Unable to load plugin "l4d2_playtime_interface.smx": Required extension "REST in Pawn" file("rip.ext") not running
L 09/06/2022 - 14:33:45: [SM] Unable to load plugin "Welcome.smx": Could not find required plugin "l4d2_playtime_interface"
L 09/06/2022 - 14:33:46: [SM] Exception reported: 无法加载cfgs.txt文件!
L 09/06/2022 - 14:33:46: [SM] Blaming: vote_advance.smx
L 09/06/2022 - 14:33:46: [SM] Call stack trace:
L 09/06/2022 - 14:33:46: [SM]   [0] SetFailState
L 09/06/2022 - 14:33:46: [SM]   [1] Line 37, E:\DownLoading\beifen\AstMod v2.6.1\left4dead2\addons\sourcemod\scripting\vote_advance.sp::OnPluginStart
L 09/06/2022 - 14:33:46: [SM] Unable to load plugin "vote_advance.smx": Error detected in plugin startup (see error logs)
L 09/06/2022 - 14:33:46: [SM] Fatal error encountered parsing translation file "cannounce.phrases.txt"
L 09/06/2022 - 14:33:46: [SM] Error (line 0, column 0): Stream failed to open
L 09/06/2022 - 14:34:57: [SM] Exception reported: Language phrase "Unknown City Desc" not found (arg 6)
L 09/06/2022 - 14:34:57: [SM] Blaming: cannounce.smx
L 09/06/2022 - 14:34:57: [SM] Call stack trace:
L 09/06/2022 - 14:34:57: [SM]   [0] Format
L 09/06/2022 - 14:34:57: [SM]   [1] Line 404, cannounce.sp::GetFormattedMessage
L 09/06/2022 - 14:34:57: [SM]   [2] Line 274, cannounce.sp::PrintFormattedMessageToAll
L 09/06/2022 - 14:34:57: [SM]   [3] Line 72, cannounce/countryshow.sp::OnPostAdminCheck_CountryShow
L 09/06/2022 - 14:34:57: [SM]   [4] Line 168, cannounce.sp::OnClientPostAdminCheck
L 09/06/2022 - 14:35:52: Error log file session closed.
L 09/06/2022 - 14:35:52: SourceMod error session started
L 09/06/2022 - 14:35:52: Info (map "cedafever_m3") (file "/root/Steam/steamapps/common/Left 4 Dead 2 Dedicated Server/left4dead2/addons/sourcemod/logs/errors_20220906.log")
L 09/06/2022 - 14:35:52: [SM] Fatal error encountered parsing translation file "cannounce.phrases.txt"
L 09/06/2022 - 14:35:52: [SM] Error (line 0, column 0): Stream failed to open
L 09/06/2022 - 14:35:58: [SM] Exception reported: Language phrase "Unknown City Desc" not found (arg 6)
L 09/06/2022 - 14:35:58: [SM] Blaming: cannounce.smx
L 09/06/2022 - 14:35:58: [SM] Call stack trace:
L 09/06/2022 - 14:35:58: [SM]   [0] Format
L 09/06/2022 - 14:35:58: [SM]   [1] Line 404, cannounce.sp::GetFormattedMessage
L 09/06/2022 - 14:35:58: [SM]   [2] Line 274, cannounce.sp::PrintFormattedMessageToAll
L 09/06/2022 - 14:35:58: [SM]   [3] Line 72, cannounce/countryshow.sp::OnPostAdminCheck_CountryShow
L 09/06/2022 - 14:35:58: [SM]   [4] Line 168, cannounce.sp::OnClientPostAdminCheck
L 09/06/2022 - 14:36:21: [SM] Error parsing gameconfig file "/root/Steam/steamapps/common/Left 4 Dead 2 Dedicated Server/left4dead2/addons/sourcemod/gamedata/scavenge_no_starting_items.txt":
L 09/06/2022 - 14:36:21: [SM] Error 1 on line 0, col 0: Stream failed to open
L 09/06/2022 - 14:36:21: [SM] Exception reported: Unable to open scavenge_no_starting_items: File could not be opened: No such file or directory
L 09/06/2022 - 14:36:21: [SM] Blaming: optional/scavenge_no_starting_items.smx
L 09/06/2022 - 14:36:21: [SM] Call stack trace:
L 09/06/2022 - 14:36:21: [SM]   [0] LoadGameConfigFile
L 09/06/2022 - 14:36:21: [SM]   [1] Line 25, F:\Users\Administrator\Documents\GitHub\MoYu_Server_Stupid_Plugins\The Last Stand\scavenge_no_starting_items\scavenge_no_starting_items.sp::OnPluginStart
L 09/06/2022 - 14:36:21: [confoglcompmod.smx] [Confogl] CvarSettings: Could not find CVar specified (confogl_ghost_warp)
L 09/06/2022 - 14:36:21: [confoglcompmod.smx] [Confogl] CvarSettings: Could not find CVar specified (tankcontrol_print_all)
L 09/06/2022 - 14:36:21: [confoglcompmod.smx] [Confogl] CvarSettings: Could not find CVar specified (l4d2_antibaiter_delay)
L 09/06/2022 - 14:36:21: [confoglcompmod.smx] [Confogl] CvarSettings: Could not find CVar specified (l4d2_antibaiter_horde_timer)
L 09/06/2022 - 14:36:21: [confoglcompmod.smx] [Confogl] CvarSettings: Could not find CVar specified (l4d2_antibaiter_progress)
L 09/06/2022 - 14:36:21: [confoglcompmod.smx] [Confogl] CvarSettings: Could not find CVar specified (l4d2_MITSR_Pitchfork)
L 09/06/2022 - 14:36:21: [confoglcompmod.smx] [Confogl] CvarSettings: Could not find CVar specified (l4d2_MITSR_Shovel)
L 09/06/2022 - 14:36:21: [confoglcompmod.smx] [Confogl] CvarSettings: Could not find CVar specified (longer_tank_punch_getup)
L 09/06/2022 - 14:36:21: [confoglcompmod.smx] [Confogl] CvarSettings: Could not find CVar specified (l4d_equalise_alarm_cars)
L 09/06/2022 - 14:36:21: [confoglcompmod.smx] [Confogl] CvarSettings: Could not find CVar specified (l4d2_reload_speed_uzi)
L 09/06/2022 - 14:36:21: [confoglcompmod.smx] [Confogl] CvarSettings: Could not find CVar specified (l4d2_reload_speed_silenced_smg)
L 09/06/2022 - 14:36:21: [confoglcompmod.smx] [Confogl] CvarSettings: Could not find CVar specified (l4d2_reload_speed_mp5)
L 09/06/2022 - 14:36:21: [confoglcompmod.smx] [Confogl] CvarSettings: Could not find CVar specified (l4d2_reload_speed_scout)
L 09/06/2022 - 14:36:21: [confoglcompmod.smx] [Confogl] CvarSettings: Could not find CVar specified (sm2_bonus_per_survivor_multiplier)
L 09/06/2022 - 14:36:21: [confoglcompmod.smx] [Confogl] CvarSettings: Could not find CVar specified (sm2_permament_health_proportion)
L 09/06/2022 - 14:36:21: [confoglcompmod.smx] [Confogl] CvarSettings: Could not find CVar specified (sm2_pills_hp_factor)
L 09/06/2022 - 14:36:21: [confoglcompmod.smx] [Confogl] CvarSettings: Could not find CVar specified (sm2_pills_max_bonus)
L 09/06/2022 - 14:36:21: [confoglcompmod.smx] [Confogl] CvarSettings: Attempt to track ConVar l4d2_MITSR_Amount, which is already being tracked.
L 09/06/2022 - 14:36:21: [confoglcompmod.smx] [Confogl] CvarSettings: Attempt to track ConVar l4d2_MITSR_FireAxe, which is already being tracked.
L 09/06/2022 - 14:36:21: [confoglcompmod.smx] [Confogl] CvarSettings: Attempt to track ConVar l4d2_MITSR_BaseballBat, which is already being tracked.
L 09/06/2022 - 14:36:25: Error log file session closed.
L 09/06/2022 - 14:36:25: SourceMod error session started
L 09/06/2022 - 14:36:25: Info (map "cedafever_m3") (file "/root/Steam/steamapps/common/Left 4 Dead 2 Dedicated Server/left4dead2/addons/sourcemod/logs/errors_20220906.log")
L 09/06/2022 - 14:36:25: [SM] Fatal error encountered parsing translation file "cannounce.phrases.txt"
L 09/06/2022 - 14:36:25: [SM] Error (line 0, column 0): Stream failed to open
L 09/06/2022 - 14:55:26: [SM] Exception reported: 无法加载cfgs.txt文件!
L 09/06/2022 - 14:55:26: [SM] Blaming: vote.smx
L 09/06/2022 - 14:55:26: [SM] Call stack trace:
L 09/06/2022 - 14:55:26: [SM]   [0] SetFailState
L 09/06/2022 - 14:55:26: [SM]   [1] Line 35, E:\DownLoading\beifen\AstMod v2.6.1\left4dead2\addons\sourcemod\scripting\vote.sp::OnPluginStart
L 09/06/2022 - 14:55:26: [SM] Unable to load plugin "vote.smx": Error detected in plugin startup (see error logs)
L 09/06/2022 - 14:55:26: [SM] Unable to load plugin "l4d2_playtime_interface.smx": Required extension "REST in Pawn" file("rip.ext") not running
L 09/06/2022 - 14:55:26: [SM] Unable to load plugin "Welcome.smx": Could not find required plugin "l4d2_playtime_interface"
L 09/06/2022 - 14:55:27: [SM] Exception reported: 无法加载cfgs.txt文件!
L 09/06/2022 - 14:55:27: [SM] Blaming: vote_advance.smx
L 09/06/2022 - 14:55:27: [SM] Call stack trace:
L 09/06/2022 - 14:55:27: [SM]   [0] SetFailState
L 09/06/2022 - 14:55:27: [SM]   [1] Line 37, E:\DownLoading\beifen\AstMod v2.6.1\left4dead2\addons\sourcemod\scripting\vote_advance.sp::OnPluginStart
L 09/06/2022 - 14:55:27: [SM] Unable to load plugin "vote_advance.smx": Error detected in plugin startup (see error logs)
L 09/06/2022 - 14:55:57: [SM] Exception reported: Invalid patch name CTerrorPlayer_GiveDefaultItem
L 09/06/2022 - 14:55:57: [SM] Blaming: optional/scavenge_no_starting_items.smx
L 09/06/2022 - 14:55:57: [SM] Call stack trace:
L 09/06/2022 - 14:55:57: [SM]   [0] MemoryPatch.CreateFromConf
L 09/06/2022 - 14:55:57: [SM]   [1] Line 31, F:\Users\Administrator\Documents\GitHub\MoYu_Server_Stupid_Plugins\The Last Stand\scavenge_no_starting_items\scavenge_no_starting_items.sp::OnPluginStart
L 09/06/2022 - 14:55:57: [confoglcompmod.smx] [Confogl] CvarSettings: Could not find CVar specified (confogl_ghost_warp)
L 09/06/2022 - 14:55:57: [confoglcompmod.smx] [Confogl] CvarSettings: Could not find CVar specified (tankcontrol_print_all)
L 09/06/2022 - 14:55:57: [confoglcompmod.smx] [Confogl] CvarSettings: Could not find CVar specified (l4d2_antibaiter_delay)
L 09/06/2022 - 14:55:57: [confoglcompmod.smx] [Confogl] CvarSettings: Could not find CVar specified (l4d2_antibaiter_horde_timer)
L 09/06/2022 - 14:55:57: [confoglcompmod.smx] [Confogl] CvarSettings: Could not find CVar specified (l4d2_antibaiter_progress)
L 09/06/2022 - 14:55:57: [confoglcompmod.smx] [Confogl] CvarSettings: Could not find CVar specified (l4d2_MITSR_Pitchfork)
L 09/06/2022 - 14:55:57: [confoglcompmod.smx] [Confogl] CvarSettings: Could not find CVar specified (l4d2_MITSR_Shovel)
L 09/06/2022 - 14:55:57: [confoglcompmod.smx] [Confogl] CvarSettings: Could not find CVar specified (longer_tank_punch_getup)
L 09/06/2022 - 14:55:57: [confoglcompmod.smx] [Confogl] CvarSettings: Could not find CVar specified (l4d_equalise_alarm_cars)
L 09/06/2022 - 14:55:57: [confoglcompmod.smx] [Confogl] CvarSettings: Could not find CVar specified (l4d2_reload_speed_uzi)
L 09/06/2022 - 14:55:57: [confoglcompmod.smx] [Confogl] CvarSettings: Could not find CVar specified (l4d2_reload_speed_silenced_smg)
L 09/06/2022 - 14:55:57: [confoglcompmod.smx] [Confogl] CvarSettings: Could not find CVar specified (l4d2_reload_speed_mp5)
L 09/06/2022 - 14:55:57: [confoglcompmod.smx] [Confogl] CvarSettings: Could not find CVar specified (l4d2_reload_speed_scout)
L 09/06/2022 - 14:55:57: [confoglcompmod.smx] [Confogl] CvarSettings: Could not find CVar specified (sm2_bonus_per_survivor_multiplier)
L 09/06/2022 - 14:55:57: [confoglcompmod.smx] [Confogl] CvarSettings: Could not find CVar specified (sm2_permament_health_proportion)
L 09/06/2022 - 14:55:57: [confoglcompmod.smx] [Confogl] CvarSettings: Could not find CVar specified (sm2_pills_hp_factor)
L 09/06/2022 - 14:55:57: [confoglcompmod.smx] [Confogl] CvarSettings: Could not find CVar specified (sm2_pills_max_bonus)
L 09/06/2022 - 14:55:57: [confoglcompmod.smx] [Confogl] CvarSettings: Attempt to track ConVar l4d2_MITSR_Amount, which is already being tracked.
L 09/06/2022 - 14:55:57: [confoglcompmod.smx] [Confogl] CvarSettings: Attempt to track ConVar l4d2_MITSR_FireAxe, which is already being tracked.
L 09/06/2022 - 14:55:57: [confoglcompmod.smx] [Confogl] CvarSettings: Attempt to track ConVar l4d2_MITSR_BaseballBat, which is already being tracked.
L 09/06/2022 - 14:56:00: Error log file session closed.
L 09/06/2022 - 14:56:00: SourceMod error session started
L 09/06/2022 - 14:56:00: Info (map "cedafever_m3") (file "/root/Steam/steamapps/common/Left 4 Dead 2 Dedicated Server/left4dead2/addons/sourcemod/logs/errors_20220906.log")
L 09/06/2022 - 14:56:00: [SM] Fatal error encountered parsing translation file "cannounce.phrases.txt"
L 09/06/2022 - 14:56:00: [SM] Error (line 0, column 0): Stream failed to open
L 09/06/2022 - 14:56:33: Error log file session closed.
L 09/06/2022 - 14:56:33: SourceMod error session started
L 09/06/2022 - 14:56:33: Info (map "c8m5_rooftop") (file "/root/Steam/steamapps/common/Left 4 Dead 2 Dedicated Server/left4dead2/addons/sourcemod/logs/errors_20220906.log")
L 09/06/2022 - 14:56:33: [SM] Fatal error encountered parsing translation file "cannounce.phrases.txt"
L 09/06/2022 - 14:56:33: [SM] Error (line 0, column 0): Stream failed to open
L 09/06/2022 - 15:02:15: [SM] Exception reported: 无法加载cfgs.txt文件!
L 09/06/2022 - 15:02:15: [SM] Blaming: vote.smx
L 09/06/2022 - 15:02:15: [SM] Call stack trace:
L 09/06/2022 - 15:02:15: [SM]   [0] SetFailState
L 09/06/2022 - 15:02:15: [SM]   [1] Line 35, E:\DownLoading\beifen\AstMod v2.6.1\left4dead2\addons\sourcemod\scripting\vote.sp::OnPluginStart
L 09/06/2022 - 15:02:15: [SM] Unable to load plugin "vote.smx": Error detected in plugin startup (see error logs)
L 09/06/2022 - 15:02:15: [SM] Unable to load plugin "l4d2_playtime_interface.smx": Required extension "REST in Pawn" file("rip.ext") not running
L 09/06/2022 - 15:02:15: [SM] Unable to load plugin "Welcome.smx": Could not find required plugin "l4d2_playtime_interface"
L 09/06/2022 - 15:02:16: [SM] Exception reported: 无法加载cfgs.txt文件!
L 09/06/2022 - 15:02:16: [SM] Blaming: vote_advance.smx
L 09/06/2022 - 15:02:16: [SM] Call stack trace:
L 09/06/2022 - 15:02:16: [SM]   [0] SetFailState
L 09/06/2022 - 15:02:16: [SM]   [1] Line 37, E:\DownLoading\beifen\AstMod v2.6.1\left4dead2\addons\sourcemod\scripting\vote_advance.sp::OnPluginStart
L 09/06/2022 - 15:02:16: [SM] Unable to load plugin "vote_advance.smx": Error detected in plugin startup (see error logs)
L 09/06/2022 - 15:02:29: Error log file session closed.
L 09/06/2022 - 15:02:29: SourceMod error session started
L 09/06/2022 - 15:02:29: Info (map "c8m5_rooftop") (file "/root/Steam/steamapps/common/Left 4 Dead 2 Dedicated Server/left4dead2/addons/sourcemod/logs/errors_20220906.log")
L 09/06/2022 - 15:02:29: [SM] Fatal error encountered parsing translation file "cannounce.phrases.txt"
L 09/06/2022 - 15:02:29: [SM] Error (line 0, column 0): Stream failed to open
L 09/06/2022 - 15:17:38: Error log file session closed.
L 09/06/2022 - 15:17:38: SourceMod error session started
L 09/06/2022 - 15:17:38: Info (map "c8m1_apartment") (file "/root/Steam/steamapps/common/Left 4 Dead 2 Dedicated Server/left4dead2/addons/sourcemod/logs/errors_20220906.log")
L 09/06/2022 - 15:17:38: [SM] Fatal error encountered parsing translation file "cannounce.phrases.txt"
L 09/06/2022 - 15:17:38: [SM] Error (line 0, column 0): Stream failed to open
L 09/06/2022 - 21:55:35: [SM] Exception reported: Invalid entity passed 1
L 09/06/2022 - 21:55:35: [SM] Blaming: anticheat/l4d2_user_commands.smx
L 09/06/2022 - 21:55:35: [SM] Call stack trace:
L 09/06/2022 - 21:55:35: [SM]   [0] DynamicHook.HookEntity
L 09/06/2022 - 21:55:35: [SM]   [1] Line 119, l4d2_user_commands.sp::OnClientPutInServer
L 09/06/2022 - 21:55:35: [SM]   [2] Line 104, l4d2_user_commands.sp::OnPluginStart
L 09/06/2022 - 21:55:35: [SM] Unable to load plugin "anticheat/l4d2_user_commands.smx": Error detected in plugin startup (see error logs)
L 09/06/2022 - 21:55:35: [SM] Exception reported: 无法加载cfgs.txt文件!
L 09/06/2022 - 21:55:35: [SM] Blaming: vote.smx
L 09/06/2022 - 21:55:35: [SM] Call stack trace:
L 09/06/2022 - 21:55:35: [SM]   [0] SetFailState
L 09/06/2022 - 21:55:35: [SM]   [1] Line 35, E:\DownLoading\beifen\AstMod v2.6.1\left4dead2\addons\sourcemod\scripting\vote.sp::OnPluginStart
L 09/06/2022 - 21:55:35: [SM] Unable to load plugin "vote.smx": Error detected in plugin startup (see error logs)
L 09/06/2022 - 21:55:35: [SM] Unable to load plugin "l4d2_playtime_interface.smx": Required extension "REST in Pawn" file("rip.ext") not running
L 09/06/2022 - 21:55:35: [SM] Unable to load plugin "Welcome.smx": Could not find required plugin "l4d2_playtime_interface"
L 09/06/2022 - 21:55:35: [SM] Exception reported: 无法加载cfgs.txt文件!
L 09/06/2022 - 21:55:35: [SM] Blaming: vote_advance.smx
L 09/06/2022 - 21:55:35: [SM] Call stack trace:
L 09/06/2022 - 21:55:35: [SM]   [0] SetFailState
L 09/06/2022 - 21:55:35: [SM]   [1] Line 37, E:\DownLoading\beifen\AstMod v2.6.1\left4dead2\addons\sourcemod\scripting\vote_advance.sp::OnPluginStart
L 09/06/2022 - 21:55:35: [SM] Unable to load plugin "vote_advance.smx": Error detected in plugin startup (see error logs)
L 09/06/2022 - 21:56:24: Error log file session closed.
L 09/06/2022 - 21:56:24: SourceMod error session started
L 09/06/2022 - 21:56:24: Info (map "c5m1_waterfront") (file "/root/Steam/steamapps/common/Left 4 Dead 2 Dedicated Server/left4dead2/addons/sourcemod/logs/errors_20220906.log")
L 09/06/2022 - 21:56:24: [SM] Fatal error encountered parsing translation file "cannounce.phrases.txt"
L 09/06/2022 - 21:56:24: [SM] Error (line 0, column 0): Stream failed to open
L 09/06/2022 - 21:59:18: Error log file session closed.
L 09/06/2022 - 21:59:18: SourceMod error session started
L 09/06/2022 - 21:59:18: Info (map "c5m1_waterfront") (file "/root/Steam/steamapps/common/Left 4 Dead 2 Dedicated Server/left4dead2/addons/sourcemod/logs/errors_20220906.log")
L 09/06/2022 - 21:59:18: [SM] Fatal error encountered parsing translation file "cannounce.phrases.txt"
L 09/06/2022 - 21:59:18: [SM] Error (line 0, column 0): Stream failed to open
L 09/06/2022 - 22:05:45: Error log file session closed.
L 09/06/2022 - 22:05:45: SourceMod error session started
L 09/06/2022 - 22:05:45: Info (map "c5m2_park") (file "/root/Steam/steamapps/common/Left 4 Dead 2 Dedicated Server/left4dead2/addons/sourcemod/logs/errors_20220906.log")
L 09/06/2022 - 22:05:45: [SM] Fatal error encountered parsing translation file "cannounce.phrases.txt"
L 09/06/2022 - 22:05:45: [SM] Error (line 0, column 0): Stream failed to open
L 09/06/2022 - 22:13:35: Error log file session closed.
L 09/06/2022 - 22:13:35: SourceMod error session started
L 09/06/2022 - 22:13:35: Info (map "c5m3_cemetery") (file "/root/Steam/steamapps/common/Left 4 Dead 2 Dedicated Server/left4dead2/addons/sourcemod/logs/errors_20220906.log")
L 09/06/2022 - 22:13:35: [SM] Fatal error encountered parsing translation file "cannounce.phrases.txt"
L 09/06/2022 - 22:13:35: [SM] Error (line 0, column 0): Stream failed to open
L 09/06/2022 - 22:26:17: Error log file session closed.
L 09/06/2022 - 22:26:17: SourceMod error session started
L 09/06/2022 - 22:26:17: Info (map "c5m4_quarter") (file "/root/Steam/steamapps/common/Left 4 Dead 2 Dedicated Server/left4dead2/addons/sourcemod/logs/errors_20220906.log")
L 09/06/2022 - 22:26:17: [SM] Fatal error encountered parsing translation file "cannounce.phrases.txt"
L 09/06/2022 - 22:26:17: [SM] Error (line 0, column 0): Stream failed to open
L 09/06/2022 - 22:35:52: Error log file session closed.
L 09/06/2022 - 22:35:52: SourceMod error session started
L 09/06/2022 - 22:35:52: Info (map "c5m5_bridge") (file "/root/Steam/steamapps/common/Left 4 Dead 2 Dedicated Server/left4dead2/addons/sourcemod/logs/errors_20220906.log")
L 09/06/2022 - 22:35:52: [SM] Fatal error encountered parsing translation file "cannounce.phrases.txt"
L 09/06/2022 - 22:35:52: [SM] Error (line 0, column 0): Stream failed to open
L 09/06/2022 - 22:50:17: Error log file session closed.
L 09/06/2022 - 22:50:17: SourceMod error session started
L 09/06/2022 - 22:50:17: Info (map "c5m1_waterfront") (file "/root/Steam/steamapps/common/Left 4 Dead 2 Dedicated Server/left4dead2/addons/sourcemod/logs/errors_20220906.log")
L 09/06/2022 - 22:50:17: [SM] Fatal error encountered parsing translation file "cannounce.phrases.txt"
L 09/06/2022 - 22:50:17: [SM] Error (line 0, column 0): Stream failed to open
L 09/07/2022 - 08:18:54: Error log file session closed.
