L 09/19/2022 - 13:19:04: SourceMod error session started
L 09/19/2022 - 13:19:04: Info (map "c2m1_highway") (file "/root/Steam/steamapps/common/Left 4 Dead 2 Dedicated Server/left4dead2/addons/sourcemod/logs/errors_20220919.log")
L 09/19/2022 - 13:19:04: [confoglcompmod.smx] [Confogl] CvarSettings: Could not find CVar specified (confogl_ghost_warp)
L 09/19/2022 - 13:19:04: [confoglcompmod.smx] [Confogl] CvarSettings: Could not find CVar specified (tankcontrol_print_all)
L 09/19/2022 - 13:19:04: [confoglcompmod.smx] [Confogl] CvarSettings: Could not find CVar specified (l4d2_antibaiter_delay)
L 09/19/2022 - 13:19:04: [confoglcompmod.smx] [Confogl] CvarSettings: Could not find CVar specified (l4d2_antibaiter_horde_timer)
L 09/19/2022 - 13:19:04: [confoglcompmod.smx] [Confogl] CvarSettings: Could not find CVar specified (l4d2_antibaiter_progress)
L 09/19/2022 - 13:19:04: [confoglcompmod.smx] [Confogl] CvarSettings: Could not find CVar specified (l4d2_MITSR_Pitchfork)
L 09/19/2022 - 13:19:04: [confoglcompmod.smx] [Confogl] CvarSettings: Could not find CVar specified (l4d2_MITSR_Shovel)
L 09/19/2022 - 13:19:04: [confoglcompmod.smx] [Confogl] CvarSettings: Could not find CVar specified (longer_tank_punch_getup)
L 09/19/2022 - 13:19:04: [confoglcompmod.smx] [Confogl] CvarSettings: Could not find CVar specified (l4d_equalise_alarm_cars)
L 09/19/2022 - 13:19:04: [confoglcompmod.smx] [Confogl] CvarSettings: Could not find CVar specified (l4d2_reload_speed_uzi)
L 09/19/2022 - 13:19:04: [confoglcompmod.smx] [Confogl] CvarSettings: Could not find CVar specified (l4d2_reload_speed_silenced_smg)
L 09/19/2022 - 13:19:04: [confoglcompmod.smx] [Confogl] CvarSettings: Could not find CVar specified (l4d2_reload_speed_mp5)
L 09/19/2022 - 13:19:04: [confoglcompmod.smx] [Confogl] CvarSettings: Could not find CVar specified (l4d2_reload_speed_scout)
L 09/19/2022 - 13:19:04: [confoglcompmod.smx] [Confogl] CvarSettings: Could not find CVar specified (sm2_bonus_per_survivor_multiplier)
L 09/19/2022 - 13:19:04: [confoglcompmod.smx] [Confogl] CvarSettings: Could not find CVar specified (sm2_permament_health_proportion)
L 09/19/2022 - 13:19:04: [confoglcompmod.smx] [Confogl] CvarSettings: Could not find CVar specified (sm2_pills_hp_factor)
L 09/19/2022 - 13:19:04: [confoglcompmod.smx] [Confogl] CvarSettings: Could not find CVar specified (sm2_pills_max_bonus)
L 09/19/2022 - 13:19:04: [confoglcompmod.smx] [Confogl] CvarSettings: Attempt to track ConVar l4d2_MITSR_Amount, which is already being tracked.
L 09/19/2022 - 13:19:04: [confoglcompmod.smx] [Confogl] CvarSettings: Attempt to track ConVar l4d2_MITSR_FireAxe, which is already being tracked.
L 09/19/2022 - 13:19:04: [confoglcompmod.smx] [Confogl] CvarSettings: Attempt to track ConVar l4d2_MITSR_BaseballBat, which is already being tracked.
L 09/19/2022 - 13:19:08: Error log file session closed.
L 09/19/2022 - 13:19:08: SourceMod error session started
L 09/19/2022 - 13:19:08: Info (map "c2m1_highway") (file "/root/Steam/steamapps/common/Left 4 Dead 2 Dedicated Server/left4dead2/addons/sourcemod/logs/errors_20220919.log")
L 09/19/2022 - 13:19:08: [SM] Fatal error encountered parsing translation file "cannounce.phrases.txt"
L 09/19/2022 - 13:19:08: [SM] Error (line 0, column 0): Stream failed to open
L 09/19/2022 - 13:21:53: Error log file session closed.
L 09/19/2022 - 13:21:53: SourceMod error session started
L 09/19/2022 - 13:21:53: Info (map "bwm4_rooftops") (file "/root/Steam/steamapps/common/Left 4 Dead 2 Dedicated Server/left4dead2/addons/sourcemod/logs/errors_20220919.log")
L 09/19/2022 - 13:21:53: [SM] Fatal error encountered parsing translation file "cannounce.phrases.txt"
L 09/19/2022 - 13:21:53: [SM] Error (line 0, column 0): Stream failed to open
L 09/19/2022 - 13:23:38: Error log file session closed.
L 09/19/2022 - 13:23:38: SourceMod error session started
L 09/19/2022 - 13:23:38: Info (map "cedafever_m3") (file "/root/Steam/steamapps/common/Left 4 Dead 2 Dedicated Server/left4dead2/addons/sourcemod/logs/errors_20220919.log")
L 09/19/2022 - 13:23:38: [SM] Fatal error encountered parsing translation file "cannounce.phrases.txt"
L 09/19/2022 - 13:23:38: [SM] Error (line 0, column 0): Stream failed to open
L 09/19/2022 - 13:24:27: Error log file session closed.
L 09/19/2022 - 13:24:27: SourceMod error session started
L 09/19/2022 - 13:24:27: Info (map "daylighthouse") (file "/root/Steam/steamapps/common/Left 4 Dead 2 Dedicated Server/left4dead2/addons/sourcemod/logs/errors_20220919.log")
L 09/19/2022 - 13:24:27: [SM] Fatal error encountered parsing translation file "cannounce.phrases.txt"
L 09/19/2022 - 13:24:27: [SM] Error (line 0, column 0): Stream failed to open
L 09/20/2022 - 22:53:00: Error log file session closed.
