L 09/22/2022 - 22:51:53: SourceMod error session started
L 09/22/2022 - 22:51:53: Info (map "c2m1_highway") (file "/root/Steam/steamapps/common/Left 4 Dead 2 Dedicated Server/left4dead2/addons/sourcemod/logs/errors_20220922.log")
L 09/22/2022 - 22:51:53: [SM] Exception reported: Language phrase "Unknown City Desc" not found (arg 6)
L 09/22/2022 - 22:51:53: [SM] Blaming: cannounce.smx
L 09/22/2022 - 22:51:53: [SM] Call stack trace:
L 09/22/2022 - 22:51:53: [SM]   [0] Format
L 09/22/2022 - 22:51:53: [SM]   [1] Line 404, cannounce.sp::GetFormattedMessage
L 09/22/2022 - 22:51:53: [SM]   [2] Line 274, cannounce.sp::PrintFormattedMessageToAll
L 09/22/2022 - 22:51:53: [SM]   [3] Line 72, cannounce/countryshow.sp::OnPostAdminCheck_CountryShow
L 09/22/2022 - 22:51:53: [SM]   [4] Line 168, cannounce.sp::OnClientPostAdminCheck
L 09/22/2022 - 22:52:20: [SM] Exception reported: Failed to connect to SourceBans DB, Could not find driver "mysql"
L 09/22/2022 - 22:52:20: [SM] Blaming: sbpp/sbpp_checker.smx
L 09/22/2022 - 22:52:20: [SM] Call stack trace:
L 09/22/2022 - 22:52:20: [SM]   [0] SetFailState
L 09/22/2022 - 22:52:20: [SM]   [1] Line 75, sbpp_checker.sp::OnDatabaseConnected
L 09/22/2022 - 22:52:20: [SM]   [3] SQL_TConnect
L 09/22/2022 - 22:52:20: [SM]   [4] Line 58, sbpp_checker.sp::OnPluginStart
L 09/22/2022 - 22:52:20: [SM] Exception reported: Database failure: Could not find Database conf "sourcebans"
L 09/22/2022 - 22:52:20: [SM] Blaming: sbpp/sbpp_main.smx
L 09/22/2022 - 22:52:20: [SM] Call stack trace:
L 09/22/2022 - 22:52:20: [SM]   [0] SetFailState
L 09/22/2022 - 22:52:20: [SM]   [1] Line 216, sbpp_main.sp::OnPluginStart
L 09/22/2022 - 22:52:20: [sbpp/sbpp_sleuth.smx] SourceSleuth: Database connection error: Could not find driver "mysql"
L 09/22/2022 - 22:52:24: Error log file session closed.
L 09/22/2022 - 22:52:24: SourceMod error session started
L 09/22/2022 - 22:52:24: Info (map "c2m1_highway") (file "/root/Steam/steamapps/common/Left 4 Dead 2 Dedicated Server/left4dead2/addons/sourcemod/logs/errors_20220922.log")
L 09/22/2022 - 22:52:24: [SM] Fatal error encountered parsing translation file "lilac.phrases.txt"
L 09/22/2022 - 22:52:24: [SM] Error (line 0, column 0): Stream failed to open
L 09/22/2022 - 22:52:24: [SM] Fatal error encountered parsing translation file "sourcecomms.phrases.txt"
L 09/22/2022 - 22:52:24: [SM] Error (line 0, column 0): Stream failed to open
L 09/22/2022 - 22:52:24: [SM] Fatal error encountered parsing translation file "sourcereport.phrases.txt"
L 09/22/2022 - 22:52:24: [SM] Error (line 0, column 0): Stream failed to open
L 09/22/2022 - 22:52:24: [SM] Fatal error encountered parsing translation file "sourcesleuth.phrases.txt"
L 09/22/2022 - 22:52:24: [SM] Error (line 0, column 0): Stream failed to open
L 09/22/2022 - 22:52:24: [SM] Fatal error encountered parsing translation file "sourcebans.phrases.txt"
L 09/22/2022 - 22:52:24: [SM] Error (line 0, column 0): Stream failed to open
L 09/22/2022 - 22:52:24: [SM] Fatal error encountered parsing translation file "cannounce.phrases.txt"
L 09/22/2022 - 22:52:24: [SM] Error (line 0, column 0): Stream failed to open
L 09/22/2022 - 22:52:34: [SM] Exception reported: Language phrase "Unknown City Desc" not found (arg 6)
L 09/22/2022 - 22:52:34: [SM] Blaming: cannounce.smx
L 09/22/2022 - 22:52:34: [SM] Call stack trace:
L 09/22/2022 - 22:52:34: [SM]   [0] Format
L 09/22/2022 - 22:52:34: [SM]   [1] Line 404, cannounce.sp::GetFormattedMessage
L 09/22/2022 - 22:52:34: [SM]   [2] Line 274, cannounce.sp::PrintFormattedMessageToAll
L 09/22/2022 - 22:52:34: [SM]   [3] Line 72, cannounce/countryshow.sp::OnPostAdminCheck_CountryShow
L 09/22/2022 - 22:52:34: [SM]   [4] Line 168, cannounce.sp::OnClientPostAdminCheck
L 09/22/2022 - 22:53:27: [SM] Exception reported: Language phrase "Unknown City Desc" not found (arg 6)
L 09/22/2022 - 22:53:27: [SM] Blaming: cannounce.smx
L 09/22/2022 - 22:53:27: [SM] Call stack trace:
L 09/22/2022 - 22:53:27: [SM]   [0] Format
L 09/22/2022 - 22:53:27: [SM]   [1] Line 404, cannounce.sp::GetFormattedMessage
L 09/22/2022 - 22:53:27: [SM]   [2] Line 274, cannounce.sp::PrintFormattedMessageToAll
L 09/22/2022 - 22:53:27: [SM]   [3] Line 72, cannounce/countryshow.sp::OnPostAdminCheck_CountryShow
L 09/22/2022 - 22:53:27: [SM]   [4] Line 168, cannounce.sp::OnClientPostAdminCheck
L 09/22/2022 - 23:01:43: Error log file session closed.
L 09/22/2022 - 23:01:43: SourceMod error session started
L 09/22/2022 - 23:01:43: Info (map "c2m2_fairgrounds") (file "/root/Steam/steamapps/common/Left 4 Dead 2 Dedicated Server/left4dead2/addons/sourcemod/logs/errors_20220922.log")
L 09/22/2022 - 23:01:43: [SM] Fatal error encountered parsing translation file "lilac.phrases.txt"
L 09/22/2022 - 23:01:43: [SM] Error (line 0, column 0): Stream failed to open
L 09/22/2022 - 23:01:43: [SM] Fatal error encountered parsing translation file "sourcecomms.phrases.txt"
L 09/22/2022 - 23:01:43: [SM] Error (line 0, column 0): Stream failed to open
L 09/22/2022 - 23:01:43: [SM] Fatal error encountered parsing translation file "sourcereport.phrases.txt"
L 09/22/2022 - 23:01:43: [SM] Error (line 0, column 0): Stream failed to open
L 09/22/2022 - 23:01:43: [SM] Fatal error encountered parsing translation file "sourcesleuth.phrases.txt"
L 09/22/2022 - 23:01:43: [SM] Error (line 0, column 0): Stream failed to open
L 09/22/2022 - 23:01:43: [SM] Fatal error encountered parsing translation file "sourcebans.phrases.txt"
L 09/22/2022 - 23:01:43: [SM] Error (line 0, column 0): Stream failed to open
L 09/22/2022 - 23:01:43: [SM] Fatal error encountered parsing translation file "cannounce.phrases.txt"
L 09/22/2022 - 23:01:43: [SM] Error (line 0, column 0): Stream failed to open
L 09/22/2022 - 23:01:52: [SM] Exception reported: Language phrase "Unknown City Desc" not found (arg 6)
L 09/22/2022 - 23:01:52: [SM] Blaming: cannounce.smx
L 09/22/2022 - 23:01:52: [SM] Call stack trace:
L 09/22/2022 - 23:01:52: [SM]   [0] Format
L 09/22/2022 - 23:01:52: [SM]   [1] Line 404, cannounce.sp::GetFormattedMessage
L 09/22/2022 - 23:01:52: [SM]   [2] Line 274, cannounce.sp::PrintFormattedMessageToAll
L 09/22/2022 - 23:01:52: [SM]   [3] Line 72, cannounce/countryshow.sp::OnPostAdminCheck_CountryShow
L 09/22/2022 - 23:01:52: [SM]   [4] Line 168, cannounce.sp::OnClientPostAdminCheck
L 09/22/2022 - 23:02:02: [SM] Exception reported: Language phrase "Unknown City Desc" not found (arg 6)
L 09/22/2022 - 23:02:02: [SM] Blaming: cannounce.smx
L 09/22/2022 - 23:02:02: [SM] Call stack trace:
L 09/22/2022 - 23:02:02: [SM]   [0] Format
L 09/22/2022 - 23:02:02: [SM]   [1] Line 404, cannounce.sp::GetFormattedMessage
L 09/22/2022 - 23:02:02: [SM]   [2] Line 274, cannounce.sp::PrintFormattedMessageToAll
L 09/22/2022 - 23:02:02: [SM]   [3] Line 72, cannounce/countryshow.sp::OnPostAdminCheck_CountryShow
L 09/22/2022 - 23:02:02: [SM]   [4] Line 168, cannounce.sp::OnClientPostAdminCheck
L 09/22/2022 - 23:11:44: Error log file session closed.
L 09/22/2022 - 23:11:44: SourceMod error session started
L 09/22/2022 - 23:11:44: Info (map "c2m3_coaster") (file "/root/Steam/steamapps/common/Left 4 Dead 2 Dedicated Server/left4dead2/addons/sourcemod/logs/errors_20220922.log")
L 09/22/2022 - 23:11:44: [SM] Fatal error encountered parsing translation file "lilac.phrases.txt"
L 09/22/2022 - 23:11:44: [SM] Error (line 0, column 0): Stream failed to open
L 09/22/2022 - 23:11:44: [SM] Fatal error encountered parsing translation file "sourcecomms.phrases.txt"
L 09/22/2022 - 23:11:44: [SM] Error (line 0, column 0): Stream failed to open
L 09/22/2022 - 23:11:44: [SM] Fatal error encountered parsing translation file "sourcereport.phrases.txt"
L 09/22/2022 - 23:11:44: [SM] Error (line 0, column 0): Stream failed to open
L 09/22/2022 - 23:11:44: [SM] Fatal error encountered parsing translation file "sourcesleuth.phrases.txt"
L 09/22/2022 - 23:11:44: [SM] Error (line 0, column 0): Stream failed to open
L 09/22/2022 - 23:11:44: [SM] Fatal error encountered parsing translation file "sourcebans.phrases.txt"
L 09/22/2022 - 23:11:44: [SM] Error (line 0, column 0): Stream failed to open
L 09/22/2022 - 23:11:44: [SM] Fatal error encountered parsing translation file "cannounce.phrases.txt"
L 09/22/2022 - 23:11:44: [SM] Error (line 0, column 0): Stream failed to open
L 09/22/2022 - 23:11:52: [SM] Exception reported: Language phrase "Unknown City Desc" not found (arg 6)
L 09/22/2022 - 23:11:52: [SM] Blaming: cannounce.smx
L 09/22/2022 - 23:11:52: [SM] Call stack trace:
L 09/22/2022 - 23:11:52: [SM]   [0] Format
L 09/22/2022 - 23:11:52: [SM]   [1] Line 404, cannounce.sp::GetFormattedMessage
L 09/22/2022 - 23:11:52: [SM]   [2] Line 274, cannounce.sp::PrintFormattedMessageToAll
L 09/22/2022 - 23:11:52: [SM]   [3] Line 72, cannounce/countryshow.sp::OnPostAdminCheck_CountryShow
L 09/22/2022 - 23:11:52: [SM]   [4] Line 168, cannounce.sp::OnClientPostAdminCheck
L 09/22/2022 - 23:11:59: [SM] Exception reported: Language phrase "Unknown City Desc" not found (arg 6)
L 09/22/2022 - 23:11:59: [SM] Blaming: cannounce.smx
L 09/22/2022 - 23:11:59: [SM] Call stack trace:
L 09/22/2022 - 23:11:59: [SM]   [0] Format
L 09/22/2022 - 23:11:59: [SM]   [1] Line 404, cannounce.sp::GetFormattedMessage
L 09/22/2022 - 23:11:59: [SM]   [2] Line 274, cannounce.sp::PrintFormattedMessageToAll
L 09/22/2022 - 23:11:59: [SM]   [3] Line 72, cannounce/countryshow.sp::OnPostAdminCheck_CountryShow
L 09/22/2022 - 23:11:59: [SM]   [4] Line 168, cannounce.sp::OnClientPostAdminCheck
L 09/22/2022 - 23:21:01: Error log file session closed.
L 09/22/2022 - 23:21:01: SourceMod error session started
L 09/22/2022 - 23:21:01: Info (map "c2m4_barns") (file "/root/Steam/steamapps/common/Left 4 Dead 2 Dedicated Server/left4dead2/addons/sourcemod/logs/errors_20220922.log")
L 09/22/2022 - 23:21:01: [SM] Fatal error encountered parsing translation file "lilac.phrases.txt"
L 09/22/2022 - 23:21:01: [SM] Error (line 0, column 0): Stream failed to open
L 09/22/2022 - 23:21:01: [SM] Fatal error encountered parsing translation file "sourcecomms.phrases.txt"
L 09/22/2022 - 23:21:01: [SM] Error (line 0, column 0): Stream failed to open
L 09/22/2022 - 23:21:01: [SM] Fatal error encountered parsing translation file "sourcereport.phrases.txt"
L 09/22/2022 - 23:21:01: [SM] Error (line 0, column 0): Stream failed to open
L 09/22/2022 - 23:21:01: [SM] Fatal error encountered parsing translation file "sourcesleuth.phrases.txt"
L 09/22/2022 - 23:21:01: [SM] Error (line 0, column 0): Stream failed to open
L 09/22/2022 - 23:21:01: [SM] Fatal error encountered parsing translation file "sourcebans.phrases.txt"
L 09/22/2022 - 23:21:01: [SM] Error (line 0, column 0): Stream failed to open
L 09/22/2022 - 23:21:01: [SM] Fatal error encountered parsing translation file "cannounce.phrases.txt"
L 09/22/2022 - 23:21:01: [SM] Error (line 0, column 0): Stream failed to open
L 09/22/2022 - 23:21:12: [SM] Exception reported: Language phrase "Unknown City Desc" not found (arg 6)
L 09/22/2022 - 23:21:12: [SM] Blaming: cannounce.smx
L 09/22/2022 - 23:21:12: [SM] Call stack trace:
L 09/22/2022 - 23:21:12: [SM]   [0] Format
L 09/22/2022 - 23:21:12: [SM]   [1] Line 404, cannounce.sp::GetFormattedMessage
L 09/22/2022 - 23:21:12: [SM]   [2] Line 274, cannounce.sp::PrintFormattedMessageToAll
L 09/22/2022 - 23:21:12: [SM]   [3] Line 72, cannounce/countryshow.sp::OnPostAdminCheck_CountryShow
L 09/22/2022 - 23:21:12: [SM]   [4] Line 168, cannounce.sp::OnClientPostAdminCheck
L 09/22/2022 - 23:21:19: [SM] Exception reported: Language phrase "Unknown City Desc" not found (arg 6)
L 09/22/2022 - 23:21:19: [SM] Blaming: cannounce.smx
L 09/22/2022 - 23:21:19: [SM] Call stack trace:
L 09/22/2022 - 23:21:19: [SM]   [0] Format
L 09/22/2022 - 23:21:19: [SM]   [1] Line 404, cannounce.sp::GetFormattedMessage
L 09/22/2022 - 23:21:19: [SM]   [2] Line 274, cannounce.sp::PrintFormattedMessageToAll
L 09/22/2022 - 23:21:19: [SM]   [3] Line 72, cannounce/countryshow.sp::OnPostAdminCheck_CountryShow
L 09/22/2022 - 23:21:19: [SM]   [4] Line 168, cannounce.sp::OnClientPostAdminCheck
L 09/22/2022 - 23:25:07: [SM] Exception reported: Language phrase "Unknown City Desc" not found (arg 6)
L 09/22/2022 - 23:25:07: [SM] Blaming: cannounce.smx
L 09/22/2022 - 23:25:07: [SM] Call stack trace:
L 09/22/2022 - 23:25:07: [SM]   [0] Format
L 09/22/2022 - 23:25:07: [SM]   [1] Line 404, cannounce.sp::GetFormattedMessage
L 09/22/2022 - 23:25:07: [SM]   [2] Line 274, cannounce.sp::PrintFormattedMessageToAll
L 09/22/2022 - 23:25:07: [SM]   [3] Line 148, cannounce/countryshow.sp::event_PlayerDisc_CountryShow
L 09/22/2022 - 23:25:07: [SM]   [4] Line 234, cannounce.sp::event_PlayerDisconnect
L 09/22/2022 - 23:25:16: [SM] Exception reported: Language phrase "Unknown City Desc" not found (arg 6)
L 09/22/2022 - 23:25:16: [SM] Blaming: cannounce.smx
L 09/22/2022 - 23:25:16: [SM] Call stack trace:
L 09/22/2022 - 23:25:16: [SM]   [0] Format
L 09/22/2022 - 23:25:16: [SM]   [1] Line 404, cannounce.sp::GetFormattedMessage
L 09/22/2022 - 23:25:16: [SM]   [2] Line 274, cannounce.sp::PrintFormattedMessageToAll
L 09/22/2022 - 23:25:16: [SM]   [3] Line 72, cannounce/countryshow.sp::OnPostAdminCheck_CountryShow
L 09/22/2022 - 23:25:16: [SM]   [4] Line 168, cannounce.sp::OnClientPostAdminCheck
L 09/22/2022 - 23:28:43: Error log file session closed.
L 09/22/2022 - 23:28:43: SourceMod error session started
L 09/22/2022 - 23:28:43: Info (map "c2m5_concert") (file "/root/Steam/steamapps/common/Left 4 Dead 2 Dedicated Server/left4dead2/addons/sourcemod/logs/errors_20220922.log")
L 09/22/2022 - 23:28:43: [SM] Fatal error encountered parsing translation file "lilac.phrases.txt"
L 09/22/2022 - 23:28:43: [SM] Error (line 0, column 0): Stream failed to open
L 09/22/2022 - 23:28:43: [SM] Fatal error encountered parsing translation file "sourcecomms.phrases.txt"
L 09/22/2022 - 23:28:43: [SM] Error (line 0, column 0): Stream failed to open
L 09/22/2022 - 23:28:43: [SM] Fatal error encountered parsing translation file "sourcereport.phrases.txt"
L 09/22/2022 - 23:28:43: [SM] Error (line 0, column 0): Stream failed to open
L 09/22/2022 - 23:28:43: [SM] Fatal error encountered parsing translation file "sourcesleuth.phrases.txt"
L 09/22/2022 - 23:28:43: [SM] Error (line 0, column 0): Stream failed to open
L 09/22/2022 - 23:28:43: [SM] Fatal error encountered parsing translation file "sourcebans.phrases.txt"
L 09/22/2022 - 23:28:43: [SM] Error (line 0, column 0): Stream failed to open
L 09/22/2022 - 23:28:43: [SM] Fatal error encountered parsing translation file "cannounce.phrases.txt"
L 09/22/2022 - 23:28:43: [SM] Error (line 0, column 0): Stream failed to open
L 09/22/2022 - 23:28:51: [SM] Exception reported: Language phrase "Unknown City Desc" not found (arg 6)
L 09/22/2022 - 23:28:51: [SM] Blaming: cannounce.smx
L 09/22/2022 - 23:28:51: [SM] Call stack trace:
L 09/22/2022 - 23:28:51: [SM]   [0] Format
L 09/22/2022 - 23:28:51: [SM]   [1] Line 404, cannounce.sp::GetFormattedMessage
L 09/22/2022 - 23:28:51: [SM]   [2] Line 274, cannounce.sp::PrintFormattedMessageToAll
L 09/22/2022 - 23:28:51: [SM]   [3] Line 72, cannounce/countryshow.sp::OnPostAdminCheck_CountryShow
L 09/22/2022 - 23:28:51: [SM]   [4] Line 168, cannounce.sp::OnClientPostAdminCheck
L 09/22/2022 - 23:28:55: [SM] Exception reported: Language phrase "Unknown City Desc" not found (arg 6)
L 09/22/2022 - 23:28:55: [SM] Blaming: cannounce.smx
L 09/22/2022 - 23:28:55: [SM] Call stack trace:
L 09/22/2022 - 23:28:55: [SM]   [0] Format
L 09/22/2022 - 23:28:55: [SM]   [1] Line 404, cannounce.sp::GetFormattedMessage
L 09/22/2022 - 23:28:55: [SM]   [2] Line 274, cannounce.sp::PrintFormattedMessageToAll
L 09/22/2022 - 23:28:55: [SM]   [3] Line 72, cannounce/countryshow.sp::OnPostAdminCheck_CountryShow
L 09/22/2022 - 23:28:55: [SM]   [4] Line 168, cannounce.sp::OnClientPostAdminCheck
L 09/22/2022 - 23:38:51: Error log file session closed.
L 09/22/2022 - 23:38:51: SourceMod error session started
L 09/22/2022 - 23:38:51: Info (map "c4m1_milltown_a") (file "/root/Steam/steamapps/common/Left 4 Dead 2 Dedicated Server/left4dead2/addons/sourcemod/logs/errors_20220922.log")
L 09/22/2022 - 23:38:51: [SM] Fatal error encountered parsing translation file "lilac.phrases.txt"
L 09/22/2022 - 23:38:51: [SM] Error (line 0, column 0): Stream failed to open
L 09/22/2022 - 23:38:51: [SM] Fatal error encountered parsing translation file "sourcecomms.phrases.txt"
L 09/22/2022 - 23:38:51: [SM] Error (line 0, column 0): Stream failed to open
L 09/22/2022 - 23:38:51: [SM] Fatal error encountered parsing translation file "sourcereport.phrases.txt"
L 09/22/2022 - 23:38:51: [SM] Error (line 0, column 0): Stream failed to open
L 09/22/2022 - 23:38:51: [SM] Fatal error encountered parsing translation file "sourcesleuth.phrases.txt"
L 09/22/2022 - 23:38:51: [SM] Error (line 0, column 0): Stream failed to open
L 09/22/2022 - 23:38:51: [SM] Fatal error encountered parsing translation file "sourcebans.phrases.txt"
L 09/22/2022 - 23:38:51: [SM] Error (line 0, column 0): Stream failed to open
L 09/22/2022 - 23:38:51: [SM] Fatal error encountered parsing translation file "cannounce.phrases.txt"
L 09/22/2022 - 23:38:51: [SM] Error (line 0, column 0): Stream failed to open
L 09/22/2022 - 23:39:01: [SM] Exception reported: Language phrase "Unknown City Desc" not found (arg 6)
L 09/22/2022 - 23:39:01: [SM] Blaming: cannounce.smx
L 09/22/2022 - 23:39:01: [SM] Call stack trace:
L 09/22/2022 - 23:39:01: [SM]   [0] Format
L 09/22/2022 - 23:39:01: [SM]   [1] Line 404, cannounce.sp::GetFormattedMessage
L 09/22/2022 - 23:39:01: [SM]   [2] Line 274, cannounce.sp::PrintFormattedMessageToAll
L 09/22/2022 - 23:39:01: [SM]   [3] Line 72, cannounce/countryshow.sp::OnPostAdminCheck_CountryShow
L 09/22/2022 - 23:39:01: [SM]   [4] Line 168, cannounce.sp::OnClientPostAdminCheck
L 09/22/2022 - 23:39:11: [SM] Exception reported: Language phrase "Unknown City Desc" not found (arg 6)
L 09/22/2022 - 23:39:11: [SM] Blaming: cannounce.smx
L 09/22/2022 - 23:39:11: [SM] Call stack trace:
L 09/22/2022 - 23:39:11: [SM]   [0] Format
L 09/22/2022 - 23:39:11: [SM]   [1] Line 404, cannounce.sp::GetFormattedMessage
L 09/22/2022 - 23:39:11: [SM]   [2] Line 274, cannounce.sp::PrintFormattedMessageToAll
L 09/22/2022 - 23:39:11: [SM]   [3] Line 72, cannounce/countryshow.sp::OnPostAdminCheck_CountryShow
L 09/22/2022 - 23:39:11: [SM]   [4] Line 168, cannounce.sp::OnClientPostAdminCheck
L 09/22/2022 - 23:41:01: [SM] Exception reported: Language phrase "Unknown City Desc" not found (arg 6)
L 09/22/2022 - 23:41:01: [SM] Blaming: cannounce.smx
L 09/22/2022 - 23:41:01: [SM] Call stack trace:
L 09/22/2022 - 23:41:01: [SM]   [0] Format
L 09/22/2022 - 23:41:01: [SM]   [1] Line 404, cannounce.sp::GetFormattedMessage
L 09/22/2022 - 23:41:01: [SM]   [2] Line 274, cannounce.sp::PrintFormattedMessageToAll
L 09/22/2022 - 23:41:01: [SM]   [3] Line 148, cannounce/countryshow.sp::event_PlayerDisc_CountryShow
L 09/22/2022 - 23:41:01: [SM]   [4] Line 234, cannounce.sp::event_PlayerDisconnect
L 09/22/2022 - 23:41:08: [SM] Exception reported: Language phrase "Unknown City Desc" not found (arg 6)
L 09/22/2022 - 23:41:08: [SM] Blaming: cannounce.smx
L 09/22/2022 - 23:41:08: [SM] Call stack trace:
L 09/22/2022 - 23:41:08: [SM]   [0] Format
L 09/22/2022 - 23:41:08: [SM]   [1] Line 404, cannounce.sp::GetFormattedMessage
L 09/22/2022 - 23:41:08: [SM]   [2] Line 274, cannounce.sp::PrintFormattedMessageToAll
L 09/22/2022 - 23:41:08: [SM]   [3] Line 72, cannounce/countryshow.sp::OnPostAdminCheck_CountryShow
L 09/22/2022 - 23:41:08: [SM]   [4] Line 168, cannounce.sp::OnClientPostAdminCheck
L 09/22/2022 - 23:44:55: Error log file session closed.
L 09/22/2022 - 23:44:55: SourceMod error session started
L 09/22/2022 - 23:44:55: Info (map "c4m2_sugarmill_a") (file "/root/Steam/steamapps/common/Left 4 Dead 2 Dedicated Server/left4dead2/addons/sourcemod/logs/errors_20220922.log")
L 09/22/2022 - 23:44:55: [SM] Fatal error encountered parsing translation file "lilac.phrases.txt"
L 09/22/2022 - 23:44:55: [SM] Error (line 0, column 0): Stream failed to open
L 09/22/2022 - 23:44:55: [SM] Fatal error encountered parsing translation file "sourcecomms.phrases.txt"
L 09/22/2022 - 23:44:55: [SM] Error (line 0, column 0): Stream failed to open
L 09/22/2022 - 23:44:55: [SM] Fatal error encountered parsing translation file "sourcereport.phrases.txt"
L 09/22/2022 - 23:44:55: [SM] Error (line 0, column 0): Stream failed to open
L 09/22/2022 - 23:44:55: [SM] Fatal error encountered parsing translation file "sourcesleuth.phrases.txt"
L 09/22/2022 - 23:44:55: [SM] Error (line 0, column 0): Stream failed to open
L 09/22/2022 - 23:44:55: [SM] Fatal error encountered parsing translation file "sourcebans.phrases.txt"
L 09/22/2022 - 23:44:55: [SM] Error (line 0, column 0): Stream failed to open
L 09/22/2022 - 23:44:55: [SM] Fatal error encountered parsing translation file "cannounce.phrases.txt"
L 09/22/2022 - 23:44:55: [SM] Error (line 0, column 0): Stream failed to open
L 09/22/2022 - 23:45:07: [SM] Exception reported: Language phrase "Unknown City Desc" not found (arg 6)
L 09/22/2022 - 23:45:07: [SM] Blaming: cannounce.smx
L 09/22/2022 - 23:45:07: [SM] Call stack trace:
L 09/22/2022 - 23:45:07: [SM]   [0] Format
L 09/22/2022 - 23:45:07: [SM]   [1] Line 404, cannounce.sp::GetFormattedMessage
L 09/22/2022 - 23:45:07: [SM]   [2] Line 274, cannounce.sp::PrintFormattedMessageToAll
L 09/22/2022 - 23:45:07: [SM]   [3] Line 72, cannounce/countryshow.sp::OnPostAdminCheck_CountryShow
L 09/22/2022 - 23:45:07: [SM]   [4] Line 168, cannounce.sp::OnClientPostAdminCheck
L 09/22/2022 - 23:45:16: [SM] Exception reported: Language phrase "Unknown City Desc" not found (arg 6)
L 09/22/2022 - 23:45:16: [SM] Blaming: cannounce.smx
L 09/22/2022 - 23:45:16: [SM] Call stack trace:
L 09/22/2022 - 23:45:16: [SM]   [0] Format
L 09/22/2022 - 23:45:16: [SM]   [1] Line 404, cannounce.sp::GetFormattedMessage
L 09/22/2022 - 23:45:16: [SM]   [2] Line 274, cannounce.sp::PrintFormattedMessageToAll
L 09/22/2022 - 23:45:16: [SM]   [3] Line 72, cannounce/countryshow.sp::OnPostAdminCheck_CountryShow
L 09/22/2022 - 23:45:16: [SM]   [4] Line 168, cannounce.sp::OnClientPostAdminCheck
L 09/22/2022 - 23:47:09: [SM] Exception reported: Language phrase "Unknown City Desc" not found (arg 6)
L 09/22/2022 - 23:47:09: [SM] Blaming: cannounce.smx
L 09/22/2022 - 23:47:09: [SM] Call stack trace:
L 09/22/2022 - 23:47:09: [SM]   [0] Format
L 09/22/2022 - 23:47:09: [SM]   [1] Line 404, cannounce.sp::GetFormattedMessage
L 09/22/2022 - 23:47:09: [SM]   [2] Line 274, cannounce.sp::PrintFormattedMessageToAll
L 09/22/2022 - 23:47:09: [SM]   [3] Line 148, cannounce/countryshow.sp::event_PlayerDisc_CountryShow
L 09/22/2022 - 23:47:09: [SM]   [4] Line 234, cannounce.sp::event_PlayerDisconnect
L 09/22/2022 - 23:53:52: Error log file session closed.
L 09/22/2022 - 23:53:52: SourceMod error session started
L 09/22/2022 - 23:53:52: Info (map "c4m3_sugarmill_b") (file "/root/Steam/steamapps/common/Left 4 Dead 2 Dedicated Server/left4dead2/addons/sourcemod/logs/errors_20220922.log")
L 09/22/2022 - 23:53:52: [SM] Fatal error encountered parsing translation file "lilac.phrases.txt"
L 09/22/2022 - 23:53:52: [SM] Error (line 0, column 0): Stream failed to open
L 09/22/2022 - 23:53:52: [SM] Fatal error encountered parsing translation file "sourcecomms.phrases.txt"
L 09/22/2022 - 23:53:52: [SM] Error (line 0, column 0): Stream failed to open
L 09/22/2022 - 23:53:52: [SM] Fatal error encountered parsing translation file "sourcereport.phrases.txt"
L 09/22/2022 - 23:53:52: [SM] Error (line 0, column 0): Stream failed to open
L 09/22/2022 - 23:53:52: [SM] Fatal error encountered parsing translation file "sourcesleuth.phrases.txt"
L 09/22/2022 - 23:53:52: [SM] Error (line 0, column 0): Stream failed to open
L 09/22/2022 - 23:53:52: [SM] Fatal error encountered parsing translation file "sourcebans.phrases.txt"
L 09/22/2022 - 23:53:52: [SM] Error (line 0, column 0): Stream failed to open
L 09/22/2022 - 23:53:52: [SM] Fatal error encountered parsing translation file "cannounce.phrases.txt"
L 09/22/2022 - 23:53:52: [SM] Error (line 0, column 0): Stream failed to open
L 09/22/2022 - 23:54:03: [SM] Exception reported: Language phrase "Unknown City Desc" not found (arg 6)
L 09/22/2022 - 23:54:03: [SM] Blaming: cannounce.smx
L 09/22/2022 - 23:54:03: [SM] Call stack trace:
L 09/22/2022 - 23:54:03: [SM]   [0] Format
L 09/22/2022 - 23:54:03: [SM]   [1] Line 404, cannounce.sp::GetFormattedMessage
L 09/22/2022 - 23:54:03: [SM]   [2] Line 274, cannounce.sp::PrintFormattedMessageToAll
L 09/22/2022 - 23:54:03: [SM]   [3] Line 72, cannounce/countryshow.sp::OnPostAdminCheck_CountryShow
L 09/22/2022 - 23:54:03: [SM]   [4] Line 168, cannounce.sp::OnClientPostAdminCheck
L 09/23/2022 - 00:00:41: Error log file session closed.
