L 01/02/2023 - 03:14:49: SourceMod error session started
L 01/02/2023 - 03:14:49: Info (map "c2m1_highway") (file "/root/Steam/steamapps/common/Left 4 Dead 2 Dedicated Server/left4dead2/addons/sourcemod/logs/errors_20230102.log")
L 01/02/2023 - 03:14:49: [SM] Unable to load plugin "Welcome.smx": Could not find required plugin "l4d2_playtime_interface"
L 01/02/2023 - 03:14:49: [SM] Unable to load plugin "l4d_fyzb_en_v20.smx": Could not find required plugin "readyup"
L 01/02/2023 - 03:16:10: [SM] Exception reported: Failed to create native "L4D2_IsMapDataAvailable", name is probably already in use
L 01/02/2023 - 03:16:10: [SM] Blaming: optional/promod/l4d2lib.smx
L 01/02/2023 - 03:16:10: [SM] Call stack trace:
L 01/02/2023 - 03:16:10: [SM]   [0] CreateNative
L 01/02/2023 - 03:16:10: [SM]   [1] Line 50, C:\Users\user\repos\misc-sourcemod-plugins\l4d2lib\l4d2lib.sp::AskPluginLoad2
L 01/02/2023 - 03:16:10: [SM] Unable to load extension "left4downtown.ext": /root/Steam/steamapps/common/Left 4 Dead 2 Dedicated Server/left4dead2/addons/sourcemod/extensions/left4downtown.ext.so: cannot open shared object file: No such file or directory
L 01/02/2023 - 03:16:10: [SM] Exception reported: Couldn't find the 'OnWindupFinished_Sig' address
L 01/02/2023 - 03:16:10: [SM] Blaming: optional/promod/l4d2_notankautoaim.smx
L 01/02/2023 - 03:16:10: [SM] Call stack trace:
L 01/02/2023 - 03:16:10: [SM]   [0] SetFailState
L 01/02/2023 - 03:16:10: [SM]   [1] Line 24, C:\Users\Mr. DeWitt\Documents\GitHub\Equilibrium\addons\sourcemod\scripting\l4d2_notankautoaim.sp::OnPluginStart
L 01/02/2023 - 03:16:10: [SM] Exception reported: Simple Chat Processor is not loaded. It is required for this plugin to work.
L 01/02/2023 - 03:16:10: [SM] Blaming: optional/promod/l4d2_selfmute.smx
L 01/02/2023 - 03:16:10: [SM] Call stack trace:
L 01/02/2023 - 03:16:10: [SM]   [0] SetFailState
L 01/02/2023 - 03:16:10: [SM]   [1] Line 60, l4d2_selfmute.sp::OnAllPluginsLoaded
L 01/02/2023 - 03:16:10: [SM] Error parsing gameconfig file "/root/Steam/steamapps/common/Left 4 Dead 2 Dedicated Server/left4dead2/addons/sourcemod/gamedata/left4downtown.l4d2.txt":
L 01/02/2023 - 03:16:10: [SM] Error 1 on line 0, col 0: Stream failed to open
L 01/02/2023 - 03:16:10: [SM] Exception reported: Unable to open left4downtown.l4d2: File could not be opened: No such file or directory
L 01/02/2023 - 03:16:10: [SM] Blaming: optional/promod/l4d2_setscores.smx
L 01/02/2023 - 03:16:10: [SM] Call stack trace:
L 01/02/2023 - 03:16:10: [SM]   [0] LoadGameConfigFile
L 01/02/2023 - 03:16:10: [SM]   [1] Line 56, l4d2_setscores.sp::OnPluginStart
L 01/02/2023 - 03:16:14: Error log file session closed.
L 01/02/2023 - 03:17:44: SourceMod error session started
L 01/02/2023 - 03:17:44: Info (map "c2m1_highway") (file "/root/Steam/steamapps/common/Left 4 Dead 2 Dedicated Server/left4dead2/addons/sourcemod/logs/errors_20230102.log")
L 01/02/2023 - 03:17:44: [SM] Exception reported: Client 1 is not connected
L 01/02/2023 - 03:17:44: [SM] Blaming: optional/promod/lerpmonitor.smx
L 01/02/2023 - 03:17:44: [SM] Call stack trace:
L 01/02/2023 - 03:17:44: [SM]   [0] GetClientInfo
L 01/02/2023 - 03:17:44: [SM]   [1] Line 250, lerpmonitor.sp::GetLerpTime
L 01/02/2023 - 03:17:44: [SM]   [2] Line 185, lerpmonitor.sp::ProcessPlayerLerp
L 01/02/2023 - 03:17:44: [SM]   [3] Line 110, lerpmonitor.sp::OnTeamChangeDelay
L 01/02/2023 - 03:17:57: SourceMod error session started
L 01/02/2023 - 03:17:57: Info (map "c2m1_highway") (file "/root/Steam/steamapps/common/Left 4 Dead 2 Dedicated Server/left4dead2/addons/sourcemod/logs/errors_20230102.log")
L 01/02/2023 - 03:17:57: [SM] Unable to load plugin "Welcome.smx": Could not find required plugin "l4d2_playtime_interface"
L 01/02/2023 - 03:17:57: [SM] Unable to load plugin "l4d_fyzb_en_v20.smx": Could not find required plugin "readyup"
L 01/02/2023 - 03:20:44: SourceMod error session started
L 01/02/2023 - 03:20:44: Info (map "c2m1_highway") (file "/root/Steam/steamapps/common/Left 4 Dead 2 Dedicated Server/left4dead2/addons/sourcemod/logs/errors_20230102.log")
L 01/02/2023 - 03:20:44: [SM] Unable to load plugin "Welcome.smx": Could not find required plugin "l4d2_playtime_interface"
L 01/02/2023 - 03:20:44: [SM] Unable to load plugin "l4d_fyzb_en_v20.smx": Could not find required plugin "readyup"
L 01/02/2023 - 03:21:47: [SM] Exception reported: Failed to create native "L4D2_IsMapDataAvailable", name is probably already in use
L 01/02/2023 - 03:21:47: [SM] Blaming: optional/promod/l4d2lib.smx
L 01/02/2023 - 03:21:47: [SM] Call stack trace:
L 01/02/2023 - 03:21:47: [SM]   [0] CreateNative
L 01/02/2023 - 03:21:47: [SM]   [1] Line 50, C:\Users\user\repos\misc-sourcemod-plugins\l4d2lib\l4d2lib.sp::AskPluginLoad2
L 01/02/2023 - 03:21:47: [SM] Unable to load extension "left4downtown.ext": /root/Steam/steamapps/common/Left 4 Dead 2 Dedicated Server/left4dead2/addons/sourcemod/extensions/left4downtown.ext.so: cannot open shared object file: No such file or directory
L 01/02/2023 - 03:21:47: [SM] Exception reported: Couldn't find the 'OnWindupFinished_Sig' address
L 01/02/2023 - 03:21:47: [SM] Blaming: optional/promod/l4d2_notankautoaim.smx
L 01/02/2023 - 03:21:47: [SM] Call stack trace:
L 01/02/2023 - 03:21:47: [SM]   [0] SetFailState
L 01/02/2023 - 03:21:47: [SM]   [1] Line 24, C:\Users\Mr. DeWitt\Documents\GitHub\Equilibrium\addons\sourcemod\scripting\l4d2_notankautoaim.sp::OnPluginStart
L 01/02/2023 - 03:21:47: [SM] Exception reported: Simple Chat Processor is not loaded. It is required for this plugin to work.
L 01/02/2023 - 03:21:47: [SM] Blaming: optional/promod/l4d2_selfmute.smx
L 01/02/2023 - 03:21:47: [SM] Call stack trace:
L 01/02/2023 - 03:21:47: [SM]   [0] SetFailState
L 01/02/2023 - 03:21:47: [SM]   [1] Line 60, l4d2_selfmute.sp::OnAllPluginsLoaded
L 01/02/2023 - 03:21:47: [SM] Error parsing gameconfig file "/root/Steam/steamapps/common/Left 4 Dead 2 Dedicated Server/left4dead2/addons/sourcemod/gamedata/left4downtown.l4d2.txt":
L 01/02/2023 - 03:21:47: [SM] Error 1 on line 0, col 0: Stream failed to open
L 01/02/2023 - 03:21:47: [SM] Exception reported: Unable to open left4downtown.l4d2: File could not be opened: No such file or directory
L 01/02/2023 - 03:21:47: [SM] Blaming: optional/promod/l4d2_setscores.smx
L 01/02/2023 - 03:21:47: [SM] Call stack trace:
L 01/02/2023 - 03:21:47: [SM]   [0] LoadGameConfigFile
L 01/02/2023 - 03:21:47: [SM]   [1] Line 56, l4d2_setscores.sp::OnPluginStart
L 01/02/2023 - 03:21:50: Error log file session closed.
L 01/02/2023 - 03:23:39: SourceMod error session started
L 01/02/2023 - 03:23:39: Info (map "c2m1_highway") (file "/root/Steam/steamapps/common/Left 4 Dead 2 Dedicated Server/left4dead2/addons/sourcemod/logs/errors_20230102.log")
L 01/02/2023 - 03:23:39: [SM] Unable to load plugin "Welcome.smx": Could not find required plugin "l4d2_playtime_interface"
L 01/02/2023 - 03:23:39: [SM] Unable to load plugin "l4d_fyzb_en_v20.smx": Could not find required plugin "readyup"
L 01/02/2023 - 03:24:08: [SM] Exception reported: Failed to create native "L4D2_GetCurrentRound", name is probably already in use
L 01/02/2023 - 03:24:08: [SM] Blaming: optional/promod/l4d2lib.smx
L 01/02/2023 - 03:24:08: [SM] Call stack trace:
L 01/02/2023 - 03:24:08: [SM]   [0] CreateNative
L 01/02/2023 - 03:24:08: [SM]   [1] Line 46, C:\Users\user\repos\misc-sourcemod-plugins\l4d2lib\l4d2lib.sp::AskPluginLoad2
L 01/02/2023 - 03:24:08: [SM] Exception reported: Couldn't find the 'OnWindupFinished_Sig' address
L 01/02/2023 - 03:24:08: [SM] Blaming: optional/promod/l4d2_notankautoaim.smx
L 01/02/2023 - 03:24:08: [SM] Call stack trace:
L 01/02/2023 - 03:24:08: [SM]   [0] SetFailState
L 01/02/2023 - 03:24:08: [SM]   [1] Line 24, C:\Users\Mr. DeWitt\Documents\GitHub\Equilibrium\addons\sourcemod\scripting\l4d2_notankautoaim.sp::OnPluginStart
L 01/02/2023 - 03:24:08: [SM] Exception reported: Simple Chat Processor is not loaded. It is required for this plugin to work.
L 01/02/2023 - 03:24:08: [SM] Blaming: optional/promod/l4d2_selfmute.smx
L 01/02/2023 - 03:24:08: [SM] Call stack trace:
L 01/02/2023 - 03:24:08: [SM]   [0] SetFailState
L 01/02/2023 - 03:24:08: [SM]   [1] Line 60, l4d2_selfmute.sp::OnAllPluginsLoaded
L 01/02/2023 - 03:24:08: [optional/promod/l4d2_setscores.smx] Function 'SetCampaignScores' not found.
L 01/02/2023 - 03:24:17: [SM] Exception reported: Client 1 is not connected
L 01/02/2023 - 03:24:17: [SM] Blaming: optional/promod/lerpmonitor.smx
L 01/02/2023 - 03:24:17: [SM] Call stack trace:
L 01/02/2023 - 03:24:17: [SM]   [0] GetClientInfo
L 01/02/2023 - 03:24:17: [SM]   [1] Line 250, lerpmonitor.sp::GetLerpTime
L 01/02/2023 - 03:24:17: [SM]   [2] Line 185, lerpmonitor.sp::ProcessPlayerLerp
L 01/02/2023 - 03:24:17: [SM]   [3] Line 110, lerpmonitor.sp::OnTeamChangeDelay
L 01/02/2023 - 03:24:45: SourceMod error session started
L 01/02/2023 - 03:24:45: Info (map "c2m1_highway") (file "/root/Steam/steamapps/common/Left 4 Dead 2 Dedicated Server/left4dead2/addons/sourcemod/logs/errors_20230102.log")
L 01/02/2023 - 03:24:45: [SM] Unable to load plugin "Welcome.smx": Could not find required plugin "l4d2_playtime_interface"
L 01/02/2023 - 03:24:45: [SM] Unable to load plugin "l4d_fyzb_en_v20.smx": Could not find required plugin "readyup"
L 01/02/2023 - 12:13:40: [SM] Unable to load extension "left4downtown.ext": /root/Steam/steamapps/common/Left 4 Dead 2 Dedicated Server/left4dead2/addons/sourcemod/extensions/left4downtown.ext.so: cannot open shared object file: No such file or directory
L 01/02/2023 - 12:13:40: [SM] Exception reported: Couldn't find the 'OnWindupFinished_Sig' address
L 01/02/2023 - 12:13:40: [SM] Blaming: optional/promod/l4d2_notankautoaim.smx
L 01/02/2023 - 12:13:40: [SM] Call stack trace:
L 01/02/2023 - 12:13:40: [SM]   [0] SetFailState
L 01/02/2023 - 12:13:40: [SM]   [1] Line 24, C:\Users\Mr. DeWitt\Documents\GitHub\Equilibrium\addons\sourcemod\scripting\l4d2_notankautoaim.sp::OnPluginStart
L 01/02/2023 - 12:13:40: [SM] Error parsing gameconfig file "/root/Steam/steamapps/common/Left 4 Dead 2 Dedicated Server/left4dead2/addons/sourcemod/gamedata/left4downtown.l4d2.txt":
L 01/02/2023 - 12:13:40: [SM] Error 1 on line 0, col 0: Stream failed to open
L 01/02/2023 - 12:13:40: [SM] Exception reported: Unable to open left4downtown.l4d2: File could not be opened: No such file or directory
L 01/02/2023 - 12:13:40: [SM] Blaming: optional/promod/l4d2_setscores.smx
L 01/02/2023 - 12:13:40: [SM] Call stack trace:
L 01/02/2023 - 12:13:40: [SM]   [0] LoadGameConfigFile
L 01/02/2023 - 12:13:40: [SM]   [1] Line 56, l4d2_setscores.sp::OnPluginStart
L 01/02/2023 - 12:14:06: [SM] Exception reported: Client 1 is not connected
L 01/02/2023 - 12:14:06: [SM] Blaming: optional/promod/lerpmonitor.smx
L 01/02/2023 - 12:14:06: [SM] Call stack trace:
L 01/02/2023 - 12:14:06: [SM]   [0] GetClientInfo
L 01/02/2023 - 12:14:06: [SM]   [1] Line 250, lerpmonitor.sp::GetLerpTime
L 01/02/2023 - 12:14:06: [SM]   [2] Line 185, lerpmonitor.sp::ProcessPlayerLerp
L 01/02/2023 - 12:14:06: [SM]   [3] Line 110, lerpmonitor.sp::OnTeamChangeDelay
L 01/02/2023 - 12:14:49: SourceMod error session started
L 01/02/2023 - 12:14:49: Info (map "c2m1_highway") (file "/root/Steam/steamapps/common/Left 4 Dead 2 Dedicated Server/left4dead2/addons/sourcemod/logs/errors_20230102.log")
L 01/02/2023 - 12:14:49: [SM] Unable to load plugin "Welcome.smx": Could not find required plugin "l4d2_playtime_interface"
L 01/02/2023 - 12:14:49: [SM] Unable to load plugin "l4d_fyzb_en_v20.smx": Could not find required plugin "readyup"
L 01/02/2023 - 12:21:25: SourceMod error session started
L 01/02/2023 - 12:21:25: Info (map "c2m1_highway") (file "/root/Steam/steamapps/common/Left 4 Dead 2 Dedicated Server/left4dead2/addons/sourcemod/logs/errors_20230102.log")
L 01/02/2023 - 12:21:25: [SM] Unable to load plugin "Welcome.smx": Could not find required plugin "l4d2_playtime_interface"
L 01/02/2023 - 12:21:26: [SM] Unable to load plugin "l4d_fyzb_en_v20.smx": Could not find required plugin "readyup"
L 01/02/2023 - 12:23:22: [SM] Exception reported: Failed to create native "L4D2_IsMapDataAvailable", name is probably already in use
L 01/02/2023 - 12:23:22: [SM] Blaming: optional/promod/l4d2lib.smx
L 01/02/2023 - 12:23:22: [SM] Call stack trace:
L 01/02/2023 - 12:23:22: [SM]   [0] CreateNative
L 01/02/2023 - 12:23:22: [SM]   [1] Line 50, C:\Users\user\repos\misc-sourcemod-plugins\l4d2lib\l4d2lib.sp::AskPluginLoad2
L 01/02/2023 - 12:23:22: [SM] Unable to load extension "left4downtown.ext": /root/Steam/steamapps/common/Left 4 Dead 2 Dedicated Server/left4dead2/addons/sourcemod/extensions/left4downtown.ext.so: cannot open shared object file: No such file or directory
L 01/02/2023 - 12:23:22: [SM] Exception reported: Couldn't find the 'OnWindupFinished_Sig' address
L 01/02/2023 - 12:23:22: [SM] Blaming: optional/promod/l4d2_notankautoaim.smx
L 01/02/2023 - 12:23:22: [SM] Call stack trace:
L 01/02/2023 - 12:23:22: [SM]   [0] SetFailState
L 01/02/2023 - 12:23:22: [SM]   [1] Line 24, C:\Users\Mr. DeWitt\Documents\GitHub\Equilibrium\addons\sourcemod\scripting\l4d2_notankautoaim.sp::OnPluginStart
L 01/02/2023 - 12:23:22: [SM] Exception reported: Simple Chat Processor is not loaded. It is required for this plugin to work.
L 01/02/2023 - 12:23:22: [SM] Blaming: optional/promod/l4d2_selfmute.smx
L 01/02/2023 - 12:23:22: [SM] Call stack trace:
L 01/02/2023 - 12:23:22: [SM]   [0] SetFailState
L 01/02/2023 - 12:23:22: [SM]   [1] Line 60, l4d2_selfmute.sp::OnAllPluginsLoaded
L 01/02/2023 - 12:23:22: [SM] Error parsing gameconfig file "/root/Steam/steamapps/common/Left 4 Dead 2 Dedicated Server/left4dead2/addons/sourcemod/gamedata/left4downtown.l4d2.txt":
L 01/02/2023 - 12:23:22: [SM] Error 1 on line 0, col 0: Stream failed to open
L 01/02/2023 - 12:23:22: [SM] Exception reported: Unable to open left4downtown.l4d2: File could not be opened: No such file or directory
L 01/02/2023 - 12:23:22: [SM] Blaming: optional/promod/l4d2_setscores.smx
L 01/02/2023 - 12:23:22: [SM] Call stack trace:
L 01/02/2023 - 12:23:22: [SM]   [0] LoadGameConfigFile
L 01/02/2023 - 12:23:22: [SM]   [1] Line 56, l4d2_setscores.sp::OnPluginStart
L 01/02/2023 - 12:23:25: Error log file session closed.
L 01/02/2023 - 12:24:24: SourceMod error session started
L 01/02/2023 - 12:24:24: Info (map "c2m1_highway") (file "/root/Steam/steamapps/common/Left 4 Dead 2 Dedicated Server/left4dead2/addons/sourcemod/logs/errors_20230102.log")
L 01/02/2023 - 12:24:24: [SM] Unable to load plugin "Welcome.smx": Could not find required plugin "l4d2_playtime_interface"
L 01/02/2023 - 12:24:24: [SM] Unable to load plugin "l4d_fyzb_en_v20.smx": Could not find required plugin "readyup"
L 01/02/2023 - 12:24:42: [SM] Exception reported: Failed to create native "L4D2_GetCurrentRound", name is probably already in use
L 01/02/2023 - 12:24:42: [SM] Blaming: optional/promod/l4d2lib.smx
L 01/02/2023 - 12:24:42: [SM] Call stack trace:
L 01/02/2023 - 12:24:42: [SM]   [0] CreateNative
L 01/02/2023 - 12:24:42: [SM]   [1] Line 46, C:\Users\user\repos\misc-sourcemod-plugins\l4d2lib\l4d2lib.sp::AskPluginLoad2
L 01/02/2023 - 12:24:42: [SM] Exception reported: Couldn't find the 'OnWindupFinished_Sig' address
L 01/02/2023 - 12:24:42: [SM] Blaming: optional/promod/l4d2_notankautoaim.smx
L 01/02/2023 - 12:24:42: [SM] Call stack trace:
L 01/02/2023 - 12:24:42: [SM]   [0] SetFailState
L 01/02/2023 - 12:24:42: [SM]   [1] Line 24, C:\Users\Mr. DeWitt\Documents\GitHub\Equilibrium\addons\sourcemod\scripting\l4d2_notankautoaim.sp::OnPluginStart
L 01/02/2023 - 12:24:42: [SM] Exception reported: Simple Chat Processor is not loaded. It is required for this plugin to work.
L 01/02/2023 - 12:24:42: [SM] Blaming: optional/promod/l4d2_selfmute.smx
L 01/02/2023 - 12:24:42: [SM] Call stack trace:
L 01/02/2023 - 12:24:42: [SM]   [0] SetFailState
L 01/02/2023 - 12:24:42: [SM]   [1] Line 60, l4d2_selfmute.sp::OnAllPluginsLoaded
L 01/02/2023 - 12:24:42: [optional/promod/l4d2_setscores.smx] Function 'SetCampaignScores' not found.
L 01/02/2023 - 12:25:17: [SM] Exception reported: Client 1 is not connected
L 01/02/2023 - 12:25:17: [SM] Blaming: optional/promod/lerpmonitor.smx
L 01/02/2023 - 12:25:17: [SM] Call stack trace:
L 01/02/2023 - 12:25:17: [SM]   [0] GetClientInfo
L 01/02/2023 - 12:25:17: [SM]   [1] Line 250, lerpmonitor.sp::GetLerpTime
L 01/02/2023 - 12:25:17: [SM]   [2] Line 185, lerpmonitor.sp::ProcessPlayerLerp
L 01/02/2023 - 12:25:17: [SM]   [3] Line 110, lerpmonitor.sp::OnTeamChangeDelay
L 01/02/2023 - 12:27:33: SourceMod error session started
L 01/02/2023 - 12:27:33: Info (map "c2m1_highway") (file "/root/Steam/steamapps/common/Left 4 Dead 2 Dedicated Server/left4dead2/addons/sourcemod/logs/errors_20230102.log")
L 01/02/2023 - 12:27:33: [SM] Unable to load plugin "Welcome.smx": Could not find required plugin "l4d2_playtime_interface"
L 01/02/2023 - 12:27:33: [SM] Unable to load plugin "l4d_fyzb_en_v20.smx": Could not find required plugin "readyup"
L 01/02/2023 - 12:31:58: [SM] Unable to load extension "left4downtown.ext": /root/Steam/steamapps/common/Left 4 Dead 2 Dedicated Server/left4dead2/addons/sourcemod/extensions/left4downtown.ext.so: cannot open shared object file: No such file or directory
L 01/02/2023 - 12:31:59: [SM] Exception reported: Failed to create native "L4D2_IsMapDataAvailable", name is probably already in use
L 01/02/2023 - 12:31:59: [SM] Blaming: optional/promod/l4d2lib.smx
L 01/02/2023 - 12:31:59: [SM] Call stack trace:
L 01/02/2023 - 12:31:59: [SM]   [0] CreateNative
L 01/02/2023 - 12:31:59: [SM]   [1] Line 50, C:\Users\user\repos\misc-sourcemod-plugins\l4d2lib\l4d2lib.sp::AskPluginLoad2
L 01/02/2023 - 12:31:59: [SM] Exception reported: Couldn't find the 'OnWindupFinished_Sig' address
L 01/02/2023 - 12:31:59: [SM] Blaming: optional/promod/l4d2_notankautoaim.smx
L 01/02/2023 - 12:31:59: [SM] Call stack trace:
L 01/02/2023 - 12:31:59: [SM]   [0] SetFailState
L 01/02/2023 - 12:31:59: [SM]   [1] Line 24, C:\Users\Mr. DeWitt\Documents\GitHub\Equilibrium\addons\sourcemod\scripting\l4d2_notankautoaim.sp::OnPluginStart
L 01/02/2023 - 12:31:59: [SM] Exception reported: Simple Chat Processor is not loaded. It is required for this plugin to work.
L 01/02/2023 - 12:31:59: [SM] Blaming: optional/promod/l4d2_selfmute.smx
L 01/02/2023 - 12:31:59: [SM] Call stack trace:
L 01/02/2023 - 12:31:59: [SM]   [0] SetFailState
L 01/02/2023 - 12:31:59: [SM]   [1] Line 60, l4d2_selfmute.sp::OnAllPluginsLoaded
L 01/02/2023 - 12:31:59: [SM] Error parsing gameconfig file "/root/Steam/steamapps/common/Left 4 Dead 2 Dedicated Server/left4dead2/addons/sourcemod/gamedata/left4downtown.l4d2.txt":
L 01/02/2023 - 12:31:59: [SM] Error 1 on line 0, col 0: Stream failed to open
L 01/02/2023 - 12:31:59: [SM] Exception reported: Unable to open left4downtown.l4d2: File could not be opened: No such file or directory
L 01/02/2023 - 12:31:59: [SM] Blaming: optional/promod/l4d2_setscores.smx
L 01/02/2023 - 12:31:59: [SM] Call stack trace:
L 01/02/2023 - 12:31:59: [SM]   [0] LoadGameConfigFile
L 01/02/2023 - 12:31:59: [SM]   [1] Line 56, l4d2_setscores.sp::OnPluginStart
L 01/02/2023 - 12:32:03: Error log file session closed.
L 01/02/2023 - 12:34:32: SourceMod error session started
L 01/02/2023 - 12:34:32: Info (map "c2m1_highway") (file "/root/Steam/steamapps/common/Left 4 Dead 2 Dedicated Server/left4dead2/addons/sourcemod/logs/errors_20230102.log")
L 01/02/2023 - 12:34:32: [SM] Exception reported: Client 1 is not connected
L 01/02/2023 - 12:34:32: [SM] Blaming: optional/promod/lerpmonitor.smx
L 01/02/2023 - 12:34:32: [SM] Call stack trace:
L 01/02/2023 - 12:34:32: [SM]   [0] GetClientInfo
L 01/02/2023 - 12:34:32: [SM]   [1] Line 250, lerpmonitor.sp::GetLerpTime
L 01/02/2023 - 12:34:32: [SM]   [2] Line 185, lerpmonitor.sp::ProcessPlayerLerp
L 01/02/2023 - 12:34:32: [SM]   [3] Line 110, lerpmonitor.sp::OnTeamChangeDelay
L 01/02/2023 - 12:34:46: SourceMod error session started
L 01/02/2023 - 12:34:46: Info (map "c2m1_highway") (file "/root/Steam/steamapps/common/Left 4 Dead 2 Dedicated Server/left4dead2/addons/sourcemod/logs/errors_20230102.log")
L 01/02/2023 - 12:34:46: [SM] Unable to load plugin "Welcome.smx": Could not find required plugin "l4d2_playtime_interface"
L 01/02/2023 - 12:34:46: [SM] Unable to load plugin "l4d_fyzb_en_v20.smx": Could not find required plugin "readyup"
L 01/02/2023 - 12:35:22: [SM] Unable to load extension "left4downtown.ext": /root/Steam/steamapps/common/Left 4 Dead 2 Dedicated Server/left4dead2/addons/sourcemod/extensions/left4downtown.ext.so: cannot open shared object file: No such file or directory
L 01/02/2023 - 12:35:22: [SM] Exception reported: Failed to create native "L4D2_IsMapDataAvailable", name is probably already in use
L 01/02/2023 - 12:35:22: [SM] Blaming: optional/promod/l4d2lib.smx
L 01/02/2023 - 12:35:22: [SM] Call stack trace:
L 01/02/2023 - 12:35:22: [SM]   [0] CreateNative
L 01/02/2023 - 12:35:22: [SM]   [1] Line 50, C:\Users\user\repos\misc-sourcemod-plugins\l4d2lib\l4d2lib.sp::AskPluginLoad2
L 01/02/2023 - 12:35:22: [SM] Exception reported: Couldn't find the 'OnWindupFinished_Sig' address
L 01/02/2023 - 12:35:22: [SM] Blaming: optional/promod/l4d2_notankautoaim.smx
L 01/02/2023 - 12:35:22: [SM] Call stack trace:
L 01/02/2023 - 12:35:22: [SM]   [0] SetFailState
L 01/02/2023 - 12:35:22: [SM]   [1] Line 24, C:\Users\Mr. DeWitt\Documents\GitHub\Equilibrium\addons\sourcemod\scripting\l4d2_notankautoaim.sp::OnPluginStart
L 01/02/2023 - 12:35:22: [SM] Exception reported: Simple Chat Processor is not loaded. It is required for this plugin to work.
L 01/02/2023 - 12:35:22: [SM] Blaming: optional/promod/l4d2_selfmute.smx
L 01/02/2023 - 12:35:22: [SM] Call stack trace:
L 01/02/2023 - 12:35:22: [SM]   [0] SetFailState
L 01/02/2023 - 12:35:22: [SM]   [1] Line 60, l4d2_selfmute.sp::OnAllPluginsLoaded
L 01/02/2023 - 12:35:22: [SM] Error parsing gameconfig file "/root/Steam/steamapps/common/Left 4 Dead 2 Dedicated Server/left4dead2/addons/sourcemod/gamedata/left4downtown.l4d2.txt":
L 01/02/2023 - 12:35:22: [SM] Error 1 on line 0, col 0: Stream failed to open
L 01/02/2023 - 12:35:22: [SM] Exception reported: Unable to open left4downtown.l4d2: File could not be opened: No such file or directory
L 01/02/2023 - 12:35:22: [SM] Blaming: optional/promod/l4d2_setscores.smx
L 01/02/2023 - 12:35:22: [SM] Call stack trace:
L 01/02/2023 - 12:35:22: [SM]   [0] LoadGameConfigFile
L 01/02/2023 - 12:35:22: [SM]   [1] Line 56, l4d2_setscores.sp::OnPluginStart
L 01/02/2023 - 12:35:25: [SM] Exception reported: Client 5 is not connected
L 01/02/2023 - 12:35:25: [SM] Blaming: confoglcompmod.smx
L 01/02/2023 - 12:35:25: [SM] Call stack trace:
L 01/02/2023 - 12:35:25: [SM]   [0] KickClient
L 01/02/2023 - 12:35:25: [SM]   [1] Line 100, confoglcompmod\PasswordSystem.sp::PS_ConVarDone
L 01/02/2023 - 12:35:26: Error log file session closed.
L 01/02/2023 - 12:38:11: SourceMod error session started
L 01/02/2023 - 12:38:11: Info (map "c2m1_highway") (file "/root/Steam/steamapps/common/Left 4 Dead 2 Dedicated Server/left4dead2/addons/sourcemod/logs/errors_20230102.log")
L 01/02/2023 - 12:38:11: [SM] Unable to load plugin "Welcome.smx": Could not find required plugin "l4d2_playtime_interface"
L 01/02/2023 - 12:38:11: [SM] Unable to load plugin "l4d_fyzb_en_v20.smx": Could not find required plugin "readyup"
L 01/02/2023 - 12:39:42: [SM] Unable to load extension "left4downtown.ext": /root/Steam/steamapps/common/Left 4 Dead 2 Dedicated Server/left4dead2/addons/sourcemod/extensions/left4downtown.ext.so: cannot open shared object file: No such file or directory
L 01/02/2023 - 12:39:43: [SM] Exception reported: Failed to create native "L4D2_IsMapDataAvailable", name is probably already in use
L 01/02/2023 - 12:39:43: [SM] Blaming: optional/promod/l4d2lib.smx
L 01/02/2023 - 12:39:43: [SM] Call stack trace:
L 01/02/2023 - 12:39:43: [SM]   [0] CreateNative
L 01/02/2023 - 12:39:43: [SM]   [1] Line 50, C:\Users\user\repos\misc-sourcemod-plugins\l4d2lib\l4d2lib.sp::AskPluginLoad2
L 01/02/2023 - 12:39:43: [SM] Exception reported: Couldn't find the 'OnWindupFinished_Sig' address
L 01/02/2023 - 12:39:43: [SM] Blaming: optional/promod/l4d2_notankautoaim.smx
L 01/02/2023 - 12:39:43: [SM] Call stack trace:
L 01/02/2023 - 12:39:43: [SM]   [0] SetFailState
L 01/02/2023 - 12:39:43: [SM]   [1] Line 24, C:\Users\Mr. DeWitt\Documents\GitHub\Equilibrium\addons\sourcemod\scripting\l4d2_notankautoaim.sp::OnPluginStart
L 01/02/2023 - 12:39:43: [SM] Exception reported: Simple Chat Processor is not loaded. It is required for this plugin to work.
L 01/02/2023 - 12:39:43: [SM] Blaming: optional/promod/l4d2_selfmute.smx
L 01/02/2023 - 12:39:43: [SM] Call stack trace:
L 01/02/2023 - 12:39:43: [SM]   [0] SetFailState
L 01/02/2023 - 12:39:43: [SM]   [1] Line 60, l4d2_selfmute.sp::OnAllPluginsLoaded
L 01/02/2023 - 12:39:43: [SM] Error parsing gameconfig file "/root/Steam/steamapps/common/Left 4 Dead 2 Dedicated Server/left4dead2/addons/sourcemod/gamedata/left4downtown.l4d2.txt":
L 01/02/2023 - 12:39:43: [SM] Error 1 on line 0, col 0: Stream failed to open
L 01/02/2023 - 12:39:43: [SM] Exception reported: Unable to open left4downtown.l4d2: File could not be opened: No such file or directory
L 01/02/2023 - 12:39:43: [SM] Blaming: optional/promod/l4d2_setscores.smx
L 01/02/2023 - 12:39:43: [SM] Call stack trace:
L 01/02/2023 - 12:39:43: [SM]   [0] LoadGameConfigFile
L 01/02/2023 - 12:39:43: [SM]   [1] Line 56, l4d2_setscores.sp::OnPluginStart
L 01/02/2023 - 12:39:47: Error log file session closed.
L 01/02/2023 - 12:40:17: SourceMod error session started
L 01/02/2023 - 12:40:17: Info (map "c2m1_highway") (file "/root/Steam/steamapps/common/Left 4 Dead 2 Dedicated Server/left4dead2/addons/sourcemod/logs/errors_20230102.log")
L 01/02/2023 - 12:40:17: [SM] Unable to load plugin "Welcome.smx": Could not find required plugin "l4d2_playtime_interface"
L 01/02/2023 - 12:40:17: [SM] Unable to load plugin "l4d_fyzb_en_v20.smx": Could not find required plugin "readyup"
L 01/02/2023 - 12:56:58: Error log file session closed.
L 01/02/2023 - 12:57:20: SourceMod error session started
L 01/02/2023 - 12:57:20: Info (map "c2m1_highway") (file "/root/Steam/steamapps/common/Left 4 Dead 2 Dedicated Server/left4dead2/addons/sourcemod/logs/errors_20230102.log")
L 01/02/2023 - 12:57:20: [SM] Exception reported: Invalid index 1 (count: 1)
L 01/02/2023 - 12:57:20: [SM] Blaming: optional/l4d_equalise_alarm_cars_scav.smx
L 01/02/2023 - 12:57:20: [SM] Call stack trace:
L 01/02/2023 - 12:57:20: [SM]   [0] ArrayList.GetString
L 01/02/2023 - 12:57:20: [SM]   [1] Line 384, F:\Users\Administrator\Documents\GitHub\MoYu_Server_Stupid_Plugins\The Last Stand\l4d_equalise_alarm_cars\l4d_equalise_alarm_cars.sp::PatchAlarmedCars
L 01/02/2023 - 12:58:00: Error log file session closed.
L 01/02/2023 - 13:01:38: SourceMod error session started
L 01/02/2023 - 13:01:38: Info (map "c2m1_highway") (file "/root/Steam/steamapps/common/Left 4 Dead 2 Dedicated Server/left4dead2/addons/sourcemod/logs/errors_20230102.log")
L 01/02/2023 - 13:01:38: [SM] Unable to load plugin "Welcome.smx": Could not find required plugin "l4d2_playtime_interface"
L 01/02/2023 - 13:01:38: [SM] Unable to load plugin "l4d_fyzb_en_v20.smx": Could not find required plugin "readyup"
L 01/02/2023 - 14:17:36: SourceMod error session started
L 01/02/2023 - 14:17:36: Info (map "c2m1_highway") (file "/root/Steam/steamapps/common/Left 4 Dead 2 Dedicated Server/left4dead2/addons/sourcemod/logs/errors_20230102.log")
L 01/02/2023 - 14:17:36: [SM] Unable to load plugin "Welcome.smx": Could not find required plugin "l4d2_playtime_interface"
L 01/02/2023 - 14:17:36: [SM] Unable to load plugin "l4d_fyzb_en_v20.smx": Could not find required plugin "readyup"
L 01/02/2023 - 14:21:02: [SM] Unable to load extension "left4downtown.ext": /root/Steam/steamapps/common/Left 4 Dead 2 Dedicated Server/left4dead2/addons/sourcemod/extensions/left4downtown.ext.so: cannot open shared object file: No such file or directory
L 01/02/2023 - 14:21:02: [SM] Exception reported: Couldn't find the 'OnWindupFinished_Sig' address
L 01/02/2023 - 14:21:02: [SM] Blaming: optional/promod/l4d2_notankautoaim.smx
L 01/02/2023 - 14:21:02: [SM] Call stack trace:
L 01/02/2023 - 14:21:02: [SM]   [0] SetFailState
L 01/02/2023 - 14:21:02: [SM]   [1] Line 24, C:\Users\Mr. DeWitt\Documents\GitHub\Equilibrium\addons\sourcemod\scripting\l4d2_notankautoaim.sp::OnPluginStart
L 01/02/2023 - 14:21:02: [SM] Exception reported: Simple Chat Processor is not loaded. It is required for this plugin to work.
L 01/02/2023 - 14:21:02: [SM] Blaming: optional/promod/l4d2_selfmute.smx
L 01/02/2023 - 14:21:02: [SM] Call stack trace:
L 01/02/2023 - 14:21:02: [SM]   [0] SetFailState
L 01/02/2023 - 14:21:02: [SM]   [1] Line 60, l4d2_selfmute.sp::OnAllPluginsLoaded
L 01/02/2023 - 14:21:02: [SM] Error parsing gameconfig file "/root/Steam/steamapps/common/Left 4 Dead 2 Dedicated Server/left4dead2/addons/sourcemod/gamedata/left4downtown.l4d2.txt":
L 01/02/2023 - 14:21:02: [SM] Error 1 on line 0, col 0: Stream failed to open
L 01/02/2023 - 14:21:02: [SM] Exception reported: Unable to open left4downtown.l4d2: File could not be opened: No such file or directory
L 01/02/2023 - 14:21:02: [SM] Blaming: optional/promod/l4d2_setscores.smx
L 01/02/2023 - 14:21:02: [SM] Call stack trace:
L 01/02/2023 - 14:21:02: [SM]   [0] LoadGameConfigFile
L 01/02/2023 - 14:21:02: [SM]   [1] Line 56, l4d2_setscores.sp::OnPluginStart
L 01/02/2023 - 14:21:06: Error log file session closed.
L 01/02/2023 - 14:21:31: SourceMod error session started
L 01/02/2023 - 14:21:31: Info (map "c2m1_highway") (file "/root/Steam/steamapps/common/Left 4 Dead 2 Dedicated Server/left4dead2/addons/sourcemod/logs/errors_20230102.log")
L 01/02/2023 - 14:21:31: [SM] Unable to load plugin "Welcome.smx": Could not find required plugin "l4d2_playtime_interface"
L 01/02/2023 - 14:21:31: [SM] Unable to load plugin "l4d_fyzb_en_v20.smx": Could not find required plugin "readyup"
L 01/02/2023 - 14:24:06: [SM] Unable to load extension "left4downtown.ext": /root/Steam/steamapps/common/Left 4 Dead 2 Dedicated Server/left4dead2/addons/sourcemod/extensions/left4downtown.ext.so: cannot open shared object file: No such file or directory
L 01/02/2023 - 14:24:06: [SM] Exception reported: Couldn't find the 'OnWindupFinished_Sig' address
L 01/02/2023 - 14:24:06: [SM] Blaming: optional/promod/l4d2_notankautoaim.smx
L 01/02/2023 - 14:24:06: [SM] Call stack trace:
L 01/02/2023 - 14:24:06: [SM]   [0] SetFailState
L 01/02/2023 - 14:24:06: [SM]   [1] Line 24, C:\Users\Mr. DeWitt\Documents\GitHub\Equilibrium\addons\sourcemod\scripting\l4d2_notankautoaim.sp::OnPluginStart
L 01/02/2023 - 14:24:07: [SM] Exception reported: Simple Chat Processor is not loaded. It is required for this plugin to work.
L 01/02/2023 - 14:24:07: [SM] Blaming: optional/promod/l4d2_selfmute.smx
L 01/02/2023 - 14:24:07: [SM] Call stack trace:
L 01/02/2023 - 14:24:07: [SM]   [0] SetFailState
L 01/02/2023 - 14:24:07: [SM]   [1] Line 60, l4d2_selfmute.sp::OnAllPluginsLoaded
L 01/02/2023 - 14:24:07: [SM] Error parsing gameconfig file "/root/Steam/steamapps/common/Left 4 Dead 2 Dedicated Server/left4dead2/addons/sourcemod/gamedata/left4downtown.l4d2.txt":
L 01/02/2023 - 14:24:07: [SM] Error 1 on line 0, col 0: Stream failed to open
L 01/02/2023 - 14:24:07: [SM] Exception reported: Unable to open left4downtown.l4d2: File could not be opened: No such file or directory
L 01/02/2023 - 14:24:07: [SM] Blaming: optional/promod/l4d2_setscores.smx
L 01/02/2023 - 14:24:07: [SM] Call stack trace:
L 01/02/2023 - 14:24:07: [SM]   [0] LoadGameConfigFile
L 01/02/2023 - 14:24:07: [SM]   [1] Line 56, l4d2_setscores.sp::OnPluginStart
L 01/02/2023 - 14:24:11: Error log file session closed.
L 01/02/2023 - 14:29:30: SourceMod error session started
L 01/02/2023 - 14:29:30: Info (map "c2m1_highway") (file "/root/Steam/steamapps/common/Left 4 Dead 2 Dedicated Server/left4dead2/addons/sourcemod/logs/errors_20230102.log")
L 01/02/2023 - 14:29:30: [SM] Unable to load plugin "Welcome.smx": Could not find required plugin "l4d2_playtime_interface"
L 01/02/2023 - 14:29:30: [SM] Unable to load plugin "l4d_fyzb_en_v20.smx": Could not find required plugin "readyup"
L 01/02/2023 - 14:37:26: SourceMod error session started
L 01/02/2023 - 14:37:26: Info (map "c2m1_highway") (file "/root/Steam/steamapps/common/Left 4 Dead 2 Dedicated Server/left4dead2/addons/sourcemod/logs/errors_20230102.log")
L 01/02/2023 - 14:37:26: [SM] Unable to load plugin "Welcome.smx": Could not find required plugin "l4d2_playtime_interface"
L 01/02/2023 - 14:37:26: [SM] Unable to load plugin "l4d_fyzb_en_v20.smx": Could not find required plugin "readyup"
L 01/02/2023 - 15:18:59: SourceMod error session started
L 01/02/2023 - 15:18:59: Info (map "c2m1_highway") (file "/root/Steam/steamapps/common/Left 4 Dead 2 Dedicated Server/left4dead2/addons/sourcemod/logs/errors_20230102.log")
L 01/02/2023 - 15:18:59: [SM] Unable to load plugin "Welcome.smx": Could not find required plugin "l4d2_playtime_interface"
L 01/02/2023 - 15:18:59: [SM] Unable to load plugin "l4d_fyzb_en_v20.smx": Could not find required plugin "readyup"
L 01/02/2023 - 23:08:08: Error log file session closed.
L 01/02/2023 - 23:10:30: SourceMod error session started
L 01/02/2023 - 23:10:30: Info (map "c2m1_highway") (file "/root/Steam/steamapps/common/Left 4 Dead 2 Dedicated Server/left4dead2/addons/sourcemod/logs/errors_20230102.log")
L 01/02/2023 - 23:10:30: [SM] Exception reported: Language phrase "DisruptReadyStatus" not found (arg 4)
L 01/02/2023 - 23:10:30: [SM] Blaming: optional/readyup2.smx
L 01/02/2023 - 23:10:30: [SM] Call stack trace:
L 01/02/2023 - 23:10:30: [SM]   [0] VFormat
L 01/02/2023 - 23:10:30: [SM]   [1] Line 241, colors::CPrintToChatAllEx
L 01/02/2023 - 23:10:30: [SM]   [2] Line 1384, E:\DownLoading\beifen\sourcemod-1.11.0-git6826-windows\addons\sourcemod\scripting\readyup2.sp::CancelFullReady
L 01/02/2023 - 23:10:30: [SM]   [3] Line 798, E:\DownLoading\beifen\sourcemod-1.11.0-git6826-windows\addons\sourcemod\scripting\readyup2.sp::Unready_Cmd
L 01/02/2023 - 23:10:30: [SM]   [4] Line 749, E:\DownLoading\beifen\sourcemod-1.11.0-git6826-windows\addons\sourcemod\scripting\readyup2.sp::Vote_Callback
L 01/02/2023 - 23:18:08: Error log file session closed.
L 01/02/2023 - 23:40:18: SourceMod error session started
L 01/02/2023 - 23:40:18: Info (map "c2m1_highway") (file "/root/Steam/steamapps/common/Left 4 Dead 2 Dedicated Server/left4dead2/addons/sourcemod/logs/errors_20230102.log")
L 01/02/2023 - 23:40:18: [SM] Unable to load plugin "Welcome.smx": Could not find required plugin "l4d2_playtime_interface"
L 01/02/2023 - 23:40:18: [SM] Unable to load plugin "l4d_fyzb_en_v20.smx": Could not find required plugin "readyup"
L 01/03/2023 - 18:11:13: Error log file session closed.
