L 12/29/2022 - 15:06:15: SourceMod error session started
L 12/29/2022 - 15:06:15: Info (map "c2m1_highway") (file "/root/Steam/steamapps/common/Left 4 Dead 2 Dedicated Server/left4dead2/addons/sourcemod/logs/errors_20221229.log")
L 12/29/2022 - 15:06:15: [SM] Unable to load plugin "Welcome.smx": Could not find required plugin "l4d2_playtime_interface"
L 12/29/2022 - 15:06:15: [SM] Unable to load plugin "l4d_fyzb_en_v20.smx": Could not find required plugin "readyup"
L 12/29/2022 - 15:07:55: Error log file session closed.
L 12/29/2022 - 15:08:41: SourceMod error session started
L 12/29/2022 - 15:08:41: Info (map "c8m5_rooftop") (file "/root/Steam/steamapps/common/Left 4 Dead 2 Dedicated Server/left4dead2/addons/sourcemod/logs/errors_20221229.log")
L 12/29/2022 - 15:08:41: [SM] Exception reported: Client 6 is not in game
L 12/29/2022 - 15:08:41: [SM] Blaming: optional/l4d2_scav_fix_nm5.smx
L 12/29/2022 - 15:08:41: [SM] Call stack trace:
L 12/29/2022 - 15:08:41: [SM]   [0] GetClientAbsOrigin
L 12/29/2022 - 15:08:41: [SM]   [1] Line 76, E:\DownLoading\sourcemod-1.11.0-git6826-windows\addons\sourcemod\scripting\l4d2_scav_fix_nm5.sp::FindMisplacedCans
L 12/29/2022 - 15:08:41: [SM]   [2] Line 53, E:\DownLoading\sourcemod-1.11.0-git6826-windows\addons\sourcemod\scripting\l4d2_scav_fix_nm5.sp::ScavTimerH
L 12/29/2022 - 15:08:56: [SM] Exception reported: Client 6 is not in game
L 12/29/2022 - 15:08:56: [SM] Blaming: optional/l4d2_scav_fix_nm5.smx
L 12/29/2022 - 15:08:56: [SM] Call stack trace:
L 12/29/2022 - 15:08:56: [SM]   [0] GetClientAbsOrigin
L 12/29/2022 - 15:08:56: [SM]   [1] Line 76, E:\DownLoading\sourcemod-1.11.0-git6826-windows\addons\sourcemod\scripting\l4d2_scav_fix_nm5.sp::FindMisplacedCans
L 12/29/2022 - 15:08:56: [SM]   [2] Line 53, E:\DownLoading\sourcemod-1.11.0-git6826-windows\addons\sourcemod\scripting\l4d2_scav_fix_nm5.sp::ScavTimerH
L 12/29/2022 - 15:09:11: [SM] Exception reported: Client 6 is not in game
L 12/29/2022 - 15:09:11: [SM] Blaming: optional/l4d2_scav_fix_nm5.smx
L 12/29/2022 - 15:09:11: [SM] Call stack trace:
L 12/29/2022 - 15:09:11: [SM]   [0] GetClientAbsOrigin
L 12/29/2022 - 15:09:11: [SM]   [1] Line 76, E:\DownLoading\sourcemod-1.11.0-git6826-windows\addons\sourcemod\scripting\l4d2_scav_fix_nm5.sp::FindMisplacedCans
L 12/29/2022 - 15:09:11: [SM]   [2] Line 53, E:\DownLoading\sourcemod-1.11.0-git6826-windows\addons\sourcemod\scripting\l4d2_scav_fix_nm5.sp::ScavTimerH
L 12/29/2022 - 15:09:23: Error log file session closed.
L 12/29/2022 - 15:12:15: SourceMod error session started
L 12/29/2022 - 15:12:15: Info (map "c2m1_highway") (file "/root/Steam/steamapps/common/Left 4 Dead 2 Dedicated Server/left4dead2/addons/sourcemod/logs/errors_20221229.log")
L 12/29/2022 - 15:12:15: [SM] Unable to load plugin "Welcome.smx": Could not find required plugin "l4d2_playtime_interface"
L 12/29/2022 - 15:12:15: [SM] Unable to load plugin "l4d_fyzb_en_v20.smx": Could not find required plugin "readyup"
L 12/29/2022 - 15:34:02: SourceMod error session started
L 12/29/2022 - 15:34:02: Info (map "c2m1_highway") (file "/root/Steam/steamapps/common/Left 4 Dead 2 Dedicated Server/left4dead2/addons/sourcemod/logs/errors_20221229.log")
L 12/29/2022 - 15:34:02: [SM] Unable to load plugin "Welcome.smx": Could not find required plugin "l4d2_playtime_interface"
L 12/29/2022 - 15:34:02: [SM] Unable to load plugin "l4d_fyzb_en_v20.smx": Could not find required plugin "readyup"
L 12/29/2022 - 15:36:12: Error log file session closed.
L 12/29/2022 - 15:37:04: SourceMod error session started
L 12/29/2022 - 15:37:04: Info (map "c8m5_rooftop") (file "/root/Steam/steamapps/common/Left 4 Dead 2 Dedicated Server/left4dead2/addons/sourcemod/logs/errors_20221229.log")
L 12/29/2022 - 15:37:04: [SM] Exception reported: Client 2 is not in game
L 12/29/2022 - 15:37:04: [SM] Blaming: optional/l4d2_scav_fix_nm5.smx
L 12/29/2022 - 15:37:04: [SM] Call stack trace:
L 12/29/2022 - 15:37:04: [SM]   [0] GetClientAbsOrigin
L 12/29/2022 - 15:37:04: [SM]   [1] Line 76, E:\DownLoading\sourcemod-1.11.0-git6826-windows\addons\sourcemod\scripting\l4d2_scav_fix_nm5.sp::FindMisplacedCans
L 12/29/2022 - 15:37:04: [SM]   [2] Line 53, E:\DownLoading\sourcemod-1.11.0-git6826-windows\addons\sourcemod\scripting\l4d2_scav_fix_nm5.sp::ScavTimerH
L 12/29/2022 - 15:37:20: [SM] Exception reported: Client 2 is not in game
L 12/29/2022 - 15:37:20: [SM] Blaming: optional/l4d2_scav_fix_nm5.smx
L 12/29/2022 - 15:37:20: [SM] Call stack trace:
L 12/29/2022 - 15:37:20: [SM]   [0] GetClientAbsOrigin
L 12/29/2022 - 15:37:20: [SM]   [1] Line 76, E:\DownLoading\sourcemod-1.11.0-git6826-windows\addons\sourcemod\scripting\l4d2_scav_fix_nm5.sp::FindMisplacedCans
L 12/29/2022 - 15:37:20: [SM]   [2] Line 53, E:\DownLoading\sourcemod-1.11.0-git6826-windows\addons\sourcemod\scripting\l4d2_scav_fix_nm5.sp::ScavTimerH
L 12/29/2022 - 15:37:35: [SM] Exception reported: Client 2 is not in game
L 12/29/2022 - 15:37:35: [SM] Blaming: optional/l4d2_scav_fix_nm5.smx
L 12/29/2022 - 15:37:35: [SM] Call stack trace:
L 12/29/2022 - 15:37:35: [SM]   [0] GetClientAbsOrigin
L 12/29/2022 - 15:37:35: [SM]   [1] Line 76, E:\DownLoading\sourcemod-1.11.0-git6826-windows\addons\sourcemod\scripting\l4d2_scav_fix_nm5.sp::FindMisplacedCans
L 12/29/2022 - 15:37:35: [SM]   [2] Line 53, E:\DownLoading\sourcemod-1.11.0-git6826-windows\addons\sourcemod\scripting\l4d2_scav_fix_nm5.sp::ScavTimerH
L 12/29/2022 - 15:37:50: [SM] Exception reported: Client 2 is not in game
L 12/29/2022 - 15:37:50: [SM] Blaming: optional/l4d2_scav_fix_nm5.smx
L 12/29/2022 - 15:37:50: [SM] Call stack trace:
L 12/29/2022 - 15:37:50: [SM]   [0] GetClientAbsOrigin
L 12/29/2022 - 15:37:50: [SM]   [1] Line 76, E:\DownLoading\sourcemod-1.11.0-git6826-windows\addons\sourcemod\scripting\l4d2_scav_fix_nm5.sp::FindMisplacedCans
L 12/29/2022 - 15:37:50: [SM]   [2] Line 53, E:\DownLoading\sourcemod-1.11.0-git6826-windows\addons\sourcemod\scripting\l4d2_scav_fix_nm5.sp::ScavTimerH
L 12/29/2022 - 15:38:05: [SM] Exception reported: Client 2 is not in game
L 12/29/2022 - 15:38:05: [SM] Blaming: optional/l4d2_scav_fix_nm5.smx
L 12/29/2022 - 15:38:05: [SM] Call stack trace:
L 12/29/2022 - 15:38:05: [SM]   [0] GetClientAbsOrigin
L 12/29/2022 - 15:38:05: [SM]   [1] Line 76, E:\DownLoading\sourcemod-1.11.0-git6826-windows\addons\sourcemod\scripting\l4d2_scav_fix_nm5.sp::FindMisplacedCans
L 12/29/2022 - 15:38:05: [SM]   [2] Line 53, E:\DownLoading\sourcemod-1.11.0-git6826-windows\addons\sourcemod\scripting\l4d2_scav_fix_nm5.sp::ScavTimerH
L 12/29/2022 - 15:38:20: [SM] Exception reported: Client 2 is not in game
L 12/29/2022 - 15:38:20: [SM] Blaming: optional/l4d2_scav_fix_nm5.smx
L 12/29/2022 - 15:38:20: [SM] Call stack trace:
L 12/29/2022 - 15:38:20: [SM]   [0] GetClientAbsOrigin
L 12/29/2022 - 15:38:20: [SM]   [1] Line 76, E:\DownLoading\sourcemod-1.11.0-git6826-windows\addons\sourcemod\scripting\l4d2_scav_fix_nm5.sp::FindMisplacedCans
L 12/29/2022 - 15:38:20: [SM]   [2] Line 53, E:\DownLoading\sourcemod-1.11.0-git6826-windows\addons\sourcemod\scripting\l4d2_scav_fix_nm5.sp::ScavTimerH
L 12/29/2022 - 15:38:35: [SM] Exception reported: Client 2 is not in game
L 12/29/2022 - 15:38:35: [SM] Blaming: optional/l4d2_scav_fix_nm5.smx
L 12/29/2022 - 15:38:35: [SM] Call stack trace:
L 12/29/2022 - 15:38:35: [SM]   [0] GetClientAbsOrigin
L 12/29/2022 - 15:38:35: [SM]   [1] Line 76, E:\DownLoading\sourcemod-1.11.0-git6826-windows\addons\sourcemod\scripting\l4d2_scav_fix_nm5.sp::FindMisplacedCans
L 12/29/2022 - 15:38:35: [SM]   [2] Line 53, E:\DownLoading\sourcemod-1.11.0-git6826-windows\addons\sourcemod\scripting\l4d2_scav_fix_nm5.sp::ScavTimerH
L 12/29/2022 - 15:38:50: [SM] Exception reported: Client 2 is not in game
L 12/29/2022 - 15:38:50: [SM] Blaming: optional/l4d2_scav_fix_nm5.smx
L 12/29/2022 - 15:38:50: [SM] Call stack trace:
L 12/29/2022 - 15:38:50: [SM]   [0] GetClientAbsOrigin
L 12/29/2022 - 15:38:50: [SM]   [1] Line 76, E:\DownLoading\sourcemod-1.11.0-git6826-windows\addons\sourcemod\scripting\l4d2_scav_fix_nm5.sp::FindMisplacedCans
L 12/29/2022 - 15:38:50: [SM]   [2] Line 53, E:\DownLoading\sourcemod-1.11.0-git6826-windows\addons\sourcemod\scripting\l4d2_scav_fix_nm5.sp::ScavTimerH
L 12/29/2022 - 15:39:05: [SM] Exception reported: Client 2 is not in game
L 12/29/2022 - 15:39:05: [SM] Blaming: optional/l4d2_scav_fix_nm5.smx
L 12/29/2022 - 15:39:05: [SM] Call stack trace:
L 12/29/2022 - 15:39:05: [SM]   [0] GetClientAbsOrigin
L 12/29/2022 - 15:39:05: [SM]   [1] Line 76, E:\DownLoading\sourcemod-1.11.0-git6826-windows\addons\sourcemod\scripting\l4d2_scav_fix_nm5.sp::FindMisplacedCans
L 12/29/2022 - 15:39:05: [SM]   [2] Line 53, E:\DownLoading\sourcemod-1.11.0-git6826-windows\addons\sourcemod\scripting\l4d2_scav_fix_nm5.sp::ScavTimerH
L 12/29/2022 - 15:39:20: [SM] Exception reported: Client 2 is not in game
L 12/29/2022 - 15:39:20: [SM] Blaming: optional/l4d2_scav_fix_nm5.smx
L 12/29/2022 - 15:39:20: [SM] Call stack trace:
L 12/29/2022 - 15:39:20: [SM]   [0] GetClientAbsOrigin
L 12/29/2022 - 15:39:20: [SM]   [1] Line 76, E:\DownLoading\sourcemod-1.11.0-git6826-windows\addons\sourcemod\scripting\l4d2_scav_fix_nm5.sp::FindMisplacedCans
L 12/29/2022 - 15:39:20: [SM]   [2] Line 53, E:\DownLoading\sourcemod-1.11.0-git6826-windows\addons\sourcemod\scripting\l4d2_scav_fix_nm5.sp::ScavTimerH
L 12/29/2022 - 15:39:35: [SM] Unable to load plugin "Welcome.smx": Could not find required plugin "l4d2_playtime_interface"
L 12/29/2022 - 15:39:35: [SM] Unable to load plugin "l4d_fyzb_en_v20.smx": Could not find required plugin "readyup"
L 12/29/2022 - 15:39:49: Error log file session closed.
L 12/29/2022 - 15:40:05: SourceMod error session started
L 12/29/2022 - 15:40:05: Info (map "c8m5_rooftop") (file "/root/Steam/steamapps/common/Left 4 Dead 2 Dedicated Server/left4dead2/addons/sourcemod/logs/errors_20221229.log")
L 12/29/2022 - 15:40:05: [SM] Exception reported: Client 2 is not in game
L 12/29/2022 - 15:40:05: [SM] Blaming: optional/l4d2_scav_fix_nm5.smx
L 12/29/2022 - 15:40:05: [SM] Call stack trace:
L 12/29/2022 - 15:40:05: [SM]   [0] GetClientAbsOrigin
L 12/29/2022 - 15:40:05: [SM]   [1] Line 76, E:\DownLoading\sourcemod-1.11.0-git6826-windows\addons\sourcemod\scripting\l4d2_scav_fix_nm5.sp::FindMisplacedCans
L 12/29/2022 - 15:40:05: [SM]   [2] Line 53, E:\DownLoading\sourcemod-1.11.0-git6826-windows\addons\sourcemod\scripting\l4d2_scav_fix_nm5.sp::ScavTimerH
L 12/29/2022 - 15:40:20: [SM] Exception reported: Client 5 is not in game
L 12/29/2022 - 15:40:20: [SM] Blaming: optional/l4d2_scav_fix_nm5.smx
L 12/29/2022 - 15:40:20: [SM] Call stack trace:
L 12/29/2022 - 15:40:20: [SM]   [0] GetClientAbsOrigin
L 12/29/2022 - 15:40:20: [SM]   [1] Line 76, E:\DownLoading\sourcemod-1.11.0-git6826-windows\addons\sourcemod\scripting\l4d2_scav_fix_nm5.sp::FindMisplacedCans
L 12/29/2022 - 15:40:20: [SM]   [2] Line 53, E:\DownLoading\sourcemod-1.11.0-git6826-windows\addons\sourcemod\scripting\l4d2_scav_fix_nm5.sp::ScavTimerH
L 12/29/2022 - 15:40:35: [SM] Exception reported: Client 5 is not in game
L 12/29/2022 - 15:40:35: [SM] Blaming: optional/l4d2_scav_fix_nm5.smx
L 12/29/2022 - 15:40:35: [SM] Call stack trace:
L 12/29/2022 - 15:40:35: [SM]   [0] GetClientAbsOrigin
L 12/29/2022 - 15:40:35: [SM]   [1] Line 76, E:\DownLoading\sourcemod-1.11.0-git6826-windows\addons\sourcemod\scripting\l4d2_scav_fix_nm5.sp::FindMisplacedCans
L 12/29/2022 - 15:40:35: [SM]   [2] Line 53, E:\DownLoading\sourcemod-1.11.0-git6826-windows\addons\sourcemod\scripting\l4d2_scav_fix_nm5.sp::ScavTimerH
L 12/29/2022 - 15:40:49: [SM] Unable to load plugin "Welcome.smx": Could not find required plugin "l4d2_playtime_interface"
L 12/29/2022 - 15:40:49: [SM] Unable to load plugin "l4d_fyzb_en_v20.smx": Could not find required plugin "readyup"
L 12/29/2022 - 15:41:07: Error log file session closed.
L 12/29/2022 - 15:41:23: SourceMod error session started
L 12/29/2022 - 15:41:23: Info (map "c8m5_rooftop") (file "/root/Steam/steamapps/common/Left 4 Dead 2 Dedicated Server/left4dead2/addons/sourcemod/logs/errors_20221229.log")
L 12/29/2022 - 15:41:23: [SM] Exception reported: Client 3 is not in game
L 12/29/2022 - 15:41:23: [SM] Blaming: optional/l4d2_scav_fix_nm5.smx
L 12/29/2022 - 15:41:23: [SM] Call stack trace:
L 12/29/2022 - 15:41:23: [SM]   [0] GetClientAbsOrigin
L 12/29/2022 - 15:41:23: [SM]   [1] Line 76, E:\DownLoading\sourcemod-1.11.0-git6826-windows\addons\sourcemod\scripting\l4d2_scav_fix_nm5.sp::FindMisplacedCans
L 12/29/2022 - 15:41:23: [SM]   [2] Line 53, E:\DownLoading\sourcemod-1.11.0-git6826-windows\addons\sourcemod\scripting\l4d2_scav_fix_nm5.sp::ScavTimerH
L 12/29/2022 - 15:41:38: [SM] Exception reported: Client 2 is not in game
L 12/29/2022 - 15:41:38: [SM] Blaming: optional/l4d2_scav_fix_nm5.smx
L 12/29/2022 - 15:41:38: [SM] Call stack trace:
L 12/29/2022 - 15:41:38: [SM]   [0] GetClientAbsOrigin
L 12/29/2022 - 15:41:38: [SM]   [1] Line 76, E:\DownLoading\sourcemod-1.11.0-git6826-windows\addons\sourcemod\scripting\l4d2_scav_fix_nm5.sp::FindMisplacedCans
L 12/29/2022 - 15:41:38: [SM]   [2] Line 53, E:\DownLoading\sourcemod-1.11.0-git6826-windows\addons\sourcemod\scripting\l4d2_scav_fix_nm5.sp::ScavTimerH
L 12/29/2022 - 15:41:53: [SM] Exception reported: Client 2 is not in game
L 12/29/2022 - 15:41:53: [SM] Blaming: optional/l4d2_scav_fix_nm5.smx
L 12/29/2022 - 15:41:53: [SM] Call stack trace:
L 12/29/2022 - 15:41:53: [SM]   [0] GetClientAbsOrigin
L 12/29/2022 - 15:41:53: [SM]   [1] Line 76, E:\DownLoading\sourcemod-1.11.0-git6826-windows\addons\sourcemod\scripting\l4d2_scav_fix_nm5.sp::FindMisplacedCans
L 12/29/2022 - 15:41:53: [SM]   [2] Line 53, E:\DownLoading\sourcemod-1.11.0-git6826-windows\addons\sourcemod\scripting\l4d2_scav_fix_nm5.sp::ScavTimerH
L 12/29/2022 - 15:42:08: [SM] Exception reported: Client 3 is not in game
L 12/29/2022 - 15:42:08: [SM] Blaming: optional/l4d2_scav_fix_nm5.smx
L 12/29/2022 - 15:42:08: [SM] Call stack trace:
L 12/29/2022 - 15:42:08: [SM]   [0] GetClientAbsOrigin
L 12/29/2022 - 15:42:08: [SM]   [1] Line 76, E:\DownLoading\sourcemod-1.11.0-git6826-windows\addons\sourcemod\scripting\l4d2_scav_fix_nm5.sp::FindMisplacedCans
L 12/29/2022 - 15:42:08: [SM]   [2] Line 53, E:\DownLoading\sourcemod-1.11.0-git6826-windows\addons\sourcemod\scripting\l4d2_scav_fix_nm5.sp::ScavTimerH
L 12/29/2022 - 15:42:23: [SM] Exception reported: Client 3 is not in game
L 12/29/2022 - 15:42:23: [SM] Blaming: optional/l4d2_scav_fix_nm5.smx
L 12/29/2022 - 15:42:23: [SM] Call stack trace:
L 12/29/2022 - 15:42:23: [SM]   [0] GetClientAbsOrigin
L 12/29/2022 - 15:42:23: [SM]   [1] Line 76, E:\DownLoading\sourcemod-1.11.0-git6826-windows\addons\sourcemod\scripting\l4d2_scav_fix_nm5.sp::FindMisplacedCans
L 12/29/2022 - 15:42:23: [SM]   [2] Line 53, E:\DownLoading\sourcemod-1.11.0-git6826-windows\addons\sourcemod\scripting\l4d2_scav_fix_nm5.sp::ScavTimerH
L 12/29/2022 - 15:42:38: [SM] Exception reported: Client 3 is not in game
L 12/29/2022 - 15:42:38: [SM] Blaming: optional/l4d2_scav_fix_nm5.smx
L 12/29/2022 - 15:42:38: [SM] Call stack trace:
L 12/29/2022 - 15:42:38: [SM]   [0] GetClientAbsOrigin
L 12/29/2022 - 15:42:38: [SM]   [1] Line 76, E:\DownLoading\sourcemod-1.11.0-git6826-windows\addons\sourcemod\scripting\l4d2_scav_fix_nm5.sp::FindMisplacedCans
L 12/29/2022 - 15:42:38: [SM]   [2] Line 53, E:\DownLoading\sourcemod-1.11.0-git6826-windows\addons\sourcemod\scripting\l4d2_scav_fix_nm5.sp::ScavTimerH
L 12/29/2022 - 15:42:53: [SM] Exception reported: Client 3 is not in game
L 12/29/2022 - 15:42:53: [SM] Blaming: optional/l4d2_scav_fix_nm5.smx
L 12/29/2022 - 15:42:53: [SM] Call stack trace:
L 12/29/2022 - 15:42:53: [SM]   [0] GetClientAbsOrigin
L 12/29/2022 - 15:42:53: [SM]   [1] Line 76, E:\DownLoading\sourcemod-1.11.0-git6826-windows\addons\sourcemod\scripting\l4d2_scav_fix_nm5.sp::FindMisplacedCans
L 12/29/2022 - 15:42:53: [SM]   [2] Line 53, E:\DownLoading\sourcemod-1.11.0-git6826-windows\addons\sourcemod\scripting\l4d2_scav_fix_nm5.sp::ScavTimerH
L 12/29/2022 - 15:43:08: [SM] Exception reported: Client 3 is not in game
L 12/29/2022 - 15:43:08: [SM] Blaming: optional/l4d2_scav_fix_nm5.smx
L 12/29/2022 - 15:43:08: [SM] Call stack trace:
L 12/29/2022 - 15:43:08: [SM]   [0] GetClientAbsOrigin
L 12/29/2022 - 15:43:08: [SM]   [1] Line 76, E:\DownLoading\sourcemod-1.11.0-git6826-windows\addons\sourcemod\scripting\l4d2_scav_fix_nm5.sp::FindMisplacedCans
L 12/29/2022 - 15:43:08: [SM]   [2] Line 53, E:\DownLoading\sourcemod-1.11.0-git6826-windows\addons\sourcemod\scripting\l4d2_scav_fix_nm5.sp::ScavTimerH
L 12/29/2022 - 15:43:18: [SM] Unable to load plugin "Welcome.smx": Could not find required plugin "l4d2_playtime_interface"
L 12/29/2022 - 15:43:18: [SM] Unable to load plugin "l4d_fyzb_en_v20.smx": Could not find required plugin "readyup"
L 12/29/2022 - 15:43:31: Error log file session closed.
L 12/29/2022 - 15:43:47: SourceMod error session started
L 12/29/2022 - 15:43:47: Info (map "c8m5_rooftop") (file "/root/Steam/steamapps/common/Left 4 Dead 2 Dedicated Server/left4dead2/addons/sourcemod/logs/errors_20221229.log")
L 12/29/2022 - 15:43:47: [SM] Exception reported: Client 2 is not in game
L 12/29/2022 - 15:43:47: [SM] Blaming: optional/l4d2_scav_fix_nm5.smx
L 12/29/2022 - 15:43:47: [SM] Call stack trace:
L 12/29/2022 - 15:43:47: [SM]   [0] GetClientAbsOrigin
L 12/29/2022 - 15:43:47: [SM]   [1] Line 76, E:\DownLoading\sourcemod-1.11.0-git6826-windows\addons\sourcemod\scripting\l4d2_scav_fix_nm5.sp::FindMisplacedCans
L 12/29/2022 - 15:43:47: [SM]   [2] Line 53, E:\DownLoading\sourcemod-1.11.0-git6826-windows\addons\sourcemod\scripting\l4d2_scav_fix_nm5.sp::ScavTimerH
L 12/29/2022 - 15:44:02: [SM] Exception reported: Client 6 is not in game
L 12/29/2022 - 15:44:02: [SM] Blaming: optional/l4d2_scav_fix_nm5.smx
L 12/29/2022 - 15:44:02: [SM] Call stack trace:
L 12/29/2022 - 15:44:02: [SM]   [0] GetClientAbsOrigin
L 12/29/2022 - 15:44:02: [SM]   [1] Line 76, E:\DownLoading\sourcemod-1.11.0-git6826-windows\addons\sourcemod\scripting\l4d2_scav_fix_nm5.sp::FindMisplacedCans
L 12/29/2022 - 15:44:02: [SM]   [2] Line 53, E:\DownLoading\sourcemod-1.11.0-git6826-windows\addons\sourcemod\scripting\l4d2_scav_fix_nm5.sp::ScavTimerH
L 12/29/2022 - 15:44:17: [SM] Exception reported: Client 2 is not in game
L 12/29/2022 - 15:44:17: [SM] Blaming: optional/l4d2_scav_fix_nm5.smx
L 12/29/2022 - 15:44:17: [SM] Call stack trace:
L 12/29/2022 - 15:44:17: [SM]   [0] GetClientAbsOrigin
L 12/29/2022 - 15:44:17: [SM]   [1] Line 76, E:\DownLoading\sourcemod-1.11.0-git6826-windows\addons\sourcemod\scripting\l4d2_scav_fix_nm5.sp::FindMisplacedCans
L 12/29/2022 - 15:44:17: [SM]   [2] Line 53, E:\DownLoading\sourcemod-1.11.0-git6826-windows\addons\sourcemod\scripting\l4d2_scav_fix_nm5.sp::ScavTimerH
L 12/29/2022 - 15:44:32: [SM] Exception reported: Client 2 is not in game
L 12/29/2022 - 15:44:32: [SM] Blaming: optional/l4d2_scav_fix_nm5.smx
L 12/29/2022 - 15:44:32: [SM] Call stack trace:
L 12/29/2022 - 15:44:32: [SM]   [0] GetClientAbsOrigin
L 12/29/2022 - 15:44:32: [SM]   [1] Line 76, E:\DownLoading\sourcemod-1.11.0-git6826-windows\addons\sourcemod\scripting\l4d2_scav_fix_nm5.sp::FindMisplacedCans
L 12/29/2022 - 15:44:32: [SM]   [2] Line 53, E:\DownLoading\sourcemod-1.11.0-git6826-windows\addons\sourcemod\scripting\l4d2_scav_fix_nm5.sp::ScavTimerH
L 12/29/2022 - 15:44:47: [SM] Exception reported: Client 2 is not in game
L 12/29/2022 - 15:44:47: [SM] Blaming: optional/l4d2_scav_fix_nm5.smx
L 12/29/2022 - 15:44:47: [SM] Call stack trace:
L 12/29/2022 - 15:44:47: [SM]   [0] GetClientAbsOrigin
L 12/29/2022 - 15:44:47: [SM]   [1] Line 76, E:\DownLoading\sourcemod-1.11.0-git6826-windows\addons\sourcemod\scripting\l4d2_scav_fix_nm5.sp::FindMisplacedCans
L 12/29/2022 - 15:44:47: [SM]   [2] Line 53, E:\DownLoading\sourcemod-1.11.0-git6826-windows\addons\sourcemod\scripting\l4d2_scav_fix_nm5.sp::ScavTimerH
L 12/29/2022 - 15:45:02: [SM] Exception reported: Client 2 is not in game
L 12/29/2022 - 15:45:02: [SM] Blaming: optional/l4d2_scav_fix_nm5.smx
L 12/29/2022 - 15:45:02: [SM] Call stack trace:
L 12/29/2022 - 15:45:02: [SM]   [0] GetClientAbsOrigin
L 12/29/2022 - 15:45:02: [SM]   [1] Line 76, E:\DownLoading\sourcemod-1.11.0-git6826-windows\addons\sourcemod\scripting\l4d2_scav_fix_nm5.sp::FindMisplacedCans
L 12/29/2022 - 15:45:02: [SM]   [2] Line 53, E:\DownLoading\sourcemod-1.11.0-git6826-windows\addons\sourcemod\scripting\l4d2_scav_fix_nm5.sp::ScavTimerH
L 12/29/2022 - 15:45:17: [SM] Exception reported: Client 2 is not in game
L 12/29/2022 - 15:45:17: [SM] Blaming: optional/l4d2_scav_fix_nm5.smx
L 12/29/2022 - 15:45:17: [SM] Call stack trace:
L 12/29/2022 - 15:45:17: [SM]   [0] GetClientAbsOrigin
L 12/29/2022 - 15:45:17: [SM]   [1] Line 76, E:\DownLoading\sourcemod-1.11.0-git6826-windows\addons\sourcemod\scripting\l4d2_scav_fix_nm5.sp::FindMisplacedCans
L 12/29/2022 - 15:45:17: [SM]   [2] Line 53, E:\DownLoading\sourcemod-1.11.0-git6826-windows\addons\sourcemod\scripting\l4d2_scav_fix_nm5.sp::ScavTimerH
L 12/29/2022 - 15:45:32: [SM] Exception reported: Client 2 is not in game
L 12/29/2022 - 15:45:32: [SM] Blaming: optional/l4d2_scav_fix_nm5.smx
L 12/29/2022 - 15:45:32: [SM] Call stack trace:
L 12/29/2022 - 15:45:32: [SM]   [0] GetClientAbsOrigin
L 12/29/2022 - 15:45:32: [SM]   [1] Line 76, E:\DownLoading\sourcemod-1.11.0-git6826-windows\addons\sourcemod\scripting\l4d2_scav_fix_nm5.sp::FindMisplacedCans
L 12/29/2022 - 15:45:32: [SM]   [2] Line 53, E:\DownLoading\sourcemod-1.11.0-git6826-windows\addons\sourcemod\scripting\l4d2_scav_fix_nm5.sp::ScavTimerH
L 12/29/2022 - 15:45:47: [SM] Exception reported: Client 2 is not in game
L 12/29/2022 - 15:45:47: [SM] Blaming: optional/l4d2_scav_fix_nm5.smx
L 12/29/2022 - 15:45:47: [SM] Call stack trace:
L 12/29/2022 - 15:45:47: [SM]   [0] GetClientAbsOrigin
L 12/29/2022 - 15:45:47: [SM]   [1] Line 76, E:\DownLoading\sourcemod-1.11.0-git6826-windows\addons\sourcemod\scripting\l4d2_scav_fix_nm5.sp::FindMisplacedCans
L 12/29/2022 - 15:45:47: [SM]   [2] Line 53, E:\DownLoading\sourcemod-1.11.0-git6826-windows\addons\sourcemod\scripting\l4d2_scav_fix_nm5.sp::ScavTimerH
L 12/29/2022 - 15:46:02: [SM] Exception reported: Client 2 is not in game
L 12/29/2022 - 15:46:02: [SM] Blaming: optional/l4d2_scav_fix_nm5.smx
L 12/29/2022 - 15:46:02: [SM] Call stack trace:
L 12/29/2022 - 15:46:02: [SM]   [0] GetClientAbsOrigin
L 12/29/2022 - 15:46:02: [SM]   [1] Line 76, E:\DownLoading\sourcemod-1.11.0-git6826-windows\addons\sourcemod\scripting\l4d2_scav_fix_nm5.sp::FindMisplacedCans
L 12/29/2022 - 15:46:02: [SM]   [2] Line 53, E:\DownLoading\sourcemod-1.11.0-git6826-windows\addons\sourcemod\scripting\l4d2_scav_fix_nm5.sp::ScavTimerH
L 12/29/2022 - 15:46:17: [SM] Exception reported: Client 2 is not in game
L 12/29/2022 - 15:46:17: [SM] Blaming: optional/l4d2_scav_fix_nm5.smx
L 12/29/2022 - 15:46:17: [SM] Call stack trace:
L 12/29/2022 - 15:46:17: [SM]   [0] GetClientAbsOrigin
L 12/29/2022 - 15:46:17: [SM]   [1] Line 76, E:\DownLoading\sourcemod-1.11.0-git6826-windows\addons\sourcemod\scripting\l4d2_scav_fix_nm5.sp::FindMisplacedCans
L 12/29/2022 - 15:46:17: [SM]   [2] Line 53, E:\DownLoading\sourcemod-1.11.0-git6826-windows\addons\sourcemod\scripting\l4d2_scav_fix_nm5.sp::ScavTimerH
L 12/29/2022 - 15:46:32: [SM] Exception reported: Client 2 is not in game
L 12/29/2022 - 15:46:32: [SM] Blaming: optional/l4d2_scav_fix_nm5.smx
L 12/29/2022 - 15:46:32: [SM] Call stack trace:
L 12/29/2022 - 15:46:32: [SM]   [0] GetClientAbsOrigin
L 12/29/2022 - 15:46:32: [SM]   [1] Line 76, E:\DownLoading\sourcemod-1.11.0-git6826-windows\addons\sourcemod\scripting\l4d2_scav_fix_nm5.sp::FindMisplacedCans
L 12/29/2022 - 15:46:32: [SM]   [2] Line 53, E:\DownLoading\sourcemod-1.11.0-git6826-windows\addons\sourcemod\scripting\l4d2_scav_fix_nm5.sp::ScavTimerH
L 12/29/2022 - 15:46:47: [SM] Exception reported: Client 3 is not in game
L 12/29/2022 - 15:46:47: [SM] Blaming: optional/l4d2_scav_fix_nm5.smx
L 12/29/2022 - 15:46:47: [SM] Call stack trace:
L 12/29/2022 - 15:46:47: [SM]   [0] GetClientAbsOrigin
L 12/29/2022 - 15:46:47: [SM]   [1] Line 76, E:\DownLoading\sourcemod-1.11.0-git6826-windows\addons\sourcemod\scripting\l4d2_scav_fix_nm5.sp::FindMisplacedCans
L 12/29/2022 - 15:46:47: [SM]   [2] Line 53, E:\DownLoading\sourcemod-1.11.0-git6826-windows\addons\sourcemod\scripting\l4d2_scav_fix_nm5.sp::ScavTimerH
L 12/29/2022 - 15:47:02: [SM] Exception reported: Client 2 is not in game
L 12/29/2022 - 15:47:02: [SM] Blaming: optional/l4d2_scav_fix_nm5.smx
L 12/29/2022 - 15:47:02: [SM] Call stack trace:
L 12/29/2022 - 15:47:02: [SM]   [0] GetClientAbsOrigin
L 12/29/2022 - 15:47:02: [SM]   [1] Line 76, E:\DownLoading\sourcemod-1.11.0-git6826-windows\addons\sourcemod\scripting\l4d2_scav_fix_nm5.sp::FindMisplacedCans
L 12/29/2022 - 15:47:02: [SM]   [2] Line 53, E:\DownLoading\sourcemod-1.11.0-git6826-windows\addons\sourcemod\scripting\l4d2_scav_fix_nm5.sp::ScavTimerH
L 12/29/2022 - 15:47:17: [SM] Exception reported: Client 2 is not in game
L 12/29/2022 - 15:47:17: [SM] Blaming: optional/l4d2_scav_fix_nm5.smx
L 12/29/2022 - 15:47:17: [SM] Call stack trace:
L 12/29/2022 - 15:47:17: [SM]   [0] GetClientAbsOrigin
L 12/29/2022 - 15:47:17: [SM]   [1] Line 76, E:\DownLoading\sourcemod-1.11.0-git6826-windows\addons\sourcemod\scripting\l4d2_scav_fix_nm5.sp::FindMisplacedCans
L 12/29/2022 - 15:47:17: [SM]   [2] Line 53, E:\DownLoading\sourcemod-1.11.0-git6826-windows\addons\sourcemod\scripting\l4d2_scav_fix_nm5.sp::ScavTimerH
L 12/29/2022 - 15:47:32: [SM] Exception reported: Client 2 is not in game
L 12/29/2022 - 15:47:32: [SM] Blaming: optional/l4d2_scav_fix_nm5.smx
L 12/29/2022 - 15:47:32: [SM] Call stack trace:
L 12/29/2022 - 15:47:32: [SM]   [0] GetClientAbsOrigin
L 12/29/2022 - 15:47:32: [SM]   [1] Line 76, E:\DownLoading\sourcemod-1.11.0-git6826-windows\addons\sourcemod\scripting\l4d2_scav_fix_nm5.sp::FindMisplacedCans
L 12/29/2022 - 15:47:32: [SM]   [2] Line 53, E:\DownLoading\sourcemod-1.11.0-git6826-windows\addons\sourcemod\scripting\l4d2_scav_fix_nm5.sp::ScavTimerH
L 12/29/2022 - 15:47:47: [SM] Exception reported: Client 2 is not in game
L 12/29/2022 - 15:47:47: [SM] Blaming: optional/l4d2_scav_fix_nm5.smx
L 12/29/2022 - 15:47:47: [SM] Call stack trace:
L 12/29/2022 - 15:47:47: [SM]   [0] GetClientAbsOrigin
L 12/29/2022 - 15:47:47: [SM]   [1] Line 76, E:\DownLoading\sourcemod-1.11.0-git6826-windows\addons\sourcemod\scripting\l4d2_scav_fix_nm5.sp::FindMisplacedCans
L 12/29/2022 - 15:47:47: [SM]   [2] Line 53, E:\DownLoading\sourcemod-1.11.0-git6826-windows\addons\sourcemod\scripting\l4d2_scav_fix_nm5.sp::ScavTimerH
L 12/29/2022 - 15:48:02: [SM] Exception reported: Client 2 is not in game
L 12/29/2022 - 15:48:02: [SM] Blaming: optional/l4d2_scav_fix_nm5.smx
L 12/29/2022 - 15:48:02: [SM] Call stack trace:
L 12/29/2022 - 15:48:02: [SM]   [0] GetClientAbsOrigin
L 12/29/2022 - 15:48:02: [SM]   [1] Line 76, E:\DownLoading\sourcemod-1.11.0-git6826-windows\addons\sourcemod\scripting\l4d2_scav_fix_nm5.sp::FindMisplacedCans
L 12/29/2022 - 15:48:02: [SM]   [2] Line 53, E:\DownLoading\sourcemod-1.11.0-git6826-windows\addons\sourcemod\scripting\l4d2_scav_fix_nm5.sp::ScavTimerH
L 12/29/2022 - 15:48:17: [SM] Exception reported: Client 2 is not in game
L 12/29/2022 - 15:48:17: [SM] Blaming: optional/l4d2_scav_fix_nm5.smx
L 12/29/2022 - 15:48:17: [SM] Call stack trace:
L 12/29/2022 - 15:48:17: [SM]   [0] GetClientAbsOrigin
L 12/29/2022 - 15:48:17: [SM]   [1] Line 76, E:\DownLoading\sourcemod-1.11.0-git6826-windows\addons\sourcemod\scripting\l4d2_scav_fix_nm5.sp::FindMisplacedCans
L 12/29/2022 - 15:48:17: [SM]   [2] Line 53, E:\DownLoading\sourcemod-1.11.0-git6826-windows\addons\sourcemod\scripting\l4d2_scav_fix_nm5.sp::ScavTimerH
L 12/29/2022 - 15:48:32: [SM] Exception reported: Client 2 is not in game
L 12/29/2022 - 15:48:32: [SM] Blaming: optional/l4d2_scav_fix_nm5.smx
L 12/29/2022 - 15:48:32: [SM] Call stack trace:
L 12/29/2022 - 15:48:32: [SM]   [0] GetClientAbsOrigin
L 12/29/2022 - 15:48:32: [SM]   [1] Line 76, E:\DownLoading\sourcemod-1.11.0-git6826-windows\addons\sourcemod\scripting\l4d2_scav_fix_nm5.sp::FindMisplacedCans
L 12/29/2022 - 15:48:32: [SM]   [2] Line 53, E:\DownLoading\sourcemod-1.11.0-git6826-windows\addons\sourcemod\scripting\l4d2_scav_fix_nm5.sp::ScavTimerH
L 12/29/2022 - 15:48:47: [SM] Exception reported: Client 2 is not in game
L 12/29/2022 - 15:48:47: [SM] Blaming: optional/l4d2_scav_fix_nm5.smx
L 12/29/2022 - 15:48:47: [SM] Call stack trace:
L 12/29/2022 - 15:48:47: [SM]   [0] GetClientAbsOrigin
L 12/29/2022 - 15:48:47: [SM]   [1] Line 76, E:\DownLoading\sourcemod-1.11.0-git6826-windows\addons\sourcemod\scripting\l4d2_scav_fix_nm5.sp::FindMisplacedCans
L 12/29/2022 - 15:48:47: [SM]   [2] Line 53, E:\DownLoading\sourcemod-1.11.0-git6826-windows\addons\sourcemod\scripting\l4d2_scav_fix_nm5.sp::ScavTimerH
L 12/29/2022 - 15:49:02: [SM] Exception reported: Client 2 is not in game
L 12/29/2022 - 15:49:02: [SM] Blaming: optional/l4d2_scav_fix_nm5.smx
L 12/29/2022 - 15:49:02: [SM] Call stack trace:
L 12/29/2022 - 15:49:02: [SM]   [0] GetClientAbsOrigin
L 12/29/2022 - 15:49:02: [SM]   [1] Line 76, E:\DownLoading\sourcemod-1.11.0-git6826-windows\addons\sourcemod\scripting\l4d2_scav_fix_nm5.sp::FindMisplacedCans
L 12/29/2022 - 15:49:02: [SM]   [2] Line 53, E:\DownLoading\sourcemod-1.11.0-git6826-windows\addons\sourcemod\scripting\l4d2_scav_fix_nm5.sp::ScavTimerH
L 12/29/2022 - 15:49:17: [SM] Exception reported: Client 2 is not in game
L 12/29/2022 - 15:49:17: [SM] Blaming: optional/l4d2_scav_fix_nm5.smx
L 12/29/2022 - 15:49:17: [SM] Call stack trace:
L 12/29/2022 - 15:49:17: [SM]   [0] GetClientAbsOrigin
L 12/29/2022 - 15:49:17: [SM]   [1] Line 76, E:\DownLoading\sourcemod-1.11.0-git6826-windows\addons\sourcemod\scripting\l4d2_scav_fix_nm5.sp::FindMisplacedCans
L 12/29/2022 - 15:49:17: [SM]   [2] Line 53, E:\DownLoading\sourcemod-1.11.0-git6826-windows\addons\sourcemod\scripting\l4d2_scav_fix_nm5.sp::ScavTimerH
L 12/29/2022 - 15:49:32: [SM] Exception reported: Client 2 is not in game
L 12/29/2022 - 15:49:32: [SM] Blaming: optional/l4d2_scav_fix_nm5.smx
L 12/29/2022 - 15:49:32: [SM] Call stack trace:
L 12/29/2022 - 15:49:32: [SM]   [0] GetClientAbsOrigin
L 12/29/2022 - 15:49:32: [SM]   [1] Line 76, E:\DownLoading\sourcemod-1.11.0-git6826-windows\addons\sourcemod\scripting\l4d2_scav_fix_nm5.sp::FindMisplacedCans
L 12/29/2022 - 15:49:32: [SM]   [2] Line 53, E:\DownLoading\sourcemod-1.11.0-git6826-windows\addons\sourcemod\scripting\l4d2_scav_fix_nm5.sp::ScavTimerH
L 12/29/2022 - 15:49:47: [SM] Exception reported: Client 2 is not in game
L 12/29/2022 - 15:49:47: [SM] Blaming: optional/l4d2_scav_fix_nm5.smx
L 12/29/2022 - 15:49:47: [SM] Call stack trace:
L 12/29/2022 - 15:49:47: [SM]   [0] GetClientAbsOrigin
L 12/29/2022 - 15:49:47: [SM]   [1] Line 76, E:\DownLoading\sourcemod-1.11.0-git6826-windows\addons\sourcemod\scripting\l4d2_scav_fix_nm5.sp::FindMisplacedCans
L 12/29/2022 - 15:49:47: [SM]   [2] Line 53, E:\DownLoading\sourcemod-1.11.0-git6826-windows\addons\sourcemod\scripting\l4d2_scav_fix_nm5.sp::ScavTimerH
L 12/29/2022 - 15:50:03: [SM] Exception reported: Client 6 is not in game
L 12/29/2022 - 15:50:03: [SM] Blaming: optional/l4d2_scav_fix_nm5.smx
L 12/29/2022 - 15:50:03: [SM] Call stack trace:
L 12/29/2022 - 15:50:03: [SM]   [0] GetClientAbsOrigin
L 12/29/2022 - 15:50:03: [SM]   [1] Line 76, E:\DownLoading\sourcemod-1.11.0-git6826-windows\addons\sourcemod\scripting\l4d2_scav_fix_nm5.sp::FindMisplacedCans
L 12/29/2022 - 15:50:03: [SM]   [2] Line 53, E:\DownLoading\sourcemod-1.11.0-git6826-windows\addons\sourcemod\scripting\l4d2_scav_fix_nm5.sp::ScavTimerH
L 12/29/2022 - 15:50:10: Error log file session closed.
L 12/29/2022 - 15:56:29: SourceMod error session started
L 12/29/2022 - 15:56:29: Info (map "c2m1_highway") (file "/root/Steam/steamapps/common/Left 4 Dead 2 Dedicated Server/left4dead2/addons/sourcemod/logs/errors_20221229.log")
L 12/29/2022 - 15:56:29: [SM] Unable to load plugin "Welcome.smx": Could not find required plugin "l4d2_playtime_interface"
L 12/29/2022 - 15:56:29: [SM] Unable to load plugin "l4d_fyzb_en_v20.smx": Could not find required plugin "readyup"
L 12/29/2022 - 17:23:13: SourceMod error session started
L 12/29/2022 - 17:23:13: Info (map "c2m1_highway") (file "/root/Steam/steamapps/common/Left 4 Dead 2 Dedicated Server/left4dead2/addons/sourcemod/logs/errors_20221229.log")
L 12/29/2022 - 17:23:13: [SM] Unable to load plugin "Welcome.smx": Could not find required plugin "l4d2_playtime_interface"
L 12/29/2022 - 17:23:13: [SM] Unable to load plugin "l4d_fyzb_en_v20.smx": Could not find required plugin "readyup"
L 12/29/2022 - 17:24:19: Error log file session closed.
L 12/29/2022 - 17:25:03: SourceMod error session started
L 12/29/2022 - 17:25:03: Info (map "c8m5_rooftop") (file "/root/Steam/steamapps/common/Left 4 Dead 2 Dedicated Server/left4dead2/addons/sourcemod/logs/errors_20221229.log")
L 12/29/2022 - 17:25:03: [SM] Exception reported: Client 5 is not in game
L 12/29/2022 - 17:25:03: [SM] Blaming: optional/l4d2_scav_fix_nm5.smx
L 12/29/2022 - 17:25:03: [SM] Call stack trace:
L 12/29/2022 - 17:25:03: [SM]   [0] GetClientAbsOrigin
L 12/29/2022 - 17:25:03: [SM]   [1] Line 76, E:\DownLoading\sourcemod-1.11.0-git6826-windows\addons\sourcemod\scripting\l4d2_scav_fix_nm5.sp::FindMisplacedCans
L 12/29/2022 - 17:25:03: [SM]   [2] Line 53, E:\DownLoading\sourcemod-1.11.0-git6826-windows\addons\sourcemod\scripting\l4d2_scav_fix_nm5.sp::ScavTimerH
L 12/29/2022 - 17:25:18: [SM] Exception reported: Client 5 is not in game
L 12/29/2022 - 17:25:18: [SM] Blaming: optional/l4d2_scav_fix_nm5.smx
L 12/29/2022 - 17:25:18: [SM] Call stack trace:
L 12/29/2022 - 17:25:18: [SM]   [0] GetClientAbsOrigin
L 12/29/2022 - 17:25:18: [SM]   [1] Line 76, E:\DownLoading\sourcemod-1.11.0-git6826-windows\addons\sourcemod\scripting\l4d2_scav_fix_nm5.sp::FindMisplacedCans
L 12/29/2022 - 17:25:18: [SM]   [2] Line 53, E:\DownLoading\sourcemod-1.11.0-git6826-windows\addons\sourcemod\scripting\l4d2_scav_fix_nm5.sp::ScavTimerH
L 12/29/2022 - 17:25:33: [SM] Exception reported: Client 5 is not in game
L 12/29/2022 - 17:25:33: [SM] Blaming: optional/l4d2_scav_fix_nm5.smx
L 12/29/2022 - 17:25:33: [SM] Call stack trace:
L 12/29/2022 - 17:25:33: [SM]   [0] GetClientAbsOrigin
L 12/29/2022 - 17:25:33: [SM]   [1] Line 76, E:\DownLoading\sourcemod-1.11.0-git6826-windows\addons\sourcemod\scripting\l4d2_scav_fix_nm5.sp::FindMisplacedCans
L 12/29/2022 - 17:25:33: [SM]   [2] Line 53, E:\DownLoading\sourcemod-1.11.0-git6826-windows\addons\sourcemod\scripting\l4d2_scav_fix_nm5.sp::ScavTimerH
L 12/29/2022 - 17:25:48: [SM] Exception reported: Client 5 is not in game
L 12/29/2022 - 17:25:48: [SM] Blaming: optional/l4d2_scav_fix_nm5.smx
L 12/29/2022 - 17:25:48: [SM] Call stack trace:
L 12/29/2022 - 17:25:48: [SM]   [0] GetClientAbsOrigin
L 12/29/2022 - 17:25:48: [SM]   [1] Line 76, E:\DownLoading\sourcemod-1.11.0-git6826-windows\addons\sourcemod\scripting\l4d2_scav_fix_nm5.sp::FindMisplacedCans
L 12/29/2022 - 17:25:48: [SM]   [2] Line 53, E:\DownLoading\sourcemod-1.11.0-git6826-windows\addons\sourcemod\scripting\l4d2_scav_fix_nm5.sp::ScavTimerH
L 12/29/2022 - 17:26:03: [SM] Exception reported: Client 5 is not in game
L 12/29/2022 - 17:26:03: [SM] Blaming: optional/l4d2_scav_fix_nm5.smx
L 12/29/2022 - 17:26:03: [SM] Call stack trace:
L 12/29/2022 - 17:26:03: [SM]   [0] GetClientAbsOrigin
L 12/29/2022 - 17:26:03: [SM]   [1] Line 76, E:\DownLoading\sourcemod-1.11.0-git6826-windows\addons\sourcemod\scripting\l4d2_scav_fix_nm5.sp::FindMisplacedCans
L 12/29/2022 - 17:26:03: [SM]   [2] Line 53, E:\DownLoading\sourcemod-1.11.0-git6826-windows\addons\sourcemod\scripting\l4d2_scav_fix_nm5.sp::ScavTimerH
L 12/29/2022 - 17:26:16: [SM] Unable to load plugin "Welcome.smx": Could not find required plugin "l4d2_playtime_interface"
L 12/29/2022 - 17:26:16: [SM] Unable to load plugin "l4d_fyzb_en_v20.smx": Could not find required plugin "readyup"
L 12/29/2022 - 17:27:14: Error log file session closed.
L 12/29/2022 - 17:27:31: SourceMod error session started
L 12/29/2022 - 17:27:31: Info (map "c8m5_rooftop") (file "/root/Steam/steamapps/common/Left 4 Dead 2 Dedicated Server/left4dead2/addons/sourcemod/logs/errors_20221229.log")
L 12/29/2022 - 17:27:31: [SM] Exception reported: Client 2 is not in game
L 12/29/2022 - 17:27:31: [SM] Blaming: optional/l4d2_scav_fix_nm5.smx
L 12/29/2022 - 17:27:31: [SM] Call stack trace:
L 12/29/2022 - 17:27:31: [SM]   [0] GetClientAbsOrigin
L 12/29/2022 - 17:27:31: [SM]   [1] Line 76, E:\DownLoading\sourcemod-1.11.0-git6826-windows\addons\sourcemod\scripting\l4d2_scav_fix_nm5.sp::FindMisplacedCans
L 12/29/2022 - 17:27:31: [SM]   [2] Line 53, E:\DownLoading\sourcemod-1.11.0-git6826-windows\addons\sourcemod\scripting\l4d2_scav_fix_nm5.sp::ScavTimerH
L 12/29/2022 - 17:27:46: [SM] Exception reported: Client 2 is not in game
L 12/29/2022 - 17:27:46: [SM] Blaming: optional/l4d2_scav_fix_nm5.smx
L 12/29/2022 - 17:27:46: [SM] Call stack trace:
L 12/29/2022 - 17:27:46: [SM]   [0] GetClientAbsOrigin
L 12/29/2022 - 17:27:46: [SM]   [1] Line 76, E:\DownLoading\sourcemod-1.11.0-git6826-windows\addons\sourcemod\scripting\l4d2_scav_fix_nm5.sp::FindMisplacedCans
L 12/29/2022 - 17:27:46: [SM]   [2] Line 53, E:\DownLoading\sourcemod-1.11.0-git6826-windows\addons\sourcemod\scripting\l4d2_scav_fix_nm5.sp::ScavTimerH
L 12/29/2022 - 17:28:01: [SM] Exception reported: Client 2 is not in game
L 12/29/2022 - 17:28:01: [SM] Blaming: optional/l4d2_scav_fix_nm5.smx
L 12/29/2022 - 17:28:01: [SM] Call stack trace:
L 12/29/2022 - 17:28:01: [SM]   [0] GetClientAbsOrigin
L 12/29/2022 - 17:28:01: [SM]   [1] Line 76, E:\DownLoading\sourcemod-1.11.0-git6826-windows\addons\sourcemod\scripting\l4d2_scav_fix_nm5.sp::FindMisplacedCans
L 12/29/2022 - 17:28:01: [SM]   [2] Line 53, E:\DownLoading\sourcemod-1.11.0-git6826-windows\addons\sourcemod\scripting\l4d2_scav_fix_nm5.sp::ScavTimerH
L 12/29/2022 - 17:28:16: [SM] Exception reported: Client 2 is not in game
L 12/29/2022 - 17:28:16: [SM] Blaming: optional/l4d2_scav_fix_nm5.smx
L 12/29/2022 - 17:28:16: [SM] Call stack trace:
L 12/29/2022 - 17:28:16: [SM]   [0] GetClientAbsOrigin
L 12/29/2022 - 17:28:16: [SM]   [1] Line 76, E:\DownLoading\sourcemod-1.11.0-git6826-windows\addons\sourcemod\scripting\l4d2_scav_fix_nm5.sp::FindMisplacedCans
L 12/29/2022 - 17:28:16: [SM]   [2] Line 53, E:\DownLoading\sourcemod-1.11.0-git6826-windows\addons\sourcemod\scripting\l4d2_scav_fix_nm5.sp::ScavTimerH
L 12/29/2022 - 17:28:31: [SM] Exception reported: Client 2 is not in game
L 12/29/2022 - 17:28:31: [SM] Blaming: optional/l4d2_scav_fix_nm5.smx
L 12/29/2022 - 17:28:31: [SM] Call stack trace:
L 12/29/2022 - 17:28:31: [SM]   [0] GetClientAbsOrigin
L 12/29/2022 - 17:28:31: [SM]   [1] Line 76, E:\DownLoading\sourcemod-1.11.0-git6826-windows\addons\sourcemod\scripting\l4d2_scav_fix_nm5.sp::FindMisplacedCans
L 12/29/2022 - 17:28:31: [SM]   [2] Line 53, E:\DownLoading\sourcemod-1.11.0-git6826-windows\addons\sourcemod\scripting\l4d2_scav_fix_nm5.sp::ScavTimerH
L 12/29/2022 - 17:28:46: [SM] Exception reported: Client 2 is not in game
L 12/29/2022 - 17:28:46: [SM] Blaming: optional/l4d2_scav_fix_nm5.smx
L 12/29/2022 - 17:28:46: [SM] Call stack trace:
L 12/29/2022 - 17:28:46: [SM]   [0] GetClientAbsOrigin
L 12/29/2022 - 17:28:46: [SM]   [1] Line 76, E:\DownLoading\sourcemod-1.11.0-git6826-windows\addons\sourcemod\scripting\l4d2_scav_fix_nm5.sp::FindMisplacedCans
L 12/29/2022 - 17:28:46: [SM]   [2] Line 53, E:\DownLoading\sourcemod-1.11.0-git6826-windows\addons\sourcemod\scripting\l4d2_scav_fix_nm5.sp::ScavTimerH
L 12/29/2022 - 17:28:47: [SM] Unable to load plugin "Welcome.smx": Could not find required plugin "l4d2_playtime_interface"
L 12/29/2022 - 17:28:47: [SM] Unable to load plugin "l4d_fyzb_en_v20.smx": Could not find required plugin "readyup"
L 12/29/2022 - 17:29:00: Error log file session closed.
L 12/29/2022 - 17:29:17: SourceMod error session started
L 12/29/2022 - 17:29:17: Info (map "c8m5_rooftop") (file "/root/Steam/steamapps/common/Left 4 Dead 2 Dedicated Server/left4dead2/addons/sourcemod/logs/errors_20221229.log")
L 12/29/2022 - 17:29:17: [SM] Exception reported: Client 2 is not in game
L 12/29/2022 - 17:29:17: [SM] Blaming: optional/l4d2_scav_fix_nm5.smx
L 12/29/2022 - 17:29:17: [SM] Call stack trace:
L 12/29/2022 - 17:29:17: [SM]   [0] GetClientAbsOrigin
L 12/29/2022 - 17:29:17: [SM]   [1] Line 76, E:\DownLoading\sourcemod-1.11.0-git6826-windows\addons\sourcemod\scripting\l4d2_scav_fix_nm5.sp::FindMisplacedCans
L 12/29/2022 - 17:29:17: [SM]   [2] Line 53, E:\DownLoading\sourcemod-1.11.0-git6826-windows\addons\sourcemod\scripting\l4d2_scav_fix_nm5.sp::ScavTimerH
L 12/29/2022 - 17:29:32: [SM] Exception reported: Client 2 is not in game
L 12/29/2022 - 17:29:32: [SM] Blaming: optional/l4d2_scav_fix_nm5.smx
L 12/29/2022 - 17:29:32: [SM] Call stack trace:
L 12/29/2022 - 17:29:32: [SM]   [0] GetClientAbsOrigin
L 12/29/2022 - 17:29:32: [SM]   [1] Line 76, E:\DownLoading\sourcemod-1.11.0-git6826-windows\addons\sourcemod\scripting\l4d2_scav_fix_nm5.sp::FindMisplacedCans
L 12/29/2022 - 17:29:32: [SM]   [2] Line 53, E:\DownLoading\sourcemod-1.11.0-git6826-windows\addons\sourcemod\scripting\l4d2_scav_fix_nm5.sp::ScavTimerH
L 12/29/2022 - 17:29:47: [SM] Exception reported: Client 2 is not in game
L 12/29/2022 - 17:29:47: [SM] Blaming: optional/l4d2_scav_fix_nm5.smx
L 12/29/2022 - 17:29:47: [SM] Call stack trace:
L 12/29/2022 - 17:29:47: [SM]   [0] GetClientAbsOrigin
L 12/29/2022 - 17:29:47: [SM]   [1] Line 76, E:\DownLoading\sourcemod-1.11.0-git6826-windows\addons\sourcemod\scripting\l4d2_scav_fix_nm5.sp::FindMisplacedCans
L 12/29/2022 - 17:29:47: [SM]   [2] Line 53, E:\DownLoading\sourcemod-1.11.0-git6826-windows\addons\sourcemod\scripting\l4d2_scav_fix_nm5.sp::ScavTimerH
L 12/29/2022 - 17:30:02: [SM] Exception reported: Client 2 is not in game
L 12/29/2022 - 17:30:02: [SM] Blaming: optional/l4d2_scav_fix_nm5.smx
L 12/29/2022 - 17:30:02: [SM] Call stack trace:
L 12/29/2022 - 17:30:02: [SM]   [0] GetClientAbsOrigin
L 12/29/2022 - 17:30:02: [SM]   [1] Line 76, E:\DownLoading\sourcemod-1.11.0-git6826-windows\addons\sourcemod\scripting\l4d2_scav_fix_nm5.sp::FindMisplacedCans
L 12/29/2022 - 17:30:02: [SM]   [2] Line 53, E:\DownLoading\sourcemod-1.11.0-git6826-windows\addons\sourcemod\scripting\l4d2_scav_fix_nm5.sp::ScavTimerH
L 12/29/2022 - 17:30:17: [SM] Exception reported: Client 3 is not in game
L 12/29/2022 - 17:30:17: [SM] Blaming: optional/l4d2_scav_fix_nm5.smx
L 12/29/2022 - 17:30:17: [SM] Call stack trace:
L 12/29/2022 - 17:30:17: [SM]   [0] GetClientAbsOrigin
L 12/29/2022 - 17:30:17: [SM]   [1] Line 76, E:\DownLoading\sourcemod-1.11.0-git6826-windows\addons\sourcemod\scripting\l4d2_scav_fix_nm5.sp::FindMisplacedCans
L 12/29/2022 - 17:30:17: [SM]   [2] Line 53, E:\DownLoading\sourcemod-1.11.0-git6826-windows\addons\sourcemod\scripting\l4d2_scav_fix_nm5.sp::ScavTimerH
L 12/29/2022 - 17:30:32: [SM] Exception reported: Client 3 is not in game
L 12/29/2022 - 17:30:32: [SM] Blaming: optional/l4d2_scav_fix_nm5.smx
L 12/29/2022 - 17:30:32: [SM] Call stack trace:
L 12/29/2022 - 17:30:32: [SM]   [0] GetClientAbsOrigin
L 12/29/2022 - 17:30:32: [SM]   [1] Line 76, E:\DownLoading\sourcemod-1.11.0-git6826-windows\addons\sourcemod\scripting\l4d2_scav_fix_nm5.sp::FindMisplacedCans
L 12/29/2022 - 17:30:32: [SM]   [2] Line 53, E:\DownLoading\sourcemod-1.11.0-git6826-windows\addons\sourcemod\scripting\l4d2_scav_fix_nm5.sp::ScavTimerH
L 12/29/2022 - 17:30:47: [SM] Exception reported: Client 3 is not in game
L 12/29/2022 - 17:30:47: [SM] Blaming: optional/l4d2_scav_fix_nm5.smx
L 12/29/2022 - 17:30:47: [SM] Call stack trace:
L 12/29/2022 - 17:30:47: [SM]   [0] GetClientAbsOrigin
L 12/29/2022 - 17:30:47: [SM]   [1] Line 76, E:\DownLoading\sourcemod-1.11.0-git6826-windows\addons\sourcemod\scripting\l4d2_scav_fix_nm5.sp::FindMisplacedCans
L 12/29/2022 - 17:30:47: [SM]   [2] Line 53, E:\DownLoading\sourcemod-1.11.0-git6826-windows\addons\sourcemod\scripting\l4d2_scav_fix_nm5.sp::ScavTimerH
L 12/29/2022 - 17:31:10: SourceMod error session started
L 12/29/2022 - 17:31:10: Info (map "c2m1_highway") (file "/root/Steam/steamapps/common/Left 4 Dead 2 Dedicated Server/left4dead2/addons/sourcemod/logs/errors_20221229.log")
L 12/29/2022 - 17:31:10: [SM] Unable to load plugin "Welcome.smx": Could not find required plugin "l4d2_playtime_interface"
L 12/29/2022 - 17:31:10: [SM] Unable to load plugin "l4d_fyzb_en_v20.smx": Could not find required plugin "readyup"
L 12/29/2022 - 17:39:04: Error log file session closed.
L 12/29/2022 - 17:40:58: SourceMod error session started
L 12/29/2022 - 17:40:58: Info (map "c8m5_rooftop") (file "/root/Steam/steamapps/common/Left 4 Dead 2 Dedicated Server/left4dead2/addons/sourcemod/logs/errors_20221229.log")
L 12/29/2022 - 17:40:58: [SM] Exception reported: Client 5 is not in game
L 12/29/2022 - 17:40:58: [SM] Blaming: optional/l4d2_scav_fix_nm5.smx
L 12/29/2022 - 17:40:58: [SM] Call stack trace:
L 12/29/2022 - 17:40:58: [SM]   [0] GetClientAbsOrigin
L 12/29/2022 - 17:40:58: [SM]   [1] Line 76, E:\DownLoading\sourcemod-1.11.0-git6826-windows\addons\sourcemod\scripting\l4d2_scav_fix_nm5.sp::FindMisplacedCans
L 12/29/2022 - 17:40:58: [SM]   [2] Line 53, E:\DownLoading\sourcemod-1.11.0-git6826-windows\addons\sourcemod\scripting\l4d2_scav_fix_nm5.sp::ScavTimerH
L 12/29/2022 - 17:41:13: [SM] Exception reported: Client 5 is not in game
L 12/29/2022 - 17:41:13: [SM] Blaming: optional/l4d2_scav_fix_nm5.smx
L 12/29/2022 - 17:41:13: [SM] Call stack trace:
L 12/29/2022 - 17:41:13: [SM]   [0] GetClientAbsOrigin
L 12/29/2022 - 17:41:13: [SM]   [1] Line 76, E:\DownLoading\sourcemod-1.11.0-git6826-windows\addons\sourcemod\scripting\l4d2_scav_fix_nm5.sp::FindMisplacedCans
L 12/29/2022 - 17:41:13: [SM]   [2] Line 53, E:\DownLoading\sourcemod-1.11.0-git6826-windows\addons\sourcemod\scripting\l4d2_scav_fix_nm5.sp::ScavTimerH
L 12/29/2022 - 17:41:28: Error log file session closed.
L 12/29/2022 - 17:41:46: SourceMod error session started
L 12/29/2022 - 17:41:46: Info (map "hotel05_rooftop_two") (file "/root/Steam/steamapps/common/Left 4 Dead 2 Dedicated Server/left4dead2/addons/sourcemod/logs/errors_20221229.log")
L 12/29/2022 - 17:41:46: [SM] Exception reported: Element -2 is out of bounds (Prop m_iScavengeTeamScore has 10 elements).
L 12/29/2022 - 17:41:46: [SM] Blaming: optional/scavenge_quick_end.smx
L 12/29/2022 - 17:41:46: [SM] Call stack trace:
L 12/29/2022 - 17:41:46: [SM]   [0] GameRules_GetProp
L 12/29/2022 - 17:41:46: [SM]   [1] Line 157, /home/groups/alliedmodders/forums/files/7/1/5/3/3/102340.attach::GameRules_GetScavengeTeamScore
L 12/29/2022 - 17:41:46: [SM]   [2] Line 119, /home/groups/alliedmodders/forums/files/7/1/5/3/3/102340.attach::PrintRoundEndTimeData
L 12/29/2022 - 17:41:46: [SM]   [3] Line 69, /home/groups/alliedmodders/forums/files/7/1/5/3/3/102340.attach::RoundEnd
L 12/29/2022 - 17:41:46: [SM]   [5] SDKCall
L 12/29/2022 - 17:41:46: [SM]   [6] Line 1727, l4dd\l4dd_natives.sp::Native_CDirector_RestartScenarioFromVote
L 12/29/2022 - 17:41:46: [SM]   [8] L4D_RestartScenarioFromVote
L 12/29/2022 - 17:41:46: [SM]   [9] Line 612, E:\DownLoading\beifen\sourcemod-1.11.0-git6826-windows\addons\sourcemod\scripting\readyup2.sp::RestartCampaignAny1
L 12/29/2022 - 17:41:49: [SM] Exception reported: Element -1 is out of bounds (Prop m_iScavengeTeamScore has 10 elements).
L 12/29/2022 - 17:41:49: [SM] Blaming: optional/scavenge_quick_end.smx
L 12/29/2022 - 17:41:49: [SM] Call stack trace:
L 12/29/2022 - 17:41:49: [SM]   [0] GameRules_GetProp
L 12/29/2022 - 17:41:49: [SM]   [1] Line 157, /home/groups/alliedmodders/forums/files/7/1/5/3/3/102340.attach::GameRules_GetScavengeTeamScore
L 12/29/2022 - 17:41:49: [SM]   [2] Line 119, /home/groups/alliedmodders/forums/files/7/1/5/3/3/102340.attach::PrintRoundEndTimeData
L 12/29/2022 - 17:41:49: [SM]   [3] Line 69, /home/groups/alliedmodders/forums/files/7/1/5/3/3/102340.attach::RoundEnd
L 12/29/2022 - 17:41:49: [SM]   [5] SDKCall
L 12/29/2022 - 17:41:49: [SM]   [6] Line 1727, l4dd\l4dd_natives.sp::Native_CDirector_RestartScenarioFromVote
L 12/29/2022 - 17:41:49: [SM]   [8] L4D_RestartScenarioFromVote
L 12/29/2022 - 17:41:49: [SM]   [9] Line 624, E:\DownLoading\beifen\sourcemod-1.11.0-git6826-windows\addons\sourcemod\scripting\readyup2.sp::RestartCampaignAny2
L 12/29/2022 - 17:44:02: Error log file session closed.
L 12/29/2022 - 17:44:17: SourceMod error session started
L 12/29/2022 - 17:44:17: Info (map "nothinggonelast10") (file "/root/Steam/steamapps/common/Left 4 Dead 2 Dedicated Server/left4dead2/addons/sourcemod/logs/errors_20221229.log")
L 12/29/2022 - 17:44:17: [SM] Exception reported: Element -2 is out of bounds (Prop m_iScavengeTeamScore has 10 elements).
L 12/29/2022 - 17:44:17: [SM] Blaming: optional/scavenge_quick_end.smx
L 12/29/2022 - 17:44:17: [SM] Call stack trace:
L 12/29/2022 - 17:44:17: [SM]   [0] GameRules_GetProp
L 12/29/2022 - 17:44:17: [SM]   [1] Line 157, /home/groups/alliedmodders/forums/files/7/1/5/3/3/102340.attach::GameRules_GetScavengeTeamScore
L 12/29/2022 - 17:44:17: [SM]   [2] Line 119, /home/groups/alliedmodders/forums/files/7/1/5/3/3/102340.attach::PrintRoundEndTimeData
L 12/29/2022 - 17:44:17: [SM]   [3] Line 69, /home/groups/alliedmodders/forums/files/7/1/5/3/3/102340.attach::RoundEnd
L 12/29/2022 - 17:44:17: [SM]   [5] SDKCall
L 12/29/2022 - 17:44:17: [SM]   [6] Line 1727, l4dd\l4dd_natives.sp::Native_CDirector_RestartScenarioFromVote
L 12/29/2022 - 17:44:17: [SM]   [8] L4D_RestartScenarioFromVote
L 12/29/2022 - 17:44:17: [SM]   [9] Line 612, E:\DownLoading\beifen\sourcemod-1.11.0-git6826-windows\addons\sourcemod\scripting\readyup2.sp::RestartCampaignAny1
L 12/29/2022 - 17:44:19: [SM] Exception reported: Element -1 is out of bounds (Prop m_iScavengeTeamScore has 10 elements).
L 12/29/2022 - 17:44:19: [SM] Blaming: optional/scavenge_quick_end.smx
L 12/29/2022 - 17:44:19: [SM] Call stack trace:
L 12/29/2022 - 17:44:19: [SM]   [0] GameRules_GetProp
L 12/29/2022 - 17:44:19: [SM]   [1] Line 157, /home/groups/alliedmodders/forums/files/7/1/5/3/3/102340.attach::GameRules_GetScavengeTeamScore
L 12/29/2022 - 17:44:19: [SM]   [2] Line 119, /home/groups/alliedmodders/forums/files/7/1/5/3/3/102340.attach::PrintRoundEndTimeData
L 12/29/2022 - 17:44:19: [SM]   [3] Line 69, /home/groups/alliedmodders/forums/files/7/1/5/3/3/102340.attach::RoundEnd
L 12/29/2022 - 17:44:19: [SM]   [5] SDKCall
L 12/29/2022 - 17:44:19: [SM]   [6] Line 1727, l4dd\l4dd_natives.sp::Native_CDirector_RestartScenarioFromVote
L 12/29/2022 - 17:44:19: [SM]   [8] L4D_RestartScenarioFromVote
L 12/29/2022 - 17:44:19: [SM]   [9] Line 624, E:\DownLoading\beifen\sourcemod-1.11.0-git6826-windows\addons\sourcemod\scripting\readyup2.sp::RestartCampaignAny2
L 12/29/2022 - 17:46:59: Error log file session closed.
L 12/29/2022 - 17:47:15: SourceMod error session started
L 12/29/2022 - 17:47:15: Info (map "cedafever_m3") (file "/root/Steam/steamapps/common/Left 4 Dead 2 Dedicated Server/left4dead2/addons/sourcemod/logs/errors_20221229.log")
L 12/29/2022 - 17:47:15: [SM] Exception reported: Element -2 is out of bounds (Prop m_iScavengeTeamScore has 10 elements).
L 12/29/2022 - 17:47:15: [SM] Blaming: optional/scavenge_quick_end.smx
L 12/29/2022 - 17:47:15: [SM] Call stack trace:
L 12/29/2022 - 17:47:15: [SM]   [0] GameRules_GetProp
L 12/29/2022 - 17:47:15: [SM]   [1] Line 157, /home/groups/alliedmodders/forums/files/7/1/5/3/3/102340.attach::GameRules_GetScavengeTeamScore
L 12/29/2022 - 17:47:15: [SM]   [2] Line 119, /home/groups/alliedmodders/forums/files/7/1/5/3/3/102340.attach::PrintRoundEndTimeData
L 12/29/2022 - 17:47:15: [SM]   [3] Line 69, /home/groups/alliedmodders/forums/files/7/1/5/3/3/102340.attach::RoundEnd
L 12/29/2022 - 17:47:15: [SM]   [5] SDKCall
L 12/29/2022 - 17:47:15: [SM]   [6] Line 1727, l4dd\l4dd_natives.sp::Native_CDirector_RestartScenarioFromVote
L 12/29/2022 - 17:47:15: [SM]   [8] L4D_RestartScenarioFromVote
L 12/29/2022 - 17:47:15: [SM]   [9] Line 612, E:\DownLoading\beifen\sourcemod-1.11.0-git6826-windows\addons\sourcemod\scripting\readyup2.sp::RestartCampaignAny1
L 12/29/2022 - 17:47:17: [SM] Exception reported: Element -1 is out of bounds (Prop m_iScavengeTeamScore has 10 elements).
L 12/29/2022 - 17:47:17: [SM] Blaming: optional/scavenge_quick_end.smx
L 12/29/2022 - 17:47:17: [SM] Call stack trace:
L 12/29/2022 - 17:47:17: [SM]   [0] GameRules_GetProp
L 12/29/2022 - 17:47:17: [SM]   [1] Line 157, /home/groups/alliedmodders/forums/files/7/1/5/3/3/102340.attach::GameRules_GetScavengeTeamScore
L 12/29/2022 - 17:47:17: [SM]   [2] Line 119, /home/groups/alliedmodders/forums/files/7/1/5/3/3/102340.attach::PrintRoundEndTimeData
L 12/29/2022 - 17:47:17: [SM]   [3] Line 69, /home/groups/alliedmodders/forums/files/7/1/5/3/3/102340.attach::RoundEnd
L 12/29/2022 - 17:47:17: [SM]   [5] SDKCall
L 12/29/2022 - 17:47:17: [SM]   [6] Line 1727, l4dd\l4dd_natives.sp::Native_CDirector_RestartScenarioFromVote
L 12/29/2022 - 17:47:17: [SM]   [8] L4D_RestartScenarioFromVote
L 12/29/2022 - 17:47:17: [SM]   [9] Line 624, E:\DownLoading\beifen\sourcemod-1.11.0-git6826-windows\addons\sourcemod\scripting\readyup2.sp::RestartCampaignAny2
L 12/29/2022 - 17:48:24: Error log file session closed.
L 12/29/2022 - 17:48:43: SourceMod error session started
L 12/29/2022 - 17:48:43: Info (map "roofdownthedrain") (file "/root/Steam/steamapps/common/Left 4 Dead 2 Dedicated Server/left4dead2/addons/sourcemod/logs/errors_20221229.log")
L 12/29/2022 - 17:48:43: [SM] Exception reported: Element -2 is out of bounds (Prop m_iScavengeTeamScore has 10 elements).
L 12/29/2022 - 17:48:43: [SM] Blaming: optional/scavenge_quick_end.smx
L 12/29/2022 - 17:48:43: [SM] Call stack trace:
L 12/29/2022 - 17:48:43: [SM]   [0] GameRules_GetProp
L 12/29/2022 - 17:48:43: [SM]   [1] Line 157, /home/groups/alliedmodders/forums/files/7/1/5/3/3/102340.attach::GameRules_GetScavengeTeamScore
L 12/29/2022 - 17:48:43: [SM]   [2] Line 119, /home/groups/alliedmodders/forums/files/7/1/5/3/3/102340.attach::PrintRoundEndTimeData
L 12/29/2022 - 17:48:43: [SM]   [3] Line 69, /home/groups/alliedmodders/forums/files/7/1/5/3/3/102340.attach::RoundEnd
L 12/29/2022 - 17:48:43: [SM]   [5] SDKCall
L 12/29/2022 - 17:48:43: [SM]   [6] Line 1727, l4dd\l4dd_natives.sp::Native_CDirector_RestartScenarioFromVote
L 12/29/2022 - 17:48:43: [SM]   [8] L4D_RestartScenarioFromVote
L 12/29/2022 - 17:48:43: [SM]   [9] Line 612, E:\DownLoading\beifen\sourcemod-1.11.0-git6826-windows\addons\sourcemod\scripting\readyup2.sp::RestartCampaignAny1
L 12/29/2022 - 17:48:45: [SM] Exception reported: Element -1 is out of bounds (Prop m_iScavengeTeamScore has 10 elements).
L 12/29/2022 - 17:48:45: [SM] Blaming: optional/scavenge_quick_end.smx
L 12/29/2022 - 17:48:45: [SM] Call stack trace:
L 12/29/2022 - 17:48:45: [SM]   [0] GameRules_GetProp
L 12/29/2022 - 17:48:45: [SM]   [1] Line 157, /home/groups/alliedmodders/forums/files/7/1/5/3/3/102340.attach::GameRules_GetScavengeTeamScore
L 12/29/2022 - 17:48:45: [SM]   [2] Line 119, /home/groups/alliedmodders/forums/files/7/1/5/3/3/102340.attach::PrintRoundEndTimeData
L 12/29/2022 - 17:48:45: [SM]   [3] Line 69, /home/groups/alliedmodders/forums/files/7/1/5/3/3/102340.attach::RoundEnd
L 12/29/2022 - 17:48:45: [SM]   [5] SDKCall
L 12/29/2022 - 17:48:45: [SM]   [6] Line 1727, l4dd\l4dd_natives.sp::Native_CDirector_RestartScenarioFromVote
L 12/29/2022 - 17:48:45: [SM]   [8] L4D_RestartScenarioFromVote
L 12/29/2022 - 17:48:45: [SM]   [9] Line 624, E:\DownLoading\beifen\sourcemod-1.11.0-git6826-windows\addons\sourcemod\scripting\readyup2.sp::RestartCampaignAny2
L 12/29/2022 - 17:51:54: Error log file session closed.
L 12/29/2022 - 17:51:54: SourceMod error session started
L 12/29/2022 - 17:51:54: Info (map "nmrm5_rooftop") (file "/root/Steam/steamapps/common/Left 4 Dead 2 Dedicated Server/left4dead2/addons/sourcemod/logs/errors_20221229.log")
L 12/29/2022 - 17:51:54: [SM] Exception reported: ThisPtr address cannot be null
L 12/29/2022 - 17:51:54: [SM] Blaming: optional/l4d2_melee_spawn_control.smx
L 12/29/2022 - 17:51:54: [SM] Call stack trace:
L 12/29/2022 - 17:51:54: [SM]   [0] SDKCall
L 12/29/2022 - 17:51:54: [SM]   [1] Line 73, .\scripting\l4d2_melee_spawn_control.sp::DH_OnGetMissionInfo
L 12/29/2022 - 17:51:54: [SM] Exception reported: ThisPtr address cannot be null
L 12/29/2022 - 17:51:54: [SM] Blaming: optional/l4d2_melee_spawn_control.smx
L 12/29/2022 - 17:51:54: [SM] Call stack trace:
L 12/29/2022 - 17:51:54: [SM]   [0] SDKCall
L 12/29/2022 - 17:51:54: [SM]   [1] Line 73, .\scripting\l4d2_melee_spawn_control.sp::DH_OnGetMissionInfo
L 12/29/2022 - 17:51:55: [SM] Exception reported: ThisPtr address cannot be null
L 12/29/2022 - 17:51:55: [SM] Blaming: optional/l4d2_melee_spawn_control.smx
L 12/29/2022 - 17:51:55: [SM] Call stack trace:
L 12/29/2022 - 17:51:55: [SM]   [0] SDKCall
L 12/29/2022 - 17:51:55: [SM]   [1] Line 73, .\scripting\l4d2_melee_spawn_control.sp::DH_OnGetMissionInfo
L 12/29/2022 - 17:51:55: [SM] Exception reported: ThisPtr address cannot be null
L 12/29/2022 - 17:51:55: [SM] Blaming: optional/l4d2_melee_spawn_control.smx
L 12/29/2022 - 17:51:55: [SM] Call stack trace:
L 12/29/2022 - 17:51:55: [SM]   [0] SDKCall
L 12/29/2022 - 17:51:55: [SM]   [1] Line 73, .\scripting\l4d2_melee_spawn_control.sp::DH_OnGetMissionInfo
L 12/29/2022 - 17:51:55: [SM] Exception reported: ThisPtr address cannot be null
L 12/29/2022 - 17:51:55: [SM] Blaming: optional/l4d2_melee_spawn_control.smx
L 12/29/2022 - 17:51:55: [SM] Call stack trace:
L 12/29/2022 - 17:51:55: [SM]   [0] SDKCall
L 12/29/2022 - 17:51:55: [SM]   [1] Line 73, .\scripting\l4d2_melee_spawn_control.sp::DH_OnGetMissionInfo
L 12/29/2022 - 17:51:55: [SM] Exception reported: ThisPtr address cannot be null
L 12/29/2022 - 17:51:55: [SM] Blaming: optional/l4d2_melee_spawn_control.smx
L 12/29/2022 - 17:51:55: [SM] Call stack trace:
L 12/29/2022 - 17:51:55: [SM]   [0] SDKCall
L 12/29/2022 - 17:51:55: [SM]   [1] Line 73, .\scripting\l4d2_melee_spawn_control.sp::DH_OnGetMissionInfo
L 12/29/2022 - 17:51:55: [SM] Exception reported: ThisPtr address cannot be null
L 12/29/2022 - 17:51:55: [SM] Blaming: optional/l4d2_melee_spawn_control.smx
L 12/29/2022 - 17:51:55: [SM] Call stack trace:
L 12/29/2022 - 17:51:55: [SM]   [0] SDKCall
L 12/29/2022 - 17:51:55: [SM]   [1] Line 73, .\scripting\l4d2_melee_spawn_control.sp::DH_OnGetMissionInfo
L 12/29/2022 - 17:51:55: [SM] Exception reported: ThisPtr address cannot be null
L 12/29/2022 - 17:51:55: [SM] Blaming: optional/l4d2_melee_spawn_control.smx
L 12/29/2022 - 17:51:55: [SM] Call stack trace:
L 12/29/2022 - 17:51:55: [SM]   [0] SDKCall
L 12/29/2022 - 17:51:55: [SM]   [1] Line 73, .\scripting\l4d2_melee_spawn_control.sp::DH_OnGetMissionInfo
L 12/29/2022 - 17:51:55: [SM] Exception reported: ThisPtr address cannot be null
L 12/29/2022 - 17:51:55: [SM] Blaming: optional/l4d2_melee_spawn_control.smx
L 12/29/2022 - 17:51:55: [SM] Call stack trace:
L 12/29/2022 - 17:51:55: [SM]   [0] SDKCall
L 12/29/2022 - 17:51:55: [SM]   [1] Line 73, .\scripting\l4d2_melee_spawn_control.sp::DH_OnGetMissionInfo
L 12/29/2022 - 17:51:55: [SM] Exception reported: ThisPtr address cannot be null
L 12/29/2022 - 17:51:55: [SM] Blaming: optional/l4d2_melee_spawn_control.smx
L 12/29/2022 - 17:51:55: [SM] Call stack trace:
L 12/29/2022 - 17:51:55: [SM]   [0] SDKCall
L 12/29/2022 - 17:51:55: [SM]   [1] Line 73, .\scripting\l4d2_melee_spawn_control.sp::DH_OnGetMissionInfo
L 12/29/2022 - 17:51:55: [SM] Exception reported: ThisPtr address cannot be null
L 12/29/2022 - 17:51:55: [SM] Blaming: optional/l4d2_melee_spawn_control.smx
L 12/29/2022 - 17:51:55: [SM] Call stack trace:
L 12/29/2022 - 17:51:55: [SM]   [0] SDKCall
L 12/29/2022 - 17:51:55: [SM]   [1] Line 73, .\scripting\l4d2_melee_spawn_control.sp::DH_OnGetMissionInfo
L 12/29/2022 - 17:51:55: [SM] Exception reported: ThisPtr address cannot be null
L 12/29/2022 - 17:51:55: [SM] Blaming: optional/l4d2_melee_spawn_control.smx
L 12/29/2022 - 17:51:55: [SM] Call stack trace:
L 12/29/2022 - 17:51:55: [SM]   [0] SDKCall
L 12/29/2022 - 17:51:55: [SM]   [1] Line 73, .\scripting\l4d2_melee_spawn_control.sp::DH_OnGetMissionInfo
L 12/29/2022 - 17:51:55: [SM] Exception reported: ThisPtr address cannot be null
L 12/29/2022 - 17:51:55: [SM] Blaming: optional/l4d2_melee_spawn_control.smx
L 12/29/2022 - 17:51:55: [SM] Call stack trace:
L 12/29/2022 - 17:51:55: [SM]   [0] SDKCall
L 12/29/2022 - 17:51:55: [SM]   [1] Line 73, .\scripting\l4d2_melee_spawn_control.sp::DH_OnGetMissionInfo
L 12/29/2022 - 17:51:55: [SM] Exception reported: ThisPtr address cannot be null
L 12/29/2022 - 17:51:55: [SM] Blaming: optional/l4d2_melee_spawn_control.smx
L 12/29/2022 - 17:51:55: [SM] Call stack trace:
L 12/29/2022 - 17:51:55: [SM]   [0] SDKCall
L 12/29/2022 - 17:51:55: [SM]   [1] Line 73, .\scripting\l4d2_melee_spawn_control.sp::DH_OnGetMissionInfo
L 12/29/2022 - 17:51:55: [SM] Exception reported: ThisPtr address cannot be null
L 12/29/2022 - 17:51:55: [SM] Blaming: optional/l4d2_melee_spawn_control.smx
L 12/29/2022 - 17:51:55: [SM] Call stack trace:
L 12/29/2022 - 17:51:55: [SM]   [0] SDKCall
L 12/29/2022 - 17:51:55: [SM]   [1] Line 73, .\scripting\l4d2_melee_spawn_control.sp::DH_OnGetMissionInfo
L 12/29/2022 - 17:51:55: [SM] Exception reported: ThisPtr address cannot be null
L 12/29/2022 - 17:51:55: [SM] Blaming: optional/l4d2_melee_spawn_control.smx
L 12/29/2022 - 17:51:55: [SM] Call stack trace:
L 12/29/2022 - 17:51:55: [SM]   [0] SDKCall
L 12/29/2022 - 17:51:55: [SM]   [1] Line 73, .\scripting\l4d2_melee_spawn_control.sp::DH_OnGetMissionInfo
L 12/29/2022 - 17:51:55: [SM] Exception reported: ThisPtr address cannot be null
L 12/29/2022 - 17:51:55: [SM] Blaming: optional/l4d2_melee_spawn_control.smx
L 12/29/2022 - 17:51:55: [SM] Call stack trace:
L 12/29/2022 - 17:51:55: [SM]   [0] SDKCall
L 12/29/2022 - 17:51:55: [SM]   [1] Line 73, .\scripting\l4d2_melee_spawn_control.sp::DH_OnGetMissionInfo
L 12/29/2022 - 17:51:55: [SM] Exception reported: ThisPtr address cannot be null
L 12/29/2022 - 17:51:55: [SM] Blaming: optional/l4d2_melee_spawn_control.smx
L 12/29/2022 - 17:51:55: [SM] Call stack trace:
L 12/29/2022 - 17:51:55: [SM]   [0] SDKCall
L 12/29/2022 - 17:51:55: [SM]   [1] Line 73, .\scripting\l4d2_melee_spawn_control.sp::DH_OnGetMissionInfo
L 12/29/2022 - 17:51:55: [SM] Exception reported: ThisPtr address cannot be null
L 12/29/2022 - 17:51:55: [SM] Blaming: optional/l4d2_melee_spawn_control.smx
L 12/29/2022 - 17:51:55: [SM] Call stack trace:
L 12/29/2022 - 17:51:55: [SM]   [0] SDKCall
L 12/29/2022 - 17:51:55: [SM]   [1] Line 73, .\scripting\l4d2_melee_spawn_control.sp::DH_OnGetMissionInfo
L 12/29/2022 - 17:51:55: [SM] Exception reported: ThisPtr address cannot be null
L 12/29/2022 - 17:51:55: [SM] Blaming: optional/l4d2_melee_spawn_control.smx
L 12/29/2022 - 17:51:55: [SM] Call stack trace:
L 12/29/2022 - 17:51:55: [SM]   [0] SDKCall
L 12/29/2022 - 17:51:55: [SM]   [1] Line 73, .\scripting\l4d2_melee_spawn_control.sp::DH_OnGetMissionInfo
L 12/29/2022 - 17:51:55: [SM] Exception reported: ThisPtr address cannot be null
L 12/29/2022 - 17:51:55: [SM] Blaming: optional/l4d2_melee_spawn_control.smx
L 12/29/2022 - 17:51:55: [SM] Call stack trace:
L 12/29/2022 - 17:51:55: [SM]   [0] SDKCall
L 12/29/2022 - 17:51:55: [SM]   [1] Line 73, .\scripting\l4d2_melee_spawn_control.sp::DH_OnGetMissionInfo
L 12/29/2022 - 17:51:55: [SM] Exception reported: ThisPtr address cannot be null
L 12/29/2022 - 17:51:55: [SM] Blaming: optional/l4d2_melee_spawn_control.smx
L 12/29/2022 - 17:51:55: [SM] Call stack trace:
L 12/29/2022 - 17:51:55: [SM]   [0] SDKCall
L 12/29/2022 - 17:51:55: [SM]   [1] Line 73, .\scripting\l4d2_melee_spawn_control.sp::DH_OnGetMissionInfo
L 12/29/2022 - 17:51:55: [SM] Exception reported: ThisPtr address cannot be null
L 12/29/2022 - 17:51:55: [SM] Blaming: optional/l4d2_melee_spawn_control.smx
L 12/29/2022 - 17:51:55: [SM] Call stack trace:
L 12/29/2022 - 17:51:55: [SM]   [0] SDKCall
L 12/29/2022 - 17:51:55: [SM]   [1] Line 73, .\scripting\l4d2_melee_spawn_control.sp::DH_OnGetMissionInfo
L 12/29/2022 - 17:51:55: [SM] Exception reported: ThisPtr address cannot be null
L 12/29/2022 - 17:51:55: [SM] Blaming: optional/l4d2_melee_spawn_control.smx
L 12/29/2022 - 17:51:55: [SM] Call stack trace:
L 12/29/2022 - 17:51:55: [SM]   [0] SDKCall
L 12/29/2022 - 17:51:55: [SM]   [1] Line 73, .\scripting\l4d2_melee_spawn_control.sp::DH_OnGetMissionInfo
L 12/29/2022 - 17:51:55: [SM] Exception reported: ThisPtr address cannot be null
L 12/29/2022 - 17:51:55: [SM] Blaming: optional/l4d2_melee_spawn_control.smx
L 12/29/2022 - 17:51:55: [SM] Call stack trace:
L 12/29/2022 - 17:51:55: [SM]   [0] SDKCall
L 12/29/2022 - 17:51:55: [SM]   [1] Line 73, .\scripting\l4d2_melee_spawn_control.sp::DH_OnGetMissionInfo
L 12/29/2022 - 17:51:55: [SM] Exception reported: ThisPtr address cannot be null
L 12/29/2022 - 17:51:55: [SM] Blaming: optional/l4d2_melee_spawn_control.smx
L 12/29/2022 - 17:51:55: [SM] Call stack trace:
L 12/29/2022 - 17:51:55: [SM]   [0] SDKCall
L 12/29/2022 - 17:51:55: [SM]   [1] Line 73, .\scripting\l4d2_melee_spawn_control.sp::DH_OnGetMissionInfo
L 12/29/2022 - 17:51:55: [SM] Exception reported: ThisPtr address cannot be null
L 12/29/2022 - 17:51:55: [SM] Blaming: optional/l4d2_melee_spawn_control.smx
L 12/29/2022 - 17:51:55: [SM] Call stack trace:
L 12/29/2022 - 17:51:55: [SM]   [0] SDKCall
L 12/29/2022 - 17:51:55: [SM]   [1] Line 73, .\scripting\l4d2_melee_spawn_control.sp::DH_OnGetMissionInfo
L 12/29/2022 - 17:51:55: [SM] Exception reported: ThisPtr address cannot be null
L 12/29/2022 - 17:51:55: [SM] Blaming: optional/l4d2_melee_spawn_control.smx
L 12/29/2022 - 17:51:55: [SM] Call stack trace:
L 12/29/2022 - 17:51:55: [SM]   [0] SDKCall
L 12/29/2022 - 17:51:55: [SM]   [1] Line 73, .\scripting\l4d2_melee_spawn_control.sp::DH_OnGetMissionInfo
L 12/29/2022 - 17:51:55: [SM] Exception reported: ThisPtr address cannot be null
L 12/29/2022 - 17:51:55: [SM] Blaming: optional/l4d2_melee_spawn_control.smx
L 12/29/2022 - 17:51:55: [SM] Call stack trace:
L 12/29/2022 - 17:51:55: [SM]   [0] SDKCall
L 12/29/2022 - 17:51:55: [SM]   [1] Line 73, .\scripting\l4d2_melee_spawn_control.sp::DH_OnGetMissionInfo
L 12/29/2022 - 17:51:55: [SM] Exception reported: ThisPtr address cannot be null
L 12/29/2022 - 17:51:55: [SM] Blaming: optional/l4d2_melee_spawn_control.smx
L 12/29/2022 - 17:51:55: [SM] Call stack trace:
L 12/29/2022 - 17:51:55: [SM]   [0] SDKCall
L 12/29/2022 - 17:51:55: [SM]   [1] Line 73, .\scripting\l4d2_melee_spawn_control.sp::DH_OnGetMissionInfo
L 12/29/2022 - 17:51:55: [SM] Exception reported: ThisPtr address cannot be null
L 12/29/2022 - 17:51:55: [SM] Blaming: optional/l4d2_melee_spawn_control.smx
L 12/29/2022 - 17:51:55: [SM] Call stack trace:
L 12/29/2022 - 17:51:55: [SM]   [0] SDKCall
L 12/29/2022 - 17:51:55: [SM]   [1] Line 73, .\scripting\l4d2_melee_spawn_control.sp::DH_OnGetMissionInfo
L 12/29/2022 - 17:51:55: [SM] Exception reported: ThisPtr address cannot be null
L 12/29/2022 - 17:51:55: [SM] Blaming: optional/l4d2_melee_spawn_control.smx
L 12/29/2022 - 17:51:55: [SM] Call stack trace:
L 12/29/2022 - 17:51:55: [SM]   [0] SDKCall
L 12/29/2022 - 17:51:55: [SM]   [1] Line 73, .\scripting\l4d2_melee_spawn_control.sp::DH_OnGetMissionInfo
L 12/29/2022 - 17:51:55: [SM] Exception reported: ThisPtr address cannot be null
L 12/29/2022 - 17:51:55: [SM] Blaming: optional/l4d2_melee_spawn_control.smx
L 12/29/2022 - 17:51:55: [SM] Call stack trace:
L 12/29/2022 - 17:51:55: [SM]   [0] SDKCall
L 12/29/2022 - 17:51:55: [SM]   [1] Line 73, .\scripting\l4d2_melee_spawn_control.sp::DH_OnGetMissionInfo
L 12/29/2022 - 17:51:55: [SM] Exception reported: ThisPtr address cannot be null
L 12/29/2022 - 17:51:55: [SM] Blaming: optional/l4d2_melee_spawn_control.smx
L 12/29/2022 - 17:51:55: [SM] Call stack trace:
L 12/29/2022 - 17:51:55: [SM]   [0] SDKCall
L 12/29/2022 - 17:51:55: [SM]   [1] Line 73, .\scripting\l4d2_melee_spawn_control.sp::DH_OnGetMissionInfo
L 12/29/2022 - 17:51:55: [SM] Exception reported: ThisPtr address cannot be null
L 12/29/2022 - 17:51:55: [SM] Blaming: optional/l4d2_melee_spawn_control.smx
L 12/29/2022 - 17:51:55: [SM] Call stack trace:
L 12/29/2022 - 17:51:55: [SM]   [0] SDKCall
L 12/29/2022 - 17:51:55: [SM]   [1] Line 73, .\scripting\l4d2_melee_spawn_control.sp::DH_OnGetMissionInfo
L 12/29/2022 - 17:51:55: [SM] Exception reported: ThisPtr address cannot be null
L 12/29/2022 - 17:51:55: [SM] Blaming: optional/l4d2_melee_spawn_control.smx
L 12/29/2022 - 17:51:55: [SM] Call stack trace:
L 12/29/2022 - 17:51:55: [SM]   [0] SDKCall
L 12/29/2022 - 17:51:55: [SM]   [1] Line 73, .\scripting\l4d2_melee_spawn_control.sp::DH_OnGetMissionInfo
L 12/29/2022 - 17:51:55: [SM] Exception reported: ThisPtr address cannot be null
L 12/29/2022 - 17:51:55: [SM] Blaming: optional/l4d2_melee_spawn_control.smx
L 12/29/2022 - 17:51:55: [SM] Call stack trace:
L 12/29/2022 - 17:51:55: [SM]   [0] SDKCall
L 12/29/2022 - 17:51:55: [SM]   [1] Line 73, .\scripting\l4d2_melee_spawn_control.sp::DH_OnGetMissionInfo
L 12/29/2022 - 17:51:55: [SM] Exception reported: ThisPtr address cannot be null
L 12/29/2022 - 17:51:55: [SM] Blaming: optional/l4d2_melee_spawn_control.smx
L 12/29/2022 - 17:51:55: [SM] Call stack trace:
L 12/29/2022 - 17:51:55: [SM]   [0] SDKCall
L 12/29/2022 - 17:51:55: [SM]   [1] Line 73, .\scripting\l4d2_melee_spawn_control.sp::DH_OnGetMissionInfo
L 12/29/2022 - 17:51:55: [SM] Exception reported: ThisPtr address cannot be null
L 12/29/2022 - 17:51:55: [SM] Blaming: optional/l4d2_melee_spawn_control.smx
L 12/29/2022 - 17:51:55: [SM] Call stack trace:
L 12/29/2022 - 17:51:55: [SM]   [0] SDKCall
L 12/29/2022 - 17:51:55: [SM]   [1] Line 73, .\scripting\l4d2_melee_spawn_control.sp::DH_OnGetMissionInfo
L 12/29/2022 - 17:51:55: [SM] Exception reported: ThisPtr address cannot be null
L 12/29/2022 - 17:51:55: [SM] Blaming: optional/l4d2_melee_spawn_control.smx
L 12/29/2022 - 17:51:55: [SM] Call stack trace:
L 12/29/2022 - 17:51:55: [SM]   [0] SDKCall
L 12/29/2022 - 17:51:55: [SM]   [1] Line 73, .\scripting\l4d2_melee_spawn_control.sp::DH_OnGetMissionInfo
L 12/29/2022 - 17:51:55: [SM] Exception reported: ThisPtr address cannot be null
L 12/29/2022 - 17:51:55: [SM] Blaming: optional/l4d2_melee_spawn_control.smx
L 12/29/2022 - 17:51:55: [SM] Call stack trace:
L 12/29/2022 - 17:51:55: [SM]   [0] SDKCall
L 12/29/2022 - 17:51:55: [SM]   [1] Line 73, .\scripting\l4d2_melee_spawn_control.sp::DH_OnGetMissionInfo
L 12/29/2022 - 17:51:55: [SM] Exception reported: ThisPtr address cannot be null
L 12/29/2022 - 17:51:55: [SM] Blaming: optional/l4d2_melee_spawn_control.smx
L 12/29/2022 - 17:51:55: [SM] Call stack trace:
L 12/29/2022 - 17:51:55: [SM]   [0] SDKCall
L 12/29/2022 - 17:51:55: [SM]   [1] Line 73, .\scripting\l4d2_melee_spawn_control.sp::DH_OnGetMissionInfo
L 12/29/2022 - 17:51:55: [SM] Exception reported: ThisPtr address cannot be null
L 12/29/2022 - 17:51:55: [SM] Blaming: optional/l4d2_melee_spawn_control.smx
L 12/29/2022 - 17:51:55: [SM] Call stack trace:
L 12/29/2022 - 17:51:55: [SM]   [0] SDKCall
L 12/29/2022 - 17:51:55: [SM]   [1] Line 73, .\scripting\l4d2_melee_spawn_control.sp::DH_OnGetMissionInfo
L 12/29/2022 - 17:51:55: [SM] Exception reported: ThisPtr address cannot be null
L 12/29/2022 - 17:51:55: [SM] Blaming: optional/l4d2_melee_spawn_control.smx
L 12/29/2022 - 17:51:55: [SM] Call stack trace:
L 12/29/2022 - 17:51:55: [SM]   [0] SDKCall
L 12/29/2022 - 17:51:55: [SM]   [1] Line 73, .\scripting\l4d2_melee_spawn_control.sp::DH_OnGetMissionInfo
L 12/29/2022 - 17:51:55: [SM] Exception reported: ThisPtr address cannot be null
L 12/29/2022 - 17:51:55: [SM] Blaming: optional/l4d2_melee_spawn_control.smx
L 12/29/2022 - 17:51:55: [SM] Call stack trace:
L 12/29/2022 - 17:51:55: [SM]   [0] SDKCall
L 12/29/2022 - 17:51:55: [SM]   [1] Line 73, .\scripting\l4d2_melee_spawn_control.sp::DH_OnGetMissionInfo
L 12/29/2022 - 17:51:55: [SM] Exception reported: ThisPtr address cannot be null
L 12/29/2022 - 17:51:55: [SM] Blaming: optional/l4d2_melee_spawn_control.smx
L 12/29/2022 - 17:51:55: [SM] Call stack trace:
L 12/29/2022 - 17:51:55: [SM]   [0] SDKCall
L 12/29/2022 - 17:51:55: [SM]   [1] Line 73, .\scripting\l4d2_melee_spawn_control.sp::DH_OnGetMissionInfo
L 12/29/2022 - 17:51:55: [SM] Exception reported: ThisPtr address cannot be null
L 12/29/2022 - 17:51:55: [SM] Blaming: optional/l4d2_melee_spawn_control.smx
L 12/29/2022 - 17:51:55: [SM] Call stack trace:
L 12/29/2022 - 17:51:55: [SM]   [0] SDKCall
L 12/29/2022 - 17:51:55: [SM]   [1] Line 73, .\scripting\l4d2_melee_spawn_control.sp::DH_OnGetMissionInfo
L 12/29/2022 - 17:51:55: [SM] Exception reported: ThisPtr address cannot be null
L 12/29/2022 - 17:51:55: [SM] Blaming: optional/l4d2_melee_spawn_control.smx
L 12/29/2022 - 17:51:55: [SM] Call stack trace:
L 12/29/2022 - 17:51:55: [SM]   [0] SDKCall
L 12/29/2022 - 17:51:55: [SM]   [1] Line 73, .\scripting\l4d2_melee_spawn_control.sp::DH_OnGetMissionInfo
L 12/29/2022 - 17:51:55: [SM] Exception reported: ThisPtr address cannot be null
L 12/29/2022 - 17:51:55: [SM] Blaming: optional/l4d2_melee_spawn_control.smx
L 12/29/2022 - 17:51:55: [SM] Call stack trace:
L 12/29/2022 - 17:51:55: [SM]   [0] SDKCall
L 12/29/2022 - 17:51:55: [SM]   [1] Line 73, .\scripting\l4d2_melee_spawn_control.sp::DH_OnGetMissionInfo
L 12/29/2022 - 17:51:55: [SM] Exception reported: ThisPtr address cannot be null
L 12/29/2022 - 17:51:55: [SM] Blaming: optional/l4d2_melee_spawn_control.smx
L 12/29/2022 - 17:51:55: [SM] Call stack trace:
L 12/29/2022 - 17:51:55: [SM]   [0] SDKCall
L 12/29/2022 - 17:51:55: [SM]   [1] Line 73, .\scripting\l4d2_melee_spawn_control.sp::DH_OnGetMissionInfo
L 12/29/2022 - 17:51:55: [SM] Exception reported: ThisPtr address cannot be null
L 12/29/2022 - 17:51:55: [SM] Blaming: optional/l4d2_melee_spawn_control.smx
L 12/29/2022 - 17:51:55: [SM] Call stack trace:
L 12/29/2022 - 17:51:55: [SM]   [0] SDKCall
L 12/29/2022 - 17:51:55: [SM]   [1] Line 73, .\scripting\l4d2_melee_spawn_control.sp::DH_OnGetMissionInfo
L 12/29/2022 - 17:51:55: [SM] Exception reported: ThisPtr address cannot be null
L 12/29/2022 - 17:51:55: [SM] Blaming: optional/l4d2_melee_spawn_control.smx
L 12/29/2022 - 17:51:55: [SM] Call stack trace:
L 12/29/2022 - 17:51:55: [SM]   [0] SDKCall
L 12/29/2022 - 17:51:55: [SM]   [1] Line 73, .\scripting\l4d2_melee_spawn_control.sp::DH_OnGetMissionInfo
L 12/29/2022 - 17:51:55: [SM] Exception reported: ThisPtr address cannot be null
L 12/29/2022 - 17:51:55: [SM] Blaming: optional/l4d2_melee_spawn_control.smx
L 12/29/2022 - 17:51:55: [SM] Call stack trace:
L 12/29/2022 - 17:51:55: [SM]   [0] SDKCall
L 12/29/2022 - 17:51:55: [SM]   [1] Line 73, .\scripting\l4d2_melee_spawn_control.sp::DH_OnGetMissionInfo
L 12/29/2022 - 17:51:55: [SM] Exception reported: ThisPtr address cannot be null
L 12/29/2022 - 17:51:55: [SM] Blaming: optional/l4d2_melee_spawn_control.smx
L 12/29/2022 - 17:51:55: [SM] Call stack trace:
L 12/29/2022 - 17:51:55: [SM]   [0] SDKCall
L 12/29/2022 - 17:51:55: [SM]   [1] Line 73, .\scripting\l4d2_melee_spawn_control.sp::DH_OnGetMissionInfo
L 12/29/2022 - 17:51:55: [SM] Exception reported: ThisPtr address cannot be null
L 12/29/2022 - 17:51:55: [SM] Blaming: optional/l4d2_melee_spawn_control.smx
L 12/29/2022 - 17:51:55: [SM] Call stack trace:
L 12/29/2022 - 17:51:55: [SM]   [0] SDKCall
L 12/29/2022 - 17:51:55: [SM]   [1] Line 73, .\scripting\l4d2_melee_spawn_control.sp::DH_OnGetMissionInfo
L 12/29/2022 - 17:51:55: [SM] Exception reported: ThisPtr address cannot be null
L 12/29/2022 - 17:51:55: [SM] Blaming: optional/l4d2_melee_spawn_control.smx
L 12/29/2022 - 17:51:55: [SM] Call stack trace:
L 12/29/2022 - 17:51:55: [SM]   [0] SDKCall
L 12/29/2022 - 17:51:55: [SM]   [1] Line 73, .\scripting\l4d2_melee_spawn_control.sp::DH_OnGetMissionInfo
L 12/29/2022 - 17:51:55: [SM] Exception reported: ThisPtr address cannot be null
L 12/29/2022 - 17:51:55: [SM] Blaming: optional/l4d2_melee_spawn_control.smx
L 12/29/2022 - 17:51:55: [SM] Call stack trace:
L 12/29/2022 - 17:51:55: [SM]   [0] SDKCall
L 12/29/2022 - 17:51:55: [SM]   [1] Line 73, .\scripting\l4d2_melee_spawn_control.sp::DH_OnGetMissionInfo
L 12/29/2022 - 17:51:55: [SM] Exception reported: ThisPtr address cannot be null
L 12/29/2022 - 17:51:55: [SM] Blaming: optional/l4d2_melee_spawn_control.smx
L 12/29/2022 - 17:51:55: [SM] Call stack trace:
L 12/29/2022 - 17:51:55: [SM]   [0] SDKCall
L 12/29/2022 - 17:51:55: [SM]   [1] Line 73, .\scripting\l4d2_melee_spawn_control.sp::DH_OnGetMissionInfo
L 12/29/2022 - 17:51:55: [SM] Exception reported: ThisPtr address cannot be null
L 12/29/2022 - 17:51:55: [SM] Blaming: optional/l4d2_melee_spawn_control.smx
L 12/29/2022 - 17:51:55: [SM] Call stack trace:
L 12/29/2022 - 17:51:55: [SM]   [0] SDKCall
L 12/29/2022 - 17:51:55: [SM]   [1] Line 73, .\scripting\l4d2_melee_spawn_control.sp::DH_OnGetMissionInfo
L 12/29/2022 - 17:51:55: [SM] Exception reported: ThisPtr address cannot be null
L 12/29/2022 - 17:51:55: [SM] Blaming: optional/l4d2_melee_spawn_control.smx
L 12/29/2022 - 17:51:55: [SM] Call stack trace:
L 12/29/2022 - 17:51:55: [SM]   [0] SDKCall
L 12/29/2022 - 17:51:55: [SM]   [1] Line 73, .\scripting\l4d2_melee_spawn_control.sp::DH_OnGetMissionInfo
L 12/29/2022 - 17:51:55: [SM] Exception reported: ThisPtr address cannot be null
L 12/29/2022 - 17:51:55: [SM] Blaming: optional/l4d2_melee_spawn_control.smx
L 12/29/2022 - 17:51:55: [SM] Call stack trace:
L 12/29/2022 - 17:51:55: [SM]   [0] SDKCall
L 12/29/2022 - 17:51:55: [SM]   [1] Line 73, .\scripting\l4d2_melee_spawn_control.sp::DH_OnGetMissionInfo
L 12/29/2022 - 17:51:55: [SM] Exception reported: ThisPtr address cannot be null
L 12/29/2022 - 17:51:55: [SM] Blaming: optional/l4d2_melee_spawn_control.smx
L 12/29/2022 - 17:51:55: [SM] Call stack trace:
L 12/29/2022 - 17:51:55: [SM]   [0] SDKCall
L 12/29/2022 - 17:51:55: [SM]   [1] Line 73, .\scripting\l4d2_melee_spawn_control.sp::DH_OnGetMissionInfo
L 12/29/2022 - 17:51:55: [SM] Exception reported: ThisPtr address cannot be null
L 12/29/2022 - 17:51:55: [SM] Blaming: optional/l4d2_melee_spawn_control.smx
L 12/29/2022 - 17:51:55: [SM] Call stack trace:
L 12/29/2022 - 17:51:55: [SM]   [0] SDKCall
L 12/29/2022 - 17:51:55: [SM]   [1] Line 73, .\scripting\l4d2_melee_spawn_control.sp::DH_OnGetMissionInfo
L 12/29/2022 - 17:51:55: [SM] Exception reported: ThisPtr address cannot be null
L 12/29/2022 - 17:51:55: [SM] Blaming: optional/l4d2_melee_spawn_control.smx
L 12/29/2022 - 17:51:55: [SM] Call stack trace:
L 12/29/2022 - 17:51:55: [SM]   [0] SDKCall
L 12/29/2022 - 17:51:55: [SM]   [1] Line 73, .\scripting\l4d2_melee_spawn_control.sp::DH_OnGetMissionInfo
L 12/29/2022 - 17:51:55: [SM] Exception reported: ThisPtr address cannot be null
L 12/29/2022 - 17:51:55: [SM] Blaming: optional/l4d2_melee_spawn_control.smx
L 12/29/2022 - 17:51:55: [SM] Call stack trace:
L 12/29/2022 - 17:51:55: [SM]   [0] SDKCall
L 12/29/2022 - 17:51:55: [SM]   [1] Line 73, .\scripting\l4d2_melee_spawn_control.sp::DH_OnGetMissionInfo
L 12/29/2022 - 17:51:55: [SM] Exception reported: ThisPtr address cannot be null
L 12/29/2022 - 17:51:55: [SM] Blaming: optional/l4d2_melee_spawn_control.smx
L 12/29/2022 - 17:51:55: [SM] Call stack trace:
L 12/29/2022 - 17:51:55: [SM]   [0] SDKCall
L 12/29/2022 - 17:51:55: [SM]   [1] Line 73, .\scripting\l4d2_melee_spawn_control.sp::DH_OnGetMissionInfo
L 12/29/2022 - 17:51:55: [SM] Exception reported: ThisPtr address cannot be null
L 12/29/2022 - 17:51:55: [SM] Blaming: optional/l4d2_melee_spawn_control.smx
L 12/29/2022 - 17:51:55: [SM] Call stack trace:
L 12/29/2022 - 17:51:55: [SM]   [0] SDKCall
L 12/29/2022 - 17:51:55: [SM]   [1] Line 73, .\scripting\l4d2_melee_spawn_control.sp::DH_OnGetMissionInfo
L 12/29/2022 - 17:51:55: [SM] Exception reported: ThisPtr address cannot be null
L 12/29/2022 - 17:51:55: [SM] Blaming: optional/l4d2_melee_spawn_control.smx
L 12/29/2022 - 17:51:55: [SM] Call stack trace:
L 12/29/2022 - 17:51:55: [SM]   [0] SDKCall
L 12/29/2022 - 17:51:55: [SM]   [1] Line 73, .\scripting\l4d2_melee_spawn_control.sp::DH_OnGetMissionInfo
L 12/29/2022 - 17:51:55: [SM] Exception reported: ThisPtr address cannot be null
L 12/29/2022 - 17:51:55: [SM] Blaming: optional/l4d2_melee_spawn_control.smx
L 12/29/2022 - 17:51:55: [SM] Call stack trace:
L 12/29/2022 - 17:51:55: [SM]   [0] SDKCall
L 12/29/2022 - 17:51:55: [SM]   [1] Line 73, .\scripting\l4d2_melee_spawn_control.sp::DH_OnGetMissionInfo
L 12/29/2022 - 17:51:55: [SM] Exception reported: ThisPtr address cannot be null
L 12/29/2022 - 17:51:55: [SM] Blaming: optional/l4d2_melee_spawn_control.smx
L 12/29/2022 - 17:51:55: [SM] Call stack trace:
L 12/29/2022 - 17:51:55: [SM]   [0] SDKCall
L 12/29/2022 - 17:51:55: [SM]   [1] Line 73, .\scripting\l4d2_melee_spawn_control.sp::DH_OnGetMissionInfo
L 12/29/2022 - 17:51:55: [SM] Exception reported: ThisPtr address cannot be null
L 12/29/2022 - 17:51:55: [SM] Blaming: optional/l4d2_melee_spawn_control.smx
L 12/29/2022 - 17:51:55: [SM] Call stack trace:
L 12/29/2022 - 17:51:55: [SM]   [0] SDKCall
L 12/29/2022 - 17:51:55: [SM]   [1] Line 73, .\scripting\l4d2_melee_spawn_control.sp::DH_OnGetMissionInfo
L 12/29/2022 - 17:51:55: [SM] Exception reported: ThisPtr address cannot be null
L 12/29/2022 - 17:51:55: [SM] Blaming: optional/l4d2_melee_spawn_control.smx
L 12/29/2022 - 17:51:55: [SM] Call stack trace:
L 12/29/2022 - 17:51:55: [SM]   [0] SDKCall
L 12/29/2022 - 17:51:55: [SM]   [1] Line 73, .\scripting\l4d2_melee_spawn_control.sp::DH_OnGetMissionInfo
L 12/29/2022 - 17:51:56: [SM] Exception reported: ThisPtr address cannot be null
L 12/29/2022 - 17:51:56: [SM] Blaming: optional/l4d2_melee_spawn_control.smx
L 12/29/2022 - 17:51:56: [SM] Call stack trace:
L 12/29/2022 - 17:51:56: [SM]   [0] SDKCall
L 12/29/2022 - 17:51:56: [SM]   [1] Line 73, .\scripting\l4d2_melee_spawn_control.sp::DH_OnGetMissionInfo
L 12/29/2022 - 17:51:56: [SM] Exception reported: ThisPtr address cannot be null
L 12/29/2022 - 17:51:56: [SM] Blaming: optional/l4d2_melee_spawn_control.smx
L 12/29/2022 - 17:51:56: [SM] Call stack trace:
L 12/29/2022 - 17:51:56: [SM]   [0] SDKCall
L 12/29/2022 - 17:51:56: [SM]   [1] Line 73, .\scripting\l4d2_melee_spawn_control.sp::DH_OnGetMissionInfo
L 12/29/2022 - 17:51:56: [SM] Exception reported: ThisPtr address cannot be null
L 12/29/2022 - 17:51:56: [SM] Blaming: optional/l4d2_melee_spawn_control.smx
L 12/29/2022 - 17:51:56: [SM] Call stack trace:
L 12/29/2022 - 17:51:56: [SM]   [0] SDKCall
L 12/29/2022 - 17:51:56: [SM]   [1] Line 73, .\scripting\l4d2_melee_spawn_control.sp::DH_OnGetMissionInfo
L 12/29/2022 - 17:51:56: [SM] Exception reported: ThisPtr address cannot be null
L 12/29/2022 - 17:51:56: [SM] Blaming: optional/l4d2_melee_spawn_control.smx
L 12/29/2022 - 17:51:56: [SM] Call stack trace:
L 12/29/2022 - 17:51:56: [SM]   [0] SDKCall
L 12/29/2022 - 17:51:56: [SM]   [1] Line 73, .\scripting\l4d2_melee_spawn_control.sp::DH_OnGetMissionInfo
L 12/29/2022 - 17:51:56: [SM] Exception reported: ThisPtr address cannot be null
L 12/29/2022 - 17:51:56: [SM] Blaming: optional/l4d2_melee_spawn_control.smx
L 12/29/2022 - 17:51:56: [SM] Call stack trace:
L 12/29/2022 - 17:51:56: [SM]   [0] SDKCall
L 12/29/2022 - 17:51:56: [SM]   [1] Line 73, .\scripting\l4d2_melee_spawn_control.sp::DH_OnGetMissionInfo
L 12/29/2022 - 17:51:56: [SM] Exception reported: ThisPtr address cannot be null
L 12/29/2022 - 17:51:56: [SM] Blaming: optional/l4d2_melee_spawn_control.smx
L 12/29/2022 - 17:51:56: [SM] Call stack trace:
L 12/29/2022 - 17:51:56: [SM]   [0] SDKCall
L 12/29/2022 - 17:51:56: [SM]   [1] Line 73, .\scripting\l4d2_melee_spawn_control.sp::DH_OnGetMissionInfo
L 12/29/2022 - 17:51:56: [SM] Exception reported: ThisPtr address cannot be null
L 12/29/2022 - 17:51:56: [SM] Blaming: optional/l4d2_melee_spawn_control.smx
L 12/29/2022 - 17:51:56: [SM] Call stack trace:
L 12/29/2022 - 17:51:56: [SM]   [0] SDKCall
L 12/29/2022 - 17:51:56: [SM]   [1] Line 73, .\scripting\l4d2_melee_spawn_control.sp::DH_OnGetMissionInfo
L 12/29/2022 - 17:51:56: [SM] Exception reported: ThisPtr address cannot be null
L 12/29/2022 - 17:51:56: [SM] Blaming: optional/l4d2_melee_spawn_control.smx
L 12/29/2022 - 17:51:56: [SM] Call stack trace:
L 12/29/2022 - 17:51:56: [SM]   [0] SDKCall
L 12/29/2022 - 17:51:56: [SM]   [1] Line 73, .\scripting\l4d2_melee_spawn_control.sp::DH_OnGetMissionInfo
L 12/29/2022 - 17:51:56: [SM] Exception reported: ThisPtr address cannot be null
L 12/29/2022 - 17:51:56: [SM] Blaming: optional/l4d2_melee_spawn_control.smx
L 12/29/2022 - 17:51:56: [SM] Call stack trace:
L 12/29/2022 - 17:51:56: [SM]   [0] SDKCall
L 12/29/2022 - 17:51:56: [SM]   [1] Line 73, .\scripting\l4d2_melee_spawn_control.sp::DH_OnGetMissionInfo
L 12/29/2022 - 17:51:56: [SM] Exception reported: ThisPtr address cannot be null
L 12/29/2022 - 17:51:56: [SM] Blaming: optional/l4d2_melee_spawn_control.smx
L 12/29/2022 - 17:51:56: [SM] Call stack trace:
L 12/29/2022 - 17:51:56: [SM]   [0] SDKCall
L 12/29/2022 - 17:51:56: [SM]   [1] Line 73, .\scripting\l4d2_melee_spawn_control.sp::DH_OnGetMissionInfo
L 12/29/2022 - 17:51:56: [SM] Exception reported: ThisPtr address cannot be null
L 12/29/2022 - 17:51:56: [SM] Blaming: optional/l4d2_melee_spawn_control.smx
L 12/29/2022 - 17:51:56: [SM] Call stack trace:
L 12/29/2022 - 17:51:56: [SM]   [0] SDKCall
L 12/29/2022 - 17:51:56: [SM]   [1] Line 73, .\scripting\l4d2_melee_spawn_control.sp::DH_OnGetMissionInfo
L 12/29/2022 - 17:51:56: [SM] Exception reported: ThisPtr address cannot be null
L 12/29/2022 - 17:51:56: [SM] Blaming: optional/l4d2_melee_spawn_control.smx
L 12/29/2022 - 17:51:56: [SM] Call stack trace:
L 12/29/2022 - 17:51:56: [SM]   [0] SDKCall
L 12/29/2022 - 17:51:56: [SM]   [1] Line 73, .\scripting\l4d2_melee_spawn_control.sp::DH_OnGetMissionInfo
L 12/29/2022 - 17:51:56: [SM] Exception reported: ThisPtr address cannot be null
L 12/29/2022 - 17:51:56: [SM] Blaming: optional/l4d2_melee_spawn_control.smx
L 12/29/2022 - 17:51:56: [SM] Call stack trace:
L 12/29/2022 - 17:51:56: [SM]   [0] SDKCall
L 12/29/2022 - 17:51:56: [SM]   [1] Line 73, .\scripting\l4d2_melee_spawn_control.sp::DH_OnGetMissionInfo
L 12/29/2022 - 17:51:56: [SM] Exception reported: ThisPtr address cannot be null
L 12/29/2022 - 17:51:56: [SM] Blaming: optional/l4d2_melee_spawn_control.smx
L 12/29/2022 - 17:51:56: [SM] Call stack trace:
L 12/29/2022 - 17:51:56: [SM]   [0] SDKCall
L 12/29/2022 - 17:51:56: [SM]   [1] Line 73, .\scripting\l4d2_melee_spawn_control.sp::DH_OnGetMissionInfo
L 12/29/2022 - 17:51:56: [SM] Exception reported: ThisPtr address cannot be null
L 12/29/2022 - 17:51:56: [SM] Blaming: optional/l4d2_melee_spawn_control.smx
L 12/29/2022 - 17:51:56: [SM] Call stack trace:
L 12/29/2022 - 17:51:56: [SM]   [0] SDKCall
L 12/29/2022 - 17:51:56: [SM]   [1] Line 73, .\scripting\l4d2_melee_spawn_control.sp::DH_OnGetMissionInfo
L 12/29/2022 - 17:51:56: [SM] Exception reported: ThisPtr address cannot be null
L 12/29/2022 - 17:51:56: [SM] Blaming: optional/l4d2_melee_spawn_control.smx
L 12/29/2022 - 17:51:56: [SM] Call stack trace:
L 12/29/2022 - 17:51:56: [SM]   [0] SDKCall
L 12/29/2022 - 17:51:56: [SM]   [1] Line 73, .\scripting\l4d2_melee_spawn_control.sp::DH_OnGetMissionInfo
L 12/29/2022 - 17:51:56: [SM] Exception reported: ThisPtr address cannot be null
L 12/29/2022 - 17:51:56: [SM] Blaming: optional/l4d2_melee_spawn_control.smx
L 12/29/2022 - 17:51:56: [SM] Call stack trace:
L 12/29/2022 - 17:51:56: [SM]   [0] SDKCall
L 12/29/2022 - 17:51:56: [SM]   [1] Line 73, .\scripting\l4d2_melee_spawn_control.sp::DH_OnGetMissionInfo
L 12/29/2022 - 17:51:56: [SM] Exception reported: ThisPtr address cannot be null
L 12/29/2022 - 17:51:56: [SM] Blaming: optional/l4d2_melee_spawn_control.smx
L 12/29/2022 - 17:51:56: [SM] Call stack trace:
L 12/29/2022 - 17:51:56: [SM]   [0] SDKCall
L 12/29/2022 - 17:51:56: [SM]   [1] Line 73, .\scripting\l4d2_melee_spawn_control.sp::DH_OnGetMissionInfo
L 12/29/2022 - 17:51:56: [SM] Exception reported: ThisPtr address cannot be null
L 12/29/2022 - 17:51:56: [SM] Blaming: optional/l4d2_melee_spawn_control.smx
L 12/29/2022 - 17:51:56: [SM] Call stack trace:
L 12/29/2022 - 17:51:56: [SM]   [0] SDKCall
L 12/29/2022 - 17:51:56: [SM]   [1] Line 73, .\scripting\l4d2_melee_spawn_control.sp::DH_OnGetMissionInfo
L 12/29/2022 - 17:51:56: [SM] Exception reported: ThisPtr address cannot be null
L 12/29/2022 - 17:51:56: [SM] Blaming: optional/l4d2_melee_spawn_control.smx
L 12/29/2022 - 17:51:56: [SM] Call stack trace:
L 12/29/2022 - 17:51:56: [SM]   [0] SDKCall
L 12/29/2022 - 17:51:56: [SM]   [1] Line 73, .\scripting\l4d2_melee_spawn_control.sp::DH_OnGetMissionInfo
L 12/29/2022 - 17:51:56: [SM] Exception reported: ThisPtr address cannot be null
L 12/29/2022 - 17:51:56: [SM] Blaming: optional/l4d2_melee_spawn_control.smx
L 12/29/2022 - 17:51:56: [SM] Call stack trace:
L 12/29/2022 - 17:51:56: [SM]   [0] SDKCall
L 12/29/2022 - 17:51:56: [SM]   [1] Line 73, .\scripting\l4d2_melee_spawn_control.sp::DH_OnGetMissionInfo
L 12/29/2022 - 17:51:56: [SM] Exception reported: ThisPtr address cannot be null
L 12/29/2022 - 17:51:56: [SM] Blaming: optional/l4d2_melee_spawn_control.smx
L 12/29/2022 - 17:51:56: [SM] Call stack trace:
L 12/29/2022 - 17:51:56: [SM]   [0] SDKCall
L 12/29/2022 - 17:51:56: [SM]   [1] Line 73, .\scripting\l4d2_melee_spawn_control.sp::DH_OnGetMissionInfo
L 12/29/2022 - 17:51:56: [SM] Exception reported: ThisPtr address cannot be null
L 12/29/2022 - 17:51:56: [SM] Blaming: optional/l4d2_melee_spawn_control.smx
L 12/29/2022 - 17:51:56: [SM] Call stack trace:
L 12/29/2022 - 17:51:56: [SM]   [0] SDKCall
L 12/29/2022 - 17:51:56: [SM]   [1] Line 73, .\scripting\l4d2_melee_spawn_control.sp::DH_OnGetMissionInfo
L 12/29/2022 - 17:51:56: [SM] Exception reported: ThisPtr address cannot be null
L 12/29/2022 - 17:51:56: [SM] Blaming: optional/l4d2_melee_spawn_control.smx
L 12/29/2022 - 17:51:56: [SM] Call stack trace:
L 12/29/2022 - 17:51:56: [SM]   [0] SDKCall
L 12/29/2022 - 17:51:56: [SM]   [1] Line 73, .\scripting\l4d2_melee_spawn_control.sp::DH_OnGetMissionInfo
L 12/29/2022 - 17:51:56: [SM] Exception reported: ThisPtr address cannot be null
L 12/29/2022 - 17:51:56: [SM] Blaming: optional/l4d2_melee_spawn_control.smx
L 12/29/2022 - 17:51:56: [SM] Call stack trace:
L 12/29/2022 - 17:51:56: [SM]   [0] SDKCall
L 12/29/2022 - 17:51:56: [SM]   [1] Line 73, .\scripting\l4d2_melee_spawn_control.sp::DH_OnGetMissionInfo
L 12/29/2022 - 17:51:56: [SM] Exception reported: ThisPtr address cannot be null
L 12/29/2022 - 17:51:56: [SM] Blaming: optional/l4d2_melee_spawn_control.smx
L 12/29/2022 - 17:51:56: [SM] Call stack trace:
L 12/29/2022 - 17:51:56: [SM]   [0] SDKCall
L 12/29/2022 - 17:51:56: [SM]   [1] Line 73, .\scripting\l4d2_melee_spawn_control.sp::DH_OnGetMissionInfo
L 12/29/2022 - 17:51:56: [SM] Exception reported: ThisPtr address cannot be null
L 12/29/2022 - 17:51:56: [SM] Blaming: optional/l4d2_melee_spawn_control.smx
L 12/29/2022 - 17:51:56: [SM] Call stack trace:
L 12/29/2022 - 17:51:56: [SM]   [0] SDKCall
L 12/29/2022 - 17:51:56: [SM]   [1] Line 73, .\scripting\l4d2_melee_spawn_control.sp::DH_OnGetMissionInfo
L 12/29/2022 - 17:51:56: [SM] Exception reported: ThisPtr address cannot be null
L 12/29/2022 - 17:51:56: [SM] Blaming: optional/l4d2_melee_spawn_control.smx
L 12/29/2022 - 17:51:56: [SM] Call stack trace:
L 12/29/2022 - 17:51:56: [SM]   [0] SDKCall
L 12/29/2022 - 17:51:56: [SM]   [1] Line 73, .\scripting\l4d2_melee_spawn_control.sp::DH_OnGetMissionInfo
L 12/29/2022 - 17:52:11: [SM] Exception reported: Client 1 is not in game
L 12/29/2022 - 17:52:11: [SM] Blaming: optional/l4d2_scav_fix_nm5.smx
L 12/29/2022 - 17:52:11: [SM] Call stack trace:
L 12/29/2022 - 17:52:11: [SM]   [0] GetClientAbsOrigin
L 12/29/2022 - 17:52:11: [SM]   [1] Line 76, E:\DownLoading\sourcemod-1.11.0-git6826-windows\addons\sourcemod\scripting\l4d2_scav_fix_nm5.sp::FindMisplacedCans
L 12/29/2022 - 17:52:11: [SM]   [2] Line 53, E:\DownLoading\sourcemod-1.11.0-git6826-windows\addons\sourcemod\scripting\l4d2_scav_fix_nm5.sp::ScavTimerH
L 12/29/2022 - 17:52:26: [SM] Exception reported: Client 1 is not in game
L 12/29/2022 - 17:52:26: [SM] Blaming: optional/l4d2_scav_fix_nm5.smx
L 12/29/2022 - 17:52:26: [SM] Call stack trace:
L 12/29/2022 - 17:52:26: [SM]   [0] GetClientAbsOrigin
L 12/29/2022 - 17:52:26: [SM]   [1] Line 76, E:\DownLoading\sourcemod-1.11.0-git6826-windows\addons\sourcemod\scripting\l4d2_scav_fix_nm5.sp::FindMisplacedCans
L 12/29/2022 - 17:52:26: [SM]   [2] Line 53, E:\DownLoading\sourcemod-1.11.0-git6826-windows\addons\sourcemod\scripting\l4d2_scav_fix_nm5.sp::ScavTimerH
L 12/29/2022 - 17:52:41: [SM] Exception reported: Client 1 is not in game
L 12/29/2022 - 17:52:41: [SM] Blaming: optional/l4d2_scav_fix_nm5.smx
L 12/29/2022 - 17:52:41: [SM] Call stack trace:
L 12/29/2022 - 17:52:41: [SM]   [0] GetClientAbsOrigin
L 12/29/2022 - 17:52:41: [SM]   [1] Line 76, E:\DownLoading\sourcemod-1.11.0-git6826-windows\addons\sourcemod\scripting\l4d2_scav_fix_nm5.sp::FindMisplacedCans
L 12/29/2022 - 17:52:41: [SM]   [2] Line 53, E:\DownLoading\sourcemod-1.11.0-git6826-windows\addons\sourcemod\scripting\l4d2_scav_fix_nm5.sp::ScavTimerH
L 12/29/2022 - 17:52:56: [SM] Exception reported: Client 1 is not in game
L 12/29/2022 - 17:52:56: [SM] Blaming: optional/l4d2_scav_fix_nm5.smx
L 12/29/2022 - 17:52:56: [SM] Call stack trace:
L 12/29/2022 - 17:52:56: [SM]   [0] GetClientAbsOrigin
L 12/29/2022 - 17:52:56: [SM]   [1] Line 76, E:\DownLoading\sourcemod-1.11.0-git6826-windows\addons\sourcemod\scripting\l4d2_scav_fix_nm5.sp::FindMisplacedCans
L 12/29/2022 - 17:52:56: [SM]   [2] Line 53, E:\DownLoading\sourcemod-1.11.0-git6826-windows\addons\sourcemod\scripting\l4d2_scav_fix_nm5.sp::ScavTimerH
L 12/29/2022 - 17:53:09: SourceMod error session started
L 12/29/2022 - 17:53:09: Info (map "c2m1_highway") (file "/root/Steam/steamapps/common/Left 4 Dead 2 Dedicated Server/left4dead2/addons/sourcemod/logs/errors_20221229.log")
L 12/29/2022 - 17:53:09: [SM] Unable to load plugin "Welcome.smx": Could not find required plugin "l4d2_playtime_interface"
L 12/29/2022 - 17:53:10: [SM] Unable to load plugin "l4d_fyzb_en_v20.smx": Could not find required plugin "readyup"
L 12/29/2022 - 17:55:12: SourceMod error session started
L 12/29/2022 - 17:55:12: Info (map "c2m1_highway") (file "/root/Steam/steamapps/common/Left 4 Dead 2 Dedicated Server/left4dead2/addons/sourcemod/logs/errors_20221229.log")
L 12/29/2022 - 17:55:12: [SM] Unable to load plugin "Welcome.smx": Could not find required plugin "l4d2_playtime_interface"
L 12/29/2022 - 17:55:12: [SM] Unable to load plugin "l4d_fyzb_en_v20.smx": Could not find required plugin "readyup"
L 12/29/2022 - 18:02:54: SourceMod error session started
L 12/29/2022 - 18:02:54: Info (map "c2m1_highway") (file "/root/Steam/steamapps/common/Left 4 Dead 2 Dedicated Server/left4dead2/addons/sourcemod/logs/errors_20221229.log")
L 12/29/2022 - 18:02:54: [SM] Unable to load plugin "Welcome.smx": Could not find required plugin "l4d2_playtime_interface"
L 12/29/2022 - 18:02:54: [SM] Unable to load plugin "l4d_fyzb_en_v20.smx": Could not find required plugin "readyup"
