L 01/10/2023 - 19:41:04: SourceMod error session started
L 01/10/2023 - 19:41:04: Info (map "c2m1_highway") (file "/root/Steam/steamapps/common/Left 4 Dead 2 Dedicated Server/left4dead2/addons/sourcemod/logs/errors_20230110.log")
L 01/10/2023 - 19:41:04: [SM] Exception reported: Invalid index 1 (count: 1)
L 01/10/2023 - 19:41:04: [SM] Blaming: optional/l4d_equalise_alarm_cars_scav.smx
L 01/10/2023 - 19:41:04: [SM] Call stack trace:
L 01/10/2023 - 19:41:04: [SM]   [0] ArrayList.GetString
L 01/10/2023 - 19:41:04: [SM]   [1] Line 384, F:\Users\Administrator\Documents\GitHub\MoYu_Server_Stupid_Plugins\The Last Stand\l4d_equalise_alarm_cars\l4d_equalise_alarm_cars.sp::PatchAlarmedCars
L 01/10/2023 - 19:41:36: Error log file session closed.
L 01/10/2023 - 19:41:53: SourceMod error session started
L 01/10/2023 - 19:41:53: Info (map "c8m5_rooftop") (file "/root/Steam/steamapps/common/Left 4 Dead 2 Dedicated Server/left4dead2/addons/sourcemod/logs/errors_20230110.log")
L 01/10/2023 - 19:41:53: [SM] Exception reported: Client 3 is not in game
L 01/10/2023 - 19:41:53: [SM] Blaming: optional/l4d2_scav_fix_nm5.smx
L 01/10/2023 - 19:41:53: [SM] Call stack trace:
L 01/10/2023 - 19:41:53: [SM]   [0] GetClientAbsOrigin
L 01/10/2023 - 19:41:53: [SM]   [1] Line 76, E:\DownLoading\sourcemod-1.11.0-git6826-windows\addons\sourcemod\scripting\l4d2_scav_fix_nm5.sp::FindMisplacedCans
L 01/10/2023 - 19:41:53: [SM]   [2] Line 53, E:\DownLoading\sourcemod-1.11.0-git6826-windows\addons\sourcemod\scripting\l4d2_scav_fix_nm5.sp::ScavTimerH
L 01/10/2023 - 19:42:08: [SM] Exception reported: Client 2 is not in game
L 01/10/2023 - 19:42:08: [SM] Blaming: optional/l4d2_scav_fix_nm5.smx
L 01/10/2023 - 19:42:08: [SM] Call stack trace:
L 01/10/2023 - 19:42:08: [SM]   [0] GetClientAbsOrigin
L 01/10/2023 - 19:42:08: [SM]   [1] Line 76, E:\DownLoading\sourcemod-1.11.0-git6826-windows\addons\sourcemod\scripting\l4d2_scav_fix_nm5.sp::FindMisplacedCans
L 01/10/2023 - 19:42:08: [SM]   [2] Line 53, E:\DownLoading\sourcemod-1.11.0-git6826-windows\addons\sourcemod\scripting\l4d2_scav_fix_nm5.sp::ScavTimerH
L 01/10/2023 - 19:42:23: [SM] Exception reported: Client 2 is not in game
L 01/10/2023 - 19:42:23: [SM] Blaming: optional/l4d2_scav_fix_nm5.smx
L 01/10/2023 - 19:42:23: [SM] Call stack trace:
L 01/10/2023 - 19:42:23: [SM]   [0] GetClientAbsOrigin
L 01/10/2023 - 19:42:23: [SM]   [1] Line 76, E:\DownLoading\sourcemod-1.11.0-git6826-windows\addons\sourcemod\scripting\l4d2_scav_fix_nm5.sp::FindMisplacedCans
L 01/10/2023 - 19:42:23: [SM]   [2] Line 53, E:\DownLoading\sourcemod-1.11.0-git6826-windows\addons\sourcemod\scripting\l4d2_scav_fix_nm5.sp::ScavTimerH
L 01/10/2023 - 19:42:38: [SM] Exception reported: Client 2 is not in game
L 01/10/2023 - 19:42:38: [SM] Blaming: optional/l4d2_scav_fix_nm5.smx
L 01/10/2023 - 19:42:38: [SM] Call stack trace:
L 01/10/2023 - 19:42:38: [SM]   [0] GetClientAbsOrigin
L 01/10/2023 - 19:42:38: [SM]   [1] Line 76, E:\DownLoading\sourcemod-1.11.0-git6826-windows\addons\sourcemod\scripting\l4d2_scav_fix_nm5.sp::FindMisplacedCans
L 01/10/2023 - 19:42:38: [SM]   [2] Line 53, E:\DownLoading\sourcemod-1.11.0-git6826-windows\addons\sourcemod\scripting\l4d2_scav_fix_nm5.sp::ScavTimerH
L 01/10/2023 - 19:42:53: [SM] Exception reported: Client 2 is not in game
L 01/10/2023 - 19:42:53: [SM] Blaming: optional/l4d2_scav_fix_nm5.smx
L 01/10/2023 - 19:42:53: [SM] Call stack trace:
L 01/10/2023 - 19:42:53: [SM]   [0] GetClientAbsOrigin
L 01/10/2023 - 19:42:53: [SM]   [1] Line 76, E:\DownLoading\sourcemod-1.11.0-git6826-windows\addons\sourcemod\scripting\l4d2_scav_fix_nm5.sp::FindMisplacedCans
L 01/10/2023 - 19:42:53: [SM]   [2] Line 53, E:\DownLoading\sourcemod-1.11.0-git6826-windows\addons\sourcemod\scripting\l4d2_scav_fix_nm5.sp::ScavTimerH
L 01/10/2023 - 19:43:08: [SM] Exception reported: Client 2 is not in game
L 01/10/2023 - 19:43:08: [SM] Blaming: optional/l4d2_scav_fix_nm5.smx
L 01/10/2023 - 19:43:08: [SM] Call stack trace:
L 01/10/2023 - 19:43:08: [SM]   [0] GetClientAbsOrigin
L 01/10/2023 - 19:43:08: [SM]   [1] Line 76, E:\DownLoading\sourcemod-1.11.0-git6826-windows\addons\sourcemod\scripting\l4d2_scav_fix_nm5.sp::FindMisplacedCans
L 01/10/2023 - 19:43:08: [SM]   [2] Line 53, E:\DownLoading\sourcemod-1.11.0-git6826-windows\addons\sourcemod\scripting\l4d2_scav_fix_nm5.sp::ScavTimerH
L 01/10/2023 - 19:43:23: [SM] Exception reported: Client 2 is not in game
L 01/10/2023 - 19:43:23: [SM] Blaming: optional/l4d2_scav_fix_nm5.smx
L 01/10/2023 - 19:43:23: [SM] Call stack trace:
L 01/10/2023 - 19:43:23: [SM]   [0] GetClientAbsOrigin
L 01/10/2023 - 19:43:23: [SM]   [1] Line 76, E:\DownLoading\sourcemod-1.11.0-git6826-windows\addons\sourcemod\scripting\l4d2_scav_fix_nm5.sp::FindMisplacedCans
L 01/10/2023 - 19:43:23: [SM]   [2] Line 53, E:\DownLoading\sourcemod-1.11.0-git6826-windows\addons\sourcemod\scripting\l4d2_scav_fix_nm5.sp::ScavTimerH
L 01/10/2023 - 19:43:38: [SM] Exception reported: Client 2 is not in game
L 01/10/2023 - 19:43:38: [SM] Blaming: optional/l4d2_scav_fix_nm5.smx
L 01/10/2023 - 19:43:38: [SM] Call stack trace:
L 01/10/2023 - 19:43:38: [SM]   [0] GetClientAbsOrigin
L 01/10/2023 - 19:43:38: [SM]   [1] Line 76, E:\DownLoading\sourcemod-1.11.0-git6826-windows\addons\sourcemod\scripting\l4d2_scav_fix_nm5.sp::FindMisplacedCans
L 01/10/2023 - 19:43:38: [SM]   [2] Line 53, E:\DownLoading\sourcemod-1.11.0-git6826-windows\addons\sourcemod\scripting\l4d2_scav_fix_nm5.sp::ScavTimerH
L 01/10/2023 - 19:43:53: [SM] Exception reported: Client 2 is not in game
L 01/10/2023 - 19:43:53: [SM] Blaming: optional/l4d2_scav_fix_nm5.smx
L 01/10/2023 - 19:43:53: [SM] Call stack trace:
L 01/10/2023 - 19:43:53: [SM]   [0] GetClientAbsOrigin
L 01/10/2023 - 19:43:53: [SM]   [1] Line 76, E:\DownLoading\sourcemod-1.11.0-git6826-windows\addons\sourcemod\scripting\l4d2_scav_fix_nm5.sp::FindMisplacedCans
L 01/10/2023 - 19:43:53: [SM]   [2] Line 53, E:\DownLoading\sourcemod-1.11.0-git6826-windows\addons\sourcemod\scripting\l4d2_scav_fix_nm5.sp::ScavTimerH
L 01/10/2023 - 19:44:08: [SM] Exception reported: Client 2 is not in game
L 01/10/2023 - 19:44:08: [SM] Blaming: optional/l4d2_scav_fix_nm5.smx
L 01/10/2023 - 19:44:08: [SM] Call stack trace:
L 01/10/2023 - 19:44:08: [SM]   [0] GetClientAbsOrigin
L 01/10/2023 - 19:44:08: [SM]   [1] Line 76, E:\DownLoading\sourcemod-1.11.0-git6826-windows\addons\sourcemod\scripting\l4d2_scav_fix_nm5.sp::FindMisplacedCans
L 01/10/2023 - 19:44:08: [SM]   [2] Line 53, E:\DownLoading\sourcemod-1.11.0-git6826-windows\addons\sourcemod\scripting\l4d2_scav_fix_nm5.sp::ScavTimerH
L 01/10/2023 - 19:44:23: [SM] Exception reported: Client 2 is not in game
L 01/10/2023 - 19:44:23: [SM] Blaming: optional/l4d2_scav_fix_nm5.smx
L 01/10/2023 - 19:44:23: [SM] Call stack trace:
L 01/10/2023 - 19:44:23: [SM]   [0] GetClientAbsOrigin
L 01/10/2023 - 19:44:23: [SM]   [1] Line 76, E:\DownLoading\sourcemod-1.11.0-git6826-windows\addons\sourcemod\scripting\l4d2_scav_fix_nm5.sp::FindMisplacedCans
L 01/10/2023 - 19:44:23: [SM]   [2] Line 53, E:\DownLoading\sourcemod-1.11.0-git6826-windows\addons\sourcemod\scripting\l4d2_scav_fix_nm5.sp::ScavTimerH
L 01/10/2023 - 19:44:38: [SM] Exception reported: Client 2 is not in game
L 01/10/2023 - 19:44:38: [SM] Blaming: optional/l4d2_scav_fix_nm5.smx
L 01/10/2023 - 19:44:38: [SM] Call stack trace:
L 01/10/2023 - 19:44:38: [SM]   [0] GetClientAbsOrigin
L 01/10/2023 - 19:44:38: [SM]   [1] Line 76, E:\DownLoading\sourcemod-1.11.0-git6826-windows\addons\sourcemod\scripting\l4d2_scav_fix_nm5.sp::FindMisplacedCans
L 01/10/2023 - 19:44:38: [SM]   [2] Line 53, E:\DownLoading\sourcemod-1.11.0-git6826-windows\addons\sourcemod\scripting\l4d2_scav_fix_nm5.sp::ScavTimerH
L 01/10/2023 - 19:44:53: [SM] Exception reported: Client 2 is not in game
L 01/10/2023 - 19:44:53: [SM] Blaming: optional/l4d2_scav_fix_nm5.smx
L 01/10/2023 - 19:44:53: [SM] Call stack trace:
L 01/10/2023 - 19:44:53: [SM]   [0] GetClientAbsOrigin
L 01/10/2023 - 19:44:53: [SM]   [1] Line 76, E:\DownLoading\sourcemod-1.11.0-git6826-windows\addons\sourcemod\scripting\l4d2_scav_fix_nm5.sp::FindMisplacedCans
L 01/10/2023 - 19:44:53: [SM]   [2] Line 53, E:\DownLoading\sourcemod-1.11.0-git6826-windows\addons\sourcemod\scripting\l4d2_scav_fix_nm5.sp::ScavTimerH
L 01/10/2023 - 19:45:08: [SM] Exception reported: Client 2 is not in game
L 01/10/2023 - 19:45:08: [SM] Blaming: optional/l4d2_scav_fix_nm5.smx
L 01/10/2023 - 19:45:08: [SM] Call stack trace:
L 01/10/2023 - 19:45:08: [SM]   [0] GetClientAbsOrigin
L 01/10/2023 - 19:45:08: [SM]   [1] Line 76, E:\DownLoading\sourcemod-1.11.0-git6826-windows\addons\sourcemod\scripting\l4d2_scav_fix_nm5.sp::FindMisplacedCans
L 01/10/2023 - 19:45:08: [SM]   [2] Line 53, E:\DownLoading\sourcemod-1.11.0-git6826-windows\addons\sourcemod\scripting\l4d2_scav_fix_nm5.sp::ScavTimerH
L 01/10/2023 - 19:45:23: [SM] Exception reported: Client 2 is not in game
L 01/10/2023 - 19:45:23: [SM] Blaming: optional/l4d2_scav_fix_nm5.smx
L 01/10/2023 - 19:45:23: [SM] Call stack trace:
L 01/10/2023 - 19:45:23: [SM]   [0] GetClientAbsOrigin
L 01/10/2023 - 19:45:23: [SM]   [1] Line 76, E:\DownLoading\sourcemod-1.11.0-git6826-windows\addons\sourcemod\scripting\l4d2_scav_fix_nm5.sp::FindMisplacedCans
L 01/10/2023 - 19:45:23: [SM]   [2] Line 53, E:\DownLoading\sourcemod-1.11.0-git6826-windows\addons\sourcemod\scripting\l4d2_scav_fix_nm5.sp::ScavTimerH
L 01/10/2023 - 19:45:38: [SM] Exception reported: Client 3 is not in game
L 01/10/2023 - 19:45:38: [SM] Blaming: optional/l4d2_scav_fix_nm5.smx
L 01/10/2023 - 19:45:38: [SM] Call stack trace:
L 01/10/2023 - 19:45:38: [SM]   [0] GetClientAbsOrigin
L 01/10/2023 - 19:45:38: [SM]   [1] Line 76, E:\DownLoading\sourcemod-1.11.0-git6826-windows\addons\sourcemod\scripting\l4d2_scav_fix_nm5.sp::FindMisplacedCans
L 01/10/2023 - 19:45:38: [SM]   [2] Line 53, E:\DownLoading\sourcemod-1.11.0-git6826-windows\addons\sourcemod\scripting\l4d2_scav_fix_nm5.sp::ScavTimerH
L 01/10/2023 - 19:45:53: [SM] Exception reported: Client 2 is not in game
L 01/10/2023 - 19:45:53: [SM] Blaming: optional/l4d2_scav_fix_nm5.smx
L 01/10/2023 - 19:45:53: [SM] Call stack trace:
L 01/10/2023 - 19:45:53: [SM]   [0] GetClientAbsOrigin
L 01/10/2023 - 19:45:53: [SM]   [1] Line 76, E:\DownLoading\sourcemod-1.11.0-git6826-windows\addons\sourcemod\scripting\l4d2_scav_fix_nm5.sp::FindMisplacedCans
L 01/10/2023 - 19:45:53: [SM]   [2] Line 53, E:\DownLoading\sourcemod-1.11.0-git6826-windows\addons\sourcemod\scripting\l4d2_scav_fix_nm5.sp::ScavTimerH
L 01/10/2023 - 19:46:08: [SM] Exception reported: Client 2 is not in game
L 01/10/2023 - 19:46:08: [SM] Blaming: optional/l4d2_scav_fix_nm5.smx
L 01/10/2023 - 19:46:08: [SM] Call stack trace:
L 01/10/2023 - 19:46:08: [SM]   [0] GetClientAbsOrigin
L 01/10/2023 - 19:46:08: [SM]   [1] Line 76, E:\DownLoading\sourcemod-1.11.0-git6826-windows\addons\sourcemod\scripting\l4d2_scav_fix_nm5.sp::FindMisplacedCans
L 01/10/2023 - 19:46:08: [SM]   [2] Line 53, E:\DownLoading\sourcemod-1.11.0-git6826-windows\addons\sourcemod\scripting\l4d2_scav_fix_nm5.sp::ScavTimerH
L 01/10/2023 - 19:46:23: [SM] Exception reported: Client 2 is not in game
L 01/10/2023 - 19:46:23: [SM] Blaming: optional/l4d2_scav_fix_nm5.smx
L 01/10/2023 - 19:46:23: [SM] Call stack trace:
L 01/10/2023 - 19:46:23: [SM]   [0] GetClientAbsOrigin
L 01/10/2023 - 19:46:23: [SM]   [1] Line 76, E:\DownLoading\sourcemod-1.11.0-git6826-windows\addons\sourcemod\scripting\l4d2_scav_fix_nm5.sp::FindMisplacedCans
L 01/10/2023 - 19:46:23: [SM]   [2] Line 53, E:\DownLoading\sourcemod-1.11.0-git6826-windows\addons\sourcemod\scripting\l4d2_scav_fix_nm5.sp::ScavTimerH
L 01/10/2023 - 19:46:38: [SM] Exception reported: Client 2 is not in game
L 01/10/2023 - 19:46:38: [SM] Blaming: optional/l4d2_scav_fix_nm5.smx
L 01/10/2023 - 19:46:38: [SM] Call stack trace:
L 01/10/2023 - 19:46:38: [SM]   [0] GetClientAbsOrigin
L 01/10/2023 - 19:46:38: [SM]   [1] Line 76, E:\DownLoading\sourcemod-1.11.0-git6826-windows\addons\sourcemod\scripting\l4d2_scav_fix_nm5.sp::FindMisplacedCans
L 01/10/2023 - 19:46:38: [SM]   [2] Line 53, E:\DownLoading\sourcemod-1.11.0-git6826-windows\addons\sourcemod\scripting\l4d2_scav_fix_nm5.sp::ScavTimerH
L 01/10/2023 - 19:46:53: [SM] Exception reported: Client 2 is not in game
L 01/10/2023 - 19:46:53: [SM] Blaming: optional/l4d2_scav_fix_nm5.smx
L 01/10/2023 - 19:46:53: [SM] Call stack trace:
L 01/10/2023 - 19:46:53: [SM]   [0] GetClientAbsOrigin
L 01/10/2023 - 19:46:53: [SM]   [1] Line 76, E:\DownLoading\sourcemod-1.11.0-git6826-windows\addons\sourcemod\scripting\l4d2_scav_fix_nm5.sp::FindMisplacedCans
L 01/10/2023 - 19:46:53: [SM]   [2] Line 53, E:\DownLoading\sourcemod-1.11.0-git6826-windows\addons\sourcemod\scripting\l4d2_scav_fix_nm5.sp::ScavTimerH
L 01/10/2023 - 19:47:08: [SM] Exception reported: Client 2 is not in game
L 01/10/2023 - 19:47:08: [SM] Blaming: optional/l4d2_scav_fix_nm5.smx
L 01/10/2023 - 19:47:08: [SM] Call stack trace:
L 01/10/2023 - 19:47:08: [SM]   [0] GetClientAbsOrigin
L 01/10/2023 - 19:47:08: [SM]   [1] Line 76, E:\DownLoading\sourcemod-1.11.0-git6826-windows\addons\sourcemod\scripting\l4d2_scav_fix_nm5.sp::FindMisplacedCans
L 01/10/2023 - 19:47:08: [SM]   [2] Line 53, E:\DownLoading\sourcemod-1.11.0-git6826-windows\addons\sourcemod\scripting\l4d2_scav_fix_nm5.sp::ScavTimerH
L 01/10/2023 - 19:47:23: [SM] Exception reported: Client 2 is not in game
L 01/10/2023 - 19:47:23: [SM] Blaming: optional/l4d2_scav_fix_nm5.smx
L 01/10/2023 - 19:47:23: [SM] Call stack trace:
L 01/10/2023 - 19:47:23: [SM]   [0] GetClientAbsOrigin
L 01/10/2023 - 19:47:23: [SM]   [1] Line 76, E:\DownLoading\sourcemod-1.11.0-git6826-windows\addons\sourcemod\scripting\l4d2_scav_fix_nm5.sp::FindMisplacedCans
L 01/10/2023 - 19:47:23: [SM]   [2] Line 53, E:\DownLoading\sourcemod-1.11.0-git6826-windows\addons\sourcemod\scripting\l4d2_scav_fix_nm5.sp::ScavTimerH
L 01/10/2023 - 19:47:38: [SM] Exception reported: Client 2 is not in game
L 01/10/2023 - 19:47:38: [SM] Blaming: optional/l4d2_scav_fix_nm5.smx
L 01/10/2023 - 19:47:38: [SM] Call stack trace:
L 01/10/2023 - 19:47:38: [SM]   [0] GetClientAbsOrigin
L 01/10/2023 - 19:47:38: [SM]   [1] Line 76, E:\DownLoading\sourcemod-1.11.0-git6826-windows\addons\sourcemod\scripting\l4d2_scav_fix_nm5.sp::FindMisplacedCans
L 01/10/2023 - 19:47:38: [SM]   [2] Line 53, E:\DownLoading\sourcemod-1.11.0-git6826-windows\addons\sourcemod\scripting\l4d2_scav_fix_nm5.sp::ScavTimerH
L 01/10/2023 - 19:47:53: [SM] Exception reported: Client 2 is not in game
L 01/10/2023 - 19:47:53: [SM] Blaming: optional/l4d2_scav_fix_nm5.smx
L 01/10/2023 - 19:47:53: [SM] Call stack trace:
L 01/10/2023 - 19:47:53: [SM]   [0] GetClientAbsOrigin
L 01/10/2023 - 19:47:53: [SM]   [1] Line 76, E:\DownLoading\sourcemod-1.11.0-git6826-windows\addons\sourcemod\scripting\l4d2_scav_fix_nm5.sp::FindMisplacedCans
L 01/10/2023 - 19:47:53: [SM]   [2] Line 53, E:\DownLoading\sourcemod-1.11.0-git6826-windows\addons\sourcemod\scripting\l4d2_scav_fix_nm5.sp::ScavTimerH
L 01/10/2023 - 19:48:08: [SM] Exception reported: Client 2 is not in game
L 01/10/2023 - 19:48:08: [SM] Blaming: optional/l4d2_scav_fix_nm5.smx
L 01/10/2023 - 19:48:08: [SM] Call stack trace:
L 01/10/2023 - 19:48:08: [SM]   [0] GetClientAbsOrigin
L 01/10/2023 - 19:48:08: [SM]   [1] Line 76, E:\DownLoading\sourcemod-1.11.0-git6826-windows\addons\sourcemod\scripting\l4d2_scav_fix_nm5.sp::FindMisplacedCans
L 01/10/2023 - 19:48:08: [SM]   [2] Line 53, E:\DownLoading\sourcemod-1.11.0-git6826-windows\addons\sourcemod\scripting\l4d2_scav_fix_nm5.sp::ScavTimerH
L 01/10/2023 - 19:48:23: [SM] Exception reported: Client 2 is not in game
L 01/10/2023 - 19:48:23: [SM] Blaming: optional/l4d2_scav_fix_nm5.smx
L 01/10/2023 - 19:48:23: [SM] Call stack trace:
L 01/10/2023 - 19:48:23: [SM]   [0] GetClientAbsOrigin
L 01/10/2023 - 19:48:23: [SM]   [1] Line 76, E:\DownLoading\sourcemod-1.11.0-git6826-windows\addons\sourcemod\scripting\l4d2_scav_fix_nm5.sp::FindMisplacedCans
L 01/10/2023 - 19:48:23: [SM]   [2] Line 53, E:\DownLoading\sourcemod-1.11.0-git6826-windows\addons\sourcemod\scripting\l4d2_scav_fix_nm5.sp::ScavTimerH
L 01/10/2023 - 19:48:38: [SM] Exception reported: Client 2 is not in game
L 01/10/2023 - 19:48:38: [SM] Blaming: optional/l4d2_scav_fix_nm5.smx
L 01/10/2023 - 19:48:38: [SM] Call stack trace:
L 01/10/2023 - 19:48:38: [SM]   [0] GetClientAbsOrigin
L 01/10/2023 - 19:48:38: [SM]   [1] Line 76, E:\DownLoading\sourcemod-1.11.0-git6826-windows\addons\sourcemod\scripting\l4d2_scav_fix_nm5.sp::FindMisplacedCans
L 01/10/2023 - 19:48:38: [SM]   [2] Line 53, E:\DownLoading\sourcemod-1.11.0-git6826-windows\addons\sourcemod\scripting\l4d2_scav_fix_nm5.sp::ScavTimerH
L 01/10/2023 - 19:48:53: [SM] Exception reported: Client 2 is not in game
L 01/10/2023 - 19:48:53: [SM] Blaming: optional/l4d2_scav_fix_nm5.smx
L 01/10/2023 - 19:48:53: [SM] Call stack trace:
L 01/10/2023 - 19:48:53: [SM]   [0] GetClientAbsOrigin
L 01/10/2023 - 19:48:53: [SM]   [1] Line 76, E:\DownLoading\sourcemod-1.11.0-git6826-windows\addons\sourcemod\scripting\l4d2_scav_fix_nm5.sp::FindMisplacedCans
L 01/10/2023 - 19:48:53: [SM]   [2] Line 53, E:\DownLoading\sourcemod-1.11.0-git6826-windows\addons\sourcemod\scripting\l4d2_scav_fix_nm5.sp::ScavTimerH
L 01/10/2023 - 19:49:08: [SM] Exception reported: Client 2 is not in game
L 01/10/2023 - 19:49:08: [SM] Blaming: optional/l4d2_scav_fix_nm5.smx
L 01/10/2023 - 19:49:08: [SM] Call stack trace:
L 01/10/2023 - 19:49:08: [SM]   [0] GetClientAbsOrigin
L 01/10/2023 - 19:49:08: [SM]   [1] Line 76, E:\DownLoading\sourcemod-1.11.0-git6826-windows\addons\sourcemod\scripting\l4d2_scav_fix_nm5.sp::FindMisplacedCans
L 01/10/2023 - 19:49:08: [SM]   [2] Line 53, E:\DownLoading\sourcemod-1.11.0-git6826-windows\addons\sourcemod\scripting\l4d2_scav_fix_nm5.sp::ScavTimerH
L 01/10/2023 - 19:49:23: [SM] Exception reported: Client 3 is not in game
L 01/10/2023 - 19:49:23: [SM] Blaming: optional/l4d2_scav_fix_nm5.smx
L 01/10/2023 - 19:49:23: [SM] Call stack trace:
L 01/10/2023 - 19:49:23: [SM]   [0] GetClientAbsOrigin
L 01/10/2023 - 19:49:23: [SM]   [1] Line 76, E:\DownLoading\sourcemod-1.11.0-git6826-windows\addons\sourcemod\scripting\l4d2_scav_fix_nm5.sp::FindMisplacedCans
L 01/10/2023 - 19:49:23: [SM]   [2] Line 53, E:\DownLoading\sourcemod-1.11.0-git6826-windows\addons\sourcemod\scripting\l4d2_scav_fix_nm5.sp::ScavTimerH
L 01/10/2023 - 19:49:38: [SM] Exception reported: Client 3 is not in game
L 01/10/2023 - 19:49:38: [SM] Blaming: optional/l4d2_scav_fix_nm5.smx
L 01/10/2023 - 19:49:38: [SM] Call stack trace:
L 01/10/2023 - 19:49:38: [SM]   [0] GetClientAbsOrigin
L 01/10/2023 - 19:49:38: [SM]   [1] Line 76, E:\DownLoading\sourcemod-1.11.0-git6826-windows\addons\sourcemod\scripting\l4d2_scav_fix_nm5.sp::FindMisplacedCans
L 01/10/2023 - 19:49:38: [SM]   [2] Line 53, E:\DownLoading\sourcemod-1.11.0-git6826-windows\addons\sourcemod\scripting\l4d2_scav_fix_nm5.sp::ScavTimerH
L 01/10/2023 - 19:49:53: [SM] Exception reported: Client 2 is not in game
L 01/10/2023 - 19:49:53: [SM] Blaming: optional/l4d2_scav_fix_nm5.smx
L 01/10/2023 - 19:49:53: [SM] Call stack trace:
L 01/10/2023 - 19:49:53: [SM]   [0] GetClientAbsOrigin
L 01/10/2023 - 19:49:53: [SM]   [1] Line 76, E:\DownLoading\sourcemod-1.11.0-git6826-windows\addons\sourcemod\scripting\l4d2_scav_fix_nm5.sp::FindMisplacedCans
L 01/10/2023 - 19:49:53: [SM]   [2] Line 53, E:\DownLoading\sourcemod-1.11.0-git6826-windows\addons\sourcemod\scripting\l4d2_scav_fix_nm5.sp::ScavTimerH
L 01/10/2023 - 19:50:08: [SM] Exception reported: Client 2 is not in game
L 01/10/2023 - 19:50:08: [SM] Blaming: optional/l4d2_scav_fix_nm5.smx
L 01/10/2023 - 19:50:08: [SM] Call stack trace:
L 01/10/2023 - 19:50:08: [SM]   [0] GetClientAbsOrigin
L 01/10/2023 - 19:50:08: [SM]   [1] Line 76, E:\DownLoading\sourcemod-1.11.0-git6826-windows\addons\sourcemod\scripting\l4d2_scav_fix_nm5.sp::FindMisplacedCans
L 01/10/2023 - 19:50:08: [SM]   [2] Line 53, E:\DownLoading\sourcemod-1.11.0-git6826-windows\addons\sourcemod\scripting\l4d2_scav_fix_nm5.sp::ScavTimerH
L 01/10/2023 - 19:50:23: [SM] Exception reported: Client 2 is not in game
L 01/10/2023 - 19:50:23: [SM] Blaming: optional/l4d2_scav_fix_nm5.smx
L 01/10/2023 - 19:50:23: [SM] Call stack trace:
L 01/10/2023 - 19:50:23: [SM]   [0] GetClientAbsOrigin
L 01/10/2023 - 19:50:23: [SM]   [1] Line 76, E:\DownLoading\sourcemod-1.11.0-git6826-windows\addons\sourcemod\scripting\l4d2_scav_fix_nm5.sp::FindMisplacedCans
L 01/10/2023 - 19:50:23: [SM]   [2] Line 53, E:\DownLoading\sourcemod-1.11.0-git6826-windows\addons\sourcemod\scripting\l4d2_scav_fix_nm5.sp::ScavTimerH
L 01/10/2023 - 19:50:38: [SM] Exception reported: Client 2 is not in game
L 01/10/2023 - 19:50:38: [SM] Blaming: optional/l4d2_scav_fix_nm5.smx
L 01/10/2023 - 19:50:38: [SM] Call stack trace:
L 01/10/2023 - 19:50:38: [SM]   [0] GetClientAbsOrigin
L 01/10/2023 - 19:50:38: [SM]   [1] Line 76, E:\DownLoading\sourcemod-1.11.0-git6826-windows\addons\sourcemod\scripting\l4d2_scav_fix_nm5.sp::FindMisplacedCans
L 01/10/2023 - 19:50:38: [SM]   [2] Line 53, E:\DownLoading\sourcemod-1.11.0-git6826-windows\addons\sourcemod\scripting\l4d2_scav_fix_nm5.sp::ScavTimerH
L 01/10/2023 - 19:50:53: [SM] Exception reported: Client 2 is not in game
L 01/10/2023 - 19:50:53: [SM] Blaming: optional/l4d2_scav_fix_nm5.smx
L 01/10/2023 - 19:50:53: [SM] Call stack trace:
L 01/10/2023 - 19:50:53: [SM]   [0] GetClientAbsOrigin
L 01/10/2023 - 19:50:53: [SM]   [1] Line 76, E:\DownLoading\sourcemod-1.11.0-git6826-windows\addons\sourcemod\scripting\l4d2_scav_fix_nm5.sp::FindMisplacedCans
L 01/10/2023 - 19:50:53: [SM]   [2] Line 53, E:\DownLoading\sourcemod-1.11.0-git6826-windows\addons\sourcemod\scripting\l4d2_scav_fix_nm5.sp::ScavTimerH
L 01/10/2023 - 19:51:08: [SM] Exception reported: Client 2 is not in game
L 01/10/2023 - 19:51:08: [SM] Blaming: optional/l4d2_scav_fix_nm5.smx
L 01/10/2023 - 19:51:08: [SM] Call stack trace:
L 01/10/2023 - 19:51:08: [SM]   [0] GetClientAbsOrigin
L 01/10/2023 - 19:51:08: [SM]   [1] Line 76, E:\DownLoading\sourcemod-1.11.0-git6826-windows\addons\sourcemod\scripting\l4d2_scav_fix_nm5.sp::FindMisplacedCans
L 01/10/2023 - 19:51:08: [SM]   [2] Line 53, E:\DownLoading\sourcemod-1.11.0-git6826-windows\addons\sourcemod\scripting\l4d2_scav_fix_nm5.sp::ScavTimerH
L 01/10/2023 - 19:51:23: [SM] Exception reported: Client 2 is not in game
L 01/10/2023 - 19:51:23: [SM] Blaming: optional/l4d2_scav_fix_nm5.smx
L 01/10/2023 - 19:51:23: [SM] Call stack trace:
L 01/10/2023 - 19:51:23: [SM]   [0] GetClientAbsOrigin
L 01/10/2023 - 19:51:23: [SM]   [1] Line 76, E:\DownLoading\sourcemod-1.11.0-git6826-windows\addons\sourcemod\scripting\l4d2_scav_fix_nm5.sp::FindMisplacedCans
L 01/10/2023 - 19:51:23: [SM]   [2] Line 53, E:\DownLoading\sourcemod-1.11.0-git6826-windows\addons\sourcemod\scripting\l4d2_scav_fix_nm5.sp::ScavTimerH
L 01/10/2023 - 19:51:38: [SM] Exception reported: Client 2 is not in game
L 01/10/2023 - 19:51:38: [SM] Blaming: optional/l4d2_scav_fix_nm5.smx
L 01/10/2023 - 19:51:38: [SM] Call stack trace:
L 01/10/2023 - 19:51:38: [SM]   [0] GetClientAbsOrigin
L 01/10/2023 - 19:51:38: [SM]   [1] Line 76, E:\DownLoading\sourcemod-1.11.0-git6826-windows\addons\sourcemod\scripting\l4d2_scav_fix_nm5.sp::FindMisplacedCans
L 01/10/2023 - 19:51:38: [SM]   [2] Line 53, E:\DownLoading\sourcemod-1.11.0-git6826-windows\addons\sourcemod\scripting\l4d2_scav_fix_nm5.sp::ScavTimerH
L 01/10/2023 - 19:51:53: [SM] Exception reported: Client 2 is not in game
L 01/10/2023 - 19:51:53: [SM] Blaming: optional/l4d2_scav_fix_nm5.smx
L 01/10/2023 - 19:51:53: [SM] Call stack trace:
L 01/10/2023 - 19:51:53: [SM]   [0] GetClientAbsOrigin
L 01/10/2023 - 19:51:53: [SM]   [1] Line 76, E:\DownLoading\sourcemod-1.11.0-git6826-windows\addons\sourcemod\scripting\l4d2_scav_fix_nm5.sp::FindMisplacedCans
L 01/10/2023 - 19:51:53: [SM]   [2] Line 53, E:\DownLoading\sourcemod-1.11.0-git6826-windows\addons\sourcemod\scripting\l4d2_scav_fix_nm5.sp::ScavTimerH
L 01/10/2023 - 19:52:08: [SM] Exception reported: Client 2 is not in game
L 01/10/2023 - 19:52:08: [SM] Blaming: optional/l4d2_scav_fix_nm5.smx
L 01/10/2023 - 19:52:08: [SM] Call stack trace:
L 01/10/2023 - 19:52:08: [SM]   [0] GetClientAbsOrigin
L 01/10/2023 - 19:52:08: [SM]   [1] Line 76, E:\DownLoading\sourcemod-1.11.0-git6826-windows\addons\sourcemod\scripting\l4d2_scav_fix_nm5.sp::FindMisplacedCans
L 01/10/2023 - 19:52:08: [SM]   [2] Line 53, E:\DownLoading\sourcemod-1.11.0-git6826-windows\addons\sourcemod\scripting\l4d2_scav_fix_nm5.sp::ScavTimerH
L 01/10/2023 - 19:52:23: [SM] Exception reported: Client 2 is not in game
L 01/10/2023 - 19:52:23: [SM] Blaming: optional/l4d2_scav_fix_nm5.smx
L 01/10/2023 - 19:52:23: [SM] Call stack trace:
L 01/10/2023 - 19:52:23: [SM]   [0] GetClientAbsOrigin
L 01/10/2023 - 19:52:23: [SM]   [1] Line 76, E:\DownLoading\sourcemod-1.11.0-git6826-windows\addons\sourcemod\scripting\l4d2_scav_fix_nm5.sp::FindMisplacedCans
L 01/10/2023 - 19:52:23: [SM]   [2] Line 53, E:\DownLoading\sourcemod-1.11.0-git6826-windows\addons\sourcemod\scripting\l4d2_scav_fix_nm5.sp::ScavTimerH
L 01/10/2023 - 19:52:38: [SM] Exception reported: Client 2 is not in game
L 01/10/2023 - 19:52:38: [SM] Blaming: optional/l4d2_scav_fix_nm5.smx
L 01/10/2023 - 19:52:38: [SM] Call stack trace:
L 01/10/2023 - 19:52:38: [SM]   [0] GetClientAbsOrigin
L 01/10/2023 - 19:52:38: [SM]   [1] Line 76, E:\DownLoading\sourcemod-1.11.0-git6826-windows\addons\sourcemod\scripting\l4d2_scav_fix_nm5.sp::FindMisplacedCans
L 01/10/2023 - 19:52:38: [SM]   [2] Line 53, E:\DownLoading\sourcemod-1.11.0-git6826-windows\addons\sourcemod\scripting\l4d2_scav_fix_nm5.sp::ScavTimerH
L 01/10/2023 - 19:52:53: [SM] Exception reported: Client 2 is not in game
L 01/10/2023 - 19:52:53: [SM] Blaming: optional/l4d2_scav_fix_nm5.smx
L 01/10/2023 - 19:52:53: [SM] Call stack trace:
L 01/10/2023 - 19:52:53: [SM]   [0] GetClientAbsOrigin
L 01/10/2023 - 19:52:53: [SM]   [1] Line 76, E:\DownLoading\sourcemod-1.11.0-git6826-windows\addons\sourcemod\scripting\l4d2_scav_fix_nm5.sp::FindMisplacedCans
L 01/10/2023 - 19:52:53: [SM]   [2] Line 53, E:\DownLoading\sourcemod-1.11.0-git6826-windows\addons\sourcemod\scripting\l4d2_scav_fix_nm5.sp::ScavTimerH
L 01/10/2023 - 19:53:08: [SM] Exception reported: Client 2 is not in game
L 01/10/2023 - 19:53:08: [SM] Blaming: optional/l4d2_scav_fix_nm5.smx
L 01/10/2023 - 19:53:08: [SM] Call stack trace:
L 01/10/2023 - 19:53:08: [SM]   [0] GetClientAbsOrigin
L 01/10/2023 - 19:53:08: [SM]   [1] Line 76, E:\DownLoading\sourcemod-1.11.0-git6826-windows\addons\sourcemod\scripting\l4d2_scav_fix_nm5.sp::FindMisplacedCans
L 01/10/2023 - 19:53:08: [SM]   [2] Line 53, E:\DownLoading\sourcemod-1.11.0-git6826-windows\addons\sourcemod\scripting\l4d2_scav_fix_nm5.sp::ScavTimerH
L 01/10/2023 - 19:53:23: [SM] Exception reported: Client 2 is not in game
L 01/10/2023 - 19:53:23: [SM] Blaming: optional/l4d2_scav_fix_nm5.smx
L 01/10/2023 - 19:53:23: [SM] Call stack trace:
L 01/10/2023 - 19:53:23: [SM]   [0] GetClientAbsOrigin
L 01/10/2023 - 19:53:23: [SM]   [1] Line 76, E:\DownLoading\sourcemod-1.11.0-git6826-windows\addons\sourcemod\scripting\l4d2_scav_fix_nm5.sp::FindMisplacedCans
L 01/10/2023 - 19:53:23: [SM]   [2] Line 53, E:\DownLoading\sourcemod-1.11.0-git6826-windows\addons\sourcemod\scripting\l4d2_scav_fix_nm5.sp::ScavTimerH
L 01/10/2023 - 19:53:38: [SM] Exception reported: Client 3 is not in game
L 01/10/2023 - 19:53:38: [SM] Blaming: optional/l4d2_scav_fix_nm5.smx
L 01/10/2023 - 19:53:38: [SM] Call stack trace:
L 01/10/2023 - 19:53:38: [SM]   [0] GetClientAbsOrigin
L 01/10/2023 - 19:53:38: [SM]   [1] Line 76, E:\DownLoading\sourcemod-1.11.0-git6826-windows\addons\sourcemod\scripting\l4d2_scav_fix_nm5.sp::FindMisplacedCans
L 01/10/2023 - 19:53:38: [SM]   [2] Line 53, E:\DownLoading\sourcemod-1.11.0-git6826-windows\addons\sourcemod\scripting\l4d2_scav_fix_nm5.sp::ScavTimerH
L 01/10/2023 - 19:53:53: [SM] Exception reported: Client 2 is not in game
L 01/10/2023 - 19:53:53: [SM] Blaming: optional/l4d2_scav_fix_nm5.smx
L 01/10/2023 - 19:53:53: [SM] Call stack trace:
L 01/10/2023 - 19:53:53: [SM]   [0] GetClientAbsOrigin
L 01/10/2023 - 19:53:53: [SM]   [1] Line 76, E:\DownLoading\sourcemod-1.11.0-git6826-windows\addons\sourcemod\scripting\l4d2_scav_fix_nm5.sp::FindMisplacedCans
L 01/10/2023 - 19:53:53: [SM]   [2] Line 53, E:\DownLoading\sourcemod-1.11.0-git6826-windows\addons\sourcemod\scripting\l4d2_scav_fix_nm5.sp::ScavTimerH
L 01/10/2023 - 19:54:08: [SM] Exception reported: Client 2 is not in game
L 01/10/2023 - 19:54:08: [SM] Blaming: optional/l4d2_scav_fix_nm5.smx
L 01/10/2023 - 19:54:08: [SM] Call stack trace:
L 01/10/2023 - 19:54:08: [SM]   [0] GetClientAbsOrigin
L 01/10/2023 - 19:54:08: [SM]   [1] Line 76, E:\DownLoading\sourcemod-1.11.0-git6826-windows\addons\sourcemod\scripting\l4d2_scav_fix_nm5.sp::FindMisplacedCans
L 01/10/2023 - 19:54:08: [SM]   [2] Line 53, E:\DownLoading\sourcemod-1.11.0-git6826-windows\addons\sourcemod\scripting\l4d2_scav_fix_nm5.sp::ScavTimerH
L 01/10/2023 - 19:54:23: [SM] Exception reported: Client 2 is not in game
L 01/10/2023 - 19:54:23: [SM] Blaming: optional/l4d2_scav_fix_nm5.smx
L 01/10/2023 - 19:54:23: [SM] Call stack trace:
L 01/10/2023 - 19:54:23: [SM]   [0] GetClientAbsOrigin
L 01/10/2023 - 19:54:23: [SM]   [1] Line 76, E:\DownLoading\sourcemod-1.11.0-git6826-windows\addons\sourcemod\scripting\l4d2_scav_fix_nm5.sp::FindMisplacedCans
L 01/10/2023 - 19:54:23: [SM]   [2] Line 53, E:\DownLoading\sourcemod-1.11.0-git6826-windows\addons\sourcemod\scripting\l4d2_scav_fix_nm5.sp::ScavTimerH
L 01/10/2023 - 19:54:38: [SM] Exception reported: Client 2 is not in game
L 01/10/2023 - 19:54:38: [SM] Blaming: optional/l4d2_scav_fix_nm5.smx
L 01/10/2023 - 19:54:38: [SM] Call stack trace:
L 01/10/2023 - 19:54:38: [SM]   [0] GetClientAbsOrigin
L 01/10/2023 - 19:54:38: [SM]   [1] Line 76, E:\DownLoading\sourcemod-1.11.0-git6826-windows\addons\sourcemod\scripting\l4d2_scav_fix_nm5.sp::FindMisplacedCans
L 01/10/2023 - 19:54:38: [SM]   [2] Line 53, E:\DownLoading\sourcemod-1.11.0-git6826-windows\addons\sourcemod\scripting\l4d2_scav_fix_nm5.sp::ScavTimerH
L 01/10/2023 - 19:54:53: [SM] Exception reported: Client 2 is not in game
L 01/10/2023 - 19:54:53: [SM] Blaming: optional/l4d2_scav_fix_nm5.smx
L 01/10/2023 - 19:54:53: [SM] Call stack trace:
L 01/10/2023 - 19:54:53: [SM]   [0] GetClientAbsOrigin
L 01/10/2023 - 19:54:53: [SM]   [1] Line 76, E:\DownLoading\sourcemod-1.11.0-git6826-windows\addons\sourcemod\scripting\l4d2_scav_fix_nm5.sp::FindMisplacedCans
L 01/10/2023 - 19:54:53: [SM]   [2] Line 53, E:\DownLoading\sourcemod-1.11.0-git6826-windows\addons\sourcemod\scripting\l4d2_scav_fix_nm5.sp::ScavTimerH
L 01/10/2023 - 19:55:08: [SM] Exception reported: Client 2 is not in game
L 01/10/2023 - 19:55:08: [SM] Blaming: optional/l4d2_scav_fix_nm5.smx
L 01/10/2023 - 19:55:08: [SM] Call stack trace:
L 01/10/2023 - 19:55:08: [SM]   [0] GetClientAbsOrigin
L 01/10/2023 - 19:55:08: [SM]   [1] Line 76, E:\DownLoading\sourcemod-1.11.0-git6826-windows\addons\sourcemod\scripting\l4d2_scav_fix_nm5.sp::FindMisplacedCans
L 01/10/2023 - 19:55:08: [SM]   [2] Line 53, E:\DownLoading\sourcemod-1.11.0-git6826-windows\addons\sourcemod\scripting\l4d2_scav_fix_nm5.sp::ScavTimerH
L 01/10/2023 - 19:55:23: [SM] Exception reported: Client 2 is not in game
L 01/10/2023 - 19:55:23: [SM] Blaming: optional/l4d2_scav_fix_nm5.smx
L 01/10/2023 - 19:55:23: [SM] Call stack trace:
L 01/10/2023 - 19:55:23: [SM]   [0] GetClientAbsOrigin
L 01/10/2023 - 19:55:23: [SM]   [1] Line 76, E:\DownLoading\sourcemod-1.11.0-git6826-windows\addons\sourcemod\scripting\l4d2_scav_fix_nm5.sp::FindMisplacedCans
L 01/10/2023 - 19:55:23: [SM]   [2] Line 53, E:\DownLoading\sourcemod-1.11.0-git6826-windows\addons\sourcemod\scripting\l4d2_scav_fix_nm5.sp::ScavTimerH
L 01/10/2023 - 19:55:38: [SM] Exception reported: Client 2 is not in game
L 01/10/2023 - 19:55:38: [SM] Blaming: optional/l4d2_scav_fix_nm5.smx
L 01/10/2023 - 19:55:38: [SM] Call stack trace:
L 01/10/2023 - 19:55:38: [SM]   [0] GetClientAbsOrigin
L 01/10/2023 - 19:55:38: [SM]   [1] Line 76, E:\DownLoading\sourcemod-1.11.0-git6826-windows\addons\sourcemod\scripting\l4d2_scav_fix_nm5.sp::FindMisplacedCans
L 01/10/2023 - 19:55:38: [SM]   [2] Line 53, E:\DownLoading\sourcemod-1.11.0-git6826-windows\addons\sourcemod\scripting\l4d2_scav_fix_nm5.sp::ScavTimerH
L 01/10/2023 - 19:55:53: [SM] Exception reported: Client 2 is not in game
L 01/10/2023 - 19:55:53: [SM] Blaming: optional/l4d2_scav_fix_nm5.smx
L 01/10/2023 - 19:55:53: [SM] Call stack trace:
L 01/10/2023 - 19:55:53: [SM]   [0] GetClientAbsOrigin
L 01/10/2023 - 19:55:53: [SM]   [1] Line 76, E:\DownLoading\sourcemod-1.11.0-git6826-windows\addons\sourcemod\scripting\l4d2_scav_fix_nm5.sp::FindMisplacedCans
L 01/10/2023 - 19:55:53: [SM]   [2] Line 53, E:\DownLoading\sourcemod-1.11.0-git6826-windows\addons\sourcemod\scripting\l4d2_scav_fix_nm5.sp::ScavTimerH
L 01/10/2023 - 19:56:08: [SM] Exception reported: Client 2 is not in game
L 01/10/2023 - 19:56:08: [SM] Blaming: optional/l4d2_scav_fix_nm5.smx
L 01/10/2023 - 19:56:08: [SM] Call stack trace:
L 01/10/2023 - 19:56:08: [SM]   [0] GetClientAbsOrigin
L 01/10/2023 - 19:56:08: [SM]   [1] Line 76, E:\DownLoading\sourcemod-1.11.0-git6826-windows\addons\sourcemod\scripting\l4d2_scav_fix_nm5.sp::FindMisplacedCans
L 01/10/2023 - 19:56:08: [SM]   [2] Line 53, E:\DownLoading\sourcemod-1.11.0-git6826-windows\addons\sourcemod\scripting\l4d2_scav_fix_nm5.sp::ScavTimerH
L 01/10/2023 - 19:56:23: [SM] Exception reported: Client 2 is not in game
L 01/10/2023 - 19:56:23: [SM] Blaming: optional/l4d2_scav_fix_nm5.smx
L 01/10/2023 - 19:56:23: [SM] Call stack trace:
L 01/10/2023 - 19:56:23: [SM]   [0] GetClientAbsOrigin
L 01/10/2023 - 19:56:23: [SM]   [1] Line 76, E:\DownLoading\sourcemod-1.11.0-git6826-windows\addons\sourcemod\scripting\l4d2_scav_fix_nm5.sp::FindMisplacedCans
L 01/10/2023 - 19:56:23: [SM]   [2] Line 53, E:\DownLoading\sourcemod-1.11.0-git6826-windows\addons\sourcemod\scripting\l4d2_scav_fix_nm5.sp::ScavTimerH
L 01/10/2023 - 19:56:38: [SM] Exception reported: Client 2 is not in game
L 01/10/2023 - 19:56:38: [SM] Blaming: optional/l4d2_scav_fix_nm5.smx
L 01/10/2023 - 19:56:38: [SM] Call stack trace:
L 01/10/2023 - 19:56:38: [SM]   [0] GetClientAbsOrigin
L 01/10/2023 - 19:56:38: [SM]   [1] Line 76, E:\DownLoading\sourcemod-1.11.0-git6826-windows\addons\sourcemod\scripting\l4d2_scav_fix_nm5.sp::FindMisplacedCans
L 01/10/2023 - 19:56:38: [SM]   [2] Line 53, E:\DownLoading\sourcemod-1.11.0-git6826-windows\addons\sourcemod\scripting\l4d2_scav_fix_nm5.sp::ScavTimerH
L 01/10/2023 - 19:56:53: [SM] Exception reported: Client 2 is not in game
L 01/10/2023 - 19:56:53: [SM] Blaming: optional/l4d2_scav_fix_nm5.smx
L 01/10/2023 - 19:56:53: [SM] Call stack trace:
L 01/10/2023 - 19:56:53: [SM]   [0] GetClientAbsOrigin
L 01/10/2023 - 19:56:53: [SM]   [1] Line 76, E:\DownLoading\sourcemod-1.11.0-git6826-windows\addons\sourcemod\scripting\l4d2_scav_fix_nm5.sp::FindMisplacedCans
L 01/10/2023 - 19:56:53: [SM]   [2] Line 53, E:\DownLoading\sourcemod-1.11.0-git6826-windows\addons\sourcemod\scripting\l4d2_scav_fix_nm5.sp::ScavTimerH
L 01/10/2023 - 19:57:08: [SM] Exception reported: Client 2 is not in game
L 01/10/2023 - 19:57:08: [SM] Blaming: optional/l4d2_scav_fix_nm5.smx
L 01/10/2023 - 19:57:08: [SM] Call stack trace:
L 01/10/2023 - 19:57:08: [SM]   [0] GetClientAbsOrigin
L 01/10/2023 - 19:57:08: [SM]   [1] Line 76, E:\DownLoading\sourcemod-1.11.0-git6826-windows\addons\sourcemod\scripting\l4d2_scav_fix_nm5.sp::FindMisplacedCans
L 01/10/2023 - 19:57:08: [SM]   [2] Line 53, E:\DownLoading\sourcemod-1.11.0-git6826-windows\addons\sourcemod\scripting\l4d2_scav_fix_nm5.sp::ScavTimerH
L 01/10/2023 - 19:57:23: [SM] Exception reported: Client 2 is not in game
L 01/10/2023 - 19:57:23: [SM] Blaming: optional/l4d2_scav_fix_nm5.smx
L 01/10/2023 - 19:57:23: [SM] Call stack trace:
L 01/10/2023 - 19:57:23: [SM]   [0] GetClientAbsOrigin
L 01/10/2023 - 19:57:23: [SM]   [1] Line 76, E:\DownLoading\sourcemod-1.11.0-git6826-windows\addons\sourcemod\scripting\l4d2_scav_fix_nm5.sp::FindMisplacedCans
L 01/10/2023 - 19:57:23: [SM]   [2] Line 53, E:\DownLoading\sourcemod-1.11.0-git6826-windows\addons\sourcemod\scripting\l4d2_scav_fix_nm5.sp::ScavTimerH
L 01/10/2023 - 19:57:38: [SM] Exception reported: Client 2 is not in game
L 01/10/2023 - 19:57:38: [SM] Blaming: optional/l4d2_scav_fix_nm5.smx
L 01/10/2023 - 19:57:38: [SM] Call stack trace:
L 01/10/2023 - 19:57:38: [SM]   [0] GetClientAbsOrigin
L 01/10/2023 - 19:57:38: [SM]   [1] Line 76, E:\DownLoading\sourcemod-1.11.0-git6826-windows\addons\sourcemod\scripting\l4d2_scav_fix_nm5.sp::FindMisplacedCans
L 01/10/2023 - 19:57:38: [SM]   [2] Line 53, E:\DownLoading\sourcemod-1.11.0-git6826-windows\addons\sourcemod\scripting\l4d2_scav_fix_nm5.sp::ScavTimerH
L 01/10/2023 - 19:57:53: [SM] Exception reported: Client 3 is not in game
L 01/10/2023 - 19:57:53: [SM] Blaming: optional/l4d2_scav_fix_nm5.smx
L 01/10/2023 - 19:57:53: [SM] Call stack trace:
L 01/10/2023 - 19:57:53: [SM]   [0] GetClientAbsOrigin
L 01/10/2023 - 19:57:53: [SM]   [1] Line 76, E:\DownLoading\sourcemod-1.11.0-git6826-windows\addons\sourcemod\scripting\l4d2_scav_fix_nm5.sp::FindMisplacedCans
L 01/10/2023 - 19:57:53: [SM]   [2] Line 53, E:\DownLoading\sourcemod-1.11.0-git6826-windows\addons\sourcemod\scripting\l4d2_scav_fix_nm5.sp::ScavTimerH
L 01/10/2023 - 19:58:08: [SM] Exception reported: Client 2 is not in game
L 01/10/2023 - 19:58:08: [SM] Blaming: optional/l4d2_scav_fix_nm5.smx
L 01/10/2023 - 19:58:08: [SM] Call stack trace:
L 01/10/2023 - 19:58:08: [SM]   [0] GetClientAbsOrigin
L 01/10/2023 - 19:58:08: [SM]   [1] Line 76, E:\DownLoading\sourcemod-1.11.0-git6826-windows\addons\sourcemod\scripting\l4d2_scav_fix_nm5.sp::FindMisplacedCans
L 01/10/2023 - 19:58:08: [SM]   [2] Line 53, E:\DownLoading\sourcemod-1.11.0-git6826-windows\addons\sourcemod\scripting\l4d2_scav_fix_nm5.sp::ScavTimerH
L 01/10/2023 - 19:58:23: [SM] Exception reported: Client 2 is not in game
L 01/10/2023 - 19:58:23: [SM] Blaming: optional/l4d2_scav_fix_nm5.smx
L 01/10/2023 - 19:58:23: [SM] Call stack trace:
L 01/10/2023 - 19:58:23: [SM]   [0] GetClientAbsOrigin
L 01/10/2023 - 19:58:23: [SM]   [1] Line 76, E:\DownLoading\sourcemod-1.11.0-git6826-windows\addons\sourcemod\scripting\l4d2_scav_fix_nm5.sp::FindMisplacedCans
L 01/10/2023 - 19:58:23: [SM]   [2] Line 53, E:\DownLoading\sourcemod-1.11.0-git6826-windows\addons\sourcemod\scripting\l4d2_scav_fix_nm5.sp::ScavTimerH
L 01/10/2023 - 19:58:38: [SM] Exception reported: Client 2 is not in game
L 01/10/2023 - 19:58:38: [SM] Blaming: optional/l4d2_scav_fix_nm5.smx
L 01/10/2023 - 19:58:38: [SM] Call stack trace:
L 01/10/2023 - 19:58:38: [SM]   [0] GetClientAbsOrigin
L 01/10/2023 - 19:58:38: [SM]   [1] Line 76, E:\DownLoading\sourcemod-1.11.0-git6826-windows\addons\sourcemod\scripting\l4d2_scav_fix_nm5.sp::FindMisplacedCans
L 01/10/2023 - 19:58:38: [SM]   [2] Line 53, E:\DownLoading\sourcemod-1.11.0-git6826-windows\addons\sourcemod\scripting\l4d2_scav_fix_nm5.sp::ScavTimerH
L 01/10/2023 - 19:58:53: [SM] Exception reported: Client 2 is not in game
L 01/10/2023 - 19:58:53: [SM] Blaming: optional/l4d2_scav_fix_nm5.smx
L 01/10/2023 - 19:58:53: [SM] Call stack trace:
L 01/10/2023 - 19:58:53: [SM]   [0] GetClientAbsOrigin
L 01/10/2023 - 19:58:53: [SM]   [1] Line 76, E:\DownLoading\sourcemod-1.11.0-git6826-windows\addons\sourcemod\scripting\l4d2_scav_fix_nm5.sp::FindMisplacedCans
L 01/10/2023 - 19:58:53: [SM]   [2] Line 53, E:\DownLoading\sourcemod-1.11.0-git6826-windows\addons\sourcemod\scripting\l4d2_scav_fix_nm5.sp::ScavTimerH
L 01/10/2023 - 19:59:08: [SM] Exception reported: Client 2 is not in game
L 01/10/2023 - 19:59:08: [SM] Blaming: optional/l4d2_scav_fix_nm5.smx
L 01/10/2023 - 19:59:08: [SM] Call stack trace:
L 01/10/2023 - 19:59:08: [SM]   [0] GetClientAbsOrigin
L 01/10/2023 - 19:59:08: [SM]   [1] Line 76, E:\DownLoading\sourcemod-1.11.0-git6826-windows\addons\sourcemod\scripting\l4d2_scav_fix_nm5.sp::FindMisplacedCans
L 01/10/2023 - 19:59:08: [SM]   [2] Line 53, E:\DownLoading\sourcemod-1.11.0-git6826-windows\addons\sourcemod\scripting\l4d2_scav_fix_nm5.sp::ScavTimerH
L 01/10/2023 - 19:59:23: [SM] Exception reported: Client 2 is not in game
L 01/10/2023 - 19:59:23: [SM] Blaming: optional/l4d2_scav_fix_nm5.smx
L 01/10/2023 - 19:59:23: [SM] Call stack trace:
L 01/10/2023 - 19:59:23: [SM]   [0] GetClientAbsOrigin
L 01/10/2023 - 19:59:23: [SM]   [1] Line 76, E:\DownLoading\sourcemod-1.11.0-git6826-windows\addons\sourcemod\scripting\l4d2_scav_fix_nm5.sp::FindMisplacedCans
L 01/10/2023 - 19:59:23: [SM]   [2] Line 53, E:\DownLoading\sourcemod-1.11.0-git6826-windows\addons\sourcemod\scripting\l4d2_scav_fix_nm5.sp::ScavTimerH
L 01/10/2023 - 19:59:38: [SM] Exception reported: Client 2 is not in game
L 01/10/2023 - 19:59:38: [SM] Blaming: optional/l4d2_scav_fix_nm5.smx
L 01/10/2023 - 19:59:38: [SM] Call stack trace:
L 01/10/2023 - 19:59:38: [SM]   [0] GetClientAbsOrigin
L 01/10/2023 - 19:59:38: [SM]   [1] Line 76, E:\DownLoading\sourcemod-1.11.0-git6826-windows\addons\sourcemod\scripting\l4d2_scav_fix_nm5.sp::FindMisplacedCans
L 01/10/2023 - 19:59:38: [SM]   [2] Line 53, E:\DownLoading\sourcemod-1.11.0-git6826-windows\addons\sourcemod\scripting\l4d2_scav_fix_nm5.sp::ScavTimerH
L 01/10/2023 - 19:59:53: [SM] Exception reported: Client 2 is not in game
L 01/10/2023 - 19:59:53: [SM] Blaming: optional/l4d2_scav_fix_nm5.smx
L 01/10/2023 - 19:59:53: [SM] Call stack trace:
L 01/10/2023 - 19:59:53: [SM]   [0] GetClientAbsOrigin
L 01/10/2023 - 19:59:53: [SM]   [1] Line 76, E:\DownLoading\sourcemod-1.11.0-git6826-windows\addons\sourcemod\scripting\l4d2_scav_fix_nm5.sp::FindMisplacedCans
L 01/10/2023 - 19:59:53: [SM]   [2] Line 53, E:\DownLoading\sourcemod-1.11.0-git6826-windows\addons\sourcemod\scripting\l4d2_scav_fix_nm5.sp::ScavTimerH
L 01/10/2023 - 20:00:08: [SM] Exception reported: Client 2 is not in game
L 01/10/2023 - 20:00:08: [SM] Blaming: optional/l4d2_scav_fix_nm5.smx
L 01/10/2023 - 20:00:08: [SM] Call stack trace:
L 01/10/2023 - 20:00:08: [SM]   [0] GetClientAbsOrigin
L 01/10/2023 - 20:00:08: [SM]   [1] Line 76, E:\DownLoading\sourcemod-1.11.0-git6826-windows\addons\sourcemod\scripting\l4d2_scav_fix_nm5.sp::FindMisplacedCans
L 01/10/2023 - 20:00:08: [SM]   [2] Line 53, E:\DownLoading\sourcemod-1.11.0-git6826-windows\addons\sourcemod\scripting\l4d2_scav_fix_nm5.sp::ScavTimerH
L 01/10/2023 - 20:00:23: [SM] Exception reported: Client 2 is not in game
L 01/10/2023 - 20:00:23: [SM] Blaming: optional/l4d2_scav_fix_nm5.smx
L 01/10/2023 - 20:00:23: [SM] Call stack trace:
L 01/10/2023 - 20:00:23: [SM]   [0] GetClientAbsOrigin
L 01/10/2023 - 20:00:23: [SM]   [1] Line 76, E:\DownLoading\sourcemod-1.11.0-git6826-windows\addons\sourcemod\scripting\l4d2_scav_fix_nm5.sp::FindMisplacedCans
L 01/10/2023 - 20:00:23: [SM]   [2] Line 53, E:\DownLoading\sourcemod-1.11.0-git6826-windows\addons\sourcemod\scripting\l4d2_scav_fix_nm5.sp::ScavTimerH
L 01/10/2023 - 20:00:38: [SM] Exception reported: Client 2 is not in game
L 01/10/2023 - 20:00:38: [SM] Blaming: optional/l4d2_scav_fix_nm5.smx
L 01/10/2023 - 20:00:38: [SM] Call stack trace:
L 01/10/2023 - 20:00:38: [SM]   [0] GetClientAbsOrigin
L 01/10/2023 - 20:00:38: [SM]   [1] Line 76, E:\DownLoading\sourcemod-1.11.0-git6826-windows\addons\sourcemod\scripting\l4d2_scav_fix_nm5.sp::FindMisplacedCans
L 01/10/2023 - 20:00:38: [SM]   [2] Line 53, E:\DownLoading\sourcemod-1.11.0-git6826-windows\addons\sourcemod\scripting\l4d2_scav_fix_nm5.sp::ScavTimerH
L 01/10/2023 - 20:00:53: [SM] Exception reported: Client 2 is not in game
L 01/10/2023 - 20:00:53: [SM] Blaming: optional/l4d2_scav_fix_nm5.smx
L 01/10/2023 - 20:00:53: [SM] Call stack trace:
L 01/10/2023 - 20:00:53: [SM]   [0] GetClientAbsOrigin
L 01/10/2023 - 20:00:53: [SM]   [1] Line 76, E:\DownLoading\sourcemod-1.11.0-git6826-windows\addons\sourcemod\scripting\l4d2_scav_fix_nm5.sp::FindMisplacedCans
L 01/10/2023 - 20:00:53: [SM]   [2] Line 53, E:\DownLoading\sourcemod-1.11.0-git6826-windows\addons\sourcemod\scripting\l4d2_scav_fix_nm5.sp::ScavTimerH
L 01/10/2023 - 20:01:08: [SM] Exception reported: Client 2 is not in game
L 01/10/2023 - 20:01:08: [SM] Blaming: optional/l4d2_scav_fix_nm5.smx
L 01/10/2023 - 20:01:08: [SM] Call stack trace:
L 01/10/2023 - 20:01:08: [SM]   [0] GetClientAbsOrigin
L 01/10/2023 - 20:01:08: [SM]   [1] Line 76, E:\DownLoading\sourcemod-1.11.0-git6826-windows\addons\sourcemod\scripting\l4d2_scav_fix_nm5.sp::FindMisplacedCans
L 01/10/2023 - 20:01:08: [SM]   [2] Line 53, E:\DownLoading\sourcemod-1.11.0-git6826-windows\addons\sourcemod\scripting\l4d2_scav_fix_nm5.sp::ScavTimerH
L 01/10/2023 - 20:01:23: [SM] Exception reported: Client 2 is not in game
L 01/10/2023 - 20:01:23: [SM] Blaming: optional/l4d2_scav_fix_nm5.smx
L 01/10/2023 - 20:01:23: [SM] Call stack trace:
L 01/10/2023 - 20:01:23: [SM]   [0] GetClientAbsOrigin
L 01/10/2023 - 20:01:23: [SM]   [1] Line 76, E:\DownLoading\sourcemod-1.11.0-git6826-windows\addons\sourcemod\scripting\l4d2_scav_fix_nm5.sp::FindMisplacedCans
L 01/10/2023 - 20:01:23: [SM]   [2] Line 53, E:\DownLoading\sourcemod-1.11.0-git6826-windows\addons\sourcemod\scripting\l4d2_scav_fix_nm5.sp::ScavTimerH
L 01/10/2023 - 20:01:38: [SM] Exception reported: Client 2 is not in game
L 01/10/2023 - 20:01:38: [SM] Blaming: optional/l4d2_scav_fix_nm5.smx
L 01/10/2023 - 20:01:38: [SM] Call stack trace:
L 01/10/2023 - 20:01:38: [SM]   [0] GetClientAbsOrigin
L 01/10/2023 - 20:01:38: [SM]   [1] Line 76, E:\DownLoading\sourcemod-1.11.0-git6826-windows\addons\sourcemod\scripting\l4d2_scav_fix_nm5.sp::FindMisplacedCans
L 01/10/2023 - 20:01:38: [SM]   [2] Line 53, E:\DownLoading\sourcemod-1.11.0-git6826-windows\addons\sourcemod\scripting\l4d2_scav_fix_nm5.sp::ScavTimerH
L 01/10/2023 - 20:01:53: [SM] Exception reported: Client 2 is not in game
L 01/10/2023 - 20:01:53: [SM] Blaming: optional/l4d2_scav_fix_nm5.smx
L 01/10/2023 - 20:01:53: [SM] Call stack trace:
L 01/10/2023 - 20:01:53: [SM]   [0] GetClientAbsOrigin
L 01/10/2023 - 20:01:53: [SM]   [1] Line 76, E:\DownLoading\sourcemod-1.11.0-git6826-windows\addons\sourcemod\scripting\l4d2_scav_fix_nm5.sp::FindMisplacedCans
L 01/10/2023 - 20:01:53: [SM]   [2] Line 53, E:\DownLoading\sourcemod-1.11.0-git6826-windows\addons\sourcemod\scripting\l4d2_scav_fix_nm5.sp::ScavTimerH
L 01/10/2023 - 20:02:08: [SM] Exception reported: Client 2 is not in game
L 01/10/2023 - 20:02:08: [SM] Blaming: optional/l4d2_scav_fix_nm5.smx
L 01/10/2023 - 20:02:08: [SM] Call stack trace:
L 01/10/2023 - 20:02:08: [SM]   [0] GetClientAbsOrigin
L 01/10/2023 - 20:02:08: [SM]   [1] Line 76, E:\DownLoading\sourcemod-1.11.0-git6826-windows\addons\sourcemod\scripting\l4d2_scav_fix_nm5.sp::FindMisplacedCans
L 01/10/2023 - 20:02:08: [SM]   [2] Line 53, E:\DownLoading\sourcemod-1.11.0-git6826-windows\addons\sourcemod\scripting\l4d2_scav_fix_nm5.sp::ScavTimerH
L 01/10/2023 - 20:02:23: [SM] Exception reported: Client 2 is not in game
L 01/10/2023 - 20:02:23: [SM] Blaming: optional/l4d2_scav_fix_nm5.smx
L 01/10/2023 - 20:02:23: [SM] Call stack trace:
L 01/10/2023 - 20:02:23: [SM]   [0] GetClientAbsOrigin
L 01/10/2023 - 20:02:23: [SM]   [1] Line 76, E:\DownLoading\sourcemod-1.11.0-git6826-windows\addons\sourcemod\scripting\l4d2_scav_fix_nm5.sp::FindMisplacedCans
L 01/10/2023 - 20:02:23: [SM]   [2] Line 53, E:\DownLoading\sourcemod-1.11.0-git6826-windows\addons\sourcemod\scripting\l4d2_scav_fix_nm5.sp::ScavTimerH
L 01/10/2023 - 20:02:38: [SM] Exception reported: Client 2 is not in game
L 01/10/2023 - 20:02:38: [SM] Blaming: optional/l4d2_scav_fix_nm5.smx
L 01/10/2023 - 20:02:38: [SM] Call stack trace:
L 01/10/2023 - 20:02:38: [SM]   [0] GetClientAbsOrigin
L 01/10/2023 - 20:02:38: [SM]   [1] Line 76, E:\DownLoading\sourcemod-1.11.0-git6826-windows\addons\sourcemod\scripting\l4d2_scav_fix_nm5.sp::FindMisplacedCans
L 01/10/2023 - 20:02:38: [SM]   [2] Line 53, E:\DownLoading\sourcemod-1.11.0-git6826-windows\addons\sourcemod\scripting\l4d2_scav_fix_nm5.sp::ScavTimerH
L 01/10/2023 - 20:02:53: [SM] Exception reported: Client 2 is not in game
L 01/10/2023 - 20:02:53: [SM] Blaming: optional/l4d2_scav_fix_nm5.smx
L 01/10/2023 - 20:02:53: [SM] Call stack trace:
L 01/10/2023 - 20:02:53: [SM]   [0] GetClientAbsOrigin
L 01/10/2023 - 20:02:53: [SM]   [1] Line 76, E:\DownLoading\sourcemod-1.11.0-git6826-windows\addons\sourcemod\scripting\l4d2_scav_fix_nm5.sp::FindMisplacedCans
L 01/10/2023 - 20:02:53: [SM]   [2] Line 53, E:\DownLoading\sourcemod-1.11.0-git6826-windows\addons\sourcemod\scripting\l4d2_scav_fix_nm5.sp::ScavTimerH
L 01/10/2023 - 20:03:08: [SM] Exception reported: Client 2 is not in game
L 01/10/2023 - 20:03:08: [SM] Blaming: optional/l4d2_scav_fix_nm5.smx
L 01/10/2023 - 20:03:08: [SM] Call stack trace:
L 01/10/2023 - 20:03:08: [SM]   [0] GetClientAbsOrigin
L 01/10/2023 - 20:03:08: [SM]   [1] Line 76, E:\DownLoading\sourcemod-1.11.0-git6826-windows\addons\sourcemod\scripting\l4d2_scav_fix_nm5.sp::FindMisplacedCans
L 01/10/2023 - 20:03:08: [SM]   [2] Line 53, E:\DownLoading\sourcemod-1.11.0-git6826-windows\addons\sourcemod\scripting\l4d2_scav_fix_nm5.sp::ScavTimerH
L 01/10/2023 - 20:03:23: [SM] Exception reported: Client 2 is not in game
L 01/10/2023 - 20:03:23: [SM] Blaming: optional/l4d2_scav_fix_nm5.smx
L 01/10/2023 - 20:03:23: [SM] Call stack trace:
L 01/10/2023 - 20:03:23: [SM]   [0] GetClientAbsOrigin
L 01/10/2023 - 20:03:23: [SM]   [1] Line 76, E:\DownLoading\sourcemod-1.11.0-git6826-windows\addons\sourcemod\scripting\l4d2_scav_fix_nm5.sp::FindMisplacedCans
L 01/10/2023 - 20:03:23: [SM]   [2] Line 53, E:\DownLoading\sourcemod-1.11.0-git6826-windows\addons\sourcemod\scripting\l4d2_scav_fix_nm5.sp::ScavTimerH
L 01/10/2023 - 20:03:38: [SM] Exception reported: Client 2 is not in game
L 01/10/2023 - 20:03:38: [SM] Blaming: optional/l4d2_scav_fix_nm5.smx
L 01/10/2023 - 20:03:38: [SM] Call stack trace:
L 01/10/2023 - 20:03:38: [SM]   [0] GetClientAbsOrigin
L 01/10/2023 - 20:03:38: [SM]   [1] Line 76, E:\DownLoading\sourcemod-1.11.0-git6826-windows\addons\sourcemod\scripting\l4d2_scav_fix_nm5.sp::FindMisplacedCans
L 01/10/2023 - 20:03:38: [SM]   [2] Line 53, E:\DownLoading\sourcemod-1.11.0-git6826-windows\addons\sourcemod\scripting\l4d2_scav_fix_nm5.sp::ScavTimerH
L 01/10/2023 - 20:03:53: [SM] Exception reported: Client 2 is not in game
L 01/10/2023 - 20:03:53: [SM] Blaming: optional/l4d2_scav_fix_nm5.smx
L 01/10/2023 - 20:03:53: [SM] Call stack trace:
L 01/10/2023 - 20:03:53: [SM]   [0] GetClientAbsOrigin
L 01/10/2023 - 20:03:53: [SM]   [1] Line 76, E:\DownLoading\sourcemod-1.11.0-git6826-windows\addons\sourcemod\scripting\l4d2_scav_fix_nm5.sp::FindMisplacedCans
L 01/10/2023 - 20:03:53: [SM]   [2] Line 53, E:\DownLoading\sourcemod-1.11.0-git6826-windows\addons\sourcemod\scripting\l4d2_scav_fix_nm5.sp::ScavTimerH
L 01/10/2023 - 20:04:08: [SM] Exception reported: Client 2 is not in game
L 01/10/2023 - 20:04:08: [SM] Blaming: optional/l4d2_scav_fix_nm5.smx
L 01/10/2023 - 20:04:08: [SM] Call stack trace:
L 01/10/2023 - 20:04:08: [SM]   [0] GetClientAbsOrigin
L 01/10/2023 - 20:04:08: [SM]   [1] Line 76, E:\DownLoading\sourcemod-1.11.0-git6826-windows\addons\sourcemod\scripting\l4d2_scav_fix_nm5.sp::FindMisplacedCans
L 01/10/2023 - 20:04:08: [SM]   [2] Line 53, E:\DownLoading\sourcemod-1.11.0-git6826-windows\addons\sourcemod\scripting\l4d2_scav_fix_nm5.sp::ScavTimerH
L 01/10/2023 - 20:04:23: [SM] Exception reported: Client 2 is not in game
L 01/10/2023 - 20:04:23: [SM] Blaming: optional/l4d2_scav_fix_nm5.smx
L 01/10/2023 - 20:04:23: [SM] Call stack trace:
L 01/10/2023 - 20:04:23: [SM]   [0] GetClientAbsOrigin
L 01/10/2023 - 20:04:23: [SM]   [1] Line 76, E:\DownLoading\sourcemod-1.11.0-git6826-windows\addons\sourcemod\scripting\l4d2_scav_fix_nm5.sp::FindMisplacedCans
L 01/10/2023 - 20:04:23: [SM]   [2] Line 53, E:\DownLoading\sourcemod-1.11.0-git6826-windows\addons\sourcemod\scripting\l4d2_scav_fix_nm5.sp::ScavTimerH
L 01/10/2023 - 20:04:38: [SM] Exception reported: Client 2 is not in game
L 01/10/2023 - 20:04:38: [SM] Blaming: optional/l4d2_scav_fix_nm5.smx
L 01/10/2023 - 20:04:38: [SM] Call stack trace:
L 01/10/2023 - 20:04:38: [SM]   [0] GetClientAbsOrigin
L 01/10/2023 - 20:04:38: [SM]   [1] Line 76, E:\DownLoading\sourcemod-1.11.0-git6826-windows\addons\sourcemod\scripting\l4d2_scav_fix_nm5.sp::FindMisplacedCans
L 01/10/2023 - 20:04:38: [SM]   [2] Line 53, E:\DownLoading\sourcemod-1.11.0-git6826-windows\addons\sourcemod\scripting\l4d2_scav_fix_nm5.sp::ScavTimerH
L 01/10/2023 - 20:04:53: [SM] Exception reported: Client 2 is not in game
L 01/10/2023 - 20:04:53: [SM] Blaming: optional/l4d2_scav_fix_nm5.smx
L 01/10/2023 - 20:04:53: [SM] Call stack trace:
L 01/10/2023 - 20:04:53: [SM]   [0] GetClientAbsOrigin
L 01/10/2023 - 20:04:53: [SM]   [1] Line 76, E:\DownLoading\sourcemod-1.11.0-git6826-windows\addons\sourcemod\scripting\l4d2_scav_fix_nm5.sp::FindMisplacedCans
L 01/10/2023 - 20:04:53: [SM]   [2] Line 53, E:\DownLoading\sourcemod-1.11.0-git6826-windows\addons\sourcemod\scripting\l4d2_scav_fix_nm5.sp::ScavTimerH
L 01/10/2023 - 20:05:18: SourceMod error session started
L 01/10/2023 - 20:05:18: Info (map "c2m1_highway") (file "/root/Steam/steamapps/common/Left 4 Dead 2 Dedicated Server/left4dead2/addons/sourcemod/logs/errors_20230110.log")
L 01/10/2023 - 20:05:18: [SM] Unable to load plugin "Welcome.smx": Could not find required plugin "l4d2_playtime_interface"
L 01/10/2023 - 20:05:19: [SM] Unable to load plugin "l4d_fyzb_en_v20.smx": Could not find required plugin "readyup"
L 01/11/2023 - 00:23:29: Error log file session closed.
