L 09/08/2022 - 00:21:36: SourceMod error session started
L 09/08/2022 - 00:21:36: Info (map "c2m1_highway") (file "/root/Steam/steamapps/common/Left 4 Dead 2 Dedicated Server/left4dead2/addons/sourcemod/logs/errors_20220908.log")
L 09/08/2022 - 00:21:36: [SM] Unable to load extension "rip.ext": /root/Steam/steamapps/common/Left 4 Dead 2 Dedicated Server/left4dead2/addons/sourcemod/extensions/rip.ext.so: cannot open shared object file: No such file or directory
L 09/08/2022 - 00:21:36: [SM] Exception reported: 无法加载cfgs.txt文件!
L 09/08/2022 - 00:21:36: [SM] Blaming: vote.smx
L 09/08/2022 - 00:21:36: [SM] Call stack trace:
L 09/08/2022 - 00:21:36: [SM]   [0] SetFailState
L 09/08/2022 - 00:21:36: [SM]   [1] Line 35, E:\DownLoading\beifen\AstMod v2.6.1\left4dead2\addons\sourcemod\scripting\vote.sp::OnPluginStart
L 09/08/2022 - 00:21:36: [SM] Unable to load plugin "vote.smx": Error detected in plugin startup (see error logs)
L 09/08/2022 - 00:21:36: [SM] Unable to load plugin "l4d2_playtime_interface.smx": Required extension "REST in Pawn" file("rip.ext") not running
L 09/08/2022 - 00:21:36: [SM] Unable to load plugin "Welcome.smx": Could not find required plugin "l4d2_playtime_interface"
L 09/08/2022 - 00:21:37: [SM] Exception reported: 无法加载cfgs.txt文件!
L 09/08/2022 - 00:21:37: [SM] Blaming: vote_advance.smx
L 09/08/2022 - 00:21:37: [SM] Call stack trace:
L 09/08/2022 - 00:21:37: [SM]   [0] SetFailState
L 09/08/2022 - 00:21:37: [SM]   [1] Line 37, E:\DownLoading\beifen\AstMod v2.6.1\left4dead2\addons\sourcemod\scripting\vote_advance.sp::OnPluginStart
L 09/08/2022 - 00:21:37: [SM] Unable to load plugin "vote_advance.smx": Error detected in plugin startup (see error logs)
L 09/08/2022 - 00:21:37: [SM] Fatal error encountered parsing translation file "cannounce.phrases.txt"
L 09/08/2022 - 00:21:37: [SM] Error (line 0, column 0): Stream failed to open
L 09/08/2022 - 08:42:13: [SM] Exception reported: Language phrase "Unknown City Desc" not found (arg 6)
L 09/08/2022 - 08:42:13: [SM] Blaming: cannounce.smx
L 09/08/2022 - 08:42:13: [SM] Call stack trace:
L 09/08/2022 - 08:42:13: [SM]   [0] Format
L 09/08/2022 - 08:42:13: [SM]   [1] Line 404, cannounce.sp::GetFormattedMessage
L 09/08/2022 - 08:42:13: [SM]   [2] Line 274, cannounce.sp::PrintFormattedMessageToAll
L 09/08/2022 - 08:42:13: [SM]   [3] Line 72, cannounce/countryshow.sp::OnPostAdminCheck_CountryShow
L 09/08/2022 - 08:42:13: [SM]   [4] Line 168, cannounce.sp::OnClientPostAdminCheck
L 09/08/2022 - 08:45:05: [SM] Exception reported: Language phrase "Unknown City Desc" not found (arg 6)
L 09/08/2022 - 08:45:05: [SM] Blaming: cannounce.smx
L 09/08/2022 - 08:45:05: [SM] Call stack trace:
L 09/08/2022 - 08:45:05: [SM]   [0] Format
L 09/08/2022 - 08:45:05: [SM]   [1] Line 404, cannounce.sp::GetFormattedMessage
L 09/08/2022 - 08:45:05: [SM]   [2] Line 274, cannounce.sp::PrintFormattedMessageToAll
L 09/08/2022 - 08:45:05: [SM]   [3] Line 148, cannounce/countryshow.sp::event_PlayerDisc_CountryShow
L 09/08/2022 - 08:45:05: [SM]   [4] Line 234, cannounce.sp::event_PlayerDisconnect
L 09/08/2022 - 08:45:19: SourceMod error session started
L 09/08/2022 - 08:45:19: Info (map "c2m1_highway") (file "/root/Steam/steamapps/common/Left 4 Dead 2 Dedicated Server/left4dead2/addons/sourcemod/logs/errors_20220908.log")
L 09/08/2022 - 08:45:19: [SM] Unable to load extension "rip.ext": /root/Steam/steamapps/common/Left 4 Dead 2 Dedicated Server/left4dead2/addons/sourcemod/extensions/rip.ext.so: cannot open shared object file: No such file or directory
L 09/08/2022 - 08:45:19: [SM] Exception reported: 无法加载cfgs.txt文件!
L 09/08/2022 - 08:45:19: [SM] Blaming: vote.smx
L 09/08/2022 - 08:45:19: [SM] Call stack trace:
L 09/08/2022 - 08:45:19: [SM]   [0] SetFailState
L 09/08/2022 - 08:45:19: [SM]   [1] Line 35, E:\DownLoading\beifen\AstMod v2.6.1\left4dead2\addons\sourcemod\scripting\vote.sp::OnPluginStart
L 09/08/2022 - 08:45:19: [SM] Unable to load plugin "vote.smx": Error detected in plugin startup (see error logs)
L 09/08/2022 - 08:45:19: [SM] Unable to load plugin "l4d2_playtime_interface.smx": Required extension "REST in Pawn" file("rip.ext") not running
L 09/08/2022 - 08:45:19: [SM] Unable to load plugin "Welcome.smx": Could not find required plugin "l4d2_playtime_interface"
L 09/08/2022 - 08:45:20: [SM] Exception reported: 无法加载cfgs.txt文件!
L 09/08/2022 - 08:45:20: [SM] Blaming: vote_advance.smx
L 09/08/2022 - 08:45:20: [SM] Call stack trace:
L 09/08/2022 - 08:45:20: [SM]   [0] SetFailState
L 09/08/2022 - 08:45:20: [SM]   [1] Line 37, E:\DownLoading\beifen\AstMod v2.6.1\left4dead2\addons\sourcemod\scripting\vote_advance.sp::OnPluginStart
L 09/08/2022 - 08:45:20: [SM] Unable to load plugin "vote_advance.smx": Error detected in plugin startup (see error logs)
L 09/08/2022 - 08:45:20: [SM] Fatal error encountered parsing translation file "cannounce.phrases.txt"
L 09/08/2022 - 08:45:20: [SM] Error (line 0, column 0): Stream failed to open
L 09/08/2022 - 08:54:12: [SM] Exception reported: Language phrase "Unknown City Desc" not found (arg 6)
L 09/08/2022 - 08:54:12: [SM] Blaming: cannounce.smx
L 09/08/2022 - 08:54:12: [SM] Call stack trace:
L 09/08/2022 - 08:54:12: [SM]   [0] Format
L 09/08/2022 - 08:54:12: [SM]   [1] Line 404, cannounce.sp::GetFormattedMessage
L 09/08/2022 - 08:54:12: [SM]   [2] Line 274, cannounce.sp::PrintFormattedMessageToAll
L 09/08/2022 - 08:54:12: [SM]   [3] Line 72, cannounce/countryshow.sp::OnPostAdminCheck_CountryShow
L 09/08/2022 - 08:54:12: [SM]   [4] Line 168, cannounce.sp::OnClientPostAdminCheck
L 09/08/2022 - 09:01:13: SourceMod error session started
L 09/08/2022 - 09:01:13: Info (map "c2m1_highway") (file "/root/Steam/steamapps/common/Left 4 Dead 2 Dedicated Server/left4dead2/addons/sourcemod/logs/errors_20220908.log")
L 09/08/2022 - 09:01:13: [SM] Unable to load extension "rip.ext": /root/Steam/steamapps/common/Left 4 Dead 2 Dedicated Server/left4dead2/addons/sourcemod/extensions/rip.ext.so: cannot open shared object file: No such file or directory
L 09/08/2022 - 09:01:13: [SM] Exception reported: 无法加载cfgs.txt文件!
L 09/08/2022 - 09:01:13: [SM] Blaming: vote.smx
L 09/08/2022 - 09:01:13: [SM] Call stack trace:
L 09/08/2022 - 09:01:13: [SM]   [0] SetFailState
L 09/08/2022 - 09:01:13: [SM]   [1] Line 35, E:\DownLoading\beifen\AstMod v2.6.1\left4dead2\addons\sourcemod\scripting\vote.sp::OnPluginStart
L 09/08/2022 - 09:01:13: [SM] Unable to load plugin "vote.smx": Error detected in plugin startup (see error logs)
L 09/08/2022 - 09:01:13: [SM] Unable to load plugin "l4d2_playtime_interface.smx": Required extension "REST in Pawn" file("rip.ext") not running
L 09/08/2022 - 09:01:13: [SM] Unable to load plugin "Welcome.smx": Could not find required plugin "l4d2_playtime_interface"
L 09/08/2022 - 09:01:14: [SM] Exception reported: 无法加载cfgs.txt文件!
L 09/08/2022 - 09:01:14: [SM] Blaming: vote_advance.smx
L 09/08/2022 - 09:01:14: [SM] Call stack trace:
L 09/08/2022 - 09:01:14: [SM]   [0] SetFailState
L 09/08/2022 - 09:01:14: [SM]   [1] Line 37, E:\DownLoading\beifen\AstMod v2.6.1\left4dead2\addons\sourcemod\scripting\vote_advance.sp::OnPluginStart
L 09/08/2022 - 09:01:14: [SM] Unable to load plugin "vote_advance.smx": Error detected in plugin startup (see error logs)
L 09/08/2022 - 09:01:14: [SM] Fatal error encountered parsing translation file "cannounce.phrases.txt"
L 09/08/2022 - 09:01:14: [SM] Error (line 0, column 0): Stream failed to open
L 09/08/2022 - 09:06:32: SourceMod error session started
L 09/08/2022 - 09:06:32: Info (map "c2m1_highway") (file "/root/Steam/steamapps/common/Left 4 Dead 2 Dedicated Server/left4dead2/addons/sourcemod/logs/errors_20220908.log")
L 09/08/2022 - 09:06:32: [SM] Unable to load extension "rip.ext": /root/Steam/steamapps/common/Left 4 Dead 2 Dedicated Server/left4dead2/addons/sourcemod/extensions/rip.ext.so: cannot open shared object file: No such file or directory
L 09/08/2022 - 09:06:32: [SM] Exception reported: 无法加载cfgs.txt文件!
L 09/08/2022 - 09:06:32: [SM] Blaming: vote.smx
L 09/08/2022 - 09:06:32: [SM] Call stack trace:
L 09/08/2022 - 09:06:32: [SM]   [0] SetFailState
L 09/08/2022 - 09:06:32: [SM]   [1] Line 35, E:\DownLoading\beifen\AstMod v2.6.1\left4dead2\addons\sourcemod\scripting\vote.sp::OnPluginStart
L 09/08/2022 - 09:06:32: [SM] Unable to load plugin "vote.smx": Error detected in plugin startup (see error logs)
L 09/08/2022 - 09:06:32: [SM] Unable to load plugin "l4d2_playtime_interface.smx": Required extension "REST in Pawn" file("rip.ext") not running
L 09/08/2022 - 09:06:32: [SM] Unable to load plugin "Welcome.smx": Could not find required plugin "l4d2_playtime_interface"
L 09/08/2022 - 09:06:32: [SM] Exception reported: 无法加载cfgs.txt文件!
L 09/08/2022 - 09:06:32: [SM] Blaming: vote_advance.smx
L 09/08/2022 - 09:06:32: [SM] Call stack trace:
L 09/08/2022 - 09:06:32: [SM]   [0] SetFailState
L 09/08/2022 - 09:06:32: [SM]   [1] Line 37, E:\DownLoading\beifen\AstMod v2.6.1\left4dead2\addons\sourcemod\scripting\vote_advance.sp::OnPluginStart
L 09/08/2022 - 09:06:32: [SM] Unable to load plugin "vote_advance.smx": Error detected in plugin startup (see error logs)
L 09/08/2022 - 09:06:32: [SM] Fatal error encountered parsing translation file "cannounce.phrases.txt"
L 09/08/2022 - 09:06:32: [SM] Error (line 0, column 0): Stream failed to open
L 09/08/2022 - 09:19:27: Error log file session closed.
L 09/08/2022 - 09:19:27: SourceMod error session started
L 09/08/2022 - 09:19:27: Info (map "c2m2_fairgrounds") (file "/root/Steam/steamapps/common/Left 4 Dead 2 Dedicated Server/left4dead2/addons/sourcemod/logs/errors_20220908.log")
L 09/08/2022 - 09:19:27: [SM] Fatal error encountered parsing translation file "cannounce.phrases.txt"
L 09/08/2022 - 09:19:27: [SM] Error (line 0, column 0): Stream failed to open
L 09/08/2022 - 09:20:31: SourceMod error session started
L 09/08/2022 - 09:20:31: Info (map "c2m1_highway") (file "/root/Steam/steamapps/common/Left 4 Dead 2 Dedicated Server/left4dead2/addons/sourcemod/logs/errors_20220908.log")
L 09/08/2022 - 09:20:31: [SM] Unable to load extension "rip.ext": /root/Steam/steamapps/common/Left 4 Dead 2 Dedicated Server/left4dead2/addons/sourcemod/extensions/rip.ext.so: cannot open shared object file: No such file or directory
L 09/08/2022 - 09:20:31: [SM] Exception reported: 无法加载cfgs.txt文件!
L 09/08/2022 - 09:20:31: [SM] Blaming: vote.smx
L 09/08/2022 - 09:20:31: [SM] Call stack trace:
L 09/08/2022 - 09:20:31: [SM]   [0] SetFailState
L 09/08/2022 - 09:20:31: [SM]   [1] Line 35, E:\DownLoading\beifen\AstMod v2.6.1\left4dead2\addons\sourcemod\scripting\vote.sp::OnPluginStart
L 09/08/2022 - 09:20:31: [SM] Unable to load plugin "vote.smx": Error detected in plugin startup (see error logs)
L 09/08/2022 - 09:20:31: [SM] Unable to load plugin "l4d2_playtime_interface.smx": Required extension "REST in Pawn" file("rip.ext") not running
L 09/08/2022 - 09:20:31: [SM] Unable to load plugin "Welcome.smx": Could not find required plugin "l4d2_playtime_interface"
L 09/08/2022 - 09:20:32: [SM] Exception reported: 无法加载cfgs.txt文件!
L 09/08/2022 - 09:20:32: [SM] Blaming: vote_advance.smx
L 09/08/2022 - 09:20:32: [SM] Call stack trace:
L 09/08/2022 - 09:20:32: [SM]   [0] SetFailState
L 09/08/2022 - 09:20:32: [SM]   [1] Line 37, E:\DownLoading\beifen\AstMod v2.6.1\left4dead2\addons\sourcemod\scripting\vote_advance.sp::OnPluginStart
L 09/08/2022 - 09:20:32: [SM] Unable to load plugin "vote_advance.smx": Error detected in plugin startup (see error logs)
L 09/08/2022 - 09:20:32: [SM] Fatal error encountered parsing translation file "cannounce.phrases.txt"
L 09/08/2022 - 09:20:32: [SM] Error (line 0, column 0): Stream failed to open
L 09/08/2022 - 22:23:13: SourceMod error session started
L 09/08/2022 - 22:23:13: Info (map "c2m1_highway") (file "/root/Steam/steamapps/common/Left 4 Dead 2 Dedicated Server/left4dead2/addons/sourcemod/logs/errors_20220908.log")
L 09/08/2022 - 22:23:13: [SM] Unable to load extension "rip.ext": /root/Steam/steamapps/common/Left 4 Dead 2 Dedicated Server/left4dead2/addons/sourcemod/extensions/rip.ext.so: cannot open shared object file: No such file or directory
L 09/08/2022 - 22:23:13: [SM] Exception reported: 无法加载cfgs.txt文件!
L 09/08/2022 - 22:23:13: [SM] Blaming: vote.smx
L 09/08/2022 - 22:23:13: [SM] Call stack trace:
L 09/08/2022 - 22:23:13: [SM]   [0] SetFailState
L 09/08/2022 - 22:23:13: [SM]   [1] Line 35, E:\DownLoading\beifen\AstMod v2.6.1\left4dead2\addons\sourcemod\scripting\vote.sp::OnPluginStart
L 09/08/2022 - 22:23:13: [SM] Unable to load plugin "vote.smx": Error detected in plugin startup (see error logs)
L 09/08/2022 - 22:23:13: [SM] Unable to load plugin "l4d2_playtime_interface.smx": Required extension "REST in Pawn" file("rip.ext") not running
L 09/08/2022 - 22:23:13: [SM] Unable to load plugin "Welcome.smx": Could not find required plugin "l4d2_playtime_interface"
L 09/08/2022 - 22:23:14: [SM] Exception reported: 无法加载cfgs.txt文件!
L 09/08/2022 - 22:23:14: [SM] Blaming: vote_advance.smx
L 09/08/2022 - 22:23:14: [SM] Call stack trace:
L 09/08/2022 - 22:23:14: [SM]   [0] SetFailState
L 09/08/2022 - 22:23:14: [SM]   [1] Line 37, E:\DownLoading\beifen\AstMod v2.6.1\left4dead2\addons\sourcemod\scripting\vote_advance.sp::OnPluginStart
L 09/08/2022 - 22:23:14: [SM] Unable to load plugin "vote_advance.smx": Error detected in plugin startup (see error logs)
L 09/08/2022 - 22:23:14: [SM] Fatal error encountered parsing translation file "cannounce.phrases.txt"
L 09/08/2022 - 22:23:14: [SM] Error (line 0, column 0): Stream failed to open
L 09/08/2022 - 22:24:47: [confoglcompmod.smx] [Confogl] CvarSettings: Could not find CVar specified (confogl_ghost_warp)
L 09/08/2022 - 22:24:47: [confoglcompmod.smx] [Confogl] CvarSettings: Could not find CVar specified (tankcontrol_print_all)
L 09/08/2022 - 22:24:47: [confoglcompmod.smx] [Confogl] CvarSettings: Could not find CVar specified (l4d2_antibaiter_delay)
L 09/08/2022 - 22:24:47: [confoglcompmod.smx] [Confogl] CvarSettings: Could not find CVar specified (l4d2_antibaiter_horde_timer)
L 09/08/2022 - 22:24:47: [confoglcompmod.smx] [Confogl] CvarSettings: Could not find CVar specified (l4d2_antibaiter_progress)
L 09/08/2022 - 22:24:47: [confoglcompmod.smx] [Confogl] CvarSettings: Could not find CVar specified (l4d2_MITSR_Pitchfork)
L 09/08/2022 - 22:24:47: [confoglcompmod.smx] [Confogl] CvarSettings: Could not find CVar specified (l4d2_MITSR_Shovel)
L 09/08/2022 - 22:24:47: [confoglcompmod.smx] [Confogl] CvarSettings: Could not find CVar specified (longer_tank_punch_getup)
L 09/08/2022 - 22:24:47: [confoglcompmod.smx] [Confogl] CvarSettings: Could not find CVar specified (l4d_equalise_alarm_cars)
L 09/08/2022 - 22:24:47: [confoglcompmod.smx] [Confogl] CvarSettings: Could not find CVar specified (l4d2_reload_speed_uzi)
L 09/08/2022 - 22:24:47: [confoglcompmod.smx] [Confogl] CvarSettings: Could not find CVar specified (l4d2_reload_speed_silenced_smg)
L 09/08/2022 - 22:24:47: [confoglcompmod.smx] [Confogl] CvarSettings: Could not find CVar specified (l4d2_reload_speed_mp5)
L 09/08/2022 - 22:24:47: [confoglcompmod.smx] [Confogl] CvarSettings: Could not find CVar specified (l4d2_reload_speed_scout)
L 09/08/2022 - 22:24:47: [confoglcompmod.smx] [Confogl] CvarSettings: Could not find CVar specified (sm2_bonus_per_survivor_multiplier)
L 09/08/2022 - 22:24:47: [confoglcompmod.smx] [Confogl] CvarSettings: Could not find CVar specified (sm2_permament_health_proportion)
L 09/08/2022 - 22:24:47: [confoglcompmod.smx] [Confogl] CvarSettings: Could not find CVar specified (sm2_pills_hp_factor)
L 09/08/2022 - 22:24:47: [confoglcompmod.smx] [Confogl] CvarSettings: Could not find CVar specified (sm2_pills_max_bonus)
L 09/08/2022 - 22:24:47: [confoglcompmod.smx] [Confogl] CvarSettings: Attempt to track ConVar l4d2_MITSR_Amount, which is already being tracked.
L 09/08/2022 - 22:24:47: [confoglcompmod.smx] [Confogl] CvarSettings: Attempt to track ConVar l4d2_MITSR_FireAxe, which is already being tracked.
L 09/08/2022 - 22:24:47: [confoglcompmod.smx] [Confogl] CvarSettings: Attempt to track ConVar l4d2_MITSR_BaseballBat, which is already being tracked.
L 09/08/2022 - 22:24:50: Error log file session closed.
L 09/08/2022 - 22:24:50: SourceMod error session started
L 09/08/2022 - 22:24:50: Info (map "c2m1_highway") (file "/root/Steam/steamapps/common/Left 4 Dead 2 Dedicated Server/left4dead2/addons/sourcemod/logs/errors_20220908.log")
L 09/08/2022 - 22:24:50: [SM] Fatal error encountered parsing translation file "cannounce.phrases.txt"
L 09/08/2022 - 22:24:50: [SM] Error (line 0, column 0): Stream failed to open
L 09/08/2022 - 22:26:03: [SM] Exception reported: 无法加载cfgs.txt文件!
L 09/08/2022 - 22:26:03: [SM] Blaming: vote.smx
L 09/08/2022 - 22:26:03: [SM] Call stack trace:
L 09/08/2022 - 22:26:03: [SM]   [0] SetFailState
L 09/08/2022 - 22:26:03: [SM]   [1] Line 35, E:\DownLoading\beifen\AstMod v2.6.1\left4dead2\addons\sourcemod\scripting\vote.sp::OnPluginStart
L 09/08/2022 - 22:26:03: [SM] Unable to load plugin "vote.smx": Error detected in plugin startup (see error logs)
L 09/08/2022 - 22:26:03: [SM] Unable to load plugin "l4d2_playtime_interface.smx": Required extension "REST in Pawn" file("rip.ext") not running
L 09/08/2022 - 22:26:03: [SM] Unable to load plugin "Welcome.smx": Could not find required plugin "l4d2_playtime_interface"
L 09/08/2022 - 22:26:03: [SM] Exception reported: 无法加载cfgs.txt文件!
L 09/08/2022 - 22:26:03: [SM] Blaming: vote_advance.smx
L 09/08/2022 - 22:26:03: [SM] Call stack trace:
L 09/08/2022 - 22:26:03: [SM]   [0] SetFailState
L 09/08/2022 - 22:26:03: [SM]   [1] Line 37, E:\DownLoading\beifen\AstMod v2.6.1\left4dead2\addons\sourcemod\scripting\vote_advance.sp::OnPluginStart
L 09/08/2022 - 22:26:03: [SM] Unable to load plugin "vote_advance.smx": Error detected in plugin startup (see error logs)
L 09/08/2022 - 22:26:18: Error log file session closed.
L 09/08/2022 - 22:26:18: SourceMod error session started
L 09/08/2022 - 22:26:18: Info (map "c2m1_highway") (file "/root/Steam/steamapps/common/Left 4 Dead 2 Dedicated Server/left4dead2/addons/sourcemod/logs/errors_20220908.log")
L 09/08/2022 - 22:26:18: [SM] Fatal error encountered parsing translation file "cannounce.phrases.txt"
L 09/08/2022 - 22:26:18: [SM] Error (line 0, column 0): Stream failed to open
L 09/08/2022 - 22:27:07: [SM] Exception reported: 无法加载cfgs.txt文件!
L 09/08/2022 - 22:27:07: [SM] Blaming: vote.smx
L 09/08/2022 - 22:27:07: [SM] Call stack trace:
L 09/08/2022 - 22:27:07: [SM]   [0] SetFailState
L 09/08/2022 - 22:27:07: [SM]   [1] Line 35, E:\DownLoading\beifen\AstMod v2.6.1\left4dead2\addons\sourcemod\scripting\vote.sp::OnPluginStart
L 09/08/2022 - 22:27:07: [SM] Unable to load plugin "vote.smx": Error detected in plugin startup (see error logs)
L 09/08/2022 - 22:27:07: [SM] Unable to load plugin "l4d2_playtime_interface.smx": Required extension "REST in Pawn" file("rip.ext") not running
L 09/08/2022 - 22:27:07: [SM] Unable to load plugin "Welcome.smx": Could not find required plugin "l4d2_playtime_interface"
L 09/08/2022 - 22:27:08: [SM] Exception reported: 无法加载cfgs.txt文件!
L 09/08/2022 - 22:27:08: [SM] Blaming: vote_advance.smx
L 09/08/2022 - 22:27:08: [SM] Call stack trace:
L 09/08/2022 - 22:27:08: [SM]   [0] SetFailState
L 09/08/2022 - 22:27:08: [SM]   [1] Line 37, E:\DownLoading\beifen\AstMod v2.6.1\left4dead2\addons\sourcemod\scripting\vote_advance.sp::OnPluginStart
L 09/08/2022 - 22:27:08: [SM] Unable to load plugin "vote_advance.smx": Error detected in plugin startup (see error logs)
L 09/08/2022 - 22:29:47: SourceMod error session started
L 09/08/2022 - 22:29:47: Info (map "c2m1_highway") (file "/root/Steam/steamapps/common/Left 4 Dead 2 Dedicated Server/left4dead2/addons/sourcemod/logs/errors_20220908.log")
L 09/08/2022 - 22:29:47: [SM] Unable to load extension "rip.ext": /root/Steam/steamapps/common/Left 4 Dead 2 Dedicated Server/left4dead2/addons/sourcemod/extensions/rip.ext.so: cannot open shared object file: No such file or directory
L 09/08/2022 - 22:29:47: [SM] Exception reported: 无法加载cfgs.txt文件!
L 09/08/2022 - 22:29:47: [SM] Blaming: vote.smx
L 09/08/2022 - 22:29:47: [SM] Call stack trace:
L 09/08/2022 - 22:29:47: [SM]   [0] SetFailState
L 09/08/2022 - 22:29:47: [SM]   [1] Line 35, E:\DownLoading\beifen\AstMod v2.6.1\left4dead2\addons\sourcemod\scripting\vote.sp::OnPluginStart
L 09/08/2022 - 22:29:47: [SM] Unable to load plugin "vote.smx": Error detected in plugin startup (see error logs)
L 09/08/2022 - 22:29:47: [SM] Unable to load plugin "l4d2_playtime_interface.smx": Required extension "REST in Pawn" file("rip.ext") not running
L 09/08/2022 - 22:29:47: [SM] Unable to load plugin "Welcome.smx": Could not find required plugin "l4d2_playtime_interface"
L 09/08/2022 - 22:29:47: [SM] Exception reported: 无法加载cfgs.txt文件!
L 09/08/2022 - 22:29:47: [SM] Blaming: vote_advance.smx
L 09/08/2022 - 22:29:47: [SM] Call stack trace:
L 09/08/2022 - 22:29:47: [SM]   [0] SetFailState
L 09/08/2022 - 22:29:47: [SM]   [1] Line 37, E:\DownLoading\beifen\AstMod v2.6.1\left4dead2\addons\sourcemod\scripting\vote_advance.sp::OnPluginStart
L 09/08/2022 - 22:29:47: [SM] Unable to load plugin "vote_advance.smx": Error detected in plugin startup (see error logs)
L 09/08/2022 - 22:29:47: [SM] Fatal error encountered parsing translation file "cannounce.phrases.txt"
L 09/08/2022 - 22:29:47: [SM] Error (line 0, column 0): Stream failed to open
