L 09/10/2022 - 10:02:15: SourceMod error session started
L 09/10/2022 - 10:02:15: Info (map "c2m1_highway") (file "/root/Steam/steamapps/common/Left 4 Dead 2 Dedicated Server/left4dead2/addons/sourcemod/logs/errors_20220910.log")
L 09/10/2022 - 10:02:15: [SM] Unable to load extension "rip.ext": /root/Steam/steamapps/common/Left 4 Dead 2 Dedicated Server/left4dead2/addons/sourcemod/extensions/rip.ext.so: cannot open shared object file: No such file or directory
L 09/10/2022 - 10:02:15: [SM] Exception reported: 无法加载cfgs.txt文件!
L 09/10/2022 - 10:02:15: [SM] Blaming: vote.smx
L 09/10/2022 - 10:02:15: [SM] Call stack trace:
L 09/10/2022 - 10:02:15: [SM]   [0] SetFailState
L 09/10/2022 - 10:02:15: [SM]   [1] Line 35, E:\DownLoading\beifen\AstMod v2.6.1\left4dead2\addons\sourcemod\scripting\vote.sp::OnPluginStart
L 09/10/2022 - 10:02:15: [SM] Unable to load plugin "vote.smx": Error detected in plugin startup (see error logs)
L 09/10/2022 - 10:02:15: [SM] Unable to load plugin "l4d2_playtime_interface.smx": Required extension "REST in Pawn" file("rip.ext") not running
L 09/10/2022 - 10:02:15: [SM] Unable to load plugin "Welcome.smx": Could not find required plugin "l4d2_playtime_interface"
L 09/10/2022 - 10:02:16: [SM] Exception reported: 无法加载cfgs.txt文件!
L 09/10/2022 - 10:02:16: [SM] Blaming: vote_advance.smx
L 09/10/2022 - 10:02:16: [SM] Call stack trace:
L 09/10/2022 - 10:02:16: [SM]   [0] SetFailState
L 09/10/2022 - 10:02:16: [SM]   [1] Line 37, E:\DownLoading\beifen\AstMod v2.6.1\left4dead2\addons\sourcemod\scripting\vote_advance.sp::OnPluginStart
L 09/10/2022 - 10:02:16: [SM] Unable to load plugin "vote_advance.smx": Error detected in plugin startup (see error logs)
L 09/10/2022 - 10:02:16: [SM] Fatal error encountered parsing translation file "cannounce.phrases.txt"
L 09/10/2022 - 10:02:16: [SM] Error (line 0, column 0): Stream failed to open
L 09/10/2022 - 20:09:50: SourceMod error session started
L 09/10/2022 - 20:09:50: Info (map "c2m1_highway") (file "/root/Steam/steamapps/common/Left 4 Dead 2 Dedicated Server/left4dead2/addons/sourcemod/logs/errors_20220910.log")
L 09/10/2022 - 20:09:50: [SM] Unable to load extension "rip.ext": /root/Steam/steamapps/common/Left 4 Dead 2 Dedicated Server/left4dead2/addons/sourcemod/extensions/rip.ext.so: cannot open shared object file: No such file or directory
L 09/10/2022 - 20:09:50: [SM] Exception reported: 无法加载cfgs.txt文件!
L 09/10/2022 - 20:09:50: [SM] Blaming: vote.smx
L 09/10/2022 - 20:09:50: [SM] Call stack trace:
L 09/10/2022 - 20:09:50: [SM]   [0] SetFailState
L 09/10/2022 - 20:09:50: [SM]   [1] Line 35, E:\DownLoading\beifen\AstMod v2.6.1\left4dead2\addons\sourcemod\scripting\vote.sp::OnPluginStart
L 09/10/2022 - 20:09:50: [SM] Unable to load plugin "vote.smx": Error detected in plugin startup (see error logs)
L 09/10/2022 - 20:09:50: [SM] Unable to load plugin "l4d2_playtime_interface.smx": Required extension "REST in Pawn" file("rip.ext") not running
L 09/10/2022 - 20:09:50: [SM] Unable to load plugin "Welcome.smx": Could not find required plugin "l4d2_playtime_interface"
L 09/10/2022 - 20:09:51: [SM] Exception reported: 无法加载cfgs.txt文件!
L 09/10/2022 - 20:09:51: [SM] Blaming: vote_advance.smx
L 09/10/2022 - 20:09:51: [SM] Call stack trace:
L 09/10/2022 - 20:09:51: [SM]   [0] SetFailState
L 09/10/2022 - 20:09:51: [SM]   [1] Line 37, E:\DownLoading\beifen\AstMod v2.6.1\left4dead2\addons\sourcemod\scripting\vote_advance.sp::OnPluginStart
L 09/10/2022 - 20:09:51: [SM] Unable to load plugin "vote_advance.smx": Error detected in plugin startup (see error logs)
L 09/10/2022 - 20:09:51: [SM] Fatal error encountered parsing translation file "cannounce.phrases.txt"
L 09/10/2022 - 20:09:51: [SM] Error (line 0, column 0): Stream failed to open
L 09/11/2022 - 23:17:23: Error log file session closed.
