L 12/12/2022 - 00:09:55: SourceMod error session started
L 12/12/2022 - 00:09:55: Info (map "c2m1_highway") (file "/root/Steam/steamapps/common/Left 4 Dead 2 Dedicated Server/left4dead2/addons/sourcemod/logs/errors_20221212.log")
L 12/12/2022 - 00:09:55: [optional/l4d2_weapon_attributes.smx] Bad attribute name: reloadduration.
L 12/12/2022 - 00:09:55: [optional/l4d2_weapon_attributes.smx] Bad attribute name: reloadduration.
L 12/12/2022 - 00:09:55: [optional/l4d2_weapon_attributes.smx] Bad attribute name: reloadduration.
L 12/12/2022 - 00:09:55: [optional/l4d2_weapon_attributes.smx] Bad attribute name: reloadduration.
L 12/12/2022 - 00:09:59: Error log file session closed.
L 12/12/2022 - 00:10:00: SourceMod error session started
L 12/12/2022 - 00:10:00: Info (map "c2m1_highway") (file "/root/Steam/steamapps/common/Left 4 Dead 2 Dedicated Server/left4dead2/addons/sourcemod/logs/errors_20221212.log")
L 12/12/2022 - 00:10:00: [optional/l4d2_weapon_attributes.smx] Bad attribute name: reloadduration.
L 12/12/2022 - 00:10:00: [optional/l4d2_weapon_attributes.smx] Bad attribute name: reloadduration.
L 12/12/2022 - 00:17:41: Error log file session closed.
L 12/12/2022 - 00:17:43: SourceMod error session started
L 12/12/2022 - 00:17:43: Info (map "c2m2_fairgrounds") (file "/root/Steam/steamapps/common/Left 4 Dead 2 Dedicated Server/left4dead2/addons/sourcemod/logs/errors_20221212.log")
L 12/12/2022 - 00:17:43: [optional/l4d2_weapon_attributes.smx] Bad attribute name: reloadduration.
L 12/12/2022 - 00:17:43: [optional/l4d2_weapon_attributes.smx] Bad attribute name: reloadduration.
L 12/12/2022 - 00:24:22: Error log file session closed.
L 12/12/2022 - 00:24:23: SourceMod error session started
L 12/12/2022 - 00:24:23: Info (map "c2m3_coaster") (file "/root/Steam/steamapps/common/Left 4 Dead 2 Dedicated Server/left4dead2/addons/sourcemod/logs/errors_20221212.log")
L 12/12/2022 - 00:24:23: [optional/l4d2_weapon_attributes.smx] Bad attribute name: reloadduration.
L 12/12/2022 - 00:24:23: [optional/l4d2_weapon_attributes.smx] Bad attribute name: reloadduration.
L 12/12/2022 - 00:30:45: Error log file session closed.
L 12/12/2022 - 00:30:46: SourceMod error session started
L 12/12/2022 - 00:30:46: Info (map "c2m4_barns") (file "/root/Steam/steamapps/common/Left 4 Dead 2 Dedicated Server/left4dead2/addons/sourcemod/logs/errors_20221212.log")
L 12/12/2022 - 00:30:46: [optional/l4d2_weapon_attributes.smx] Bad attribute name: reloadduration.
L 12/12/2022 - 00:30:46: [optional/l4d2_weapon_attributes.smx] Bad attribute name: reloadduration.
L 12/12/2022 - 00:38:57: Error log file session closed.
L 12/12/2022 - 00:38:58: SourceMod error session started
L 12/12/2022 - 00:38:58: Info (map "c2m5_concert") (file "/root/Steam/steamapps/common/Left 4 Dead 2 Dedicated Server/left4dead2/addons/sourcemod/logs/errors_20221212.log")
L 12/12/2022 - 00:38:58: [optional/l4d2_weapon_attributes.smx] Bad attribute name: reloadduration.
L 12/12/2022 - 00:38:58: [optional/l4d2_weapon_attributes.smx] Bad attribute name: reloadduration.
L 12/12/2022 - 00:39:33: SourceMod error session started
L 12/12/2022 - 00:39:33: Info (map "c2m1_highway") (file "/root/Steam/steamapps/common/Left 4 Dead 2 Dedicated Server/left4dead2/addons/sourcemod/logs/errors_20221212.log")
L 12/12/2022 - 00:39:33: [SM] Unable to load extension "left4downtown.ext": /root/Steam/steamapps/common/Left 4 Dead 2 Dedicated Server/left4dead2/addons/sourcemod/extensions/left4downtown.ext.2.l4d2.so: undefined symbol: g_pMemAlloc
L 12/12/2022 - 00:39:33: [SM] Unable to load plugin "Welcome.smx": Could not find required plugin "l4d2_playtime_interface"
L 12/12/2022 - 00:39:33: [SM] Unable to load plugin "l4d_fyzb_en_v20.smx": Could not find required plugin "readyup"
L 12/12/2022 - 01:09:30: SourceMod error session started
L 12/12/2022 - 01:09:30: Info (map "c2m1_highway") (file "/root/Steam/steamapps/common/Left 4 Dead 2 Dedicated Server/left4dead2/addons/sourcemod/logs/errors_20221212.log")
L 12/12/2022 - 01:09:30: [SM] Unable to load extension "left4downtown.ext": /root/Steam/steamapps/common/Left 4 Dead 2 Dedicated Server/left4dead2/addons/sourcemod/extensions/left4downtown.ext.2.l4d2.so: undefined symbol: g_pMemAlloc
L 12/12/2022 - 01:09:30: [SM] Unable to load plugin "Welcome.smx": Could not find required plugin "l4d2_playtime_interface"
L 12/12/2022 - 01:09:30: [SM] Unable to load plugin "l4d_fyzb_en_v20.smx": Could not find required plugin "readyup"
L 12/12/2022 - 01:11:07: [confoglcompmod.smx] [Confogl] CvarSettings: Could not find CVar specified (l4d2_spit_water_collision)
L 12/12/2022 - 01:11:07: [confoglcompmod.smx] [Confogl] CvarSettings: Could not find CVar specified (l4d2_car_alarm_settings)
L 12/12/2022 - 01:11:07: [confoglcompmod.smx] [Confogl] CvarSettings: Could not find CVar specified (l4d2_car_alarm_touch_capped)
L 12/12/2022 - 01:11:07: [optional/l4d2_weapon_attributes.smx] Bad attribute name: reloadduration.
L 12/12/2022 - 01:11:07: [optional/l4d2_weapon_attributes.smx] Bad attribute name: reloadduration.
L 12/12/2022 - 01:11:07: [optional/l4d2_weapon_attributes.smx] Bad attribute name: reloadduration.
L 12/12/2022 - 01:11:07: [optional/l4d2_weapon_attributes.smx] Bad attribute name: reloadduration.
L 12/12/2022 - 01:11:10: Error log file session closed.
L 12/12/2022 - 01:11:12: SourceMod error session started
L 12/12/2022 - 01:11:12: Info (map "c2m1_highway") (file "/root/Steam/steamapps/common/Left 4 Dead 2 Dedicated Server/left4dead2/addons/sourcemod/logs/errors_20221212.log")
L 12/12/2022 - 01:11:12: [optional/l4d2_weapon_attributes.smx] Bad attribute name: reloadduration.
L 12/12/2022 - 01:11:12: [optional/l4d2_weapon_attributes.smx] Bad attribute name: reloadduration.
L 12/12/2022 - 01:12:19: [SM] Unable to load plugin "Welcome.smx": Could not find required plugin "l4d2_playtime_interface"
L 12/12/2022 - 01:12:19: [SM] Unable to load plugin "l4d_fyzb_en_v20.smx": Could not find required plugin "readyup"
L 12/12/2022 - 01:12:28: [confoglcompmod.smx] [Confogl] CvarSettings: Attempt to track ConVar confogl_pills_limit, which is already being tracked.
L 12/12/2022 - 01:12:31: Error log file session closed.
L 12/12/2022 - 01:13:22: SourceMod error session started
L 12/12/2022 - 01:13:22: Info (map "c2m1_highway") (file "/root/Steam/steamapps/common/Left 4 Dead 2 Dedicated Server/left4dead2/addons/sourcemod/logs/errors_20221212.log")
L 12/12/2022 - 01:13:22: [SM] Unable to load plugin "Welcome.smx": Could not find required plugin "l4d2_playtime_interface"
L 12/12/2022 - 01:13:22: [SM] Unable to load plugin "l4d_fyzb_en_v20.smx": Could not find required plugin "readyup"
L 12/12/2022 - 01:13:47: Error log file session closed.
L 12/12/2022 - 01:15:00: SourceMod error session started
L 12/12/2022 - 01:15:00: Info (map "c2m1_highway") (file "/root/Steam/steamapps/common/Left 4 Dead 2 Dedicated Server/left4dead2/addons/sourcemod/logs/errors_20221212.log")
L 12/12/2022 - 01:15:00: [SM] Unable to load extension "left4downtown.ext": /root/Steam/steamapps/common/Left 4 Dead 2 Dedicated Server/left4dead2/addons/sourcemod/extensions/left4downtown.ext.2.l4d2.so: undefined symbol: g_pMemAlloc
L 12/12/2022 - 01:15:00: [SM] Unable to load plugin "Welcome.smx": Could not find required plugin "l4d2_playtime_interface"
L 12/12/2022 - 01:15:00: [SM] Unable to load plugin "l4d_fyzb_en_v20.smx": Could not find required plugin "readyup"
L 12/12/2022 - 01:16:29: SourceMod error session started
L 12/12/2022 - 01:16:29: Info (map "c2m1_highway") (file "/root/Steam/steamapps/common/Left 4 Dead 2 Dedicated Server/left4dead2/addons/sourcemod/logs/errors_20221212.log")
L 12/12/2022 - 01:16:29: [SM] Unable to load extension "left4downtown.ext": /root/Steam/steamapps/common/Left 4 Dead 2 Dedicated Server/left4dead2/addons/sourcemod/extensions/left4downtown.ext.2.l4d2.so: undefined symbol: g_pMemAlloc
L 12/12/2022 - 01:16:29: [SM] Unable to load plugin "Welcome.smx": Could not find required plugin "l4d2_playtime_interface"
L 12/12/2022 - 01:16:29: [SM] Unable to load plugin "l4d_fyzb_en_v20.smx": Could not find required plugin "readyup"
L 12/12/2022 - 01:43:41: SourceMod error session started
L 12/12/2022 - 01:43:41: Info (map "c2m1_highway") (file "/root/Steam/steamapps/common/Left 4 Dead 2 Dedicated Server/left4dead2/addons/sourcemod/logs/errors_20221212.log")
L 12/12/2022 - 01:43:41: [SM] Unable to load extension "left4downtown.ext": /root/Steam/steamapps/common/Left 4 Dead 2 Dedicated Server/left4dead2/addons/sourcemod/extensions/left4downtown.ext.2.l4d2.so: undefined symbol: g_pMemAlloc
L 12/12/2022 - 01:43:41: [SM] Unable to load plugin "Welcome.smx": Could not find required plugin "l4d2_playtime_interface"
L 12/12/2022 - 01:43:41: [SM] Unable to load plugin "l4d_fyzb_en_v20.smx": Could not find required plugin "readyup"
L 12/12/2022 - 01:45:28: SourceMod error session started
L 12/12/2022 - 01:45:28: Info (map "c2m1_highway") (file "/root/Steam/steamapps/common/Left 4 Dead 2 Dedicated Server/left4dead2/addons/sourcemod/logs/errors_20221212.log")
L 12/12/2022 - 01:45:28: [SM] Unable to load extension "left4downtown.ext": /root/Steam/steamapps/common/Left 4 Dead 2 Dedicated Server/left4dead2/addons/sourcemod/extensions/left4downtown.ext.2.l4d2.so: undefined symbol: g_pMemAlloc
L 12/12/2022 - 01:45:28: [SM] Unable to load plugin "Welcome.smx": Could not find required plugin "l4d2_playtime_interface"
L 12/12/2022 - 01:45:28: [SM] Unable to load plugin "l4d_fyzb_en_v20.smx": Could not find required plugin "readyup"
L 12/12/2022 - 01:58:25: SourceMod error session started
L 12/12/2022 - 01:58:25: Info (map "c2m1_highway") (file "/root/Steam/steamapps/common/Left 4 Dead 2 Dedicated Server/left4dead2/addons/sourcemod/logs/errors_20221212.log")
L 12/12/2022 - 01:58:25: [SM] Unable to load extension "left4downtown.ext": /root/Steam/steamapps/common/Left 4 Dead 2 Dedicated Server/left4dead2/addons/sourcemod/extensions/left4downtown.ext.2.l4d2.so: undefined symbol: g_pMemAlloc
L 12/12/2022 - 01:58:25: [SM] Unable to load plugin "Welcome.smx": Could not find required plugin "l4d2_playtime_interface"
L 12/12/2022 - 01:58:25: [SM] Unable to load plugin "l4d_fyzb_en_v20.smx": Could not find required plugin "readyup"
L 12/12/2022 - 02:12:26: SourceMod error session started
L 12/12/2022 - 02:12:26: Info (map "c2m1_highway") (file "/root/Steam/steamapps/common/Left 4 Dead 2 Dedicated Server/left4dead2/addons/sourcemod/logs/errors_20221212.log")
L 12/12/2022 - 02:12:26: [SM] Unable to load extension "left4downtown.ext": /root/Steam/steamapps/common/Left 4 Dead 2 Dedicated Server/left4dead2/addons/sourcemod/extensions/left4downtown.ext.2.l4d2.so: undefined symbol: g_pMemAlloc
L 12/12/2022 - 02:12:26: [SM] Unable to load plugin "Welcome.smx": Could not find required plugin "l4d2_playtime_interface"
L 12/12/2022 - 02:12:26: [SM] Unable to load plugin "l4d_fyzb_en_v20.smx": Could not find required plugin "readyup"
L 12/12/2022 - 04:31:55: SourceMod error session started
L 12/12/2022 - 04:31:55: Info (map "c2m1_highway") (file "/root/Steam/steamapps/common/Left 4 Dead 2 Dedicated Server/left4dead2/addons/sourcemod/logs/errors_20221212.log")
L 12/12/2022 - 04:31:55: [SM] Unable to load extension "left4downtown.ext": /root/Steam/steamapps/common/Left 4 Dead 2 Dedicated Server/left4dead2/addons/sourcemod/extensions/left4downtown.ext.2.l4d2.so: undefined symbol: g_pMemAlloc
L 12/12/2022 - 04:31:55: [SM] Unable to load plugin "Welcome.smx": Could not find required plugin "l4d2_playtime_interface"
L 12/12/2022 - 04:31:55: [SM] Unable to load plugin "l4d_fyzb_en_v20.smx": Could not find required plugin "readyup"
L 12/12/2022 - 04:35:09: SourceMod error session started
L 12/12/2022 - 04:35:09: Info (map "c2m1_highway") (file "/root/Steam/steamapps/common/Left 4 Dead 2 Dedicated Server/left4dead2/addons/sourcemod/logs/errors_20221212.log")
L 12/12/2022 - 04:35:09: [SM] Unable to load extension "left4downtown.ext": /root/Steam/steamapps/common/Left 4 Dead 2 Dedicated Server/left4dead2/addons/sourcemod/extensions/left4downtown.ext.2.l4d2.so: undefined symbol: g_pMemAlloc
L 12/12/2022 - 04:35:09: [SM] Unable to load plugin "Welcome.smx": Could not find required plugin "l4d2_playtime_interface"
L 12/12/2022 - 04:35:09: [SM] Unable to load plugin "l4d_fyzb_en_v20.smx": Could not find required plugin "readyup"
L 12/12/2022 - 21:11:20: SourceMod error session started
L 12/12/2022 - 21:11:20: Info (map "c2m1_highway") (file "/root/Steam/steamapps/common/Left 4 Dead 2 Dedicated Server/left4dead2/addons/sourcemod/logs/errors_20221212.log")
L 12/12/2022 - 21:11:20: [SM] Unable to load extension "left4downtown.ext": /root/Steam/steamapps/common/Left 4 Dead 2 Dedicated Server/left4dead2/addons/sourcemod/extensions/left4downtown.ext.2.l4d2.so: undefined symbol: g_pMemAlloc
L 12/12/2022 - 21:11:20: [SM] Unable to load plugin "Welcome.smx": Could not find required plugin "l4d2_playtime_interface"
L 12/12/2022 - 21:11:20: [SM] Unable to load plugin "l4d_fyzb_en_v20.smx": Could not find required plugin "readyup"
L 12/16/2022 - 18:45:53: Error log file session closed.
