L 11/17/2022 - 12:36:45: SourceMod error session started
L 11/17/2022 - 12:36:45: Info (map "c2m1_highway") (file "/root/Steam/steamapps/common/Left 4 Dead 2 Dedicated Server/left4dead2/addons/sourcemod/logs/errors_20221117.log")
L 11/17/2022 - 12:36:45: [optional/l4d2_weapon_attributes.smx] Bad attribute name: reloadduration.
L 11/17/2022 - 12:36:45: [optional/l4d2_weapon_attributes.smx] Bad attribute name: reloadduration.
L 11/17/2022 - 12:36:45: [optional/l4d2_weapon_attributes.smx] Bad attribute name: reloadduration.
L 11/17/2022 - 12:36:45: [optional/l4d2_weapon_attributes.smx] Bad attribute name: reloadduration.
L 11/17/2022 - 12:36:48: Error log file session closed.
L 11/17/2022 - 12:36:49: SourceMod error session started
L 11/17/2022 - 12:36:49: Info (map "c2m1_highway") (file "/root/Steam/steamapps/common/Left 4 Dead 2 Dedicated Server/left4dead2/addons/sourcemod/logs/errors_20221117.log")
L 11/17/2022 - 12:36:49: [optional/l4d2_weapon_attributes.smx] Bad attribute name: reloadduration.
L 11/17/2022 - 12:36:49: [optional/l4d2_weapon_attributes.smx] Bad attribute name: reloadduration.
L 11/17/2022 - 12:37:52: [SM] Unable to load plugin "Welcome.smx": Could not find required plugin "l4d2_playtime_interface"
L 11/17/2022 - 12:38:03: [optional/l4d2_weapon_attributes.smx] Bad attribute name: reloadduration.
L 11/17/2022 - 12:38:03: [optional/l4d2_weapon_attributes.smx] Bad attribute name: reloadduration.
L 11/17/2022 - 12:38:03: [optional/l4d2_weapon_attributes.smx] Bad attribute name: reloadduration.
L 11/17/2022 - 12:38:03: [optional/l4d2_weapon_attributes.smx] Bad attribute name: reloadduration.
L 11/17/2022 - 12:38:06: Error log file session closed.
L 11/17/2022 - 12:38:08: SourceMod error session started
L 11/17/2022 - 12:38:08: Info (map "c2m1_highway") (file "/root/Steam/steamapps/common/Left 4 Dead 2 Dedicated Server/left4dead2/addons/sourcemod/logs/errors_20221117.log")
L 11/17/2022 - 12:38:08: [optional/l4d2_weapon_attributes.smx] Bad attribute name: reloadduration.
L 11/17/2022 - 12:38:08: [optional/l4d2_weapon_attributes.smx] Bad attribute name: reloadduration.
L 11/17/2022 - 12:47:13: Error log file session closed.
L 11/17/2022 - 12:47:15: SourceMod error session started
L 11/17/2022 - 12:47:15: Info (map "c2m2_fairgrounds") (file "/root/Steam/steamapps/common/Left 4 Dead 2 Dedicated Server/left4dead2/addons/sourcemod/logs/errors_20221117.log")
L 11/17/2022 - 12:47:15: [optional/l4d2_weapon_attributes.smx] Bad attribute name: reloadduration.
L 11/17/2022 - 12:47:15: [optional/l4d2_weapon_attributes.smx] Bad attribute name: reloadduration.
L 11/17/2022 - 12:55:39: Error log file session closed.
L 11/17/2022 - 12:55:41: SourceMod error session started
L 11/17/2022 - 12:55:41: Info (map "c2m3_coaster") (file "/root/Steam/steamapps/common/Left 4 Dead 2 Dedicated Server/left4dead2/addons/sourcemod/logs/errors_20221117.log")
L 11/17/2022 - 12:55:41: [optional/l4d2_weapon_attributes.smx] Bad attribute name: reloadduration.
L 11/17/2022 - 12:55:41: [optional/l4d2_weapon_attributes.smx] Bad attribute name: reloadduration.
L 11/17/2022 - 12:56:50: SourceMod error session started
L 11/17/2022 - 12:56:50: Info (map "c8m5_rooftop") (file "/root/Steam/steamapps/common/Left 4 Dead 2 Dedicated Server/left4dead2/addons/sourcemod/logs/errors_20221117.log")
L 11/17/2022 - 12:56:50: [SM] Unable to load plugin "Welcome.smx": Could not find required plugin "l4d2_playtime_interface"
L 11/17/2022 - 22:37:53: SourceMod error session started
L 11/17/2022 - 22:37:53: Info (map "c8m5_rooftop") (file "/root/Steam/steamapps/common/Left 4 Dead 2 Dedicated Server/left4dead2/addons/sourcemod/logs/errors_20221117.log")
L 11/17/2022 - 22:37:53: [SM] Unable to load plugin "Welcome.smx": Could not find required plugin "l4d2_playtime_interface"
L 11/17/2022 - 22:44:19: SourceMod error session started
L 11/17/2022 - 22:44:19: Info (map "c8m5_rooftop") (file "/root/Steam/steamapps/common/Left 4 Dead 2 Dedicated Server/left4dead2/addons/sourcemod/logs/errors_20221117.log")
L 11/17/2022 - 22:44:19: [SM] Unable to load plugin "Welcome.smx": Could not find required plugin "l4d2_playtime_interface"
L 11/17/2022 - 22:45:29: SourceMod error session started
L 11/17/2022 - 22:45:29: Info (map "c8m5_rooftop") (file "/root/Steam/steamapps/common/Left 4 Dead 2 Dedicated Server/left4dead2/addons/sourcemod/logs/errors_20221117.log")
L 11/17/2022 - 22:45:29: [SM] Unable to load plugin "Welcome.smx": Could not find required plugin "l4d2_playtime_interface"
L 11/17/2022 - 22:46:30: [SM] Unable to load extension "left4downtown.ext": /root/Steam/steamapps/common/Left 4 Dead 2 Dedicated Server/left4dead2/addons/sourcemod/extensions/left4downtown.ext.so: cannot open shared object file: No such file or directory
L 11/17/2022 - 22:46:30: [optional/zonemod/simple-chatprocessor.smx] [SCP] Translation file is not present
L 11/17/2022 - 22:46:30: [SM] Exception reported: Translation file is not present
L 11/17/2022 - 22:46:30: [SM] Blaming: optional/zonemod/simple-chatprocessor.smx
L 11/17/2022 - 22:46:30: [SM] Call stack trace:
L 11/17/2022 - 22:46:30: [SM]   [0] SetFailState
L 11/17/2022 - 22:46:30: [SM]   [1] Line 170, C:\Users\Administrator\Documents\Repositories\Simple Chat Processor\scripting\simple-chatprocessor.sp::OnPluginStart
L 11/17/2022 - 22:46:30: [SM] Exception reported: Simple Chat Processor is not loaded. It is required for this plugin to work.
L 11/17/2022 - 22:46:30: [SM] Blaming: optional/zonemod/l4d2_selfmute.smx
L 11/17/2022 - 22:46:30: [SM] Call stack trace:
L 11/17/2022 - 22:46:30: [SM]   [0] SetFailState
L 11/17/2022 - 22:46:30: [SM]   [1] Line 60, l4d2_selfmute.sp::OnAllPluginsLoaded
L 11/17/2022 - 22:46:30: [SM] Error parsing gameconfig file "/root/Steam/steamapps/common/Left 4 Dead 2 Dedicated Server/left4dead2/addons/sourcemod/gamedata/left4downtown.l4d2.txt":
L 11/17/2022 - 22:46:30: [SM] Error 1 on line 0, col 0: Stream failed to open
L 11/17/2022 - 22:46:30: [SM] Exception reported: Unable to open left4downtown.l4d2: File could not be opened: No such file or directory
L 11/17/2022 - 22:46:30: [SM] Blaming: optional/zonemod/l4d2_setscores.smx
L 11/17/2022 - 22:46:30: [SM] Call stack trace:
L 11/17/2022 - 22:46:30: [SM]   [0] LoadGameConfigFile
L 11/17/2022 - 22:46:30: [SM]   [1] Line 56, l4d2_setscores.sp::OnPluginStart
L 11/17/2022 - 22:46:30: [SM] Error parsing gameconfig file "/root/Steam/steamapps/common/Left 4 Dead 2 Dedicated Server/left4dead2/addons/sourcemod/gamedata/l4d_pounceprotect.txt":
L 11/17/2022 - 22:46:30: [SM] Error 1 on line 0, col 0: Stream failed to open
L 11/17/2022 - 22:46:30: [SM] Exception reported: Unable to open l4d_pounceprotect: File could not be opened: No such file or directory
L 11/17/2022 - 22:46:30: [SM] Blaming: optional/zonemod/l4d_pounceprotect.smx
L 11/17/2022 - 22:46:30: [SM] Call stack trace:
L 11/17/2022 - 22:46:30: [SM]   [0] LoadGameConfigFile
L 11/17/2022 - 22:46:30: [SM]   [1] Line 16, l4d_pounceprotect.sp::OnPluginStart
L 11/17/2022 - 22:46:30: [SM] Unable to load extension "socket.ext": /root/Steam/steamapps/common/Left 4 Dead 2 Dedicated Server/left4dead2/addons/sourcemod/extensions/socket.ext.so: cannot open shared object file: No such file or directory
L 11/17/2022 - 22:55:32: SourceMod error session started
L 11/17/2022 - 22:55:32: Info (map "c8m5_rooftop") (file "/root/Steam/steamapps/common/Left 4 Dead 2 Dedicated Server/left4dead2/addons/sourcemod/logs/errors_20221117.log")
L 11/17/2022 - 22:55:32: [SM] Unable to load plugin "Welcome.smx": Could not find required plugin "l4d2_playtime_interface"
L 11/17/2022 - 22:56:15: [SM] Unable to load extension "left4downtown.ext": /root/Steam/steamapps/common/Left 4 Dead 2 Dedicated Server/left4dead2/addons/sourcemod/extensions/left4downtown.ext.so: cannot open shared object file: No such file or directory
L 11/17/2022 - 22:56:15: [optional/openmod/simple-chatprocessor.smx] [SCP] Translation file is not present
L 11/17/2022 - 22:56:15: [SM] Exception reported: Translation file is not present
L 11/17/2022 - 22:56:15: [SM] Blaming: optional/openmod/simple-chatprocessor.smx
L 11/17/2022 - 22:56:15: [SM] Call stack trace:
L 11/17/2022 - 22:56:15: [SM]   [0] SetFailState
L 11/17/2022 - 22:56:15: [SM]   [1] Line 170, C:\Users\Administrator\Documents\Repositories\Simple Chat Processor\scripting\simple-chatprocessor.sp::OnPluginStart
L 11/17/2022 - 22:56:15: [SM] Exception reported: Simple Chat Processor is not loaded. It is required for this plugin to work.
L 11/17/2022 - 22:56:15: [SM] Blaming: optional/openmod/l4d2_selfmute.smx
L 11/17/2022 - 22:56:15: [SM] Call stack trace:
L 11/17/2022 - 22:56:15: [SM]   [0] SetFailState
L 11/17/2022 - 22:56:15: [SM]   [1] Line 60, l4d2_selfmute.sp::OnAllPluginsLoaded
L 11/17/2022 - 22:56:15: [SM] Error parsing gameconfig file "/root/Steam/steamapps/common/Left 4 Dead 2 Dedicated Server/left4dead2/addons/sourcemod/gamedata/left4downtown.l4d2.txt":
L 11/17/2022 - 22:56:15: [SM] Error 1 on line 0, col 0: Stream failed to open
L 11/17/2022 - 22:56:15: [SM] Exception reported: Unable to open left4downtown.l4d2: File could not be opened: No such file or directory
L 11/17/2022 - 22:56:15: [SM] Blaming: optional/openmod/l4d2_setscores.smx
L 11/17/2022 - 22:56:15: [SM] Call stack trace:
L 11/17/2022 - 22:56:15: [SM]   [0] LoadGameConfigFile
L 11/17/2022 - 22:56:15: [SM]   [1] Line 56, l4d2_setscores.sp::OnPluginStart
L 11/17/2022 - 22:56:15: [SM] Error parsing gameconfig file "/root/Steam/steamapps/common/Left 4 Dead 2 Dedicated Server/left4dead2/addons/sourcemod/gamedata/l4d_pounceprotect.txt":
L 11/17/2022 - 22:56:15: [SM] Error 1 on line 0, col 0: Stream failed to open
L 11/17/2022 - 22:56:15: [SM] Exception reported: Unable to open l4d_pounceprotect: File could not be opened: No such file or directory
L 11/17/2022 - 22:56:15: [SM] Blaming: optional/openmod/l4d_pounceprotect.smx
L 11/17/2022 - 22:56:15: [SM] Call stack trace:
L 11/17/2022 - 22:56:15: [SM]   [0] LoadGameConfigFile
L 11/17/2022 - 22:56:15: [SM]   [1] Line 16, l4d_pounceprotect.sp::OnPluginStart
L 11/17/2022 - 22:56:15: [SM] Error parsing gameconfig file "/root/Steam/steamapps/common/Left 4 Dead 2 Dedicated Server/left4dead2/addons/sourcemod/gamedata/witch_target_patch.txt":
L 11/17/2022 - 22:56:15: [SM] Error 1 on line 0, col 0: Stream failed to open
L 11/17/2022 - 22:56:15: [SM] Exception reported: Unable to open witch_target_patch: File could not be opened: No such file or directory
L 11/17/2022 - 22:56:15: [SM] Blaming: optional/openmod/l4d2_witch_target_patch.smx
L 11/17/2022 - 22:56:15: [SM] Call stack trace:
L 11/17/2022 - 22:56:15: [SM]   [0] LoadGameConfigFile
L 11/17/2022 - 22:56:15: [SM]   [1] Line 53, l4d2_witch_target_patch.sp::OnPluginStart
L 11/17/2022 - 22:56:15: [SM] Unable to load extension "socket.ext": /root/Steam/steamapps/common/Left 4 Dead 2 Dedicated Server/left4dead2/addons/sourcemod/extensions/socket.ext.so: cannot open shared object file: No such file or directory
L 11/17/2022 - 22:57:12: SourceMod error session started
L 11/17/2022 - 22:57:12: Info (map "c8m5_rooftop") (file "/root/Steam/steamapps/common/Left 4 Dead 2 Dedicated Server/left4dead2/addons/sourcemod/logs/errors_20221117.log")
L 11/17/2022 - 22:57:12: [SM] Unable to load plugin "Welcome.smx": Could not find required plugin "l4d2_playtime_interface"
