L 12/03/2022 - 11:38:04: SourceMod error session started
L 12/03/2022 - 11:38:04: Info (map "c2m1_highway") (file "/root/Steam/steamapps/common/Left 4 Dead 2 Dedicated Server/left4dead2/addons/sourcemod/logs/errors_20221203.log")
L 12/03/2022 - 11:38:04: [SM] Unable to load extension "left4downtown.ext": /root/Steam/steamapps/common/Left 4 Dead 2 Dedicated Server/left4dead2/addons/sourcemod/extensions/left4downtown.ext.2.l4d2.so: undefined symbol: g_pMemAlloc
L 12/03/2022 - 11:38:04: [SM] Unable to load plugin "Welcome.smx": Could not find required plugin "l4d2_playtime_interface"
L 12/03/2022 - 11:38:04: [SM] Unable to load plugin "l4d_fyzb_en_v20.smx": Could not find required plugin "readyup"
L 12/03/2022 - 11:42:00: Error log file session closed.
L 12/03/2022 - 11:42:24: SourceMod error session started
L 12/03/2022 - 11:42:24: Info (map "c8m5_rooftop") (file "/root/Steam/steamapps/common/Left 4 Dead 2 Dedicated Server/left4dead2/addons/sourcemod/logs/errors_20221203.log")
L 12/03/2022 - 11:42:24: [confoglcompmod.smx] [Confogl] CvarSettings: Attempt to track ConVar confogl_pills_limit, which is already being tracked.
L 12/03/2022 - 11:42:27: Error log file session closed.
L 12/03/2022 - 11:48:18: SourceMod error session started
L 12/03/2022 - 11:48:18: Info (map "c2m1_highway") (file "/root/Steam/steamapps/common/Left 4 Dead 2 Dedicated Server/left4dead2/addons/sourcemod/logs/errors_20221203.log")
L 12/03/2022 - 11:48:18: [SM] Unable to load extension "left4downtown.ext": /root/Steam/steamapps/common/Left 4 Dead 2 Dedicated Server/left4dead2/addons/sourcemod/extensions/left4downtown.ext.2.l4d2.so: undefined symbol: g_pMemAlloc
L 12/03/2022 - 11:48:18: [SM] Unable to load plugin "Welcome.smx": Could not find required plugin "l4d2_playtime_interface"
L 12/03/2022 - 11:48:18: [SM] Unable to load plugin "l4d_fyzb_en_v20.smx": Could not find required plugin "readyup"
L 12/03/2022 - 13:48:09: SourceMod error session started
L 12/03/2022 - 13:48:09: Info (map "c2m1_highway") (file "/root/Steam/steamapps/common/Left 4 Dead 2 Dedicated Server/left4dead2/addons/sourcemod/logs/errors_20221203.log")
L 12/03/2022 - 13:48:09: [SM] Unable to load extension "left4downtown.ext": /root/Steam/steamapps/common/Left 4 Dead 2 Dedicated Server/left4dead2/addons/sourcemod/extensions/left4downtown.ext.2.l4d2.so: undefined symbol: g_pMemAlloc
L 12/03/2022 - 13:48:09: [SM] Unable to load plugin "Welcome.smx": Could not find required plugin "l4d2_playtime_interface"
L 12/03/2022 - 13:48:09: [SM] Unable to load plugin "l4d_fyzb_en_v20.smx": Could not find required plugin "readyup"
L 12/03/2022 - 13:50:13: Error log file session closed.
L 12/03/2022 - 13:50:36: SourceMod error session started
L 12/03/2022 - 13:50:36: Info (map "c8m5_rooftop") (file "/root/Steam/steamapps/common/Left 4 Dead 2 Dedicated Server/left4dead2/addons/sourcemod/logs/errors_20221203.log")
L 12/03/2022 - 13:50:36: [confoglcompmod.smx] [Confogl] CvarSettings: Attempt to track ConVar confogl_pills_limit, which is already being tracked.
L 12/03/2022 - 13:50:36: [confoglcompmod.smx] [Confogl] CvarSettings: Could not find CVar specified (l4d2_scavengetank_spawn_tank_after_cans_count)
L 12/03/2022 - 13:50:39: Error log file session closed.
L 12/03/2022 - 13:57:22: SourceMod error session started
L 12/03/2022 - 13:57:22: Info (map "c8m5_rooftop") (file "/root/Steam/steamapps/common/Left 4 Dead 2 Dedicated Server/left4dead2/addons/sourcemod/logs/errors_20221203.log")
L 12/03/2022 - 13:57:22: [SM] Exception reported: Invalid index 0 (count: 0)
L 12/03/2022 - 13:57:22: [SM] Blaming: optional/l4d2_fix_spawn_order.smx
L 12/03/2022 - 13:57:22: [SM] Call stack trace:
L 12/03/2022 - 13:57:22: [SM]   [0] ArrayList.Set
L 12/03/2022 - 13:57:22: [SM]   [1] Line 228, J:\Documents\GitHub\L4D2-Competitive-Rework\addons\sourcemod\scripting\l4d2_fix_spawn_order.sp::QueueSI
L 12/03/2022 - 13:57:22: [SM]   [2] Line 187, J:\Documents\GitHub\L4D2-Competitive-Rework\addons\sourcemod\scripting\l4d2_fix_spawn_order.sp::Event_TankSpawn
L 12/03/2022 - 13:57:22: [SM]   [4] FakeClientCommand
L 12/03/2022 - 13:57:22: [SM]   [5] Line 1436, e:\L4D2相关。\l4d2-scriptings\all4dead2.sp::StripAndExecuteClientCommand
L 12/03/2022 - 13:57:22: [SM]   [6] Line 725, e:\L4D2相关。\l4d2-scriptings\all4dead2.sp::Do_SpawnInfected
L 12/03/2022 - 13:57:22: [SM]   [7] Line 322, e:\L4D2相关。\l4d2-scriptings\all4dead2.sp::Menu_SpawnSInfectedHandler
L 12/03/2022 - 14:07:24: Error log file session closed.
L 12/03/2022 - 14:07:42: SourceMod error session started
L 12/03/2022 - 14:07:42: Info (map "cedafever_m3") (file "/root/Steam/steamapps/common/Left 4 Dead 2 Dedicated Server/left4dead2/addons/sourcemod/logs/errors_20221203.log")
L 12/03/2022 - 14:07:42: [SM] Exception reported: Client 5 is not in game
L 12/03/2022 - 14:07:42: [SM] Blaming: optional/l4d2_cedafever_autofix.smx
L 12/03/2022 - 14:07:42: [SM] Call stack trace:
L 12/03/2022 - 14:07:42: [SM]   [0] GetClientAbsOrigin
L 12/03/2022 - 14:07:42: [SM]   [1] Line 71, E:\DownLoading\beifen\sourcemod-1.11.0-git6826-windows\addons\sourcemod\scripting\l4d2_cedafever_autofix.sp::FindMisplacedCans
L 12/03/2022 - 14:07:42: [SM]   [2] Line 48, E:\DownLoading\beifen\sourcemod-1.11.0-git6826-windows\addons\sourcemod\scripting\l4d2_cedafever_autofix.sp::ScavTimerH
L 12/03/2022 - 14:07:57: [SM] Exception reported: Client 5 is not in game
L 12/03/2022 - 14:07:57: [SM] Blaming: optional/l4d2_cedafever_autofix.smx
L 12/03/2022 - 14:07:57: [SM] Call stack trace:
L 12/03/2022 - 14:07:57: [SM]   [0] GetClientAbsOrigin
L 12/03/2022 - 14:07:57: [SM]   [1] Line 71, E:\DownLoading\beifen\sourcemod-1.11.0-git6826-windows\addons\sourcemod\scripting\l4d2_cedafever_autofix.sp::FindMisplacedCans
L 12/03/2022 - 14:07:57: [SM]   [2] Line 48, E:\DownLoading\beifen\sourcemod-1.11.0-git6826-windows\addons\sourcemod\scripting\l4d2_cedafever_autofix.sp::ScavTimerH
L 12/03/2022 - 14:08:12: [SM] Exception reported: Client 5 is not in game
L 12/03/2022 - 14:08:12: [SM] Blaming: optional/l4d2_cedafever_autofix.smx
L 12/03/2022 - 14:08:12: [SM] Call stack trace:
L 12/03/2022 - 14:08:12: [SM]   [0] GetClientAbsOrigin
L 12/03/2022 - 14:08:12: [SM]   [1] Line 71, E:\DownLoading\beifen\sourcemod-1.11.0-git6826-windows\addons\sourcemod\scripting\l4d2_cedafever_autofix.sp::FindMisplacedCans
L 12/03/2022 - 14:08:12: [SM]   [2] Line 48, E:\DownLoading\beifen\sourcemod-1.11.0-git6826-windows\addons\sourcemod\scripting\l4d2_cedafever_autofix.sp::ScavTimerH
L 12/03/2022 - 14:08:27: [SM] Exception reported: Client 5 is not in game
L 12/03/2022 - 14:08:27: [SM] Blaming: optional/l4d2_cedafever_autofix.smx
L 12/03/2022 - 14:08:27: [SM] Call stack trace:
L 12/03/2022 - 14:08:27: [SM]   [0] GetClientAbsOrigin
L 12/03/2022 - 14:08:27: [SM]   [1] Line 71, E:\DownLoading\beifen\sourcemod-1.11.0-git6826-windows\addons\sourcemod\scripting\l4d2_cedafever_autofix.sp::FindMisplacedCans
L 12/03/2022 - 14:08:27: [SM]   [2] Line 48, E:\DownLoading\beifen\sourcemod-1.11.0-git6826-windows\addons\sourcemod\scripting\l4d2_cedafever_autofix.sp::ScavTimerH
L 12/03/2022 - 14:08:42: [SM] Exception reported: Client 5 is not in game
L 12/03/2022 - 14:08:42: [SM] Blaming: optional/l4d2_cedafever_autofix.smx
L 12/03/2022 - 14:08:42: [SM] Call stack trace:
L 12/03/2022 - 14:08:42: [SM]   [0] GetClientAbsOrigin
L 12/03/2022 - 14:08:42: [SM]   [1] Line 71, E:\DownLoading\beifen\sourcemod-1.11.0-git6826-windows\addons\sourcemod\scripting\l4d2_cedafever_autofix.sp::FindMisplacedCans
L 12/03/2022 - 14:08:42: [SM]   [2] Line 48, E:\DownLoading\beifen\sourcemod-1.11.0-git6826-windows\addons\sourcemod\scripting\l4d2_cedafever_autofix.sp::ScavTimerH
L 12/03/2022 - 14:08:57: Error log file session closed.
L 12/03/2022 - 14:09:14: SourceMod error session started
L 12/03/2022 - 14:09:14: Info (map "cedafever_m3") (file "/root/Steam/steamapps/common/Left 4 Dead 2 Dedicated Server/left4dead2/addons/sourcemod/logs/errors_20221203.log")
L 12/03/2022 - 14:09:14: [SM] Exception reported: Client 5 is not in game
L 12/03/2022 - 14:09:14: [SM] Blaming: optional/l4d2_cedafever_autofix.smx
L 12/03/2022 - 14:09:14: [SM] Call stack trace:
L 12/03/2022 - 14:09:14: [SM]   [0] GetClientAbsOrigin
L 12/03/2022 - 14:09:14: [SM]   [1] Line 71, E:\DownLoading\beifen\sourcemod-1.11.0-git6826-windows\addons\sourcemod\scripting\l4d2_cedafever_autofix.sp::FindMisplacedCans
L 12/03/2022 - 14:09:14: [SM]   [2] Line 48, E:\DownLoading\beifen\sourcemod-1.11.0-git6826-windows\addons\sourcemod\scripting\l4d2_cedafever_autofix.sp::ScavTimerH
L 12/03/2022 - 14:09:40: SourceMod error session started
L 12/03/2022 - 14:09:40: Info (map "c2m1_highway") (file "/root/Steam/steamapps/common/Left 4 Dead 2 Dedicated Server/left4dead2/addons/sourcemod/logs/errors_20221203.log")
L 12/03/2022 - 14:09:40: [SM] Unable to load extension "left4downtown.ext": /root/Steam/steamapps/common/Left 4 Dead 2 Dedicated Server/left4dead2/addons/sourcemod/extensions/left4downtown.ext.2.l4d2.so: undefined symbol: g_pMemAlloc
L 12/03/2022 - 14:09:40: [SM] Unable to load plugin "Welcome.smx": Could not find required plugin "l4d2_playtime_interface"
L 12/03/2022 - 14:09:40: [SM] Unable to load plugin "l4d_fyzb_en_v20.smx": Could not find required plugin "readyup"
L 12/03/2022 - 14:10:22: Error log file session closed.
L 12/03/2022 - 14:13:44: SourceMod error session started
L 12/03/2022 - 14:13:44: Info (map "c8m5_rooftop") (file "/root/Steam/steamapps/common/Left 4 Dead 2 Dedicated Server/left4dead2/addons/sourcemod/logs/errors_20221203.log")
L 12/03/2022 - 14:13:44: [confoglcompmod.smx] [Confogl] CvarSettings: Attempt to track ConVar confogl_pills_limit, which is already being tracked.
L 12/03/2022 - 14:13:47: Error log file session closed.
L 12/03/2022 - 14:19:47: SourceMod error session started
L 12/03/2022 - 14:19:47: Info (map "c2m1_highway") (file "/root/Steam/steamapps/common/Left 4 Dead 2 Dedicated Server/left4dead2/addons/sourcemod/logs/errors_20221203.log")
L 12/03/2022 - 14:19:47: [SM] Unable to load extension "left4downtown.ext": /root/Steam/steamapps/common/Left 4 Dead 2 Dedicated Server/left4dead2/addons/sourcemod/extensions/left4downtown.ext.2.l4d2.so: undefined symbol: g_pMemAlloc
L 12/03/2022 - 14:19:47: [SM] Unable to load plugin "Welcome.smx": Could not find required plugin "l4d2_playtime_interface"
L 12/03/2022 - 14:19:47: [SM] Unable to load plugin "l4d_fyzb_en_v20.smx": Could not find required plugin "readyup"
L 12/03/2022 - 18:46:28: [confoglcompmod.smx] [Confogl] CvarSettings: Could not find CVar specified (l4d2_heq_allow_horde_during_tank)
L 12/03/2022 - 18:46:31: Error log file session closed.
L 12/03/2022 - 19:35:14: SourceMod error session started
L 12/03/2022 - 19:35:14: Info (map "c2m1_highway") (file "/root/Steam/steamapps/common/Left 4 Dead 2 Dedicated Server/left4dead2/addons/sourcemod/logs/errors_20221203.log")
L 12/03/2022 - 19:35:14: [SM] Unable to load extension "left4downtown.ext": /root/Steam/steamapps/common/Left 4 Dead 2 Dedicated Server/left4dead2/addons/sourcemod/extensions/left4downtown.ext.2.l4d2.so: undefined symbol: g_pMemAlloc
L 12/03/2022 - 19:35:14: [SM] Unable to load plugin "Welcome.smx": Could not find required plugin "l4d2_playtime_interface"
L 12/03/2022 - 19:35:14: [SM] Unable to load plugin "l4d_fyzb_en_v20.smx": Could not find required plugin "readyup"
L 12/04/2022 - 11:51:10: Error log file session closed.
