L 10/29/2022 - 16:45:20: SourceMod error session started
L 10/29/2022 - 16:45:20: Info (map "c2m1_highway") (file "/root/Steam/steamapps/common/Left 4 Dead 2 Dedicated Server/left4dead2/addons/sourcemod/logs/errors_20221029.log")
L 10/29/2022 - 16:45:20: [SM] Unable to load extension "rip.ext": /root/Steam/steamapps/common/Left 4 Dead 2 Dedicated Server/left4dead2/addons/sourcemod/extensions/rip.ext.so: cannot open shared object file: No such file or directory
L 10/29/2022 - 16:45:21: [SM] Unable to load plugin "l4d2_playtime_interface.smx": Required extension "REST in Pawn" file("rip.ext") not running
L 10/29/2022 - 16:46:20: Error log file session closed.
L 10/29/2022 - 16:46:20: SourceMod error session started
L 10/29/2022 - 16:46:20: Info (map "c8m5_rooftop") (file "/root/Steam/steamapps/common/Left 4 Dead 2 Dedicated Server/left4dead2/addons/sourcemod/logs/errors_20221029.log")
L 10/29/2022 - 16:46:20: [SM] Unable to load plugin "Welcome.smx": Could not find required plugin "l4d2_playtime_interface"
L 10/29/2022 - 16:48:25: SourceMod error session started
L 10/29/2022 - 16:48:25: Info (map "c2m1_highway") (file "/root/Steam/steamapps/common/Left 4 Dead 2 Dedicated Server/left4dead2/addons/sourcemod/logs/errors_20221029.log")
L 10/29/2022 - 16:48:25: [SM] Unable to load extension "rip.ext": /root/Steam/steamapps/common/Left 4 Dead 2 Dedicated Server/left4dead2/addons/sourcemod/extensions/rip.ext.so: cannot open shared object file: No such file or directory
L 10/29/2022 - 16:48:26: [SM] Unable to load plugin "l4d2_playtime_interface.smx": Required extension "REST in Pawn" file("rip.ext") not running
L 10/29/2022 - 16:50:13: SourceMod error session started
L 10/29/2022 - 16:50:13: Info (map "c2m1_highway") (file "/root/Steam/steamapps/common/Left 4 Dead 2 Dedicated Server/left4dead2/addons/sourcemod/logs/errors_20221029.log")
L 10/29/2022 - 16:50:13: [SM] Unable to load extension "rip.ext": /root/Steam/steamapps/common/Left 4 Dead 2 Dedicated Server/left4dead2/addons/sourcemod/extensions/rip.ext.so: cannot open shared object file: No such file or directory
L 10/29/2022 - 16:50:14: [SM] Unable to load plugin "l4d2_playtime_interface.smx": Required extension "REST in Pawn" file("rip.ext") not running
L 10/29/2022 - 16:52:10: SourceMod error session started
L 10/29/2022 - 16:52:10: Info (map "c2m1_highway") (file "/root/Steam/steamapps/common/Left 4 Dead 2 Dedicated Server/left4dead2/addons/sourcemod/logs/errors_20221029.log")
L 10/29/2022 - 16:52:10: [SM] Unable to load extension "rip.ext": /root/Steam/steamapps/common/Left 4 Dead 2 Dedicated Server/left4dead2/addons/sourcemod/extensions/rip.ext.so: cannot open shared object file: No such file or directory
L 10/29/2022 - 16:52:10: [SM] Unable to load plugin "l4d2_playtime_interface.smx": Required extension "REST in Pawn" file("rip.ext") not running
L 10/29/2022 - 16:52:59: Error log file session closed.
L 10/29/2022 - 16:54:09: SourceMod error session started
L 10/29/2022 - 16:54:09: Info (map "c8m5_rooftop") (file "/root/Steam/steamapps/common/Left 4 Dead 2 Dedicated Server/left4dead2/addons/sourcemod/logs/errors_20221029.log")
L 10/29/2022 - 16:54:09: [SM] Unable to load plugin "l4d2_playtime_interface.smx": Required extension "REST in Pawn" file("rip.ext") not running
L 10/29/2022 - 16:55:29: SourceMod error session started
L 10/29/2022 - 16:55:29: Info (map "c2m1_highway") (file "/root/Steam/steamapps/common/Left 4 Dead 2 Dedicated Server/left4dead2/addons/sourcemod/logs/errors_20221029.log")
L 10/29/2022 - 16:55:29: [SM] Unable to load extension "rip.ext": /root/Steam/steamapps/common/Left 4 Dead 2 Dedicated Server/left4dead2/addons/sourcemod/extensions/rip.ext.so: cannot open shared object file: No such file or directory
L 10/29/2022 - 16:55:30: [SM] Unable to load plugin "l4d2_playtime_interface.smx": Required extension "REST in Pawn" file("rip.ext") not running
L 10/29/2022 - 16:58:39: SourceMod error session started
L 10/29/2022 - 16:58:39: Info (map "c2m1_highway") (file "/root/Steam/steamapps/common/Left 4 Dead 2 Dedicated Server/left4dead2/addons/sourcemod/logs/errors_20221029.log")
L 10/29/2022 - 16:58:39: [SM] Unable to load extension "rip.ext": /root/Steam/steamapps/common/Left 4 Dead 2 Dedicated Server/left4dead2/addons/sourcemod/extensions/rip.ext.so: cannot open shared object file: No such file or directory
L 10/29/2022 - 16:58:39: [SM] Unable to load plugin "l4d2_playtime_interface.smx": Required extension "REST in Pawn" file("rip.ext") not running
L 10/29/2022 - 21:38:44: SourceMod error session started
L 10/29/2022 - 21:38:44: Info (map "c2m1_highway") (file "/root/Steam/steamapps/common/Left 4 Dead 2 Dedicated Server/left4dead2/addons/sourcemod/logs/errors_20221029.log")
L 10/29/2022 - 21:38:44: [SM] Unable to load extension "rip.ext": /root/Steam/steamapps/common/Left 4 Dead 2 Dedicated Server/left4dead2/addons/sourcemod/extensions/rip.ext.so: cannot open shared object file: No such file or directory
L 10/29/2022 - 21:38:45: [SM] Unable to load plugin "l4d2_playtime_interface.smx": Required extension "REST in Pawn" file("rip.ext") not running
L 10/29/2022 - 21:39:32: Error log file session closed.
L 10/29/2022 - 21:41:04: SourceMod error session started
L 10/29/2022 - 21:41:04: Info (map "c2m1_highway") (file "/root/Steam/steamapps/common/Left 4 Dead 2 Dedicated Server/left4dead2/addons/sourcemod/logs/errors_20221029.log")
L 10/29/2022 - 21:41:04: [SM] Unable to load extension "rip.ext": /root/Steam/steamapps/common/Left 4 Dead 2 Dedicated Server/left4dead2/addons/sourcemod/extensions/rip.ext.so: cannot open shared object file: No such file or directory
L 10/29/2022 - 21:41:05: [SM] Unable to load plugin "l4d2_playtime_interface.smx": Required extension "REST in Pawn" file("rip.ext") not running
L 10/29/2022 - 22:47:44: SourceMod error session started
L 10/29/2022 - 22:47:44: Info (map "c2m1_highway") (file "/root/Steam/steamapps/common/Left 4 Dead 2 Dedicated Server/left4dead2/addons/sourcemod/logs/errors_20221029.log")
L 10/29/2022 - 22:47:44: [SM] Unable to load extension "rip.ext": /root/Steam/steamapps/common/Left 4 Dead 2 Dedicated Server/left4dead2/addons/sourcemod/extensions/rip.ext.so: cannot open shared object file: No such file or directory
L 10/29/2022 - 22:47:44: [SM] Unable to load plugin "l4d2_playtime_interface.smx": Required extension "REST in Pawn" file("rip.ext") not running
L 10/29/2022 - 22:48:36: Error log file session closed.
L 10/29/2022 - 22:48:36: SourceMod error session started
L 10/29/2022 - 22:48:36: Info (map "c8m5_rooftop") (file "/root/Steam/steamapps/common/Left 4 Dead 2 Dedicated Server/left4dead2/addons/sourcemod/logs/errors_20221029.log")
L 10/29/2022 - 22:48:36: [SM] Unable to load plugin "Welcome.smx": Could not find required plugin "l4d2_playtime_interface"
L 10/29/2022 - 22:48:53: Error log file session closed.
L 10/29/2022 - 22:50:33: SourceMod error session started
L 10/29/2022 - 22:50:33: Info (map "c8m5_rooftop") (file "/root/Steam/steamapps/common/Left 4 Dead 2 Dedicated Server/left4dead2/addons/sourcemod/logs/errors_20221029.log")
L 10/29/2022 - 22:50:33: [SM] Exception reported: Element -2 is out of bounds (Prop m_iScavengeTeamScore has 10 elements).
L 10/29/2022 - 22:50:33: [SM] Blaming: optional/scavenge_quick_end.smx
L 10/29/2022 - 22:50:33: [SM] Call stack trace:
L 10/29/2022 - 22:50:33: [SM]   [0] GameRules_GetProp
L 10/29/2022 - 22:50:33: [SM]   [1] Line 157, /home/groups/alliedmodders/forums/files/7/1/5/3/3/102340.attach::GameRules_GetScavengeTeamScore
L 10/29/2022 - 22:50:33: [SM]   [2] Line 119, /home/groups/alliedmodders/forums/files/7/1/5/3/3/102340.attach::PrintRoundEndTimeData
L 10/29/2022 - 22:50:33: [SM]   [3] Line 69, /home/groups/alliedmodders/forums/files/7/1/5/3/3/102340.attach::RoundEnd
L 10/29/2022 - 22:50:33: [SM]   [5] SDKCall
L 10/29/2022 - 22:50:33: [SM]   [6] Line 7243, d:\SourcePawn11\left4dhooks.sp::Native_CDirector_RestartScenarioFromVote
L 10/29/2022 - 22:50:33: [SM]   [8] L4D_RestartScenarioFromVote
L 10/29/2022 - 22:50:33: [SM]   [9] Line 97, C:\Users\israe\Documents\GitHub\Readyup_Scav\scripting\readyup_scav.sp::RestartCampaignAny1
L 10/29/2022 - 22:50:35: [SM] Exception reported: Element -1 is out of bounds (Prop m_iScavengeTeamScore has 10 elements).
L 10/29/2022 - 22:50:35: [SM] Blaming: optional/scavenge_quick_end.smx
L 10/29/2022 - 22:50:35: [SM] Call stack trace:
L 10/29/2022 - 22:50:35: [SM]   [0] GameRules_GetProp
L 10/29/2022 - 22:50:35: [SM]   [1] Line 157, /home/groups/alliedmodders/forums/files/7/1/5/3/3/102340.attach::GameRules_GetScavengeTeamScore
L 10/29/2022 - 22:50:35: [SM]   [2] Line 119, /home/groups/alliedmodders/forums/files/7/1/5/3/3/102340.attach::PrintRoundEndTimeData
L 10/29/2022 - 22:50:35: [SM]   [3] Line 69, /home/groups/alliedmodders/forums/files/7/1/5/3/3/102340.attach::RoundEnd
L 10/29/2022 - 22:50:35: [SM]   [5] SDKCall
L 10/29/2022 - 22:50:35: [SM]   [6] Line 7243, d:\SourcePawn11\left4dhooks.sp::Native_CDirector_RestartScenarioFromVote
L 10/29/2022 - 22:50:35: [SM]   [8] L4D_RestartScenarioFromVote
L 10/29/2022 - 22:50:35: [SM]   [9] Line 109, C:\Users\israe\Documents\GitHub\Readyup_Scav\scripting\readyup_scav.sp::RestartCampaignAny2
L 10/29/2022 - 22:54:58: [SM] Unable to load plugin "l4d2_playtime_interface.smx": Required extension "REST in Pawn" file("rip.ext") not running
L 10/29/2022 - 22:55:34: SourceMod error session started
L 10/29/2022 - 22:55:34: Info (map "c2m1_highway") (file "/root/Steam/steamapps/common/Left 4 Dead 2 Dedicated Server/left4dead2/addons/sourcemod/logs/errors_20221029.log")
L 10/29/2022 - 22:55:34: [SM] Unable to load extension "rip.ext": /root/Steam/steamapps/common/Left 4 Dead 2 Dedicated Server/left4dead2/addons/sourcemod/extensions/rip.ext.so: cannot open shared object file: No such file or directory
L 10/29/2022 - 22:55:34: [SM] Unable to load plugin "l4d2_playtime_interface.smx": Required extension "REST in Pawn" file("rip.ext") not running
L 10/29/2022 - 23:14:06: Error log file session closed.
L 10/29/2022 - 23:16:00: SourceMod error session started
L 10/29/2022 - 23:16:00: Info (map "c2m1_highway") (file "/root/Steam/steamapps/common/Left 4 Dead 2 Dedicated Server/left4dead2/addons/sourcemod/logs/errors_20221029.log")
L 10/29/2022 - 23:16:00: [SM] Exception reported: Invalid index 1 (count: 1)
L 10/29/2022 - 23:16:00: [SM] Blaming: optional/l4d_equalise_alarm_cars_scav.smx
L 10/29/2022 - 23:16:00: [SM] Call stack trace:
L 10/29/2022 - 23:16:00: [SM]   [0] ArrayList.GetString
L 10/29/2022 - 23:16:00: [SM]   [1] Line 384, F:\Users\Administrator\Documents\GitHub\MoYu_Server_Stupid_Plugins\The Last Stand\l4d_equalise_alarm_cars\l4d_equalise_alarm_cars.sp::PatchAlarmedCars
L 10/29/2022 - 23:17:31: [SM] Unable to load plugin "l4d2_playtime_interface.smx": Required extension "REST in Pawn" file("rip.ext") not running
L 10/29/2022 - 23:18:03: SourceMod error session started
L 10/29/2022 - 23:18:03: Info (map "c2m1_highway") (file "/root/Steam/steamapps/common/Left 4 Dead 2 Dedicated Server/left4dead2/addons/sourcemod/logs/errors_20221029.log")
L 10/29/2022 - 23:18:03: [SM] Unable to load extension "rip.ext": /root/Steam/steamapps/common/Left 4 Dead 2 Dedicated Server/left4dead2/addons/sourcemod/extensions/rip.ext.so: cannot open shared object file: No such file or directory
L 10/29/2022 - 23:18:04: [SM] Unable to load plugin "l4d2_playtime_interface.smx": Required extension "REST in Pawn" file("rip.ext") not running
L 10/29/2022 - 23:19:17: SourceMod error session started
L 10/29/2022 - 23:19:17: Info (map "c2m1_highway") (file "/root/Steam/steamapps/common/Left 4 Dead 2 Dedicated Server/left4dead2/addons/sourcemod/logs/errors_20221029.log")
L 10/29/2022 - 23:19:17: [SM] Unable to load extension "rip.ext": /root/Steam/steamapps/common/Left 4 Dead 2 Dedicated Server/left4dead2/addons/sourcemod/extensions/rip.ext.so: cannot open shared object file: No such file or directory
L 10/29/2022 - 23:19:18: [SM] Unable to load plugin "l4d2_playtime_interface.smx": Required extension "REST in Pawn" file("rip.ext") not running
L 10/29/2022 - 23:20:52: Error log file session closed.
L 10/29/2022 - 23:25:10: SourceMod error session started
L 10/29/2022 - 23:25:10: Info (map "c2m1_highway") (file "/root/Steam/steamapps/common/Left 4 Dead 2 Dedicated Server/left4dead2/addons/sourcemod/logs/errors_20221029.log")
L 10/29/2022 - 23:25:10: [SM] Unable to load plugin "l4d2_playtime_interface.smx": Required extension "REST in Pawn" file("rip.ext") not running
L 10/29/2022 - 23:25:22: Error log file session closed.
L 10/29/2022 - 23:25:49: SourceMod error session started
L 10/29/2022 - 23:25:49: Info (map "c2m1_highway") (file "/root/Steam/steamapps/common/Left 4 Dead 2 Dedicated Server/left4dead2/addons/sourcemod/logs/errors_20221029.log")
L 10/29/2022 - 23:25:49: [SM] Exception reported: Invalid index 1 (count: 1)
L 10/29/2022 - 23:25:49: [SM] Blaming: optional/l4d_equalise_alarm_cars_scav.smx
L 10/29/2022 - 23:25:49: [SM] Call stack trace:
L 10/29/2022 - 23:25:49: [SM]   [0] ArrayList.GetString
L 10/29/2022 - 23:25:49: [SM]   [1] Line 384, F:\Users\Administrator\Documents\GitHub\MoYu_Server_Stupid_Plugins\The Last Stand\l4d_equalise_alarm_cars\l4d_equalise_alarm_cars.sp::PatchAlarmedCars
L 10/29/2022 - 23:26:59: [SM] Unable to load plugin "l4d2_playtime_interface.smx": Required extension "REST in Pawn" file("rip.ext") not running
L 10/29/2022 - 23:27:10: Error log file session closed.
L 10/29/2022 - 23:27:32: SourceMod error session started
L 10/29/2022 - 23:27:32: Info (map "c2m1_highway") (file "/root/Steam/steamapps/common/Left 4 Dead 2 Dedicated Server/left4dead2/addons/sourcemod/logs/errors_20221029.log")
L 10/29/2022 - 23:27:32: [SM] Unable to load plugin "l4d2_playtime_interface.smx": Required extension "REST in Pawn" file("rip.ext") not running
L 10/29/2022 - 23:27:43: Error log file session closed.
L 10/29/2022 - 23:28:18: SourceMod error session started
L 10/29/2022 - 23:28:18: Info (map "c2m1_highway") (file "/root/Steam/steamapps/common/Left 4 Dead 2 Dedicated Server/left4dead2/addons/sourcemod/logs/errors_20221029.log")
L 10/29/2022 - 23:28:18: [SM] Exception reported: Invalid index 1 (count: 1)
L 10/29/2022 - 23:28:18: [SM] Blaming: optional/l4d_equalise_alarm_cars_scav.smx
L 10/29/2022 - 23:28:18: [SM] Call stack trace:
L 10/29/2022 - 23:28:18: [SM]   [0] ArrayList.GetString
L 10/29/2022 - 23:28:18: [SM]   [1] Line 384, F:\Users\Administrator\Documents\GitHub\MoYu_Server_Stupid_Plugins\The Last Stand\l4d_equalise_alarm_cars\l4d_equalise_alarm_cars.sp::PatchAlarmedCars
L 10/29/2022 - 23:28:36: [SM] Unable to load plugin "l4d2_playtime_interface.smx": Required extension "REST in Pawn" file("rip.ext") not running
L 10/29/2022 - 23:28:52: Error log file session closed.
L 10/29/2022 - 23:29:25: SourceMod error session started
L 10/29/2022 - 23:29:25: Info (map "c2m1_highway") (file "/root/Steam/steamapps/common/Left 4 Dead 2 Dedicated Server/left4dead2/addons/sourcemod/logs/errors_20221029.log")
L 10/29/2022 - 23:29:25: [SM] Exception reported: Invalid index 1 (count: 1)
L 10/29/2022 - 23:29:25: [SM] Blaming: optional/l4d_equalise_alarm_cars_scav.smx
L 10/29/2022 - 23:29:25: [SM] Call stack trace:
L 10/29/2022 - 23:29:25: [SM]   [0] ArrayList.GetString
L 10/29/2022 - 23:29:25: [SM]   [1] Line 384, F:\Users\Administrator\Documents\GitHub\MoYu_Server_Stupid_Plugins\The Last Stand\l4d_equalise_alarm_cars\l4d_equalise_alarm_cars.sp::PatchAlarmedCars
L 10/29/2022 - 23:29:36: [SM] Unable to load plugin "l4d2_playtime_interface.smx": Required extension "REST in Pawn" file("rip.ext") not running
L 10/29/2022 - 23:29:57: Error log file session closed.
L 10/29/2022 - 23:30:28: SourceMod error session started
L 10/29/2022 - 23:30:28: Info (map "c2m1_highway") (file "/root/Steam/steamapps/common/Left 4 Dead 2 Dedicated Server/left4dead2/addons/sourcemod/logs/errors_20221029.log")
L 10/29/2022 - 23:30:28: [SM] Exception reported: Invalid index 1 (count: 1)
L 10/29/2022 - 23:30:28: [SM] Blaming: optional/l4d_equalise_alarm_cars_scav.smx
L 10/29/2022 - 23:30:28: [SM] Call stack trace:
L 10/29/2022 - 23:30:28: [SM]   [0] ArrayList.GetString
L 10/29/2022 - 23:30:28: [SM]   [1] Line 384, F:\Users\Administrator\Documents\GitHub\MoYu_Server_Stupid_Plugins\The Last Stand\l4d_equalise_alarm_cars\l4d_equalise_alarm_cars.sp::PatchAlarmedCars
L 10/29/2022 - 23:31:42: [SM] Unable to load plugin "l4d2_playtime_interface.smx": Required extension "REST in Pawn" file("rip.ext") not running
L 10/29/2022 - 23:32:16: SourceMod error session started
L 10/29/2022 - 23:32:16: Info (map "c2m1_highway") (file "/root/Steam/steamapps/common/Left 4 Dead 2 Dedicated Server/left4dead2/addons/sourcemod/logs/errors_20221029.log")
L 10/29/2022 - 23:32:16: [SM] Unable to load extension "rip.ext": /root/Steam/steamapps/common/Left 4 Dead 2 Dedicated Server/left4dead2/addons/sourcemod/extensions/rip.ext.so: cannot open shared object file: No such file or directory
L 10/29/2022 - 23:32:16: [SM] Unable to load plugin "l4d2_playtime_interface.smx": Required extension "REST in Pawn" file("rip.ext") not running
L 10/30/2022 - 01:12:35: Error log file session closed.
