L 01/13/2023 - 15:13:17: SourceMod error session started
L 01/13/2023 - 15:13:17: Info (map "c2m1_highway") (file "/root/Steam/steamapps/common/Left 4 Dead 2 Dedicated Server/left4dead2/addons/sourcemod/logs/errors_20230113.log")
L 01/13/2023 - 15:13:17: [SM] Unable to load plugin "Welcome.smx": Could not find required plugin "l4d2_playtime_interface"
L 01/13/2023 - 15:13:17: [SM] Unable to load plugin "l4d_fyzb_en_v20.smx": Could not find required plugin "readyup"
L 01/13/2023 - 15:20:11: SourceMod error session started
L 01/13/2023 - 15:20:11: Info (map "c2m1_highway") (file "/root/Steam/steamapps/common/Left 4 Dead 2 Dedicated Server/left4dead2/addons/sourcemod/logs/errors_20230113.log")
L 01/13/2023 - 15:20:11: [SM] Unable to load plugin "Welcome.smx": Could not find required plugin "l4d2_playtime_interface"
L 01/13/2023 - 15:20:11: [SM] Unable to load plugin "l4d_fyzb_en_v20.smx": Could not find required plugin "readyup"
L 01/13/2023 - 17:13:38: SourceMod error session started
L 01/13/2023 - 17:13:38: Info (map "c2m1_highway") (file "/root/Steam/steamapps/common/Left 4 Dead 2 Dedicated Server/left4dead2/addons/sourcemod/logs/errors_20230113.log")
L 01/13/2023 - 17:13:38: [SM] Unable to load plugin "Welcome.smx": Could not find required plugin "l4d2_playtime_interface"
L 01/13/2023 - 17:13:38: [SM] Unable to load plugin "l4d_fyzb_en_v20.smx": Could not find required plugin "readyup"
L 01/13/2023 - 19:29:35: SourceMod error session started
L 01/13/2023 - 19:29:35: Info (map "c2m1_highway") (file "/root/Steam/steamapps/common/Left 4 Dead 2 Dedicated Server/left4dead2/addons/sourcemod/logs/errors_20230113.log")
L 01/13/2023 - 19:29:35: [SM] Unable to load plugin "Welcome.smx": Could not find required plugin "l4d2_playtime_interface"
L 01/13/2023 - 19:29:35: [SM] Unable to load plugin "l4d_fyzb_en_v20.smx": Could not find required plugin "readyup"
L 01/13/2023 - 20:27:16: SourceMod error session started
L 01/13/2023 - 20:27:16: Info (map "c2m1_highway") (file "/root/Steam/steamapps/common/Left 4 Dead 2 Dedicated Server/left4dead2/addons/sourcemod/logs/errors_20230113.log")
L 01/13/2023 - 20:27:16: [SM] Unable to load plugin "Welcome.smx": Could not find required plugin "l4d2_playtime_interface"
L 01/13/2023 - 20:27:16: [SM] Unable to load plugin "l4d_fyzb_en_v20.smx": Could not find required plugin "readyup"
L 01/13/2023 - 20:37:15: Error log file session closed.
L 01/13/2023 - 20:38:20: SourceMod error session started
L 01/13/2023 - 20:38:20: Info (map "c2m1_highway") (file "/root/Steam/steamapps/common/Left 4 Dead 2 Dedicated Server/left4dead2/addons/sourcemod/logs/errors_20230113.log")
L 01/13/2023 - 20:38:20: [SM] Unable to load plugin "Welcome.smx": Could not find required plugin "l4d2_playtime_interface"
L 01/13/2023 - 20:38:20: [SM] Unable to load plugin "l4d_fyzb_en_v20.smx": Could not find required plugin "readyup"
L 01/13/2023 - 20:38:36: Error log file session closed.
L 01/13/2023 - 20:39:17: SourceMod error session started
L 01/13/2023 - 20:39:17: Info (map "c2m1_highway") (file "/root/Steam/steamapps/common/Left 4 Dead 2 Dedicated Server/left4dead2/addons/sourcemod/logs/errors_20230113.log")
L 01/13/2023 - 20:39:17: [SM] Unable to load plugin "Welcome.smx": Could not find required plugin "l4d2_playtime_interface"
L 01/13/2023 - 20:39:17: [SM] Unable to load plugin "l4d_fyzb_en_v20.smx": Could not find required plugin "readyup"
L 01/13/2023 - 20:39:33: Error log file session closed.
L 01/13/2023 - 20:43:20: SourceMod error session started
L 01/13/2023 - 20:43:20: Info (map "c2m1_highway") (file "/root/Steam/steamapps/common/Left 4 Dead 2 Dedicated Server/left4dead2/addons/sourcemod/logs/errors_20230113.log")
L 01/13/2023 - 20:43:20: [SM] Unable to load plugin "Welcome.smx": Could not find required plugin "l4d2_playtime_interface"
L 01/13/2023 - 20:43:20: [SM] Unable to load plugin "l4d_fyzb_en_v20.smx": Could not find required plugin "readyup"
L 01/13/2023 - 22:02:16: SourceMod error session started
L 01/13/2023 - 22:02:16: Info (map "c2m1_highway") (file "/root/Steam/steamapps/common/Left 4 Dead 2 Dedicated Server/left4dead2/addons/sourcemod/logs/errors_20230113.log")
L 01/13/2023 - 22:02:16: [SM] Unable to load extension "SteamWorks.ext": /root/Steam/steamapps/common/Left 4 Dead 2 Dedicated Server/left4dead2/addons/sourcemod/extensions/SteamWorks.ext.so: cannot open shared object file: No such file or directory
L 01/13/2023 - 22:02:16: [SM] Unable to load plugin "Welcome.smx": Could not find required plugin "l4d2_playtime_interface"
L 01/13/2023 - 22:02:16: [SM] Unable to load plugin "l4d_fyzb_en_v20.smx": Could not find required plugin "readyup"
L 01/13/2023 - 22:02:17: [SM] Unable to load plugin "join.smx": Required extension "SteamWorks" file("SteamWorks.ext") not running
L 01/13/2023 - 22:18:14: SourceMod error session started
L 01/13/2023 - 22:18:14: Info (map "c2m1_highway") (file "/root/Steam/steamapps/common/Left 4 Dead 2 Dedicated Server/left4dead2/addons/sourcemod/logs/errors_20230113.log")
L 01/13/2023 - 22:18:14: [SM] Unable to load extension "SteamWorks.ext": /root/Steam/steamapps/common/Left 4 Dead 2 Dedicated Server/left4dead2/addons/sourcemod/extensions/SteamWorks.ext.so: cannot open shared object file: No such file or directory
L 01/13/2023 - 22:18:14: [SM] Unable to load plugin "Welcome.smx": Could not find required plugin "l4d2_playtime_interface"
L 01/13/2023 - 22:18:14: [SM] Unable to load plugin "l4d_fyzb_en_v20.smx": Could not find required plugin "readyup"
L 01/13/2023 - 22:18:15: [SM] Unable to load plugin "join.smx": Required extension "SteamWorks" file("SteamWorks.ext") not running
L 01/13/2023 - 22:23:24: SourceMod error session started
L 01/13/2023 - 22:23:24: Info (map "c2m1_highway") (file "/root/Steam/steamapps/common/Left 4 Dead 2 Dedicated Server/left4dead2/addons/sourcemod/logs/errors_20230113.log")
L 01/13/2023 - 22:23:24: [SM] Unable to load extension "SteamWorks.ext": /root/Steam/steamapps/common/Left 4 Dead 2 Dedicated Server/left4dead2/addons/sourcemod/extensions/SteamWorks.ext.so: cannot open shared object file: No such file or directory
L 01/13/2023 - 22:23:24: [SM] Unable to load plugin "Welcome.smx": Could not find required plugin "l4d2_playtime_interface"
L 01/13/2023 - 22:23:24: [SM] Unable to load plugin "l4d_fyzb_en_v20.smx": Could not find required plugin "readyup"
L 01/13/2023 - 22:23:24: [SM] Unable to load plugin "join.smx": Required extension "SteamWorks" file("SteamWorks.ext") not running
L 01/13/2023 - 22:27:53: Error log file session closed.
L 01/13/2023 - 22:29:55: SourceMod error session started
L 01/13/2023 - 22:29:55: Info (map "c8m5_rooftop") (file "/root/Steam/steamapps/common/Left 4 Dead 2 Dedicated Server/left4dead2/addons/sourcemod/logs/errors_20230113.log")
L 01/13/2023 - 22:29:55: [SM] Exception reported: Native is not bound
L 01/13/2023 - 22:29:55: [SM] Blaming: optional/spechud.smx
L 01/13/2023 - 22:29:55: [SM] Call stack trace:
L 01/13/2023 - 22:29:55: [SM]   [0] IsDarkCarniRemix
L 01/13/2023 - 22:29:55: [SM]   [1] Line 338, J:\Documents\GitHub\L4D2-Competitive-Rework\addons\sourcemod\scripting\spechud.sp::OnRoundIsLive
L 01/13/2023 - 22:29:55: [SM]   [3] Call_Finish
L 01/13/2023 - 22:29:55: [SM]   [4] Line 1212, E:\DownLoading\beifen\sourcemod-1.11.0-git6826-windows\addons\sourcemod\scripting\readyup2.sp::InitiateLive
L 01/13/2023 - 22:29:55: [SM]   [5] Line 1313, E:\DownLoading\beifen\sourcemod-1.11.0-git6826-windows\addons\sourcemod\scripting\readyup2.sp::ReadyCountdownDelay_Timer
L 01/13/2023 - 22:33:12: SourceMod error session started
L 01/13/2023 - 22:33:12: Info (map "c2m1_highway") (file "/root/Steam/steamapps/common/Left 4 Dead 2 Dedicated Server/left4dead2/addons/sourcemod/logs/errors_20230113.log")
L 01/13/2023 - 22:33:12: [SM] Unable to load extension "SteamWorks.ext": /root/Steam/steamapps/common/Left 4 Dead 2 Dedicated Server/left4dead2/addons/sourcemod/extensions/SteamWorks.ext.so: cannot open shared object file: No such file or directory
L 01/13/2023 - 22:33:12: [SM] Unable to load plugin "Welcome.smx": Could not find required plugin "l4d2_playtime_interface"
L 01/13/2023 - 22:33:12: [SM] Unable to load plugin "l4d_fyzb_en_v20.smx": Could not find required plugin "readyup"
L 01/13/2023 - 22:33:13: [SM] Unable to load plugin "join.smx": Required extension "SteamWorks" file("SteamWorks.ext") not running
L 01/13/2023 - 22:49:56: SourceMod error session started
L 01/13/2023 - 22:49:56: Info (map "c2m1_highway") (file "/root/Steam/steamapps/common/Left 4 Dead 2 Dedicated Server/left4dead2/addons/sourcemod/logs/errors_20230113.log")
L 01/13/2023 - 22:49:56: [SM] Unable to load extension "SteamWorks.ext": /root/Steam/steamapps/common/Left 4 Dead 2 Dedicated Server/left4dead2/addons/sourcemod/extensions/SteamWorks.ext.so: cannot open shared object file: No such file or directory
L 01/13/2023 - 22:49:56: [SM] Unable to load plugin "Welcome.smx": Could not find required plugin "l4d2_playtime_interface"
L 01/13/2023 - 22:49:56: [SM] Unable to load plugin "l4d_fyzb_en_v20.smx": Could not find required plugin "readyup"
L 01/13/2023 - 22:49:57: [SM] Unable to load plugin "join.smx": Required extension "SteamWorks" file("SteamWorks.ext") not running
L 01/13/2023 - 23:23:10: [SM] Exception reported: File Not Found: addons/sourcemod/configs/advertisements_anne.txt
L 01/13/2023 - 23:23:10: [SM] Blaming: advertisements.smx
L 01/13/2023 - 23:23:10: [SM] Call stack trace:
L 01/13/2023 - 23:23:10: [SM]   [0] SetFailState
L 01/13/2023 - 23:23:10: [SM]   [1] Line 277, advertisements.sp::ParseAds
L 01/13/2023 - 23:23:10: [SM]   [2] Line 109, advertisements.sp::ConVarChanged_File
L 01/13/2023 - 23:23:10: [SM]   [4] ConVar.SetString
L 01/13/2023 - 23:23:10: [SM]   [5] Line 287, confoglcompmod\CvarSettings.sp::SetEnforcedCvars
L 01/13/2023 - 23:23:10: [SM]   [6] Line 78, confoglcompmod\CvarSettings.sp::CVS_SetCvars_Cmd
L 01/13/2023 - 23:23:14: Error log file session closed.
L 01/13/2023 - 23:23:28: SourceMod error session started
L 01/13/2023 - 23:23:28: Info (map "c2m1_highway") (file "/root/Steam/steamapps/common/Left 4 Dead 2 Dedicated Server/left4dead2/addons/sourcemod/logs/errors_20230113.log")
L 01/13/2023 - 23:23:28: [SM] Exception reported: Language phrase "SafeZoneUnReady" not found (arg 4)
L 01/13/2023 - 23:23:28: [SM] Blaming: optional/readyup.smx
L 01/13/2023 - 23:23:28: [SM] Call stack trace:
L 01/13/2023 - 23:23:28: [SM]   [0] PrintHintText
L 01/13/2023 - 23:23:28: [SM]   [1] Line 899, readyup-Auto-Start-9.3.9-1.11.sp::UpdatePanel
L 01/13/2023 - 23:23:28: [SM]   [2] Line 814, readyup-Auto-Start-9.3.9-1.11.sp::MenuRefresh_Timer
L 01/13/2023 - 23:23:29: [SM] Exception reported: Language phrase "SafeZoneUnReady" not found (arg 4)
L 01/13/2023 - 23:23:29: [SM] Blaming: optional/readyup.smx
L 01/13/2023 - 23:23:29: [SM] Call stack trace:
L 01/13/2023 - 23:23:29: [SM]   [0] PrintHintText
L 01/13/2023 - 23:23:29: [SM]   [1] Line 899, readyup-Auto-Start-9.3.9-1.11.sp::UpdatePanel
L 01/13/2023 - 23:23:29: [SM]   [2] Line 814, readyup-Auto-Start-9.3.9-1.11.sp::MenuRefresh_Timer
L 01/13/2023 - 23:23:30: [SM] Exception reported: Language phrase "SafeZoneUnReady" not found (arg 4)
L 01/13/2023 - 23:23:30: [SM] Blaming: optional/readyup.smx
L 01/13/2023 - 23:23:30: [SM] Call stack trace:
L 01/13/2023 - 23:23:30: [SM]   [0] PrintHintText
L 01/13/2023 - 23:23:30: [SM]   [1] Line 899, readyup-Auto-Start-9.3.9-1.11.sp::UpdatePanel
L 01/13/2023 - 23:23:30: [SM]   [2] Line 814, readyup-Auto-Start-9.3.9-1.11.sp::MenuRefresh_Timer
L 01/13/2023 - 23:23:31: [SM] Exception reported: Language phrase "SafeZoneUnReady" not found (arg 4)
L 01/13/2023 - 23:23:31: [SM] Blaming: optional/readyup.smx
L 01/13/2023 - 23:23:31: [SM] Call stack trace:
L 01/13/2023 - 23:23:31: [SM]   [0] PrintHintText
L 01/13/2023 - 23:23:31: [SM]   [1] Line 899, readyup-Auto-Start-9.3.9-1.11.sp::UpdatePanel
L 01/13/2023 - 23:23:31: [SM]   [2] Line 814, readyup-Auto-Start-9.3.9-1.11.sp::MenuRefresh_Timer
L 01/13/2023 - 23:23:32: [SM] Exception reported: Language phrase "SafeZoneUnReady" not found (arg 4)
L 01/13/2023 - 23:23:32: [SM] Blaming: optional/readyup.smx
L 01/13/2023 - 23:23:32: [SM] Call stack trace:
L 01/13/2023 - 23:23:32: [SM]   [0] PrintHintText
L 01/13/2023 - 23:23:32: [SM]   [1] Line 899, readyup-Auto-Start-9.3.9-1.11.sp::UpdatePanel
L 01/13/2023 - 23:23:32: [SM]   [2] Line 814, readyup-Auto-Start-9.3.9-1.11.sp::MenuRefresh_Timer
L 01/13/2023 - 23:23:33: [SM] Exception reported: Language phrase "SafeZoneUnReady" not found (arg 4)
L 01/13/2023 - 23:23:33: [SM] Blaming: optional/readyup.smx
L 01/13/2023 - 23:23:33: [SM] Call stack trace:
L 01/13/2023 - 23:23:33: [SM]   [0] PrintHintText
L 01/13/2023 - 23:23:33: [SM]   [1] Line 899, readyup-Auto-Start-9.3.9-1.11.sp::UpdatePanel
L 01/13/2023 - 23:23:33: [SM]   [2] Line 814, readyup-Auto-Start-9.3.9-1.11.sp::MenuRefresh_Timer
L 01/13/2023 - 23:23:34: [SM] Exception reported: Language phrase "SafeZoneUnReady" not found (arg 4)
L 01/13/2023 - 23:23:34: [SM] Blaming: optional/readyup.smx
L 01/13/2023 - 23:23:34: [SM] Call stack trace:
L 01/13/2023 - 23:23:34: [SM]   [0] PrintHintText
L 01/13/2023 - 23:23:34: [SM]   [1] Line 899, readyup-Auto-Start-9.3.9-1.11.sp::UpdatePanel
L 01/13/2023 - 23:23:34: [SM]   [2] Line 814, readyup-Auto-Start-9.3.9-1.11.sp::MenuRefresh_Timer
L 01/13/2023 - 23:23:35: [SM] Exception reported: Language phrase "SafeZoneUnReady" not found (arg 4)
L 01/13/2023 - 23:23:35: [SM] Blaming: optional/readyup.smx
L 01/13/2023 - 23:23:35: [SM] Call stack trace:
L 01/13/2023 - 23:23:35: [SM]   [0] PrintHintText
L 01/13/2023 - 23:23:35: [SM]   [1] Line 899, readyup-Auto-Start-9.3.9-1.11.sp::UpdatePanel
L 01/13/2023 - 23:23:35: [SM]   [2] Line 814, readyup-Auto-Start-9.3.9-1.11.sp::MenuRefresh_Timer
L 01/13/2023 - 23:23:36: [SM] Exception reported: Language phrase "SafeZoneUnReady" not found (arg 4)
L 01/13/2023 - 23:23:36: [SM] Blaming: optional/readyup.smx
L 01/13/2023 - 23:23:36: [SM] Call stack trace:
L 01/13/2023 - 23:23:36: [SM]   [0] PrintHintText
L 01/13/2023 - 23:23:36: [SM]   [1] Line 899, readyup-Auto-Start-9.3.9-1.11.sp::UpdatePanel
L 01/13/2023 - 23:23:36: [SM]   [2] Line 814, readyup-Auto-Start-9.3.9-1.11.sp::MenuRefresh_Timer
L 01/13/2023 - 23:23:37: [SM] Exception reported: Language phrase "SafeZoneUnReady" not found (arg 4)
L 01/13/2023 - 23:23:37: [SM] Blaming: optional/readyup.smx
L 01/13/2023 - 23:23:37: [SM] Call stack trace:
L 01/13/2023 - 23:23:37: [SM]   [0] PrintHintText
L 01/13/2023 - 23:23:37: [SM]   [1] Line 899, readyup-Auto-Start-9.3.9-1.11.sp::UpdatePanel
L 01/13/2023 - 23:23:37: [SM]   [2] Line 814, readyup-Auto-Start-9.3.9-1.11.sp::MenuRefresh_Timer
L 01/13/2023 - 23:23:38: [SM] Exception reported: Language phrase "SafeZoneUnReady" not found (arg 4)
L 01/13/2023 - 23:23:38: [SM] Blaming: optional/readyup.smx
L 01/13/2023 - 23:23:38: [SM] Call stack trace:
L 01/13/2023 - 23:23:38: [SM]   [0] PrintHintText
L 01/13/2023 - 23:23:38: [SM]   [1] Line 899, readyup-Auto-Start-9.3.9-1.11.sp::UpdatePanel
L 01/13/2023 - 23:23:38: [SM]   [2] Line 814, readyup-Auto-Start-9.3.9-1.11.sp::MenuRefresh_Timer
L 01/13/2023 - 23:23:39: [SM] Exception reported: Language phrase "SafeZoneUnReady" not found (arg 4)
L 01/13/2023 - 23:23:39: [SM] Blaming: optional/readyup.smx
L 01/13/2023 - 23:23:39: [SM] Call stack trace:
L 01/13/2023 - 23:23:39: [SM]   [0] PrintHintText
L 01/13/2023 - 23:23:39: [SM]   [1] Line 899, readyup-Auto-Start-9.3.9-1.11.sp::UpdatePanel
L 01/13/2023 - 23:23:39: [SM]   [2] Line 814, readyup-Auto-Start-9.3.9-1.11.sp::MenuRefresh_Timer
L 01/13/2023 - 23:23:40: [SM] Exception reported: Language phrase "SafeZoneUnReady" not found (arg 4)
L 01/13/2023 - 23:23:40: [SM] Blaming: optional/readyup.smx
L 01/13/2023 - 23:23:40: [SM] Call stack trace:
L 01/13/2023 - 23:23:40: [SM]   [0] PrintHintText
L 01/13/2023 - 23:23:40: [SM]   [1] Line 899, readyup-Auto-Start-9.3.9-1.11.sp::UpdatePanel
L 01/13/2023 - 23:23:40: [SM]   [2] Line 814, readyup-Auto-Start-9.3.9-1.11.sp::MenuRefresh_Timer
L 01/13/2023 - 23:23:41: [SM] Exception reported: Language phrase "SafeZoneUnReady" not found (arg 4)
L 01/13/2023 - 23:23:41: [SM] Blaming: optional/readyup.smx
L 01/13/2023 - 23:23:41: [SM] Call stack trace:
L 01/13/2023 - 23:23:41: [SM]   [0] PrintHintText
L 01/13/2023 - 23:23:41: [SM]   [1] Line 899, readyup-Auto-Start-9.3.9-1.11.sp::UpdatePanel
L 01/13/2023 - 23:23:41: [SM]   [2] Line 814, readyup-Auto-Start-9.3.9-1.11.sp::MenuRefresh_Timer
L 01/13/2023 - 23:23:42: [SM] Exception reported: Language phrase "SafeZoneUnReady" not found (arg 4)
L 01/13/2023 - 23:23:42: [SM] Blaming: optional/readyup.smx
L 01/13/2023 - 23:23:42: [SM] Call stack trace:
L 01/13/2023 - 23:23:42: [SM]   [0] PrintHintText
L 01/13/2023 - 23:23:42: [SM]   [1] Line 899, readyup-Auto-Start-9.3.9-1.11.sp::UpdatePanel
L 01/13/2023 - 23:23:42: [SM]   [2] Line 814, readyup-Auto-Start-9.3.9-1.11.sp::MenuRefresh_Timer
L 01/13/2023 - 23:23:43: [SM] Exception reported: Language phrase "SafeZoneUnReady" not found (arg 4)
L 01/13/2023 - 23:23:43: [SM] Blaming: optional/readyup.smx
L 01/13/2023 - 23:23:43: [SM] Call stack trace:
L 01/13/2023 - 23:23:43: [SM]   [0] PrintHintText
L 01/13/2023 - 23:23:43: [SM]   [1] Line 899, readyup-Auto-Start-9.3.9-1.11.sp::UpdatePanel
L 01/13/2023 - 23:23:43: [SM]   [2] Line 814, readyup-Auto-Start-9.3.9-1.11.sp::MenuRefresh_Timer
L 01/13/2023 - 23:23:44: [SM] Exception reported: Language phrase "SafeZoneUnReady" not found (arg 4)
L 01/13/2023 - 23:23:44: [SM] Blaming: optional/readyup.smx
L 01/13/2023 - 23:23:44: [SM] Call stack trace:
L 01/13/2023 - 23:23:44: [SM]   [0] PrintHintText
L 01/13/2023 - 23:23:44: [SM]   [1] Line 899, readyup-Auto-Start-9.3.9-1.11.sp::UpdatePanel
L 01/13/2023 - 23:23:44: [SM]   [2] Line 814, readyup-Auto-Start-9.3.9-1.11.sp::MenuRefresh_Timer
L 01/13/2023 - 23:23:45: [SM] Exception reported: Language phrase "SafeZoneUnReady" not found (arg 4)
L 01/13/2023 - 23:23:45: [SM] Blaming: optional/readyup.smx
L 01/13/2023 - 23:23:45: [SM] Call stack trace:
L 01/13/2023 - 23:23:45: [SM]   [0] PrintHintText
L 01/13/2023 - 23:23:45: [SM]   [1] Line 899, readyup-Auto-Start-9.3.9-1.11.sp::UpdatePanel
L 01/13/2023 - 23:23:45: [SM]   [2] Line 814, readyup-Auto-Start-9.3.9-1.11.sp::MenuRefresh_Timer
L 01/13/2023 - 23:23:46: [SM] Exception reported: Language phrase "SafeZoneUnReady" not found (arg 4)
L 01/13/2023 - 23:23:46: [SM] Blaming: optional/readyup.smx
L 01/13/2023 - 23:23:46: [SM] Call stack trace:
L 01/13/2023 - 23:23:46: [SM]   [0] PrintHintText
L 01/13/2023 - 23:23:46: [SM]   [1] Line 899, readyup-Auto-Start-9.3.9-1.11.sp::UpdatePanel
L 01/13/2023 - 23:23:46: [SM]   [2] Line 814, readyup-Auto-Start-9.3.9-1.11.sp::MenuRefresh_Timer
L 01/13/2023 - 23:23:47: [SM] Exception reported: Language phrase "SafeZoneUnReady" not found (arg 4)
L 01/13/2023 - 23:23:47: [SM] Blaming: optional/readyup.smx
L 01/13/2023 - 23:23:47: [SM] Call stack trace:
L 01/13/2023 - 23:23:47: [SM]   [0] PrintHintText
L 01/13/2023 - 23:23:47: [SM]   [1] Line 899, readyup-Auto-Start-9.3.9-1.11.sp::UpdatePanel
L 01/13/2023 - 23:23:47: [SM]   [2] Line 814, readyup-Auto-Start-9.3.9-1.11.sp::MenuRefresh_Timer
L 01/13/2023 - 23:23:48: [SM] Exception reported: Language phrase "SafeZoneUnReady" not found (arg 4)
L 01/13/2023 - 23:23:48: [SM] Blaming: optional/readyup.smx
L 01/13/2023 - 23:23:48: [SM] Call stack trace:
L 01/13/2023 - 23:23:48: [SM]   [0] PrintHintText
L 01/13/2023 - 23:23:48: [SM]   [1] Line 899, readyup-Auto-Start-9.3.9-1.11.sp::UpdatePanel
L 01/13/2023 - 23:23:48: [SM]   [2] Line 814, readyup-Auto-Start-9.3.9-1.11.sp::MenuRefresh_Timer
L 01/13/2023 - 23:23:49: [SM] Exception reported: Language phrase "SafeZoneUnReady" not found (arg 4)
L 01/13/2023 - 23:23:49: [SM] Blaming: optional/readyup.smx
L 01/13/2023 - 23:23:49: [SM] Call stack trace:
L 01/13/2023 - 23:23:49: [SM]   [0] PrintHintText
L 01/13/2023 - 23:23:49: [SM]   [1] Line 899, readyup-Auto-Start-9.3.9-1.11.sp::UpdatePanel
L 01/13/2023 - 23:23:49: [SM]   [2] Line 814, readyup-Auto-Start-9.3.9-1.11.sp::MenuRefresh_Timer
L 01/13/2023 - 23:23:50: [SM] Exception reported: Language phrase "SafeZoneUnReady" not found (arg 4)
L 01/13/2023 - 23:23:50: [SM] Blaming: optional/readyup.smx
L 01/13/2023 - 23:23:50: [SM] Call stack trace:
L 01/13/2023 - 23:23:50: [SM]   [0] PrintHintText
L 01/13/2023 - 23:23:50: [SM]   [1] Line 899, readyup-Auto-Start-9.3.9-1.11.sp::UpdatePanel
L 01/13/2023 - 23:23:50: [SM]   [2] Line 814, readyup-Auto-Start-9.3.9-1.11.sp::MenuRefresh_Timer
L 01/13/2023 - 23:23:51: [SM] Exception reported: Language phrase "SafeZoneUnReady" not found (arg 4)
L 01/13/2023 - 23:23:51: [SM] Blaming: optional/readyup.smx
L 01/13/2023 - 23:23:51: [SM] Call stack trace:
L 01/13/2023 - 23:23:51: [SM]   [0] PrintHintText
L 01/13/2023 - 23:23:51: [SM]   [1] Line 899, readyup-Auto-Start-9.3.9-1.11.sp::UpdatePanel
L 01/13/2023 - 23:23:51: [SM]   [2] Line 814, readyup-Auto-Start-9.3.9-1.11.sp::MenuRefresh_Timer
L 01/13/2023 - 23:23:52: [SM] Exception reported: Language phrase "SafeZoneUnReady" not found (arg 4)
L 01/13/2023 - 23:23:52: [SM] Blaming: optional/readyup.smx
L 01/13/2023 - 23:23:52: [SM] Call stack trace:
L 01/13/2023 - 23:23:52: [SM]   [0] PrintHintText
L 01/13/2023 - 23:23:52: [SM]   [1] Line 899, readyup-Auto-Start-9.3.9-1.11.sp::UpdatePanel
L 01/13/2023 - 23:23:52: [SM]   [2] Line 814, readyup-Auto-Start-9.3.9-1.11.sp::MenuRefresh_Timer
L 01/13/2023 - 23:23:53: [SM] Exception reported: Language phrase "SafeZoneUnReady" not found (arg 4)
L 01/13/2023 - 23:23:53: [SM] Blaming: optional/readyup.smx
L 01/13/2023 - 23:23:53: [SM] Call stack trace:
L 01/13/2023 - 23:23:53: [SM]   [0] PrintHintText
L 01/13/2023 - 23:23:53: [SM]   [1] Line 899, readyup-Auto-Start-9.3.9-1.11.sp::UpdatePanel
L 01/13/2023 - 23:23:53: [SM]   [2] Line 814, readyup-Auto-Start-9.3.9-1.11.sp::MenuRefresh_Timer
L 01/13/2023 - 23:23:54: [SM] Exception reported: Language phrase "SafeZoneUnReady" not found (arg 4)
L 01/13/2023 - 23:23:54: [SM] Blaming: optional/readyup.smx
L 01/13/2023 - 23:23:54: [SM] Call stack trace:
L 01/13/2023 - 23:23:54: [SM]   [0] PrintHintText
L 01/13/2023 - 23:23:54: [SM]   [1] Line 899, readyup-Auto-Start-9.3.9-1.11.sp::UpdatePanel
L 01/13/2023 - 23:23:54: [SM]   [2] Line 814, readyup-Auto-Start-9.3.9-1.11.sp::MenuRefresh_Timer
L 01/13/2023 - 23:23:55: [SM] Exception reported: Language phrase "SafeZoneUnReady" not found (arg 4)
L 01/13/2023 - 23:23:55: [SM] Blaming: optional/readyup.smx
L 01/13/2023 - 23:23:55: [SM] Call stack trace:
L 01/13/2023 - 23:23:55: [SM]   [0] PrintHintText
L 01/13/2023 - 23:23:55: [SM]   [1] Line 899, readyup-Auto-Start-9.3.9-1.11.sp::UpdatePanel
L 01/13/2023 - 23:23:55: [SM]   [2] Line 814, readyup-Auto-Start-9.3.9-1.11.sp::MenuRefresh_Timer
L 01/13/2023 - 23:23:56: [SM] Exception reported: Language phrase "SafeZoneUnReady" not found (arg 4)
L 01/13/2023 - 23:23:56: [SM] Blaming: optional/readyup.smx
L 01/13/2023 - 23:23:56: [SM] Call stack trace:
L 01/13/2023 - 23:23:56: [SM]   [0] PrintHintText
L 01/13/2023 - 23:23:56: [SM]   [1] Line 899, readyup-Auto-Start-9.3.9-1.11.sp::UpdatePanel
L 01/13/2023 - 23:23:56: [SM]   [2] Line 814, readyup-Auto-Start-9.3.9-1.11.sp::MenuRefresh_Timer
L 01/13/2023 - 23:23:57: [SM] Exception reported: Language phrase "SafeZoneUnReady" not found (arg 4)
L 01/13/2023 - 23:23:57: [SM] Blaming: optional/readyup.smx
L 01/13/2023 - 23:23:57: [SM] Call stack trace:
L 01/13/2023 - 23:23:57: [SM]   [0] PrintHintText
L 01/13/2023 - 23:23:57: [SM]   [1] Line 899, readyup-Auto-Start-9.3.9-1.11.sp::UpdatePanel
L 01/13/2023 - 23:23:57: [SM]   [2] Line 814, readyup-Auto-Start-9.3.9-1.11.sp::MenuRefresh_Timer
L 01/13/2023 - 23:23:58: [SM] Exception reported: Language phrase "SafeZoneUnReady" not found (arg 4)
L 01/13/2023 - 23:23:58: [SM] Blaming: optional/readyup.smx
L 01/13/2023 - 23:23:58: [SM] Call stack trace:
L 01/13/2023 - 23:23:58: [SM]   [0] PrintHintText
L 01/13/2023 - 23:23:58: [SM]   [1] Line 899, readyup-Auto-Start-9.3.9-1.11.sp::UpdatePanel
L 01/13/2023 - 23:23:58: [SM]   [2] Line 814, readyup-Auto-Start-9.3.9-1.11.sp::MenuRefresh_Timer
L 01/13/2023 - 23:23:59: [SM] Exception reported: Language phrase "SafeZoneUnReady" not found (arg 4)
L 01/13/2023 - 23:23:59: [SM] Blaming: optional/readyup.smx
L 01/13/2023 - 23:23:59: [SM] Call stack trace:
L 01/13/2023 - 23:23:59: [SM]   [0] PrintHintText
L 01/13/2023 - 23:23:59: [SM]   [1] Line 899, readyup-Auto-Start-9.3.9-1.11.sp::UpdatePanel
L 01/13/2023 - 23:23:59: [SM]   [2] Line 814, readyup-Auto-Start-9.3.9-1.11.sp::MenuRefresh_Timer
L 01/13/2023 - 23:24:00: [SM] Exception reported: Language phrase "SafeZoneUnReady" not found (arg 4)
L 01/13/2023 - 23:24:00: [SM] Blaming: optional/readyup.smx
L 01/13/2023 - 23:24:00: [SM] Call stack trace:
L 01/13/2023 - 23:24:00: [SM]   [0] PrintHintText
L 01/13/2023 - 23:24:00: [SM]   [1] Line 899, readyup-Auto-Start-9.3.9-1.11.sp::UpdatePanel
L 01/13/2023 - 23:24:00: [SM]   [2] Line 814, readyup-Auto-Start-9.3.9-1.11.sp::MenuRefresh_Timer
L 01/13/2023 - 23:24:01: [SM] Exception reported: Language phrase "SafeZoneUnReady" not found (arg 4)
L 01/13/2023 - 23:24:01: [SM] Blaming: optional/readyup.smx
L 01/13/2023 - 23:24:01: [SM] Call stack trace:
L 01/13/2023 - 23:24:01: [SM]   [0] PrintHintText
L 01/13/2023 - 23:24:01: [SM]   [1] Line 899, readyup-Auto-Start-9.3.9-1.11.sp::UpdatePanel
L 01/13/2023 - 23:24:01: [SM]   [2] Line 814, readyup-Auto-Start-9.3.9-1.11.sp::MenuRefresh_Timer
L 01/13/2023 - 23:24:02: [SM] Exception reported: Language phrase "SafeZoneUnReady" not found (arg 4)
L 01/13/2023 - 23:24:02: [SM] Blaming: optional/readyup.smx
L 01/13/2023 - 23:24:02: [SM] Call stack trace:
L 01/13/2023 - 23:24:02: [SM]   [0] PrintHintText
L 01/13/2023 - 23:24:02: [SM]   [1] Line 899, readyup-Auto-Start-9.3.9-1.11.sp::UpdatePanel
L 01/13/2023 - 23:24:02: [SM]   [2] Line 814, readyup-Auto-Start-9.3.9-1.11.sp::MenuRefresh_Timer
L 01/13/2023 - 23:24:03: [SM] Exception reported: Language phrase "SafeZoneUnReady" not found (arg 4)
L 01/13/2023 - 23:24:03: [SM] Blaming: optional/readyup.smx
L 01/13/2023 - 23:24:03: [SM] Call stack trace:
L 01/13/2023 - 23:24:03: [SM]   [0] PrintHintText
L 01/13/2023 - 23:24:03: [SM]   [1] Line 899, readyup-Auto-Start-9.3.9-1.11.sp::UpdatePanel
L 01/13/2023 - 23:24:03: [SM]   [2] Line 814, readyup-Auto-Start-9.3.9-1.11.sp::MenuRefresh_Timer
L 01/13/2023 - 23:24:04: [SM] Exception reported: Language phrase "SafeZoneUnReady" not found (arg 4)
L 01/13/2023 - 23:24:04: [SM] Blaming: optional/readyup.smx
L 01/13/2023 - 23:24:04: [SM] Call stack trace:
L 01/13/2023 - 23:24:04: [SM]   [0] PrintHintText
L 01/13/2023 - 23:24:04: [SM]   [1] Line 899, readyup-Auto-Start-9.3.9-1.11.sp::UpdatePanel
L 01/13/2023 - 23:24:04: [SM]   [2] Line 814, readyup-Auto-Start-9.3.9-1.11.sp::MenuRefresh_Timer
L 01/13/2023 - 23:24:05: [SM] Exception reported: Language phrase "SafeZoneUnReady" not found (arg 4)
L 01/13/2023 - 23:24:05: [SM] Blaming: optional/readyup.smx
L 01/13/2023 - 23:24:05: [SM] Call stack trace:
L 01/13/2023 - 23:24:05: [SM]   [0] PrintHintText
L 01/13/2023 - 23:24:05: [SM]   [1] Line 899, readyup-Auto-Start-9.3.9-1.11.sp::UpdatePanel
L 01/13/2023 - 23:24:05: [SM]   [2] Line 814, readyup-Auto-Start-9.3.9-1.11.sp::MenuRefresh_Timer
L 01/13/2023 - 23:24:06: [SM] Exception reported: Language phrase "SafeZoneUnReady" not found (arg 4)
L 01/13/2023 - 23:24:06: [SM] Blaming: optional/readyup.smx
L 01/13/2023 - 23:24:06: [SM] Call stack trace:
L 01/13/2023 - 23:24:06: [SM]   [0] PrintHintText
L 01/13/2023 - 23:24:06: [SM]   [1] Line 899, readyup-Auto-Start-9.3.9-1.11.sp::UpdatePanel
L 01/13/2023 - 23:24:06: [SM]   [2] Line 814, readyup-Auto-Start-9.3.9-1.11.sp::MenuRefresh_Timer
L 01/13/2023 - 23:24:07: [SM] Exception reported: Language phrase "SafeZoneUnReady" not found (arg 4)
L 01/13/2023 - 23:24:07: [SM] Blaming: optional/readyup.smx
L 01/13/2023 - 23:24:07: [SM] Call stack trace:
L 01/13/2023 - 23:24:07: [SM]   [0] PrintHintText
L 01/13/2023 - 23:24:07: [SM]   [1] Line 899, readyup-Auto-Start-9.3.9-1.11.sp::UpdatePanel
L 01/13/2023 - 23:24:07: [SM]   [2] Line 814, readyup-Auto-Start-9.3.9-1.11.sp::MenuRefresh_Timer
L 01/13/2023 - 23:24:08: [SM] Exception reported: Language phrase "SafeZoneUnReady" not found (arg 4)
L 01/13/2023 - 23:24:08: [SM] Blaming: optional/readyup.smx
L 01/13/2023 - 23:24:08: [SM] Call stack trace:
L 01/13/2023 - 23:24:08: [SM]   [0] PrintHintText
L 01/13/2023 - 23:24:08: [SM]   [1] Line 899, readyup-Auto-Start-9.3.9-1.11.sp::UpdatePanel
L 01/13/2023 - 23:24:08: [SM]   [2] Line 814, readyup-Auto-Start-9.3.9-1.11.sp::MenuRefresh_Timer
L 01/13/2023 - 23:24:09: [SM] Exception reported: Language phrase "SafeZoneUnReady" not found (arg 4)
L 01/13/2023 - 23:24:09: [SM] Blaming: optional/readyup.smx
L 01/13/2023 - 23:24:09: [SM] Call stack trace:
L 01/13/2023 - 23:24:09: [SM]   [0] PrintHintText
L 01/13/2023 - 23:24:09: [SM]   [1] Line 899, readyup-Auto-Start-9.3.9-1.11.sp::UpdatePanel
L 01/13/2023 - 23:24:09: [SM]   [2] Line 814, readyup-Auto-Start-9.3.9-1.11.sp::MenuRefresh_Timer
L 01/13/2023 - 23:24:10: [SM] Unable to load plugin "Welcome.smx": Could not find required plugin "l4d2_playtime_interface"
L 01/13/2023 - 23:24:10: [SM] Unable to load plugin "l4d_fyzb_en_v20.smx": Could not find required plugin "readyup"
L 01/13/2023 - 23:24:10: [SM] Unable to load plugin "join.smx": Required extension "SteamWorks" file("SteamWorks.ext") not running
L 01/13/2023 - 23:24:26: Error log file session closed.
L 01/13/2023 - 23:26:23: SourceMod error session started
L 01/13/2023 - 23:26:23: Info (map "c2m1_highway") (file "/root/Steam/steamapps/common/Left 4 Dead 2 Dedicated Server/left4dead2/addons/sourcemod/logs/errors_20230113.log")
L 01/13/2023 - 23:26:23: [SM] Exception reported: Native is not bound
L 01/13/2023 - 23:26:23: [SM] Blaming: optional/spechud.smx
L 01/13/2023 - 23:26:23: [SM] Call stack trace:
L 01/13/2023 - 23:26:23: [SM]   [0] IsDarkCarniRemix
L 01/13/2023 - 23:26:23: [SM]   [1] Line 338, J:\Documents\GitHub\L4D2-Competitive-Rework\addons\sourcemod\scripting\spechud.sp::OnRoundIsLive
L 01/13/2023 - 23:26:23: [SM]   [3] Call_Finish
L 01/13/2023 - 23:26:23: [SM]   [4] Line 1212, E:\DownLoading\beifen\sourcemod-1.11.0-git6826-windows\addons\sourcemod\scripting\readyup2.sp::InitiateLive
L 01/13/2023 - 23:26:23: [SM]   [5] Line 1313, E:\DownLoading\beifen\sourcemod-1.11.0-git6826-windows\addons\sourcemod\scripting\readyup2.sp::ReadyCountdownDelay_Timer
L 01/13/2023 - 23:27:56: SourceMod error session started
L 01/13/2023 - 23:27:56: Info (map "c2m1_highway") (file "/root/Steam/steamapps/common/Left 4 Dead 2 Dedicated Server/left4dead2/addons/sourcemod/logs/errors_20230113.log")
L 01/13/2023 - 23:27:56: [SM] Unable to load plugin "Welcome.smx": Could not find required plugin "l4d2_playtime_interface"
L 01/13/2023 - 23:27:56: [SM] Unable to load plugin "l4d_fyzb_en_v20.smx": Could not find required plugin "readyup"
