L 12/30/2022 - 12:13:10: SourceMod error session started
L 12/30/2022 - 12:13:10: Info (map "c2m1_highway") (file "/root/Steam/steamapps/common/Left 4 Dead 2 Dedicated Server/left4dead2/addons/sourcemod/logs/errors_20221230.log")
L 12/30/2022 - 12:13:10: [SM] Unable to load plugin "Welcome.smx": Could not find required plugin "l4d2_playtime_interface"
L 12/30/2022 - 12:13:10: [SM] Unable to load plugin "l4d_fyzb_en_v20.smx": Could not find required plugin "readyup"
L 12/30/2022 - 12:17:14: Error log file session closed.
L 12/30/2022 - 12:17:34: SourceMod error session started
L 12/30/2022 - 12:17:34: Info (map "c2m1_highway") (file "/root/Steam/steamapps/common/Left 4 Dead 2 Dedicated Server/left4dead2/addons/sourcemod/logs/errors_20221230.log")
L 12/30/2022 - 12:17:34: [SM] Exception reported: Invalid index 1 (count: 1)
L 12/30/2022 - 12:17:34: [SM] Blaming: optional/l4d_equalise_alarm_cars_scav.smx
L 12/30/2022 - 12:17:34: [SM] Call stack trace:
L 12/30/2022 - 12:17:34: [SM]   [0] ArrayList.GetString
L 12/30/2022 - 12:17:34: [SM]   [1] Line 384, F:\Users\Administrator\Documents\GitHub\MoYu_Server_Stupid_Plugins\The Last Stand\l4d_equalise_alarm_cars\l4d_equalise_alarm_cars.sp::PatchAlarmedCars
L 12/30/2022 - 12:18:57: Error log file session closed.
L 12/30/2022 - 12:19:18: SourceMod error session started
L 12/30/2022 - 12:19:18: Info (map "hotel05_rooftop_two") (file "/root/Steam/steamapps/common/Left 4 Dead 2 Dedicated Server/left4dead2/addons/sourcemod/logs/errors_20221230.log")
L 12/30/2022 - 12:19:18: [SM] Exception reported: Element -2 is out of bounds (Prop m_iScavengeTeamScore has 10 elements).
L 12/30/2022 - 12:19:18: [SM] Blaming: optional/scavenge_quick_end.smx
L 12/30/2022 - 12:19:18: [SM] Call stack trace:
L 12/30/2022 - 12:19:18: [SM]   [0] GameRules_GetProp
L 12/30/2022 - 12:19:18: [SM]   [1] Line 157, /home/groups/alliedmodders/forums/files/7/1/5/3/3/102340.attach::GameRules_GetScavengeTeamScore
L 12/30/2022 - 12:19:18: [SM]   [2] Line 119, /home/groups/alliedmodders/forums/files/7/1/5/3/3/102340.attach::PrintRoundEndTimeData
L 12/30/2022 - 12:19:18: [SM]   [3] Line 69, /home/groups/alliedmodders/forums/files/7/1/5/3/3/102340.attach::RoundEnd
L 12/30/2022 - 12:19:18: [SM]   [5] SDKCall
L 12/30/2022 - 12:19:18: [SM]   [6] Line 1727, l4dd\l4dd_natives.sp::Native_CDirector_RestartScenarioFromVote
L 12/30/2022 - 12:19:18: [SM]   [8] L4D_RestartScenarioFromVote
L 12/30/2022 - 12:19:18: [SM]   [9] Line 612, E:\DownLoading\beifen\sourcemod-1.11.0-git6826-windows\addons\sourcemod\scripting\readyup2.sp::RestartCampaignAny1
L 12/30/2022 - 12:19:20: [SM] Exception reported: Element -1 is out of bounds (Prop m_iScavengeTeamScore has 10 elements).
L 12/30/2022 - 12:19:20: [SM] Blaming: optional/scavenge_quick_end.smx
L 12/30/2022 - 12:19:20: [SM] Call stack trace:
L 12/30/2022 - 12:19:20: [SM]   [0] GameRules_GetProp
L 12/30/2022 - 12:19:20: [SM]   [1] Line 157, /home/groups/alliedmodders/forums/files/7/1/5/3/3/102340.attach::GameRules_GetScavengeTeamScore
L 12/30/2022 - 12:19:20: [SM]   [2] Line 119, /home/groups/alliedmodders/forums/files/7/1/5/3/3/102340.attach::PrintRoundEndTimeData
L 12/30/2022 - 12:19:20: [SM]   [3] Line 69, /home/groups/alliedmodders/forums/files/7/1/5/3/3/102340.attach::RoundEnd
L 12/30/2022 - 12:19:20: [SM]   [5] SDKCall
L 12/30/2022 - 12:19:20: [SM]   [6] Line 1727, l4dd\l4dd_natives.sp::Native_CDirector_RestartScenarioFromVote
L 12/30/2022 - 12:19:20: [SM]   [8] L4D_RestartScenarioFromVote
L 12/30/2022 - 12:19:20: [SM]   [9] Line 624, E:\DownLoading\beifen\sourcemod-1.11.0-git6826-windows\addons\sourcemod\scripting\readyup2.sp::RestartCampaignAny2
L 12/30/2022 - 12:22:31: Error log file session closed.
L 12/30/2022 - 12:22:46: SourceMod error session started
L 12/30/2022 - 12:22:46: Info (map "nothinggonelast10") (file "/root/Steam/steamapps/common/Left 4 Dead 2 Dedicated Server/left4dead2/addons/sourcemod/logs/errors_20221230.log")
L 12/30/2022 - 12:22:46: [SM] Exception reported: Element -2 is out of bounds (Prop m_iScavengeTeamScore has 10 elements).
L 12/30/2022 - 12:22:46: [SM] Blaming: optional/scavenge_quick_end.smx
L 12/30/2022 - 12:22:46: [SM] Call stack trace:
L 12/30/2022 - 12:22:46: [SM]   [0] GameRules_GetProp
L 12/30/2022 - 12:22:46: [SM]   [1] Line 157, /home/groups/alliedmodders/forums/files/7/1/5/3/3/102340.attach::GameRules_GetScavengeTeamScore
L 12/30/2022 - 12:22:46: [SM]   [2] Line 119, /home/groups/alliedmodders/forums/files/7/1/5/3/3/102340.attach::PrintRoundEndTimeData
L 12/30/2022 - 12:22:46: [SM]   [3] Line 69, /home/groups/alliedmodders/forums/files/7/1/5/3/3/102340.attach::RoundEnd
L 12/30/2022 - 12:22:46: [SM]   [5] SDKCall
L 12/30/2022 - 12:22:46: [SM]   [6] Line 1727, l4dd\l4dd_natives.sp::Native_CDirector_RestartScenarioFromVote
L 12/30/2022 - 12:22:46: [SM]   [8] L4D_RestartScenarioFromVote
L 12/30/2022 - 12:22:46: [SM]   [9] Line 612, E:\DownLoading\beifen\sourcemod-1.11.0-git6826-windows\addons\sourcemod\scripting\readyup2.sp::RestartCampaignAny1
L 12/30/2022 - 12:22:48: [SM] Exception reported: Element -1 is out of bounds (Prop m_iScavengeTeamScore has 10 elements).
L 12/30/2022 - 12:22:48: [SM] Blaming: optional/scavenge_quick_end.smx
L 12/30/2022 - 12:22:48: [SM] Call stack trace:
L 12/30/2022 - 12:22:48: [SM]   [0] GameRules_GetProp
L 12/30/2022 - 12:22:48: [SM]   [1] Line 157, /home/groups/alliedmodders/forums/files/7/1/5/3/3/102340.attach::GameRules_GetScavengeTeamScore
L 12/30/2022 - 12:22:48: [SM]   [2] Line 119, /home/groups/alliedmodders/forums/files/7/1/5/3/3/102340.attach::PrintRoundEndTimeData
L 12/30/2022 - 12:22:48: [SM]   [3] Line 69, /home/groups/alliedmodders/forums/files/7/1/5/3/3/102340.attach::RoundEnd
L 12/30/2022 - 12:22:48: [SM]   [5] SDKCall
L 12/30/2022 - 12:22:48: [SM]   [6] Line 1727, l4dd\l4dd_natives.sp::Native_CDirector_RestartScenarioFromVote
L 12/30/2022 - 12:22:48: [SM]   [8] L4D_RestartScenarioFromVote
L 12/30/2022 - 12:22:48: [SM]   [9] Line 624, E:\DownLoading\beifen\sourcemod-1.11.0-git6826-windows\addons\sourcemod\scripting\readyup2.sp::RestartCampaignAny2
L 12/30/2022 - 12:29:56: Error log file session closed.
L 12/30/2022 - 12:30:13: SourceMod error session started
L 12/30/2022 - 12:30:13: Info (map "cedafever_m3") (file "/root/Steam/steamapps/common/Left 4 Dead 2 Dedicated Server/left4dead2/addons/sourcemod/logs/errors_20221230.log")
L 12/30/2022 - 12:30:13: [SM] Exception reported: Element -2 is out of bounds (Prop m_iScavengeTeamScore has 10 elements).
L 12/30/2022 - 12:30:13: [SM] Blaming: optional/scavenge_quick_end.smx
L 12/30/2022 - 12:30:13: [SM] Call stack trace:
L 12/30/2022 - 12:30:13: [SM]   [0] GameRules_GetProp
L 12/30/2022 - 12:30:13: [SM]   [1] Line 157, /home/groups/alliedmodders/forums/files/7/1/5/3/3/102340.attach::GameRules_GetScavengeTeamScore
L 12/30/2022 - 12:30:13: [SM]   [2] Line 119, /home/groups/alliedmodders/forums/files/7/1/5/3/3/102340.attach::PrintRoundEndTimeData
L 12/30/2022 - 12:30:13: [SM]   [3] Line 69, /home/groups/alliedmodders/forums/files/7/1/5/3/3/102340.attach::RoundEnd
L 12/30/2022 - 12:30:13: [SM]   [5] SDKCall
L 12/30/2022 - 12:30:13: [SM]   [6] Line 1727, l4dd\l4dd_natives.sp::Native_CDirector_RestartScenarioFromVote
L 12/30/2022 - 12:30:13: [SM]   [8] L4D_RestartScenarioFromVote
L 12/30/2022 - 12:30:13: [SM]   [9] Line 612, E:\DownLoading\beifen\sourcemod-1.11.0-git6826-windows\addons\sourcemod\scripting\readyup2.sp::RestartCampaignAny1
L 12/30/2022 - 12:30:16: [SM] Exception reported: Element -1 is out of bounds (Prop m_iScavengeTeamScore has 10 elements).
L 12/30/2022 - 12:30:16: [SM] Blaming: optional/scavenge_quick_end.smx
L 12/30/2022 - 12:30:16: [SM] Call stack trace:
L 12/30/2022 - 12:30:16: [SM]   [0] GameRules_GetProp
L 12/30/2022 - 12:30:16: [SM]   [1] Line 157, /home/groups/alliedmodders/forums/files/7/1/5/3/3/102340.attach::GameRules_GetScavengeTeamScore
L 12/30/2022 - 12:30:16: [SM]   [2] Line 119, /home/groups/alliedmodders/forums/files/7/1/5/3/3/102340.attach::PrintRoundEndTimeData
L 12/30/2022 - 12:30:16: [SM]   [3] Line 69, /home/groups/alliedmodders/forums/files/7/1/5/3/3/102340.attach::RoundEnd
L 12/30/2022 - 12:30:16: [SM]   [5] SDKCall
L 12/30/2022 - 12:30:16: [SM]   [6] Line 1727, l4dd\l4dd_natives.sp::Native_CDirector_RestartScenarioFromVote
L 12/30/2022 - 12:30:16: [SM]   [8] L4D_RestartScenarioFromVote
L 12/30/2022 - 12:30:16: [SM]   [9] Line 624, E:\DownLoading\beifen\sourcemod-1.11.0-git6826-windows\addons\sourcemod\scripting\readyup2.sp::RestartCampaignAny2
L 12/30/2022 - 12:35:25: Error log file session closed.
L 12/30/2022 - 12:35:44: SourceMod error session started
L 12/30/2022 - 12:35:44: Info (map "roofdownthedrain") (file "/root/Steam/steamapps/common/Left 4 Dead 2 Dedicated Server/left4dead2/addons/sourcemod/logs/errors_20221230.log")
L 12/30/2022 - 12:35:44: [SM] Exception reported: Element -2 is out of bounds (Prop m_iScavengeTeamScore has 10 elements).
L 12/30/2022 - 12:35:44: [SM] Blaming: optional/scavenge_quick_end.smx
L 12/30/2022 - 12:35:44: [SM] Call stack trace:
L 12/30/2022 - 12:35:44: [SM]   [0] GameRules_GetProp
L 12/30/2022 - 12:35:44: [SM]   [1] Line 157, /home/groups/alliedmodders/forums/files/7/1/5/3/3/102340.attach::GameRules_GetScavengeTeamScore
L 12/30/2022 - 12:35:44: [SM]   [2] Line 119, /home/groups/alliedmodders/forums/files/7/1/5/3/3/102340.attach::PrintRoundEndTimeData
L 12/30/2022 - 12:35:44: [SM]   [3] Line 69, /home/groups/alliedmodders/forums/files/7/1/5/3/3/102340.attach::RoundEnd
L 12/30/2022 - 12:35:44: [SM]   [5] SDKCall
L 12/30/2022 - 12:35:44: [SM]   [6] Line 1727, l4dd\l4dd_natives.sp::Native_CDirector_RestartScenarioFromVote
L 12/30/2022 - 12:35:44: [SM]   [8] L4D_RestartScenarioFromVote
L 12/30/2022 - 12:35:44: [SM]   [9] Line 612, E:\DownLoading\beifen\sourcemod-1.11.0-git6826-windows\addons\sourcemod\scripting\readyup2.sp::RestartCampaignAny1
L 12/30/2022 - 12:35:46: [SM] Exception reported: Element -1 is out of bounds (Prop m_iScavengeTeamScore has 10 elements).
L 12/30/2022 - 12:35:46: [SM] Blaming: optional/scavenge_quick_end.smx
L 12/30/2022 - 12:35:46: [SM] Call stack trace:
L 12/30/2022 - 12:35:46: [SM]   [0] GameRules_GetProp
L 12/30/2022 - 12:35:46: [SM]   [1] Line 157, /home/groups/alliedmodders/forums/files/7/1/5/3/3/102340.attach::GameRules_GetScavengeTeamScore
L 12/30/2022 - 12:35:46: [SM]   [2] Line 119, /home/groups/alliedmodders/forums/files/7/1/5/3/3/102340.attach::PrintRoundEndTimeData
L 12/30/2022 - 12:35:46: [SM]   [3] Line 69, /home/groups/alliedmodders/forums/files/7/1/5/3/3/102340.attach::RoundEnd
L 12/30/2022 - 12:35:46: [SM]   [5] SDKCall
L 12/30/2022 - 12:35:46: [SM]   [6] Line 1727, l4dd\l4dd_natives.sp::Native_CDirector_RestartScenarioFromVote
L 12/30/2022 - 12:35:46: [SM]   [8] L4D_RestartScenarioFromVote
L 12/30/2022 - 12:35:46: [SM]   [9] Line 624, E:\DownLoading\beifen\sourcemod-1.11.0-git6826-windows\addons\sourcemod\scripting\readyup2.sp::RestartCampaignAny2
L 12/30/2022 - 12:41:20: Error log file session closed.
L 12/30/2022 - 12:41:37: SourceMod error session started
L 12/30/2022 - 12:41:37: Info (map "nmrm5_rooftop") (file "/root/Steam/steamapps/common/Left 4 Dead 2 Dedicated Server/left4dead2/addons/sourcemod/logs/errors_20221230.log")
L 12/30/2022 - 12:41:37: [SM] Exception reported: Client 5 is not in game
L 12/30/2022 - 12:41:37: [SM] Blaming: optional/l4d2_scav_fix_nm5.smx
L 12/30/2022 - 12:41:37: [SM] Call stack trace:
L 12/30/2022 - 12:41:37: [SM]   [0] GetClientAbsOrigin
L 12/30/2022 - 12:41:37: [SM]   [1] Line 76, E:\DownLoading\sourcemod-1.11.0-git6826-windows\addons\sourcemod\scripting\l4d2_scav_fix_nm5.sp::FindMisplacedCans
L 12/30/2022 - 12:41:37: [SM]   [2] Line 53, E:\DownLoading\sourcemod-1.11.0-git6826-windows\addons\sourcemod\scripting\l4d2_scav_fix_nm5.sp::ScavTimerH
L 12/30/2022 - 12:41:38: [SM] Exception reported: Element -2 is out of bounds (Prop m_iScavengeTeamScore has 10 elements).
L 12/30/2022 - 12:41:38: [SM] Blaming: optional/scavenge_quick_end.smx
L 12/30/2022 - 12:41:38: [SM] Call stack trace:
L 12/30/2022 - 12:41:38: [SM]   [0] GameRules_GetProp
L 12/30/2022 - 12:41:38: [SM]   [1] Line 157, /home/groups/alliedmodders/forums/files/7/1/5/3/3/102340.attach::GameRules_GetScavengeTeamScore
L 12/30/2022 - 12:41:38: [SM]   [2] Line 119, /home/groups/alliedmodders/forums/files/7/1/5/3/3/102340.attach::PrintRoundEndTimeData
L 12/30/2022 - 12:41:38: [SM]   [3] Line 69, /home/groups/alliedmodders/forums/files/7/1/5/3/3/102340.attach::RoundEnd
L 12/30/2022 - 12:41:38: [SM]   [5] SDKCall
L 12/30/2022 - 12:41:38: [SM]   [6] Line 1727, l4dd\l4dd_natives.sp::Native_CDirector_RestartScenarioFromVote
L 12/30/2022 - 12:41:38: [SM]   [8] L4D_RestartScenarioFromVote
L 12/30/2022 - 12:41:38: [SM]   [9] Line 612, E:\DownLoading\beifen\sourcemod-1.11.0-git6826-windows\addons\sourcemod\scripting\readyup2.sp::RestartCampaignAny1
L 12/30/2022 - 12:41:40: [SM] Exception reported: Element -1 is out of bounds (Prop m_iScavengeTeamScore has 10 elements).
L 12/30/2022 - 12:41:40: [SM] Blaming: optional/scavenge_quick_end.smx
L 12/30/2022 - 12:41:40: [SM] Call stack trace:
L 12/30/2022 - 12:41:40: [SM]   [0] GameRules_GetProp
L 12/30/2022 - 12:41:40: [SM]   [1] Line 157, /home/groups/alliedmodders/forums/files/7/1/5/3/3/102340.attach::GameRules_GetScavengeTeamScore
L 12/30/2022 - 12:41:40: [SM]   [2] Line 119, /home/groups/alliedmodders/forums/files/7/1/5/3/3/102340.attach::PrintRoundEndTimeData
L 12/30/2022 - 12:41:40: [SM]   [3] Line 69, /home/groups/alliedmodders/forums/files/7/1/5/3/3/102340.attach::RoundEnd
L 12/30/2022 - 12:41:40: [SM]   [5] SDKCall
L 12/30/2022 - 12:41:40: [SM]   [6] Line 1727, l4dd\l4dd_natives.sp::Native_CDirector_RestartScenarioFromVote
L 12/30/2022 - 12:41:40: [SM]   [8] L4D_RestartScenarioFromVote
L 12/30/2022 - 12:41:40: [SM]   [9] Line 624, E:\DownLoading\beifen\sourcemod-1.11.0-git6826-windows\addons\sourcemod\scripting\readyup2.sp::RestartCampaignAny2
L 12/30/2022 - 12:41:52: [SM] Exception reported: Client 5 is not in game
L 12/30/2022 - 12:41:52: [SM] Blaming: optional/l4d2_scav_fix_nm5.smx
L 12/30/2022 - 12:41:52: [SM] Call stack trace:
L 12/30/2022 - 12:41:52: [SM]   [0] GetClientAbsOrigin
L 12/30/2022 - 12:41:52: [SM]   [1] Line 76, E:\DownLoading\sourcemod-1.11.0-git6826-windows\addons\sourcemod\scripting\l4d2_scav_fix_nm5.sp::FindMisplacedCans
L 12/30/2022 - 12:41:52: [SM]   [2] Line 53, E:\DownLoading\sourcemod-1.11.0-git6826-windows\addons\sourcemod\scripting\l4d2_scav_fix_nm5.sp::ScavTimerH
L 12/30/2022 - 12:42:07: [SM] Exception reported: Client 5 is not in game
L 12/30/2022 - 12:42:07: [SM] Blaming: optional/l4d2_scav_fix_nm5.smx
L 12/30/2022 - 12:42:07: [SM] Call stack trace:
L 12/30/2022 - 12:42:07: [SM]   [0] GetClientAbsOrigin
L 12/30/2022 - 12:42:07: [SM]   [1] Line 76, E:\DownLoading\sourcemod-1.11.0-git6826-windows\addons\sourcemod\scripting\l4d2_scav_fix_nm5.sp::FindMisplacedCans
L 12/30/2022 - 12:42:07: [SM]   [2] Line 53, E:\DownLoading\sourcemod-1.11.0-git6826-windows\addons\sourcemod\scripting\l4d2_scav_fix_nm5.sp::ScavTimerH
L 12/30/2022 - 12:42:22: [SM] Exception reported: Client 5 is not in game
L 12/30/2022 - 12:42:22: [SM] Blaming: optional/l4d2_scav_fix_nm5.smx
L 12/30/2022 - 12:42:22: [SM] Call stack trace:
L 12/30/2022 - 12:42:22: [SM]   [0] GetClientAbsOrigin
L 12/30/2022 - 12:42:22: [SM]   [1] Line 76, E:\DownLoading\sourcemod-1.11.0-git6826-windows\addons\sourcemod\scripting\l4d2_scav_fix_nm5.sp::FindMisplacedCans
L 12/30/2022 - 12:42:22: [SM]   [2] Line 53, E:\DownLoading\sourcemod-1.11.0-git6826-windows\addons\sourcemod\scripting\l4d2_scav_fix_nm5.sp::ScavTimerH
L 12/30/2022 - 12:42:37: [SM] Exception reported: Client 5 is not in game
L 12/30/2022 - 12:42:37: [SM] Blaming: optional/l4d2_scav_fix_nm5.smx
L 12/30/2022 - 12:42:37: [SM] Call stack trace:
L 12/30/2022 - 12:42:37: [SM]   [0] GetClientAbsOrigin
L 12/30/2022 - 12:42:37: [SM]   [1] Line 76, E:\DownLoading\sourcemod-1.11.0-git6826-windows\addons\sourcemod\scripting\l4d2_scav_fix_nm5.sp::FindMisplacedCans
L 12/30/2022 - 12:42:37: [SM]   [2] Line 53, E:\DownLoading\sourcemod-1.11.0-git6826-windows\addons\sourcemod\scripting\l4d2_scav_fix_nm5.sp::ScavTimerH
L 12/30/2022 - 12:42:52: [SM] Exception reported: Client 5 is not in game
L 12/30/2022 - 12:42:52: [SM] Blaming: optional/l4d2_scav_fix_nm5.smx
L 12/30/2022 - 12:42:52: [SM] Call stack trace:
L 12/30/2022 - 12:42:52: [SM]   [0] GetClientAbsOrigin
L 12/30/2022 - 12:42:52: [SM]   [1] Line 76, E:\DownLoading\sourcemod-1.11.0-git6826-windows\addons\sourcemod\scripting\l4d2_scav_fix_nm5.sp::FindMisplacedCans
L 12/30/2022 - 12:42:52: [SM]   [2] Line 53, E:\DownLoading\sourcemod-1.11.0-git6826-windows\addons\sourcemod\scripting\l4d2_scav_fix_nm5.sp::ScavTimerH
L 12/30/2022 - 12:43:07: [SM] Exception reported: Client 5 is not in game
L 12/30/2022 - 12:43:07: [SM] Blaming: optional/l4d2_scav_fix_nm5.smx
L 12/30/2022 - 12:43:07: [SM] Call stack trace:
L 12/30/2022 - 12:43:07: [SM]   [0] GetClientAbsOrigin
L 12/30/2022 - 12:43:07: [SM]   [1] Line 76, E:\DownLoading\sourcemod-1.11.0-git6826-windows\addons\sourcemod\scripting\l4d2_scav_fix_nm5.sp::FindMisplacedCans
L 12/30/2022 - 12:43:07: [SM]   [2] Line 53, E:\DownLoading\sourcemod-1.11.0-git6826-windows\addons\sourcemod\scripting\l4d2_scav_fix_nm5.sp::ScavTimerH
L 12/30/2022 - 12:43:22: [SM] Exception reported: Client 5 is not in game
L 12/30/2022 - 12:43:22: [SM] Blaming: optional/l4d2_scav_fix_nm5.smx
L 12/30/2022 - 12:43:22: [SM] Call stack trace:
L 12/30/2022 - 12:43:22: [SM]   [0] GetClientAbsOrigin
L 12/30/2022 - 12:43:22: [SM]   [1] Line 76, E:\DownLoading\sourcemod-1.11.0-git6826-windows\addons\sourcemod\scripting\l4d2_scav_fix_nm5.sp::FindMisplacedCans
L 12/30/2022 - 12:43:22: [SM]   [2] Line 53, E:\DownLoading\sourcemod-1.11.0-git6826-windows\addons\sourcemod\scripting\l4d2_scav_fix_nm5.sp::ScavTimerH
L 12/30/2022 - 12:43:37: [SM] Exception reported: Client 5 is not in game
L 12/30/2022 - 12:43:37: [SM] Blaming: optional/l4d2_scav_fix_nm5.smx
L 12/30/2022 - 12:43:37: [SM] Call stack trace:
L 12/30/2022 - 12:43:37: [SM]   [0] GetClientAbsOrigin
L 12/30/2022 - 12:43:37: [SM]   [1] Line 76, E:\DownLoading\sourcemod-1.11.0-git6826-windows\addons\sourcemod\scripting\l4d2_scav_fix_nm5.sp::FindMisplacedCans
L 12/30/2022 - 12:43:37: [SM]   [2] Line 53, E:\DownLoading\sourcemod-1.11.0-git6826-windows\addons\sourcemod\scripting\l4d2_scav_fix_nm5.sp::ScavTimerH
L 12/30/2022 - 12:43:52: [SM] Exception reported: Client 5 is not in game
L 12/30/2022 - 12:43:52: [SM] Blaming: optional/l4d2_scav_fix_nm5.smx
L 12/30/2022 - 12:43:52: [SM] Call stack trace:
L 12/30/2022 - 12:43:52: [SM]   [0] GetClientAbsOrigin
L 12/30/2022 - 12:43:52: [SM]   [1] Line 76, E:\DownLoading\sourcemod-1.11.0-git6826-windows\addons\sourcemod\scripting\l4d2_scav_fix_nm5.sp::FindMisplacedCans
L 12/30/2022 - 12:43:52: [SM]   [2] Line 53, E:\DownLoading\sourcemod-1.11.0-git6826-windows\addons\sourcemod\scripting\l4d2_scav_fix_nm5.sp::ScavTimerH
L 12/30/2022 - 12:44:07: [SM] Exception reported: Client 5 is not in game
L 12/30/2022 - 12:44:07: [SM] Blaming: optional/l4d2_scav_fix_nm5.smx
L 12/30/2022 - 12:44:07: [SM] Call stack trace:
L 12/30/2022 - 12:44:07: [SM]   [0] GetClientAbsOrigin
L 12/30/2022 - 12:44:07: [SM]   [1] Line 76, E:\DownLoading\sourcemod-1.11.0-git6826-windows\addons\sourcemod\scripting\l4d2_scav_fix_nm5.sp::FindMisplacedCans
L 12/30/2022 - 12:44:07: [SM]   [2] Line 53, E:\DownLoading\sourcemod-1.11.0-git6826-windows\addons\sourcemod\scripting\l4d2_scav_fix_nm5.sp::ScavTimerH
L 12/30/2022 - 12:44:22: [SM] Exception reported: Client 5 is not in game
L 12/30/2022 - 12:44:22: [SM] Blaming: optional/l4d2_scav_fix_nm5.smx
L 12/30/2022 - 12:44:22: [SM] Call stack trace:
L 12/30/2022 - 12:44:22: [SM]   [0] GetClientAbsOrigin
L 12/30/2022 - 12:44:22: [SM]   [1] Line 76, E:\DownLoading\sourcemod-1.11.0-git6826-windows\addons\sourcemod\scripting\l4d2_scav_fix_nm5.sp::FindMisplacedCans
L 12/30/2022 - 12:44:22: [SM]   [2] Line 53, E:\DownLoading\sourcemod-1.11.0-git6826-windows\addons\sourcemod\scripting\l4d2_scav_fix_nm5.sp::ScavTimerH
L 12/30/2022 - 12:44:37: [SM] Exception reported: Client 5 is not in game
L 12/30/2022 - 12:44:37: [SM] Blaming: optional/l4d2_scav_fix_nm5.smx
L 12/30/2022 - 12:44:37: [SM] Call stack trace:
L 12/30/2022 - 12:44:37: [SM]   [0] GetClientAbsOrigin
L 12/30/2022 - 12:44:37: [SM]   [1] Line 76, E:\DownLoading\sourcemod-1.11.0-git6826-windows\addons\sourcemod\scripting\l4d2_scav_fix_nm5.sp::FindMisplacedCans
L 12/30/2022 - 12:44:37: [SM]   [2] Line 53, E:\DownLoading\sourcemod-1.11.0-git6826-windows\addons\sourcemod\scripting\l4d2_scav_fix_nm5.sp::ScavTimerH
L 12/30/2022 - 12:44:52: [SM] Exception reported: Client 5 is not in game
L 12/30/2022 - 12:44:52: [SM] Blaming: optional/l4d2_scav_fix_nm5.smx
L 12/30/2022 - 12:44:52: [SM] Call stack trace:
L 12/30/2022 - 12:44:52: [SM]   [0] GetClientAbsOrigin
L 12/30/2022 - 12:44:52: [SM]   [1] Line 76, E:\DownLoading\sourcemod-1.11.0-git6826-windows\addons\sourcemod\scripting\l4d2_scav_fix_nm5.sp::FindMisplacedCans
L 12/30/2022 - 12:44:52: [SM]   [2] Line 53, E:\DownLoading\sourcemod-1.11.0-git6826-windows\addons\sourcemod\scripting\l4d2_scav_fix_nm5.sp::ScavTimerH
L 12/30/2022 - 12:45:07: [SM] Exception reported: Client 5 is not in game
L 12/30/2022 - 12:45:07: [SM] Blaming: optional/l4d2_scav_fix_nm5.smx
L 12/30/2022 - 12:45:07: [SM] Call stack trace:
L 12/30/2022 - 12:45:07: [SM]   [0] GetClientAbsOrigin
L 12/30/2022 - 12:45:07: [SM]   [1] Line 76, E:\DownLoading\sourcemod-1.11.0-git6826-windows\addons\sourcemod\scripting\l4d2_scav_fix_nm5.sp::FindMisplacedCans
L 12/30/2022 - 12:45:07: [SM]   [2] Line 53, E:\DownLoading\sourcemod-1.11.0-git6826-windows\addons\sourcemod\scripting\l4d2_scav_fix_nm5.sp::ScavTimerH
L 12/30/2022 - 12:45:22: [SM] Exception reported: Client 1 is not in game
L 12/30/2022 - 12:45:22: [SM] Blaming: optional/l4d2_scav_fix_nm5.smx
L 12/30/2022 - 12:45:22: [SM] Call stack trace:
L 12/30/2022 - 12:45:22: [SM]   [0] GetClientAbsOrigin
L 12/30/2022 - 12:45:22: [SM]   [1] Line 76, E:\DownLoading\sourcemod-1.11.0-git6826-windows\addons\sourcemod\scripting\l4d2_scav_fix_nm5.sp::FindMisplacedCans
L 12/30/2022 - 12:45:22: [SM]   [2] Line 53, E:\DownLoading\sourcemod-1.11.0-git6826-windows\addons\sourcemod\scripting\l4d2_scav_fix_nm5.sp::ScavTimerH
L 12/30/2022 - 12:45:36: SourceMod error session started
L 12/30/2022 - 12:45:36: Info (map "c2m1_highway") (file "/root/Steam/steamapps/common/Left 4 Dead 2 Dedicated Server/left4dead2/addons/sourcemod/logs/errors_20221230.log")
L 12/30/2022 - 12:45:36: [SM] Unable to load plugin "Welcome.smx": Could not find required plugin "l4d2_playtime_interface"
L 12/30/2022 - 12:45:36: [SM] Unable to load plugin "l4d_fyzb_en_v20.smx": Could not find required plugin "readyup"
L 12/30/2022 - 15:28:54: SourceMod error session started
L 12/30/2022 - 15:28:54: Info (map "c2m1_highway") (file "/root/Steam/steamapps/common/Left 4 Dead 2 Dedicated Server/left4dead2/addons/sourcemod/logs/errors_20221230.log")
L 12/30/2022 - 15:28:54: [SM] Unable to load plugin "Welcome.smx": Could not find required plugin "l4d2_playtime_interface"
L 12/30/2022 - 15:28:54: [SM] Unable to load plugin "l4d_fyzb_en_v20.smx": Could not find required plugin "readyup"
L 12/30/2022 - 15:31:09: Error log file session closed.
L 12/30/2022 - 15:31:57: SourceMod error session started
L 12/30/2022 - 15:31:57: Info (map "c8m5_rooftop") (file "/root/Steam/steamapps/common/Left 4 Dead 2 Dedicated Server/left4dead2/addons/sourcemod/logs/errors_20221230.log")
L 12/30/2022 - 15:31:57: [SM] Exception reported: Client 2 is not in game
L 12/30/2022 - 15:31:57: [SM] Blaming: optional/l4d2_scav_fix_nm5.smx
L 12/30/2022 - 15:31:57: [SM] Call stack trace:
L 12/30/2022 - 15:31:57: [SM]   [0] GetClientAbsOrigin
L 12/30/2022 - 15:31:57: [SM]   [1] Line 76, E:\DownLoading\sourcemod-1.11.0-git6826-windows\addons\sourcemod\scripting\l4d2_scav_fix_nm5.sp::FindMisplacedCans
L 12/30/2022 - 15:31:57: [SM]   [2] Line 53, E:\DownLoading\sourcemod-1.11.0-git6826-windows\addons\sourcemod\scripting\l4d2_scav_fix_nm5.sp::ScavTimerH
L 12/30/2022 - 15:32:12: [SM] Exception reported: Client 3 is not in game
L 12/30/2022 - 15:32:12: [SM] Blaming: optional/l4d2_scav_fix_nm5.smx
L 12/30/2022 - 15:32:12: [SM] Call stack trace:
L 12/30/2022 - 15:32:12: [SM]   [0] GetClientAbsOrigin
L 12/30/2022 - 15:32:12: [SM]   [1] Line 76, E:\DownLoading\sourcemod-1.11.0-git6826-windows\addons\sourcemod\scripting\l4d2_scav_fix_nm5.sp::FindMisplacedCans
L 12/30/2022 - 15:32:12: [SM]   [2] Line 53, E:\DownLoading\sourcemod-1.11.0-git6826-windows\addons\sourcemod\scripting\l4d2_scav_fix_nm5.sp::ScavTimerH
L 12/30/2022 - 15:32:27: [SM] Exception reported: Client 2 is not in game
L 12/30/2022 - 15:32:27: [SM] Blaming: optional/l4d2_scav_fix_nm5.smx
L 12/30/2022 - 15:32:27: [SM] Call stack trace:
L 12/30/2022 - 15:32:27: [SM]   [0] GetClientAbsOrigin
L 12/30/2022 - 15:32:27: [SM]   [1] Line 76, E:\DownLoading\sourcemod-1.11.0-git6826-windows\addons\sourcemod\scripting\l4d2_scav_fix_nm5.sp::FindMisplacedCans
L 12/30/2022 - 15:32:27: [SM]   [2] Line 53, E:\DownLoading\sourcemod-1.11.0-git6826-windows\addons\sourcemod\scripting\l4d2_scav_fix_nm5.sp::ScavTimerH
L 12/30/2022 - 15:32:42: [SM] Exception reported: Client 2 is not in game
L 12/30/2022 - 15:32:42: [SM] Blaming: optional/l4d2_scav_fix_nm5.smx
L 12/30/2022 - 15:32:42: [SM] Call stack trace:
L 12/30/2022 - 15:32:42: [SM]   [0] GetClientAbsOrigin
L 12/30/2022 - 15:32:42: [SM]   [1] Line 76, E:\DownLoading\sourcemod-1.11.0-git6826-windows\addons\sourcemod\scripting\l4d2_scav_fix_nm5.sp::FindMisplacedCans
L 12/30/2022 - 15:32:42: [SM]   [2] Line 53, E:\DownLoading\sourcemod-1.11.0-git6826-windows\addons\sourcemod\scripting\l4d2_scav_fix_nm5.sp::ScavTimerH
L 12/30/2022 - 15:32:57: [SM] Exception reported: Client 2 is not in game
L 12/30/2022 - 15:32:57: [SM] Blaming: optional/l4d2_scav_fix_nm5.smx
L 12/30/2022 - 15:32:57: [SM] Call stack trace:
L 12/30/2022 - 15:32:57: [SM]   [0] GetClientAbsOrigin
L 12/30/2022 - 15:32:57: [SM]   [1] Line 76, E:\DownLoading\sourcemod-1.11.0-git6826-windows\addons\sourcemod\scripting\l4d2_scav_fix_nm5.sp::FindMisplacedCans
L 12/30/2022 - 15:32:57: [SM]   [2] Line 53, E:\DownLoading\sourcemod-1.11.0-git6826-windows\addons\sourcemod\scripting\l4d2_scav_fix_nm5.sp::ScavTimerH
L 12/30/2022 - 15:33:12: [SM] Exception reported: Client 2 is not in game
L 12/30/2022 - 15:33:12: [SM] Blaming: optional/l4d2_scav_fix_nm5.smx
L 12/30/2022 - 15:33:12: [SM] Call stack trace:
L 12/30/2022 - 15:33:12: [SM]   [0] GetClientAbsOrigin
L 12/30/2022 - 15:33:12: [SM]   [1] Line 76, E:\DownLoading\sourcemod-1.11.0-git6826-windows\addons\sourcemod\scripting\l4d2_scav_fix_nm5.sp::FindMisplacedCans
L 12/30/2022 - 15:33:12: [SM]   [2] Line 53, E:\DownLoading\sourcemod-1.11.0-git6826-windows\addons\sourcemod\scripting\l4d2_scav_fix_nm5.sp::ScavTimerH
L 12/30/2022 - 15:33:27: [SM] Exception reported: Client 2 is not in game
L 12/30/2022 - 15:33:27: [SM] Blaming: optional/l4d2_scav_fix_nm5.smx
L 12/30/2022 - 15:33:27: [SM] Call stack trace:
L 12/30/2022 - 15:33:27: [SM]   [0] GetClientAbsOrigin
L 12/30/2022 - 15:33:27: [SM]   [1] Line 76, E:\DownLoading\sourcemod-1.11.0-git6826-windows\addons\sourcemod\scripting\l4d2_scav_fix_nm5.sp::FindMisplacedCans
L 12/30/2022 - 15:33:27: [SM]   [2] Line 53, E:\DownLoading\sourcemod-1.11.0-git6826-windows\addons\sourcemod\scripting\l4d2_scav_fix_nm5.sp::ScavTimerH
L 12/30/2022 - 15:33:42: [SM] Exception reported: Client 2 is not in game
L 12/30/2022 - 15:33:42: [SM] Blaming: optional/l4d2_scav_fix_nm5.smx
L 12/30/2022 - 15:33:42: [SM] Call stack trace:
L 12/30/2022 - 15:33:42: [SM]   [0] GetClientAbsOrigin
L 12/30/2022 - 15:33:42: [SM]   [1] Line 76, E:\DownLoading\sourcemod-1.11.0-git6826-windows\addons\sourcemod\scripting\l4d2_scav_fix_nm5.sp::FindMisplacedCans
L 12/30/2022 - 15:33:42: [SM]   [2] Line 53, E:\DownLoading\sourcemod-1.11.0-git6826-windows\addons\sourcemod\scripting\l4d2_scav_fix_nm5.sp::ScavTimerH
L 12/30/2022 - 15:33:57: [SM] Exception reported: Client 2 is not in game
L 12/30/2022 - 15:33:57: [SM] Blaming: optional/l4d2_scav_fix_nm5.smx
L 12/30/2022 - 15:33:57: [SM] Call stack trace:
L 12/30/2022 - 15:33:57: [SM]   [0] GetClientAbsOrigin
L 12/30/2022 - 15:33:57: [SM]   [1] Line 76, E:\DownLoading\sourcemod-1.11.0-git6826-windows\addons\sourcemod\scripting\l4d2_scav_fix_nm5.sp::FindMisplacedCans
L 12/30/2022 - 15:33:57: [SM]   [2] Line 53, E:\DownLoading\sourcemod-1.11.0-git6826-windows\addons\sourcemod\scripting\l4d2_scav_fix_nm5.sp::ScavTimerH
L 12/30/2022 - 15:34:12: [SM] Exception reported: Client 2 is not in game
L 12/30/2022 - 15:34:12: [SM] Blaming: optional/l4d2_scav_fix_nm5.smx
L 12/30/2022 - 15:34:12: [SM] Call stack trace:
L 12/30/2022 - 15:34:12: [SM]   [0] GetClientAbsOrigin
L 12/30/2022 - 15:34:12: [SM]   [1] Line 76, E:\DownLoading\sourcemod-1.11.0-git6826-windows\addons\sourcemod\scripting\l4d2_scav_fix_nm5.sp::FindMisplacedCans
L 12/30/2022 - 15:34:12: [SM]   [2] Line 53, E:\DownLoading\sourcemod-1.11.0-git6826-windows\addons\sourcemod\scripting\l4d2_scav_fix_nm5.sp::ScavTimerH
L 12/30/2022 - 15:34:27: [SM] Exception reported: Client 2 is not in game
L 12/30/2022 - 15:34:27: [SM] Blaming: optional/l4d2_scav_fix_nm5.smx
L 12/30/2022 - 15:34:27: [SM] Call stack trace:
L 12/30/2022 - 15:34:27: [SM]   [0] GetClientAbsOrigin
L 12/30/2022 - 15:34:27: [SM]   [1] Line 76, E:\DownLoading\sourcemod-1.11.0-git6826-windows\addons\sourcemod\scripting\l4d2_scav_fix_nm5.sp::FindMisplacedCans
L 12/30/2022 - 15:34:27: [SM]   [2] Line 53, E:\DownLoading\sourcemod-1.11.0-git6826-windows\addons\sourcemod\scripting\l4d2_scav_fix_nm5.sp::ScavTimerH
L 12/30/2022 - 15:34:42: [SM] Exception reported: Client 2 is not in game
L 12/30/2022 - 15:34:42: [SM] Blaming: optional/l4d2_scav_fix_nm5.smx
L 12/30/2022 - 15:34:42: [SM] Call stack trace:
L 12/30/2022 - 15:34:42: [SM]   [0] GetClientAbsOrigin
L 12/30/2022 - 15:34:42: [SM]   [1] Line 76, E:\DownLoading\sourcemod-1.11.0-git6826-windows\addons\sourcemod\scripting\l4d2_scav_fix_nm5.sp::FindMisplacedCans
L 12/30/2022 - 15:34:42: [SM]   [2] Line 53, E:\DownLoading\sourcemod-1.11.0-git6826-windows\addons\sourcemod\scripting\l4d2_scav_fix_nm5.sp::ScavTimerH
L 12/30/2022 - 15:34:57: [SM] Exception reported: Client 2 is not in game
L 12/30/2022 - 15:34:57: [SM] Blaming: optional/l4d2_scav_fix_nm5.smx
L 12/30/2022 - 15:34:57: [SM] Call stack trace:
L 12/30/2022 - 15:34:57: [SM]   [0] GetClientAbsOrigin
L 12/30/2022 - 15:34:57: [SM]   [1] Line 76, E:\DownLoading\sourcemod-1.11.0-git6826-windows\addons\sourcemod\scripting\l4d2_scav_fix_nm5.sp::FindMisplacedCans
L 12/30/2022 - 15:34:57: [SM]   [2] Line 53, E:\DownLoading\sourcemod-1.11.0-git6826-windows\addons\sourcemod\scripting\l4d2_scav_fix_nm5.sp::ScavTimerH
L 12/30/2022 - 15:35:12: [SM] Exception reported: Client 2 is not in game
L 12/30/2022 - 15:35:12: [SM] Blaming: optional/l4d2_scav_fix_nm5.smx
L 12/30/2022 - 15:35:12: [SM] Call stack trace:
L 12/30/2022 - 15:35:12: [SM]   [0] GetClientAbsOrigin
L 12/30/2022 - 15:35:12: [SM]   [1] Line 76, E:\DownLoading\sourcemod-1.11.0-git6826-windows\addons\sourcemod\scripting\l4d2_scav_fix_nm5.sp::FindMisplacedCans
L 12/30/2022 - 15:35:12: [SM]   [2] Line 53, E:\DownLoading\sourcemod-1.11.0-git6826-windows\addons\sourcemod\scripting\l4d2_scav_fix_nm5.sp::ScavTimerH
L 12/30/2022 - 15:35:27: [SM] Exception reported: Client 2 is not in game
L 12/30/2022 - 15:35:27: [SM] Blaming: optional/l4d2_scav_fix_nm5.smx
L 12/30/2022 - 15:35:27: [SM] Call stack trace:
L 12/30/2022 - 15:35:27: [SM]   [0] GetClientAbsOrigin
L 12/30/2022 - 15:35:27: [SM]   [1] Line 76, E:\DownLoading\sourcemod-1.11.0-git6826-windows\addons\sourcemod\scripting\l4d2_scav_fix_nm5.sp::FindMisplacedCans
L 12/30/2022 - 15:35:27: [SM]   [2] Line 53, E:\DownLoading\sourcemod-1.11.0-git6826-windows\addons\sourcemod\scripting\l4d2_scav_fix_nm5.sp::ScavTimerH
L 12/30/2022 - 15:35:42: [SM] Exception reported: Client 2 is not in game
L 12/30/2022 - 15:35:42: [SM] Blaming: optional/l4d2_scav_fix_nm5.smx
L 12/30/2022 - 15:35:42: [SM] Call stack trace:
L 12/30/2022 - 15:35:42: [SM]   [0] GetClientAbsOrigin
L 12/30/2022 - 15:35:42: [SM]   [1] Line 76, E:\DownLoading\sourcemod-1.11.0-git6826-windows\addons\sourcemod\scripting\l4d2_scav_fix_nm5.sp::FindMisplacedCans
L 12/30/2022 - 15:35:42: [SM]   [2] Line 53, E:\DownLoading\sourcemod-1.11.0-git6826-windows\addons\sourcemod\scripting\l4d2_scav_fix_nm5.sp::ScavTimerH
L 12/30/2022 - 15:35:57: [SM] Exception reported: Client 2 is not in game
L 12/30/2022 - 15:35:57: [SM] Blaming: optional/l4d2_scav_fix_nm5.smx
L 12/30/2022 - 15:35:57: [SM] Call stack trace:
L 12/30/2022 - 15:35:57: [SM]   [0] GetClientAbsOrigin
L 12/30/2022 - 15:35:57: [SM]   [1] Line 76, E:\DownLoading\sourcemod-1.11.0-git6826-windows\addons\sourcemod\scripting\l4d2_scav_fix_nm5.sp::FindMisplacedCans
L 12/30/2022 - 15:35:57: [SM]   [2] Line 53, E:\DownLoading\sourcemod-1.11.0-git6826-windows\addons\sourcemod\scripting\l4d2_scav_fix_nm5.sp::ScavTimerH
L 12/30/2022 - 15:36:12: [SM] Exception reported: Client 4 is not in game
L 12/30/2022 - 15:36:12: [SM] Blaming: optional/l4d2_scav_fix_nm5.smx
L 12/30/2022 - 15:36:12: [SM] Call stack trace:
L 12/30/2022 - 15:36:12: [SM]   [0] GetClientAbsOrigin
L 12/30/2022 - 15:36:12: [SM]   [1] Line 76, E:\DownLoading\sourcemod-1.11.0-git6826-windows\addons\sourcemod\scripting\l4d2_scav_fix_nm5.sp::FindMisplacedCans
L 12/30/2022 - 15:36:12: [SM]   [2] Line 53, E:\DownLoading\sourcemod-1.11.0-git6826-windows\addons\sourcemod\scripting\l4d2_scav_fix_nm5.sp::ScavTimerH
L 12/30/2022 - 15:36:27: [SM] Exception reported: Client 3 is not in game
L 12/30/2022 - 15:36:27: [SM] Blaming: optional/l4d2_scav_fix_nm5.smx
L 12/30/2022 - 15:36:27: [SM] Call stack trace:
L 12/30/2022 - 15:36:27: [SM]   [0] GetClientAbsOrigin
L 12/30/2022 - 15:36:27: [SM]   [1] Line 76, E:\DownLoading\sourcemod-1.11.0-git6826-windows\addons\sourcemod\scripting\l4d2_scav_fix_nm5.sp::FindMisplacedCans
L 12/30/2022 - 15:36:27: [SM]   [2] Line 53, E:\DownLoading\sourcemod-1.11.0-git6826-windows\addons\sourcemod\scripting\l4d2_scav_fix_nm5.sp::ScavTimerH
L 12/30/2022 - 15:36:42: [SM] Exception reported: Client 3 is not in game
L 12/30/2022 - 15:36:42: [SM] Blaming: optional/l4d2_scav_fix_nm5.smx
L 12/30/2022 - 15:36:42: [SM] Call stack trace:
L 12/30/2022 - 15:36:42: [SM]   [0] GetClientAbsOrigin
L 12/30/2022 - 15:36:42: [SM]   [1] Line 76, E:\DownLoading\sourcemod-1.11.0-git6826-windows\addons\sourcemod\scripting\l4d2_scav_fix_nm5.sp::FindMisplacedCans
L 12/30/2022 - 15:36:42: [SM]   [2] Line 53, E:\DownLoading\sourcemod-1.11.0-git6826-windows\addons\sourcemod\scripting\l4d2_scav_fix_nm5.sp::ScavTimerH
L 12/30/2022 - 15:36:57: [SM] Exception reported: Client 3 is not in game
L 12/30/2022 - 15:36:57: [SM] Blaming: optional/l4d2_scav_fix_nm5.smx
L 12/30/2022 - 15:36:57: [SM] Call stack trace:
L 12/30/2022 - 15:36:57: [SM]   [0] GetClientAbsOrigin
L 12/30/2022 - 15:36:57: [SM]   [1] Line 76, E:\DownLoading\sourcemod-1.11.0-git6826-windows\addons\sourcemod\scripting\l4d2_scav_fix_nm5.sp::FindMisplacedCans
L 12/30/2022 - 15:36:57: [SM]   [2] Line 53, E:\DownLoading\sourcemod-1.11.0-git6826-windows\addons\sourcemod\scripting\l4d2_scav_fix_nm5.sp::ScavTimerH
L 12/30/2022 - 15:37:12: [SM] Exception reported: Client 3 is not in game
L 12/30/2022 - 15:37:12: [SM] Blaming: optional/l4d2_scav_fix_nm5.smx
L 12/30/2022 - 15:37:12: [SM] Call stack trace:
L 12/30/2022 - 15:37:12: [SM]   [0] GetClientAbsOrigin
L 12/30/2022 - 15:37:12: [SM]   [1] Line 76, E:\DownLoading\sourcemod-1.11.0-git6826-windows\addons\sourcemod\scripting\l4d2_scav_fix_nm5.sp::FindMisplacedCans
L 12/30/2022 - 15:37:12: [SM]   [2] Line 53, E:\DownLoading\sourcemod-1.11.0-git6826-windows\addons\sourcemod\scripting\l4d2_scav_fix_nm5.sp::ScavTimerH
L 12/30/2022 - 15:37:27: [SM] Exception reported: Client 3 is not in game
L 12/30/2022 - 15:37:27: [SM] Blaming: optional/l4d2_scav_fix_nm5.smx
L 12/30/2022 - 15:37:27: [SM] Call stack trace:
L 12/30/2022 - 15:37:27: [SM]   [0] GetClientAbsOrigin
L 12/30/2022 - 15:37:27: [SM]   [1] Line 76, E:\DownLoading\sourcemod-1.11.0-git6826-windows\addons\sourcemod\scripting\l4d2_scav_fix_nm5.sp::FindMisplacedCans
L 12/30/2022 - 15:37:27: [SM]   [2] Line 53, E:\DownLoading\sourcemod-1.11.0-git6826-windows\addons\sourcemod\scripting\l4d2_scav_fix_nm5.sp::ScavTimerH
L 12/30/2022 - 15:37:42: [SM] Exception reported: Client 3 is not in game
L 12/30/2022 - 15:37:42: [SM] Blaming: optional/l4d2_scav_fix_nm5.smx
L 12/30/2022 - 15:37:42: [SM] Call stack trace:
L 12/30/2022 - 15:37:42: [SM]   [0] GetClientAbsOrigin
L 12/30/2022 - 15:37:42: [SM]   [1] Line 76, E:\DownLoading\sourcemod-1.11.0-git6826-windows\addons\sourcemod\scripting\l4d2_scav_fix_nm5.sp::FindMisplacedCans
L 12/30/2022 - 15:37:42: [SM]   [2] Line 53, E:\DownLoading\sourcemod-1.11.0-git6826-windows\addons\sourcemod\scripting\l4d2_scav_fix_nm5.sp::ScavTimerH
L 12/30/2022 - 15:37:57: [SM] Exception reported: Client 3 is not in game
L 12/30/2022 - 15:37:57: [SM] Blaming: optional/l4d2_scav_fix_nm5.smx
L 12/30/2022 - 15:37:57: [SM] Call stack trace:
L 12/30/2022 - 15:37:57: [SM]   [0] GetClientAbsOrigin
L 12/30/2022 - 15:37:57: [SM]   [1] Line 76, E:\DownLoading\sourcemod-1.11.0-git6826-windows\addons\sourcemod\scripting\l4d2_scav_fix_nm5.sp::FindMisplacedCans
L 12/30/2022 - 15:37:57: [SM]   [2] Line 53, E:\DownLoading\sourcemod-1.11.0-git6826-windows\addons\sourcemod\scripting\l4d2_scav_fix_nm5.sp::ScavTimerH
L 12/30/2022 - 15:38:12: [SM] Exception reported: Client 3 is not in game
L 12/30/2022 - 15:38:12: [SM] Blaming: optional/l4d2_scav_fix_nm5.smx
L 12/30/2022 - 15:38:12: [SM] Call stack trace:
L 12/30/2022 - 15:38:12: [SM]   [0] GetClientAbsOrigin
L 12/30/2022 - 15:38:12: [SM]   [1] Line 76, E:\DownLoading\sourcemod-1.11.0-git6826-windows\addons\sourcemod\scripting\l4d2_scav_fix_nm5.sp::FindMisplacedCans
L 12/30/2022 - 15:38:12: [SM]   [2] Line 53, E:\DownLoading\sourcemod-1.11.0-git6826-windows\addons\sourcemod\scripting\l4d2_scav_fix_nm5.sp::ScavTimerH
L 12/30/2022 - 15:38:27: [SM] Exception reported: Client 3 is not in game
L 12/30/2022 - 15:38:27: [SM] Blaming: optional/l4d2_scav_fix_nm5.smx
L 12/30/2022 - 15:38:27: [SM] Call stack trace:
L 12/30/2022 - 15:38:27: [SM]   [0] GetClientAbsOrigin
L 12/30/2022 - 15:38:27: [SM]   [1] Line 76, E:\DownLoading\sourcemod-1.11.0-git6826-windows\addons\sourcemod\scripting\l4d2_scav_fix_nm5.sp::FindMisplacedCans
L 12/30/2022 - 15:38:27: [SM]   [2] Line 53, E:\DownLoading\sourcemod-1.11.0-git6826-windows\addons\sourcemod\scripting\l4d2_scav_fix_nm5.sp::ScavTimerH
L 12/30/2022 - 15:38:42: [SM] Exception reported: Client 3 is not in game
L 12/30/2022 - 15:38:42: [SM] Blaming: optional/l4d2_scav_fix_nm5.smx
L 12/30/2022 - 15:38:42: [SM] Call stack trace:
L 12/30/2022 - 15:38:42: [SM]   [0] GetClientAbsOrigin
L 12/30/2022 - 15:38:42: [SM]   [1] Line 76, E:\DownLoading\sourcemod-1.11.0-git6826-windows\addons\sourcemod\scripting\l4d2_scav_fix_nm5.sp::FindMisplacedCans
L 12/30/2022 - 15:38:42: [SM]   [2] Line 53, E:\DownLoading\sourcemod-1.11.0-git6826-windows\addons\sourcemod\scripting\l4d2_scav_fix_nm5.sp::ScavTimerH
L 12/30/2022 - 15:38:57: [SM] Exception reported: Client 3 is not in game
L 12/30/2022 - 15:38:57: [SM] Blaming: optional/l4d2_scav_fix_nm5.smx
L 12/30/2022 - 15:38:57: [SM] Call stack trace:
L 12/30/2022 - 15:38:57: [SM]   [0] GetClientAbsOrigin
L 12/30/2022 - 15:38:57: [SM]   [1] Line 76, E:\DownLoading\sourcemod-1.11.0-git6826-windows\addons\sourcemod\scripting\l4d2_scav_fix_nm5.sp::FindMisplacedCans
L 12/30/2022 - 15:38:57: [SM]   [2] Line 53, E:\DownLoading\sourcemod-1.11.0-git6826-windows\addons\sourcemod\scripting\l4d2_scav_fix_nm5.sp::ScavTimerH
L 12/30/2022 - 15:39:12: [SM] Exception reported: Client 3 is not in game
L 12/30/2022 - 15:39:12: [SM] Blaming: optional/l4d2_scav_fix_nm5.smx
L 12/30/2022 - 15:39:12: [SM] Call stack trace:
L 12/30/2022 - 15:39:12: [SM]   [0] GetClientAbsOrigin
L 12/30/2022 - 15:39:12: [SM]   [1] Line 76, E:\DownLoading\sourcemod-1.11.0-git6826-windows\addons\sourcemod\scripting\l4d2_scav_fix_nm5.sp::FindMisplacedCans
L 12/30/2022 - 15:39:12: [SM]   [2] Line 53, E:\DownLoading\sourcemod-1.11.0-git6826-windows\addons\sourcemod\scripting\l4d2_scav_fix_nm5.sp::ScavTimerH
L 12/30/2022 - 15:39:27: [SM] Exception reported: Client 3 is not in game
L 12/30/2022 - 15:39:27: [SM] Blaming: optional/l4d2_scav_fix_nm5.smx
L 12/30/2022 - 15:39:27: [SM] Call stack trace:
L 12/30/2022 - 15:39:27: [SM]   [0] GetClientAbsOrigin
L 12/30/2022 - 15:39:27: [SM]   [1] Line 76, E:\DownLoading\sourcemod-1.11.0-git6826-windows\addons\sourcemod\scripting\l4d2_scav_fix_nm5.sp::FindMisplacedCans
L 12/30/2022 - 15:39:27: [SM]   [2] Line 53, E:\DownLoading\sourcemod-1.11.0-git6826-windows\addons\sourcemod\scripting\l4d2_scav_fix_nm5.sp::ScavTimerH
L 12/30/2022 - 15:39:42: [SM] Exception reported: Client 4 is not in game
L 12/30/2022 - 15:39:42: [SM] Blaming: optional/l4d2_scav_fix_nm5.smx
L 12/30/2022 - 15:39:42: [SM] Call stack trace:
L 12/30/2022 - 15:39:42: [SM]   [0] GetClientAbsOrigin
L 12/30/2022 - 15:39:42: [SM]   [1] Line 76, E:\DownLoading\sourcemod-1.11.0-git6826-windows\addons\sourcemod\scripting\l4d2_scav_fix_nm5.sp::FindMisplacedCans
L 12/30/2022 - 15:39:42: [SM]   [2] Line 53, E:\DownLoading\sourcemod-1.11.0-git6826-windows\addons\sourcemod\scripting\l4d2_scav_fix_nm5.sp::ScavTimerH
L 12/30/2022 - 15:39:57: [SM] Exception reported: Client 4 is not in game
L 12/30/2022 - 15:39:57: [SM] Blaming: optional/l4d2_scav_fix_nm5.smx
L 12/30/2022 - 15:39:57: [SM] Call stack trace:
L 12/30/2022 - 15:39:57: [SM]   [0] GetClientAbsOrigin
L 12/30/2022 - 15:39:57: [SM]   [1] Line 76, E:\DownLoading\sourcemod-1.11.0-git6826-windows\addons\sourcemod\scripting\l4d2_scav_fix_nm5.sp::FindMisplacedCans
L 12/30/2022 - 15:39:57: [SM]   [2] Line 53, E:\DownLoading\sourcemod-1.11.0-git6826-windows\addons\sourcemod\scripting\l4d2_scav_fix_nm5.sp::ScavTimerH
L 12/30/2022 - 15:40:12: [SM] Exception reported: Client 4 is not in game
L 12/30/2022 - 15:40:12: [SM] Blaming: optional/l4d2_scav_fix_nm5.smx
L 12/30/2022 - 15:40:12: [SM] Call stack trace:
L 12/30/2022 - 15:40:12: [SM]   [0] GetClientAbsOrigin
L 12/30/2022 - 15:40:12: [SM]   [1] Line 76, E:\DownLoading\sourcemod-1.11.0-git6826-windows\addons\sourcemod\scripting\l4d2_scav_fix_nm5.sp::FindMisplacedCans
L 12/30/2022 - 15:40:12: [SM]   [2] Line 53, E:\DownLoading\sourcemod-1.11.0-git6826-windows\addons\sourcemod\scripting\l4d2_scav_fix_nm5.sp::ScavTimerH
L 12/30/2022 - 15:40:27: [SM] Exception reported: Client 4 is not in game
L 12/30/2022 - 15:40:27: [SM] Blaming: optional/l4d2_scav_fix_nm5.smx
L 12/30/2022 - 15:40:27: [SM] Call stack trace:
L 12/30/2022 - 15:40:27: [SM]   [0] GetClientAbsOrigin
L 12/30/2022 - 15:40:27: [SM]   [1] Line 76, E:\DownLoading\sourcemod-1.11.0-git6826-windows\addons\sourcemod\scripting\l4d2_scav_fix_nm5.sp::FindMisplacedCans
L 12/30/2022 - 15:40:27: [SM]   [2] Line 53, E:\DownLoading\sourcemod-1.11.0-git6826-windows\addons\sourcemod\scripting\l4d2_scav_fix_nm5.sp::ScavTimerH
L 12/30/2022 - 15:40:38: Error log file session closed.
L 12/30/2022 - 16:00:39: SourceMod error session started
L 12/30/2022 - 16:00:39: Info (map "roofdownthedrain") (file "/root/Steam/steamapps/common/Left 4 Dead 2 Dedicated Server/left4dead2/addons/sourcemod/logs/errors_20221230.log")
L 12/30/2022 - 16:00:39: [SM] Exception reported: Element -1 is out of bounds (Prop m_iScavengeTeamScore has 10 elements).
L 12/30/2022 - 16:00:39: [SM] Blaming: optional/scavenge_quick_end.smx
L 12/30/2022 - 16:00:39: [SM] Call stack trace:
L 12/30/2022 - 16:00:39: [SM]   [0] GameRules_GetProp
L 12/30/2022 - 16:00:39: [SM]   [1] Line 157, /home/groups/alliedmodders/forums/files/7/1/5/3/3/102340.attach::GameRules_GetScavengeTeamScore
L 12/30/2022 - 16:00:39: [SM]   [2] Line 83, /home/groups/alliedmodders/forums/files/7/1/5/3/3/102340.attach::RoundStart
L 12/30/2022 - 16:00:41: [SM] Exception reported: Element -2 is out of bounds (Prop m_iScavengeTeamScore has 10 elements).
L 12/30/2022 - 16:00:41: [SM] Blaming: optional/scavenge_quick_end.smx
L 12/30/2022 - 16:00:41: [SM] Call stack trace:
L 12/30/2022 - 16:00:41: [SM]   [0] GameRules_GetProp
L 12/30/2022 - 16:00:41: [SM]   [1] Line 157, /home/groups/alliedmodders/forums/files/7/1/5/3/3/102340.attach::GameRules_GetScavengeTeamScore
L 12/30/2022 - 16:00:41: [SM]   [2] Line 115, /home/groups/alliedmodders/forums/files/7/1/5/3/3/102340.attach::PrintRoundEndTimeData
L 12/30/2022 - 16:00:41: [SM]   [3] Line 69, /home/groups/alliedmodders/forums/files/7/1/5/3/3/102340.attach::RoundEnd
L 12/30/2022 - 16:00:41: [SM]   [5] SDKCall
L 12/30/2022 - 16:00:41: [SM]   [6] Line 1727, l4dd\l4dd_natives.sp::Native_CDirector_RestartScenarioFromVote
L 12/30/2022 - 16:00:41: [SM]   [8] L4D_RestartScenarioFromVote
L 12/30/2022 - 16:00:41: [SM]   [9] Line 624, E:\DownLoading\beifen\sourcemod-1.11.0-git6826-windows\addons\sourcemod\scripting\readyup2.sp::RestartCampaignAny2
L 12/30/2022 - 16:08:42: [SM] Unable to load plugin "Welcome.smx": Could not find required plugin "l4d2_playtime_interface"
L 12/30/2022 - 16:08:42: [SM] Unable to load plugin "l4d_fyzb_en_v20.smx": Could not find required plugin "readyup"
L 12/30/2022 - 16:09:01: Error log file session closed.
L 12/30/2022 - 16:09:52: SourceMod error session started
L 12/30/2022 - 16:09:52: Info (map "c8m5_rooftop") (file "/root/Steam/steamapps/common/Left 4 Dead 2 Dedicated Server/left4dead2/addons/sourcemod/logs/errors_20221230.log")
L 12/30/2022 - 16:09:52: [SM] Exception reported: Client 3 is not in game
L 12/30/2022 - 16:09:52: [SM] Blaming: optional/l4d2_scav_fix_nm5.smx
L 12/30/2022 - 16:09:52: [SM] Call stack trace:
L 12/30/2022 - 16:09:52: [SM]   [0] GetClientAbsOrigin
L 12/30/2022 - 16:09:52: [SM]   [1] Line 76, E:\DownLoading\sourcemod-1.11.0-git6826-windows\addons\sourcemod\scripting\l4d2_scav_fix_nm5.sp::FindMisplacedCans
L 12/30/2022 - 16:09:52: [SM]   [2] Line 53, E:\DownLoading\sourcemod-1.11.0-git6826-windows\addons\sourcemod\scripting\l4d2_scav_fix_nm5.sp::ScavTimerH
L 12/30/2022 - 16:10:07: [SM] Exception reported: Client 3 is not in game
L 12/30/2022 - 16:10:07: [SM] Blaming: optional/l4d2_scav_fix_nm5.smx
L 12/30/2022 - 16:10:07: [SM] Call stack trace:
L 12/30/2022 - 16:10:07: [SM]   [0] GetClientAbsOrigin
L 12/30/2022 - 16:10:07: [SM]   [1] Line 76, E:\DownLoading\sourcemod-1.11.0-git6826-windows\addons\sourcemod\scripting\l4d2_scav_fix_nm5.sp::FindMisplacedCans
L 12/30/2022 - 16:10:07: [SM]   [2] Line 53, E:\DownLoading\sourcemod-1.11.0-git6826-windows\addons\sourcemod\scripting\l4d2_scav_fix_nm5.sp::ScavTimerH
L 12/30/2022 - 16:10:22: [SM] Exception reported: Client 1 is not in game
L 12/30/2022 - 16:10:22: [SM] Blaming: optional/l4d2_scav_fix_nm5.smx
L 12/30/2022 - 16:10:22: [SM] Call stack trace:
L 12/30/2022 - 16:10:22: [SM]   [0] GetClientAbsOrigin
L 12/30/2022 - 16:10:22: [SM]   [1] Line 76, E:\DownLoading\sourcemod-1.11.0-git6826-windows\addons\sourcemod\scripting\l4d2_scav_fix_nm5.sp::FindMisplacedCans
L 12/30/2022 - 16:10:22: [SM]   [2] Line 53, E:\DownLoading\sourcemod-1.11.0-git6826-windows\addons\sourcemod\scripting\l4d2_scav_fix_nm5.sp::ScavTimerH
L 12/30/2022 - 16:10:37: [SM] Exception reported: Client 1 is not in game
L 12/30/2022 - 16:10:37: [SM] Blaming: optional/l4d2_scav_fix_nm5.smx
L 12/30/2022 - 16:10:37: [SM] Call stack trace:
L 12/30/2022 - 16:10:37: [SM]   [0] GetClientAbsOrigin
L 12/30/2022 - 16:10:37: [SM]   [1] Line 76, E:\DownLoading\sourcemod-1.11.0-git6826-windows\addons\sourcemod\scripting\l4d2_scav_fix_nm5.sp::FindMisplacedCans
L 12/30/2022 - 16:10:37: [SM]   [2] Line 53, E:\DownLoading\sourcemod-1.11.0-git6826-windows\addons\sourcemod\scripting\l4d2_scav_fix_nm5.sp::ScavTimerH
L 12/30/2022 - 16:10:52: [SM] Exception reported: Client 1 is not in game
L 12/30/2022 - 16:10:52: [SM] Blaming: optional/l4d2_scav_fix_nm5.smx
L 12/30/2022 - 16:10:52: [SM] Call stack trace:
L 12/30/2022 - 16:10:52: [SM]   [0] GetClientAbsOrigin
L 12/30/2022 - 16:10:52: [SM]   [1] Line 76, E:\DownLoading\sourcemod-1.11.0-git6826-windows\addons\sourcemod\scripting\l4d2_scav_fix_nm5.sp::FindMisplacedCans
L 12/30/2022 - 16:10:52: [SM]   [2] Line 53, E:\DownLoading\sourcemod-1.11.0-git6826-windows\addons\sourcemod\scripting\l4d2_scav_fix_nm5.sp::ScavTimerH
L 12/30/2022 - 16:11:07: [SM] Exception reported: Client 1 is not in game
L 12/30/2022 - 16:11:07: [SM] Blaming: optional/l4d2_scav_fix_nm5.smx
L 12/30/2022 - 16:11:07: [SM] Call stack trace:
L 12/30/2022 - 16:11:07: [SM]   [0] GetClientAbsOrigin
L 12/30/2022 - 16:11:07: [SM]   [1] Line 76, E:\DownLoading\sourcemod-1.11.0-git6826-windows\addons\sourcemod\scripting\l4d2_scav_fix_nm5.sp::FindMisplacedCans
L 12/30/2022 - 16:11:07: [SM]   [2] Line 53, E:\DownLoading\sourcemod-1.11.0-git6826-windows\addons\sourcemod\scripting\l4d2_scav_fix_nm5.sp::ScavTimerH
L 12/30/2022 - 16:11:22: [SM] Exception reported: Client 1 is not in game
L 12/30/2022 - 16:11:22: [SM] Blaming: optional/l4d2_scav_fix_nm5.smx
L 12/30/2022 - 16:11:22: [SM] Call stack trace:
L 12/30/2022 - 16:11:22: [SM]   [0] GetClientAbsOrigin
L 12/30/2022 - 16:11:22: [SM]   [1] Line 76, E:\DownLoading\sourcemod-1.11.0-git6826-windows\addons\sourcemod\scripting\l4d2_scav_fix_nm5.sp::FindMisplacedCans
L 12/30/2022 - 16:11:22: [SM]   [2] Line 53, E:\DownLoading\sourcemod-1.11.0-git6826-windows\addons\sourcemod\scripting\l4d2_scav_fix_nm5.sp::ScavTimerH
L 12/30/2022 - 16:11:37: [SM] Exception reported: Client 3 is not in game
L 12/30/2022 - 16:11:37: [SM] Blaming: optional/l4d2_scav_fix_nm5.smx
L 12/30/2022 - 16:11:37: [SM] Call stack trace:
L 12/30/2022 - 16:11:37: [SM]   [0] GetClientAbsOrigin
L 12/30/2022 - 16:11:37: [SM]   [1] Line 76, E:\DownLoading\sourcemod-1.11.0-git6826-windows\addons\sourcemod\scripting\l4d2_scav_fix_nm5.sp::FindMisplacedCans
L 12/30/2022 - 16:11:37: [SM]   [2] Line 53, E:\DownLoading\sourcemod-1.11.0-git6826-windows\addons\sourcemod\scripting\l4d2_scav_fix_nm5.sp::ScavTimerH
L 12/30/2022 - 16:11:52: [SM] Exception reported: Client 3 is not in game
L 12/30/2022 - 16:11:52: [SM] Blaming: optional/l4d2_scav_fix_nm5.smx
L 12/30/2022 - 16:11:52: [SM] Call stack trace:
L 12/30/2022 - 16:11:52: [SM]   [0] GetClientAbsOrigin
L 12/30/2022 - 16:11:52: [SM]   [1] Line 76, E:\DownLoading\sourcemod-1.11.0-git6826-windows\addons\sourcemod\scripting\l4d2_scav_fix_nm5.sp::FindMisplacedCans
L 12/30/2022 - 16:11:52: [SM]   [2] Line 53, E:\DownLoading\sourcemod-1.11.0-git6826-windows\addons\sourcemod\scripting\l4d2_scav_fix_nm5.sp::ScavTimerH
L 12/30/2022 - 16:12:07: [SM] Exception reported: Client 3 is not in game
L 12/30/2022 - 16:12:07: [SM] Blaming: optional/l4d2_scav_fix_nm5.smx
L 12/30/2022 - 16:12:07: [SM] Call stack trace:
L 12/30/2022 - 16:12:07: [SM]   [0] GetClientAbsOrigin
L 12/30/2022 - 16:12:07: [SM]   [1] Line 76, E:\DownLoading\sourcemod-1.11.0-git6826-windows\addons\sourcemod\scripting\l4d2_scav_fix_nm5.sp::FindMisplacedCans
L 12/30/2022 - 16:12:07: [SM]   [2] Line 53, E:\DownLoading\sourcemod-1.11.0-git6826-windows\addons\sourcemod\scripting\l4d2_scav_fix_nm5.sp::ScavTimerH
L 12/30/2022 - 16:12:22: [SM] Exception reported: Client 3 is not in game
L 12/30/2022 - 16:12:22: [SM] Blaming: optional/l4d2_scav_fix_nm5.smx
L 12/30/2022 - 16:12:22: [SM] Call stack trace:
L 12/30/2022 - 16:12:22: [SM]   [0] GetClientAbsOrigin
L 12/30/2022 - 16:12:22: [SM]   [1] Line 76, E:\DownLoading\sourcemod-1.11.0-git6826-windows\addons\sourcemod\scripting\l4d2_scav_fix_nm5.sp::FindMisplacedCans
L 12/30/2022 - 16:12:22: [SM]   [2] Line 53, E:\DownLoading\sourcemod-1.11.0-git6826-windows\addons\sourcemod\scripting\l4d2_scav_fix_nm5.sp::ScavTimerH
L 12/30/2022 - 16:12:37: [SM] Exception reported: Client 3 is not in game
L 12/30/2022 - 16:12:37: [SM] Blaming: optional/l4d2_scav_fix_nm5.smx
L 12/30/2022 - 16:12:37: [SM] Call stack trace:
L 12/30/2022 - 16:12:37: [SM]   [0] GetClientAbsOrigin
L 12/30/2022 - 16:12:37: [SM]   [1] Line 76, E:\DownLoading\sourcemod-1.11.0-git6826-windows\addons\sourcemod\scripting\l4d2_scav_fix_nm5.sp::FindMisplacedCans
L 12/30/2022 - 16:12:37: [SM]   [2] Line 53, E:\DownLoading\sourcemod-1.11.0-git6826-windows\addons\sourcemod\scripting\l4d2_scav_fix_nm5.sp::ScavTimerH
L 12/30/2022 - 16:12:52: [SM] Exception reported: Client 3 is not in game
L 12/30/2022 - 16:12:52: [SM] Blaming: optional/l4d2_scav_fix_nm5.smx
L 12/30/2022 - 16:12:52: [SM] Call stack trace:
L 12/30/2022 - 16:12:52: [SM]   [0] GetClientAbsOrigin
L 12/30/2022 - 16:12:52: [SM]   [1] Line 76, E:\DownLoading\sourcemod-1.11.0-git6826-windows\addons\sourcemod\scripting\l4d2_scav_fix_nm5.sp::FindMisplacedCans
L 12/30/2022 - 16:12:52: [SM]   [2] Line 53, E:\DownLoading\sourcemod-1.11.0-git6826-windows\addons\sourcemod\scripting\l4d2_scav_fix_nm5.sp::ScavTimerH
L 12/30/2022 - 16:13:07: [SM] Exception reported: Client 3 is not in game
L 12/30/2022 - 16:13:07: [SM] Blaming: optional/l4d2_scav_fix_nm5.smx
L 12/30/2022 - 16:13:07: [SM] Call stack trace:
L 12/30/2022 - 16:13:07: [SM]   [0] GetClientAbsOrigin
L 12/30/2022 - 16:13:07: [SM]   [1] Line 76, E:\DownLoading\sourcemod-1.11.0-git6826-windows\addons\sourcemod\scripting\l4d2_scav_fix_nm5.sp::FindMisplacedCans
L 12/30/2022 - 16:13:07: [SM]   [2] Line 53, E:\DownLoading\sourcemod-1.11.0-git6826-windows\addons\sourcemod\scripting\l4d2_scav_fix_nm5.sp::ScavTimerH
L 12/30/2022 - 16:13:22: [SM] Exception reported: Client 3 is not in game
L 12/30/2022 - 16:13:22: [SM] Blaming: optional/l4d2_scav_fix_nm5.smx
L 12/30/2022 - 16:13:22: [SM] Call stack trace:
L 12/30/2022 - 16:13:22: [SM]   [0] GetClientAbsOrigin
L 12/30/2022 - 16:13:22: [SM]   [1] Line 76, E:\DownLoading\sourcemod-1.11.0-git6826-windows\addons\sourcemod\scripting\l4d2_scav_fix_nm5.sp::FindMisplacedCans
L 12/30/2022 - 16:13:22: [SM]   [2] Line 53, E:\DownLoading\sourcemod-1.11.0-git6826-windows\addons\sourcemod\scripting\l4d2_scav_fix_nm5.sp::ScavTimerH
L 12/30/2022 - 16:13:37: [SM] Exception reported: Client 3 is not in game
L 12/30/2022 - 16:13:37: [SM] Blaming: optional/l4d2_scav_fix_nm5.smx
L 12/30/2022 - 16:13:37: [SM] Call stack trace:
L 12/30/2022 - 16:13:37: [SM]   [0] GetClientAbsOrigin
L 12/30/2022 - 16:13:37: [SM]   [1] Line 76, E:\DownLoading\sourcemod-1.11.0-git6826-windows\addons\sourcemod\scripting\l4d2_scav_fix_nm5.sp::FindMisplacedCans
L 12/30/2022 - 16:13:37: [SM]   [2] Line 53, E:\DownLoading\sourcemod-1.11.0-git6826-windows\addons\sourcemod\scripting\l4d2_scav_fix_nm5.sp::ScavTimerH
L 12/30/2022 - 16:13:52: [SM] Exception reported: Client 3 is not in game
L 12/30/2022 - 16:13:52: [SM] Blaming: optional/l4d2_scav_fix_nm5.smx
L 12/30/2022 - 16:13:52: [SM] Call stack trace:
L 12/30/2022 - 16:13:52: [SM]   [0] GetClientAbsOrigin
L 12/30/2022 - 16:13:52: [SM]   [1] Line 76, E:\DownLoading\sourcemod-1.11.0-git6826-windows\addons\sourcemod\scripting\l4d2_scav_fix_nm5.sp::FindMisplacedCans
L 12/30/2022 - 16:13:52: [SM]   [2] Line 53, E:\DownLoading\sourcemod-1.11.0-git6826-windows\addons\sourcemod\scripting\l4d2_scav_fix_nm5.sp::ScavTimerH
L 12/30/2022 - 16:14:07: [SM] Exception reported: Client 3 is not in game
L 12/30/2022 - 16:14:07: [SM] Blaming: optional/l4d2_scav_fix_nm5.smx
L 12/30/2022 - 16:14:07: [SM] Call stack trace:
L 12/30/2022 - 16:14:07: [SM]   [0] GetClientAbsOrigin
L 12/30/2022 - 16:14:07: [SM]   [1] Line 76, E:\DownLoading\sourcemod-1.11.0-git6826-windows\addons\sourcemod\scripting\l4d2_scav_fix_nm5.sp::FindMisplacedCans
L 12/30/2022 - 16:14:07: [SM]   [2] Line 53, E:\DownLoading\sourcemod-1.11.0-git6826-windows\addons\sourcemod\scripting\l4d2_scav_fix_nm5.sp::ScavTimerH
L 12/30/2022 - 16:14:22: [SM] Exception reported: Client 3 is not in game
L 12/30/2022 - 16:14:22: [SM] Blaming: optional/l4d2_scav_fix_nm5.smx
L 12/30/2022 - 16:14:22: [SM] Call stack trace:
L 12/30/2022 - 16:14:22: [SM]   [0] GetClientAbsOrigin
L 12/30/2022 - 16:14:22: [SM]   [1] Line 76, E:\DownLoading\sourcemod-1.11.0-git6826-windows\addons\sourcemod\scripting\l4d2_scav_fix_nm5.sp::FindMisplacedCans
L 12/30/2022 - 16:14:22: [SM]   [2] Line 53, E:\DownLoading\sourcemod-1.11.0-git6826-windows\addons\sourcemod\scripting\l4d2_scav_fix_nm5.sp::ScavTimerH
L 12/30/2022 - 16:14:37: [SM] Exception reported: Client 3 is not in game
L 12/30/2022 - 16:14:37: [SM] Blaming: optional/l4d2_scav_fix_nm5.smx
L 12/30/2022 - 16:14:37: [SM] Call stack trace:
L 12/30/2022 - 16:14:37: [SM]   [0] GetClientAbsOrigin
L 12/30/2022 - 16:14:37: [SM]   [1] Line 76, E:\DownLoading\sourcemod-1.11.0-git6826-windows\addons\sourcemod\scripting\l4d2_scav_fix_nm5.sp::FindMisplacedCans
L 12/30/2022 - 16:14:37: [SM]   [2] Line 53, E:\DownLoading\sourcemod-1.11.0-git6826-windows\addons\sourcemod\scripting\l4d2_scav_fix_nm5.sp::ScavTimerH
L 12/30/2022 - 16:14:52: [SM] Exception reported: Client 3 is not in game
L 12/30/2022 - 16:14:52: [SM] Blaming: optional/l4d2_scav_fix_nm5.smx
L 12/30/2022 - 16:14:52: [SM] Call stack trace:
L 12/30/2022 - 16:14:52: [SM]   [0] GetClientAbsOrigin
L 12/30/2022 - 16:14:52: [SM]   [1] Line 76, E:\DownLoading\sourcemod-1.11.0-git6826-windows\addons\sourcemod\scripting\l4d2_scav_fix_nm5.sp::FindMisplacedCans
L 12/30/2022 - 16:14:52: [SM]   [2] Line 53, E:\DownLoading\sourcemod-1.11.0-git6826-windows\addons\sourcemod\scripting\l4d2_scav_fix_nm5.sp::ScavTimerH
L 12/30/2022 - 16:15:07: [SM] Exception reported: Client 4 is not in game
L 12/30/2022 - 16:15:07: [SM] Blaming: optional/l4d2_scav_fix_nm5.smx
L 12/30/2022 - 16:15:07: [SM] Call stack trace:
L 12/30/2022 - 16:15:07: [SM]   [0] GetClientAbsOrigin
L 12/30/2022 - 16:15:07: [SM]   [1] Line 76, E:\DownLoading\sourcemod-1.11.0-git6826-windows\addons\sourcemod\scripting\l4d2_scav_fix_nm5.sp::FindMisplacedCans
L 12/30/2022 - 16:15:07: [SM]   [2] Line 53, E:\DownLoading\sourcemod-1.11.0-git6826-windows\addons\sourcemod\scripting\l4d2_scav_fix_nm5.sp::ScavTimerH
L 12/30/2022 - 16:15:22: [SM] Exception reported: Client 4 is not in game
L 12/30/2022 - 16:15:22: [SM] Blaming: optional/l4d2_scav_fix_nm5.smx
L 12/30/2022 - 16:15:22: [SM] Call stack trace:
L 12/30/2022 - 16:15:22: [SM]   [0] GetClientAbsOrigin
L 12/30/2022 - 16:15:22: [SM]   [1] Line 76, E:\DownLoading\sourcemod-1.11.0-git6826-windows\addons\sourcemod\scripting\l4d2_scav_fix_nm5.sp::FindMisplacedCans
L 12/30/2022 - 16:15:22: [SM]   [2] Line 53, E:\DownLoading\sourcemod-1.11.0-git6826-windows\addons\sourcemod\scripting\l4d2_scav_fix_nm5.sp::ScavTimerH
L 12/30/2022 - 16:15:37: [SM] Exception reported: Client 4 is not in game
L 12/30/2022 - 16:15:37: [SM] Blaming: optional/l4d2_scav_fix_nm5.smx
L 12/30/2022 - 16:15:37: [SM] Call stack trace:
L 12/30/2022 - 16:15:37: [SM]   [0] GetClientAbsOrigin
L 12/30/2022 - 16:15:37: [SM]   [1] Line 76, E:\DownLoading\sourcemod-1.11.0-git6826-windows\addons\sourcemod\scripting\l4d2_scav_fix_nm5.sp::FindMisplacedCans
L 12/30/2022 - 16:15:37: [SM]   [2] Line 53, E:\DownLoading\sourcemod-1.11.0-git6826-windows\addons\sourcemod\scripting\l4d2_scav_fix_nm5.sp::ScavTimerH
L 12/30/2022 - 16:15:52: [SM] Exception reported: Client 4 is not in game
L 12/30/2022 - 16:15:52: [SM] Blaming: optional/l4d2_scav_fix_nm5.smx
L 12/30/2022 - 16:15:52: [SM] Call stack trace:
L 12/30/2022 - 16:15:52: [SM]   [0] GetClientAbsOrigin
L 12/30/2022 - 16:15:52: [SM]   [1] Line 76, E:\DownLoading\sourcemod-1.11.0-git6826-windows\addons\sourcemod\scripting\l4d2_scav_fix_nm5.sp::FindMisplacedCans
L 12/30/2022 - 16:15:52: [SM]   [2] Line 53, E:\DownLoading\sourcemod-1.11.0-git6826-windows\addons\sourcemod\scripting\l4d2_scav_fix_nm5.sp::ScavTimerH
L 12/30/2022 - 16:16:07: [SM] Exception reported: Client 3 is not in game
L 12/30/2022 - 16:16:07: [SM] Blaming: optional/l4d2_scav_fix_nm5.smx
L 12/30/2022 - 16:16:07: [SM] Call stack trace:
L 12/30/2022 - 16:16:07: [SM]   [0] GetClientAbsOrigin
L 12/30/2022 - 16:16:07: [SM]   [1] Line 76, E:\DownLoading\sourcemod-1.11.0-git6826-windows\addons\sourcemod\scripting\l4d2_scav_fix_nm5.sp::FindMisplacedCans
L 12/30/2022 - 16:16:07: [SM]   [2] Line 53, E:\DownLoading\sourcemod-1.11.0-git6826-windows\addons\sourcemod\scripting\l4d2_scav_fix_nm5.sp::ScavTimerH
L 12/30/2022 - 16:16:22: [SM] Exception reported: Client 3 is not in game
L 12/30/2022 - 16:16:22: [SM] Blaming: optional/l4d2_scav_fix_nm5.smx
L 12/30/2022 - 16:16:22: [SM] Call stack trace:
L 12/30/2022 - 16:16:22: [SM]   [0] GetClientAbsOrigin
L 12/30/2022 - 16:16:22: [SM]   [1] Line 76, E:\DownLoading\sourcemod-1.11.0-git6826-windows\addons\sourcemod\scripting\l4d2_scav_fix_nm5.sp::FindMisplacedCans
L 12/30/2022 - 16:16:22: [SM]   [2] Line 53, E:\DownLoading\sourcemod-1.11.0-git6826-windows\addons\sourcemod\scripting\l4d2_scav_fix_nm5.sp::ScavTimerH
L 12/30/2022 - 16:16:37: [SM] Exception reported: Client 3 is not in game
L 12/30/2022 - 16:16:37: [SM] Blaming: optional/l4d2_scav_fix_nm5.smx
L 12/30/2022 - 16:16:37: [SM] Call stack trace:
L 12/30/2022 - 16:16:37: [SM]   [0] GetClientAbsOrigin
L 12/30/2022 - 16:16:37: [SM]   [1] Line 76, E:\DownLoading\sourcemod-1.11.0-git6826-windows\addons\sourcemod\scripting\l4d2_scav_fix_nm5.sp::FindMisplacedCans
L 12/30/2022 - 16:16:37: [SM]   [2] Line 53, E:\DownLoading\sourcemod-1.11.0-git6826-windows\addons\sourcemod\scripting\l4d2_scav_fix_nm5.sp::ScavTimerH
L 12/30/2022 - 16:16:52: [SM] Exception reported: Client 3 is not in game
L 12/30/2022 - 16:16:52: [SM] Blaming: optional/l4d2_scav_fix_nm5.smx
L 12/30/2022 - 16:16:52: [SM] Call stack trace:
L 12/30/2022 - 16:16:52: [SM]   [0] GetClientAbsOrigin
L 12/30/2022 - 16:16:52: [SM]   [1] Line 76, E:\DownLoading\sourcemod-1.11.0-git6826-windows\addons\sourcemod\scripting\l4d2_scav_fix_nm5.sp::FindMisplacedCans
L 12/30/2022 - 16:16:52: [SM]   [2] Line 53, E:\DownLoading\sourcemod-1.11.0-git6826-windows\addons\sourcemod\scripting\l4d2_scav_fix_nm5.sp::ScavTimerH
L 12/30/2022 - 16:17:07: [SM] Exception reported: Client 3 is not in game
L 12/30/2022 - 16:17:07: [SM] Blaming: optional/l4d2_scav_fix_nm5.smx
L 12/30/2022 - 16:17:07: [SM] Call stack trace:
L 12/30/2022 - 16:17:07: [SM]   [0] GetClientAbsOrigin
L 12/30/2022 - 16:17:07: [SM]   [1] Line 76, E:\DownLoading\sourcemod-1.11.0-git6826-windows\addons\sourcemod\scripting\l4d2_scav_fix_nm5.sp::FindMisplacedCans
L 12/30/2022 - 16:17:07: [SM]   [2] Line 53, E:\DownLoading\sourcemod-1.11.0-git6826-windows\addons\sourcemod\scripting\l4d2_scav_fix_nm5.sp::ScavTimerH
L 12/30/2022 - 16:17:22: [SM] Exception reported: Client 3 is not in game
L 12/30/2022 - 16:17:22: [SM] Blaming: optional/l4d2_scav_fix_nm5.smx
L 12/30/2022 - 16:17:22: [SM] Call stack trace:
L 12/30/2022 - 16:17:22: [SM]   [0] GetClientAbsOrigin
L 12/30/2022 - 16:17:22: [SM]   [1] Line 76, E:\DownLoading\sourcemod-1.11.0-git6826-windows\addons\sourcemod\scripting\l4d2_scav_fix_nm5.sp::FindMisplacedCans
L 12/30/2022 - 16:17:22: [SM]   [2] Line 53, E:\DownLoading\sourcemod-1.11.0-git6826-windows\addons\sourcemod\scripting\l4d2_scav_fix_nm5.sp::ScavTimerH
L 12/30/2022 - 16:17:37: [SM] Exception reported: Client 3 is not in game
L 12/30/2022 - 16:17:37: [SM] Blaming: optional/l4d2_scav_fix_nm5.smx
L 12/30/2022 - 16:17:37: [SM] Call stack trace:
L 12/30/2022 - 16:17:37: [SM]   [0] GetClientAbsOrigin
L 12/30/2022 - 16:17:37: [SM]   [1] Line 76, E:\DownLoading\sourcemod-1.11.0-git6826-windows\addons\sourcemod\scripting\l4d2_scav_fix_nm5.sp::FindMisplacedCans
L 12/30/2022 - 16:17:37: [SM]   [2] Line 53, E:\DownLoading\sourcemod-1.11.0-git6826-windows\addons\sourcemod\scripting\l4d2_scav_fix_nm5.sp::ScavTimerH
L 12/30/2022 - 16:17:52: [SM] Exception reported: Client 3 is not in game
L 12/30/2022 - 16:17:52: [SM] Blaming: optional/l4d2_scav_fix_nm5.smx
L 12/30/2022 - 16:17:52: [SM] Call stack trace:
L 12/30/2022 - 16:17:52: [SM]   [0] GetClientAbsOrigin
L 12/30/2022 - 16:17:52: [SM]   [1] Line 76, E:\DownLoading\sourcemod-1.11.0-git6826-windows\addons\sourcemod\scripting\l4d2_scav_fix_nm5.sp::FindMisplacedCans
L 12/30/2022 - 16:17:52: [SM]   [2] Line 53, E:\DownLoading\sourcemod-1.11.0-git6826-windows\addons\sourcemod\scripting\l4d2_scav_fix_nm5.sp::ScavTimerH
L 12/30/2022 - 16:18:07: [SM] Exception reported: Client 3 is not in game
L 12/30/2022 - 16:18:07: [SM] Blaming: optional/l4d2_scav_fix_nm5.smx
L 12/30/2022 - 16:18:07: [SM] Call stack trace:
L 12/30/2022 - 16:18:07: [SM]   [0] GetClientAbsOrigin
L 12/30/2022 - 16:18:07: [SM]   [1] Line 76, E:\DownLoading\sourcemod-1.11.0-git6826-windows\addons\sourcemod\scripting\l4d2_scav_fix_nm5.sp::FindMisplacedCans
L 12/30/2022 - 16:18:07: [SM]   [2] Line 53, E:\DownLoading\sourcemod-1.11.0-git6826-windows\addons\sourcemod\scripting\l4d2_scav_fix_nm5.sp::ScavTimerH
L 12/30/2022 - 16:18:22: [SM] Exception reported: Client 3 is not in game
L 12/30/2022 - 16:18:22: [SM] Blaming: optional/l4d2_scav_fix_nm5.smx
L 12/30/2022 - 16:18:22: [SM] Call stack trace:
L 12/30/2022 - 16:18:22: [SM]   [0] GetClientAbsOrigin
L 12/30/2022 - 16:18:22: [SM]   [1] Line 76, E:\DownLoading\sourcemod-1.11.0-git6826-windows\addons\sourcemod\scripting\l4d2_scav_fix_nm5.sp::FindMisplacedCans
L 12/30/2022 - 16:18:22: [SM]   [2] Line 53, E:\DownLoading\sourcemod-1.11.0-git6826-windows\addons\sourcemod\scripting\l4d2_scav_fix_nm5.sp::ScavTimerH
L 12/30/2022 - 16:18:37: [SM] Exception reported: Client 3 is not in game
L 12/30/2022 - 16:18:37: [SM] Blaming: optional/l4d2_scav_fix_nm5.smx
L 12/30/2022 - 16:18:37: [SM] Call stack trace:
L 12/30/2022 - 16:18:37: [SM]   [0] GetClientAbsOrigin
L 12/30/2022 - 16:18:37: [SM]   [1] Line 76, E:\DownLoading\sourcemod-1.11.0-git6826-windows\addons\sourcemod\scripting\l4d2_scav_fix_nm5.sp::FindMisplacedCans
L 12/30/2022 - 16:18:37: [SM]   [2] Line 53, E:\DownLoading\sourcemod-1.11.0-git6826-windows\addons\sourcemod\scripting\l4d2_scav_fix_nm5.sp::ScavTimerH
L 12/30/2022 - 16:18:52: [SM] Exception reported: Client 3 is not in game
L 12/30/2022 - 16:18:52: [SM] Blaming: optional/l4d2_scav_fix_nm5.smx
L 12/30/2022 - 16:18:52: [SM] Call stack trace:
L 12/30/2022 - 16:18:52: [SM]   [0] GetClientAbsOrigin
L 12/30/2022 - 16:18:52: [SM]   [1] Line 76, E:\DownLoading\sourcemod-1.11.0-git6826-windows\addons\sourcemod\scripting\l4d2_scav_fix_nm5.sp::FindMisplacedCans
L 12/30/2022 - 16:18:52: [SM]   [2] Line 53, E:\DownLoading\sourcemod-1.11.0-git6826-windows\addons\sourcemod\scripting\l4d2_scav_fix_nm5.sp::ScavTimerH
L 12/30/2022 - 16:19:07: [SM] Exception reported: Client 3 is not in game
L 12/30/2022 - 16:19:07: [SM] Blaming: optional/l4d2_scav_fix_nm5.smx
L 12/30/2022 - 16:19:07: [SM] Call stack trace:
L 12/30/2022 - 16:19:07: [SM]   [0] GetClientAbsOrigin
L 12/30/2022 - 16:19:07: [SM]   [1] Line 76, E:\DownLoading\sourcemod-1.11.0-git6826-windows\addons\sourcemod\scripting\l4d2_scav_fix_nm5.sp::FindMisplacedCans
L 12/30/2022 - 16:19:07: [SM]   [2] Line 53, E:\DownLoading\sourcemod-1.11.0-git6826-windows\addons\sourcemod\scripting\l4d2_scav_fix_nm5.sp::ScavTimerH
L 12/30/2022 - 16:19:22: [SM] Exception reported: Client 3 is not in game
L 12/30/2022 - 16:19:22: [SM] Blaming: optional/l4d2_scav_fix_nm5.smx
L 12/30/2022 - 16:19:22: [SM] Call stack trace:
L 12/30/2022 - 16:19:22: [SM]   [0] GetClientAbsOrigin
L 12/30/2022 - 16:19:22: [SM]   [1] Line 76, E:\DownLoading\sourcemod-1.11.0-git6826-windows\addons\sourcemod\scripting\l4d2_scav_fix_nm5.sp::FindMisplacedCans
L 12/30/2022 - 16:19:22: [SM]   [2] Line 53, E:\DownLoading\sourcemod-1.11.0-git6826-windows\addons\sourcemod\scripting\l4d2_scav_fix_nm5.sp::ScavTimerH
L 12/30/2022 - 16:19:37: [SM] Exception reported: Client 3 is not in game
L 12/30/2022 - 16:19:37: [SM] Blaming: optional/l4d2_scav_fix_nm5.smx
L 12/30/2022 - 16:19:37: [SM] Call stack trace:
L 12/30/2022 - 16:19:37: [SM]   [0] GetClientAbsOrigin
L 12/30/2022 - 16:19:37: [SM]   [1] Line 76, E:\DownLoading\sourcemod-1.11.0-git6826-windows\addons\sourcemod\scripting\l4d2_scav_fix_nm5.sp::FindMisplacedCans
L 12/30/2022 - 16:19:37: [SM]   [2] Line 53, E:\DownLoading\sourcemod-1.11.0-git6826-windows\addons\sourcemod\scripting\l4d2_scav_fix_nm5.sp::ScavTimerH
L 12/30/2022 - 16:19:52: [SM] Exception reported: Client 3 is not in game
L 12/30/2022 - 16:19:52: [SM] Blaming: optional/l4d2_scav_fix_nm5.smx
L 12/30/2022 - 16:19:52: [SM] Call stack trace:
L 12/30/2022 - 16:19:52: [SM]   [0] GetClientAbsOrigin
L 12/30/2022 - 16:19:52: [SM]   [1] Line 76, E:\DownLoading\sourcemod-1.11.0-git6826-windows\addons\sourcemod\scripting\l4d2_scav_fix_nm5.sp::FindMisplacedCans
L 12/30/2022 - 16:19:52: [SM]   [2] Line 53, E:\DownLoading\sourcemod-1.11.0-git6826-windows\addons\sourcemod\scripting\l4d2_scav_fix_nm5.sp::ScavTimerH
L 12/30/2022 - 16:20:07: [SM] Exception reported: Client 3 is not in game
L 12/30/2022 - 16:20:07: [SM] Blaming: optional/l4d2_scav_fix_nm5.smx
L 12/30/2022 - 16:20:07: [SM] Call stack trace:
L 12/30/2022 - 16:20:07: [SM]   [0] GetClientAbsOrigin
L 12/30/2022 - 16:20:07: [SM]   [1] Line 76, E:\DownLoading\sourcemod-1.11.0-git6826-windows\addons\sourcemod\scripting\l4d2_scav_fix_nm5.sp::FindMisplacedCans
L 12/30/2022 - 16:20:07: [SM]   [2] Line 53, E:\DownLoading\sourcemod-1.11.0-git6826-windows\addons\sourcemod\scripting\l4d2_scav_fix_nm5.sp::ScavTimerH
L 12/30/2022 - 16:20:22: [SM] Exception reported: Client 3 is not in game
L 12/30/2022 - 16:20:22: [SM] Blaming: optional/l4d2_scav_fix_nm5.smx
L 12/30/2022 - 16:20:22: [SM] Call stack trace:
L 12/30/2022 - 16:20:22: [SM]   [0] GetClientAbsOrigin
L 12/30/2022 - 16:20:22: [SM]   [1] Line 76, E:\DownLoading\sourcemod-1.11.0-git6826-windows\addons\sourcemod\scripting\l4d2_scav_fix_nm5.sp::FindMisplacedCans
L 12/30/2022 - 16:20:22: [SM]   [2] Line 53, E:\DownLoading\sourcemod-1.11.0-git6826-windows\addons\sourcemod\scripting\l4d2_scav_fix_nm5.sp::ScavTimerH
L 12/30/2022 - 16:20:37: [SM] Exception reported: Client 3 is not in game
L 12/30/2022 - 16:20:37: [SM] Blaming: optional/l4d2_scav_fix_nm5.smx
L 12/30/2022 - 16:20:37: [SM] Call stack trace:
L 12/30/2022 - 16:20:37: [SM]   [0] GetClientAbsOrigin
L 12/30/2022 - 16:20:37: [SM]   [1] Line 76, E:\DownLoading\sourcemod-1.11.0-git6826-windows\addons\sourcemod\scripting\l4d2_scav_fix_nm5.sp::FindMisplacedCans
L 12/30/2022 - 16:20:37: [SM]   [2] Line 53, E:\DownLoading\sourcemod-1.11.0-git6826-windows\addons\sourcemod\scripting\l4d2_scav_fix_nm5.sp::ScavTimerH
L 12/30/2022 - 16:20:52: [SM] Exception reported: Client 3 is not in game
L 12/30/2022 - 16:20:52: [SM] Blaming: optional/l4d2_scav_fix_nm5.smx
L 12/30/2022 - 16:20:52: [SM] Call stack trace:
L 12/30/2022 - 16:20:52: [SM]   [0] GetClientAbsOrigin
L 12/30/2022 - 16:20:52: [SM]   [1] Line 76, E:\DownLoading\sourcemod-1.11.0-git6826-windows\addons\sourcemod\scripting\l4d2_scav_fix_nm5.sp::FindMisplacedCans
L 12/30/2022 - 16:20:52: [SM]   [2] Line 53, E:\DownLoading\sourcemod-1.11.0-git6826-windows\addons\sourcemod\scripting\l4d2_scav_fix_nm5.sp::ScavTimerH
L 12/30/2022 - 16:21:07: [SM] Exception reported: Client 3 is not in game
L 12/30/2022 - 16:21:07: [SM] Blaming: optional/l4d2_scav_fix_nm5.smx
L 12/30/2022 - 16:21:07: [SM] Call stack trace:
L 12/30/2022 - 16:21:07: [SM]   [0] GetClientAbsOrigin
L 12/30/2022 - 16:21:07: [SM]   [1] Line 76, E:\DownLoading\sourcemod-1.11.0-git6826-windows\addons\sourcemod\scripting\l4d2_scav_fix_nm5.sp::FindMisplacedCans
L 12/30/2022 - 16:21:07: [SM]   [2] Line 53, E:\DownLoading\sourcemod-1.11.0-git6826-windows\addons\sourcemod\scripting\l4d2_scav_fix_nm5.sp::ScavTimerH
L 12/30/2022 - 16:21:22: [SM] Exception reported: Client 3 is not in game
L 12/30/2022 - 16:21:22: [SM] Blaming: optional/l4d2_scav_fix_nm5.smx
L 12/30/2022 - 16:21:22: [SM] Call stack trace:
L 12/30/2022 - 16:21:22: [SM]   [0] GetClientAbsOrigin
L 12/30/2022 - 16:21:22: [SM]   [1] Line 76, E:\DownLoading\sourcemod-1.11.0-git6826-windows\addons\sourcemod\scripting\l4d2_scav_fix_nm5.sp::FindMisplacedCans
L 12/30/2022 - 16:21:22: [SM]   [2] Line 53, E:\DownLoading\sourcemod-1.11.0-git6826-windows\addons\sourcemod\scripting\l4d2_scav_fix_nm5.sp::ScavTimerH
L 12/30/2022 - 16:21:37: [SM] Exception reported: Client 3 is not in game
L 12/30/2022 - 16:21:37: [SM] Blaming: optional/l4d2_scav_fix_nm5.smx
L 12/30/2022 - 16:21:37: [SM] Call stack trace:
L 12/30/2022 - 16:21:37: [SM]   [0] GetClientAbsOrigin
L 12/30/2022 - 16:21:37: [SM]   [1] Line 76, E:\DownLoading\sourcemod-1.11.0-git6826-windows\addons\sourcemod\scripting\l4d2_scav_fix_nm5.sp::FindMisplacedCans
L 12/30/2022 - 16:21:37: [SM]   [2] Line 53, E:\DownLoading\sourcemod-1.11.0-git6826-windows\addons\sourcemod\scripting\l4d2_scav_fix_nm5.sp::ScavTimerH
L 12/30/2022 - 16:21:52: [SM] Exception reported: Client 3 is not in game
L 12/30/2022 - 16:21:52: [SM] Blaming: optional/l4d2_scav_fix_nm5.smx
L 12/30/2022 - 16:21:52: [SM] Call stack trace:
L 12/30/2022 - 16:21:52: [SM]   [0] GetClientAbsOrigin
L 12/30/2022 - 16:21:52: [SM]   [1] Line 76, E:\DownLoading\sourcemod-1.11.0-git6826-windows\addons\sourcemod\scripting\l4d2_scav_fix_nm5.sp::FindMisplacedCans
L 12/30/2022 - 16:21:52: [SM]   [2] Line 53, E:\DownLoading\sourcemod-1.11.0-git6826-windows\addons\sourcemod\scripting\l4d2_scav_fix_nm5.sp::ScavTimerH
L 12/30/2022 - 16:22:08: [SM] Exception reported: Client 3 is not in game
L 12/30/2022 - 16:22:08: [SM] Blaming: optional/l4d2_scav_fix_nm5.smx
L 12/30/2022 - 16:22:08: [SM] Call stack trace:
L 12/30/2022 - 16:22:08: [SM]   [0] GetClientAbsOrigin
L 12/30/2022 - 16:22:08: [SM]   [1] Line 76, E:\DownLoading\sourcemod-1.11.0-git6826-windows\addons\sourcemod\scripting\l4d2_scav_fix_nm5.sp::FindMisplacedCans
L 12/30/2022 - 16:22:08: [SM]   [2] Line 53, E:\DownLoading\sourcemod-1.11.0-git6826-windows\addons\sourcemod\scripting\l4d2_scav_fix_nm5.sp::ScavTimerH
L 12/30/2022 - 16:22:23: [SM] Exception reported: Client 3 is not in game
L 12/30/2022 - 16:22:23: [SM] Blaming: optional/l4d2_scav_fix_nm5.smx
L 12/30/2022 - 16:22:23: [SM] Call stack trace:
L 12/30/2022 - 16:22:23: [SM]   [0] GetClientAbsOrigin
L 12/30/2022 - 16:22:23: [SM]   [1] Line 76, E:\DownLoading\sourcemod-1.11.0-git6826-windows\addons\sourcemod\scripting\l4d2_scav_fix_nm5.sp::FindMisplacedCans
L 12/30/2022 - 16:22:23: [SM]   [2] Line 53, E:\DownLoading\sourcemod-1.11.0-git6826-windows\addons\sourcemod\scripting\l4d2_scav_fix_nm5.sp::ScavTimerH
L 12/30/2022 - 16:22:38: [SM] Exception reported: Client 1 is not in game
L 12/30/2022 - 16:22:38: [SM] Blaming: optional/l4d2_scav_fix_nm5.smx
L 12/30/2022 - 16:22:38: [SM] Call stack trace:
L 12/30/2022 - 16:22:38: [SM]   [0] GetClientAbsOrigin
L 12/30/2022 - 16:22:38: [SM]   [1] Line 76, E:\DownLoading\sourcemod-1.11.0-git6826-windows\addons\sourcemod\scripting\l4d2_scav_fix_nm5.sp::FindMisplacedCans
L 12/30/2022 - 16:22:38: [SM]   [2] Line 53, E:\DownLoading\sourcemod-1.11.0-git6826-windows\addons\sourcemod\scripting\l4d2_scav_fix_nm5.sp::ScavTimerH
L 12/30/2022 - 16:22:53: [SM] Exception reported: Client 1 is not in game
L 12/30/2022 - 16:22:53: [SM] Blaming: optional/l4d2_scav_fix_nm5.smx
L 12/30/2022 - 16:22:53: [SM] Call stack trace:
L 12/30/2022 - 16:22:53: [SM]   [0] GetClientAbsOrigin
L 12/30/2022 - 16:22:53: [SM]   [1] Line 76, E:\DownLoading\sourcemod-1.11.0-git6826-windows\addons\sourcemod\scripting\l4d2_scav_fix_nm5.sp::FindMisplacedCans
L 12/30/2022 - 16:22:53: [SM]   [2] Line 53, E:\DownLoading\sourcemod-1.11.0-git6826-windows\addons\sourcemod\scripting\l4d2_scav_fix_nm5.sp::ScavTimerH
L 12/30/2022 - 16:23:08: [SM] Exception reported: Client 1 is not in game
L 12/30/2022 - 16:23:08: [SM] Blaming: optional/l4d2_scav_fix_nm5.smx
L 12/30/2022 - 16:23:08: [SM] Call stack trace:
L 12/30/2022 - 16:23:08: [SM]   [0] GetClientAbsOrigin
L 12/30/2022 - 16:23:08: [SM]   [1] Line 76, E:\DownLoading\sourcemod-1.11.0-git6826-windows\addons\sourcemod\scripting\l4d2_scav_fix_nm5.sp::FindMisplacedCans
L 12/30/2022 - 16:23:08: [SM]   [2] Line 53, E:\DownLoading\sourcemod-1.11.0-git6826-windows\addons\sourcemod\scripting\l4d2_scav_fix_nm5.sp::ScavTimerH
L 12/30/2022 - 16:23:23: [SM] Exception reported: Client 1 is not in game
L 12/30/2022 - 16:23:23: [SM] Blaming: optional/l4d2_scav_fix_nm5.smx
L 12/30/2022 - 16:23:23: [SM] Call stack trace:
L 12/30/2022 - 16:23:23: [SM]   [0] GetClientAbsOrigin
L 12/30/2022 - 16:23:23: [SM]   [1] Line 76, E:\DownLoading\sourcemod-1.11.0-git6826-windows\addons\sourcemod\scripting\l4d2_scav_fix_nm5.sp::FindMisplacedCans
L 12/30/2022 - 16:23:23: [SM]   [2] Line 53, E:\DownLoading\sourcemod-1.11.0-git6826-windows\addons\sourcemod\scripting\l4d2_scav_fix_nm5.sp::ScavTimerH
L 12/30/2022 - 16:23:41: SourceMod error session started
L 12/30/2022 - 16:23:41: Info (map "c2m1_highway") (file "/root/Steam/steamapps/common/Left 4 Dead 2 Dedicated Server/left4dead2/addons/sourcemod/logs/errors_20221230.log")
L 12/30/2022 - 16:23:41: [SM] Unable to load plugin "Welcome.smx": Could not find required plugin "l4d2_playtime_interface"
L 12/30/2022 - 16:23:41: [SM] Unable to load plugin "l4d_fyzb_en_v20.smx": Could not find required plugin "readyup"
L 12/30/2022 - 22:58:38: SourceMod error session started
L 12/30/2022 - 22:58:38: Info (map "c2m1_highway") (file "/root/Steam/steamapps/common/Left 4 Dead 2 Dedicated Server/left4dead2/addons/sourcemod/logs/errors_20221230.log")
L 12/30/2022 - 22:58:38: [SM] Unable to load plugin "Welcome.smx": Could not find required plugin "l4d2_playtime_interface"
L 12/30/2022 - 22:58:38: [SM] Unable to load plugin "l4d_fyzb_en_v20.smx": Could not find required plugin "readyup"
