L 01/04/2023 - 01:33:21: SourceMod error session started
L 01/04/2023 - 01:33:21: Info (map "c2m1_highway") (file "/root/Steam/steamapps/common/Left 4 Dead 2 Dedicated Server/left4dead2/addons/sourcemod/logs/errors_20230104.log")
L 01/04/2023 - 01:33:21: [SM] Unable to load plugin "Welcome.smx": Could not find required plugin "l4d2_playtime_interface"
L 01/04/2023 - 01:33:21: [SM] Unable to load plugin "l4d_fyzb_en_v20.smx": Could not find required plugin "readyup"
L 01/04/2023 - 01:35:18: Error log file session closed.
L 01/04/2023 - 01:37:12: SourceMod error session started
L 01/04/2023 - 01:37:12: Info (map "c2m1_highway") (file "/root/Steam/steamapps/common/Left 4 Dead 2 Dedicated Server/left4dead2/addons/sourcemod/logs/errors_20230104.log")
L 01/04/2023 - 01:37:12: [SM] Unable to load plugin "Welcome.smx": Could not find required plugin "l4d2_playtime_interface"
L 01/04/2023 - 01:37:12: [SM] Unable to load plugin "l4d_fyzb_en_v20.smx": Could not find required plugin "readyup"
L 01/04/2023 - 01:41:03: SourceMod error session started
L 01/04/2023 - 01:41:03: Info (map "c2m1_highway") (file "/root/Steam/steamapps/common/Left 4 Dead 2 Dedicated Server/left4dead2/addons/sourcemod/logs/errors_20230104.log")
L 01/04/2023 - 01:41:03: [SM] Unable to load plugin "Welcome.smx": Could not find required plugin "l4d2_playtime_interface"
L 01/04/2023 - 01:41:03: [SM] Unable to load plugin "l4d_fyzb_en_v20.smx": Could not find required plugin "readyup"
L 01/04/2023 - 01:41:58: SourceMod error session started
L 01/04/2023 - 01:41:58: Info (map "c2m1_highway") (file "/root/Steam/steamapps/common/Left 4 Dead 2 Dedicated Server/left4dead2/addons/sourcemod/logs/errors_20230104.log")
L 01/04/2023 - 01:41:58: [SM] Unable to load plugin "Welcome.smx": Could not find required plugin "l4d2_playtime_interface"
L 01/04/2023 - 01:41:58: [SM] Unable to load plugin "l4d_fyzb_en_v20.smx": Could not find required plugin "readyup"
L 01/04/2023 - 01:42:51: SourceMod error session started
L 01/04/2023 - 01:42:51: Info (map "c2m1_highway") (file "/root/Steam/steamapps/common/Left 4 Dead 2 Dedicated Server/left4dead2/addons/sourcemod/logs/errors_20230104.log")
L 01/04/2023 - 01:42:51: [SM] Unable to load plugin "Welcome.smx": Could not find required plugin "l4d2_playtime_interface"
L 01/04/2023 - 01:42:51: [SM] Unable to load plugin "l4d_fyzb_en_v20.smx": Could not find required plugin "readyup"
L 01/04/2023 - 01:43:40: SourceMod error session started
L 01/04/2023 - 01:43:40: Info (map "c2m1_highway") (file "/root/Steam/steamapps/common/Left 4 Dead 2 Dedicated Server/left4dead2/addons/sourcemod/logs/errors_20230104.log")
L 01/04/2023 - 01:43:40: [SM] Unable to load plugin "Welcome.smx": Could not find required plugin "l4d2_playtime_interface"
L 01/04/2023 - 01:43:40: [SM] Unable to load plugin "l4d_fyzb_en_v20.smx": Could not find required plugin "readyup"
L 01/04/2023 - 01:45:33: SourceMod error session started
L 01/04/2023 - 01:45:33: Info (map "c2m1_highway") (file "/root/Steam/steamapps/common/Left 4 Dead 2 Dedicated Server/left4dead2/addons/sourcemod/logs/errors_20230104.log")
L 01/04/2023 - 01:45:33: [SM] Unable to load plugin "Welcome.smx": Could not find required plugin "l4d2_playtime_interface"
L 01/04/2023 - 01:45:33: [SM] Unable to load plugin "l4d_fyzb_en_v20.smx": Could not find required plugin "readyup"
L 01/04/2023 - 01:47:06: SourceMod error session started
L 01/04/2023 - 01:47:06: Info (map "c2m1_highway") (file "/root/Steam/steamapps/common/Left 4 Dead 2 Dedicated Server/left4dead2/addons/sourcemod/logs/errors_20230104.log")
L 01/04/2023 - 01:47:06: [SM] Unable to load plugin "Welcome.smx": Could not find required plugin "l4d2_playtime_interface"
L 01/04/2023 - 01:47:06: [SM] Unable to load plugin "l4d_fyzb_en_v20.smx": Could not find required plugin "readyup"
L 01/04/2023 - 02:03:54: SourceMod error session started
L 01/04/2023 - 02:03:54: Info (map "c2m1_highway") (file "/root/Steam/steamapps/common/Left 4 Dead 2 Dedicated Server/left4dead2/addons/sourcemod/logs/errors_20230104.log")
L 01/04/2023 - 02:03:54: [SM] Unable to load plugin "Welcome.smx": Could not find required plugin "l4d2_playtime_interface"
L 01/04/2023 - 02:03:54: [SM] Unable to load plugin "l4d_fyzb_en_v20.smx": Could not find required plugin "readyup"
L 01/04/2023 - 02:08:14: SourceMod error session started
L 01/04/2023 - 02:08:14: Info (map "c2m1_highway") (file "/root/Steam/steamapps/common/Left 4 Dead 2 Dedicated Server/left4dead2/addons/sourcemod/logs/errors_20230104.log")
L 01/04/2023 - 02:08:14: [SM] Unable to load plugin "Welcome.smx": Could not find required plugin "l4d2_playtime_interface"
L 01/04/2023 - 02:08:15: [SM] Unable to load plugin "l4d_fyzb_en_v20.smx": Could not find required plugin "readyup"
L 01/04/2023 - 17:54:29: SourceMod error session started
L 01/04/2023 - 17:54:29: Info (map "c2m1_highway") (file "/root/Steam/steamapps/common/Left 4 Dead 2 Dedicated Server/left4dead2/addons/sourcemod/logs/errors_20230104.log")
L 01/04/2023 - 17:54:29: [SM] Unable to load plugin "Welcome.smx": Could not find required plugin "l4d2_playtime_interface"
L 01/04/2023 - 17:54:29: [SM] Unable to load plugin "l4d_fyzb_en_v20.smx": Could not find required plugin "readyup"
L 01/04/2023 - 18:22:42: SourceMod error session started
L 01/04/2023 - 18:22:42: Info (map "c2m1_highway") (file "/root/Steam/steamapps/common/Left 4 Dead 2 Dedicated Server/left4dead2/addons/sourcemod/logs/errors_20230104.log")
L 01/04/2023 - 18:22:42: [SM] Unable to load plugin "Welcome.smx": Could not find required plugin "l4d2_playtime_interface"
L 01/04/2023 - 18:22:42: [SM] Unable to load plugin "l4d_fyzb_en_v20.smx": Could not find required plugin "readyup"
L 01/04/2023 - 18:47:40: Error log file session closed.
L 01/04/2023 - 18:48:01: SourceMod error session started
L 01/04/2023 - 18:48:01: Info (map "c2m1_highway") (file "/root/Steam/steamapps/common/Left 4 Dead 2 Dedicated Server/left4dead2/addons/sourcemod/logs/errors_20230104.log")
L 01/04/2023 - 18:48:01: [SM] Exception reported: Invalid index 1 (count: 1)
L 01/04/2023 - 18:48:01: [SM] Blaming: optional/l4d_equalise_alarm_cars_scav.smx
L 01/04/2023 - 18:48:01: [SM] Call stack trace:
L 01/04/2023 - 18:48:01: [SM]   [0] ArrayList.GetString
L 01/04/2023 - 18:48:01: [SM]   [1] Line 384, F:\Users\Administrator\Documents\GitHub\MoYu_Server_Stupid_Plugins\The Last Stand\l4d_equalise_alarm_cars\l4d_equalise_alarm_cars.sp::PatchAlarmedCars
L 01/04/2023 - 18:48:17: Error log file session closed.
L 01/04/2023 - 18:49:43: SourceMod error session started
L 01/04/2023 - 18:49:43: Info (map "c2m1_highway") (file "/root/Steam/steamapps/common/Left 4 Dead 2 Dedicated Server/left4dead2/addons/sourcemod/logs/errors_20230104.log")
L 01/04/2023 - 18:49:43: [SM] Unable to load plugin "Welcome.smx": Could not find required plugin "l4d2_playtime_interface"
L 01/04/2023 - 18:49:43: [SM] Unable to load plugin "l4d_fyzb_en_v20.smx": Could not find required plugin "readyup"
L 01/05/2023 - 22:45:54: Error log file session closed.
