L 09/20/2022 - 22:53:00: SourceMod error session started
L 09/20/2022 - 22:53:00: Info (map "daylighthouse") (file "/root/Steam/steamapps/common/Left 4 Dead 2 Dedicated Server/left4dead2/addons/sourcemod/logs/errors_20220920.log")
L 09/20/2022 - 22:53:00: [SM] Exception reported: 无法加载cfgs.txt文件!
L 09/20/2022 - 22:53:00: [SM] Blaming: vote.smx
L 09/20/2022 - 22:53:00: [SM] Call stack trace:
L 09/20/2022 - 22:53:00: [SM]   [0] SetFailState
L 09/20/2022 - 22:53:00: [SM]   [1] Line 35, E:\DownLoading\beifen\AstMod v2.6.1\left4dead2\addons\sourcemod\scripting\vote.sp::OnPluginStart
L 09/20/2022 - 22:53:00: [SM] Unable to load plugin "vote.smx": Error detected in plugin startup (see error logs)
L 09/20/2022 - 22:53:00: [SM] Unable to load plugin "l4d2_playtime_interface.smx": Required extension "REST in Pawn" file("rip.ext") not running
L 09/20/2022 - 22:53:00: [SM] Unable to load plugin "Welcome.smx": Could not find required plugin "l4d2_playtime_interface"
L 09/20/2022 - 22:53:00: [SM] Exception reported: 无法加载cfgs.txt文件!
L 09/20/2022 - 22:53:00: [SM] Blaming: vote_advance.smx
L 09/20/2022 - 22:53:00: [SM] Call stack trace:
L 09/20/2022 - 22:53:00: [SM]   [0] SetFailState
L 09/20/2022 - 22:53:00: [SM]   [1] Line 37, E:\DownLoading\beifen\AstMod v2.6.1\left4dead2\addons\sourcemod\scripting\vote_advance.sp::OnPluginStart
L 09/20/2022 - 22:53:00: [SM] Unable to load plugin "vote_advance.smx": Error detected in plugin startup (see error logs)
L 09/20/2022 - 22:53:01: [SM] Exception reported: Language phrase "Unknown City Desc" not found (arg 6)
L 09/20/2022 - 22:53:01: [SM] Blaming: cannounce.smx
L 09/20/2022 - 22:53:01: [SM] Call stack trace:
L 09/20/2022 - 22:53:01: [SM]   [0] Format
L 09/20/2022 - 22:53:01: [SM]   [1] Line 404, cannounce.sp::GetFormattedMessage
L 09/20/2022 - 22:53:01: [SM]   [2] Line 274, cannounce.sp::PrintFormattedMessageToAll
L 09/20/2022 - 22:53:01: [SM]   [3] Line 148, cannounce/countryshow.sp::event_PlayerDisc_CountryShow
L 09/20/2022 - 22:53:01: [SM]   [4] Line 234, cannounce.sp::event_PlayerDisconnect
L 09/20/2022 - 23:16:17: [SM] Exception reported: Language phrase "Unknown City Desc" not found (arg 6)
L 09/20/2022 - 23:16:17: [SM] Blaming: cannounce.smx
L 09/20/2022 - 23:16:17: [SM] Call stack trace:
L 09/20/2022 - 23:16:17: [SM]   [0] Format
L 09/20/2022 - 23:16:17: [SM]   [1] Line 404, cannounce.sp::GetFormattedMessage
L 09/20/2022 - 23:16:17: [SM]   [2] Line 274, cannounce.sp::PrintFormattedMessageToAll
L 09/20/2022 - 23:16:17: [SM]   [3] Line 148, cannounce/countryshow.sp::event_PlayerDisc_CountryShow
L 09/20/2022 - 23:16:17: [SM]   [4] Line 234, cannounce.sp::event_PlayerDisconnect
