L 01/12/2023 - 14:01:35: SourceMod error session started
L 01/12/2023 - 14:01:35: Info (map "c2m1_highway") (file "/root/Steam/steamapps/common/Left 4 Dead 2 Dedicated Server/left4dead2/addons/sourcemod/logs/errors_20230112.log")
L 01/12/2023 - 14:01:35: [SM] Unable to load plugin "Welcome.smx": Could not find required plugin "l4d2_playtime_interface"
L 01/12/2023 - 14:01:35: [SM] Unable to load plugin "l4d_fyzb_en_v20.smx": Could not find required plugin "readyup"
L 01/12/2023 - 14:07:24: Error log file session closed.
L 01/12/2023 - 14:08:31: SourceMod error session started
L 01/12/2023 - 14:08:31: Info (map "c2m1_highway") (file "/root/Steam/steamapps/common/Left 4 Dead 2 Dedicated Server/left4dead2/addons/sourcemod/logs/errors_20230112.log")
L 01/12/2023 - 14:08:31: [SM] Unable to load plugin "Welcome.smx": Could not find required plugin "l4d2_playtime_interface"
L 01/12/2023 - 14:08:31: [SM] Unable to load plugin "l4d_fyzb_en_v20.smx": Could not find required plugin "readyup"
L 01/12/2023 - 14:15:47: SourceMod error session started
L 01/12/2023 - 14:15:47: Info (map "c2m1_highway") (file "/root/Steam/steamapps/common/Left 4 Dead 2 Dedicated Server/left4dead2/addons/sourcemod/logs/errors_20230112.log")
L 01/12/2023 - 14:15:47: [SM] Unable to load plugin "Welcome.smx": Could not find required plugin "l4d2_playtime_interface"
L 01/12/2023 - 14:15:47: [SM] Unable to load plugin "l4d_fyzb_en_v20.smx": Could not find required plugin "readyup"
L 01/12/2023 - 16:59:48: SourceMod error session started
L 01/12/2023 - 16:59:48: Info (map "c2m1_highway") (file "/root/Steam/steamapps/common/Left 4 Dead 2 Dedicated Server/left4dead2/addons/sourcemod/logs/errors_20230112.log")
L 01/12/2023 - 16:59:48: [SM] Unable to load plugin "Welcome.smx": Could not find required plugin "l4d2_playtime_interface"
L 01/12/2023 - 16:59:48: [SM] Unable to load plugin "l4d_fyzb_en_v20.smx": Could not find required plugin "readyup"
L 01/12/2023 - 21:01:10: SourceMod error session started
L 01/12/2023 - 21:01:10: Info (map "c2m1_highway") (file "/root/Steam/steamapps/common/Left 4 Dead 2 Dedicated Server/left4dead2/addons/sourcemod/logs/errors_20230112.log")
L 01/12/2023 - 21:01:10: [SM] Unable to load plugin "Welcome.smx": Could not find required plugin "l4d2_playtime_interface"
L 01/12/2023 - 21:01:10: [SM] Unable to load plugin "l4d_fyzb_en_v20.smx": Could not find required plugin "readyup"
