L 09/21/2022 - 08:33:58: SourceMod error session started
L 09/21/2022 - 08:33:58: Info (map "c2m1_highway") (file "/root/Steam/steamapps/common/Left 4 Dead 2 Dedicated Server/left4dead2/addons/sourcemod/logs/errors_20220921.log")
L 09/21/2022 - 08:33:58: [SM] Unable to load extension "rip.ext": /root/Steam/steamapps/common/Left 4 Dead 2 Dedicated Server/left4dead2/addons/sourcemod/extensions/rip.ext.so: cannot open shared object file: No such file or directory
L 09/21/2022 - 08:33:58: [SM] Exception reported: 无法加载cfgs.txt文件!
L 09/21/2022 - 08:33:58: [SM] Blaming: vote.smx
L 09/21/2022 - 08:33:58: [SM] Call stack trace:
L 09/21/2022 - 08:33:58: [SM]   [0] SetFailState
L 09/21/2022 - 08:33:58: [SM]   [1] Line 35, E:\DownLoading\beifen\AstMod v2.6.1\left4dead2\addons\sourcemod\scripting\vote.sp::OnPluginStart
L 09/21/2022 - 08:33:58: [SM] Unable to load plugin "vote.smx": Error detected in plugin startup (see error logs)
L 09/21/2022 - 08:33:58: [SM] Unable to load plugin "l4d2_playtime_interface.smx": Required extension "REST in Pawn" file("rip.ext") not running
L 09/21/2022 - 08:33:58: [SM] Unable to load plugin "Welcome.smx": Could not find required plugin "l4d2_playtime_interface"
L 09/21/2022 - 08:33:58: [SM] Exception reported: 无法加载cfgs.txt文件!
L 09/21/2022 - 08:33:58: [SM] Blaming: vote_advance.smx
L 09/21/2022 - 08:33:58: [SM] Call stack trace:
L 09/21/2022 - 08:33:58: [SM]   [0] SetFailState
L 09/21/2022 - 08:33:58: [SM]   [1] Line 37, E:\DownLoading\beifen\AstMod v2.6.1\left4dead2\addons\sourcemod\scripting\vote_advance.sp::OnPluginStart
L 09/21/2022 - 08:33:58: [SM] Unable to load plugin "vote_advance.smx": Error detected in plugin startup (see error logs)
L 09/21/2022 - 08:33:58: [SM] Fatal error encountered parsing translation file "cannounce.phrases.txt"
L 09/21/2022 - 08:33:58: [SM] Error (line 0, column 0): Stream failed to open
L 09/21/2022 - 12:58:02: SourceMod error session started
L 09/21/2022 - 12:58:02: Info (map "c2m1_highway") (file "/root/Steam/steamapps/common/Left 4 Dead 2 Dedicated Server/left4dead2/addons/sourcemod/logs/errors_20220921.log")
L 09/21/2022 - 12:58:02: [SM] Unable to load extension "rip.ext": /root/Steam/steamapps/common/Left 4 Dead 2 Dedicated Server/left4dead2/addons/sourcemod/extensions/rip.ext.so: cannot open shared object file: No such file or directory
L 09/21/2022 - 12:58:02: [SM] Unable to load plugin "l4d2_playtime_interface.smx": Required extension "REST in Pawn" file("rip.ext") not running
L 09/21/2022 - 12:58:02: [SM] Unable to load plugin "Welcome.smx": Could not find required plugin "l4d2_playtime_interface"
L 09/21/2022 - 12:58:03: [SM] Fatal error encountered parsing translation file "lilac.phrases.txt"
L 09/21/2022 - 12:58:03: [SM] Error (line 0, column 0): Stream failed to open
L 09/21/2022 - 12:58:03: [SM] Fatal error encountered parsing translation file "cannounce.phrases.txt"
L 09/21/2022 - 12:58:03: [SM] Error (line 0, column 0): Stream failed to open
L 09/21/2022 - 13:00:56: Error log file session closed.
L 09/21/2022 - 13:00:56: SourceMod error session started
L 09/21/2022 - 13:00:56: Info (map "c8m5_rooftop") (file "/root/Steam/steamapps/common/Left 4 Dead 2 Dedicated Server/left4dead2/addons/sourcemod/logs/errors_20220921.log")
L 09/21/2022 - 13:00:56: [SM] Fatal error encountered parsing translation file "lilac.phrases.txt"
L 09/21/2022 - 13:00:56: [SM] Error (line 0, column 0): Stream failed to open
L 09/21/2022 - 13:00:56: [SM] Fatal error encountered parsing translation file "cannounce.phrases.txt"
L 09/21/2022 - 13:00:56: [SM] Error (line 0, column 0): Stream failed to open
L 09/21/2022 - 13:02:02: [confoglcompmod.smx] [Confogl] CvarSettings: Could not find CVar specified (confogl_ghost_warp)
L 09/21/2022 - 13:02:02: [confoglcompmod.smx] [Confogl] CvarSettings: Could not find CVar specified (tankcontrol_print_all)
L 09/21/2022 - 13:02:02: [confoglcompmod.smx] [Confogl] CvarSettings: Could not find CVar specified (l4d2_antibaiter_delay)
L 09/21/2022 - 13:02:02: [confoglcompmod.smx] [Confogl] CvarSettings: Could not find CVar specified (l4d2_antibaiter_horde_timer)
L 09/21/2022 - 13:02:02: [confoglcompmod.smx] [Confogl] CvarSettings: Could not find CVar specified (l4d2_antibaiter_progress)
L 09/21/2022 - 13:02:02: [confoglcompmod.smx] [Confogl] CvarSettings: Could not find CVar specified (l4d2_MITSR_Pitchfork)
L 09/21/2022 - 13:02:02: [confoglcompmod.smx] [Confogl] CvarSettings: Could not find CVar specified (l4d2_MITSR_Shovel)
L 09/21/2022 - 13:02:02: [confoglcompmod.smx] [Confogl] CvarSettings: Could not find CVar specified (longer_tank_punch_getup)
L 09/21/2022 - 13:02:02: [confoglcompmod.smx] [Confogl] CvarSettings: Could not find CVar specified (l4d_equalise_alarm_cars)
L 09/21/2022 - 13:02:02: [confoglcompmod.smx] [Confogl] CvarSettings: Could not find CVar specified (l4d2_reload_speed_uzi)
L 09/21/2022 - 13:02:02: [confoglcompmod.smx] [Confogl] CvarSettings: Could not find CVar specified (l4d2_reload_speed_silenced_smg)
L 09/21/2022 - 13:02:02: [confoglcompmod.smx] [Confogl] CvarSettings: Could not find CVar specified (l4d2_reload_speed_mp5)
L 09/21/2022 - 13:02:02: [confoglcompmod.smx] [Confogl] CvarSettings: Could not find CVar specified (l4d2_reload_speed_scout)
L 09/21/2022 - 13:02:02: [confoglcompmod.smx] [Confogl] CvarSettings: Could not find CVar specified (sm2_bonus_per_survivor_multiplier)
L 09/21/2022 - 13:02:02: [confoglcompmod.smx] [Confogl] CvarSettings: Could not find CVar specified (sm2_permament_health_proportion)
L 09/21/2022 - 13:02:02: [confoglcompmod.smx] [Confogl] CvarSettings: Could not find CVar specified (sm2_pills_hp_factor)
L 09/21/2022 - 13:02:02: [confoglcompmod.smx] [Confogl] CvarSettings: Could not find CVar specified (sm2_pills_max_bonus)
L 09/21/2022 - 13:02:02: [confoglcompmod.smx] [Confogl] CvarSettings: Attempt to track ConVar l4d2_MITSR_Amount, which is already being tracked.
L 09/21/2022 - 13:02:02: [confoglcompmod.smx] [Confogl] CvarSettings: Attempt to track ConVar l4d2_MITSR_FireAxe, which is already being tracked.
L 09/21/2022 - 13:02:02: [confoglcompmod.smx] [Confogl] CvarSettings: Attempt to track ConVar l4d2_MITSR_BaseballBat, which is already being tracked.
L 09/21/2022 - 13:02:05: Error log file session closed.
L 09/21/2022 - 13:02:05: SourceMod error session started
L 09/21/2022 - 13:02:05: Info (map "c8m5_rooftop") (file "/root/Steam/steamapps/common/Left 4 Dead 2 Dedicated Server/left4dead2/addons/sourcemod/logs/errors_20220921.log")
L 09/21/2022 - 13:02:05: [SM] Fatal error encountered parsing translation file "lilac.phrases.txt"
L 09/21/2022 - 13:02:05: [SM] Error (line 0, column 0): Stream failed to open
L 09/21/2022 - 13:02:05: [SM] Fatal error encountered parsing translation file "cannounce.phrases.txt"
L 09/21/2022 - 13:02:05: [SM] Error (line 0, column 0): Stream failed to open
L 09/21/2022 - 13:02:22: [SM] Exception reported: Client 6 is not in game
L 09/21/2022 - 13:02:22: [SM] Blaming: optional/l4d2_scav_fix_nm5.smx
L 09/21/2022 - 13:02:22: [SM] Call stack trace:
L 09/21/2022 - 13:02:22: [SM]   [0] GetClientAbsOrigin
L 09/21/2022 - 13:02:22: [SM]   [1] Line 76, E:\DownLoading\beifen\sourcemod-1.11.0-git6826-windows\addons\sourcemod\scripting\l4d2_scav_fix_nm5.sp::FindMisplacedCans
L 09/21/2022 - 13:02:22: [SM]   [2] Line 53, E:\DownLoading\beifen\sourcemod-1.11.0-git6826-windows\addons\sourcemod\scripting\l4d2_scav_fix_nm5.sp::ScavTimerH
L 09/21/2022 - 13:02:37: [SM] Exception reported: Client 6 is not in game
L 09/21/2022 - 13:02:37: [SM] Blaming: optional/l4d2_scav_fix_nm5.smx
L 09/21/2022 - 13:02:37: [SM] Call stack trace:
L 09/21/2022 - 13:02:37: [SM]   [0] GetClientAbsOrigin
L 09/21/2022 - 13:02:37: [SM]   [1] Line 76, E:\DownLoading\beifen\sourcemod-1.11.0-git6826-windows\addons\sourcemod\scripting\l4d2_scav_fix_nm5.sp::FindMisplacedCans
L 09/21/2022 - 13:02:37: [SM]   [2] Line 53, E:\DownLoading\beifen\sourcemod-1.11.0-git6826-windows\addons\sourcemod\scripting\l4d2_scav_fix_nm5.sp::ScavTimerH
L 09/21/2022 - 13:02:52: [SM] Exception reported: Client 6 is not in game
L 09/21/2022 - 13:02:52: [SM] Blaming: optional/l4d2_scav_fix_nm5.smx
L 09/21/2022 - 13:02:52: [SM] Call stack trace:
L 09/21/2022 - 13:02:52: [SM]   [0] GetClientAbsOrigin
L 09/21/2022 - 13:02:52: [SM]   [1] Line 76, E:\DownLoading\beifen\sourcemod-1.11.0-git6826-windows\addons\sourcemod\scripting\l4d2_scav_fix_nm5.sp::FindMisplacedCans
L 09/21/2022 - 13:02:52: [SM]   [2] Line 53, E:\DownLoading\beifen\sourcemod-1.11.0-git6826-windows\addons\sourcemod\scripting\l4d2_scav_fix_nm5.sp::ScavTimerH
L 09/21/2022 - 13:03:07: [SM] Exception reported: Client 6 is not in game
L 09/21/2022 - 13:03:07: [SM] Blaming: optional/l4d2_scav_fix_nm5.smx
L 09/21/2022 - 13:03:07: [SM] Call stack trace:
L 09/21/2022 - 13:03:07: [SM]   [0] GetClientAbsOrigin
L 09/21/2022 - 13:03:07: [SM]   [1] Line 76, E:\DownLoading\beifen\sourcemod-1.11.0-git6826-windows\addons\sourcemod\scripting\l4d2_scav_fix_nm5.sp::FindMisplacedCans
L 09/21/2022 - 13:03:07: [SM]   [2] Line 53, E:\DownLoading\beifen\sourcemod-1.11.0-git6826-windows\addons\sourcemod\scripting\l4d2_scav_fix_nm5.sp::ScavTimerH
L 09/21/2022 - 13:03:22: [SM] Exception reported: Client 2 is not in game
L 09/21/2022 - 13:03:22: [SM] Blaming: optional/l4d2_scav_fix_nm5.smx
L 09/21/2022 - 13:03:22: [SM] Call stack trace:
L 09/21/2022 - 13:03:22: [SM]   [0] GetClientAbsOrigin
L 09/21/2022 - 13:03:22: [SM]   [1] Line 76, E:\DownLoading\beifen\sourcemod-1.11.0-git6826-windows\addons\sourcemod\scripting\l4d2_scav_fix_nm5.sp::FindMisplacedCans
L 09/21/2022 - 13:03:22: [SM]   [2] Line 53, E:\DownLoading\beifen\sourcemod-1.11.0-git6826-windows\addons\sourcemod\scripting\l4d2_scav_fix_nm5.sp::ScavTimerH
L 09/21/2022 - 13:03:37: [SM] Exception reported: Client 2 is not in game
L 09/21/2022 - 13:03:37: [SM] Blaming: optional/l4d2_scav_fix_nm5.smx
L 09/21/2022 - 13:03:37: [SM] Call stack trace:
L 09/21/2022 - 13:03:37: [SM]   [0] GetClientAbsOrigin
L 09/21/2022 - 13:03:37: [SM]   [1] Line 76, E:\DownLoading\beifen\sourcemod-1.11.0-git6826-windows\addons\sourcemod\scripting\l4d2_scav_fix_nm5.sp::FindMisplacedCans
L 09/21/2022 - 13:03:37: [SM]   [2] Line 53, E:\DownLoading\beifen\sourcemod-1.11.0-git6826-windows\addons\sourcemod\scripting\l4d2_scav_fix_nm5.sp::ScavTimerH
L 09/21/2022 - 13:03:52: [SM] Exception reported: Client 2 is not in game
L 09/21/2022 - 13:03:52: [SM] Blaming: optional/l4d2_scav_fix_nm5.smx
L 09/21/2022 - 13:03:52: [SM] Call stack trace:
L 09/21/2022 - 13:03:52: [SM]   [0] GetClientAbsOrigin
L 09/21/2022 - 13:03:52: [SM]   [1] Line 76, E:\DownLoading\beifen\sourcemod-1.11.0-git6826-windows\addons\sourcemod\scripting\l4d2_scav_fix_nm5.sp::FindMisplacedCans
L 09/21/2022 - 13:03:52: [SM]   [2] Line 53, E:\DownLoading\beifen\sourcemod-1.11.0-git6826-windows\addons\sourcemod\scripting\l4d2_scav_fix_nm5.sp::ScavTimerH
L 09/21/2022 - 13:04:07: [SM] Exception reported: Client 2 is not in game
L 09/21/2022 - 13:04:07: [SM] Blaming: optional/l4d2_scav_fix_nm5.smx
L 09/21/2022 - 13:04:07: [SM] Call stack trace:
L 09/21/2022 - 13:04:07: [SM]   [0] GetClientAbsOrigin
L 09/21/2022 - 13:04:07: [SM]   [1] Line 76, E:\DownLoading\beifen\sourcemod-1.11.0-git6826-windows\addons\sourcemod\scripting\l4d2_scav_fix_nm5.sp::FindMisplacedCans
L 09/21/2022 - 13:04:07: [SM]   [2] Line 53, E:\DownLoading\beifen\sourcemod-1.11.0-git6826-windows\addons\sourcemod\scripting\l4d2_scav_fix_nm5.sp::ScavTimerH
L 09/21/2022 - 13:04:22: [SM] Exception reported: Client 2 is not in game
L 09/21/2022 - 13:04:22: [SM] Blaming: optional/l4d2_scav_fix_nm5.smx
L 09/21/2022 - 13:04:22: [SM] Call stack trace:
L 09/21/2022 - 13:04:22: [SM]   [0] GetClientAbsOrigin
L 09/21/2022 - 13:04:22: [SM]   [1] Line 76, E:\DownLoading\beifen\sourcemod-1.11.0-git6826-windows\addons\sourcemod\scripting\l4d2_scav_fix_nm5.sp::FindMisplacedCans
L 09/21/2022 - 13:04:22: [SM]   [2] Line 53, E:\DownLoading\beifen\sourcemod-1.11.0-git6826-windows\addons\sourcemod\scripting\l4d2_scav_fix_nm5.sp::ScavTimerH
L 09/21/2022 - 13:04:37: [SM] Exception reported: Client 2 is not in game
L 09/21/2022 - 13:04:37: [SM] Blaming: optional/l4d2_scav_fix_nm5.smx
L 09/21/2022 - 13:04:37: [SM] Call stack trace:
L 09/21/2022 - 13:04:37: [SM]   [0] GetClientAbsOrigin
L 09/21/2022 - 13:04:37: [SM]   [1] Line 76, E:\DownLoading\beifen\sourcemod-1.11.0-git6826-windows\addons\sourcemod\scripting\l4d2_scav_fix_nm5.sp::FindMisplacedCans
L 09/21/2022 - 13:04:37: [SM]   [2] Line 53, E:\DownLoading\beifen\sourcemod-1.11.0-git6826-windows\addons\sourcemod\scripting\l4d2_scav_fix_nm5.sp::ScavTimerH
L 09/21/2022 - 13:04:52: [SM] Exception reported: Client 2 is not in game
L 09/21/2022 - 13:04:52: [SM] Blaming: optional/l4d2_scav_fix_nm5.smx
L 09/21/2022 - 13:04:52: [SM] Call stack trace:
L 09/21/2022 - 13:04:52: [SM]   [0] GetClientAbsOrigin
L 09/21/2022 - 13:04:52: [SM]   [1] Line 76, E:\DownLoading\beifen\sourcemod-1.11.0-git6826-windows\addons\sourcemod\scripting\l4d2_scav_fix_nm5.sp::FindMisplacedCans
L 09/21/2022 - 13:04:52: [SM]   [2] Line 53, E:\DownLoading\beifen\sourcemod-1.11.0-git6826-windows\addons\sourcemod\scripting\l4d2_scav_fix_nm5.sp::ScavTimerH
L 09/21/2022 - 13:05:07: [SM] Exception reported: Client 2 is not in game
L 09/21/2022 - 13:05:07: [SM] Blaming: optional/l4d2_scav_fix_nm5.smx
L 09/21/2022 - 13:05:07: [SM] Call stack trace:
L 09/21/2022 - 13:05:07: [SM]   [0] GetClientAbsOrigin
L 09/21/2022 - 13:05:07: [SM]   [1] Line 76, E:\DownLoading\beifen\sourcemod-1.11.0-git6826-windows\addons\sourcemod\scripting\l4d2_scav_fix_nm5.sp::FindMisplacedCans
L 09/21/2022 - 13:05:07: [SM]   [2] Line 53, E:\DownLoading\beifen\sourcemod-1.11.0-git6826-windows\addons\sourcemod\scripting\l4d2_scav_fix_nm5.sp::ScavTimerH
L 09/21/2022 - 13:05:22: [SM] Exception reported: Client 3 is not in game
L 09/21/2022 - 13:05:22: [SM] Blaming: optional/l4d2_scav_fix_nm5.smx
L 09/21/2022 - 13:05:22: [SM] Call stack trace:
L 09/21/2022 - 13:05:22: [SM]   [0] GetClientAbsOrigin
L 09/21/2022 - 13:05:22: [SM]   [1] Line 76, E:\DownLoading\beifen\sourcemod-1.11.0-git6826-windows\addons\sourcemod\scripting\l4d2_scav_fix_nm5.sp::FindMisplacedCans
L 09/21/2022 - 13:05:22: [SM]   [2] Line 53, E:\DownLoading\beifen\sourcemod-1.11.0-git6826-windows\addons\sourcemod\scripting\l4d2_scav_fix_nm5.sp::ScavTimerH
L 09/21/2022 - 13:05:37: [SM] Exception reported: Client 3 is not in game
L 09/21/2022 - 13:05:37: [SM] Blaming: optional/l4d2_scav_fix_nm5.smx
L 09/21/2022 - 13:05:37: [SM] Call stack trace:
L 09/21/2022 - 13:05:37: [SM]   [0] GetClientAbsOrigin
L 09/21/2022 - 13:05:37: [SM]   [1] Line 76, E:\DownLoading\beifen\sourcemod-1.11.0-git6826-windows\addons\sourcemod\scripting\l4d2_scav_fix_nm5.sp::FindMisplacedCans
L 09/21/2022 - 13:05:37: [SM]   [2] Line 53, E:\DownLoading\beifen\sourcemod-1.11.0-git6826-windows\addons\sourcemod\scripting\l4d2_scav_fix_nm5.sp::ScavTimerH
L 09/21/2022 - 13:05:52: [SM] Exception reported: Client 3 is not in game
L 09/21/2022 - 13:05:52: [SM] Blaming: optional/l4d2_scav_fix_nm5.smx
L 09/21/2022 - 13:05:52: [SM] Call stack trace:
L 09/21/2022 - 13:05:52: [SM]   [0] GetClientAbsOrigin
L 09/21/2022 - 13:05:52: [SM]   [1] Line 76, E:\DownLoading\beifen\sourcemod-1.11.0-git6826-windows\addons\sourcemod\scripting\l4d2_scav_fix_nm5.sp::FindMisplacedCans
L 09/21/2022 - 13:05:52: [SM]   [2] Line 53, E:\DownLoading\beifen\sourcemod-1.11.0-git6826-windows\addons\sourcemod\scripting\l4d2_scav_fix_nm5.sp::ScavTimerH
L 09/21/2022 - 13:06:07: [SM] Exception reported: Client 3 is not in game
L 09/21/2022 - 13:06:07: [SM] Blaming: optional/l4d2_scav_fix_nm5.smx
L 09/21/2022 - 13:06:07: [SM] Call stack trace:
L 09/21/2022 - 13:06:07: [SM]   [0] GetClientAbsOrigin
L 09/21/2022 - 13:06:07: [SM]   [1] Line 76, E:\DownLoading\beifen\sourcemod-1.11.0-git6826-windows\addons\sourcemod\scripting\l4d2_scav_fix_nm5.sp::FindMisplacedCans
L 09/21/2022 - 13:06:07: [SM]   [2] Line 53, E:\DownLoading\beifen\sourcemod-1.11.0-git6826-windows\addons\sourcemod\scripting\l4d2_scav_fix_nm5.sp::ScavTimerH
L 09/21/2022 - 13:06:10: Error log file session closed.
L 09/21/2022 - 13:06:10: SourceMod error session started
L 09/21/2022 - 13:06:10: Info (map "bwm4_rooftops") (file "/root/Steam/steamapps/common/Left 4 Dead 2 Dedicated Server/left4dead2/addons/sourcemod/logs/errors_20220921.log")
L 09/21/2022 - 13:06:10: [SM] Fatal error encountered parsing translation file "lilac.phrases.txt"
L 09/21/2022 - 13:06:10: [SM] Error (line 0, column 0): Stream failed to open
L 09/21/2022 - 13:06:10: [SM] Fatal error encountered parsing translation file "cannounce.phrases.txt"
L 09/21/2022 - 13:06:10: [SM] Error (line 0, column 0): Stream failed to open
L 09/21/2022 - 13:12:22: Error log file session closed.
L 09/21/2022 - 13:12:22: SourceMod error session started
L 09/21/2022 - 13:12:22: Info (map "cedafever_m3") (file "/root/Steam/steamapps/common/Left 4 Dead 2 Dedicated Server/left4dead2/addons/sourcemod/logs/errors_20220921.log")
L 09/21/2022 - 13:12:22: [SM] Fatal error encountered parsing translation file "lilac.phrases.txt"
L 09/21/2022 - 13:12:22: [SM] Error (line 0, column 0): Stream failed to open
L 09/21/2022 - 13:12:22: [SM] Fatal error encountered parsing translation file "cannounce.phrases.txt"
L 09/21/2022 - 13:12:22: [SM] Error (line 0, column 0): Stream failed to open
L 09/21/2022 - 13:14:58: Error log file session closed.
L 09/21/2022 - 13:14:58: SourceMod error session started
L 09/21/2022 - 13:14:58: Info (map "daylighthouse") (file "/root/Steam/steamapps/common/Left 4 Dead 2 Dedicated Server/left4dead2/addons/sourcemod/logs/errors_20220921.log")
L 09/21/2022 - 13:14:58: [SM] Fatal error encountered parsing translation file "lilac.phrases.txt"
L 09/21/2022 - 13:14:58: [SM] Error (line 0, column 0): Stream failed to open
L 09/21/2022 - 13:14:58: [SM] Fatal error encountered parsing translation file "cannounce.phrases.txt"
L 09/21/2022 - 13:14:58: [SM] Error (line 0, column 0): Stream failed to open
L 09/21/2022 - 14:00:02: SourceMod error session started
L 09/21/2022 - 14:00:02: Info (map "c2m1_highway") (file "/root/Steam/steamapps/common/Left 4 Dead 2 Dedicated Server/left4dead2/addons/sourcemod/logs/errors_20220921.log")
L 09/21/2022 - 14:00:02: [SM] Unable to load extension "rip.ext": /root/Steam/steamapps/common/Left 4 Dead 2 Dedicated Server/left4dead2/addons/sourcemod/extensions/rip.ext.so: cannot open shared object file: No such file or directory
L 09/21/2022 - 14:00:02: [SM] Fatal error encountered parsing translation file "lilac.phrases.txt"
L 09/21/2022 - 14:00:02: [SM] Error (line 0, column 0): Stream failed to open
L 09/21/2022 - 14:00:02: [SM] Unable to load plugin "l4d2_playtime_interface.smx": Required extension "REST in Pawn" file("rip.ext") not running
L 09/21/2022 - 14:00:02: [SM] Unable to load plugin "Welcome.smx": Could not find required plugin "l4d2_playtime_interface"
L 09/21/2022 - 14:00:02: [SM] Fatal error encountered parsing translation file "sourcecomms.phrases.txt"
L 09/21/2022 - 14:00:02: [SM] Error (line 0, column 0): Stream failed to open
L 09/21/2022 - 14:00:02: [SM] Exception reported: Database failure: could not find database config: sourcebans
L 09/21/2022 - 14:00:02: [SM] Blaming: sbpp/sbpp_comms.smx
L 09/21/2022 - 14:00:02: [SM] Call stack trace:
L 09/21/2022 - 14:00:02: [SM]   [0] SetFailState
L 09/21/2022 - 14:00:02: [SM]   [1] Line 219, sbpp_comms.sp::OnPluginStart
L 09/21/2022 - 14:00:02: [SM] Unable to load plugin "sbpp/sbpp_comms.smx": Error detected in plugin startup (see error logs)
L 09/21/2022 - 14:00:02: [SM] Fatal error encountered parsing translation file "sourcereport.phrases.txt"
L 09/21/2022 - 14:00:02: [SM] Error (line 0, column 0): Stream failed to open
L 09/21/2022 - 14:00:02: [SM] Fatal error encountered parsing translation file "sourcesleuth.phrases.txt"
L 09/21/2022 - 14:00:02: [SM] Error (line 0, column 0): Stream failed to open
L 09/21/2022 - 14:00:02: [SM] Unable to load extension "dbi.mysql.ext": libz.so.1: cannot open shared object file: No such file or directory
L 09/21/2022 - 14:00:02: [sbpp/sbpp_sleuth.smx] SourceSleuth: Database connection error: Could not find driver "mysql"
L 09/21/2022 - 14:00:02: [SM] Exception reported: Failed to connect to SourceBans DB, Could not find driver "mysql"
L 09/21/2022 - 14:00:02: [SM] Blaming: sbpp/sbpp_checker.smx
L 09/21/2022 - 14:00:02: [SM] Call stack trace:
L 09/21/2022 - 14:00:02: [SM]   [0] SetFailState
L 09/21/2022 - 14:00:02: [SM]   [1] Line 75, sbpp_checker.sp::OnDatabaseConnected
L 09/21/2022 - 14:00:02: [SM]   [3] SQL_TConnect
L 09/21/2022 - 14:00:02: [SM]   [4] Line 58, sbpp_checker.sp::OnPluginStart
L 09/21/2022 - 14:00:02: [SM] Fatal error encountered parsing translation file "sourcebans.phrases.txt"
L 09/21/2022 - 14:00:02: [SM] Error (line 0, column 0): Stream failed to open
L 09/21/2022 - 14:00:02: [SM] Exception reported: Database failure: Could not find Database conf "sourcebans"
L 09/21/2022 - 14:00:02: [SM] Blaming: sbpp/sbpp_main.smx
L 09/21/2022 - 14:00:02: [SM] Call stack trace:
L 09/21/2022 - 14:00:02: [SM]   [0] SetFailState
L 09/21/2022 - 14:00:02: [SM]   [1] Line 216, sbpp_main.sp::OnPluginStart
L 09/21/2022 - 14:00:02: [SM] Unable to load plugin "sbpp/sbpp_main.smx": Error detected in plugin startup (see error logs)
L 09/21/2022 - 14:00:02: [SM] Fatal error encountered parsing translation file "cannounce.phrases.txt"
L 09/21/2022 - 14:00:02: [SM] Error (line 0, column 0): Stream failed to open
L 09/21/2022 - 14:01:32: SourceMod error session started
L 09/21/2022 - 14:01:32: Info (map "c2m1_highway") (file "/root/Steam/steamapps/common/Left 4 Dead 2 Dedicated Server/left4dead2/addons/sourcemod/logs/errors_20220921.log")
L 09/21/2022 - 14:01:32: [SM] Unable to load extension "rip.ext": /root/Steam/steamapps/common/Left 4 Dead 2 Dedicated Server/left4dead2/addons/sourcemod/extensions/rip.ext.so: cannot open shared object file: No such file or directory
L 09/21/2022 - 14:01:32: [SM] Fatal error encountered parsing translation file "lilac.phrases.txt"
L 09/21/2022 - 14:01:32: [SM] Error (line 0, column 0): Stream failed to open
L 09/21/2022 - 14:01:32: [SM] Unable to load plugin "l4d2_playtime_interface.smx": Required extension "REST in Pawn" file("rip.ext") not running
L 09/21/2022 - 14:01:32: [SM] Unable to load plugin "Welcome.smx": Could not find required plugin "l4d2_playtime_interface"
L 09/21/2022 - 14:01:33: [SM] Fatal error encountered parsing translation file "sourcecomms.phrases.txt"
L 09/21/2022 - 14:01:33: [SM] Error (line 0, column 0): Stream failed to open
L 09/21/2022 - 14:01:33: [SM] Exception reported: Database failure: could not find database config: sourcebans
L 09/21/2022 - 14:01:33: [SM] Blaming: sbpp/sbpp_comms.smx
L 09/21/2022 - 14:01:33: [SM] Call stack trace:
L 09/21/2022 - 14:01:33: [SM]   [0] SetFailState
L 09/21/2022 - 14:01:33: [SM]   [1] Line 219, sbpp_comms.sp::OnPluginStart
L 09/21/2022 - 14:01:33: [SM] Unable to load plugin "sbpp/sbpp_comms.smx": Error detected in plugin startup (see error logs)
L 09/21/2022 - 14:01:33: [SM] Fatal error encountered parsing translation file "sourcereport.phrases.txt"
L 09/21/2022 - 14:01:33: [SM] Error (line 0, column 0): Stream failed to open
L 09/21/2022 - 14:01:33: [SM] Fatal error encountered parsing translation file "sourcesleuth.phrases.txt"
L 09/21/2022 - 14:01:33: [SM] Error (line 0, column 0): Stream failed to open
L 09/21/2022 - 14:01:33: [SM] Unable to load extension "dbi.mysql.ext": libz.so.1: cannot open shared object file: No such file or directory
L 09/21/2022 - 14:01:33: [sbpp/sbpp_sleuth.smx] SourceSleuth: Database connection error: Could not find driver "mysql"
L 09/21/2022 - 14:01:33: [SM] Exception reported: Failed to connect to SourceBans DB, Could not find driver "mysql"
L 09/21/2022 - 14:01:33: [SM] Blaming: sbpp/sbpp_checker.smx
L 09/21/2022 - 14:01:33: [SM] Call stack trace:
L 09/21/2022 - 14:01:33: [SM]   [0] SetFailState
L 09/21/2022 - 14:01:33: [SM]   [1] Line 75, sbpp_checker.sp::OnDatabaseConnected
L 09/21/2022 - 14:01:33: [SM]   [3] SQL_TConnect
L 09/21/2022 - 14:01:33: [SM]   [4] Line 58, sbpp_checker.sp::OnPluginStart
L 09/21/2022 - 14:01:33: [SM] Fatal error encountered parsing translation file "sourcebans.phrases.txt"
L 09/21/2022 - 14:01:33: [SM] Error (line 0, column 0): Stream failed to open
L 09/21/2022 - 14:01:33: [SM] Exception reported: Database failure: Could not find Database conf "sourcebans"
L 09/21/2022 - 14:01:33: [SM] Blaming: sbpp/sbpp_main.smx
L 09/21/2022 - 14:01:33: [SM] Call stack trace:
L 09/21/2022 - 14:01:33: [SM]   [0] SetFailState
L 09/21/2022 - 14:01:33: [SM]   [1] Line 216, sbpp_main.sp::OnPluginStart
L 09/21/2022 - 14:01:33: [SM] Unable to load plugin "sbpp/sbpp_main.smx": Error detected in plugin startup (see error logs)
L 09/21/2022 - 14:01:33: [SM] Fatal error encountered parsing translation file "cannounce.phrases.txt"
L 09/21/2022 - 14:01:33: [SM] Error (line 0, column 0): Stream failed to open
L 09/21/2022 - 14:06:38: SourceMod error session started
L 09/21/2022 - 14:06:38: Info (map "c2m1_highway") (file "/root/Steam/steamapps/common/Left 4 Dead 2 Dedicated Server/left4dead2/addons/sourcemod/logs/errors_20220921.log")
L 09/21/2022 - 14:06:38: [SM] Unable to load extension "rip.ext": /root/Steam/steamapps/common/Left 4 Dead 2 Dedicated Server/left4dead2/addons/sourcemod/extensions/rip.ext.so: cannot open shared object file: No such file or directory
L 09/21/2022 - 14:06:38: [SM] Fatal error encountered parsing translation file "lilac.phrases.txt"
L 09/21/2022 - 14:06:38: [SM] Error (line 0, column 0): Stream failed to open
L 09/21/2022 - 14:06:38: [SM] Unable to load plugin "l4d2_playtime_interface.smx": Required extension "REST in Pawn" file("rip.ext") not running
L 09/21/2022 - 14:06:38: [SM] Unable to load plugin "Welcome.smx": Could not find required plugin "l4d2_playtime_interface"
L 09/21/2022 - 14:06:38: [SM] Fatal error encountered parsing translation file "sourcecomms.phrases.txt"
L 09/21/2022 - 14:06:38: [SM] Error (line 0, column 0): Stream failed to open
L 09/21/2022 - 14:06:38: [SM] Exception reported: Database failure: could not find database config: sourcebans
L 09/21/2022 - 14:06:38: [SM] Blaming: sbpp/sbpp_comms.smx
L 09/21/2022 - 14:06:38: [SM] Call stack trace:
L 09/21/2022 - 14:06:38: [SM]   [0] SetFailState
L 09/21/2022 - 14:06:38: [SM]   [1] Line 219, sbpp_comms.sp::OnPluginStart
L 09/21/2022 - 14:06:38: [SM] Unable to load plugin "sbpp/sbpp_comms.smx": Error detected in plugin startup (see error logs)
L 09/21/2022 - 14:06:38: [SM] Fatal error encountered parsing translation file "sourcereport.phrases.txt"
L 09/21/2022 - 14:06:38: [SM] Error (line 0, column 0): Stream failed to open
L 09/21/2022 - 14:06:38: [SM] Fatal error encountered parsing translation file "sourcesleuth.phrases.txt"
L 09/21/2022 - 14:06:38: [SM] Error (line 0, column 0): Stream failed to open
L 09/21/2022 - 14:06:38: [SM] Unable to load extension "dbi.mysql.ext": libz.so.1: cannot open shared object file: No such file or directory
L 09/21/2022 - 14:06:38: [sbpp/sbpp_sleuth.smx] SourceSleuth: Database connection error: Could not find driver "mysql"
L 09/21/2022 - 14:06:38: [SM] Exception reported: Failed to connect to SourceBans DB, Could not find driver "mysql"
L 09/21/2022 - 14:06:38: [SM] Blaming: sbpp/sbpp_checker.smx
L 09/21/2022 - 14:06:38: [SM] Call stack trace:
L 09/21/2022 - 14:06:38: [SM]   [0] SetFailState
L 09/21/2022 - 14:06:38: [SM]   [1] Line 75, sbpp_checker.sp::OnDatabaseConnected
L 09/21/2022 - 14:06:38: [SM]   [3] SQL_TConnect
L 09/21/2022 - 14:06:38: [SM]   [4] Line 58, sbpp_checker.sp::OnPluginStart
L 09/21/2022 - 14:06:38: [SM] Fatal error encountered parsing translation file "sourcebans.phrases.txt"
L 09/21/2022 - 14:06:38: [SM] Error (line 0, column 0): Stream failed to open
L 09/21/2022 - 14:06:38: [SM] Exception reported: Database failure: Could not find Database conf "sourcebans"
L 09/21/2022 - 14:06:38: [SM] Blaming: sbpp/sbpp_main.smx
L 09/21/2022 - 14:06:38: [SM] Call stack trace:
L 09/21/2022 - 14:06:38: [SM]   [0] SetFailState
L 09/21/2022 - 14:06:38: [SM]   [1] Line 216, sbpp_main.sp::OnPluginStart
L 09/21/2022 - 14:06:38: [SM] Unable to load plugin "sbpp/sbpp_main.smx": Error detected in plugin startup (see error logs)
L 09/21/2022 - 14:06:38: [SM] Fatal error encountered parsing translation file "cannounce.phrases.txt"
L 09/21/2022 - 14:06:38: [SM] Error (line 0, column 0): Stream failed to open
L 09/21/2022 - 14:07:47: Error log file session closed.
L 09/21/2022 - 14:07:47: SourceMod error session started
L 09/21/2022 - 14:07:47: Info (map "c8m5_rooftop") (file "/root/Steam/steamapps/common/Left 4 Dead 2 Dedicated Server/left4dead2/addons/sourcemod/logs/errors_20220921.log")
L 09/21/2022 - 14:07:47: [SM] Fatal error encountered parsing translation file "lilac.phrases.txt"
L 09/21/2022 - 14:07:47: [SM] Error (line 0, column 0): Stream failed to open
L 09/21/2022 - 14:07:47: [SM] Fatal error encountered parsing translation file "sourcecomms.phrases.txt"
L 09/21/2022 - 14:07:47: [SM] Error (line 0, column 0): Stream failed to open
L 09/21/2022 - 14:07:47: [SM] Fatal error encountered parsing translation file "sourcereport.phrases.txt"
L 09/21/2022 - 14:07:47: [SM] Error (line 0, column 0): Stream failed to open
L 09/21/2022 - 14:07:47: [SM] Fatal error encountered parsing translation file "sourcesleuth.phrases.txt"
L 09/21/2022 - 14:07:47: [SM] Error (line 0, column 0): Stream failed to open
L 09/21/2022 - 14:07:47: [SM] Fatal error encountered parsing translation file "sourcebans.phrases.txt"
L 09/21/2022 - 14:07:47: [SM] Error (line 0, column 0): Stream failed to open
L 09/21/2022 - 14:07:47: [SM] Fatal error encountered parsing translation file "cannounce.phrases.txt"
L 09/21/2022 - 14:07:47: [SM] Error (line 0, column 0): Stream failed to open
L 09/21/2022 - 14:07:47: [SM] Unable to load plugin "sbpp/sbpp_report.smx": Could not find required plugin "sourcebans++"
L 09/21/2022 - 14:07:47: [SM] Exception reported: Failed to connect to SourceBans DB, Could not find driver "mysql"
L 09/21/2022 - 14:07:47: [SM] Blaming: sbpp/sbpp_checker.smx
L 09/21/2022 - 14:07:47: [SM] Call stack trace:
L 09/21/2022 - 14:07:47: [SM]   [0] SetFailState
L 09/21/2022 - 14:07:47: [SM]   [1] Line 75, sbpp_checker.sp::OnDatabaseConnected
L 09/21/2022 - 14:07:47: [SM]   [3] SQL_TConnect
L 09/21/2022 - 14:07:47: [SM]   [4] Line 58, sbpp_checker.sp::OnPluginStart
L 09/21/2022 - 14:09:37: [SM] Exception reported: Failed to connect to SourceBans DB, Could not find driver "mysql"
L 09/21/2022 - 14:09:37: [SM] Blaming: sbpp/sbpp_checker.smx
L 09/21/2022 - 14:09:37: [SM] Call stack trace:
L 09/21/2022 - 14:09:37: [SM]   [0] SetFailState
L 09/21/2022 - 14:09:37: [SM]   [1] Line 75, sbpp_checker.sp::OnDatabaseConnected
L 09/21/2022 - 14:09:37: [SM]   [3] SQL_TConnect
L 09/21/2022 - 14:09:37: [SM]   [4] Line 58, sbpp_checker.sp::OnPluginStart
L 09/21/2022 - 14:09:37: [SM] Exception reported: Database failure: Could not find Database conf "sourcebans"
L 09/21/2022 - 14:09:37: [SM] Blaming: sbpp/sbpp_main.smx
L 09/21/2022 - 14:09:37: [SM] Call stack trace:
L 09/21/2022 - 14:09:37: [SM]   [0] SetFailState
L 09/21/2022 - 14:09:37: [SM]   [1] Line 216, sbpp_main.sp::OnPluginStart
L 09/21/2022 - 14:09:37: [sbpp/sbpp_sleuth.smx] SourceSleuth: Database connection error: Could not find driver "mysql"
L 09/21/2022 - 14:09:37: [confoglcompmod.smx] [Confogl] CvarSettings: Could not find CVar specified (confogl_ghost_warp)
L 09/21/2022 - 14:09:37: [confoglcompmod.smx] [Confogl] CvarSettings: Could not find CVar specified (tankcontrol_print_all)
L 09/21/2022 - 14:09:37: [confoglcompmod.smx] [Confogl] CvarSettings: Could not find CVar specified (l4d2_antibaiter_delay)
L 09/21/2022 - 14:09:37: [confoglcompmod.smx] [Confogl] CvarSettings: Could not find CVar specified (l4d2_antibaiter_horde_timer)
L 09/21/2022 - 14:09:37: [confoglcompmod.smx] [Confogl] CvarSettings: Could not find CVar specified (l4d2_antibaiter_progress)
L 09/21/2022 - 14:09:37: [confoglcompmod.smx] [Confogl] CvarSettings: Could not find CVar specified (l4d2_MITSR_Pitchfork)
L 09/21/2022 - 14:09:37: [confoglcompmod.smx] [Confogl] CvarSettings: Could not find CVar specified (l4d2_MITSR_Shovel)
L 09/21/2022 - 14:09:37: [confoglcompmod.smx] [Confogl] CvarSettings: Could not find CVar specified (longer_tank_punch_getup)
L 09/21/2022 - 14:09:37: [confoglcompmod.smx] [Confogl] CvarSettings: Could not find CVar specified (l4d_equalise_alarm_cars)
L 09/21/2022 - 14:09:37: [confoglcompmod.smx] [Confogl] CvarSettings: Could not find CVar specified (l4d2_reload_speed_uzi)
L 09/21/2022 - 14:09:37: [confoglcompmod.smx] [Confogl] CvarSettings: Could not find CVar specified (l4d2_reload_speed_silenced_smg)
L 09/21/2022 - 14:09:37: [confoglcompmod.smx] [Confogl] CvarSettings: Could not find CVar specified (l4d2_reload_speed_mp5)
L 09/21/2022 - 14:09:37: [confoglcompmod.smx] [Confogl] CvarSettings: Could not find CVar specified (l4d2_reload_speed_scout)
L 09/21/2022 - 14:09:38: [confoglcompmod.smx] [Confogl] CvarSettings: Could not find CVar specified (sm2_bonus_per_survivor_multiplier)
L 09/21/2022 - 14:09:38: [confoglcompmod.smx] [Confogl] CvarSettings: Could not find CVar specified (sm2_permament_health_proportion)
L 09/21/2022 - 14:09:38: [confoglcompmod.smx] [Confogl] CvarSettings: Could not find CVar specified (sm2_pills_hp_factor)
L 09/21/2022 - 14:09:38: [confoglcompmod.smx] [Confogl] CvarSettings: Could not find CVar specified (sm2_pills_max_bonus)
L 09/21/2022 - 14:09:38: [confoglcompmod.smx] [Confogl] CvarSettings: Attempt to track ConVar l4d2_MITSR_Amount, which is already being tracked.
L 09/21/2022 - 14:09:38: [confoglcompmod.smx] [Confogl] CvarSettings: Attempt to track ConVar l4d2_MITSR_FireAxe, which is already being tracked.
L 09/21/2022 - 14:09:38: [confoglcompmod.smx] [Confogl] CvarSettings: Attempt to track ConVar l4d2_MITSR_BaseballBat, which is already being tracked.
L 09/21/2022 - 14:09:41: Error log file session closed.
L 09/21/2022 - 14:09:41: SourceMod error session started
L 09/21/2022 - 14:09:41: Info (map "c8m5_rooftop") (file "/root/Steam/steamapps/common/Left 4 Dead 2 Dedicated Server/left4dead2/addons/sourcemod/logs/errors_20220921.log")
L 09/21/2022 - 14:09:41: [SM] Fatal error encountered parsing translation file "lilac.phrases.txt"
L 09/21/2022 - 14:09:41: [SM] Error (line 0, column 0): Stream failed to open
L 09/21/2022 - 14:09:41: [SM] Fatal error encountered parsing translation file "sourcecomms.phrases.txt"
L 09/21/2022 - 14:09:41: [SM] Error (line 0, column 0): Stream failed to open
L 09/21/2022 - 14:09:41: [SM] Fatal error encountered parsing translation file "sourcereport.phrases.txt"
L 09/21/2022 - 14:09:41: [SM] Error (line 0, column 0): Stream failed to open
L 09/21/2022 - 14:09:41: [SM] Fatal error encountered parsing translation file "sourcesleuth.phrases.txt"
L 09/21/2022 - 14:09:41: [SM] Error (line 0, column 0): Stream failed to open
L 09/21/2022 - 14:09:41: [SM] Fatal error encountered parsing translation file "sourcebans.phrases.txt"
L 09/21/2022 - 14:09:41: [SM] Error (line 0, column 0): Stream failed to open
L 09/21/2022 - 14:09:41: [SM] Fatal error encountered parsing translation file "cannounce.phrases.txt"
L 09/21/2022 - 14:09:41: [SM] Error (line 0, column 0): Stream failed to open
L 09/21/2022 - 14:09:57: [SM] Exception reported: Client 5 is not in game
L 09/21/2022 - 14:09:57: [SM] Blaming: optional/l4d2_scav_fix_nm5.smx
L 09/21/2022 - 14:09:57: [SM] Call stack trace:
L 09/21/2022 - 14:09:57: [SM]   [0] GetClientAbsOrigin
L 09/21/2022 - 14:09:57: [SM]   [1] Line 76, E:\DownLoading\beifen\sourcemod-1.11.0-git6826-windows\addons\sourcemod\scripting\l4d2_scav_fix_nm5.sp::FindMisplacedCans
L 09/21/2022 - 14:09:57: [SM]   [2] Line 53, E:\DownLoading\beifen\sourcemod-1.11.0-git6826-windows\addons\sourcemod\scripting\l4d2_scav_fix_nm5.sp::ScavTimerH
L 09/21/2022 - 14:10:12: [SM] Exception reported: Client 5 is not in game
L 09/21/2022 - 14:10:12: [SM] Blaming: optional/l4d2_scav_fix_nm5.smx
L 09/21/2022 - 14:10:12: [SM] Call stack trace:
L 09/21/2022 - 14:10:12: [SM]   [0] GetClientAbsOrigin
L 09/21/2022 - 14:10:12: [SM]   [1] Line 76, E:\DownLoading\beifen\sourcemod-1.11.0-git6826-windows\addons\sourcemod\scripting\l4d2_scav_fix_nm5.sp::FindMisplacedCans
L 09/21/2022 - 14:10:12: [SM]   [2] Line 53, E:\DownLoading\beifen\sourcemod-1.11.0-git6826-windows\addons\sourcemod\scripting\l4d2_scav_fix_nm5.sp::ScavTimerH
L 09/21/2022 - 14:10:27: [SM] Exception reported: Client 5 is not in game
L 09/21/2022 - 14:10:27: [SM] Blaming: optional/l4d2_scav_fix_nm5.smx
L 09/21/2022 - 14:10:27: [SM] Call stack trace:
L 09/21/2022 - 14:10:27: [SM]   [0] GetClientAbsOrigin
L 09/21/2022 - 14:10:27: [SM]   [1] Line 76, E:\DownLoading\beifen\sourcemod-1.11.0-git6826-windows\addons\sourcemod\scripting\l4d2_scav_fix_nm5.sp::FindMisplacedCans
L 09/21/2022 - 14:10:27: [SM]   [2] Line 53, E:\DownLoading\beifen\sourcemod-1.11.0-git6826-windows\addons\sourcemod\scripting\l4d2_scav_fix_nm5.sp::ScavTimerH
L 09/21/2022 - 14:10:42: [SM] Exception reported: Client 5 is not in game
L 09/21/2022 - 14:10:42: [SM] Blaming: optional/l4d2_scav_fix_nm5.smx
L 09/21/2022 - 14:10:42: [SM] Call stack trace:
L 09/21/2022 - 14:10:42: [SM]   [0] GetClientAbsOrigin
L 09/21/2022 - 14:10:42: [SM]   [1] Line 76, E:\DownLoading\beifen\sourcemod-1.11.0-git6826-windows\addons\sourcemod\scripting\l4d2_scav_fix_nm5.sp::FindMisplacedCans
L 09/21/2022 - 14:10:42: [SM]   [2] Line 53, E:\DownLoading\beifen\sourcemod-1.11.0-git6826-windows\addons\sourcemod\scripting\l4d2_scav_fix_nm5.sp::ScavTimerH
L 09/21/2022 - 14:10:57: [SM] Exception reported: Client 5 is not in game
L 09/21/2022 - 14:10:57: [SM] Blaming: optional/l4d2_scav_fix_nm5.smx
L 09/21/2022 - 14:10:57: [SM] Call stack trace:
L 09/21/2022 - 14:10:57: [SM]   [0] GetClientAbsOrigin
L 09/21/2022 - 14:10:57: [SM]   [1] Line 76, E:\DownLoading\beifen\sourcemod-1.11.0-git6826-windows\addons\sourcemod\scripting\l4d2_scav_fix_nm5.sp::FindMisplacedCans
L 09/21/2022 - 14:10:57: [SM]   [2] Line 53, E:\DownLoading\beifen\sourcemod-1.11.0-git6826-windows\addons\sourcemod\scripting\l4d2_scav_fix_nm5.sp::ScavTimerH
L 09/21/2022 - 14:11:12: [SM] Exception reported: Client 5 is not in game
L 09/21/2022 - 14:11:12: [SM] Blaming: optional/l4d2_scav_fix_nm5.smx
L 09/21/2022 - 14:11:12: [SM] Call stack trace:
L 09/21/2022 - 14:11:12: [SM]   [0] GetClientAbsOrigin
L 09/21/2022 - 14:11:12: [SM]   [1] Line 76, E:\DownLoading\beifen\sourcemod-1.11.0-git6826-windows\addons\sourcemod\scripting\l4d2_scav_fix_nm5.sp::FindMisplacedCans
L 09/21/2022 - 14:11:12: [SM]   [2] Line 53, E:\DownLoading\beifen\sourcemod-1.11.0-git6826-windows\addons\sourcemod\scripting\l4d2_scav_fix_nm5.sp::ScavTimerH
L 09/21/2022 - 14:11:27: [SM] Exception reported: Client 5 is not in game
L 09/21/2022 - 14:11:27: [SM] Blaming: optional/l4d2_scav_fix_nm5.smx
L 09/21/2022 - 14:11:27: [SM] Call stack trace:
L 09/21/2022 - 14:11:27: [SM]   [0] GetClientAbsOrigin
L 09/21/2022 - 14:11:27: [SM]   [1] Line 76, E:\DownLoading\beifen\sourcemod-1.11.0-git6826-windows\addons\sourcemod\scripting\l4d2_scav_fix_nm5.sp::FindMisplacedCans
L 09/21/2022 - 14:11:27: [SM]   [2] Line 53, E:\DownLoading\beifen\sourcemod-1.11.0-git6826-windows\addons\sourcemod\scripting\l4d2_scav_fix_nm5.sp::ScavTimerH
L 09/21/2022 - 14:11:42: [SM] Exception reported: Client 5 is not in game
L 09/21/2022 - 14:11:42: [SM] Blaming: optional/l4d2_scav_fix_nm5.smx
L 09/21/2022 - 14:11:42: [SM] Call stack trace:
L 09/21/2022 - 14:11:42: [SM]   [0] GetClientAbsOrigin
L 09/21/2022 - 14:11:42: [SM]   [1] Line 76, E:\DownLoading\beifen\sourcemod-1.11.0-git6826-windows\addons\sourcemod\scripting\l4d2_scav_fix_nm5.sp::FindMisplacedCans
L 09/21/2022 - 14:11:42: [SM]   [2] Line 53, E:\DownLoading\beifen\sourcemod-1.11.0-git6826-windows\addons\sourcemod\scripting\l4d2_scav_fix_nm5.sp::ScavTimerH
L 09/21/2022 - 14:11:57: [SM] Exception reported: Client 5 is not in game
L 09/21/2022 - 14:11:57: [SM] Blaming: optional/l4d2_scav_fix_nm5.smx
L 09/21/2022 - 14:11:57: [SM] Call stack trace:
L 09/21/2022 - 14:11:57: [SM]   [0] GetClientAbsOrigin
L 09/21/2022 - 14:11:57: [SM]   [1] Line 76, E:\DownLoading\beifen\sourcemod-1.11.0-git6826-windows\addons\sourcemod\scripting\l4d2_scav_fix_nm5.sp::FindMisplacedCans
L 09/21/2022 - 14:11:57: [SM]   [2] Line 53, E:\DownLoading\beifen\sourcemod-1.11.0-git6826-windows\addons\sourcemod\scripting\l4d2_scav_fix_nm5.sp::ScavTimerH
L 09/21/2022 - 14:12:12: [SM] Exception reported: Client 5 is not in game
L 09/21/2022 - 14:12:12: [SM] Blaming: optional/l4d2_scav_fix_nm5.smx
L 09/21/2022 - 14:12:12: [SM] Call stack trace:
L 09/21/2022 - 14:12:12: [SM]   [0] GetClientAbsOrigin
L 09/21/2022 - 14:12:12: [SM]   [1] Line 76, E:\DownLoading\beifen\sourcemod-1.11.0-git6826-windows\addons\sourcemod\scripting\l4d2_scav_fix_nm5.sp::FindMisplacedCans
L 09/21/2022 - 14:12:12: [SM]   [2] Line 53, E:\DownLoading\beifen\sourcemod-1.11.0-git6826-windows\addons\sourcemod\scripting\l4d2_scav_fix_nm5.sp::ScavTimerH
L 09/21/2022 - 14:12:27: [SM] Exception reported: Client 5 is not in game
L 09/21/2022 - 14:12:27: [SM] Blaming: optional/l4d2_scav_fix_nm5.smx
L 09/21/2022 - 14:12:27: [SM] Call stack trace:
L 09/21/2022 - 14:12:27: [SM]   [0] GetClientAbsOrigin
L 09/21/2022 - 14:12:27: [SM]   [1] Line 76, E:\DownLoading\beifen\sourcemod-1.11.0-git6826-windows\addons\sourcemod\scripting\l4d2_scav_fix_nm5.sp::FindMisplacedCans
L 09/21/2022 - 14:12:27: [SM]   [2] Line 53, E:\DownLoading\beifen\sourcemod-1.11.0-git6826-windows\addons\sourcemod\scripting\l4d2_scav_fix_nm5.sp::ScavTimerH
L 09/21/2022 - 14:12:42: [SM] Exception reported: Client 5 is not in game
L 09/21/2022 - 14:12:42: [SM] Blaming: optional/l4d2_scav_fix_nm5.smx
L 09/21/2022 - 14:12:42: [SM] Call stack trace:
L 09/21/2022 - 14:12:42: [SM]   [0] GetClientAbsOrigin
L 09/21/2022 - 14:12:42: [SM]   [1] Line 76, E:\DownLoading\beifen\sourcemod-1.11.0-git6826-windows\addons\sourcemod\scripting\l4d2_scav_fix_nm5.sp::FindMisplacedCans
L 09/21/2022 - 14:12:42: [SM]   [2] Line 53, E:\DownLoading\beifen\sourcemod-1.11.0-git6826-windows\addons\sourcemod\scripting\l4d2_scav_fix_nm5.sp::ScavTimerH
L 09/21/2022 - 14:12:57: [SM] Exception reported: Client 5 is not in game
L 09/21/2022 - 14:12:57: [SM] Blaming: optional/l4d2_scav_fix_nm5.smx
L 09/21/2022 - 14:12:57: [SM] Call stack trace:
L 09/21/2022 - 14:12:57: [SM]   [0] GetClientAbsOrigin
L 09/21/2022 - 14:12:57: [SM]   [1] Line 76, E:\DownLoading\beifen\sourcemod-1.11.0-git6826-windows\addons\sourcemod\scripting\l4d2_scav_fix_nm5.sp::FindMisplacedCans
L 09/21/2022 - 14:12:57: [SM]   [2] Line 53, E:\DownLoading\beifen\sourcemod-1.11.0-git6826-windows\addons\sourcemod\scripting\l4d2_scav_fix_nm5.sp::ScavTimerH
L 09/21/2022 - 14:13:12: [SM] Exception reported: Client 5 is not in game
L 09/21/2022 - 14:13:12: [SM] Blaming: optional/l4d2_scav_fix_nm5.smx
L 09/21/2022 - 14:13:12: [SM] Call stack trace:
L 09/21/2022 - 14:13:12: [SM]   [0] GetClientAbsOrigin
L 09/21/2022 - 14:13:12: [SM]   [1] Line 76, E:\DownLoading\beifen\sourcemod-1.11.0-git6826-windows\addons\sourcemod\scripting\l4d2_scav_fix_nm5.sp::FindMisplacedCans
L 09/21/2022 - 14:13:12: [SM]   [2] Line 53, E:\DownLoading\beifen\sourcemod-1.11.0-git6826-windows\addons\sourcemod\scripting\l4d2_scav_fix_nm5.sp::ScavTimerH
L 09/21/2022 - 14:13:27: [SM] Exception reported: Client 5 is not in game
L 09/21/2022 - 14:13:27: [SM] Blaming: optional/l4d2_scav_fix_nm5.smx
L 09/21/2022 - 14:13:27: [SM] Call stack trace:
L 09/21/2022 - 14:13:27: [SM]   [0] GetClientAbsOrigin
L 09/21/2022 - 14:13:27: [SM]   [1] Line 76, E:\DownLoading\beifen\sourcemod-1.11.0-git6826-windows\addons\sourcemod\scripting\l4d2_scav_fix_nm5.sp::FindMisplacedCans
L 09/21/2022 - 14:13:27: [SM]   [2] Line 53, E:\DownLoading\beifen\sourcemod-1.11.0-git6826-windows\addons\sourcemod\scripting\l4d2_scav_fix_nm5.sp::ScavTimerH
L 09/21/2022 - 14:13:42: [SM] Exception reported: Client 5 is not in game
L 09/21/2022 - 14:13:42: [SM] Blaming: optional/l4d2_scav_fix_nm5.smx
L 09/21/2022 - 14:13:42: [SM] Call stack trace:
L 09/21/2022 - 14:13:42: [SM]   [0] GetClientAbsOrigin
L 09/21/2022 - 14:13:42: [SM]   [1] Line 76, E:\DownLoading\beifen\sourcemod-1.11.0-git6826-windows\addons\sourcemod\scripting\l4d2_scav_fix_nm5.sp::FindMisplacedCans
L 09/21/2022 - 14:13:42: [SM]   [2] Line 53, E:\DownLoading\beifen\sourcemod-1.11.0-git6826-windows\addons\sourcemod\scripting\l4d2_scav_fix_nm5.sp::ScavTimerH
L 09/21/2022 - 14:13:57: [SM] Exception reported: Client 5 is not in game
L 09/21/2022 - 14:13:57: [SM] Blaming: optional/l4d2_scav_fix_nm5.smx
L 09/21/2022 - 14:13:57: [SM] Call stack trace:
L 09/21/2022 - 14:13:57: [SM]   [0] GetClientAbsOrigin
L 09/21/2022 - 14:13:57: [SM]   [1] Line 76, E:\DownLoading\beifen\sourcemod-1.11.0-git6826-windows\addons\sourcemod\scripting\l4d2_scav_fix_nm5.sp::FindMisplacedCans
L 09/21/2022 - 14:13:57: [SM]   [2] Line 53, E:\DownLoading\beifen\sourcemod-1.11.0-git6826-windows\addons\sourcemod\scripting\l4d2_scav_fix_nm5.sp::ScavTimerH
L 09/21/2022 - 14:14:12: [SM] Exception reported: Client 5 is not in game
L 09/21/2022 - 14:14:12: [SM] Blaming: optional/l4d2_scav_fix_nm5.smx
L 09/21/2022 - 14:14:12: [SM] Call stack trace:
L 09/21/2022 - 14:14:12: [SM]   [0] GetClientAbsOrigin
L 09/21/2022 - 14:14:12: [SM]   [1] Line 76, E:\DownLoading\beifen\sourcemod-1.11.0-git6826-windows\addons\sourcemod\scripting\l4d2_scav_fix_nm5.sp::FindMisplacedCans
L 09/21/2022 - 14:14:12: [SM]   [2] Line 53, E:\DownLoading\beifen\sourcemod-1.11.0-git6826-windows\addons\sourcemod\scripting\l4d2_scav_fix_nm5.sp::ScavTimerH
L 09/21/2022 - 14:14:27: [SM] Exception reported: Client 5 is not in game
L 09/21/2022 - 14:14:27: [SM] Blaming: optional/l4d2_scav_fix_nm5.smx
L 09/21/2022 - 14:14:27: [SM] Call stack trace:
L 09/21/2022 - 14:14:27: [SM]   [0] GetClientAbsOrigin
L 09/21/2022 - 14:14:27: [SM]   [1] Line 76, E:\DownLoading\beifen\sourcemod-1.11.0-git6826-windows\addons\sourcemod\scripting\l4d2_scav_fix_nm5.sp::FindMisplacedCans
L 09/21/2022 - 14:14:27: [SM]   [2] Line 53, E:\DownLoading\beifen\sourcemod-1.11.0-git6826-windows\addons\sourcemod\scripting\l4d2_scav_fix_nm5.sp::ScavTimerH
L 09/21/2022 - 14:14:42: [SM] Exception reported: Client 5 is not in game
L 09/21/2022 - 14:14:42: [SM] Blaming: optional/l4d2_scav_fix_nm5.smx
L 09/21/2022 - 14:14:42: [SM] Call stack trace:
L 09/21/2022 - 14:14:42: [SM]   [0] GetClientAbsOrigin
L 09/21/2022 - 14:14:42: [SM]   [1] Line 76, E:\DownLoading\beifen\sourcemod-1.11.0-git6826-windows\addons\sourcemod\scripting\l4d2_scav_fix_nm5.sp::FindMisplacedCans
L 09/21/2022 - 14:14:42: [SM]   [2] Line 53, E:\DownLoading\beifen\sourcemod-1.11.0-git6826-windows\addons\sourcemod\scripting\l4d2_scav_fix_nm5.sp::ScavTimerH
L 09/21/2022 - 14:14:57: [SM] Exception reported: Client 5 is not in game
L 09/21/2022 - 14:14:57: [SM] Blaming: optional/l4d2_scav_fix_nm5.smx
L 09/21/2022 - 14:14:57: [SM] Call stack trace:
L 09/21/2022 - 14:14:57: [SM]   [0] GetClientAbsOrigin
L 09/21/2022 - 14:14:57: [SM]   [1] Line 76, E:\DownLoading\beifen\sourcemod-1.11.0-git6826-windows\addons\sourcemod\scripting\l4d2_scav_fix_nm5.sp::FindMisplacedCans
L 09/21/2022 - 14:14:57: [SM]   [2] Line 53, E:\DownLoading\beifen\sourcemod-1.11.0-git6826-windows\addons\sourcemod\scripting\l4d2_scav_fix_nm5.sp::ScavTimerH
L 09/21/2022 - 14:15:12: [SM] Exception reported: Client 5 is not in game
L 09/21/2022 - 14:15:12: [SM] Blaming: optional/l4d2_scav_fix_nm5.smx
L 09/21/2022 - 14:15:12: [SM] Call stack trace:
L 09/21/2022 - 14:15:12: [SM]   [0] GetClientAbsOrigin
L 09/21/2022 - 14:15:12: [SM]   [1] Line 76, E:\DownLoading\beifen\sourcemod-1.11.0-git6826-windows\addons\sourcemod\scripting\l4d2_scav_fix_nm5.sp::FindMisplacedCans
L 09/21/2022 - 14:15:12: [SM]   [2] Line 53, E:\DownLoading\beifen\sourcemod-1.11.0-git6826-windows\addons\sourcemod\scripting\l4d2_scav_fix_nm5.sp::ScavTimerH
L 09/21/2022 - 14:15:27: [SM] Exception reported: Client 5 is not in game
L 09/21/2022 - 14:15:27: [SM] Blaming: optional/l4d2_scav_fix_nm5.smx
L 09/21/2022 - 14:15:27: [SM] Call stack trace:
L 09/21/2022 - 14:15:27: [SM]   [0] GetClientAbsOrigin
L 09/21/2022 - 14:15:27: [SM]   [1] Line 76, E:\DownLoading\beifen\sourcemod-1.11.0-git6826-windows\addons\sourcemod\scripting\l4d2_scav_fix_nm5.sp::FindMisplacedCans
L 09/21/2022 - 14:15:27: [SM]   [2] Line 53, E:\DownLoading\beifen\sourcemod-1.11.0-git6826-windows\addons\sourcemod\scripting\l4d2_scav_fix_nm5.sp::ScavTimerH
L 09/21/2022 - 14:15:42: [SM] Exception reported: Client 5 is not in game
L 09/21/2022 - 14:15:42: [SM] Blaming: optional/l4d2_scav_fix_nm5.smx
L 09/21/2022 - 14:15:42: [SM] Call stack trace:
L 09/21/2022 - 14:15:42: [SM]   [0] GetClientAbsOrigin
L 09/21/2022 - 14:15:42: [SM]   [1] Line 76, E:\DownLoading\beifen\sourcemod-1.11.0-git6826-windows\addons\sourcemod\scripting\l4d2_scav_fix_nm5.sp::FindMisplacedCans
L 09/21/2022 - 14:15:42: [SM]   [2] Line 53, E:\DownLoading\beifen\sourcemod-1.11.0-git6826-windows\addons\sourcemod\scripting\l4d2_scav_fix_nm5.sp::ScavTimerH
L 09/21/2022 - 14:15:57: [SM] Exception reported: Client 5 is not in game
L 09/21/2022 - 14:15:57: [SM] Blaming: optional/l4d2_scav_fix_nm5.smx
L 09/21/2022 - 14:15:57: [SM] Call stack trace:
L 09/21/2022 - 14:15:57: [SM]   [0] GetClientAbsOrigin
L 09/21/2022 - 14:15:57: [SM]   [1] Line 76, E:\DownLoading\beifen\sourcemod-1.11.0-git6826-windows\addons\sourcemod\scripting\l4d2_scav_fix_nm5.sp::FindMisplacedCans
L 09/21/2022 - 14:15:57: [SM]   [2] Line 53, E:\DownLoading\beifen\sourcemod-1.11.0-git6826-windows\addons\sourcemod\scripting\l4d2_scav_fix_nm5.sp::ScavTimerH
L 09/21/2022 - 14:16:12: [SM] Exception reported: Client 5 is not in game
L 09/21/2022 - 14:16:12: [SM] Blaming: optional/l4d2_scav_fix_nm5.smx
L 09/21/2022 - 14:16:12: [SM] Call stack trace:
L 09/21/2022 - 14:16:12: [SM]   [0] GetClientAbsOrigin
L 09/21/2022 - 14:16:12: [SM]   [1] Line 76, E:\DownLoading\beifen\sourcemod-1.11.0-git6826-windows\addons\sourcemod\scripting\l4d2_scav_fix_nm5.sp::FindMisplacedCans
L 09/21/2022 - 14:16:12: [SM]   [2] Line 53, E:\DownLoading\beifen\sourcemod-1.11.0-git6826-windows\addons\sourcemod\scripting\l4d2_scav_fix_nm5.sp::ScavTimerH
L 09/21/2022 - 14:16:27: [SM] Exception reported: Client 5 is not in game
L 09/21/2022 - 14:16:27: [SM] Blaming: optional/l4d2_scav_fix_nm5.smx
L 09/21/2022 - 14:16:27: [SM] Call stack trace:
L 09/21/2022 - 14:16:27: [SM]   [0] GetClientAbsOrigin
L 09/21/2022 - 14:16:27: [SM]   [1] Line 76, E:\DownLoading\beifen\sourcemod-1.11.0-git6826-windows\addons\sourcemod\scripting\l4d2_scav_fix_nm5.sp::FindMisplacedCans
L 09/21/2022 - 14:16:27: [SM]   [2] Line 53, E:\DownLoading\beifen\sourcemod-1.11.0-git6826-windows\addons\sourcemod\scripting\l4d2_scav_fix_nm5.sp::ScavTimerH
L 09/21/2022 - 14:16:42: [SM] Exception reported: Client 5 is not in game
L 09/21/2022 - 14:16:42: [SM] Blaming: optional/l4d2_scav_fix_nm5.smx
L 09/21/2022 - 14:16:42: [SM] Call stack trace:
L 09/21/2022 - 14:16:42: [SM]   [0] GetClientAbsOrigin
L 09/21/2022 - 14:16:42: [SM]   [1] Line 76, E:\DownLoading\beifen\sourcemod-1.11.0-git6826-windows\addons\sourcemod\scripting\l4d2_scav_fix_nm5.sp::FindMisplacedCans
L 09/21/2022 - 14:16:42: [SM]   [2] Line 53, E:\DownLoading\beifen\sourcemod-1.11.0-git6826-windows\addons\sourcemod\scripting\l4d2_scav_fix_nm5.sp::ScavTimerH
L 09/21/2022 - 14:16:57: [SM] Exception reported: Client 5 is not in game
L 09/21/2022 - 14:16:57: [SM] Blaming: optional/l4d2_scav_fix_nm5.smx
L 09/21/2022 - 14:16:57: [SM] Call stack trace:
L 09/21/2022 - 14:16:57: [SM]   [0] GetClientAbsOrigin
L 09/21/2022 - 14:16:57: [SM]   [1] Line 76, E:\DownLoading\beifen\sourcemod-1.11.0-git6826-windows\addons\sourcemod\scripting\l4d2_scav_fix_nm5.sp::FindMisplacedCans
L 09/21/2022 - 14:16:57: [SM]   [2] Line 53, E:\DownLoading\beifen\sourcemod-1.11.0-git6826-windows\addons\sourcemod\scripting\l4d2_scav_fix_nm5.sp::ScavTimerH
L 09/21/2022 - 14:17:12: [SM] Exception reported: Client 5 is not in game
L 09/21/2022 - 14:17:12: [SM] Blaming: optional/l4d2_scav_fix_nm5.smx
L 09/21/2022 - 14:17:12: [SM] Call stack trace:
L 09/21/2022 - 14:17:12: [SM]   [0] GetClientAbsOrigin
L 09/21/2022 - 14:17:12: [SM]   [1] Line 76, E:\DownLoading\beifen\sourcemod-1.11.0-git6826-windows\addons\sourcemod\scripting\l4d2_scav_fix_nm5.sp::FindMisplacedCans
L 09/21/2022 - 14:17:12: [SM]   [2] Line 53, E:\DownLoading\beifen\sourcemod-1.11.0-git6826-windows\addons\sourcemod\scripting\l4d2_scav_fix_nm5.sp::ScavTimerH
L 09/21/2022 - 14:17:27: [SM] Exception reported: Client 5 is not in game
L 09/21/2022 - 14:17:27: [SM] Blaming: optional/l4d2_scav_fix_nm5.smx
L 09/21/2022 - 14:17:27: [SM] Call stack trace:
L 09/21/2022 - 14:17:27: [SM]   [0] GetClientAbsOrigin
L 09/21/2022 - 14:17:27: [SM]   [1] Line 76, E:\DownLoading\beifen\sourcemod-1.11.0-git6826-windows\addons\sourcemod\scripting\l4d2_scav_fix_nm5.sp::FindMisplacedCans
L 09/21/2022 - 14:17:27: [SM]   [2] Line 53, E:\DownLoading\beifen\sourcemod-1.11.0-git6826-windows\addons\sourcemod\scripting\l4d2_scav_fix_nm5.sp::ScavTimerH
L 09/21/2022 - 14:17:42: [SM] Exception reported: Client 5 is not in game
L 09/21/2022 - 14:17:42: [SM] Blaming: optional/l4d2_scav_fix_nm5.smx
L 09/21/2022 - 14:17:42: [SM] Call stack trace:
L 09/21/2022 - 14:17:42: [SM]   [0] GetClientAbsOrigin
L 09/21/2022 - 14:17:42: [SM]   [1] Line 76, E:\DownLoading\beifen\sourcemod-1.11.0-git6826-windows\addons\sourcemod\scripting\l4d2_scav_fix_nm5.sp::FindMisplacedCans
L 09/21/2022 - 14:17:42: [SM]   [2] Line 53, E:\DownLoading\beifen\sourcemod-1.11.0-git6826-windows\addons\sourcemod\scripting\l4d2_scav_fix_nm5.sp::ScavTimerH
L 09/21/2022 - 14:17:57: [SM] Exception reported: Client 5 is not in game
L 09/21/2022 - 14:17:57: [SM] Blaming: optional/l4d2_scav_fix_nm5.smx
L 09/21/2022 - 14:17:57: [SM] Call stack trace:
L 09/21/2022 - 14:17:57: [SM]   [0] GetClientAbsOrigin
L 09/21/2022 - 14:17:57: [SM]   [1] Line 76, E:\DownLoading\beifen\sourcemod-1.11.0-git6826-windows\addons\sourcemod\scripting\l4d2_scav_fix_nm5.sp::FindMisplacedCans
L 09/21/2022 - 14:17:57: [SM]   [2] Line 53, E:\DownLoading\beifen\sourcemod-1.11.0-git6826-windows\addons\sourcemod\scripting\l4d2_scav_fix_nm5.sp::ScavTimerH
L 09/21/2022 - 14:18:12: [SM] Exception reported: Client 5 is not in game
L 09/21/2022 - 14:18:12: [SM] Blaming: optional/l4d2_scav_fix_nm5.smx
L 09/21/2022 - 14:18:12: [SM] Call stack trace:
L 09/21/2022 - 14:18:12: [SM]   [0] GetClientAbsOrigin
L 09/21/2022 - 14:18:12: [SM]   [1] Line 76, E:\DownLoading\beifen\sourcemod-1.11.0-git6826-windows\addons\sourcemod\scripting\l4d2_scav_fix_nm5.sp::FindMisplacedCans
L 09/21/2022 - 14:18:12: [SM]   [2] Line 53, E:\DownLoading\beifen\sourcemod-1.11.0-git6826-windows\addons\sourcemod\scripting\l4d2_scav_fix_nm5.sp::ScavTimerH
L 09/21/2022 - 14:18:27: [SM] Exception reported: Client 2 is not in game
L 09/21/2022 - 14:18:27: [SM] Blaming: optional/l4d2_scav_fix_nm5.smx
L 09/21/2022 - 14:18:27: [SM] Call stack trace:
L 09/21/2022 - 14:18:27: [SM]   [0] GetClientAbsOrigin
L 09/21/2022 - 14:18:27: [SM]   [1] Line 76, E:\DownLoading\beifen\sourcemod-1.11.0-git6826-windows\addons\sourcemod\scripting\l4d2_scav_fix_nm5.sp::FindMisplacedCans
L 09/21/2022 - 14:18:27: [SM]   [2] Line 53, E:\DownLoading\beifen\sourcemod-1.11.0-git6826-windows\addons\sourcemod\scripting\l4d2_scav_fix_nm5.sp::ScavTimerH
L 09/21/2022 - 14:18:42: [SM] Exception reported: Client 2 is not in game
L 09/21/2022 - 14:18:42: [SM] Blaming: optional/l4d2_scav_fix_nm5.smx
L 09/21/2022 - 14:18:42: [SM] Call stack trace:
L 09/21/2022 - 14:18:42: [SM]   [0] GetClientAbsOrigin
L 09/21/2022 - 14:18:42: [SM]   [1] Line 76, E:\DownLoading\beifen\sourcemod-1.11.0-git6826-windows\addons\sourcemod\scripting\l4d2_scav_fix_nm5.sp::FindMisplacedCans
L 09/21/2022 - 14:18:42: [SM]   [2] Line 53, E:\DownLoading\beifen\sourcemod-1.11.0-git6826-windows\addons\sourcemod\scripting\l4d2_scav_fix_nm5.sp::ScavTimerH
L 09/21/2022 - 14:18:57: [SM] Exception reported: Client 2 is not in game
L 09/21/2022 - 14:18:57: [SM] Blaming: optional/l4d2_scav_fix_nm5.smx
L 09/21/2022 - 14:18:57: [SM] Call stack trace:
L 09/21/2022 - 14:18:57: [SM]   [0] GetClientAbsOrigin
L 09/21/2022 - 14:18:57: [SM]   [1] Line 76, E:\DownLoading\beifen\sourcemod-1.11.0-git6826-windows\addons\sourcemod\scripting\l4d2_scav_fix_nm5.sp::FindMisplacedCans
L 09/21/2022 - 14:18:57: [SM]   [2] Line 53, E:\DownLoading\beifen\sourcemod-1.11.0-git6826-windows\addons\sourcemod\scripting\l4d2_scav_fix_nm5.sp::ScavTimerH
L 09/21/2022 - 14:19:12: [SM] Exception reported: Client 2 is not in game
L 09/21/2022 - 14:19:12: [SM] Blaming: optional/l4d2_scav_fix_nm5.smx
L 09/21/2022 - 14:19:12: [SM] Call stack trace:
L 09/21/2022 - 14:19:12: [SM]   [0] GetClientAbsOrigin
L 09/21/2022 - 14:19:12: [SM]   [1] Line 76, E:\DownLoading\beifen\sourcemod-1.11.0-git6826-windows\addons\sourcemod\scripting\l4d2_scav_fix_nm5.sp::FindMisplacedCans
L 09/21/2022 - 14:19:12: [SM]   [2] Line 53, E:\DownLoading\beifen\sourcemod-1.11.0-git6826-windows\addons\sourcemod\scripting\l4d2_scav_fix_nm5.sp::ScavTimerH
L 09/21/2022 - 14:19:27: [SM] Exception reported: Client 2 is not in game
L 09/21/2022 - 14:19:27: [SM] Blaming: optional/l4d2_scav_fix_nm5.smx
L 09/21/2022 - 14:19:27: [SM] Call stack trace:
L 09/21/2022 - 14:19:27: [SM]   [0] GetClientAbsOrigin
L 09/21/2022 - 14:19:27: [SM]   [1] Line 76, E:\DownLoading\beifen\sourcemod-1.11.0-git6826-windows\addons\sourcemod\scripting\l4d2_scav_fix_nm5.sp::FindMisplacedCans
L 09/21/2022 - 14:19:27: [SM]   [2] Line 53, E:\DownLoading\beifen\sourcemod-1.11.0-git6826-windows\addons\sourcemod\scripting\l4d2_scav_fix_nm5.sp::ScavTimerH
L 09/21/2022 - 14:19:42: [SM] Exception reported: Client 2 is not in game
L 09/21/2022 - 14:19:42: [SM] Blaming: optional/l4d2_scav_fix_nm5.smx
L 09/21/2022 - 14:19:42: [SM] Call stack trace:
L 09/21/2022 - 14:19:42: [SM]   [0] GetClientAbsOrigin
L 09/21/2022 - 14:19:42: [SM]   [1] Line 76, E:\DownLoading\beifen\sourcemod-1.11.0-git6826-windows\addons\sourcemod\scripting\l4d2_scav_fix_nm5.sp::FindMisplacedCans
L 09/21/2022 - 14:19:42: [SM]   [2] Line 53, E:\DownLoading\beifen\sourcemod-1.11.0-git6826-windows\addons\sourcemod\scripting\l4d2_scav_fix_nm5.sp::ScavTimerH
L 09/21/2022 - 14:19:57: [SM] Exception reported: Client 2 is not in game
L 09/21/2022 - 14:19:57: [SM] Blaming: optional/l4d2_scav_fix_nm5.smx
L 09/21/2022 - 14:19:57: [SM] Call stack trace:
L 09/21/2022 - 14:19:57: [SM]   [0] GetClientAbsOrigin
L 09/21/2022 - 14:19:57: [SM]   [1] Line 76, E:\DownLoading\beifen\sourcemod-1.11.0-git6826-windows\addons\sourcemod\scripting\l4d2_scav_fix_nm5.sp::FindMisplacedCans
L 09/21/2022 - 14:19:57: [SM]   [2] Line 53, E:\DownLoading\beifen\sourcemod-1.11.0-git6826-windows\addons\sourcemod\scripting\l4d2_scav_fix_nm5.sp::ScavTimerH
L 09/21/2022 - 14:20:12: [SM] Exception reported: Client 2 is not in game
L 09/21/2022 - 14:20:12: [SM] Blaming: optional/l4d2_scav_fix_nm5.smx
L 09/21/2022 - 14:20:12: [SM] Call stack trace:
L 09/21/2022 - 14:20:12: [SM]   [0] GetClientAbsOrigin
L 09/21/2022 - 14:20:12: [SM]   [1] Line 76, E:\DownLoading\beifen\sourcemod-1.11.0-git6826-windows\addons\sourcemod\scripting\l4d2_scav_fix_nm5.sp::FindMisplacedCans
L 09/21/2022 - 14:20:12: [SM]   [2] Line 53, E:\DownLoading\beifen\sourcemod-1.11.0-git6826-windows\addons\sourcemod\scripting\l4d2_scav_fix_nm5.sp::ScavTimerH
L 09/21/2022 - 14:20:27: [SM] Exception reported: Client 2 is not in game
L 09/21/2022 - 14:20:27: [SM] Blaming: optional/l4d2_scav_fix_nm5.smx
L 09/21/2022 - 14:20:27: [SM] Call stack trace:
L 09/21/2022 - 14:20:27: [SM]   [0] GetClientAbsOrigin
L 09/21/2022 - 14:20:27: [SM]   [1] Line 76, E:\DownLoading\beifen\sourcemod-1.11.0-git6826-windows\addons\sourcemod\scripting\l4d2_scav_fix_nm5.sp::FindMisplacedCans
L 09/21/2022 - 14:20:27: [SM]   [2] Line 53, E:\DownLoading\beifen\sourcemod-1.11.0-git6826-windows\addons\sourcemod\scripting\l4d2_scav_fix_nm5.sp::ScavTimerH
L 09/21/2022 - 14:20:42: [SM] Exception reported: Client 2 is not in game
L 09/21/2022 - 14:20:42: [SM] Blaming: optional/l4d2_scav_fix_nm5.smx
L 09/21/2022 - 14:20:42: [SM] Call stack trace:
L 09/21/2022 - 14:20:42: [SM]   [0] GetClientAbsOrigin
L 09/21/2022 - 14:20:42: [SM]   [1] Line 76, E:\DownLoading\beifen\sourcemod-1.11.0-git6826-windows\addons\sourcemod\scripting\l4d2_scav_fix_nm5.sp::FindMisplacedCans
L 09/21/2022 - 14:20:42: [SM]   [2] Line 53, E:\DownLoading\beifen\sourcemod-1.11.0-git6826-windows\addons\sourcemod\scripting\l4d2_scav_fix_nm5.sp::ScavTimerH
L 09/21/2022 - 14:20:57: [SM] Exception reported: Client 2 is not in game
L 09/21/2022 - 14:20:57: [SM] Blaming: optional/l4d2_scav_fix_nm5.smx
L 09/21/2022 - 14:20:57: [SM] Call stack trace:
L 09/21/2022 - 14:20:57: [SM]   [0] GetClientAbsOrigin
L 09/21/2022 - 14:20:57: [SM]   [1] Line 76, E:\DownLoading\beifen\sourcemod-1.11.0-git6826-windows\addons\sourcemod\scripting\l4d2_scav_fix_nm5.sp::FindMisplacedCans
L 09/21/2022 - 14:20:57: [SM]   [2] Line 53, E:\DownLoading\beifen\sourcemod-1.11.0-git6826-windows\addons\sourcemod\scripting\l4d2_scav_fix_nm5.sp::ScavTimerH
L 09/21/2022 - 14:21:12: [SM] Exception reported: Client 2 is not in game
L 09/21/2022 - 14:21:12: [SM] Blaming: optional/l4d2_scav_fix_nm5.smx
L 09/21/2022 - 14:21:12: [SM] Call stack trace:
L 09/21/2022 - 14:21:12: [SM]   [0] GetClientAbsOrigin
L 09/21/2022 - 14:21:12: [SM]   [1] Line 76, E:\DownLoading\beifen\sourcemod-1.11.0-git6826-windows\addons\sourcemod\scripting\l4d2_scav_fix_nm5.sp::FindMisplacedCans
L 09/21/2022 - 14:21:12: [SM]   [2] Line 53, E:\DownLoading\beifen\sourcemod-1.11.0-git6826-windows\addons\sourcemod\scripting\l4d2_scav_fix_nm5.sp::ScavTimerH
L 09/21/2022 - 14:21:27: [SM] Exception reported: Client 2 is not in game
L 09/21/2022 - 14:21:27: [SM] Blaming: optional/l4d2_scav_fix_nm5.smx
L 09/21/2022 - 14:21:27: [SM] Call stack trace:
L 09/21/2022 - 14:21:27: [SM]   [0] GetClientAbsOrigin
L 09/21/2022 - 14:21:27: [SM]   [1] Line 76, E:\DownLoading\beifen\sourcemod-1.11.0-git6826-windows\addons\sourcemod\scripting\l4d2_scav_fix_nm5.sp::FindMisplacedCans
L 09/21/2022 - 14:21:27: [SM]   [2] Line 53, E:\DownLoading\beifen\sourcemod-1.11.0-git6826-windows\addons\sourcemod\scripting\l4d2_scav_fix_nm5.sp::ScavTimerH
L 09/21/2022 - 14:21:42: [SM] Exception reported: Client 2 is not in game
L 09/21/2022 - 14:21:42: [SM] Blaming: optional/l4d2_scav_fix_nm5.smx
L 09/21/2022 - 14:21:42: [SM] Call stack trace:
L 09/21/2022 - 14:21:42: [SM]   [0] GetClientAbsOrigin
L 09/21/2022 - 14:21:42: [SM]   [1] Line 76, E:\DownLoading\beifen\sourcemod-1.11.0-git6826-windows\addons\sourcemod\scripting\l4d2_scav_fix_nm5.sp::FindMisplacedCans
L 09/21/2022 - 14:21:42: [SM]   [2] Line 53, E:\DownLoading\beifen\sourcemod-1.11.0-git6826-windows\addons\sourcemod\scripting\l4d2_scav_fix_nm5.sp::ScavTimerH
L 09/21/2022 - 14:21:57: [SM] Exception reported: Client 2 is not in game
L 09/21/2022 - 14:21:57: [SM] Blaming: optional/l4d2_scav_fix_nm5.smx
L 09/21/2022 - 14:21:57: [SM] Call stack trace:
L 09/21/2022 - 14:21:57: [SM]   [0] GetClientAbsOrigin
L 09/21/2022 - 14:21:57: [SM]   [1] Line 76, E:\DownLoading\beifen\sourcemod-1.11.0-git6826-windows\addons\sourcemod\scripting\l4d2_scav_fix_nm5.sp::FindMisplacedCans
L 09/21/2022 - 14:21:57: [SM]   [2] Line 53, E:\DownLoading\beifen\sourcemod-1.11.0-git6826-windows\addons\sourcemod\scripting\l4d2_scav_fix_nm5.sp::ScavTimerH
L 09/21/2022 - 14:22:12: [SM] Exception reported: Client 2 is not in game
L 09/21/2022 - 14:22:12: [SM] Blaming: optional/l4d2_scav_fix_nm5.smx
L 09/21/2022 - 14:22:12: [SM] Call stack trace:
L 09/21/2022 - 14:22:12: [SM]   [0] GetClientAbsOrigin
L 09/21/2022 - 14:22:12: [SM]   [1] Line 76, E:\DownLoading\beifen\sourcemod-1.11.0-git6826-windows\addons\sourcemod\scripting\l4d2_scav_fix_nm5.sp::FindMisplacedCans
L 09/21/2022 - 14:22:12: [SM]   [2] Line 53, E:\DownLoading\beifen\sourcemod-1.11.0-git6826-windows\addons\sourcemod\scripting\l4d2_scav_fix_nm5.sp::ScavTimerH
L 09/21/2022 - 14:22:27: [SM] Exception reported: Client 2 is not in game
L 09/21/2022 - 14:22:27: [SM] Blaming: optional/l4d2_scav_fix_nm5.smx
L 09/21/2022 - 14:22:27: [SM] Call stack trace:
L 09/21/2022 - 14:22:27: [SM]   [0] GetClientAbsOrigin
L 09/21/2022 - 14:22:27: [SM]   [1] Line 76, E:\DownLoading\beifen\sourcemod-1.11.0-git6826-windows\addons\sourcemod\scripting\l4d2_scav_fix_nm5.sp::FindMisplacedCans
L 09/21/2022 - 14:22:27: [SM]   [2] Line 53, E:\DownLoading\beifen\sourcemod-1.11.0-git6826-windows\addons\sourcemod\scripting\l4d2_scav_fix_nm5.sp::ScavTimerH
L 09/21/2022 - 14:22:42: [SM] Exception reported: Client 2 is not in game
L 09/21/2022 - 14:22:42: [SM] Blaming: optional/l4d2_scav_fix_nm5.smx
L 09/21/2022 - 14:22:42: [SM] Call stack trace:
L 09/21/2022 - 14:22:42: [SM]   [0] GetClientAbsOrigin
L 09/21/2022 - 14:22:42: [SM]   [1] Line 76, E:\DownLoading\beifen\sourcemod-1.11.0-git6826-windows\addons\sourcemod\scripting\l4d2_scav_fix_nm5.sp::FindMisplacedCans
L 09/21/2022 - 14:22:42: [SM]   [2] Line 53, E:\DownLoading\beifen\sourcemod-1.11.0-git6826-windows\addons\sourcemod\scripting\l4d2_scav_fix_nm5.sp::ScavTimerH
L 09/21/2022 - 14:22:57: [SM] Exception reported: Client 2 is not in game
L 09/21/2022 - 14:22:57: [SM] Blaming: optional/l4d2_scav_fix_nm5.smx
L 09/21/2022 - 14:22:57: [SM] Call stack trace:
L 09/21/2022 - 14:22:57: [SM]   [0] GetClientAbsOrigin
L 09/21/2022 - 14:22:57: [SM]   [1] Line 76, E:\DownLoading\beifen\sourcemod-1.11.0-git6826-windows\addons\sourcemod\scripting\l4d2_scav_fix_nm5.sp::FindMisplacedCans
L 09/21/2022 - 14:22:57: [SM]   [2] Line 53, E:\DownLoading\beifen\sourcemod-1.11.0-git6826-windows\addons\sourcemod\scripting\l4d2_scav_fix_nm5.sp::ScavTimerH
L 09/21/2022 - 14:23:12: [SM] Exception reported: Client 2 is not in game
L 09/21/2022 - 14:23:12: [SM] Blaming: optional/l4d2_scav_fix_nm5.smx
L 09/21/2022 - 14:23:12: [SM] Call stack trace:
L 09/21/2022 - 14:23:12: [SM]   [0] GetClientAbsOrigin
L 09/21/2022 - 14:23:12: [SM]   [1] Line 76, E:\DownLoading\beifen\sourcemod-1.11.0-git6826-windows\addons\sourcemod\scripting\l4d2_scav_fix_nm5.sp::FindMisplacedCans
L 09/21/2022 - 14:23:12: [SM]   [2] Line 53, E:\DownLoading\beifen\sourcemod-1.11.0-git6826-windows\addons\sourcemod\scripting\l4d2_scav_fix_nm5.sp::ScavTimerH
L 09/21/2022 - 14:23:27: [SM] Exception reported: Client 2 is not in game
L 09/21/2022 - 14:23:27: [SM] Blaming: optional/l4d2_scav_fix_nm5.smx
L 09/21/2022 - 14:23:27: [SM] Call stack trace:
L 09/21/2022 - 14:23:27: [SM]   [0] GetClientAbsOrigin
L 09/21/2022 - 14:23:27: [SM]   [1] Line 76, E:\DownLoading\beifen\sourcemod-1.11.0-git6826-windows\addons\sourcemod\scripting\l4d2_scav_fix_nm5.sp::FindMisplacedCans
L 09/21/2022 - 14:23:27: [SM]   [2] Line 53, E:\DownLoading\beifen\sourcemod-1.11.0-git6826-windows\addons\sourcemod\scripting\l4d2_scav_fix_nm5.sp::ScavTimerH
L 09/21/2022 - 14:23:42: [SM] Exception reported: Client 2 is not in game
L 09/21/2022 - 14:23:42: [SM] Blaming: optional/l4d2_scav_fix_nm5.smx
L 09/21/2022 - 14:23:42: [SM] Call stack trace:
L 09/21/2022 - 14:23:42: [SM]   [0] GetClientAbsOrigin
L 09/21/2022 - 14:23:42: [SM]   [1] Line 76, E:\DownLoading\beifen\sourcemod-1.11.0-git6826-windows\addons\sourcemod\scripting\l4d2_scav_fix_nm5.sp::FindMisplacedCans
L 09/21/2022 - 14:23:42: [SM]   [2] Line 53, E:\DownLoading\beifen\sourcemod-1.11.0-git6826-windows\addons\sourcemod\scripting\l4d2_scav_fix_nm5.sp::ScavTimerH
L 09/21/2022 - 14:23:57: [SM] Exception reported: Client 2 is not in game
L 09/21/2022 - 14:23:57: [SM] Blaming: optional/l4d2_scav_fix_nm5.smx
L 09/21/2022 - 14:23:57: [SM] Call stack trace:
L 09/21/2022 - 14:23:57: [SM]   [0] GetClientAbsOrigin
L 09/21/2022 - 14:23:57: [SM]   [1] Line 76, E:\DownLoading\beifen\sourcemod-1.11.0-git6826-windows\addons\sourcemod\scripting\l4d2_scav_fix_nm5.sp::FindMisplacedCans
L 09/21/2022 - 14:23:57: [SM]   [2] Line 53, E:\DownLoading\beifen\sourcemod-1.11.0-git6826-windows\addons\sourcemod\scripting\l4d2_scav_fix_nm5.sp::ScavTimerH
L 09/21/2022 - 14:24:12: [SM] Exception reported: Client 2 is not in game
L 09/21/2022 - 14:24:12: [SM] Blaming: optional/l4d2_scav_fix_nm5.smx
L 09/21/2022 - 14:24:12: [SM] Call stack trace:
L 09/21/2022 - 14:24:12: [SM]   [0] GetClientAbsOrigin
L 09/21/2022 - 14:24:12: [SM]   [1] Line 76, E:\DownLoading\beifen\sourcemod-1.11.0-git6826-windows\addons\sourcemod\scripting\l4d2_scav_fix_nm5.sp::FindMisplacedCans
L 09/21/2022 - 14:24:12: [SM]   [2] Line 53, E:\DownLoading\beifen\sourcemod-1.11.0-git6826-windows\addons\sourcemod\scripting\l4d2_scav_fix_nm5.sp::ScavTimerH
L 09/21/2022 - 14:24:27: [SM] Exception reported: Client 2 is not in game
L 09/21/2022 - 14:24:27: [SM] Blaming: optional/l4d2_scav_fix_nm5.smx
L 09/21/2022 - 14:24:27: [SM] Call stack trace:
L 09/21/2022 - 14:24:27: [SM]   [0] GetClientAbsOrigin
L 09/21/2022 - 14:24:27: [SM]   [1] Line 76, E:\DownLoading\beifen\sourcemod-1.11.0-git6826-windows\addons\sourcemod\scripting\l4d2_scav_fix_nm5.sp::FindMisplacedCans
L 09/21/2022 - 14:24:27: [SM]   [2] Line 53, E:\DownLoading\beifen\sourcemod-1.11.0-git6826-windows\addons\sourcemod\scripting\l4d2_scav_fix_nm5.sp::ScavTimerH
L 09/21/2022 - 14:24:42: [SM] Exception reported: Client 2 is not in game
L 09/21/2022 - 14:24:42: [SM] Blaming: optional/l4d2_scav_fix_nm5.smx
L 09/21/2022 - 14:24:42: [SM] Call stack trace:
L 09/21/2022 - 14:24:42: [SM]   [0] GetClientAbsOrigin
L 09/21/2022 - 14:24:42: [SM]   [1] Line 76, E:\DownLoading\beifen\sourcemod-1.11.0-git6826-windows\addons\sourcemod\scripting\l4d2_scav_fix_nm5.sp::FindMisplacedCans
L 09/21/2022 - 14:24:42: [SM]   [2] Line 53, E:\DownLoading\beifen\sourcemod-1.11.0-git6826-windows\addons\sourcemod\scripting\l4d2_scav_fix_nm5.sp::ScavTimerH
L 09/21/2022 - 14:24:57: [SM] Exception reported: Client 2 is not in game
L 09/21/2022 - 14:24:57: [SM] Blaming: optional/l4d2_scav_fix_nm5.smx
L 09/21/2022 - 14:24:57: [SM] Call stack trace:
L 09/21/2022 - 14:24:57: [SM]   [0] GetClientAbsOrigin
L 09/21/2022 - 14:24:57: [SM]   [1] Line 76, E:\DownLoading\beifen\sourcemod-1.11.0-git6826-windows\addons\sourcemod\scripting\l4d2_scav_fix_nm5.sp::FindMisplacedCans
L 09/21/2022 - 14:24:57: [SM]   [2] Line 53, E:\DownLoading\beifen\sourcemod-1.11.0-git6826-windows\addons\sourcemod\scripting\l4d2_scav_fix_nm5.sp::ScavTimerH
L 09/21/2022 - 14:25:12: [SM] Exception reported: Client 2 is not in game
L 09/21/2022 - 14:25:12: [SM] Blaming: optional/l4d2_scav_fix_nm5.smx
L 09/21/2022 - 14:25:12: [SM] Call stack trace:
L 09/21/2022 - 14:25:12: [SM]   [0] GetClientAbsOrigin
L 09/21/2022 - 14:25:12: [SM]   [1] Line 76, E:\DownLoading\beifen\sourcemod-1.11.0-git6826-windows\addons\sourcemod\scripting\l4d2_scav_fix_nm5.sp::FindMisplacedCans
L 09/21/2022 - 14:25:12: [SM]   [2] Line 53, E:\DownLoading\beifen\sourcemod-1.11.0-git6826-windows\addons\sourcemod\scripting\l4d2_scav_fix_nm5.sp::ScavTimerH
L 09/21/2022 - 14:25:27: [SM] Exception reported: Client 2 is not in game
L 09/21/2022 - 14:25:27: [SM] Blaming: optional/l4d2_scav_fix_nm5.smx
L 09/21/2022 - 14:25:27: [SM] Call stack trace:
L 09/21/2022 - 14:25:27: [SM]   [0] GetClientAbsOrigin
L 09/21/2022 - 14:25:27: [SM]   [1] Line 76, E:\DownLoading\beifen\sourcemod-1.11.0-git6826-windows\addons\sourcemod\scripting\l4d2_scav_fix_nm5.sp::FindMisplacedCans
L 09/21/2022 - 14:25:27: [SM]   [2] Line 53, E:\DownLoading\beifen\sourcemod-1.11.0-git6826-windows\addons\sourcemod\scripting\l4d2_scav_fix_nm5.sp::ScavTimerH
L 09/21/2022 - 14:25:42: [SM] Exception reported: Client 2 is not in game
L 09/21/2022 - 14:25:42: [SM] Blaming: optional/l4d2_scav_fix_nm5.smx
L 09/21/2022 - 14:25:42: [SM] Call stack trace:
L 09/21/2022 - 14:25:42: [SM]   [0] GetClientAbsOrigin
L 09/21/2022 - 14:25:42: [SM]   [1] Line 76, E:\DownLoading\beifen\sourcemod-1.11.0-git6826-windows\addons\sourcemod\scripting\l4d2_scav_fix_nm5.sp::FindMisplacedCans
L 09/21/2022 - 14:25:42: [SM]   [2] Line 53, E:\DownLoading\beifen\sourcemod-1.11.0-git6826-windows\addons\sourcemod\scripting\l4d2_scav_fix_nm5.sp::ScavTimerH
L 09/21/2022 - 14:25:57: [SM] Exception reported: Client 2 is not in game
L 09/21/2022 - 14:25:57: [SM] Blaming: optional/l4d2_scav_fix_nm5.smx
L 09/21/2022 - 14:25:57: [SM] Call stack trace:
L 09/21/2022 - 14:25:57: [SM]   [0] GetClientAbsOrigin
L 09/21/2022 - 14:25:57: [SM]   [1] Line 76, E:\DownLoading\beifen\sourcemod-1.11.0-git6826-windows\addons\sourcemod\scripting\l4d2_scav_fix_nm5.sp::FindMisplacedCans
L 09/21/2022 - 14:25:57: [SM]   [2] Line 53, E:\DownLoading\beifen\sourcemod-1.11.0-git6826-windows\addons\sourcemod\scripting\l4d2_scav_fix_nm5.sp::ScavTimerH
L 09/21/2022 - 14:26:07: [SM] Exception reported: Invalid index 0 (count: 0)
L 09/21/2022 - 14:26:07: [SM] Blaming: optional/l4d2_fix_spawn_order.smx
L 09/21/2022 - 14:26:07: [SM] Call stack trace:
L 09/21/2022 - 14:26:07: [SM]   [0] ArrayList.Set
L 09/21/2022 - 14:26:07: [SM]   [1] Line 228, J:\Documents\GitHub\L4D2-Competitive-Rework\addons\sourcemod\scripting\l4d2_fix_spawn_order.sp::QueueSI
L 09/21/2022 - 14:26:07: [SM]   [2] Line 187, J:\Documents\GitHub\L4D2-Competitive-Rework\addons\sourcemod\scripting\l4d2_fix_spawn_order.sp::Event_TankSpawn
L 09/21/2022 - 14:26:07: [SM]   [4] FakeClientCommand
L 09/21/2022 - 14:26:07: [SM]   [5] Line 1436, e:\L4D2ء\l4d2-scriptings\all4dead2.sp::StripAndExecuteClientCommand
L 09/21/2022 - 14:26:07: [SM]   [6] Line 725, e:\L4D2ء\l4d2-scriptings\all4dead2.sp::Do_SpawnInfected
L 09/21/2022 - 14:26:07: [SM]   [7] Line 322, e:\L4D2ء\l4d2-scriptings\all4dead2.sp::Menu_SpawnSInfectedHandler
L 09/21/2022 - 14:26:12: [SM] Exception reported: Client 3 is not in game
L 09/21/2022 - 14:26:12: [SM] Blaming: optional/l4d2_scav_fix_nm5.smx
L 09/21/2022 - 14:26:12: [SM] Call stack trace:
L 09/21/2022 - 14:26:12: [SM]   [0] GetClientAbsOrigin
L 09/21/2022 - 14:26:12: [SM]   [1] Line 76, E:\DownLoading\beifen\sourcemod-1.11.0-git6826-windows\addons\sourcemod\scripting\l4d2_scav_fix_nm5.sp::FindMisplacedCans
L 09/21/2022 - 14:26:12: [SM]   [2] Line 53, E:\DownLoading\beifen\sourcemod-1.11.0-git6826-windows\addons\sourcemod\scripting\l4d2_scav_fix_nm5.sp::ScavTimerH
L 09/21/2022 - 14:26:27: [SM] Exception reported: Client 3 is not in game
L 09/21/2022 - 14:26:27: [SM] Blaming: optional/l4d2_scav_fix_nm5.smx
L 09/21/2022 - 14:26:27: [SM] Call stack trace:
L 09/21/2022 - 14:26:27: [SM]   [0] GetClientAbsOrigin
L 09/21/2022 - 14:26:27: [SM]   [1] Line 76, E:\DownLoading\beifen\sourcemod-1.11.0-git6826-windows\addons\sourcemod\scripting\l4d2_scav_fix_nm5.sp::FindMisplacedCans
L 09/21/2022 - 14:26:27: [SM]   [2] Line 53, E:\DownLoading\beifen\sourcemod-1.11.0-git6826-windows\addons\sourcemod\scripting\l4d2_scav_fix_nm5.sp::ScavTimerH
L 09/21/2022 - 14:26:42: [SM] Exception reported: Client 3 is not in game
L 09/21/2022 - 14:26:42: [SM] Blaming: optional/l4d2_scav_fix_nm5.smx
L 09/21/2022 - 14:26:42: [SM] Call stack trace:
L 09/21/2022 - 14:26:42: [SM]   [0] GetClientAbsOrigin
L 09/21/2022 - 14:26:42: [SM]   [1] Line 76, E:\DownLoading\beifen\sourcemod-1.11.0-git6826-windows\addons\sourcemod\scripting\l4d2_scav_fix_nm5.sp::FindMisplacedCans
L 09/21/2022 - 14:26:42: [SM]   [2] Line 53, E:\DownLoading\beifen\sourcemod-1.11.0-git6826-windows\addons\sourcemod\scripting\l4d2_scav_fix_nm5.sp::ScavTimerH
L 09/21/2022 - 14:26:57: [SM] Exception reported: Client 2 is not in game
L 09/21/2022 - 14:26:57: [SM] Blaming: optional/l4d2_scav_fix_nm5.smx
L 09/21/2022 - 14:26:57: [SM] Call stack trace:
L 09/21/2022 - 14:26:57: [SM]   [0] GetClientAbsOrigin
L 09/21/2022 - 14:26:57: [SM]   [1] Line 76, E:\DownLoading\beifen\sourcemod-1.11.0-git6826-windows\addons\sourcemod\scripting\l4d2_scav_fix_nm5.sp::FindMisplacedCans
L 09/21/2022 - 14:26:57: [SM]   [2] Line 53, E:\DownLoading\beifen\sourcemod-1.11.0-git6826-windows\addons\sourcemod\scripting\l4d2_scav_fix_nm5.sp::ScavTimerH
L 09/21/2022 - 14:27:12: [SM] Exception reported: Client 2 is not in game
L 09/21/2022 - 14:27:12: [SM] Blaming: optional/l4d2_scav_fix_nm5.smx
L 09/21/2022 - 14:27:12: [SM] Call stack trace:
L 09/21/2022 - 14:27:12: [SM]   [0] GetClientAbsOrigin
L 09/21/2022 - 14:27:12: [SM]   [1] Line 76, E:\DownLoading\beifen\sourcemod-1.11.0-git6826-windows\addons\sourcemod\scripting\l4d2_scav_fix_nm5.sp::FindMisplacedCans
L 09/21/2022 - 14:27:12: [SM]   [2] Line 53, E:\DownLoading\beifen\sourcemod-1.11.0-git6826-windows\addons\sourcemod\scripting\l4d2_scav_fix_nm5.sp::ScavTimerH
L 09/21/2022 - 14:27:27: [SM] Exception reported: Client 2 is not in game
L 09/21/2022 - 14:27:27: [SM] Blaming: optional/l4d2_scav_fix_nm5.smx
L 09/21/2022 - 14:27:27: [SM] Call stack trace:
L 09/21/2022 - 14:27:27: [SM]   [0] GetClientAbsOrigin
L 09/21/2022 - 14:27:27: [SM]   [1] Line 76, E:\DownLoading\beifen\sourcemod-1.11.0-git6826-windows\addons\sourcemod\scripting\l4d2_scav_fix_nm5.sp::FindMisplacedCans
L 09/21/2022 - 14:27:27: [SM]   [2] Line 53, E:\DownLoading\beifen\sourcemod-1.11.0-git6826-windows\addons\sourcemod\scripting\l4d2_scav_fix_nm5.sp::ScavTimerH
L 09/21/2022 - 14:27:42: [SM] Exception reported: Client 2 is not in game
L 09/21/2022 - 14:27:42: [SM] Blaming: optional/l4d2_scav_fix_nm5.smx
L 09/21/2022 - 14:27:42: [SM] Call stack trace:
L 09/21/2022 - 14:27:42: [SM]   [0] GetClientAbsOrigin
L 09/21/2022 - 14:27:42: [SM]   [1] Line 76, E:\DownLoading\beifen\sourcemod-1.11.0-git6826-windows\addons\sourcemod\scripting\l4d2_scav_fix_nm5.sp::FindMisplacedCans
L 09/21/2022 - 14:27:42: [SM]   [2] Line 53, E:\DownLoading\beifen\sourcemod-1.11.0-git6826-windows\addons\sourcemod\scripting\l4d2_scav_fix_nm5.sp::ScavTimerH
L 09/21/2022 - 14:27:57: [SM] Exception reported: Client 2 is not in game
L 09/21/2022 - 14:27:57: [SM] Blaming: optional/l4d2_scav_fix_nm5.smx
L 09/21/2022 - 14:27:57: [SM] Call stack trace:
L 09/21/2022 - 14:27:57: [SM]   [0] GetClientAbsOrigin
L 09/21/2022 - 14:27:57: [SM]   [1] Line 76, E:\DownLoading\beifen\sourcemod-1.11.0-git6826-windows\addons\sourcemod\scripting\l4d2_scav_fix_nm5.sp::FindMisplacedCans
L 09/21/2022 - 14:27:57: [SM]   [2] Line 53, E:\DownLoading\beifen\sourcemod-1.11.0-git6826-windows\addons\sourcemod\scripting\l4d2_scav_fix_nm5.sp::ScavTimerH
L 09/21/2022 - 14:28:12: [SM] Exception reported: Client 2 is not in game
L 09/21/2022 - 14:28:12: [SM] Blaming: optional/l4d2_scav_fix_nm5.smx
L 09/21/2022 - 14:28:12: [SM] Call stack trace:
L 09/21/2022 - 14:28:12: [SM]   [0] GetClientAbsOrigin
L 09/21/2022 - 14:28:12: [SM]   [1] Line 76, E:\DownLoading\beifen\sourcemod-1.11.0-git6826-windows\addons\sourcemod\scripting\l4d2_scav_fix_nm5.sp::FindMisplacedCans
L 09/21/2022 - 14:28:12: [SM]   [2] Line 53, E:\DownLoading\beifen\sourcemod-1.11.0-git6826-windows\addons\sourcemod\scripting\l4d2_scav_fix_nm5.sp::ScavTimerH
L 09/21/2022 - 14:28:27: [SM] Exception reported: Client 6 is not in game
L 09/21/2022 - 14:28:27: [SM] Blaming: optional/l4d2_scav_fix_nm5.smx
L 09/21/2022 - 14:28:27: [SM] Call stack trace:
L 09/21/2022 - 14:28:27: [SM]   [0] GetClientAbsOrigin
L 09/21/2022 - 14:28:27: [SM]   [1] Line 76, E:\DownLoading\beifen\sourcemod-1.11.0-git6826-windows\addons\sourcemod\scripting\l4d2_scav_fix_nm5.sp::FindMisplacedCans
L 09/21/2022 - 14:28:27: [SM]   [2] Line 53, E:\DownLoading\beifen\sourcemod-1.11.0-git6826-windows\addons\sourcemod\scripting\l4d2_scav_fix_nm5.sp::ScavTimerH
L 09/21/2022 - 14:28:42: [SM] Exception reported: Client 6 is not in game
L 09/21/2022 - 14:28:42: [SM] Blaming: optional/l4d2_scav_fix_nm5.smx
L 09/21/2022 - 14:28:42: [SM] Call stack trace:
L 09/21/2022 - 14:28:42: [SM]   [0] GetClientAbsOrigin
L 09/21/2022 - 14:28:42: [SM]   [1] Line 76, E:\DownLoading\beifen\sourcemod-1.11.0-git6826-windows\addons\sourcemod\scripting\l4d2_scav_fix_nm5.sp::FindMisplacedCans
L 09/21/2022 - 14:28:42: [SM]   [2] Line 53, E:\DownLoading\beifen\sourcemod-1.11.0-git6826-windows\addons\sourcemod\scripting\l4d2_scav_fix_nm5.sp::ScavTimerH
L 09/21/2022 - 14:28:57: [SM] Exception reported: Client 6 is not in game
L 09/21/2022 - 14:28:57: [SM] Blaming: optional/l4d2_scav_fix_nm5.smx
L 09/21/2022 - 14:28:57: [SM] Call stack trace:
L 09/21/2022 - 14:28:57: [SM]   [0] GetClientAbsOrigin
L 09/21/2022 - 14:28:57: [SM]   [1] Line 76, E:\DownLoading\beifen\sourcemod-1.11.0-git6826-windows\addons\sourcemod\scripting\l4d2_scav_fix_nm5.sp::FindMisplacedCans
L 09/21/2022 - 14:28:57: [SM]   [2] Line 53, E:\DownLoading\beifen\sourcemod-1.11.0-git6826-windows\addons\sourcemod\scripting\l4d2_scav_fix_nm5.sp::ScavTimerH
L 09/21/2022 - 14:29:01: Error log file session closed.
L 09/21/2022 - 14:29:01: SourceMod error session started
L 09/21/2022 - 14:29:01: Info (map "daylighthouse") (file "/root/Steam/steamapps/common/Left 4 Dead 2 Dedicated Server/left4dead2/addons/sourcemod/logs/errors_20220921.log")
L 09/21/2022 - 14:29:01: [SM] Fatal error encountered parsing translation file "lilac.phrases.txt"
L 09/21/2022 - 14:29:01: [SM] Error (line 0, column 0): Stream failed to open
L 09/21/2022 - 14:29:01: [SM] Fatal error encountered parsing translation file "sourcecomms.phrases.txt"
L 09/21/2022 - 14:29:01: [SM] Error (line 0, column 0): Stream failed to open
L 09/21/2022 - 14:29:01: [SM] Fatal error encountered parsing translation file "sourcereport.phrases.txt"
L 09/21/2022 - 14:29:01: [SM] Error (line 0, column 0): Stream failed to open
L 09/21/2022 - 14:29:01: [SM] Fatal error encountered parsing translation file "sourcesleuth.phrases.txt"
L 09/21/2022 - 14:29:01: [SM] Error (line 0, column 0): Stream failed to open
L 09/21/2022 - 14:29:01: [SM] Fatal error encountered parsing translation file "sourcebans.phrases.txt"
L 09/21/2022 - 14:29:01: [SM] Error (line 0, column 0): Stream failed to open
L 09/21/2022 - 14:29:01: [SM] Fatal error encountered parsing translation file "cannounce.phrases.txt"
L 09/21/2022 - 14:29:01: [SM] Error (line 0, column 0): Stream failed to open
L 09/21/2022 - 14:37:55: SourceMod error session started
L 09/21/2022 - 14:37:55: Info (map "c2m1_highway") (file "/root/Steam/steamapps/common/Left 4 Dead 2 Dedicated Server/left4dead2/addons/sourcemod/logs/errors_20220921.log")
L 09/21/2022 - 14:37:55: [SM] Unable to load extension "rip.ext": /root/Steam/steamapps/common/Left 4 Dead 2 Dedicated Server/left4dead2/addons/sourcemod/extensions/rip.ext.so: cannot open shared object file: No such file or directory
L 09/21/2022 - 14:37:55: [SM] Fatal error encountered parsing translation file "lilac.phrases.txt"
L 09/21/2022 - 14:37:55: [SM] Error (line 0, column 0): Stream failed to open
L 09/21/2022 - 14:37:55: [SM] Unable to load plugin "l4d2_playtime_interface.smx": Required extension "REST in Pawn" file("rip.ext") not running
L 09/21/2022 - 14:37:55: [SM] Unable to load plugin "Welcome.smx": Could not find required plugin "l4d2_playtime_interface"
L 09/21/2022 - 14:37:55: [SM] Fatal error encountered parsing translation file "sourcecomms.phrases.txt"
L 09/21/2022 - 14:37:55: [SM] Error (line 0, column 0): Stream failed to open
L 09/21/2022 - 14:37:55: [SM] Exception reported: Database failure: could not find database config: sourcebans
L 09/21/2022 - 14:37:55: [SM] Blaming: sbpp/sbpp_comms.smx
L 09/21/2022 - 14:37:55: [SM] Call stack trace:
L 09/21/2022 - 14:37:55: [SM]   [0] SetFailState
L 09/21/2022 - 14:37:55: [SM]   [1] Line 219, sbpp_comms.sp::OnPluginStart
L 09/21/2022 - 14:37:55: [SM] Unable to load plugin "sbpp/sbpp_comms.smx": Error detected in plugin startup (see error logs)
L 09/21/2022 - 14:37:55: [SM] Fatal error encountered parsing translation file "sourcereport.phrases.txt"
L 09/21/2022 - 14:37:55: [SM] Error (line 0, column 0): Stream failed to open
L 09/21/2022 - 14:37:55: [SM] Fatal error encountered parsing translation file "sourcesleuth.phrases.txt"
L 09/21/2022 - 14:37:55: [SM] Error (line 0, column 0): Stream failed to open
L 09/21/2022 - 14:37:55: [SM] Unable to load extension "dbi.mysql.ext": libz.so.1: cannot open shared object file: No such file or directory
L 09/21/2022 - 14:37:55: [sbpp/sbpp_sleuth.smx] SourceSleuth: Database connection error: Could not find driver "mysql"
L 09/21/2022 - 14:37:55: [SM] Exception reported: Failed to connect to SourceBans DB, Could not find driver "mysql"
L 09/21/2022 - 14:37:55: [SM] Blaming: sbpp/sbpp_checker.smx
L 09/21/2022 - 14:37:55: [SM] Call stack trace:
L 09/21/2022 - 14:37:55: [SM]   [0] SetFailState
L 09/21/2022 - 14:37:55: [SM]   [1] Line 75, sbpp_checker.sp::OnDatabaseConnected
L 09/21/2022 - 14:37:55: [SM]   [3] SQL_TConnect
L 09/21/2022 - 14:37:55: [SM]   [4] Line 58, sbpp_checker.sp::OnPluginStart
L 09/21/2022 - 14:37:55: [SM] Fatal error encountered parsing translation file "sourcebans.phrases.txt"
L 09/21/2022 - 14:37:55: [SM] Error (line 0, column 0): Stream failed to open
L 09/21/2022 - 14:37:55: [SM] Exception reported: Database failure: Could not find Database conf "sourcebans"
L 09/21/2022 - 14:37:55: [SM] Blaming: sbpp/sbpp_main.smx
L 09/21/2022 - 14:37:55: [SM] Call stack trace:
L 09/21/2022 - 14:37:55: [SM]   [0] SetFailState
L 09/21/2022 - 14:37:55: [SM]   [1] Line 216, sbpp_main.sp::OnPluginStart
L 09/21/2022 - 14:37:55: [SM] Unable to load plugin "sbpp/sbpp_main.smx": Error detected in plugin startup (see error logs)
L 09/21/2022 - 14:37:55: [SM] Fatal error encountered parsing translation file "cannounce.phrases.txt"
L 09/21/2022 - 14:37:55: [SM] Error (line 0, column 0): Stream failed to open
L 09/22/2022 - 22:51:53: Error log file session closed.
