L 09/25/2022 - 00:04:01: SourceMod error session started
L 09/25/2022 - 00:04:01: Info (map "c2m5_concert") (file "/root/Steam/steamapps/common/Left 4 Dead 2 Dedicated Server/left4dead2/addons/sourcemod/logs/errors_20220925.log")
L 09/25/2022 - 00:04:01: [SM] Exception reported: Language phrase "Unknown City Desc" not found (arg 6)
L 09/25/2022 - 00:04:01: [SM] Blaming: cannounce.smx
L 09/25/2022 - 00:04:01: [SM] Call stack trace:
L 09/25/2022 - 00:04:01: [SM]   [0] Format
L 09/25/2022 - 00:04:01: [SM]   [1] Line 404, cannounce.sp::GetFormattedMessage
L 09/25/2022 - 00:04:01: [SM]   [2] Line 274, cannounce.sp::PrintFormattedMessageToAll
L 09/25/2022 - 00:04:01: [SM]   [3] Line 148, cannounce/countryshow.sp::event_PlayerDisc_CountryShow
L 09/25/2022 - 00:04:01: [SM]   [4] Line 234, cannounce.sp::event_PlayerDisconnect
L 09/25/2022 - 00:04:15: SourceMod error session started
L 09/25/2022 - 00:04:15: Info (map "c2m1_highway") (file "/root/Steam/steamapps/common/Left 4 Dead 2 Dedicated Server/left4dead2/addons/sourcemod/logs/errors_20220925.log")
L 09/25/2022 - 00:04:15: [SM] Failed to load plugin "smac_css_fixes.smx": This module will not work for this mod and should be removed..
L 09/25/2022 - 00:04:15: [SM] Failed to load plugin "smac_css_antiflash.smx": This module will not work for this mod and should be removed..
L 09/25/2022 - 00:04:15: [SM] Unable to load extension "rip.ext": /root/Steam/steamapps/common/Left 4 Dead 2 Dedicated Server/left4dead2/addons/sourcemod/extensions/rip.ext.so: cannot open shared object file: No such file or directory
L 09/25/2022 - 00:04:15: [SM] Failed to load plugin "smac_hl2dm_fixes.smx": This module will not work for this mod and should be removed..
L 09/25/2022 - 00:04:15: [SM] Failed to load plugin "smac_css_antismoke.smx": This module will not work for this mod and should be removed..
L 09/25/2022 - 00:04:15: [SM] Fatal error encountered parsing translation file "lilac.phrases.txt"
L 09/25/2022 - 00:04:15: [SM] Error (line 0, column 0): Stream failed to open
L 09/25/2022 - 00:04:15: [SM] Unable to load plugin "l4d2_playtime_interface.smx": Required extension "REST in Pawn" file("rip.ext") not running
L 09/25/2022 - 00:04:15: [SM] Unable to load plugin "Welcome.smx": Could not find required plugin "l4d2_playtime_interface"
L 09/25/2022 - 00:04:16: [SM] Fatal error encountered parsing translation file "sourcecomms.phrases.txt"
L 09/25/2022 - 00:04:16: [SM] Error (line 0, column 0): Stream failed to open
L 09/25/2022 - 00:04:16: [SM] Exception reported: Database failure: could not find database config: sourcebans
L 09/25/2022 - 00:04:16: [SM] Blaming: sbpp/sbpp_comms.smx
L 09/25/2022 - 00:04:16: [SM] Call stack trace:
L 09/25/2022 - 00:04:16: [SM]   [0] SetFailState
L 09/25/2022 - 00:04:16: [SM]   [1] Line 219, sbpp_comms.sp::OnPluginStart
L 09/25/2022 - 00:04:16: [SM] Unable to load plugin "sbpp/sbpp_comms.smx": Error detected in plugin startup (see error logs)
L 09/25/2022 - 00:04:16: [SM] Fatal error encountered parsing translation file "sourcereport.phrases.txt"
L 09/25/2022 - 00:04:16: [SM] Error (line 0, column 0): Stream failed to open
L 09/25/2022 - 00:04:16: [SM] Fatal error encountered parsing translation file "sourcesleuth.phrases.txt"
L 09/25/2022 - 00:04:16: [SM] Error (line 0, column 0): Stream failed to open
L 09/25/2022 - 00:04:16: [SM] Unable to load extension "dbi.mysql.ext": libz.so.1: cannot open shared object file: No such file or directory
L 09/25/2022 - 00:04:16: [sbpp/sbpp_sleuth.smx] SourceSleuth: Database connection error: Could not find driver "mysql"
L 09/25/2022 - 00:04:16: [SM] Exception reported: Failed to connect to SourceBans DB, Could not find driver "mysql"
L 09/25/2022 - 00:04:16: [SM] Blaming: sbpp/sbpp_checker.smx
L 09/25/2022 - 00:04:16: [SM] Call stack trace:
L 09/25/2022 - 00:04:16: [SM]   [0] SetFailState
L 09/25/2022 - 00:04:16: [SM]   [1] Line 75, sbpp_checker.sp::OnDatabaseConnected
L 09/25/2022 - 00:04:16: [SM]   [3] SQL_TConnect
L 09/25/2022 - 00:04:16: [SM]   [4] Line 58, sbpp_checker.sp::OnPluginStart
L 09/25/2022 - 00:04:16: [SM] Fatal error encountered parsing translation file "sourcebans.phrases.txt"
L 09/25/2022 - 00:04:16: [SM] Error (line 0, column 0): Stream failed to open
L 09/25/2022 - 00:04:16: [SM] Exception reported: Database failure: Could not find Database conf "sourcebans"
L 09/25/2022 - 00:04:16: [SM] Blaming: sbpp/sbpp_main.smx
L 09/25/2022 - 00:04:16: [SM] Call stack trace:
L 09/25/2022 - 00:04:16: [SM]   [0] SetFailState
L 09/25/2022 - 00:04:16: [SM]   [1] Line 216, sbpp_main.sp::OnPluginStart
L 09/25/2022 - 00:04:16: [SM] Unable to load plugin "sbpp/sbpp_main.smx": Error detected in plugin startup (see error logs)
L 09/25/2022 - 00:04:16: [SM] Fatal error encountered parsing translation file "cannounce.phrases.txt"
L 09/25/2022 - 00:04:16: [SM] Error (line 0, column 0): Stream failed to open
