L 09/13/2022 - 01:46:54: SourceMod error session started
L 09/13/2022 - 01:46:54: Info (map "c2m1_highway") (file "/root/Steam/steamapps/common/Left 4 Dead 2 Dedicated Server/left4dead2/addons/sourcemod/logs/errors_20220913.log")
L 09/13/2022 - 01:46:54: [SM] Exception reported: Language phrase "Unknown City Desc" not found (arg 6)
L 09/13/2022 - 01:46:54: [SM] Blaming: cannounce.smx
L 09/13/2022 - 01:46:54: [SM] Call stack trace:
L 09/13/2022 - 01:46:54: [SM]   [0] Format
L 09/13/2022 - 01:46:54: [SM]   [1] Line 404, cannounce.sp::GetFormattedMessage
L 09/13/2022 - 01:46:54: [SM]   [2] Line 274, cannounce.sp::PrintFormattedMessageToAll
L 09/13/2022 - 01:46:54: [SM]   [3] Line 72, cannounce/countryshow.sp::OnPostAdminCheck_CountryShow
L 09/13/2022 - 01:46:54: [SM]   [4] Line 168, cannounce.sp::OnClientPostAdminCheck
L 09/13/2022 - 01:47:58: [SM] Exception reported: Language phrase "Unknown City Desc" not found (arg 6)
L 09/13/2022 - 01:47:58: [SM] Blaming: cannounce.smx
L 09/13/2022 - 01:47:58: [SM] Call stack trace:
L 09/13/2022 - 01:47:58: [SM]   [0] Format
L 09/13/2022 - 01:47:58: [SM]   [1] Line 404, cannounce.sp::GetFormattedMessage
L 09/13/2022 - 01:47:58: [SM]   [2] Line 274, cannounce.sp::PrintFormattedMessageToAll
L 09/13/2022 - 01:47:58: [SM]   [3] Line 148, cannounce/countryshow.sp::event_PlayerDisc_CountryShow
L 09/13/2022 - 01:47:58: [SM]   [4] Line 234, cannounce.sp::event_PlayerDisconnect
L 09/13/2022 - 01:48:13: [SM] Exception reported: Language phrase "Unknown City Desc" not found (arg 6)
L 09/13/2022 - 01:48:13: [SM] Blaming: cannounce.smx
L 09/13/2022 - 01:48:13: [SM] Call stack trace:
L 09/13/2022 - 01:48:13: [SM]   [0] Format
L 09/13/2022 - 01:48:13: [SM]   [1] Line 404, cannounce.sp::GetFormattedMessage
L 09/13/2022 - 01:48:13: [SM]   [2] Line 274, cannounce.sp::PrintFormattedMessageToAll
L 09/13/2022 - 01:48:13: [SM]   [3] Line 72, cannounce/countryshow.sp::OnPostAdminCheck_CountryShow
L 09/13/2022 - 01:48:13: [SM]   [4] Line 168, cannounce.sp::OnClientPostAdminCheck
L 09/13/2022 - 01:48:51: [SM] Exception reported: Language phrase "Unknown City Desc" not found (arg 6)
L 09/13/2022 - 01:48:51: [SM] Blaming: cannounce.smx
L 09/13/2022 - 01:48:51: [SM] Call stack trace:
L 09/13/2022 - 01:48:51: [SM]   [0] Format
L 09/13/2022 - 01:48:51: [SM]   [1] Line 404, cannounce.sp::GetFormattedMessage
L 09/13/2022 - 01:48:51: [SM]   [2] Line 274, cannounce.sp::PrintFormattedMessageToAll
L 09/13/2022 - 01:48:51: [SM]   [3] Line 148, cannounce/countryshow.sp::event_PlayerDisc_CountryShow
L 09/13/2022 - 01:48:51: [SM]   [4] Line 234, cannounce.sp::event_PlayerDisconnect
L 09/13/2022 - 01:49:05: SourceMod error session started
L 09/13/2022 - 01:49:05: Info (map "c2m1_highway") (file "/root/Steam/steamapps/common/Left 4 Dead 2 Dedicated Server/left4dead2/addons/sourcemod/logs/errors_20220913.log")
L 09/13/2022 - 01:49:05: [SM] Unable to load extension "rip.ext": /root/Steam/steamapps/common/Left 4 Dead 2 Dedicated Server/left4dead2/addons/sourcemod/extensions/rip.ext.so: cannot open shared object file: No such file or directory
L 09/13/2022 - 01:49:05: [SM] Exception reported: 无法加载cfgs.txt文件!
L 09/13/2022 - 01:49:05: [SM] Blaming: vote.smx
L 09/13/2022 - 01:49:05: [SM] Call stack trace:
L 09/13/2022 - 01:49:05: [SM]   [0] SetFailState
L 09/13/2022 - 01:49:05: [SM]   [1] Line 35, E:\DownLoading\beifen\AstMod v2.6.1\left4dead2\addons\sourcemod\scripting\vote.sp::OnPluginStart
L 09/13/2022 - 01:49:05: [SM] Unable to load plugin "vote.smx": Error detected in plugin startup (see error logs)
L 09/13/2022 - 01:49:05: [SM] Unable to load plugin "l4d2_playtime_interface.smx": Required extension "REST in Pawn" file("rip.ext") not running
L 09/13/2022 - 01:49:05: [SM] Unable to load plugin "Welcome.smx": Could not find required plugin "l4d2_playtime_interface"
L 09/13/2022 - 01:49:06: [SM] Exception reported: 无法加载cfgs.txt文件!
L 09/13/2022 - 01:49:06: [SM] Blaming: vote_advance.smx
L 09/13/2022 - 01:49:06: [SM] Call stack trace:
L 09/13/2022 - 01:49:06: [SM]   [0] SetFailState
L 09/13/2022 - 01:49:06: [SM]   [1] Line 37, E:\DownLoading\beifen\AstMod v2.6.1\left4dead2\addons\sourcemod\scripting\vote_advance.sp::OnPluginStart
L 09/13/2022 - 01:49:06: [SM] Unable to load plugin "vote_advance.smx": Error detected in plugin startup (see error logs)
L 09/13/2022 - 01:49:06: [SM] Fatal error encountered parsing translation file "cannounce.phrases.txt"
L 09/13/2022 - 01:49:06: [SM] Error (line 0, column 0): Stream failed to open
L 09/15/2022 - 14:38:35: Error log file session closed.
