L 12/21/2022 - 20:46:57: SourceMod error session started
L 12/21/2022 - 20:46:57: Info (map "c2m1_highway") (file "/root/Steam/steamapps/common/Left 4 Dead 2 Dedicated Server/left4dead2/addons/sourcemod/logs/errors_20221221.log")
L 12/21/2022 - 20:46:57: [SM] Failed to load plugin "left4dhooks.smx": 
==========
This plugin replaces Left4Downtown. Delete the extension to run.
==========.
L 12/21/2022 - 20:46:57: [SM] Unable to load plugin "confoglcompmod.smx": Could not find required plugin "left4dhooks"
L 12/21/2022 - 20:46:57: [SM] Unable to load plugin "Welcome.smx": Could not find required plugin "l4d2_playtime_interface"
L 12/21/2022 - 20:46:57: [SM] Unable to load plugin "all4dead2.smx": Could not find required plugin "left4dhooks"
L 12/21/2022 - 20:46:57: [SM] Unable to load plugin "l4d_fyzb_en_v20.smx": Could not find required plugin "readyup"
L 12/21/2022 - 20:46:57: [SM] Unable to load plugin "fixes/l4d2_fix_firsthit.smx": Could not find required plugin "left4dhooks"
L 12/21/2022 - 20:46:58: [SM] Unable to load plugin "fixes/l4d2_spit_spread_patch.smx": Could not find required plugin "left4dhooks"
L 12/21/2022 - 20:46:58: [SM] Unable to load plugin "fixes/l4d2_rock_trace_unblock.smx": Could not find required plugin "left4dhooks"
L 12/21/2022 - 20:46:58: [SM] Unable to load plugin "fixes/l4d2_ellis_hunter_bandaid_fix.smx": Could not find required plugin "left4dhooks"
L 12/21/2022 - 20:46:58: [SM] Unable to load plugin "fixes/l4d2_boomer_shenanigans.smx": Could not find required plugin "left4dhooks"
L 12/21/2022 - 20:46:58: [SM] Unable to load plugin "fixes/l4d_fix_deathfall_cam.smx": Could not find required plugin "left4dhooks"
L 12/21/2022 - 20:46:58: [SM] Unable to load plugin "fixes/l4d2_no_post_jockey_deadstops.smx": Could not find required plugin "left4dhooks"
L 12/21/2022 - 20:46:58: [SM] Unable to load plugin "l4dffannounce.smx": Could not find required plugin "left4dhooks"
L 12/21/2022 - 20:46:58: [SM] Unable to load plugin "l4d2_spectating_cheat.smx": Could not find required plugin "left4dhooks"
L 12/21/2022 - 20:48:30: SourceMod error session started
L 12/21/2022 - 20:48:30: Info (map "c2m1_highway") (file "/root/Steam/steamapps/common/Left 4 Dead 2 Dedicated Server/left4dead2/addons/sourcemod/logs/errors_20221221.log")
L 12/21/2022 - 20:48:30: [SM] Failed to load plugin "left4dhooks.smx": 
==========
This plugin replaces Left4Downtown. Delete the extension to run.
==========.
L 12/21/2022 - 20:48:30: [SM] Unable to load plugin "confoglcompmod.smx": Could not find required plugin "left4dhooks"
L 12/21/2022 - 20:48:30: [SM] Unable to load plugin "Welcome.smx": Could not find required plugin "l4d2_playtime_interface"
L 12/21/2022 - 20:48:30: [SM] Unable to load plugin "all4dead2.smx": Could not find required plugin "left4dhooks"
L 12/21/2022 - 20:48:30: [SM] Unable to load plugin "l4d_fyzb_en_v20.smx": Could not find required plugin "readyup"
L 12/21/2022 - 20:48:30: [SM] Unable to load plugin "fixes/l4d2_fix_firsthit.smx": Could not find required plugin "left4dhooks"
L 12/21/2022 - 20:48:30: [SM] Unable to load plugin "fixes/l4d2_spit_spread_patch.smx": Could not find required plugin "left4dhooks"
L 12/21/2022 - 20:48:30: [SM] Unable to load plugin "fixes/l4d2_rock_trace_unblock.smx": Could not find required plugin "left4dhooks"
L 12/21/2022 - 20:48:30: [SM] Unable to load plugin "fixes/l4d2_ellis_hunter_bandaid_fix.smx": Could not find required plugin "left4dhooks"
L 12/21/2022 - 20:48:30: [SM] Unable to load plugin "fixes/l4d2_boomer_shenanigans.smx": Could not find required plugin "left4dhooks"
L 12/21/2022 - 20:48:30: [SM] Unable to load plugin "fixes/l4d_fix_deathfall_cam.smx": Could not find required plugin "left4dhooks"
L 12/21/2022 - 20:48:30: [SM] Unable to load plugin "fixes/l4d2_no_post_jockey_deadstops.smx": Could not find required plugin "left4dhooks"
L 12/21/2022 - 20:48:30: [SM] Unable to load plugin "l4dffannounce.smx": Could not find required plugin "left4dhooks"
L 12/21/2022 - 20:48:30: [SM] Unable to load plugin "l4d2_spectating_cheat.smx": Could not find required plugin "left4dhooks"
L 12/21/2022 - 20:49:56: SourceMod error session started
L 12/21/2022 - 20:49:56: Info (map "c2m1_highway") (file "/root/Steam/steamapps/common/Left 4 Dead 2 Dedicated Server/left4dead2/addons/sourcemod/logs/errors_20221221.log")
L 12/21/2022 - 20:49:56: [SM] Failed to load plugin "left4dhooks.smx": 
==========
This plugin replaces Left4Downtown. Delete the extension to run.
==========.
L 12/21/2022 - 20:49:56: [SM] Unable to load plugin "confoglcompmod.smx": Could not find required plugin "left4dhooks"
L 12/21/2022 - 20:49:56: [SM] Unable to load plugin "Welcome.smx": Could not find required plugin "l4d2_playtime_interface"
L 12/21/2022 - 20:49:56: [SM] Unable to load plugin "all4dead2.smx": Could not find required plugin "left4dhooks"
L 12/21/2022 - 20:49:56: [SM] Unable to load plugin "l4d_fyzb_en_v20.smx": Could not find required plugin "readyup"
L 12/21/2022 - 20:49:56: [SM] Unable to load plugin "fixes/l4d2_fix_firsthit.smx": Could not find required plugin "left4dhooks"
L 12/21/2022 - 20:49:56: [SM] Unable to load plugin "fixes/l4d2_spit_spread_patch.smx": Could not find required plugin "left4dhooks"
L 12/21/2022 - 20:49:56: [SM] Unable to load plugin "fixes/l4d2_rock_trace_unblock.smx": Could not find required plugin "left4dhooks"
L 12/21/2022 - 20:49:56: [SM] Unable to load plugin "fixes/l4d2_ellis_hunter_bandaid_fix.smx": Could not find required plugin "left4dhooks"
L 12/21/2022 - 20:49:56: [SM] Unable to load plugin "fixes/l4d2_boomer_shenanigans.smx": Could not find required plugin "left4dhooks"
L 12/21/2022 - 20:49:56: [SM] Unable to load plugin "fixes/l4d_fix_deathfall_cam.smx": Could not find required plugin "left4dhooks"
L 12/21/2022 - 20:49:56: [SM] Unable to load plugin "fixes/l4d2_no_post_jockey_deadstops.smx": Could not find required plugin "left4dhooks"
L 12/21/2022 - 20:49:56: [SM] Unable to load plugin "l4dffannounce.smx": Could not find required plugin "left4dhooks"
L 12/21/2022 - 20:49:56: [SM] Unable to load plugin "l4d2_spectating_cheat.smx": Could not find required plugin "left4dhooks"
L 12/21/2022 - 20:55:08: SourceMod error session started
L 12/21/2022 - 20:55:08: Info (map "c2m1_highway") (file "/root/Steam/steamapps/common/Left 4 Dead 2 Dedicated Server/left4dead2/addons/sourcemod/logs/errors_20221221.log")
L 12/21/2022 - 20:55:08: [SM] Failed to load plugin "left4dhooks.smx": 
==========
This plugin replaces Left4Downtown. Delete the extension to run.
==========.
L 12/21/2022 - 20:55:08: [SM] Unable to load plugin "confoglcompmod.smx": Could not find required plugin "left4dhooks"
L 12/21/2022 - 20:55:08: [SM] Unable to load plugin "Welcome.smx": Could not find required plugin "l4d2_playtime_interface"
L 12/21/2022 - 20:55:08: [SM] Unable to load plugin "all4dead2.smx": Could not find required plugin "left4dhooks"
L 12/21/2022 - 20:55:09: [SM] Unable to load plugin "l4d_fyzb_en_v20.smx": Could not find required plugin "readyup"
L 12/21/2022 - 20:55:09: [SM] Unable to load plugin "fixes/l4d2_fix_firsthit.smx": Could not find required plugin "left4dhooks"
L 12/21/2022 - 20:55:09: [SM] Unable to load plugin "fixes/l4d2_spit_spread_patch.smx": Could not find required plugin "left4dhooks"
L 12/21/2022 - 20:55:09: [SM] Unable to load plugin "fixes/l4d2_rock_trace_unblock.smx": Could not find required plugin "left4dhooks"
L 12/21/2022 - 20:55:09: [SM] Unable to load plugin "fixes/l4d2_ellis_hunter_bandaid_fix.smx": Could not find required plugin "left4dhooks"
L 12/21/2022 - 20:55:09: [SM] Unable to load plugin "fixes/l4d2_boomer_shenanigans.smx": Could not find required plugin "left4dhooks"
L 12/21/2022 - 20:55:09: [SM] Unable to load plugin "fixes/l4d_fix_deathfall_cam.smx": Could not find required plugin "left4dhooks"
L 12/21/2022 - 20:55:09: [SM] Unable to load plugin "fixes/l4d2_no_post_jockey_deadstops.smx": Could not find required plugin "left4dhooks"
L 12/21/2022 - 20:55:09: [SM] Unable to load plugin "l4dffannounce.smx": Could not find required plugin "left4dhooks"
L 12/21/2022 - 20:55:09: [SM] Unable to load plugin "l4d2_spectating_cheat.smx": Could not find required plugin "left4dhooks"
L 12/21/2022 - 20:59:27: SourceMod error session started
L 12/21/2022 - 20:59:27: Info (map "c2m1_highway") (file "/root/Steam/steamapps/common/Left 4 Dead 2 Dedicated Server/left4dead2/addons/sourcemod/logs/errors_20221221.log")
L 12/21/2022 - 20:59:27: [SM] Failed to load plugin "left4dhooks.smx": 
==========
This plugin replaces Left4Downtown. Delete the extension to run.
==========.
L 12/21/2022 - 20:59:28: [SM] Unable to load plugin "confoglcompmod.smx": Could not find required plugin "left4dhooks"
L 12/21/2022 - 20:59:28: [SM] Unable to load plugin "Welcome.smx": Could not find required plugin "l4d2_playtime_interface"
L 12/21/2022 - 20:59:28: [SM] Unable to load plugin "all4dead2.smx": Could not find required plugin "left4dhooks"
L 12/21/2022 - 20:59:28: [SM] Unable to load plugin "l4d_fyzb_en_v20.smx": Could not find required plugin "readyup"
L 12/21/2022 - 20:59:28: [SM] Unable to load plugin "fixes/l4d2_fix_firsthit.smx": Could not find required plugin "left4dhooks"
L 12/21/2022 - 20:59:28: [SM] Unable to load plugin "fixes/l4d2_spit_spread_patch.smx": Could not find required plugin "left4dhooks"
L 12/21/2022 - 20:59:28: [SM] Unable to load plugin "fixes/l4d2_rock_trace_unblock.smx": Could not find required plugin "left4dhooks"
L 12/21/2022 - 20:59:28: [SM] Unable to load plugin "fixes/l4d2_ellis_hunter_bandaid_fix.smx": Could not find required plugin "left4dhooks"
L 12/21/2022 - 20:59:28: [SM] Unable to load plugin "fixes/l4d2_boomer_shenanigans.smx": Could not find required plugin "left4dhooks"
L 12/21/2022 - 20:59:28: [SM] Unable to load plugin "fixes/l4d_fix_deathfall_cam.smx": Could not find required plugin "left4dhooks"
L 12/21/2022 - 20:59:28: [SM] Unable to load plugin "fixes/l4d2_no_post_jockey_deadstops.smx": Could not find required plugin "left4dhooks"
L 12/21/2022 - 20:59:28: [SM] Unable to load plugin "l4dffannounce.smx": Could not find required plugin "left4dhooks"
L 12/21/2022 - 20:59:28: [SM] Unable to load plugin "l4d2_spectating_cheat.smx": Could not find required plugin "left4dhooks"
L 12/21/2022 - 20:59:52: SourceMod error session started
L 12/21/2022 - 20:59:52: Info (map "c2m1_highway") (file "/root/Steam/steamapps/common/Left 4 Dead 2 Dedicated Server/left4dead2/addons/sourcemod/logs/errors_20221221.log")
L 12/21/2022 - 20:59:52: [SM] Failed to load plugin "left4dhooks.smx": 
==========
This plugin replaces Left4Downtown. Delete the extension to run.
==========.
L 12/21/2022 - 20:59:52: [SM] Unable to load plugin "confoglcompmod.smx": Could not find required plugin "left4dhooks"
L 12/21/2022 - 20:59:52: [SM] Unable to load plugin "Welcome.smx": Could not find required plugin "l4d2_playtime_interface"
L 12/21/2022 - 20:59:52: [SM] Unable to load plugin "all4dead2.smx": Could not find required plugin "left4dhooks"
L 12/21/2022 - 20:59:52: [SM] Unable to load plugin "l4d_fyzb_en_v20.smx": Could not find required plugin "readyup"
L 12/21/2022 - 20:59:52: [SM] Unable to load plugin "fixes/l4d2_fix_firsthit.smx": Could not find required plugin "left4dhooks"
L 12/21/2022 - 20:59:53: [SM] Unable to load plugin "fixes/l4d2_spit_spread_patch.smx": Could not find required plugin "left4dhooks"
L 12/21/2022 - 20:59:53: [SM] Unable to load plugin "fixes/l4d2_rock_trace_unblock.smx": Could not find required plugin "left4dhooks"
L 12/21/2022 - 20:59:53: [SM] Unable to load plugin "fixes/l4d2_ellis_hunter_bandaid_fix.smx": Could not find required plugin "left4dhooks"
L 12/21/2022 - 20:59:53: [SM] Unable to load plugin "fixes/l4d2_boomer_shenanigans.smx": Could not find required plugin "left4dhooks"
L 12/21/2022 - 20:59:53: [SM] Unable to load plugin "fixes/l4d_fix_deathfall_cam.smx": Could not find required plugin "left4dhooks"
L 12/21/2022 - 20:59:53: [SM] Unable to load plugin "fixes/l4d2_no_post_jockey_deadstops.smx": Could not find required plugin "left4dhooks"
L 12/21/2022 - 20:59:53: [SM] Unable to load plugin "l4dffannounce.smx": Could not find required plugin "left4dhooks"
L 12/21/2022 - 20:59:53: [SM] Unable to load plugin "l4d2_spectating_cheat.smx": Could not find required plugin "left4dhooks"
L 12/21/2022 - 21:07:47: SourceMod error session started
L 12/21/2022 - 21:07:47: Info (map "c2m1_highway") (file "/root/Steam/steamapps/common/Left 4 Dead 2 Dedicated Server/left4dead2/addons/sourcemod/logs/errors_20221221.log")
L 12/21/2022 - 21:07:47: [SM] Failed to load plugin "left4dhooks.smx": 
====================
This plugin replaces Left4Downtown. Delete the extension to run.
====================.
L 12/21/2022 - 21:07:47: [SM] Unable to load plugin "confoglcompmod.smx": Could not find required plugin "left4dhooks"
L 12/21/2022 - 21:07:47: [SM] Unable to load plugin "Welcome.smx": Could not find required plugin "l4d2_playtime_interface"
L 12/21/2022 - 21:07:47: [SM] Unable to load plugin "all4dead2.smx": Could not find required plugin "left4dhooks"
L 12/21/2022 - 21:07:47: [SM] Unable to load plugin "l4d_fyzb_en_v20.smx": Could not find required plugin "readyup"
L 12/21/2022 - 21:07:47: [SM] Unable to load plugin "fixes/l4d2_fix_firsthit.smx": Could not find required plugin "left4dhooks"
L 12/21/2022 - 21:07:48: [SM] Unable to load plugin "fixes/l4d2_spit_spread_patch.smx": Could not find required plugin "left4dhooks"
L 12/21/2022 - 21:07:48: [SM] Unable to load plugin "fixes/l4d2_rock_trace_unblock.smx": Could not find required plugin "left4dhooks"
L 12/21/2022 - 21:07:48: [SM] Unable to load plugin "fixes/l4d2_ellis_hunter_bandaid_fix.smx": Could not find required plugin "left4dhooks"
L 12/21/2022 - 21:07:48: [SM] Unable to load plugin "fixes/l4d2_boomer_shenanigans.smx": Could not find required plugin "left4dhooks"
L 12/21/2022 - 21:07:48: [SM] Unable to load plugin "fixes/l4d_fix_shove_duration.smx": Could not find required plugin "left4dhooks"
L 12/21/2022 - 21:07:48: [SM] Unable to load plugin "fixes/l4d_fix_deathfall_cam.smx": Could not find required plugin "left4dhooks"
L 12/21/2022 - 21:07:48: [SM] Unable to load plugin "fixes/l4d2_no_post_jockey_deadstops.smx": Could not find required plugin "left4dhooks"
L 12/21/2022 - 21:07:48: [SM] Unable to load plugin "l4dffannounce.smx": Could not find required plugin "left4dhooks"
L 12/21/2022 - 21:07:48: [SM] Unable to load plugin "l4d2_spectating_cheat.smx": Could not find required plugin "left4dhooks"
L 12/21/2022 - 21:10:46: SourceMod error session started
L 12/21/2022 - 21:10:46: Info (map "c2m1_highway") (file "/root/Steam/steamapps/common/Left 4 Dead 2 Dedicated Server/left4dead2/addons/sourcemod/logs/errors_20221221.log")
L 12/21/2022 - 21:10:46: [SM] Failed to load plugin "left4dhooks.smx": 
====================
This plugin replaces Left4Downtown. Delete the extension to run.
====================.
L 12/21/2022 - 21:10:46: [SM] Unable to load plugin "confoglcompmod.smx": Could not find required plugin "left4dhooks"
L 12/21/2022 - 21:10:46: [SM] Unable to load plugin "Welcome.smx": Could not find required plugin "l4d2_playtime_interface"
L 12/21/2022 - 21:10:46: [SM] Unable to load plugin "all4dead2.smx": Could not find required plugin "left4dhooks"
L 12/21/2022 - 21:10:46: [SM] Unable to load plugin "l4d_fyzb_en_v20.smx": Could not find required plugin "readyup"
L 12/21/2022 - 21:10:46: [SM] Unable to load plugin "fixes/l4d2_fix_firsthit.smx": Could not find required plugin "left4dhooks"
L 12/21/2022 - 21:10:47: [SM] Unable to load plugin "fixes/l4d2_spit_spread_patch.smx": Could not find required plugin "left4dhooks"
L 12/21/2022 - 21:10:47: [SM] Unable to load plugin "fixes/l4d2_rock_trace_unblock.smx": Could not find required plugin "left4dhooks"
L 12/21/2022 - 21:10:47: [SM] Unable to load plugin "fixes/l4d2_ellis_hunter_bandaid_fix.smx": Could not find required plugin "left4dhooks"
L 12/21/2022 - 21:10:47: [SM] Unable to load plugin "fixes/l4d2_boomer_shenanigans.smx": Could not find required plugin "left4dhooks"
L 12/21/2022 - 21:10:47: [SM] Unable to load plugin "fixes/l4d_fix_shove_duration.smx": Could not find required plugin "left4dhooks"
L 12/21/2022 - 21:10:47: [SM] Unable to load plugin "fixes/l4d_fix_deathfall_cam.smx": Could not find required plugin "left4dhooks"
L 12/21/2022 - 21:10:47: [SM] Unable to load plugin "fixes/l4d2_no_post_jockey_deadstops.smx": Could not find required plugin "left4dhooks"
L 12/21/2022 - 21:10:47: [SM] Unable to load plugin "l4dffannounce.smx": Could not find required plugin "left4dhooks"
L 12/21/2022 - 21:10:47: [SM] Unable to load plugin "l4d2_spectating_cheat.smx": Could not find required plugin "left4dhooks"
L 12/21/2022 - 21:53:25: SourceMod error session started
L 12/21/2022 - 21:53:25: Info (map "c2m1_highway") (file "/root/Steam/steamapps/common/Left 4 Dead 2 Dedicated Server/left4dead2/addons/sourcemod/logs/errors_20221221.log")
L 12/21/2022 - 21:53:25: [SM] Failed to load plugin "left4dhooks.smx": 
====================
This plugin replaces Left4Downtown. Delete the extension to run.
====================.
L 12/21/2022 - 21:53:25: [SM] Unable to load plugin "confoglcompmod.smx": Could not find required plugin "left4dhooks"
L 12/21/2022 - 21:53:25: [SM] Unable to load plugin "Welcome.smx": Could not find required plugin "l4d2_playtime_interface"
L 12/21/2022 - 21:53:25: [SM] Unable to load plugin "all4dead2.smx": Could not find required plugin "left4dhooks"
L 12/21/2022 - 21:53:25: [SM] Unable to load plugin "l4d_fyzb_en_v20.smx": Could not find required plugin "readyup"
L 12/21/2022 - 21:53:25: [SM] Unable to load plugin "fixes/l4d2_fix_firsthit.smx": Could not find required plugin "left4dhooks"
L 12/21/2022 - 21:53:26: [SM] Unable to load plugin "fixes/l4d2_spit_spread_patch.smx": Could not find required plugin "left4dhooks"
L 12/21/2022 - 21:53:26: [SM] Unable to load plugin "fixes/l4d2_rock_trace_unblock.smx": Could not find required plugin "left4dhooks"
L 12/21/2022 - 21:53:26: [SM] Unable to load plugin "fixes/l4d2_ellis_hunter_bandaid_fix.smx": Could not find required plugin "left4dhooks"
L 12/21/2022 - 21:53:26: [SM] Unable to load plugin "fixes/l4d2_boomer_shenanigans.smx": Could not find required plugin "left4dhooks"
L 12/21/2022 - 21:53:26: [SM] Unable to load plugin "fixes/l4d_fix_shove_duration.smx": Could not find required plugin "left4dhooks"
L 12/21/2022 - 21:53:26: [SM] Unable to load plugin "fixes/l4d_fix_deathfall_cam.smx": Could not find required plugin "left4dhooks"
L 12/21/2022 - 21:53:26: [SM] Unable to load plugin "fixes/l4d2_no_post_jockey_deadstops.smx": Could not find required plugin "left4dhooks"
L 12/21/2022 - 21:53:26: [SM] Unable to load plugin "l4dffannounce.smx": Could not find required plugin "left4dhooks"
L 12/21/2022 - 21:53:26: [SM] Unable to load plugin "l4d2_spectating_cheat.smx": Could not find required plugin "left4dhooks"
L 12/21/2022 - 21:55:11: SourceMod error session started
L 12/21/2022 - 21:55:11: Info (map "c2m1_highway") (file "/root/Steam/steamapps/common/Left 4 Dead 2 Dedicated Server/left4dead2/addons/sourcemod/logs/errors_20221221.log")
L 12/21/2022 - 21:55:11: [SM] Failed to load plugin "left4dhooks.smx": 
====================
This plugin replaces Left4Downtown. Delete the extension to run.
====================.
L 12/21/2022 - 21:55:11: [SM] Unable to load plugin "confoglcompmod.smx": Could not find required plugin "left4dhooks"
L 12/21/2022 - 21:55:11: [SM] Unable to load plugin "Welcome.smx": Could not find required plugin "l4d2_playtime_interface"
L 12/21/2022 - 21:55:11: [SM] Unable to load plugin "all4dead2.smx": Could not find required plugin "left4dhooks"
L 12/21/2022 - 21:55:11: [SM] Unable to load plugin "l4d_fyzb_en_v20.smx": Could not find required plugin "readyup"
L 12/21/2022 - 21:55:11: [SM] Unable to load plugin "fixes/l4d2_fix_firsthit.smx": Could not find required plugin "left4dhooks"
L 12/21/2022 - 21:55:12: [SM] Unable to load plugin "fixes/l4d2_spit_spread_patch.smx": Could not find required plugin "left4dhooks"
L 12/21/2022 - 21:55:12: [SM] Unable to load plugin "fixes/l4d2_rock_trace_unblock.smx": Could not find required plugin "left4dhooks"
L 12/21/2022 - 21:55:12: [SM] Unable to load plugin "fixes/l4d2_ellis_hunter_bandaid_fix.smx": Could not find required plugin "left4dhooks"
L 12/21/2022 - 21:55:12: [SM] Unable to load plugin "fixes/l4d2_boomer_shenanigans.smx": Could not find required plugin "left4dhooks"
L 12/21/2022 - 21:55:12: [SM] Unable to load plugin "fixes/l4d_fix_shove_duration.smx": Could not find required plugin "left4dhooks"
L 12/21/2022 - 21:55:12: [SM] Unable to load plugin "fixes/l4d_fix_deathfall_cam.smx": Could not find required plugin "left4dhooks"
L 12/21/2022 - 21:55:12: [SM] Unable to load plugin "fixes/l4d2_no_post_jockey_deadstops.smx": Could not find required plugin "left4dhooks"
L 12/21/2022 - 21:55:12: [SM] Unable to load plugin "l4dffannounce.smx": Could not find required plugin "left4dhooks"
L 12/21/2022 - 21:55:12: [SM] Unable to load plugin "l4d2_spectating_cheat.smx": Could not find required plugin "left4dhooks"
L 12/21/2022 - 21:57:00: SourceMod error session started
L 12/21/2022 - 21:57:00: Info (map "c2m1_highway") (file "/root/Steam/steamapps/common/Left 4 Dead 2 Dedicated Server/left4dead2/addons/sourcemod/logs/errors_20221221.log")
L 12/21/2022 - 21:57:00: [SM] Failed to load plugin "left4dhooks.smx": 
====================
This plugin replaces Left4Downtown. Delete the extension to run.
====================.
L 12/21/2022 - 21:57:00: [SM] Unable to load plugin "confoglcompmod.smx": Could not find required plugin "left4dhooks"
L 12/21/2022 - 21:57:00: [SM] Unable to load plugin "Welcome.smx": Could not find required plugin "l4d2_playtime_interface"
L 12/21/2022 - 21:57:00: [SM] Unable to load plugin "all4dead2.smx": Could not find required plugin "left4dhooks"
L 12/21/2022 - 21:57:00: [SM] Unable to load plugin "l4d_fyzb_en_v20.smx": Could not find required plugin "readyup"
L 12/21/2022 - 21:57:00: [SM] Unable to load plugin "fixes/l4d2_fix_firsthit.smx": Could not find required plugin "left4dhooks"
L 12/21/2022 - 21:57:01: [SM] Unable to load plugin "fixes/l4d2_spit_spread_patch.smx": Could not find required plugin "left4dhooks"
L 12/21/2022 - 21:57:01: [SM] Unable to load plugin "fixes/l4d2_rock_trace_unblock.smx": Could not find required plugin "left4dhooks"
L 12/21/2022 - 21:57:01: [SM] Unable to load plugin "fixes/l4d2_ellis_hunter_bandaid_fix.smx": Could not find required plugin "left4dhooks"
L 12/21/2022 - 21:57:01: [SM] Unable to load plugin "fixes/l4d2_boomer_shenanigans.smx": Could not find required plugin "left4dhooks"
L 12/21/2022 - 21:57:01: [SM] Unable to load plugin "fixes/l4d_fix_shove_duration.smx": Could not find required plugin "left4dhooks"
L 12/21/2022 - 21:57:01: [SM] Unable to load plugin "fixes/l4d_fix_deathfall_cam.smx": Could not find required plugin "left4dhooks"
L 12/21/2022 - 21:57:01: [SM] Unable to load plugin "fixes/l4d2_no_post_jockey_deadstops.smx": Could not find required plugin "left4dhooks"
L 12/21/2022 - 21:57:01: [SM] Unable to load plugin "l4dffannounce.smx": Could not find required plugin "left4dhooks"
L 12/21/2022 - 21:57:01: [SM] Unable to load plugin "l4d2_spectating_cheat.smx": Could not find required plugin "left4dhooks"
L 12/21/2022 - 21:57:42: SourceMod error session started
L 12/21/2022 - 21:57:42: Info (map "c2m1_highway") (file "/root/Steam/steamapps/common/Left 4 Dead 2 Dedicated Server/left4dead2/addons/sourcemod/logs/errors_20221221.log")
L 12/21/2022 - 21:57:42: [SM] Failed to load plugin "left4dhooks.smx": 
====================
This plugin replaces Left4Downtown. Delete the extension to run.
====================.
L 12/21/2022 - 21:57:42: [SM] Unable to load plugin "confoglcompmod.smx": Could not find required plugin "left4dhooks"
L 12/21/2022 - 21:57:42: [SM] Unable to load plugin "Welcome.smx": Could not find required plugin "l4d2_playtime_interface"
L 12/21/2022 - 21:57:42: [SM] Unable to load plugin "all4dead2.smx": Could not find required plugin "left4dhooks"
L 12/21/2022 - 21:57:42: [SM] Unable to load plugin "l4d_fyzb_en_v20.smx": Could not find required plugin "readyup"
L 12/21/2022 - 21:57:42: [SM] Unable to load plugin "fixes/l4d2_fix_firsthit.smx": Could not find required plugin "left4dhooks"
L 12/21/2022 - 21:57:43: [SM] Unable to load plugin "fixes/l4d2_spit_spread_patch.smx": Could not find required plugin "left4dhooks"
L 12/21/2022 - 21:57:43: [SM] Unable to load plugin "fixes/l4d2_rock_trace_unblock.smx": Could not find required plugin "left4dhooks"
L 12/21/2022 - 21:57:43: [SM] Unable to load plugin "fixes/l4d2_ellis_hunter_bandaid_fix.smx": Could not find required plugin "left4dhooks"
L 12/21/2022 - 21:57:43: [SM] Unable to load plugin "fixes/l4d2_boomer_shenanigans.smx": Could not find required plugin "left4dhooks"
L 12/21/2022 - 21:57:43: [SM] Unable to load plugin "fixes/l4d_fix_shove_duration.smx": Could not find required plugin "left4dhooks"
L 12/21/2022 - 21:57:43: [SM] Unable to load plugin "fixes/l4d_fix_deathfall_cam.smx": Could not find required plugin "left4dhooks"
L 12/21/2022 - 21:57:43: [SM] Unable to load plugin "fixes/l4d2_no_post_jockey_deadstops.smx": Could not find required plugin "left4dhooks"
L 12/21/2022 - 21:57:43: [SM] Unable to load plugin "l4dffannounce.smx": Could not find required plugin "left4dhooks"
L 12/21/2022 - 21:57:43: [SM] Unable to load plugin "l4d2_spectating_cheat.smx": Could not find required plugin "left4dhooks"
L 12/21/2022 - 22:02:02: SourceMod error session started
L 12/21/2022 - 22:02:02: Info (map "c2m1_highway") (file "/root/Steam/steamapps/common/Left 4 Dead 2 Dedicated Server/left4dead2/addons/sourcemod/logs/errors_20221221.log")
L 12/21/2022 - 22:02:02: [SM] Failed to load plugin "left4dhooks.smx": 
====================
This plugin replaces Left4Downtown. Delete the extension to run.
====================.
L 12/21/2022 - 22:02:02: [SM] Unable to load plugin "confoglcompmod.smx": Could not find required plugin "left4dhooks"
L 12/21/2022 - 22:02:02: [SM] Unable to load plugin "Welcome.smx": Could not find required plugin "l4d2_playtime_interface"
L 12/21/2022 - 22:02:02: [SM] Unable to load plugin "all4dead2.smx": Could not find required plugin "left4dhooks"
L 12/21/2022 - 22:02:02: [SM] Unable to load plugin "l4d_fyzb_en_v20.smx": Could not find required plugin "readyup"
L 12/21/2022 - 22:02:02: [SM] Unable to load plugin "fixes/l4d2_fix_firsthit.smx": Could not find required plugin "left4dhooks"
L 12/21/2022 - 22:02:03: [SM] Unable to load plugin "fixes/l4d2_spit_spread_patch.smx": Could not find required plugin "left4dhooks"
L 12/21/2022 - 22:02:03: [SM] Unable to load plugin "fixes/l4d2_rock_trace_unblock.smx": Could not find required plugin "left4dhooks"
L 12/21/2022 - 22:02:03: [SM] Unable to load plugin "fixes/l4d2_ellis_hunter_bandaid_fix.smx": Could not find required plugin "left4dhooks"
L 12/21/2022 - 22:02:03: [SM] Unable to load plugin "fixes/l4d2_boomer_shenanigans.smx": Could not find required plugin "left4dhooks"
L 12/21/2022 - 22:02:03: [SM] Unable to load plugin "fixes/l4d_fix_shove_duration.smx": Could not find required plugin "left4dhooks"
L 12/21/2022 - 22:02:03: [SM] Unable to load plugin "fixes/l4d_fix_deathfall_cam.smx": Could not find required plugin "left4dhooks"
L 12/21/2022 - 22:02:03: [SM] Unable to load plugin "fixes/l4d2_no_post_jockey_deadstops.smx": Could not find required plugin "left4dhooks"
L 12/21/2022 - 22:02:03: [SM] Unable to load plugin "l4dffannounce.smx": Could not find required plugin "left4dhooks"
L 12/21/2022 - 22:02:03: [SM] Unable to load plugin "l4d2_spectating_cheat.smx": Could not find required plugin "left4dhooks"
L 12/21/2022 - 22:06:04: Error log file session closed.
L 12/21/2022 - 22:12:06: SourceMod error session started
L 12/21/2022 - 22:12:06: Info (map "c2m1_highway") (file "/root/Steam/steamapps/common/Left 4 Dead 2 Dedicated Server/left4dead2/addons/sourcemod/logs/errors_20221221.log")
L 12/21/2022 - 22:12:06: [SM] Failed to load plugin "left4dhooks.smx": 
====================
This plugin replaces Left4Downtown. Delete the extension to run.
====================.
L 12/21/2022 - 22:12:06: [SM] Unable to load plugin "confoglcompmod.smx": Could not find required plugin "left4dhooks"
L 12/21/2022 - 22:12:06: [SM] Unable to load plugin "Welcome.smx": Could not find required plugin "l4d2_playtime_interface"
L 12/21/2022 - 22:12:06: [SM] Unable to load plugin "all4dead2.smx": Could not find required plugin "left4dhooks"
L 12/21/2022 - 22:12:06: [SM] Unable to load plugin "l4d_fyzb_en_v20.smx": Could not find required plugin "readyup"
L 12/21/2022 - 22:12:06: [SM] Unable to load plugin "fixes/l4d2_fix_firsthit.smx": Could not find required plugin "left4dhooks"
L 12/21/2022 - 22:12:07: [SM] Unable to load plugin "fixes/l4d2_spit_spread_patch.smx": Could not find required plugin "left4dhooks"
L 12/21/2022 - 22:12:07: [SM] Unable to load plugin "fixes/l4d2_rock_trace_unblock.smx": Could not find required plugin "left4dhooks"
L 12/21/2022 - 22:12:07: [SM] Unable to load plugin "fixes/l4d2_ellis_hunter_bandaid_fix.smx": Could not find required plugin "left4dhooks"
L 12/21/2022 - 22:12:07: [SM] Unable to load plugin "fixes/l4d2_boomer_shenanigans.smx": Could not find required plugin "left4dhooks"
L 12/21/2022 - 22:12:07: [SM] Unable to load plugin "fixes/l4d_fix_shove_duration.smx": Could not find required plugin "left4dhooks"
L 12/21/2022 - 22:12:07: [SM] Unable to load plugin "fixes/l4d_fix_deathfall_cam.smx": Could not find required plugin "left4dhooks"
L 12/21/2022 - 22:12:07: [SM] Unable to load plugin "fixes/l4d2_no_post_jockey_deadstops.smx": Could not find required plugin "left4dhooks"
L 12/21/2022 - 22:12:07: [SM] Unable to load plugin "l4dffannounce.smx": Could not find required plugin "left4dhooks"
L 12/21/2022 - 22:12:07: [SM] Unable to load plugin "l4d2_spectating_cheat.smx": Could not find required plugin "left4dhooks"
L 12/22/2022 - 11:21:55: Error log file session closed.
