L 01/30/2023 - 14:27:20: SourceMod log file session started (file "/root/Steam/steamapps/common/Left 4 Dead 2 Dedicated Server/left4dead2/addons/sourcemod/logs/L20230130.log") (Version "1.11.0.6825")
L 01/30/2023 - 14:27:20: [GEOIP] GeoIP2 database loaded: GeoLite2-City (2019-12-17 20:01:26 UTC)
L 01/30/2023 - 14:27:20: [GEOIP] GeoIP2 supported languages: de en es fr ja pt-BR ru zh-CN
L 01/30/2023 - 14:27:20: [GEOIPCITY] GeoIPCity database info: GEO-533LITE 20150106 Build 1 Copyright (c) 2015 MaxMind Inc All Rights Reserved
L 01/30/2023 - 14:27:23: [basecommands.smx] "Console<0><Console><Console>" changed cvar (cvar "sv_minrate") (value "100000")
L 01/30/2023 - 14:27:23: [basecommands.smx] "Console<0><Console><Console>" changed cvar (cvar "sv_maxrate") (value "100000")
L 01/30/2023 - 14:27:23: [basecommands.smx] "Console<0><Console><Console>" changed cvar (cvar "sv_minupdaterate") (value "100")
L 01/30/2023 - 14:27:23: [basecommands.smx] "Console<0><Console><Console>" changed cvar (cvar "sv_maxupdaterate") (value "100")
L 01/30/2023 - 14:27:23: [basecommands.smx] "Console<0><Console><Console>" changed cvar (cvar "sv_mincmdrate") (value "100")
L 01/30/2023 - 14:27:23: [basecommands.smx] "Console<0><Console><Console>" changed cvar (cvar "sv_maxcmdrate") (value "100")
L 01/30/2023 - 14:27:23: [basecommands.smx] "Console<0><Console><Console>" changed cvar (cvar "sv_client_min_interp_ratio") (value "-1")
L 01/30/2023 - 14:27:23: [basecommands.smx] "Console<0><Console><Console>" changed cvar (cvar "sv_client_max_interp_ratio") (value "0")
L 01/30/2023 - 14:27:23: [basecommands.smx] "Console<0><Console><Console>" changed cvar (cvar "nb_update_frequency") (value "0.014")
L 01/30/2023 - 14:27:23: [basecommands.smx] "Console<0><Console><Console>" changed cvar (cvar "net_splitpacket_maxrate") (value "50000")
L 01/30/2023 - 14:27:23: [basecommands.smx] "Console<0><Console><Console>" changed cvar (cvar "fps_max") (value "0")
L 01/30/2023 - 14:27:23: [basecommands.smx] "Console<0><Console><Console>" changed cvar (cvar "sv_allow_wait_command") (value "0")
L 01/30/2023 - 14:27:23: [basecommands.smx] "Console<0><Console><Console>" changed cvar (cvar "tick_door_speed") (value "1.3")
L 01/30/2023 - 14:27:23: [basecommands.smx] "Console<0><Console><Console>" changed cvar (cvar "mp_autoteambalance") (value "0")
L 01/30/2023 - 14:27:23: [basecommands.smx] "Console<0><Console><Console>" changed cvar (cvar "sv_unlag_fixstuck") (value "1")
L 01/30/2023 - 14:27:23: [basecommands.smx] "Console<0><Console><Console>" changed cvar (cvar "z_brawl_chance") (value "0")
L 01/30/2023 - 14:27:23: [basecommands.smx] "Console<0><Console><Console>" changed cvar (cvar "sv_maxunlag") (value "1")
L 01/30/2023 - 14:27:23: [basecommands.smx] "Console<0><Console><Console>" changed cvar (cvar "sv_forcepreload") (value "1")
L 01/30/2023 - 14:27:23: [basecommands.smx] "Console<0><Console><Console>" changed cvar (cvar "sv_client_predict") (value "1")
L 01/30/2023 - 14:27:23: [basecommands.smx] "Console<0><Console><Console>" changed cvar (cvar "sv_client_cmdrate_difference") (value "0")
L 01/30/2023 - 14:27:23: [basecommands.smx] "Console<0><Console><Console>" changed cvar (cvar "sv_max_queries_sec_global") (value "10")
L 01/30/2023 - 14:27:23: [basecommands.smx] "Console<0><Console><Console>" changed cvar (cvar "sv_max_queries_sec") (value "3")
L 01/30/2023 - 14:27:23: [basecommands.smx] "Console<0><Console><Console>" changed cvar (cvar "sv_max_queries_window") (value "10")
L 01/30/2023 - 14:27:23: [basecommands.smx] "Console<0><Console><Console>" changed cvar (cvar "sv_player_stuck_tolerance") (value "5")
L 01/30/2023 - 14:27:23: [basecommands.smx] "Console<0><Console><Console>" changed cvar (cvar "sv_stats") (value "0")
L 01/30/2023 - 14:27:23: [basecommands.smx] "Console<0><Console><Console>" changed cvar (cvar "sv_clockcorrection_msecs") (value "25")
L 01/30/2023 - 14:27:23: [basecommands.smx] "Console<0><Console><Console>" changed cvar (cvar "sb_all_bot_game") (value "1")
L 01/30/2023 - 14:27:23: [basecommands.smx] "Console<0><Console><Console>" changed cvar (cvar "sv_allowupload") (value "0")
L 01/30/2023 - 14:27:23: [basecommands.smx] "Console<0><Console><Console>" changed cvar (cvar "sv_allowdownload") (value "0")
L 01/30/2023 - 14:27:23: [basecommands.smx] "Console<0><Console><Console>" changed cvar (cvar "decalfrequency") (value "1.0")
L 01/30/2023 - 14:27:23: [basecommands.smx] "Console<0><Console><Console>" changed cvar (cvar "mv_maxplayers") (value "12")
L 01/30/2023 - 14:27:23: [basecommands.smx] "Console<0><Console><Console>" changed cvar (cvar "sn_main_name_path") (value "hostname/hostname.txt")
L 01/30/2023 - 14:27:23: [basecommands.smx] "Console<0><Console><Console>" changed cvar (cvar "sn_hostname_format1") (value "{hostname} >> {gamemode}")
L 01/30/2023 - 14:27:23: [basecommands.smx] "Console<0><Console><Console>" changed cvar (cvar "sn_hostname_format2") (value "{hostname} >> {gamemode} - {difficulty}")
L 01/30/2023 - 14:27:23: [basecommands.smx] "Console<0><Console><Console>" changed cvar (cvar "sn_hostname_format3") (value "{hostname} >>")
L 01/30/2023 - 14:28:05: [cannounce.smx] Admin 23℃ <STEAM_1:0:246466989> connected from country China (CN), IP 223.149.53.89
L 01/30/2023 - 14:30:24: [all4dead2.smx] [NOTICE]: (23℃<2><STEAM_1:0:246466989><>) has spawned a charger
L 01/30/2023 - 14:30:33: [all4dead2.smx] [NOTICE]: (23℃<2><STEAM_1:0:246466989><>) has spawned a charger
L 01/30/2023 - 14:30:33: [all4dead2.smx] [NOTICE]: (23℃<2><STEAM_1:0:246466989><>) has spawned a tank
L 01/30/2023 - 14:30:34: [all4dead2.smx] [NOTICE]: (23℃<2><STEAM_1:0:246466989><>) has spawned a tank
L 01/30/2023 - 14:30:48: [all4dead2.smx] [NOTICE]: (23℃<2><STEAM_1:0:246466989><>) has spawned a charger
L 01/30/2023 - 14:30:52: [all4dead2.smx] [NOTICE]: (23℃<2><STEAM_1:0:246466989><>) has spawned a charger
L 01/30/2023 - 14:30:59: [all4dead2.smx] [NOTICE]: (23℃<2><STEAM_1:0:246466989><>) has spawned a charger
L 01/30/2023 - 14:31:03: [all4dead2.smx] [NOTICE]: (23℃<2><STEAM_1:0:246466989><>) has spawned a charger
L 01/30/2023 - 14:31:07: [all4dead2.smx] [NOTICE]: (23℃<2><STEAM_1:0:246466989><>) has spawned a charger
L 01/30/2023 - 14:32:29: [confoglcompmod.smx] [PasswordSystem] Set password on 23℃, password 
L 01/30/2023 - 14:32:29: [basecommands.smx] "Console<0><Console><Console>" changed cvar (cvar "confogl_match_execcfg_plugins") (value "generalfixes.cfg;confogl_plugins.cfg;sharedplugins.cfg")
L 01/30/2023 - 14:32:29: [basecommands.smx] "Console<0><Console><Console>" changed cvar (cvar "l4d2_addons_eclipse") (value "0")
L 01/30/2023 - 14:32:29: [basecommands.smx] "Console<0><Console><Console>" changed cvar (cvar "sv_allow_wait_command") (value "0")
L 01/30/2023 - 14:32:29: [basecommands.smx] "Console<0><Console><Console>" changed cvar (cvar "sv_minrate") (value "100000")
L 01/30/2023 - 14:32:29: [basecommands.smx] "Console<0><Console><Console>" changed cvar (cvar "sv_maxrate") (value "100000")
L 01/30/2023 - 14:32:29: [basecommands.smx] "Console<0><Console><Console>" changed cvar (cvar "sv_minupdaterate") (value "100")
L 01/30/2023 - 14:32:29: [basecommands.smx] "Console<0><Console><Console>" changed cvar (cvar "sv_maxupdaterate") (value "100")
L 01/30/2023 - 14:32:29: [basecommands.smx] "Console<0><Console><Console>" changed cvar (cvar "sv_mincmdrate") (value "100")
L 01/30/2023 - 14:32:29: [basecommands.smx] "Console<0><Console><Console>" changed cvar (cvar "sv_maxcmdrate") (value "100")
L 01/30/2023 - 14:32:29: [basecommands.smx] "Console<0><Console><Console>" changed cvar (cvar "sv_client_min_interp_ratio") (value "-1")
L 01/30/2023 - 14:32:29: [basecommands.smx] "Console<0><Console><Console>" changed cvar (cvar "sv_client_max_interp_ratio") (value "0")
L 01/30/2023 - 14:32:29: [basecommands.smx] "Console<0><Console><Console>" changed cvar (cvar "nb_update_frequency") (value "0.014")
L 01/30/2023 - 14:32:29: [basecommands.smx] "Console<0><Console><Console>" changed cvar (cvar "net_splitpacket_maxrate") (value "50000")
L 01/30/2023 - 14:32:29: [basecommands.smx] "Console<0><Console><Console>" changed cvar (cvar "fps_max") (value "0")
L 01/30/2023 - 14:32:29: [basecommands.smx] "Console<0><Console><Console>" changed cvar (cvar "tick_door_speed") (value "1.3")
L 01/30/2023 - 14:32:29: [basecommands.smx] "Console<0><Console><Console>" changed cvar (cvar "mv_maxplayers") (value "12")
L 01/30/2023 - 14:32:29: [basecommands.smx] "Console<0><Console><Console>" changed cvar (cvar "mp_autoteambalance") (value "0")
L 01/30/2023 - 14:32:29: [basecommands.smx] "Console<0><Console><Console>" changed cvar (cvar "sv_unlag_fixstuck") (value "1")
L 01/30/2023 - 14:32:29: [basecommands.smx] "Console<0><Console><Console>" changed cvar (cvar "z_brawl_chance") (value "0")
L 01/30/2023 - 14:32:29: [basecommands.smx] "Console<0><Console><Console>" changed cvar (cvar "sv_maxunlag") (value "1")
L 01/30/2023 - 14:32:29: [basecommands.smx] "Console<0><Console><Console>" changed cvar (cvar "sv_forcepreload") (value "1")
L 01/30/2023 - 14:32:29: [basecommands.smx] "Console<0><Console><Console>" changed cvar (cvar "sv_client_predict") (value "1")
L 01/30/2023 - 14:32:29: [basecommands.smx] "Console<0><Console><Console>" changed cvar (cvar "sv_client_cmdrate_difference") (value "0")
L 01/30/2023 - 14:32:29: [basecommands.smx] "Console<0><Console><Console>" changed cvar (cvar "sv_max_queries_sec_global") (value "10")
L 01/30/2023 - 14:32:29: [basecommands.smx] "Console<0><Console><Console>" changed cvar (cvar "sv_max_queries_sec") (value "3")
L 01/30/2023 - 14:32:29: [basecommands.smx] "Console<0><Console><Console>" changed cvar (cvar "sv_max_queries_window") (value "10")
L 01/30/2023 - 14:32:29: [basecommands.smx] "Console<0><Console><Console>" changed cvar (cvar "sv_player_stuck_tolerance") (value "5")
L 01/30/2023 - 14:32:29: [basecommands.smx] "Console<0><Console><Console>" changed cvar (cvar "sv_stats") (value "0")
L 01/30/2023 - 14:32:29: [basecommands.smx] "Console<0><Console><Console>" changed cvar (cvar "sv_clockcorrection_msecs") (value "25")
L 01/30/2023 - 14:32:29: [basecommands.smx] "Console<0><Console><Console>" changed cvar (cvar "sb_all_bot_game") (value "1")
L 01/30/2023 - 14:32:29: [basecommands.smx] "Console<0><Console><Console>" changed cvar (cvar "sn_hostname_format2") (value "{hostname} >> {gamemode} - {difficulty}")
L 01/30/2023 - 14:32:29: [basecommands.smx] "Console<0><Console><Console>" changed cvar (cvar "sn_hostname_format3") (value "{hostname} >>")
L 01/30/2023 - 14:32:29: [basecommands.smx] "Console<0><Console><Console>" changed cvar (cvar "sv_minrate") (value "100000")
L 01/30/2023 - 14:32:29: [basecommands.smx] "Console<0><Console><Console>" changed cvar (cvar "sv_maxrate") (value "100000")
L 01/30/2023 - 14:32:29: [basecommands.smx] "Console<0><Console><Console>" changed cvar (cvar "sv_minupdaterate") (value "100")
L 01/30/2023 - 14:32:29: [basecommands.smx] "Console<0><Console><Console>" changed cvar (cvar "sv_maxupdaterate") (value "100")
L 01/30/2023 - 14:32:29: [basecommands.smx] "Console<0><Console><Console>" changed cvar (cvar "sv_mincmdrate") (value "100")
L 01/30/2023 - 14:32:29: [basecommands.smx] "Console<0><Console><Console>" changed cvar (cvar "sv_maxcmdrate") (value "100")
L 01/30/2023 - 14:32:29: [basecommands.smx] "Console<0><Console><Console>" changed cvar (cvar "sv_client_min_interp_ratio") (value "-1")
L 01/30/2023 - 14:32:29: [basecommands.smx] "Console<0><Console><Console>" changed cvar (cvar "sv_client_max_interp_ratio") (value "0")
L 01/30/2023 - 14:32:29: [basecommands.smx] "Console<0><Console><Console>" changed cvar (cvar "nb_update_frequency") (value "0.014")
L 01/30/2023 - 14:32:29: [basecommands.smx] "Console<0><Console><Console>" changed cvar (cvar "net_splitrate") (value "2")
L 01/30/2023 - 14:32:29: [basecommands.smx] "Console<0><Console><Console>" changed cvar (cvar "net_splitpacket_maxrate") (value "60000")
L 01/30/2023 - 14:32:29: [basecommands.smx] "Console<0><Console><Console>" changed cvar (cvar "net_maxcleartime") (value "0.0001")
L 01/30/2023 - 14:32:29: [basecommands.smx] "Console<0><Console><Console>" changed cvar (cvar "sv_minrate") (value "100000")
L 01/30/2023 - 14:32:29: [basecommands.smx] "Console<0><Console><Console>" changed cvar (cvar "sv_maxrate") (value "100000")
L 01/30/2023 - 14:32:29: [basecommands.smx] "Console<0><Console><Console>" changed cvar (cvar "sv_minupdaterate") (value "100")
L 01/30/2023 - 14:32:29: [basecommands.smx] "Console<0><Console><Console>" changed cvar (cvar "sv_maxupdaterate") (value "100")
L 01/30/2023 - 14:32:29: [basecommands.smx] "Console<0><Console><Console>" changed cvar (cvar "sv_mincmdrate") (value "100")
L 01/30/2023 - 14:32:29: [basecommands.smx] "Console<0><Console><Console>" changed cvar (cvar "sv_maxcmdrate") (value "100")
L 01/30/2023 - 14:32:29: [basecommands.smx] "Console<0><Console><Console>" changed cvar (cvar "sv_client_min_interp_ratio") (value "-1")
L 01/30/2023 - 14:32:29: [basecommands.smx] "Console<0><Console><Console>" changed cvar (cvar "sv_client_max_interp_ratio") (value "0")
L 01/30/2023 - 14:32:29: [basecommands.smx] "Console<0><Console><Console>" changed cvar (cvar "nb_update_frequency") (value "0.014")
L 01/30/2023 - 14:32:29: [basecommands.smx] "Console<0><Console><Console>" changed cvar (cvar "net_splitrate") (value "2")
L 01/30/2023 - 14:32:29: [basecommands.smx] "Console<0><Console><Console>" changed cvar (cvar "net_splitpacket_maxrate") (value "60000")
L 01/30/2023 - 14:32:29: [basecommands.smx] "Console<0><Console><Console>" changed cvar (cvar "net_maxcleartime") (value "0.0001")
L 01/30/2023 - 14:32:32: -------- Mapchange to c2m1_highway --------
L 01/30/2023 - 14:32:34: [basecommands.smx] "Console<0><Console><Console>" changed cvar (cvar "sv_minrate") (value "100000")
L 01/30/2023 - 14:32:34: [basecommands.smx] "Console<0><Console><Console>" changed cvar (cvar "sv_maxrate") (value "100000")
L 01/30/2023 - 14:32:34: [basecommands.smx] "Console<0><Console><Console>" changed cvar (cvar "sv_minupdaterate") (value "100")
L 01/30/2023 - 14:32:34: [basecommands.smx] "Console<0><Console><Console>" changed cvar (cvar "sv_maxupdaterate") (value "100")
L 01/30/2023 - 14:32:34: [basecommands.smx] "Console<0><Console><Console>" changed cvar (cvar "sv_mincmdrate") (value "100")
L 01/30/2023 - 14:32:34: [basecommands.smx] "Console<0><Console><Console>" changed cvar (cvar "sv_maxcmdrate") (value "100")
L 01/30/2023 - 14:32:34: [basecommands.smx] "Console<0><Console><Console>" changed cvar (cvar "sv_client_min_interp_ratio") (value "-1")
L 01/30/2023 - 14:32:34: [basecommands.smx] "Console<0><Console><Console>" changed cvar (cvar "sv_client_max_interp_ratio") (value "0")
L 01/30/2023 - 14:32:34: [basecommands.smx] "Console<0><Console><Console>" changed cvar (cvar "nb_update_frequency") (value "0.014")
L 01/30/2023 - 14:32:34: [basecommands.smx] "Console<0><Console><Console>" changed cvar (cvar "net_splitpacket_maxrate") (value "50000")
L 01/30/2023 - 14:32:34: [basecommands.smx] "Console<0><Console><Console>" changed cvar (cvar "fps_max") (value "0")
L 01/30/2023 - 14:32:34: [basecommands.smx] "Console<0><Console><Console>" changed cvar (cvar "sv_allow_wait_command") (value "0")
L 01/30/2023 - 14:32:34: [basecommands.smx] "Console<0><Console><Console>" changed cvar (cvar "tick_door_speed") (value "1.3")
L 01/30/2023 - 14:32:34: [basecommands.smx] "Console<0><Console><Console>" changed cvar (cvar "mp_autoteambalance") (value "0")
L 01/30/2023 - 14:32:34: [basecommands.smx] "Console<0><Console><Console>" changed cvar (cvar "sv_unlag_fixstuck") (value "1")
L 01/30/2023 - 14:32:34: [basecommands.smx] "Console<0><Console><Console>" changed cvar (cvar "z_brawl_chance") (value "0")
L 01/30/2023 - 14:32:34: [basecommands.smx] "Console<0><Console><Console>" changed cvar (cvar "sv_maxunlag") (value "1")
L 01/30/2023 - 14:32:34: [basecommands.smx] "Console<0><Console><Console>" changed cvar (cvar "sv_forcepreload") (value "1")
L 01/30/2023 - 14:32:34: [basecommands.smx] "Console<0><Console><Console>" changed cvar (cvar "sv_client_predict") (value "1")
L 01/30/2023 - 14:32:34: [basecommands.smx] "Console<0><Console><Console>" changed cvar (cvar "sv_client_cmdrate_difference") (value "0")
L 01/30/2023 - 14:32:34: [basecommands.smx] "Console<0><Console><Console>" changed cvar (cvar "sv_max_queries_sec_global") (value "10")
L 01/30/2023 - 14:32:34: [basecommands.smx] "Console<0><Console><Console>" changed cvar (cvar "sv_max_queries_sec") (value "3")
L 01/30/2023 - 14:32:34: [basecommands.smx] "Console<0><Console><Console>" changed cvar (cvar "sv_max_queries_window") (value "10")
L 01/30/2023 - 14:32:34: [basecommands.smx] "Console<0><Console><Console>" changed cvar (cvar "sv_player_stuck_tolerance") (value "5")
L 01/30/2023 - 14:32:34: [basecommands.smx] "Console<0><Console><Console>" changed cvar (cvar "sv_stats") (value "0")
L 01/30/2023 - 14:32:34: [basecommands.smx] "Console<0><Console><Console>" changed cvar (cvar "sv_clockcorrection_msecs") (value "25")
L 01/30/2023 - 14:32:34: [basecommands.smx] "Console<0><Console><Console>" changed cvar (cvar "sb_all_bot_game") (value "1")
L 01/30/2023 - 14:32:34: [basecommands.smx] "Console<0><Console><Console>" changed cvar (cvar "sv_allowupload") (value "0")
L 01/30/2023 - 14:32:34: [basecommands.smx] "Console<0><Console><Console>" changed cvar (cvar "sv_allowdownload") (value "0")
L 01/30/2023 - 14:32:34: [basecommands.smx] "Console<0><Console><Console>" changed cvar (cvar "decalfrequency") (value "1.0")
L 01/30/2023 - 14:32:34: [basecommands.smx] "Console<0><Console><Console>" changed cvar (cvar "mv_maxplayers") (value "12")
L 01/30/2023 - 14:32:34: [basecommands.smx] "Console<0><Console><Console>" changed cvar (cvar "sn_main_name_path") (value "hostname/hostname.txt")
L 01/30/2023 - 14:32:34: [basecommands.smx] "Console<0><Console><Console>" changed cvar (cvar "sn_hostname_format1") (value "{hostname} >> {gamemode}")
L 01/30/2023 - 14:32:34: [basecommands.smx] "Console<0><Console><Console>" changed cvar (cvar "sn_hostname_format2") (value "{hostname} >> {gamemode} - {difficulty}")
L 01/30/2023 - 14:32:34: [basecommands.smx] "Console<0><Console><Console>" changed cvar (cvar "sn_hostname_format3") (value "{hostname} >>")
L 01/30/2023 - 14:32:34: [basecommands.smx] "Console<0><Console><Console>" changed cvar (cvar "sv_minrate") (value "100000")
L 01/30/2023 - 14:32:34: [basecommands.smx] "Console<0><Console><Console>" changed cvar (cvar "sv_maxrate") (value "100000")
L 01/30/2023 - 14:32:34: [basecommands.smx] "Console<0><Console><Console>" changed cvar (cvar "sv_minupdaterate") (value "100")
L 01/30/2023 - 14:32:34: [basecommands.smx] "Console<0><Console><Console>" changed cvar (cvar "sv_maxupdaterate") (value "100")
L 01/30/2023 - 14:32:34: [basecommands.smx] "Console<0><Console><Console>" changed cvar (cvar "sv_mincmdrate") (value "100")
L 01/30/2023 - 14:32:34: [basecommands.smx] "Console<0><Console><Console>" changed cvar (cvar "sv_maxcmdrate") (value "100")
L 01/30/2023 - 14:32:34: [basecommands.smx] "Console<0><Console><Console>" changed cvar (cvar "sv_client_min_interp_ratio") (value "-1")
L 01/30/2023 - 14:32:34: [basecommands.smx] "Console<0><Console><Console>" changed cvar (cvar "sv_client_max_interp_ratio") (value "0")
L 01/30/2023 - 14:32:34: [basecommands.smx] "Console<0><Console><Console>" changed cvar (cvar "nb_update_frequency") (value "0.014")
L 01/30/2023 - 14:32:34: [basecommands.smx] "Console<0><Console><Console>" changed cvar (cvar "net_splitrate") (value "2")
L 01/30/2023 - 14:32:34: [basecommands.smx] "Console<0><Console><Console>" changed cvar (cvar "net_splitpacket_maxrate") (value "60000")
L 01/30/2023 - 14:32:34: [basecommands.smx] "Console<0><Console><Console>" changed cvar (cvar "net_maxcleartime") (value "0.0001")
L 01/30/2023 - 14:32:36: [optional/l4d2_saferoom_item_remove.smx] Removed 0 saferoom item(s) (start: 0; end: 0).
L 01/30/2023 - 14:32:48: [cannounce.smx] Admin 23℃ <STEAM_1:0:246466989> connected from country China (CN), IP 223.149.53.89
L 01/30/2023 - 14:35:28: [cannounce.smx] Admin 23℃ <STEAM_1:0:246466989> from country China (CN) disconnected from IP 223.149.53.89reason: Server is restarting
L 01/30/2023 - 14:35:40: SourceMod log file session started (file "/root/Steam/steamapps/common/Left 4 Dead 2 Dedicated Server/left4dead2/addons/sourcemod/logs/L20230130.log") (Version "1.11.0.6825")
L 01/30/2023 - 14:35:40: [GEOIP] GeoIP2 database loaded: GeoLite2-City (2019-12-17 20:01:26 UTC)
L 01/30/2023 - 14:35:40: [GEOIP] GeoIP2 supported languages: de en es fr ja pt-BR ru zh-CN
L 01/30/2023 - 14:35:40: [GEOIPCITY] GeoIPCity database info: GEO-533LITE 20150106 Build 1 Copyright (c) 2015 MaxMind Inc All Rights Reserved
L 01/30/2023 - 14:35:43: [basecommands.smx] "Console<0><Console><Console>" changed cvar (cvar "sv_minrate") (value "100000")
L 01/30/2023 - 14:35:43: [basecommands.smx] "Console<0><Console><Console>" changed cvar (cvar "sv_maxrate") (value "100000")
L 01/30/2023 - 14:35:43: [basecommands.smx] "Console<0><Console><Console>" changed cvar (cvar "sv_minupdaterate") (value "100")
L 01/30/2023 - 14:35:43: [basecommands.smx] "Console<0><Console><Console>" changed cvar (cvar "sv_maxupdaterate") (value "100")
L 01/30/2023 - 14:35:43: [basecommands.smx] "Console<0><Console><Console>" changed cvar (cvar "sv_mincmdrate") (value "100")
L 01/30/2023 - 14:35:43: [basecommands.smx] "Console<0><Console><Console>" changed cvar (cvar "sv_maxcmdrate") (value "100")
L 01/30/2023 - 14:35:43: [basecommands.smx] "Console<0><Console><Console>" changed cvar (cvar "sv_client_min_interp_ratio") (value "-1")
L 01/30/2023 - 14:35:43: [basecommands.smx] "Console<0><Console><Console>" changed cvar (cvar "sv_client_max_interp_ratio") (value "0")
L 01/30/2023 - 14:35:43: [basecommands.smx] "Console<0><Console><Console>" changed cvar (cvar "nb_update_frequency") (value "0.014")
L 01/30/2023 - 14:35:43: [basecommands.smx] "Console<0><Console><Console>" changed cvar (cvar "net_splitpacket_maxrate") (value "50000")
L 01/30/2023 - 14:35:43: [basecommands.smx] "Console<0><Console><Console>" changed cvar (cvar "fps_max") (value "0")
L 01/30/2023 - 14:35:43: [basecommands.smx] "Console<0><Console><Console>" changed cvar (cvar "sv_allow_wait_command") (value "0")
L 01/30/2023 - 14:35:43: [basecommands.smx] "Console<0><Console><Console>" changed cvar (cvar "tick_door_speed") (value "1.3")
L 01/30/2023 - 14:35:43: [basecommands.smx] "Console<0><Console><Console>" changed cvar (cvar "mp_autoteambalance") (value "0")
L 01/30/2023 - 14:35:43: [basecommands.smx] "Console<0><Console><Console>" changed cvar (cvar "sv_unlag_fixstuck") (value "1")
L 01/30/2023 - 14:35:43: [basecommands.smx] "Console<0><Console><Console>" changed cvar (cvar "z_brawl_chance") (value "0")
L 01/30/2023 - 14:35:43: [basecommands.smx] "Console<0><Console><Console>" changed cvar (cvar "sv_maxunlag") (value "1")
L 01/30/2023 - 14:35:43: [basecommands.smx] "Console<0><Console><Console>" changed cvar (cvar "sv_forcepreload") (value "1")
L 01/30/2023 - 14:35:43: [basecommands.smx] "Console<0><Console><Console>" changed cvar (cvar "sv_client_predict") (value "1")
L 01/30/2023 - 14:35:43: [basecommands.smx] "Console<0><Console><Console>" changed cvar (cvar "sv_client_cmdrate_difference") (value "0")
L 01/30/2023 - 14:35:43: [basecommands.smx] "Console<0><Console><Console>" changed cvar (cvar "sv_max_queries_sec_global") (value "10")
L 01/30/2023 - 14:35:43: [basecommands.smx] "Console<0><Console><Console>" changed cvar (cvar "sv_max_queries_sec") (value "3")
L 01/30/2023 - 14:35:43: [basecommands.smx] "Console<0><Console><Console>" changed cvar (cvar "sv_max_queries_window") (value "10")
L 01/30/2023 - 14:35:43: [basecommands.smx] "Console<0><Console><Console>" changed cvar (cvar "sv_player_stuck_tolerance") (value "5")
L 01/30/2023 - 14:35:43: [basecommands.smx] "Console<0><Console><Console>" changed cvar (cvar "sv_stats") (value "0")
L 01/30/2023 - 14:35:43: [basecommands.smx] "Console<0><Console><Console>" changed cvar (cvar "sv_clockcorrection_msecs") (value "25")
L 01/30/2023 - 14:35:43: [basecommands.smx] "Console<0><Console><Console>" changed cvar (cvar "sb_all_bot_game") (value "1")
L 01/30/2023 - 14:35:43: [basecommands.smx] "Console<0><Console><Console>" changed cvar (cvar "sv_allowupload") (value "0")
L 01/30/2023 - 14:35:43: [basecommands.smx] "Console<0><Console><Console>" changed cvar (cvar "sv_allowdownload") (value "0")
L 01/30/2023 - 14:35:43: [basecommands.smx] "Console<0><Console><Console>" changed cvar (cvar "decalfrequency") (value "1.0")
L 01/30/2023 - 14:35:43: [basecommands.smx] "Console<0><Console><Console>" changed cvar (cvar "mv_maxplayers") (value "12")
L 01/30/2023 - 14:35:43: [basecommands.smx] "Console<0><Console><Console>" changed cvar (cvar "sn_main_name_path") (value "hostname/hostname.txt")
L 01/30/2023 - 14:35:43: [basecommands.smx] "Console<0><Console><Console>" changed cvar (cvar "sn_hostname_format1") (value "{hostname} >> {gamemode}")
L 01/30/2023 - 14:35:43: [basecommands.smx] "Console<0><Console><Console>" changed cvar (cvar "sn_hostname_format2") (value "{hostname} >> {gamemode} - {difficulty}")
L 01/30/2023 - 14:35:43: [basecommands.smx] "Console<0><Console><Console>" changed cvar (cvar "sn_hostname_format3") (value "{hostname} >>")
L 01/30/2023 - 14:53:50: SourceMod log file session started (file "/root/Steam/steamapps/common/Left 4 Dead 2 Dedicated Server/left4dead2/addons/sourcemod/logs/L20230130.log") (Version "1.11.0.6825")
L 01/30/2023 - 14:53:50: [GEOIP] GeoIP2 database loaded: GeoLite2-City (2019-12-17 20:01:26 UTC)
L 01/30/2023 - 14:53:50: [GEOIP] GeoIP2 supported languages: de en es fr ja pt-BR ru zh-CN
L 01/30/2023 - 14:53:50: [GEOIPCITY] GeoIPCity database info: GEO-533LITE 20150106 Build 1 Copyright (c) 2015 MaxMind Inc All Rights Reserved
L 01/30/2023 - 14:53:53: [basecommands.smx] "Console<0><Console><Console>" changed cvar (cvar "sv_minrate") (value "100000")
L 01/30/2023 - 14:53:53: [basecommands.smx] "Console<0><Console><Console>" changed cvar (cvar "sv_maxrate") (value "100000")
L 01/30/2023 - 14:53:53: [basecommands.smx] "Console<0><Console><Console>" changed cvar (cvar "sv_minupdaterate") (value "100")
L 01/30/2023 - 14:53:53: [basecommands.smx] "Console<0><Console><Console>" changed cvar (cvar "sv_maxupdaterate") (value "100")
L 01/30/2023 - 14:53:53: [basecommands.smx] "Console<0><Console><Console>" changed cvar (cvar "sv_mincmdrate") (value "100")
L 01/30/2023 - 14:53:53: [basecommands.smx] "Console<0><Console><Console>" changed cvar (cvar "sv_maxcmdrate") (value "100")
L 01/30/2023 - 14:53:53: [basecommands.smx] "Console<0><Console><Console>" changed cvar (cvar "sv_client_min_interp_ratio") (value "-1")
L 01/30/2023 - 14:53:53: [basecommands.smx] "Console<0><Console><Console>" changed cvar (cvar "sv_client_max_interp_ratio") (value "0")
L 01/30/2023 - 14:53:53: [basecommands.smx] "Console<0><Console><Console>" changed cvar (cvar "nb_update_frequency") (value "0.014")
L 01/30/2023 - 14:53:53: [basecommands.smx] "Console<0><Console><Console>" changed cvar (cvar "net_splitpacket_maxrate") (value "50000")
L 01/30/2023 - 14:53:53: [basecommands.smx] "Console<0><Console><Console>" changed cvar (cvar "fps_max") (value "0")
L 01/30/2023 - 14:53:53: [basecommands.smx] "Console<0><Console><Console>" changed cvar (cvar "sv_allow_wait_command") (value "0")
L 01/30/2023 - 14:53:53: [basecommands.smx] "Console<0><Console><Console>" changed cvar (cvar "tick_door_speed") (value "1.3")
L 01/30/2023 - 14:53:53: [basecommands.smx] "Console<0><Console><Console>" changed cvar (cvar "mp_autoteambalance") (value "0")
L 01/30/2023 - 14:53:53: [basecommands.smx] "Console<0><Console><Console>" changed cvar (cvar "sv_unlag_fixstuck") (value "1")
L 01/30/2023 - 14:53:53: [basecommands.smx] "Console<0><Console><Console>" changed cvar (cvar "z_brawl_chance") (value "0")
L 01/30/2023 - 14:53:53: [basecommands.smx] "Console<0><Console><Console>" changed cvar (cvar "sv_maxunlag") (value "1")
L 01/30/2023 - 14:53:53: [basecommands.smx] "Console<0><Console><Console>" changed cvar (cvar "sv_forcepreload") (value "1")
L 01/30/2023 - 14:53:53: [basecommands.smx] "Console<0><Console><Console>" changed cvar (cvar "sv_client_predict") (value "1")
L 01/30/2023 - 14:53:53: [basecommands.smx] "Console<0><Console><Console>" changed cvar (cvar "sv_client_cmdrate_difference") (value "0")
L 01/30/2023 - 14:53:53: [basecommands.smx] "Console<0><Console><Console>" changed cvar (cvar "sv_max_queries_sec_global") (value "10")
L 01/30/2023 - 14:53:53: [basecommands.smx] "Console<0><Console><Console>" changed cvar (cvar "sv_max_queries_sec") (value "3")
L 01/30/2023 - 14:53:53: [basecommands.smx] "Console<0><Console><Console>" changed cvar (cvar "sv_max_queries_window") (value "10")
L 01/30/2023 - 14:53:53: [basecommands.smx] "Console<0><Console><Console>" changed cvar (cvar "sv_player_stuck_tolerance") (value "5")
L 01/30/2023 - 14:53:53: [basecommands.smx] "Console<0><Console><Console>" changed cvar (cvar "sv_stats") (value "0")
L 01/30/2023 - 14:53:53: [basecommands.smx] "Console<0><Console><Console>" changed cvar (cvar "sv_clockcorrection_msecs") (value "25")
L 01/30/2023 - 14:53:53: [basecommands.smx] "Console<0><Console><Console>" changed cvar (cvar "sb_all_bot_game") (value "1")
L 01/30/2023 - 14:53:53: [basecommands.smx] "Console<0><Console><Console>" changed cvar (cvar "sv_allowupload") (value "0")
L 01/30/2023 - 14:53:53: [basecommands.smx] "Console<0><Console><Console>" changed cvar (cvar "sv_allowdownload") (value "0")
L 01/30/2023 - 14:53:53: [basecommands.smx] "Console<0><Console><Console>" changed cvar (cvar "decalfrequency") (value "1.0")
L 01/30/2023 - 14:53:53: [basecommands.smx] "Console<0><Console><Console>" changed cvar (cvar "mv_maxplayers") (value "12")
L 01/30/2023 - 14:53:53: [basecommands.smx] "Console<0><Console><Console>" changed cvar (cvar "sn_main_name_path") (value "hostname/hostname.txt")
L 01/30/2023 - 14:53:53: [basecommands.smx] "Console<0><Console><Console>" changed cvar (cvar "sn_hostname_format1") (value "{hostname} >> {gamemode}")
L 01/30/2023 - 14:53:53: [basecommands.smx] "Console<0><Console><Console>" changed cvar (cvar "sn_hostname_format2") (value "{hostname} >> {gamemode} - {difficulty}")
L 01/30/2023 - 14:53:53: [basecommands.smx] "Console<0><Console><Console>" changed cvar (cvar "sn_hostname_format3") (value "{hostname} >>")
L 01/30/2023 - 15:46:22: [l4d2_playtime_interface.smx] Failed to retrieve response (GetOwnedGames) - HTTPStatus: 0
L 01/30/2023 - 15:46:24: [cannounce.smx] Player iPhoneX <STEAM_1:0:625834323> connected from country China (CN), IP 120.239.45.151
L 01/30/2023 - 15:46:32: [l4d2_playtime_interface.smx] Failed to retrieve response (GetUserStatsForGame) - HTTPStatus: 0
L 01/30/2023 - 15:46:42: [confoglcompmod.smx] [PasswordSystem] Set password on iPhoneX, password 
L 01/30/2023 - 15:46:42: [basecommands.smx] "Console<0><Console><Console>" changed cvar (cvar "confogl_match_execcfg_plugins") (value "generalfixes.cfg;confogl_plugins.cfg;sharedplugins.cfg")
L 01/30/2023 - 15:46:42: [basecommands.smx] "Console<0><Console><Console>" changed cvar (cvar "l4d2_addons_eclipse") (value "0")
L 01/30/2023 - 15:46:42: [basecommands.smx] "Console<0><Console><Console>" changed cvar (cvar "sv_allow_wait_command") (value "0")
L 01/30/2023 - 15:46:42: [basecommands.smx] "Console<0><Console><Console>" changed cvar (cvar "sv_minrate") (value "100000")
L 01/30/2023 - 15:46:42: [basecommands.smx] "Console<0><Console><Console>" changed cvar (cvar "sv_maxrate") (value "100000")
L 01/30/2023 - 15:46:42: [basecommands.smx] "Console<0><Console><Console>" changed cvar (cvar "sv_minupdaterate") (value "100")
L 01/30/2023 - 15:46:42: [basecommands.smx] "Console<0><Console><Console>" changed cvar (cvar "sv_maxupdaterate") (value "100")
L 01/30/2023 - 15:46:42: [basecommands.smx] "Console<0><Console><Console>" changed cvar (cvar "sv_mincmdrate") (value "100")
L 01/30/2023 - 15:46:42: [basecommands.smx] "Console<0><Console><Console>" changed cvar (cvar "sv_maxcmdrate") (value "100")
L 01/30/2023 - 15:46:42: [basecommands.smx] "Console<0><Console><Console>" changed cvar (cvar "sv_client_min_interp_ratio") (value "-1")
L 01/30/2023 - 15:46:42: [basecommands.smx] "Console<0><Console><Console>" changed cvar (cvar "sv_client_max_interp_ratio") (value "0")
L 01/30/2023 - 15:46:42: [basecommands.smx] "Console<0><Console><Console>" changed cvar (cvar "nb_update_frequency") (value "0.014")
L 01/30/2023 - 15:46:42: [basecommands.smx] "Console<0><Console><Console>" changed cvar (cvar "net_splitpacket_maxrate") (value "50000")
L 01/30/2023 - 15:46:42: [basecommands.smx] "Console<0><Console><Console>" changed cvar (cvar "fps_max") (value "0")
L 01/30/2023 - 15:46:42: [basecommands.smx] "Console<0><Console><Console>" changed cvar (cvar "tick_door_speed") (value "1.3")
L 01/30/2023 - 15:46:42: [basecommands.smx] "Console<0><Console><Console>" changed cvar (cvar "mv_maxplayers") (value "12")
L 01/30/2023 - 15:46:42: [basecommands.smx] "Console<0><Console><Console>" changed cvar (cvar "mp_autoteambalance") (value "0")
L 01/30/2023 - 15:46:42: [basecommands.smx] "Console<0><Console><Console>" changed cvar (cvar "sv_unlag_fixstuck") (value "1")
L 01/30/2023 - 15:46:42: [basecommands.smx] "Console<0><Console><Console>" changed cvar (cvar "z_brawl_chance") (value "0")
L 01/30/2023 - 15:46:42: [basecommands.smx] "Console<0><Console><Console>" changed cvar (cvar "sv_maxunlag") (value "1")
L 01/30/2023 - 15:46:42: [basecommands.smx] "Console<0><Console><Console>" changed cvar (cvar "sv_forcepreload") (value "1")
L 01/30/2023 - 15:46:42: [basecommands.smx] "Console<0><Console><Console>" changed cvar (cvar "sv_client_predict") (value "1")
L 01/30/2023 - 15:46:42: [basecommands.smx] "Console<0><Console><Console>" changed cvar (cvar "sv_client_cmdrate_difference") (value "0")
L 01/30/2023 - 15:46:42: [basecommands.smx] "Console<0><Console><Console>" changed cvar (cvar "sv_max_queries_sec_global") (value "10")
L 01/30/2023 - 15:46:42: [basecommands.smx] "Console<0><Console><Console>" changed cvar (cvar "sv_max_queries_sec") (value "3")
L 01/30/2023 - 15:46:42: [basecommands.smx] "Console<0><Console><Console>" changed cvar (cvar "sv_max_queries_window") (value "10")
L 01/30/2023 - 15:46:42: [basecommands.smx] "Console<0><Console><Console>" changed cvar (cvar "sv_player_stuck_tolerance") (value "5")
L 01/30/2023 - 15:46:42: [basecommands.smx] "Console<0><Console><Console>" changed cvar (cvar "sv_stats") (value "0")
L 01/30/2023 - 15:46:42: [basecommands.smx] "Console<0><Console><Console>" changed cvar (cvar "sv_clockcorrection_msecs") (value "25")
L 01/30/2023 - 15:46:42: [basecommands.smx] "Console<0><Console><Console>" changed cvar (cvar "sb_all_bot_game") (value "1")
L 01/30/2023 - 15:46:42: [basecommands.smx] "Console<0><Console><Console>" changed cvar (cvar "sn_hostname_format2") (value "{hostname} >> {gamemode} - {difficulty}")
L 01/30/2023 - 15:46:42: [basecommands.smx] "Console<0><Console><Console>" changed cvar (cvar "sn_hostname_format3") (value "{hostname} >>")
L 01/30/2023 - 15:46:45: -------- Mapchange to c2m1_highway --------
L 01/30/2023 - 15:46:46: [basecommands.smx] "Console<0><Console><Console>" changed cvar (cvar "sv_minrate") (value "100000")
L 01/30/2023 - 15:46:46: [basecommands.smx] "Console<0><Console><Console>" changed cvar (cvar "sv_maxrate") (value "100000")
L 01/30/2023 - 15:46:46: [basecommands.smx] "Console<0><Console><Console>" changed cvar (cvar "sv_minupdaterate") (value "100")
L 01/30/2023 - 15:46:46: [basecommands.smx] "Console<0><Console><Console>" changed cvar (cvar "sv_maxupdaterate") (value "100")
L 01/30/2023 - 15:46:46: [basecommands.smx] "Console<0><Console><Console>" changed cvar (cvar "sv_mincmdrate") (value "100")
L 01/30/2023 - 15:46:46: [basecommands.smx] "Console<0><Console><Console>" changed cvar (cvar "sv_maxcmdrate") (value "100")
L 01/30/2023 - 15:46:46: [basecommands.smx] "Console<0><Console><Console>" changed cvar (cvar "sv_client_min_interp_ratio") (value "-1")
L 01/30/2023 - 15:46:46: [basecommands.smx] "Console<0><Console><Console>" changed cvar (cvar "sv_client_max_interp_ratio") (value "0")
L 01/30/2023 - 15:46:46: [basecommands.smx] "Console<0><Console><Console>" changed cvar (cvar "nb_update_frequency") (value "0.014")
L 01/30/2023 - 15:46:46: [basecommands.smx] "Console<0><Console><Console>" changed cvar (cvar "net_splitpacket_maxrate") (value "50000")
L 01/30/2023 - 15:46:46: [basecommands.smx] "Console<0><Console><Console>" changed cvar (cvar "fps_max") (value "0")
L 01/30/2023 - 15:46:46: [basecommands.smx] "Console<0><Console><Console>" changed cvar (cvar "sv_allow_wait_command") (value "0")
L 01/30/2023 - 15:46:46: [basecommands.smx] "Console<0><Console><Console>" changed cvar (cvar "tick_door_speed") (value "1.3")
L 01/30/2023 - 15:46:46: [basecommands.smx] "Console<0><Console><Console>" changed cvar (cvar "mp_autoteambalance") (value "0")
L 01/30/2023 - 15:46:46: [basecommands.smx] "Console<0><Console><Console>" changed cvar (cvar "sv_unlag_fixstuck") (value "1")
L 01/30/2023 - 15:46:46: [basecommands.smx] "Console<0><Console><Console>" changed cvar (cvar "z_brawl_chance") (value "0")
L 01/30/2023 - 15:46:46: [basecommands.smx] "Console<0><Console><Console>" changed cvar (cvar "sv_maxunlag") (value "1")
L 01/30/2023 - 15:46:46: [basecommands.smx] "Console<0><Console><Console>" changed cvar (cvar "sv_forcepreload") (value "1")
L 01/30/2023 - 15:46:46: [basecommands.smx] "Console<0><Console><Console>" changed cvar (cvar "sv_client_predict") (value "1")
L 01/30/2023 - 15:46:46: [basecommands.smx] "Console<0><Console><Console>" changed cvar (cvar "sv_client_cmdrate_difference") (value "0")
L 01/30/2023 - 15:46:46: [basecommands.smx] "Console<0><Console><Console>" changed cvar (cvar "sv_max_queries_sec_global") (value "10")
L 01/30/2023 - 15:46:46: [basecommands.smx] "Console<0><Console><Console>" changed cvar (cvar "sv_max_queries_sec") (value "3")
L 01/30/2023 - 15:46:46: [basecommands.smx] "Console<0><Console><Console>" changed cvar (cvar "sv_max_queries_window") (value "10")
L 01/30/2023 - 15:46:46: [basecommands.smx] "Console<0><Console><Console>" changed cvar (cvar "sv_player_stuck_tolerance") (value "5")
L 01/30/2023 - 15:46:46: [basecommands.smx] "Console<0><Console><Console>" changed cvar (cvar "sv_stats") (value "0")
L 01/30/2023 - 15:46:46: [basecommands.smx] "Console<0><Console><Console>" changed cvar (cvar "sv_clockcorrection_msecs") (value "25")
L 01/30/2023 - 15:46:46: [basecommands.smx] "Console<0><Console><Console>" changed cvar (cvar "sb_all_bot_game") (value "1")
L 01/30/2023 - 15:46:46: [basecommands.smx] "Console<0><Console><Console>" changed cvar (cvar "sv_allowupload") (value "0")
L 01/30/2023 - 15:46:46: [basecommands.smx] "Console<0><Console><Console>" changed cvar (cvar "sv_allowdownload") (value "0")
L 01/30/2023 - 15:46:46: [basecommands.smx] "Console<0><Console><Console>" changed cvar (cvar "decalfrequency") (value "1.0")
L 01/30/2023 - 15:46:46: [basecommands.smx] "Console<0><Console><Console>" changed cvar (cvar "mv_maxplayers") (value "12")
L 01/30/2023 - 15:46:46: [basecommands.smx] "Console<0><Console><Console>" changed cvar (cvar "sn_main_name_path") (value "hostname/hostname.txt")
L 01/30/2023 - 15:46:46: [basecommands.smx] "Console<0><Console><Console>" changed cvar (cvar "sn_hostname_format1") (value "{hostname} >> {gamemode}")
L 01/30/2023 - 15:46:46: [basecommands.smx] "Console<0><Console><Console>" changed cvar (cvar "sn_hostname_format2") (value "{hostname} >> {gamemode} - {difficulty}")
L 01/30/2023 - 15:46:46: [basecommands.smx] "Console<0><Console><Console>" changed cvar (cvar "sn_hostname_format3") (value "{hostname} >>")
L 01/30/2023 - 15:46:48: [optional/l4d2_saferoom_item_remove.smx] Removed 0 saferoom item(s) (start: 0; end: 0).
L 01/30/2023 - 15:46:59: [cannounce.smx] Player iPhoneX <STEAM_1:0:625834323> connected from country China (CN), IP 120.239.45.151
L 01/30/2023 - 15:47:27: [cannounce.smx] Player 徙倚上清秋 <STEAM_1:0:541490655> connected from country China (CN), IP 111.17.78.113
L 01/30/2023 - 15:52:11: [optional/l4d2_saferoom_item_remove.smx] Removed 0 saferoom item(s) (start: 0; end: 0).
L 01/30/2023 - 15:54:34: -------- Mapchange to c2m2_fairgrounds --------
L 01/30/2023 - 15:54:36: [basecommands.smx] "Console<0><Console><Console>" changed cvar (cvar "sv_minrate") (value "100000")
L 01/30/2023 - 15:54:36: [basecommands.smx] "Console<0><Console><Console>" changed cvar (cvar "sv_maxrate") (value "100000")
L 01/30/2023 - 15:54:36: [basecommands.smx] "Console<0><Console><Console>" changed cvar (cvar "sv_minupdaterate") (value "100")
L 01/30/2023 - 15:54:36: [basecommands.smx] "Console<0><Console><Console>" changed cvar (cvar "sv_maxupdaterate") (value "100")
L 01/30/2023 - 15:54:36: [basecommands.smx] "Console<0><Console><Console>" changed cvar (cvar "sv_mincmdrate") (value "100")
L 01/30/2023 - 15:54:36: [basecommands.smx] "Console<0><Console><Console>" changed cvar (cvar "sv_maxcmdrate") (value "100")
L 01/30/2023 - 15:54:36: [basecommands.smx] "Console<0><Console><Console>" changed cvar (cvar "sv_client_min_interp_ratio") (value "-1")
L 01/30/2023 - 15:54:36: [basecommands.smx] "Console<0><Console><Console>" changed cvar (cvar "sv_client_max_interp_ratio") (value "0")
L 01/30/2023 - 15:54:36: [basecommands.smx] "Console<0><Console><Console>" changed cvar (cvar "nb_update_frequency") (value "0.014")
L 01/30/2023 - 15:54:36: [basecommands.smx] "Console<0><Console><Console>" changed cvar (cvar "net_splitpacket_maxrate") (value "50000")
L 01/30/2023 - 15:54:36: [basecommands.smx] "Console<0><Console><Console>" changed cvar (cvar "fps_max") (value "0")
L 01/30/2023 - 15:54:36: [basecommands.smx] "Console<0><Console><Console>" changed cvar (cvar "sv_allow_wait_command") (value "0")
L 01/30/2023 - 15:54:36: [basecommands.smx] "Console<0><Console><Console>" changed cvar (cvar "tick_door_speed") (value "1.3")
L 01/30/2023 - 15:54:36: [basecommands.smx] "Console<0><Console><Console>" changed cvar (cvar "mp_autoteambalance") (value "0")
L 01/30/2023 - 15:54:36: [basecommands.smx] "Console<0><Console><Console>" changed cvar (cvar "sv_unlag_fixstuck") (value "1")
L 01/30/2023 - 15:54:36: [basecommands.smx] "Console<0><Console><Console>" changed cvar (cvar "z_brawl_chance") (value "0")
L 01/30/2023 - 15:54:36: [basecommands.smx] "Console<0><Console><Console>" changed cvar (cvar "sv_maxunlag") (value "1")
L 01/30/2023 - 15:54:36: [basecommands.smx] "Console<0><Console><Console>" changed cvar (cvar "sv_forcepreload") (value "1")
L 01/30/2023 - 15:54:36: [basecommands.smx] "Console<0><Console><Console>" changed cvar (cvar "sv_client_predict") (value "1")
L 01/30/2023 - 15:54:36: [basecommands.smx] "Console<0><Console><Console>" changed cvar (cvar "sv_client_cmdrate_difference") (value "0")
L 01/30/2023 - 15:54:36: [basecommands.smx] "Console<0><Console><Console>" changed cvar (cvar "sv_max_queries_sec_global") (value "10")
L 01/30/2023 - 15:54:36: [basecommands.smx] "Console<0><Console><Console>" changed cvar (cvar "sv_max_queries_sec") (value "3")
L 01/30/2023 - 15:54:36: [basecommands.smx] "Console<0><Console><Console>" changed cvar (cvar "sv_max_queries_window") (value "10")
L 01/30/2023 - 15:54:36: [basecommands.smx] "Console<0><Console><Console>" changed cvar (cvar "sv_player_stuck_tolerance") (value "5")
L 01/30/2023 - 15:54:36: [basecommands.smx] "Console<0><Console><Console>" changed cvar (cvar "sv_stats") (value "0")
L 01/30/2023 - 15:54:36: [basecommands.smx] "Console<0><Console><Console>" changed cvar (cvar "sv_clockcorrection_msecs") (value "25")
L 01/30/2023 - 15:54:36: [basecommands.smx] "Console<0><Console><Console>" changed cvar (cvar "sb_all_bot_game") (value "1")
L 01/30/2023 - 15:54:36: [basecommands.smx] "Console<0><Console><Console>" changed cvar (cvar "sv_allowupload") (value "0")
L 01/30/2023 - 15:54:36: [basecommands.smx] "Console<0><Console><Console>" changed cvar (cvar "sv_allowdownload") (value "0")
L 01/30/2023 - 15:54:36: [basecommands.smx] "Console<0><Console><Console>" changed cvar (cvar "decalfrequency") (value "1.0")
L 01/30/2023 - 15:54:36: [basecommands.smx] "Console<0><Console><Console>" changed cvar (cvar "mv_maxplayers") (value "12")
L 01/30/2023 - 15:54:36: [basecommands.smx] "Console<0><Console><Console>" changed cvar (cvar "sn_main_name_path") (value "hostname/hostname.txt")
L 01/30/2023 - 15:54:36: [basecommands.smx] "Console<0><Console><Console>" changed cvar (cvar "sn_hostname_format1") (value "{hostname} >> {gamemode}")
L 01/30/2023 - 15:54:36: [basecommands.smx] "Console<0><Console><Console>" changed cvar (cvar "sn_hostname_format2") (value "{hostname} >> {gamemode} - {difficulty}")
L 01/30/2023 - 15:54:36: [basecommands.smx] "Console<0><Console><Console>" changed cvar (cvar "sn_hostname_format3") (value "{hostname} >>")
L 01/30/2023 - 15:54:38: [optional/l4d2_saferoom_item_remove.smx] Removed 0 saferoom item(s) (start: 0; end: 0).
L 01/30/2023 - 15:54:46: [cannounce.smx] Player iPhoneX <STEAM_1:0:625834323> connected from country China (CN), IP 120.239.45.151
L 01/30/2023 - 15:54:51: [cannounce.smx] Player 徙倚上清秋 <STEAM_1:0:541490655> connected from country China (CN), IP 111.17.78.113
L 01/30/2023 - 16:00:41: [optional/l4d2_saferoom_item_remove.smx] Removed 0 saferoom item(s) (start: 0; end: 0).
L 01/30/2023 - 16:04:31: -------- Mapchange to c2m3_coaster --------
L 01/30/2023 - 16:04:33: [basecommands.smx] "Console<0><Console><Console>" changed cvar (cvar "sv_minrate") (value "100000")
L 01/30/2023 - 16:04:33: [basecommands.smx] "Console<0><Console><Console>" changed cvar (cvar "sv_maxrate") (value "100000")
L 01/30/2023 - 16:04:33: [basecommands.smx] "Console<0><Console><Console>" changed cvar (cvar "sv_minupdaterate") (value "100")
L 01/30/2023 - 16:04:33: [basecommands.smx] "Console<0><Console><Console>" changed cvar (cvar "sv_maxupdaterate") (value "100")
L 01/30/2023 - 16:04:33: [basecommands.smx] "Console<0><Console><Console>" changed cvar (cvar "sv_mincmdrate") (value "100")
L 01/30/2023 - 16:04:33: [basecommands.smx] "Console<0><Console><Console>" changed cvar (cvar "sv_maxcmdrate") (value "100")
L 01/30/2023 - 16:04:33: [basecommands.smx] "Console<0><Console><Console>" changed cvar (cvar "sv_client_min_interp_ratio") (value "-1")
L 01/30/2023 - 16:04:33: [basecommands.smx] "Console<0><Console><Console>" changed cvar (cvar "sv_client_max_interp_ratio") (value "0")
L 01/30/2023 - 16:04:33: [basecommands.smx] "Console<0><Console><Console>" changed cvar (cvar "nb_update_frequency") (value "0.014")
L 01/30/2023 - 16:04:33: [basecommands.smx] "Console<0><Console><Console>" changed cvar (cvar "net_splitpacket_maxrate") (value "50000")
L 01/30/2023 - 16:04:33: [basecommands.smx] "Console<0><Console><Console>" changed cvar (cvar "fps_max") (value "0")
L 01/30/2023 - 16:04:33: [basecommands.smx] "Console<0><Console><Console>" changed cvar (cvar "sv_allow_wait_command") (value "0")
L 01/30/2023 - 16:04:33: [basecommands.smx] "Console<0><Console><Console>" changed cvar (cvar "tick_door_speed") (value "1.3")
L 01/30/2023 - 16:04:33: [basecommands.smx] "Console<0><Console><Console>" changed cvar (cvar "mp_autoteambalance") (value "0")
L 01/30/2023 - 16:04:33: [basecommands.smx] "Console<0><Console><Console>" changed cvar (cvar "sv_unlag_fixstuck") (value "1")
L 01/30/2023 - 16:04:33: [basecommands.smx] "Console<0><Console><Console>" changed cvar (cvar "z_brawl_chance") (value "0")
L 01/30/2023 - 16:04:33: [basecommands.smx] "Console<0><Console><Console>" changed cvar (cvar "sv_maxunlag") (value "1")
L 01/30/2023 - 16:04:33: [basecommands.smx] "Console<0><Console><Console>" changed cvar (cvar "sv_forcepreload") (value "1")
L 01/30/2023 - 16:04:33: [basecommands.smx] "Console<0><Console><Console>" changed cvar (cvar "sv_client_predict") (value "1")
L 01/30/2023 - 16:04:33: [basecommands.smx] "Console<0><Console><Console>" changed cvar (cvar "sv_client_cmdrate_difference") (value "0")
L 01/30/2023 - 16:04:33: [basecommands.smx] "Console<0><Console><Console>" changed cvar (cvar "sv_max_queries_sec_global") (value "10")
L 01/30/2023 - 16:04:33: [basecommands.smx] "Console<0><Console><Console>" changed cvar (cvar "sv_max_queries_sec") (value "3")
L 01/30/2023 - 16:04:33: [basecommands.smx] "Console<0><Console><Console>" changed cvar (cvar "sv_max_queries_window") (value "10")
L 01/30/2023 - 16:04:33: [basecommands.smx] "Console<0><Console><Console>" changed cvar (cvar "sv_player_stuck_tolerance") (value "5")
L 01/30/2023 - 16:04:33: [basecommands.smx] "Console<0><Console><Console>" changed cvar (cvar "sv_stats") (value "0")
L 01/30/2023 - 16:04:33: [basecommands.smx] "Console<0><Console><Console>" changed cvar (cvar "sv_clockcorrection_msecs") (value "25")
L 01/30/2023 - 16:04:33: [basecommands.smx] "Console<0><Console><Console>" changed cvar (cvar "sb_all_bot_game") (value "1")
L 01/30/2023 - 16:04:33: [basecommands.smx] "Console<0><Console><Console>" changed cvar (cvar "sv_allowupload") (value "0")
L 01/30/2023 - 16:04:33: [basecommands.smx] "Console<0><Console><Console>" changed cvar (cvar "sv_allowdownload") (value "0")
L 01/30/2023 - 16:04:33: [basecommands.smx] "Console<0><Console><Console>" changed cvar (cvar "decalfrequency") (value "1.0")
L 01/30/2023 - 16:04:33: [basecommands.smx] "Console<0><Console><Console>" changed cvar (cvar "mv_maxplayers") (value "12")
L 01/30/2023 - 16:04:33: [basecommands.smx] "Console<0><Console><Console>" changed cvar (cvar "sn_main_name_path") (value "hostname/hostname.txt")
L 01/30/2023 - 16:04:33: [basecommands.smx] "Console<0><Console><Console>" changed cvar (cvar "sn_hostname_format1") (value "{hostname} >> {gamemode}")
L 01/30/2023 - 16:04:33: [basecommands.smx] "Console<0><Console><Console>" changed cvar (cvar "sn_hostname_format2") (value "{hostname} >> {gamemode} - {difficulty}")
L 01/30/2023 - 16:04:33: [basecommands.smx] "Console<0><Console><Console>" changed cvar (cvar "sn_hostname_format3") (value "{hostname} >>")
L 01/30/2023 - 16:04:34: [optional/l4d2_saferoom_item_remove.smx] Removed 0 saferoom item(s) (start: 0; end: 0).
L 01/30/2023 - 16:04:43: [cannounce.smx] Player iPhoneX <STEAM_1:0:625834323> connected from country China (CN), IP 120.239.45.151
L 01/30/2023 - 16:04:48: [cannounce.smx] Player 徙倚上清秋 <STEAM_1:0:541490655> connected from country China (CN), IP 111.17.78.113
L 01/30/2023 - 16:09:21: [cannounce.smx] Player iPhoneX <STEAM_1:0:625834323> from country China (CN) disconnected from IP 120.239.45.151reason: Disconnect by user.
L 01/30/2023 - 16:09:27: [cannounce.smx] Player 徙倚上清秋 <STEAM_1:0:541490655> from country China (CN) disconnected from IP 111.17.78.113reason: Disconnect by user.
L 01/30/2023 - 16:09:27: [basecommands.smx] "Console<0><Console><Console>" changed cvar (cvar "sb_all_bot_game") (value "1")
L 01/30/2023 - 16:09:27: [basecommands.smx] "Console<0><Console><Console>" changed cvar (cvar "sb_all_bot_game") (value "1")
L 01/30/2023 - 16:09:29: [linux_auto_restart.smx] Last one player left the server, Restart server now
L 01/30/2023 - 16:09:29: [linux_auto_restart.smx] Last one player left the server, Restart server now
L 01/30/2023 - 16:09:41: SourceMod log file session started (file "/root/Steam/steamapps/common/Left 4 Dead 2 Dedicated Server/left4dead2/addons/sourcemod/logs/L20230130.log") (Version "1.11.0.6825")
L 01/30/2023 - 16:09:41: [GEOIP] GeoIP2 database loaded: GeoLite2-City (2019-12-17 20:01:26 UTC)
L 01/30/2023 - 16:09:41: [GEOIP] GeoIP2 supported languages: de en es fr ja pt-BR ru zh-CN
L 01/30/2023 - 16:09:41: [GEOIPCITY] GeoIPCity database info: GEO-533LITE 20150106 Build 1 Copyright (c) 2015 MaxMind Inc All Rights Reserved
L 01/30/2023 - 16:09:43: [basecommands.smx] "Console<0><Console><Console>" changed cvar (cvar "sv_minrate") (value "100000")
L 01/30/2023 - 16:09:43: [basecommands.smx] "Console<0><Console><Console>" changed cvar (cvar "sv_maxrate") (value "100000")
L 01/30/2023 - 16:09:43: [basecommands.smx] "Console<0><Console><Console>" changed cvar (cvar "sv_minupdaterate") (value "100")
L 01/30/2023 - 16:09:43: [basecommands.smx] "Console<0><Console><Console>" changed cvar (cvar "sv_maxupdaterate") (value "100")
L 01/30/2023 - 16:09:43: [basecommands.smx] "Console<0><Console><Console>" changed cvar (cvar "sv_mincmdrate") (value "100")
L 01/30/2023 - 16:09:43: [basecommands.smx] "Console<0><Console><Console>" changed cvar (cvar "sv_maxcmdrate") (value "100")
L 01/30/2023 - 16:09:43: [basecommands.smx] "Console<0><Console><Console>" changed cvar (cvar "sv_client_min_interp_ratio") (value "-1")
L 01/30/2023 - 16:09:43: [basecommands.smx] "Console<0><Console><Console>" changed cvar (cvar "sv_client_max_interp_ratio") (value "0")
L 01/30/2023 - 16:09:43: [basecommands.smx] "Console<0><Console><Console>" changed cvar (cvar "nb_update_frequency") (value "0.014")
L 01/30/2023 - 16:09:43: [basecommands.smx] "Console<0><Console><Console>" changed cvar (cvar "net_splitpacket_maxrate") (value "50000")
L 01/30/2023 - 16:09:43: [basecommands.smx] "Console<0><Console><Console>" changed cvar (cvar "fps_max") (value "0")
L 01/30/2023 - 16:09:43: [basecommands.smx] "Console<0><Console><Console>" changed cvar (cvar "sv_allow_wait_command") (value "0")
L 01/30/2023 - 16:09:43: [basecommands.smx] "Console<0><Console><Console>" changed cvar (cvar "tick_door_speed") (value "1.3")
L 01/30/2023 - 16:09:43: [basecommands.smx] "Console<0><Console><Console>" changed cvar (cvar "mp_autoteambalance") (value "0")
L 01/30/2023 - 16:09:43: [basecommands.smx] "Console<0><Console><Console>" changed cvar (cvar "sv_unlag_fixstuck") (value "1")
L 01/30/2023 - 16:09:43: [basecommands.smx] "Console<0><Console><Console>" changed cvar (cvar "z_brawl_chance") (value "0")
L 01/30/2023 - 16:09:43: [basecommands.smx] "Console<0><Console><Console>" changed cvar (cvar "sv_maxunlag") (value "1")
L 01/30/2023 - 16:09:43: [basecommands.smx] "Console<0><Console><Console>" changed cvar (cvar "sv_forcepreload") (value "1")
L 01/30/2023 - 16:09:43: [basecommands.smx] "Console<0><Console><Console>" changed cvar (cvar "sv_client_predict") (value "1")
L 01/30/2023 - 16:09:43: [basecommands.smx] "Console<0><Console><Console>" changed cvar (cvar "sv_client_cmdrate_difference") (value "0")
L 01/30/2023 - 16:09:43: [basecommands.smx] "Console<0><Console><Console>" changed cvar (cvar "sv_max_queries_sec_global") (value "10")
L 01/30/2023 - 16:09:43: [basecommands.smx] "Console<0><Console><Console>" changed cvar (cvar "sv_max_queries_sec") (value "3")
L 01/30/2023 - 16:09:43: [basecommands.smx] "Console<0><Console><Console>" changed cvar (cvar "sv_max_queries_window") (value "10")
L 01/30/2023 - 16:09:43: [basecommands.smx] "Console<0><Console><Console>" changed cvar (cvar "sv_player_stuck_tolerance") (value "5")
L 01/30/2023 - 16:09:43: [basecommands.smx] "Console<0><Console><Console>" changed cvar (cvar "sv_stats") (value "0")
L 01/30/2023 - 16:09:43: [basecommands.smx] "Console<0><Console><Console>" changed cvar (cvar "sv_clockcorrection_msecs") (value "25")
L 01/30/2023 - 16:09:43: [basecommands.smx] "Console<0><Console><Console>" changed cvar (cvar "sb_all_bot_game") (value "1")
L 01/30/2023 - 16:09:43: [basecommands.smx] "Console<0><Console><Console>" changed cvar (cvar "sv_allowupload") (value "0")
L 01/30/2023 - 16:09:43: [basecommands.smx] "Console<0><Console><Console>" changed cvar (cvar "sv_allowdownload") (value "0")
L 01/30/2023 - 16:09:43: [basecommands.smx] "Console<0><Console><Console>" changed cvar (cvar "decalfrequency") (value "1.0")
L 01/30/2023 - 16:09:43: [basecommands.smx] "Console<0><Console><Console>" changed cvar (cvar "mv_maxplayers") (value "12")
L 01/30/2023 - 16:09:43: [basecommands.smx] "Console<0><Console><Console>" changed cvar (cvar "sn_main_name_path") (value "hostname/hostname.txt")
L 01/30/2023 - 16:09:43: [basecommands.smx] "Console<0><Console><Console>" changed cvar (cvar "sn_hostname_format1") (value "{hostname} >> {gamemode}")
L 01/30/2023 - 16:09:43: [basecommands.smx] "Console<0><Console><Console>" changed cvar (cvar "sn_hostname_format2") (value "{hostname} >> {gamemode} - {difficulty}")
L 01/30/2023 - 16:09:43: [basecommands.smx] "Console<0><Console><Console>" changed cvar (cvar "sn_hostname_format3") (value "{hostname} >>")
L 01/30/2023 - 16:16:24: SourceMod log file session started (file "/root/Steam/steamapps/common/Left 4 Dead 2 Dedicated Server/left4dead2/addons/sourcemod/logs/L20230130.log") (Version "1.11.0.6825")
L 01/30/2023 - 16:16:24: [GEOIP] GeoIP2 database loaded: GeoLite2-City (2019-12-17 20:01:26 UTC)
L 01/30/2023 - 16:16:24: [GEOIP] GeoIP2 supported languages: de en es fr ja pt-BR ru zh-CN
L 01/30/2023 - 16:16:24: [GEOIPCITY] GeoIPCity database info: GEO-533LITE 20150106 Build 1 Copyright (c) 2015 MaxMind Inc All Rights Reserved
L 01/30/2023 - 16:16:27: [basecommands.smx] "Console<0><Console><Console>" changed cvar (cvar "sv_minrate") (value "100000")
L 01/30/2023 - 16:16:27: [basecommands.smx] "Console<0><Console><Console>" changed cvar (cvar "sv_maxrate") (value "100000")
L 01/30/2023 - 16:16:27: [basecommands.smx] "Console<0><Console><Console>" changed cvar (cvar "sv_minupdaterate") (value "100")
L 01/30/2023 - 16:16:27: [basecommands.smx] "Console<0><Console><Console>" changed cvar (cvar "sv_maxupdaterate") (value "100")
L 01/30/2023 - 16:16:27: [basecommands.smx] "Console<0><Console><Console>" changed cvar (cvar "sv_mincmdrate") (value "100")
L 01/30/2023 - 16:16:27: [basecommands.smx] "Console<0><Console><Console>" changed cvar (cvar "sv_maxcmdrate") (value "100")
L 01/30/2023 - 16:16:27: [basecommands.smx] "Console<0><Console><Console>" changed cvar (cvar "sv_client_min_interp_ratio") (value "-1")
L 01/30/2023 - 16:16:27: [basecommands.smx] "Console<0><Console><Console>" changed cvar (cvar "sv_client_max_interp_ratio") (value "0")
L 01/30/2023 - 16:16:27: [basecommands.smx] "Console<0><Console><Console>" changed cvar (cvar "nb_update_frequency") (value "0.014")
L 01/30/2023 - 16:16:27: [basecommands.smx] "Console<0><Console><Console>" changed cvar (cvar "net_splitpacket_maxrate") (value "50000")
L 01/30/2023 - 16:16:27: [basecommands.smx] "Console<0><Console><Console>" changed cvar (cvar "fps_max") (value "0")
L 01/30/2023 - 16:16:27: [basecommands.smx] "Console<0><Console><Console>" changed cvar (cvar "sv_allow_wait_command") (value "0")
L 01/30/2023 - 16:16:27: [basecommands.smx] "Console<0><Console><Console>" changed cvar (cvar "tick_door_speed") (value "1.3")
L 01/30/2023 - 16:16:27: [basecommands.smx] "Console<0><Console><Console>" changed cvar (cvar "mp_autoteambalance") (value "0")
L 01/30/2023 - 16:16:27: [basecommands.smx] "Console<0><Console><Console>" changed cvar (cvar "sv_unlag_fixstuck") (value "1")
L 01/30/2023 - 16:16:27: [basecommands.smx] "Console<0><Console><Console>" changed cvar (cvar "z_brawl_chance") (value "0")
L 01/30/2023 - 16:16:27: [basecommands.smx] "Console<0><Console><Console>" changed cvar (cvar "sv_maxunlag") (value "1")
L 01/30/2023 - 16:16:27: [basecommands.smx] "Console<0><Console><Console>" changed cvar (cvar "sv_forcepreload") (value "1")
L 01/30/2023 - 16:16:27: [basecommands.smx] "Console<0><Console><Console>" changed cvar (cvar "sv_client_predict") (value "1")
L 01/30/2023 - 16:16:27: [basecommands.smx] "Console<0><Console><Console>" changed cvar (cvar "sv_client_cmdrate_difference") (value "0")
L 01/30/2023 - 16:16:27: [basecommands.smx] "Console<0><Console><Console>" changed cvar (cvar "sv_max_queries_sec_global") (value "10")
L 01/30/2023 - 16:16:27: [basecommands.smx] "Console<0><Console><Console>" changed cvar (cvar "sv_max_queries_sec") (value "3")
L 01/30/2023 - 16:16:27: [basecommands.smx] "Console<0><Console><Console>" changed cvar (cvar "sv_max_queries_window") (value "10")
L 01/30/2023 - 16:16:27: [basecommands.smx] "Console<0><Console><Console>" changed cvar (cvar "sv_player_stuck_tolerance") (value "5")
L 01/30/2023 - 16:16:27: [basecommands.smx] "Console<0><Console><Console>" changed cvar (cvar "sv_stats") (value "0")
L 01/30/2023 - 16:16:27: [basecommands.smx] "Console<0><Console><Console>" changed cvar (cvar "sv_clockcorrection_msecs") (value "25")
L 01/30/2023 - 16:16:27: [basecommands.smx] "Console<0><Console><Console>" changed cvar (cvar "sb_all_bot_game") (value "1")
L 01/30/2023 - 16:16:27: [basecommands.smx] "Console<0><Console><Console>" changed cvar (cvar "sv_allowupload") (value "0")
L 01/30/2023 - 16:16:27: [basecommands.smx] "Console<0><Console><Console>" changed cvar (cvar "sv_allowdownload") (value "0")
L 01/30/2023 - 16:16:27: [basecommands.smx] "Console<0><Console><Console>" changed cvar (cvar "decalfrequency") (value "1.0")
L 01/30/2023 - 16:16:27: [basecommands.smx] "Console<0><Console><Console>" changed cvar (cvar "mv_maxplayers") (value "12")
L 01/30/2023 - 16:16:27: [basecommands.smx] "Console<0><Console><Console>" changed cvar (cvar "sn_main_name_path") (value "hostname/hostname.txt")
L 01/30/2023 - 16:16:27: [basecommands.smx] "Console<0><Console><Console>" changed cvar (cvar "sn_hostname_format1") (value "{hostname} >> {gamemode}")
L 01/30/2023 - 16:16:27: [basecommands.smx] "Console<0><Console><Console>" changed cvar (cvar "sn_hostname_format2") (value "{hostname} >> {gamemode} - {difficulty}")
L 01/30/2023 - 16:16:27: [basecommands.smx] "Console<0><Console><Console>" changed cvar (cvar "sn_hostname_format3") (value "{hostname} >>")
L 01/30/2023 - 16:19:36: [cannounce.smx] Admin 23℃ <STEAM_1:0:246466989> connected from country China (CN), IP 223.149.53.89
L 01/30/2023 - 16:25:53: [cannounce.smx] Admin 23℃ <STEAM_1:0:246466989> from country China (CN) disconnected from IP 223.149.53.89reason: Disconnect by user.
L 01/30/2023 - 16:25:53: [basecommands.smx] "Console<0><Console><Console>" changed cvar (cvar "sb_all_bot_game") (value "1")
L 01/30/2023 - 16:25:53: [basecommands.smx] "Console<0><Console><Console>" changed cvar (cvar "sb_all_bot_game") (value "1")
L 01/30/2023 - 16:25:55: [linux_auto_restart.smx] Last one player left the server, Restart server now
L 01/30/2023 - 16:25:55: [linux_auto_restart.smx] Last one player left the server, Restart server now
L 01/30/2023 - 16:26:07: SourceMod log file session started (file "/root/Steam/steamapps/common/Left 4 Dead 2 Dedicated Server/left4dead2/addons/sourcemod/logs/L20230130.log") (Version "1.11.0.6825")
L 01/30/2023 - 16:26:07: [GEOIP] GeoIP2 database loaded: GeoLite2-City (2019-12-17 20:01:26 UTC)
L 01/30/2023 - 16:26:07: [GEOIP] GeoIP2 supported languages: de en es fr ja pt-BR ru zh-CN
L 01/30/2023 - 16:26:08: [GEOIPCITY] GeoIPCity database info: GEO-533LITE 20150106 Build 1 Copyright (c) 2015 MaxMind Inc All Rights Reserved
L 01/30/2023 - 16:26:10: [basecommands.smx] "Console<0><Console><Console>" changed cvar (cvar "sv_minrate") (value "100000")
L 01/30/2023 - 16:26:10: [basecommands.smx] "Console<0><Console><Console>" changed cvar (cvar "sv_maxrate") (value "100000")
L 01/30/2023 - 16:26:10: [basecommands.smx] "Console<0><Console><Console>" changed cvar (cvar "sv_minupdaterate") (value "100")
L 01/30/2023 - 16:26:10: [basecommands.smx] "Console<0><Console><Console>" changed cvar (cvar "sv_maxupdaterate") (value "100")
L 01/30/2023 - 16:26:10: [basecommands.smx] "Console<0><Console><Console>" changed cvar (cvar "sv_mincmdrate") (value "100")
L 01/30/2023 - 16:26:10: [basecommands.smx] "Console<0><Console><Console>" changed cvar (cvar "sv_maxcmdrate") (value "100")
L 01/30/2023 - 16:26:10: [basecommands.smx] "Console<0><Console><Console>" changed cvar (cvar "sv_client_min_interp_ratio") (value "-1")
L 01/30/2023 - 16:26:10: [basecommands.smx] "Console<0><Console><Console>" changed cvar (cvar "sv_client_max_interp_ratio") (value "0")
L 01/30/2023 - 16:26:10: [basecommands.smx] "Console<0><Console><Console>" changed cvar (cvar "nb_update_frequency") (value "0.014")
L 01/30/2023 - 16:26:10: [basecommands.smx] "Console<0><Console><Console>" changed cvar (cvar "net_splitpacket_maxrate") (value "50000")
L 01/30/2023 - 16:26:10: [basecommands.smx] "Console<0><Console><Console>" changed cvar (cvar "fps_max") (value "0")
L 01/30/2023 - 16:26:10: [basecommands.smx] "Console<0><Console><Console>" changed cvar (cvar "sv_allow_wait_command") (value "0")
L 01/30/2023 - 16:26:10: [basecommands.smx] "Console<0><Console><Console>" changed cvar (cvar "tick_door_speed") (value "1.3")
L 01/30/2023 - 16:26:10: [basecommands.smx] "Console<0><Console><Console>" changed cvar (cvar "mp_autoteambalance") (value "0")
L 01/30/2023 - 16:26:10: [basecommands.smx] "Console<0><Console><Console>" changed cvar (cvar "sv_unlag_fixstuck") (value "1")
L 01/30/2023 - 16:26:10: [basecommands.smx] "Console<0><Console><Console>" changed cvar (cvar "z_brawl_chance") (value "0")
L 01/30/2023 - 16:26:10: [basecommands.smx] "Console<0><Console><Console>" changed cvar (cvar "sv_maxunlag") (value "1")
L 01/30/2023 - 16:26:10: [basecommands.smx] "Console<0><Console><Console>" changed cvar (cvar "sv_forcepreload") (value "1")
L 01/30/2023 - 16:26:10: [basecommands.smx] "Console<0><Console><Console>" changed cvar (cvar "sv_client_predict") (value "1")
L 01/30/2023 - 16:26:10: [basecommands.smx] "Console<0><Console><Console>" changed cvar (cvar "sv_client_cmdrate_difference") (value "0")
L 01/30/2023 - 16:26:10: [basecommands.smx] "Console<0><Console><Console>" changed cvar (cvar "sv_max_queries_sec_global") (value "10")
L 01/30/2023 - 16:26:10: [basecommands.smx] "Console<0><Console><Console>" changed cvar (cvar "sv_max_queries_sec") (value "3")
L 01/30/2023 - 16:26:10: [basecommands.smx] "Console<0><Console><Console>" changed cvar (cvar "sv_max_queries_window") (value "10")
L 01/30/2023 - 16:26:10: [basecommands.smx] "Console<0><Console><Console>" changed cvar (cvar "sv_player_stuck_tolerance") (value "5")
L 01/30/2023 - 16:26:10: [basecommands.smx] "Console<0><Console><Console>" changed cvar (cvar "sv_stats") (value "0")
L 01/30/2023 - 16:26:10: [basecommands.smx] "Console<0><Console><Console>" changed cvar (cvar "sv_clockcorrection_msecs") (value "25")
L 01/30/2023 - 16:26:10: [basecommands.smx] "Console<0><Console><Console>" changed cvar (cvar "sb_all_bot_game") (value "1")
L 01/30/2023 - 16:26:10: [basecommands.smx] "Console<0><Console><Console>" changed cvar (cvar "sv_allowupload") (value "0")
L 01/30/2023 - 16:26:10: [basecommands.smx] "Console<0><Console><Console>" changed cvar (cvar "sv_allowdownload") (value "0")
L 01/30/2023 - 16:26:10: [basecommands.smx] "Console<0><Console><Console>" changed cvar (cvar "decalfrequency") (value "1.0")
L 01/30/2023 - 16:26:10: [basecommands.smx] "Console<0><Console><Console>" changed cvar (cvar "mv_maxplayers") (value "12")
L 01/30/2023 - 16:26:10: [basecommands.smx] "Console<0><Console><Console>" changed cvar (cvar "sn_main_name_path") (value "hostname/hostname.txt")
L 01/30/2023 - 16:26:10: [basecommands.smx] "Console<0><Console><Console>" changed cvar (cvar "sn_hostname_format1") (value "{hostname} >> {gamemode}")
L 01/30/2023 - 16:26:10: [basecommands.smx] "Console<0><Console><Console>" changed cvar (cvar "sn_hostname_format2") (value "{hostname} >> {gamemode} - {difficulty}")
L 01/30/2023 - 16:26:10: [basecommands.smx] "Console<0><Console><Console>" changed cvar (cvar "sn_hostname_format3") (value "{hostname} >>")
L 01/30/2023 - 19:53:05: [l4d2_playtime_interface.smx] Failed to retrieve response (GetUserStatsForGame) - HTTPStatus: 403
L 01/30/2023 - 19:53:24: [cannounce.smx] Player iPhoneX <STEAM_1:0:625834323> connected from country China (CN), IP 120.239.45.151
L 01/30/2023 - 19:54:28: [cannounce.smx] Player 一只小萌新 <STEAM_1:1:419787441> connected from country China (CN), IP 27.148.86.91
L 01/30/2023 - 19:55:21: [cannounce.smx] Player 一只小萌新 <STEAM_1:1:419787441> from country China (CN) disconnected from IP 27.148.86.91reason: Disconnect by user.
L 01/30/2023 - 19:56:06: [cannounce.smx] Player iPhoneX <STEAM_1:0:625834323> from country China (CN) disconnected from IP 120.239.45.151reason: Disconnect by user.
L 01/30/2023 - 19:56:06: [basecommands.smx] "Console<0><Console><Console>" changed cvar (cvar "sb_all_bot_game") (value "1")
L 01/30/2023 - 19:56:06: [basecommands.smx] "Console<0><Console><Console>" changed cvar (cvar "sb_all_bot_game") (value "1")
L 01/30/2023 - 19:56:08: [linux_auto_restart.smx] Last one player left the server, Restart server now
L 01/30/2023 - 19:56:08: [linux_auto_restart.smx] Last one player left the server, Restart server now
L 01/30/2023 - 19:56:21: SourceMod log file session started (file "/root/Steam/steamapps/common/Left 4 Dead 2 Dedicated Server/left4dead2/addons/sourcemod/logs/L20230130.log") (Version "1.11.0.6825")
L 01/30/2023 - 19:56:21: [GEOIP] GeoIP2 database loaded: GeoLite2-City (2019-12-17 20:01:26 UTC)
L 01/30/2023 - 19:56:21: [GEOIP] GeoIP2 supported languages: de en es fr ja pt-BR ru zh-CN
L 01/30/2023 - 19:56:21: [GEOIPCITY] GeoIPCity database info: GEO-533LITE 20150106 Build 1 Copyright (c) 2015 MaxMind Inc All Rights Reserved
L 01/30/2023 - 19:56:24: [basecommands.smx] "Console<0><Console><Console>" changed cvar (cvar "sv_minrate") (value "100000")
L 01/30/2023 - 19:56:24: [basecommands.smx] "Console<0><Console><Console>" changed cvar (cvar "sv_maxrate") (value "100000")
L 01/30/2023 - 19:56:24: [basecommands.smx] "Console<0><Console><Console>" changed cvar (cvar "sv_minupdaterate") (value "100")
L 01/30/2023 - 19:56:24: [basecommands.smx] "Console<0><Console><Console>" changed cvar (cvar "sv_maxupdaterate") (value "100")
L 01/30/2023 - 19:56:24: [basecommands.smx] "Console<0><Console><Console>" changed cvar (cvar "sv_mincmdrate") (value "100")
L 01/30/2023 - 19:56:24: [basecommands.smx] "Console<0><Console><Console>" changed cvar (cvar "sv_maxcmdrate") (value "100")
L 01/30/2023 - 19:56:24: [basecommands.smx] "Console<0><Console><Console>" changed cvar (cvar "sv_client_min_interp_ratio") (value "-1")
L 01/30/2023 - 19:56:24: [basecommands.smx] "Console<0><Console><Console>" changed cvar (cvar "sv_client_max_interp_ratio") (value "0")
L 01/30/2023 - 19:56:24: [basecommands.smx] "Console<0><Console><Console>" changed cvar (cvar "nb_update_frequency") (value "0.014")
L 01/30/2023 - 19:56:24: [basecommands.smx] "Console<0><Console><Console>" changed cvar (cvar "net_splitpacket_maxrate") (value "50000")
L 01/30/2023 - 19:56:24: [basecommands.smx] "Console<0><Console><Console>" changed cvar (cvar "fps_max") (value "0")
L 01/30/2023 - 19:56:24: [basecommands.smx] "Console<0><Console><Console>" changed cvar (cvar "sv_allow_wait_command") (value "0")
L 01/30/2023 - 19:56:24: [basecommands.smx] "Console<0><Console><Console>" changed cvar (cvar "tick_door_speed") (value "1.3")
L 01/30/2023 - 19:56:24: [basecommands.smx] "Console<0><Console><Console>" changed cvar (cvar "mp_autoteambalance") (value "0")
L 01/30/2023 - 19:56:24: [basecommands.smx] "Console<0><Console><Console>" changed cvar (cvar "sv_unlag_fixstuck") (value "1")
L 01/30/2023 - 19:56:24: [basecommands.smx] "Console<0><Console><Console>" changed cvar (cvar "z_brawl_chance") (value "0")
L 01/30/2023 - 19:56:24: [basecommands.smx] "Console<0><Console><Console>" changed cvar (cvar "sv_maxunlag") (value "1")
L 01/30/2023 - 19:56:24: [basecommands.smx] "Console<0><Console><Console>" changed cvar (cvar "sv_forcepreload") (value "1")
L 01/30/2023 - 19:56:24: [basecommands.smx] "Console<0><Console><Console>" changed cvar (cvar "sv_client_predict") (value "1")
L 01/30/2023 - 19:56:24: [basecommands.smx] "Console<0><Console><Console>" changed cvar (cvar "sv_client_cmdrate_difference") (value "0")
L 01/30/2023 - 19:56:24: [basecommands.smx] "Console<0><Console><Console>" changed cvar (cvar "sv_max_queries_sec_global") (value "10")
L 01/30/2023 - 19:56:24: [basecommands.smx] "Console<0><Console><Console>" changed cvar (cvar "sv_max_queries_sec") (value "3")
L 01/30/2023 - 19:56:24: [basecommands.smx] "Console<0><Console><Console>" changed cvar (cvar "sv_max_queries_window") (value "10")
L 01/30/2023 - 19:56:24: [basecommands.smx] "Console<0><Console><Console>" changed cvar (cvar "sv_player_stuck_tolerance") (value "5")
L 01/30/2023 - 19:56:24: [basecommands.smx] "Console<0><Console><Console>" changed cvar (cvar "sv_stats") (value "0")
L 01/30/2023 - 19:56:24: [basecommands.smx] "Console<0><Console><Console>" changed cvar (cvar "sv_clockcorrection_msecs") (value "25")
L 01/30/2023 - 19:56:24: [basecommands.smx] "Console<0><Console><Console>" changed cvar (cvar "sb_all_bot_game") (value "1")
L 01/30/2023 - 19:56:24: [basecommands.smx] "Console<0><Console><Console>" changed cvar (cvar "sv_allowupload") (value "0")
L 01/30/2023 - 19:56:24: [basecommands.smx] "Console<0><Console><Console>" changed cvar (cvar "sv_allowdownload") (value "0")
L 01/30/2023 - 19:56:24: [basecommands.smx] "Console<0><Console><Console>" changed cvar (cvar "decalfrequency") (value "1.0")
L 01/30/2023 - 19:56:24: [basecommands.smx] "Console<0><Console><Console>" changed cvar (cvar "mv_maxplayers") (value "12")
L 01/30/2023 - 19:56:24: [basecommands.smx] "Console<0><Console><Console>" changed cvar (cvar "sn_main_name_path") (value "hostname/hostname.txt")
L 01/30/2023 - 19:56:24: [basecommands.smx] "Console<0><Console><Console>" changed cvar (cvar "sn_hostname_format1") (value "{hostname} >> {gamemode}")
L 01/30/2023 - 19:56:24: [basecommands.smx] "Console<0><Console><Console>" changed cvar (cvar "sn_hostname_format2") (value "{hostname} >> {gamemode} - {difficulty}")
L 01/30/2023 - 19:56:24: [basecommands.smx] "Console<0><Console><Console>" changed cvar (cvar "sn_hostname_format3") (value "{hostname} >>")
L 01/30/2023 - 20:45:49: [l4d2_playtime_interface.smx] Failed to retrieve response (GetOwnedGames) - HTTPStatus: 0
L 01/30/2023 - 20:45:51: [cannounce.smx] Admin 23℃ <STEAM_1:0:246466989> connected from country China (CN), IP 223.149.53.89
L 01/30/2023 - 20:45:59: [l4d2_playtime_interface.smx] Failed to retrieve response (GetUserStatsForGame) - HTTPStatus: 0
L 01/30/2023 - 20:47:47: [cannounce.smx] Admin 23℃ <STEAM_1:0:246466989> from country China (CN) disconnected from IP 223.149.53.89reason: Your client has failed to reply to a query in time! Please recon
L 01/30/2023 - 20:47:47: [basecommands.smx] "Console<0><Console><Console>" changed cvar (cvar "sb_all_bot_game") (value "1")
L 01/30/2023 - 20:47:47: [basecommands.smx] "Console<0><Console><Console>" changed cvar (cvar "sb_all_bot_game") (value "1")
L 01/30/2023 - 20:47:49: [linux_auto_restart.smx] Last one player left the server, Restart server now
L 01/30/2023 - 20:47:49: [linux_auto_restart.smx] Last one player left the server, Restart server now
L 01/30/2023 - 20:48:02: SourceMod log file session started (file "/root/Steam/steamapps/common/Left 4 Dead 2 Dedicated Server/left4dead2/addons/sourcemod/logs/L20230130.log") (Version "1.11.0.6825")
L 01/30/2023 - 20:48:02: [GEOIP] GeoIP2 database loaded: GeoLite2-City (2019-12-17 20:01:26 UTC)
L 01/30/2023 - 20:48:02: [GEOIP] GeoIP2 supported languages: de en es fr ja pt-BR ru zh-CN
L 01/30/2023 - 20:48:02: [GEOIPCITY] GeoIPCity database info: GEO-533LITE 20150106 Build 1 Copyright (c) 2015 MaxMind Inc All Rights Reserved
L 01/30/2023 - 20:48:05: [basecommands.smx] "Console<0><Console><Console>" changed cvar (cvar "sv_minrate") (value "100000")
L 01/30/2023 - 20:48:05: [basecommands.smx] "Console<0><Console><Console>" changed cvar (cvar "sv_maxrate") (value "100000")
L 01/30/2023 - 20:48:05: [basecommands.smx] "Console<0><Console><Console>" changed cvar (cvar "sv_minupdaterate") (value "100")
L 01/30/2023 - 20:48:05: [basecommands.smx] "Console<0><Console><Console>" changed cvar (cvar "sv_maxupdaterate") (value "100")
L 01/30/2023 - 20:48:05: [basecommands.smx] "Console<0><Console><Console>" changed cvar (cvar "sv_mincmdrate") (value "100")
L 01/30/2023 - 20:48:05: [basecommands.smx] "Console<0><Console><Console>" changed cvar (cvar "sv_maxcmdrate") (value "100")
L 01/30/2023 - 20:48:05: [basecommands.smx] "Console<0><Console><Console>" changed cvar (cvar "sv_client_min_interp_ratio") (value "-1")
L 01/30/2023 - 20:48:05: [basecommands.smx] "Console<0><Console><Console>" changed cvar (cvar "sv_client_max_interp_ratio") (value "0")
L 01/30/2023 - 20:48:05: [basecommands.smx] "Console<0><Console><Console>" changed cvar (cvar "nb_update_frequency") (value "0.014")
L 01/30/2023 - 20:48:05: [basecommands.smx] "Console<0><Console><Console>" changed cvar (cvar "net_splitpacket_maxrate") (value "50000")
L 01/30/2023 - 20:48:05: [basecommands.smx] "Console<0><Console><Console>" changed cvar (cvar "fps_max") (value "0")
L 01/30/2023 - 20:48:05: [basecommands.smx] "Console<0><Console><Console>" changed cvar (cvar "sv_allow_wait_command") (value "0")
L 01/30/2023 - 20:48:05: [basecommands.smx] "Console<0><Console><Console>" changed cvar (cvar "tick_door_speed") (value "1.3")
L 01/30/2023 - 20:48:05: [basecommands.smx] "Console<0><Console><Console>" changed cvar (cvar "mp_autoteambalance") (value "0")
L 01/30/2023 - 20:48:05: [basecommands.smx] "Console<0><Console><Console>" changed cvar (cvar "sv_unlag_fixstuck") (value "1")
L 01/30/2023 - 20:48:05: [basecommands.smx] "Console<0><Console><Console>" changed cvar (cvar "z_brawl_chance") (value "0")
L 01/30/2023 - 20:48:05: [basecommands.smx] "Console<0><Console><Console>" changed cvar (cvar "sv_maxunlag") (value "1")
L 01/30/2023 - 20:48:05: [basecommands.smx] "Console<0><Console><Console>" changed cvar (cvar "sv_forcepreload") (value "1")
L 01/30/2023 - 20:48:05: [basecommands.smx] "Console<0><Console><Console>" changed cvar (cvar "sv_client_predict") (value "1")
L 01/30/2023 - 20:48:05: [basecommands.smx] "Console<0><Console><Console>" changed cvar (cvar "sv_client_cmdrate_difference") (value "0")
L 01/30/2023 - 20:48:05: [basecommands.smx] "Console<0><Console><Console>" changed cvar (cvar "sv_max_queries_sec_global") (value "10")
L 01/30/2023 - 20:48:05: [basecommands.smx] "Console<0><Console><Console>" changed cvar (cvar "sv_max_queries_sec") (value "3")
L 01/30/2023 - 20:48:05: [basecommands.smx] "Console<0><Console><Console>" changed cvar (cvar "sv_max_queries_window") (value "10")
L 01/30/2023 - 20:48:05: [basecommands.smx] "Console<0><Console><Console>" changed cvar (cvar "sv_player_stuck_tolerance") (value "5")
L 01/30/2023 - 20:48:05: [basecommands.smx] "Console<0><Console><Console>" changed cvar (cvar "sv_stats") (value "0")
L 01/30/2023 - 20:48:05: [basecommands.smx] "Console<0><Console><Console>" changed cvar (cvar "sv_clockcorrection_msecs") (value "25")
L 01/30/2023 - 20:48:05: [basecommands.smx] "Console<0><Console><Console>" changed cvar (cvar "sb_all_bot_game") (value "1")
L 01/30/2023 - 20:48:05: [basecommands.smx] "Console<0><Console><Console>" changed cvar (cvar "sv_allowupload") (value "0")
L 01/30/2023 - 20:48:05: [basecommands.smx] "Console<0><Console><Console>" changed cvar (cvar "sv_allowdownload") (value "0")
L 01/30/2023 - 20:48:05: [basecommands.smx] "Console<0><Console><Console>" changed cvar (cvar "decalfrequency") (value "1.0")
L 01/30/2023 - 20:48:05: [basecommands.smx] "Console<0><Console><Console>" changed cvar (cvar "mv_maxplayers") (value "12")
L 01/30/2023 - 20:48:05: [basecommands.smx] "Console<0><Console><Console>" changed cvar (cvar "sn_main_name_path") (value "hostname/hostname.txt")
L 01/30/2023 - 20:48:05: [basecommands.smx] "Console<0><Console><Console>" changed cvar (cvar "sn_hostname_format1") (value "{hostname} >> {gamemode}")
L 01/30/2023 - 20:48:05: [basecommands.smx] "Console<0><Console><Console>" changed cvar (cvar "sn_hostname_format2") (value "{hostname} >> {gamemode} - {difficulty}")
L 01/30/2023 - 20:48:05: [basecommands.smx] "Console<0><Console><Console>" changed cvar (cvar "sn_hostname_format3") (value "{hostname} >>")
L 01/30/2023 - 20:56:39: [l4d2_playtime_interface.smx] Failed to retrieve response (GetOwnedGames) - HTTPStatus: 0
L 01/30/2023 - 20:56:39: [cannounce.smx] Admin 23℃ <STEAM_1:0:246466989> connected from country China (CN), IP 223.149.53.89
L 01/30/2023 - 20:58:51: [cannounce.smx] Admin 23℃ <STEAM_1:0:246466989> from country China (CN) disconnected from IP 223.149.53.89reason: Your client has failed to reply to a query in time! Please recon
L 01/30/2023 - 20:58:51: [basecommands.smx] "Console<0><Console><Console>" changed cvar (cvar "sb_all_bot_game") (value "1")
L 01/30/2023 - 20:58:51: [basecommands.smx] "Console<0><Console><Console>" changed cvar (cvar "sb_all_bot_game") (value "1")
L 01/30/2023 - 20:58:53: [linux_auto_restart.smx] Last one player left the server, Restart server now
L 01/30/2023 - 20:58:53: [linux_auto_restart.smx] Last one player left the server, Restart server now
L 01/30/2023 - 20:59:05: SourceMod log file session started (file "/root/Steam/steamapps/common/Left 4 Dead 2 Dedicated Server/left4dead2/addons/sourcemod/logs/L20230130.log") (Version "1.11.0.6825")
L 01/30/2023 - 20:59:05: [GEOIP] GeoIP2 database loaded: GeoLite2-City (2019-12-17 20:01:26 UTC)
L 01/30/2023 - 20:59:05: [GEOIP] GeoIP2 supported languages: de en es fr ja pt-BR ru zh-CN
L 01/30/2023 - 20:59:05: [GEOIPCITY] GeoIPCity database info: GEO-533LITE 20150106 Build 1 Copyright (c) 2015 MaxMind Inc All Rights Reserved
L 01/30/2023 - 20:59:08: [basecommands.smx] "Console<0><Console><Console>" changed cvar (cvar "sv_minrate") (value "100000")
L 01/30/2023 - 20:59:08: [basecommands.smx] "Console<0><Console><Console>" changed cvar (cvar "sv_maxrate") (value "100000")
L 01/30/2023 - 20:59:08: [basecommands.smx] "Console<0><Console><Console>" changed cvar (cvar "sv_minupdaterate") (value "100")
L 01/30/2023 - 20:59:08: [basecommands.smx] "Console<0><Console><Console>" changed cvar (cvar "sv_maxupdaterate") (value "100")
L 01/30/2023 - 20:59:08: [basecommands.smx] "Console<0><Console><Console>" changed cvar (cvar "sv_mincmdrate") (value "100")
L 01/30/2023 - 20:59:08: [basecommands.smx] "Console<0><Console><Console>" changed cvar (cvar "sv_maxcmdrate") (value "100")
L 01/30/2023 - 20:59:08: [basecommands.smx] "Console<0><Console><Console>" changed cvar (cvar "sv_client_min_interp_ratio") (value "-1")
L 01/30/2023 - 20:59:08: [basecommands.smx] "Console<0><Console><Console>" changed cvar (cvar "sv_client_max_interp_ratio") (value "0")
L 01/30/2023 - 20:59:08: [basecommands.smx] "Console<0><Console><Console>" changed cvar (cvar "nb_update_frequency") (value "0.014")
L 01/30/2023 - 20:59:08: [basecommands.smx] "Console<0><Console><Console>" changed cvar (cvar "net_splitpacket_maxrate") (value "50000")
L 01/30/2023 - 20:59:08: [basecommands.smx] "Console<0><Console><Console>" changed cvar (cvar "fps_max") (value "0")
L 01/30/2023 - 20:59:08: [basecommands.smx] "Console<0><Console><Console>" changed cvar (cvar "sv_allow_wait_command") (value "0")
L 01/30/2023 - 20:59:08: [basecommands.smx] "Console<0><Console><Console>" changed cvar (cvar "tick_door_speed") (value "1.3")
L 01/30/2023 - 20:59:08: [basecommands.smx] "Console<0><Console><Console>" changed cvar (cvar "mp_autoteambalance") (value "0")
L 01/30/2023 - 20:59:08: [basecommands.smx] "Console<0><Console><Console>" changed cvar (cvar "sv_unlag_fixstuck") (value "1")
L 01/30/2023 - 20:59:08: [basecommands.smx] "Console<0><Console><Console>" changed cvar (cvar "z_brawl_chance") (value "0")
L 01/30/2023 - 20:59:08: [basecommands.smx] "Console<0><Console><Console>" changed cvar (cvar "sv_maxunlag") (value "1")
L 01/30/2023 - 20:59:08: [basecommands.smx] "Console<0><Console><Console>" changed cvar (cvar "sv_forcepreload") (value "1")
L 01/30/2023 - 20:59:08: [basecommands.smx] "Console<0><Console><Console>" changed cvar (cvar "sv_client_predict") (value "1")
L 01/30/2023 - 20:59:08: [basecommands.smx] "Console<0><Console><Console>" changed cvar (cvar "sv_client_cmdrate_difference") (value "0")
L 01/30/2023 - 20:59:08: [basecommands.smx] "Console<0><Console><Console>" changed cvar (cvar "sv_max_queries_sec_global") (value "10")
L 01/30/2023 - 20:59:08: [basecommands.smx] "Console<0><Console><Console>" changed cvar (cvar "sv_max_queries_sec") (value "3")
L 01/30/2023 - 20:59:08: [basecommands.smx] "Console<0><Console><Console>" changed cvar (cvar "sv_max_queries_window") (value "10")
L 01/30/2023 - 20:59:08: [basecommands.smx] "Console<0><Console><Console>" changed cvar (cvar "sv_player_stuck_tolerance") (value "5")
L 01/30/2023 - 20:59:08: [basecommands.smx] "Console<0><Console><Console>" changed cvar (cvar "sv_stats") (value "0")
L 01/30/2023 - 20:59:08: [basecommands.smx] "Console<0><Console><Console>" changed cvar (cvar "sv_clockcorrection_msecs") (value "25")
L 01/30/2023 - 20:59:08: [basecommands.smx] "Console<0><Console><Console>" changed cvar (cvar "sb_all_bot_game") (value "1")
L 01/30/2023 - 20:59:08: [basecommands.smx] "Console<0><Console><Console>" changed cvar (cvar "sv_allowupload") (value "0")
L 01/30/2023 - 20:59:08: [basecommands.smx] "Console<0><Console><Console>" changed cvar (cvar "sv_allowdownload") (value "0")
L 01/30/2023 - 20:59:08: [basecommands.smx] "Console<0><Console><Console>" changed cvar (cvar "decalfrequency") (value "1.0")
L 01/30/2023 - 20:59:08: [basecommands.smx] "Console<0><Console><Console>" changed cvar (cvar "mv_maxplayers") (value "12")
L 01/30/2023 - 20:59:08: [basecommands.smx] "Console<0><Console><Console>" changed cvar (cvar "sn_main_name_path") (value "hostname/hostname.txt")
L 01/30/2023 - 20:59:08: [basecommands.smx] "Console<0><Console><Console>" changed cvar (cvar "sn_hostname_format1") (value "{hostname} >> {gamemode}")
L 01/30/2023 - 20:59:08: [basecommands.smx] "Console<0><Console><Console>" changed cvar (cvar "sn_hostname_format2") (value "{hostname} >> {gamemode} - {difficulty}")
L 01/30/2023 - 20:59:08: [basecommands.smx] "Console<0><Console><Console>" changed cvar (cvar "sn_hostname_format3") (value "{hostname} >>")
L 01/30/2023 - 21:02:12: [cannounce.smx] Admin 23℃ <STEAM_1:0:246466989> connected from country China (CN), IP 223.149.53.89
L 01/30/2023 - 21:03:15: [cannounce.smx] Admin 23℃ <STEAM_1:0:246466989> from country China (CN) disconnected from IP 223.149.53.89reason: Your client has failed to reply to a query in time! Please recon
L 01/30/2023 - 21:03:15: [basecommands.smx] "Console<0><Console><Console>" changed cvar (cvar "sb_all_bot_game") (value "1")
L 01/30/2023 - 21:03:15: [basecommands.smx] "Console<0><Console><Console>" changed cvar (cvar "sb_all_bot_game") (value "1")
L 01/30/2023 - 21:03:17: [linux_auto_restart.smx] Last one player left the server, Restart server now
L 01/30/2023 - 21:03:17: [linux_auto_restart.smx] Last one player left the server, Restart server now
L 01/30/2023 - 21:03:30: SourceMod log file session started (file "/root/Steam/steamapps/common/Left 4 Dead 2 Dedicated Server/left4dead2/addons/sourcemod/logs/L20230130.log") (Version "1.11.0.6825")
L 01/30/2023 - 21:03:30: [GEOIP] GeoIP2 database loaded: GeoLite2-City (2019-12-17 20:01:26 UTC)
L 01/30/2023 - 21:03:30: [GEOIP] GeoIP2 supported languages: de en es fr ja pt-BR ru zh-CN
L 01/30/2023 - 21:03:30: [GEOIPCITY] GeoIPCity database info: GEO-533LITE 20150106 Build 1 Copyright (c) 2015 MaxMind Inc All Rights Reserved
L 01/30/2023 - 21:03:33: [basecommands.smx] "Console<0><Console><Console>" changed cvar (cvar "sv_minrate") (value "100000")
L 01/30/2023 - 21:03:33: [basecommands.smx] "Console<0><Console><Console>" changed cvar (cvar "sv_maxrate") (value "100000")
L 01/30/2023 - 21:03:33: [basecommands.smx] "Console<0><Console><Console>" changed cvar (cvar "sv_minupdaterate") (value "100")
L 01/30/2023 - 21:03:33: [basecommands.smx] "Console<0><Console><Console>" changed cvar (cvar "sv_maxupdaterate") (value "100")
L 01/30/2023 - 21:03:33: [basecommands.smx] "Console<0><Console><Console>" changed cvar (cvar "sv_mincmdrate") (value "100")
L 01/30/2023 - 21:03:33: [basecommands.smx] "Console<0><Console><Console>" changed cvar (cvar "sv_maxcmdrate") (value "100")
L 01/30/2023 - 21:03:33: [basecommands.smx] "Console<0><Console><Console>" changed cvar (cvar "sv_client_min_interp_ratio") (value "-1")
L 01/30/2023 - 21:03:33: [basecommands.smx] "Console<0><Console><Console>" changed cvar (cvar "sv_client_max_interp_ratio") (value "0")
L 01/30/2023 - 21:03:33: [basecommands.smx] "Console<0><Console><Console>" changed cvar (cvar "nb_update_frequency") (value "0.014")
L 01/30/2023 - 21:03:33: [basecommands.smx] "Console<0><Console><Console>" changed cvar (cvar "net_splitpacket_maxrate") (value "50000")
L 01/30/2023 - 21:03:33: [basecommands.smx] "Console<0><Console><Console>" changed cvar (cvar "fps_max") (value "0")
L 01/30/2023 - 21:03:33: [basecommands.smx] "Console<0><Console><Console>" changed cvar (cvar "sv_allow_wait_command") (value "0")
L 01/30/2023 - 21:03:33: [basecommands.smx] "Console<0><Console><Console>" changed cvar (cvar "tick_door_speed") (value "1.3")
L 01/30/2023 - 21:03:33: [basecommands.smx] "Console<0><Console><Console>" changed cvar (cvar "mp_autoteambalance") (value "0")
L 01/30/2023 - 21:03:33: [basecommands.smx] "Console<0><Console><Console>" changed cvar (cvar "sv_unlag_fixstuck") (value "1")
L 01/30/2023 - 21:03:33: [basecommands.smx] "Console<0><Console><Console>" changed cvar (cvar "z_brawl_chance") (value "0")
L 01/30/2023 - 21:03:33: [basecommands.smx] "Console<0><Console><Console>" changed cvar (cvar "sv_maxunlag") (value "1")
L 01/30/2023 - 21:03:33: [basecommands.smx] "Console<0><Console><Console>" changed cvar (cvar "sv_forcepreload") (value "1")
L 01/30/2023 - 21:03:33: [basecommands.smx] "Console<0><Console><Console>" changed cvar (cvar "sv_client_predict") (value "1")
L 01/30/2023 - 21:03:33: [basecommands.smx] "Console<0><Console><Console>" changed cvar (cvar "sv_client_cmdrate_difference") (value "0")
L 01/30/2023 - 21:03:33: [basecommands.smx] "Console<0><Console><Console>" changed cvar (cvar "sv_max_queries_sec_global") (value "10")
L 01/30/2023 - 21:03:33: [basecommands.smx] "Console<0><Console><Console>" changed cvar (cvar "sv_max_queries_sec") (value "3")
L 01/30/2023 - 21:03:33: [basecommands.smx] "Console<0><Console><Console>" changed cvar (cvar "sv_max_queries_window") (value "10")
L 01/30/2023 - 21:03:33: [basecommands.smx] "Console<0><Console><Console>" changed cvar (cvar "sv_player_stuck_tolerance") (value "5")
L 01/30/2023 - 21:03:33: [basecommands.smx] "Console<0><Console><Console>" changed cvar (cvar "sv_stats") (value "0")
L 01/30/2023 - 21:03:33: [basecommands.smx] "Console<0><Console><Console>" changed cvar (cvar "sv_clockcorrection_msecs") (value "25")
L 01/30/2023 - 21:03:33: [basecommands.smx] "Console<0><Console><Console>" changed cvar (cvar "sb_all_bot_game") (value "1")
L 01/30/2023 - 21:03:33: [basecommands.smx] "Console<0><Console><Console>" changed cvar (cvar "sv_allowupload") (value "0")
L 01/30/2023 - 21:03:33: [basecommands.smx] "Console<0><Console><Console>" changed cvar (cvar "sv_allowdownload") (value "0")
L 01/30/2023 - 21:03:33: [basecommands.smx] "Console<0><Console><Console>" changed cvar (cvar "decalfrequency") (value "1.0")
L 01/30/2023 - 21:03:33: [basecommands.smx] "Console<0><Console><Console>" changed cvar (cvar "mv_maxplayers") (value "12")
L 01/30/2023 - 21:03:33: [basecommands.smx] "Console<0><Console><Console>" changed cvar (cvar "sn_main_name_path") (value "hostname/hostname.txt")
L 01/30/2023 - 21:03:33: [basecommands.smx] "Console<0><Console><Console>" changed cvar (cvar "sn_hostname_format1") (value "{hostname} >> {gamemode}")
L 01/30/2023 - 21:03:33: [basecommands.smx] "Console<0><Console><Console>" changed cvar (cvar "sn_hostname_format2") (value "{hostname} >> {gamemode} - {difficulty}")
L 01/30/2023 - 21:03:33: [basecommands.smx] "Console<0><Console><Console>" changed cvar (cvar "sn_hostname_format3") (value "{hostname} >>")
L 01/31/2023 - 00:00:44: Log file closed.
