L 11/20/2022 - 15:34:50: SourceMod log file session started (file "/root/Steam/steamapps/common/Left 4 Dead 2 Dedicated Server/left4dead2/addons/sourcemod/logs/L20221120.log") (Version "1.11.0.6825")
L 11/20/2022 - 15:34:50: [l4d2_playtime_interface.smx] Failed to retrieve response (GetUserStatsForGame) - HTTPStatus: 403
L 11/20/2022 - 15:34:50: [l4d2_playtime_interface.smx] Failed to retrieve response (GetOwnedGames) - HTTPStatus: 401
L 11/20/2022 - 15:34:55: [cannounce.smx] Admin wouldn't ya? <STEAM_1:0:246466989> connected from country China (CN), IP 61.179.137.110
L 11/20/2022 - 15:35:06: [l4d2_playtime_interface.smx] Failed to retrieve response (GetOwnedGames) - HTTPStatus: 401
L 11/20/2022 - 15:35:06: [l4d2_playtime_interface.smx] Failed to retrieve response (GetUserStatsForGame) - HTTPStatus: 403
L 11/20/2022 - 15:35:22: [confoglcompmod.smx] Set password on wouldn't ya?, password 
L 11/20/2022 - 15:35:25: -------- Mapchange to c8m5_rooftop --------
L 11/20/2022 - 15:35:26: [basecommands.smx] "Console<0><Console><Console>" changed cvar (cvar "confogl_match_execcfg_plugins") (value "generalfixes.cfg;confogl_plugins.cfg;sharedplugins.cfg")
L 11/20/2022 - 15:35:26: [basecommands.smx] "Console<0><Console><Console>" changed cvar (cvar "l4d2_addons_eclipse") (value "0")
L 11/20/2022 - 15:35:26: [basecommands.smx] "Console<0><Console><Console>" changed cvar (cvar "sv_allow_wait_command") (value "0")
L 11/20/2022 - 15:35:26: [basecommands.smx] "Console<0><Console><Console>" changed cvar (cvar "sv_minrate") (value "100000")
L 11/20/2022 - 15:35:26: [basecommands.smx] "Console<0><Console><Console>" changed cvar (cvar "sv_maxrate") (value "100000")
L 11/20/2022 - 15:35:26: [basecommands.smx] "Console<0><Console><Console>" changed cvar (cvar "sv_minupdaterate") (value "100")
L 11/20/2022 - 15:35:26: [basecommands.smx] "Console<0><Console><Console>" changed cvar (cvar "sv_maxupdaterate") (value "100")
L 11/20/2022 - 15:35:26: [basecommands.smx] "Console<0><Console><Console>" changed cvar (cvar "sv_mincmdrate") (value "100")
L 11/20/2022 - 15:35:26: [basecommands.smx] "Console<0><Console><Console>" changed cvar (cvar "sv_maxcmdrate") (value "100")
L 11/20/2022 - 15:35:26: [basecommands.smx] "Console<0><Console><Console>" changed cvar (cvar "sv_client_min_interp_ratio") (value "-1")
L 11/20/2022 - 15:35:26: [basecommands.smx] "Console<0><Console><Console>" changed cvar (cvar "sv_client_max_interp_ratio") (value "0")
L 11/20/2022 - 15:35:26: [basecommands.smx] "Console<0><Console><Console>" changed cvar (cvar "nb_update_frequency") (value "0.014")
L 11/20/2022 - 15:35:26: [basecommands.smx] "Console<0><Console><Console>" changed cvar (cvar "net_splitpacket_maxrate") (value "50000")
L 11/20/2022 - 15:35:26: [basecommands.smx] "Console<0><Console><Console>" changed cvar (cvar "fps_max") (value "0")
L 11/20/2022 - 15:35:26: [basecommands.smx] "Console<0><Console><Console>" changed cvar (cvar "tick_door_speed") (value "1.3")
L 11/20/2022 - 15:35:26: [basecommands.smx] "Console<0><Console><Console>" changed cvar (cvar "mv_maxplayers") (value "12")
L 11/20/2022 - 15:35:26: [basecommands.smx] "Console<0><Console><Console>" changed cvar (cvar "mp_autoteambalance") (value "0")
L 11/20/2022 - 15:35:26: [basecommands.smx] "Console<0><Console><Console>" changed cvar (cvar "sv_unlag_fixstuck") (value "1")
L 11/20/2022 - 15:35:26: [basecommands.smx] "Console<0><Console><Console>" changed cvar (cvar "z_brawl_chance") (value "0")
L 11/20/2022 - 15:35:26: [basecommands.smx] "Console<0><Console><Console>" changed cvar (cvar "sv_maxunlag") (value "1")
L 11/20/2022 - 15:35:26: [basecommands.smx] "Console<0><Console><Console>" changed cvar (cvar "sv_forcepreload") (value "1")
L 11/20/2022 - 15:35:26: [basecommands.smx] "Console<0><Console><Console>" changed cvar (cvar "sv_client_predict") (value "1")
L 11/20/2022 - 15:35:26: [basecommands.smx] "Console<0><Console><Console>" changed cvar (cvar "sv_client_cmdrate_difference") (value "0")
L 11/20/2022 - 15:35:26: [basecommands.smx] "Console<0><Console><Console>" changed cvar (cvar "sv_max_queries_sec_global") (value "10")
L 11/20/2022 - 15:35:26: [basecommands.smx] "Console<0><Console><Console>" changed cvar (cvar "sv_max_queries_sec") (value "3")
L 11/20/2022 - 15:35:26: [basecommands.smx] "Console<0><Console><Console>" changed cvar (cvar "sv_max_queries_window") (value "10")
L 11/20/2022 - 15:35:26: [basecommands.smx] "Console<0><Console><Console>" changed cvar (cvar "sv_player_stuck_tolerance") (value "5")
L 11/20/2022 - 15:35:26: [basecommands.smx] "Console<0><Console><Console>" changed cvar (cvar "sv_stats") (value "0")
L 11/20/2022 - 15:35:26: [basecommands.smx] "Console<0><Console><Console>" changed cvar (cvar "sv_clockcorrection_msecs") (value "25")
L 11/20/2022 - 15:35:26: [basecommands.smx] "Console<0><Console><Console>" changed cvar (cvar "sb_all_bot_game") (value "1")
L 11/20/2022 - 15:35:26: [l4d2_playtime_interface.smx] Failed to retrieve response (GetUserStatsForGame) - HTTPStatus: 403
L 11/20/2022 - 15:35:26: [l4d2_playtime_interface.smx] Failed to retrieve response (GetOwnedGames) - HTTPStatus: 401
L 11/20/2022 - 15:35:27: [optional/l4d2_saferoom_item_remove.smx] Removed 2 saferoom item(s) (start: 2; end: 0).
L 11/20/2022 - 15:35:46: [l4d2_playtime_interface.smx] Failed to retrieve response (GetOwnedGames) - HTTPStatus: 401
L 11/20/2022 - 15:35:46: [l4d2_playtime_interface.smx] Failed to retrieve response (GetUserStatsForGame) - HTTPStatus: 403
L 11/20/2022 - 15:35:47: [optional/l4d2_saferoom_item_remove.smx] Removed 2 saferoom item(s) (start: 2; end: 0).
L 11/20/2022 - 15:35:49: [optional/l4d2_saferoom_item_remove.smx] Removed 2 saferoom item(s) (start: 2; end: 0).
L 11/20/2022 - 15:40:50: -------- Mapchange to c7m2_barge --------
L 11/20/2022 - 15:40:53: [basecommands.smx] "Console<0><Console><Console>" changed cvar (cvar "confogl_match_execcfg_plugins") (value "generalfixes.cfg;confogl_plugins.cfg;sharedplugins.cfg")
L 11/20/2022 - 15:40:53: [basecommands.smx] "Console<0><Console><Console>" changed cvar (cvar "l4d2_addons_eclipse") (value "0")
L 11/20/2022 - 15:40:53: [basecommands.smx] "Console<0><Console><Console>" changed cvar (cvar "sv_allow_wait_command") (value "0")
L 11/20/2022 - 15:40:53: [basecommands.smx] "Console<0><Console><Console>" changed cvar (cvar "sv_minrate") (value "100000")
L 11/20/2022 - 15:40:53: [basecommands.smx] "Console<0><Console><Console>" changed cvar (cvar "sv_maxrate") (value "100000")
L 11/20/2022 - 15:40:53: [basecommands.smx] "Console<0><Console><Console>" changed cvar (cvar "sv_minupdaterate") (value "100")
L 11/20/2022 - 15:40:53: [basecommands.smx] "Console<0><Console><Console>" changed cvar (cvar "sv_maxupdaterate") (value "100")
L 11/20/2022 - 15:40:53: [basecommands.smx] "Console<0><Console><Console>" changed cvar (cvar "sv_mincmdrate") (value "100")
L 11/20/2022 - 15:40:53: [basecommands.smx] "Console<0><Console><Console>" changed cvar (cvar "sv_maxcmdrate") (value "100")
L 11/20/2022 - 15:40:53: [basecommands.smx] "Console<0><Console><Console>" changed cvar (cvar "sv_client_min_interp_ratio") (value "-1")
L 11/20/2022 - 15:40:53: [basecommands.smx] "Console<0><Console><Console>" changed cvar (cvar "sv_client_max_interp_ratio") (value "0")
L 11/20/2022 - 15:40:53: [basecommands.smx] "Console<0><Console><Console>" changed cvar (cvar "nb_update_frequency") (value "0.014")
L 11/20/2022 - 15:40:53: [basecommands.smx] "Console<0><Console><Console>" changed cvar (cvar "net_splitpacket_maxrate") (value "50000")
L 11/20/2022 - 15:40:53: [basecommands.smx] "Console<0><Console><Console>" changed cvar (cvar "fps_max") (value "0")
L 11/20/2022 - 15:40:53: [basecommands.smx] "Console<0><Console><Console>" changed cvar (cvar "tick_door_speed") (value "1.3")
L 11/20/2022 - 15:40:53: [basecommands.smx] "Console<0><Console><Console>" changed cvar (cvar "mv_maxplayers") (value "12")
L 11/20/2022 - 15:40:53: [basecommands.smx] "Console<0><Console><Console>" changed cvar (cvar "mp_autoteambalance") (value "0")
L 11/20/2022 - 15:40:53: [basecommands.smx] "Console<0><Console><Console>" changed cvar (cvar "sv_unlag_fixstuck") (value "1")
L 11/20/2022 - 15:40:53: [basecommands.smx] "Console<0><Console><Console>" changed cvar (cvar "z_brawl_chance") (value "0")
L 11/20/2022 - 15:40:53: [basecommands.smx] "Console<0><Console><Console>" changed cvar (cvar "sv_maxunlag") (value "1")
L 11/20/2022 - 15:40:53: [basecommands.smx] "Console<0><Console><Console>" changed cvar (cvar "sv_forcepreload") (value "1")
L 11/20/2022 - 15:40:53: [basecommands.smx] "Console<0><Console><Console>" changed cvar (cvar "sv_client_predict") (value "1")
L 11/20/2022 - 15:40:53: [basecommands.smx] "Console<0><Console><Console>" changed cvar (cvar "sv_client_cmdrate_difference") (value "0")
L 11/20/2022 - 15:40:53: [basecommands.smx] "Console<0><Console><Console>" changed cvar (cvar "sv_max_queries_sec_global") (value "10")
L 11/20/2022 - 15:40:53: [basecommands.smx] "Console<0><Console><Console>" changed cvar (cvar "sv_max_queries_sec") (value "3")
L 11/20/2022 - 15:40:53: [basecommands.smx] "Console<0><Console><Console>" changed cvar (cvar "sv_max_queries_window") (value "10")
L 11/20/2022 - 15:40:53: [basecommands.smx] "Console<0><Console><Console>" changed cvar (cvar "sv_player_stuck_tolerance") (value "5")
L 11/20/2022 - 15:40:53: [basecommands.smx] "Console<0><Console><Console>" changed cvar (cvar "sv_stats") (value "0")
L 11/20/2022 - 15:40:53: [basecommands.smx] "Console<0><Console><Console>" changed cvar (cvar "sv_clockcorrection_msecs") (value "25")
L 11/20/2022 - 15:40:53: [basecommands.smx] "Console<0><Console><Console>" changed cvar (cvar "sb_all_bot_game") (value "1")
L 11/20/2022 - 15:40:54: [optional/l4d2_saferoom_item_remove.smx] Removed 0 saferoom item(s) (start: 0; end: 0).
L 11/20/2022 - 15:41:03: [l4d2_playtime_interface.smx] Failed to retrieve response (GetOwnedGames) - HTTPStatus: 0
L 11/20/2022 - 15:41:04: [l4d2_playtime_interface.smx] Failed to retrieve response (GetUserStatsForGame) - HTTPStatus: 403
L 11/20/2022 - 15:41:04: [l4d2_playtime_interface.smx] Failed to retrieve response (GetOwnedGames) - HTTPStatus: 401
L 11/20/2022 - 15:41:04: [l4d2_playtime_interface.smx] Failed to retrieve response (GetUserStatsForGame) - HTTPStatus: 403
L 11/20/2022 - 15:41:32: [playercommands.smx] "wouldn't ya?<2><STEAM_1:0:246466989><>" slayed "wouldn't ya?<2><STEAM_1:0:246466989><>"
L 11/20/2022 - 15:41:32: [playercommands.smx] "wouldn't ya?<2><STEAM_1:0:246466989><>" slayed "Francis<20><BOT><>"
L 11/20/2022 - 15:41:45: [optional/l4d2_saferoom_item_remove.smx] Removed 0 saferoom item(s) (start: 0; end: 0).
L 11/20/2022 - 15:42:34: [playercommands.smx] "wouldn't ya?<2><STEAM_1:0:246466989><>" slayed "wouldn't ya?<2><STEAM_1:0:246466989><>"
L 11/20/2022 - 15:42:35: [playercommands.smx] "wouldn't ya?<2><STEAM_1:0:246466989><>" slayed "否认<6><STEAM_1:1:529057840><>"
L 11/20/2022 - 15:42:52: [optional/l4d2_saferoom_item_remove.smx] Removed 0 saferoom item(s) (start: 0; end: 0).
L 11/20/2022 - 15:42:53: [l4d2_playtime_interface.smx] Failed to retrieve response (GetUserStatsForGame) - HTTPStatus: 403
L 11/20/2022 - 15:42:53: [l4d2_playtime_interface.smx] Failed to retrieve response (GetOwnedGames) - HTTPStatus: 401
L 11/20/2022 - 15:43:14: -------- Mapchange to c7m2_barge --------
L 11/20/2022 - 15:43:17: [basecommands.smx] "Console<0><Console><Console>" changed cvar (cvar "confogl_match_execcfg_plugins") (value "generalfixes.cfg;confogl_plugins.cfg;sharedplugins.cfg")
L 11/20/2022 - 15:43:17: [basecommands.smx] "Console<0><Console><Console>" changed cvar (cvar "l4d2_addons_eclipse") (value "0")
L 11/20/2022 - 15:43:17: [basecommands.smx] "Console<0><Console><Console>" changed cvar (cvar "sv_allow_wait_command") (value "0")
L 11/20/2022 - 15:43:17: [basecommands.smx] "Console<0><Console><Console>" changed cvar (cvar "sv_minrate") (value "100000")
L 11/20/2022 - 15:43:17: [basecommands.smx] "Console<0><Console><Console>" changed cvar (cvar "sv_maxrate") (value "100000")
L 11/20/2022 - 15:43:17: [basecommands.smx] "Console<0><Console><Console>" changed cvar (cvar "sv_minupdaterate") (value "100")
L 11/20/2022 - 15:43:17: [basecommands.smx] "Console<0><Console><Console>" changed cvar (cvar "sv_maxupdaterate") (value "100")
L 11/20/2022 - 15:43:17: [basecommands.smx] "Console<0><Console><Console>" changed cvar (cvar "sv_mincmdrate") (value "100")
L 11/20/2022 - 15:43:17: [basecommands.smx] "Console<0><Console><Console>" changed cvar (cvar "sv_maxcmdrate") (value "100")
L 11/20/2022 - 15:43:17: [basecommands.smx] "Console<0><Console><Console>" changed cvar (cvar "sv_client_min_interp_ratio") (value "-1")
L 11/20/2022 - 15:43:17: [basecommands.smx] "Console<0><Console><Console>" changed cvar (cvar "sv_client_max_interp_ratio") (value "0")
L 11/20/2022 - 15:43:17: [basecommands.smx] "Console<0><Console><Console>" changed cvar (cvar "nb_update_frequency") (value "0.014")
L 11/20/2022 - 15:43:17: [basecommands.smx] "Console<0><Console><Console>" changed cvar (cvar "net_splitpacket_maxrate") (value "50000")
L 11/20/2022 - 15:43:17: [basecommands.smx] "Console<0><Console><Console>" changed cvar (cvar "fps_max") (value "0")
L 11/20/2022 - 15:43:17: [basecommands.smx] "Console<0><Console><Console>" changed cvar (cvar "tick_door_speed") (value "1.3")
L 11/20/2022 - 15:43:17: [basecommands.smx] "Console<0><Console><Console>" changed cvar (cvar "mv_maxplayers") (value "12")
L 11/20/2022 - 15:43:17: [basecommands.smx] "Console<0><Console><Console>" changed cvar (cvar "mp_autoteambalance") (value "0")
L 11/20/2022 - 15:43:17: [basecommands.smx] "Console<0><Console><Console>" changed cvar (cvar "sv_unlag_fixstuck") (value "1")
L 11/20/2022 - 15:43:17: [basecommands.smx] "Console<0><Console><Console>" changed cvar (cvar "z_brawl_chance") (value "0")
L 11/20/2022 - 15:43:17: [basecommands.smx] "Console<0><Console><Console>" changed cvar (cvar "sv_maxunlag") (value "1")
L 11/20/2022 - 15:43:17: [basecommands.smx] "Console<0><Console><Console>" changed cvar (cvar "sv_forcepreload") (value "1")
L 11/20/2022 - 15:43:17: [basecommands.smx] "Console<0><Console><Console>" changed cvar (cvar "sv_client_predict") (value "1")
L 11/20/2022 - 15:43:17: [basecommands.smx] "Console<0><Console><Console>" changed cvar (cvar "sv_client_cmdrate_difference") (value "0")
L 11/20/2022 - 15:43:17: [basecommands.smx] "Console<0><Console><Console>" changed cvar (cvar "sv_max_queries_sec_global") (value "10")
L 11/20/2022 - 15:43:17: [basecommands.smx] "Console<0><Console><Console>" changed cvar (cvar "sv_max_queries_sec") (value "3")
L 11/20/2022 - 15:43:17: [basecommands.smx] "Console<0><Console><Console>" changed cvar (cvar "sv_max_queries_window") (value "10")
L 11/20/2022 - 15:43:17: [basecommands.smx] "Console<0><Console><Console>" changed cvar (cvar "sv_player_stuck_tolerance") (value "5")
L 11/20/2022 - 15:43:17: [basecommands.smx] "Console<0><Console><Console>" changed cvar (cvar "sv_stats") (value "0")
L 11/20/2022 - 15:43:17: [basecommands.smx] "Console<0><Console><Console>" changed cvar (cvar "sv_clockcorrection_msecs") (value "25")
L 11/20/2022 - 15:43:17: [basecommands.smx] "Console<0><Console><Console>" changed cvar (cvar "sb_all_bot_game") (value "1")
L 11/20/2022 - 15:43:17: [l4d2_playtime_interface.smx] Failed to retrieve response (GetUserStatsForGame) - HTTPStatus: 403
L 11/20/2022 - 15:43:17: [l4d2_playtime_interface.smx] Failed to retrieve response (GetOwnedGames) - HTTPStatus: 401
L 11/20/2022 - 15:43:17: [l4d2_playtime_interface.smx] Failed to retrieve response (GetOwnedGames) - HTTPStatus: 401
L 11/20/2022 - 15:43:17: [l4d2_playtime_interface.smx] Failed to retrieve response (GetUserStatsForGame) - HTTPStatus: 403
L 11/20/2022 - 15:43:17: [l4d2_playtime_interface.smx] Failed to retrieve response (GetUserStatsForGame) - HTTPStatus: 403
L 11/20/2022 - 15:43:17: [l4d2_playtime_interface.smx] Failed to retrieve response (GetOwnedGames) - HTTPStatus: 401
L 11/20/2022 - 15:43:18: [optional/l4d2_saferoom_item_remove.smx] Removed 0 saferoom item(s) (start: 0; end: 0).
L 11/20/2022 - 15:53:53: [l4d2_playtime_interface.smx] Failed to retrieve response (GetOwnedGames) - HTTPStatus: 0
L 11/20/2022 - 15:54:03: [l4d2_playtime_interface.smx] Failed to retrieve response (GetUserStatsForGame) - HTTPStatus: 0
L 11/20/2022 - 15:58:40: [l4d2_playtime_interface.smx] Failed to retrieve response (GetUserStatsForGame) - HTTPStatus: 403
L 11/20/2022 - 15:58:40: [l4d2_playtime_interface.smx] Failed to retrieve response (GetOwnedGames) - HTTPStatus: 401
L 11/20/2022 - 16:00:05: [l4d2_playtime_interface.smx] Failed to retrieve response (GetOwnedGames) - HTTPStatus: 401
L 11/20/2022 - 16:00:05: [l4d2_playtime_interface.smx] Failed to retrieve response (GetUserStatsForGame) - HTTPStatus: 403
L 11/20/2022 - 16:03:13: [optional/l4d2_saferoom_item_remove.smx] Removed 0 saferoom item(s) (start: 0; end: 0).
L 11/20/2022 - 16:04:39: [optional/l4d2_saferoom_item_remove.smx] Removed 0 saferoom item(s) (start: 0; end: 0).
L 11/20/2022 - 16:06:42: [optional/l4d2_skill_detect.smx] Clear: 4 freed 5 from 1: time: 9.59 / -1.00 -- class: jockey (with shove? 0)
L 11/20/2022 - 16:07:12: [optional/l4d2_skill_detect.smx] Clear: 4 freed 5 from 1: time: 4.01 / -1.00 -- class: hunter (with shove? 0)
L 11/20/2022 - 16:07:46: [optional/l4d2_skill_detect.smx] Charge carry start: 1 - 4 -- time: 1469.25
L 11/20/2022 - 16:07:50: [optional/l4d2_skill_detect.smx] Checking charge victim: 1 - 4 - flags: 1 (alive? 1)
L 11/20/2022 - 16:08:04: [optional/l4d2_saferoom_item_remove.smx] Removed 0 saferoom item(s) (start: 0; end: 0).
L 11/20/2022 - 16:08:38: [optional/l4d2_skill_detect.smx] Clear: 1 freed 3 from 4: time: 2.36 / 1519.89 -- class: charger (with shove? 0)
L 11/20/2022 - 16:09:57: [optional/l4d2_saferoom_item_remove.smx] Removed 0 saferoom item(s) (start: 0; end: 0).
L 11/20/2022 - 16:11:15: [optional/l4d2_saferoom_item_remove.smx] Removed 0 saferoom item(s) (start: 0; end: 0).
L 11/20/2022 - 16:11:36: [basecommands.smx] "wouldn't ya?<2><STEAM_1:0:246466989><>" changed map to "c2m1_highway"
L 11/20/2022 - 16:11:39: [SM] Changed map to "c2m1_highway"
L 11/20/2022 - 16:11:39: -------- Mapchange to c2m1_highway --------
L 11/20/2022 - 16:11:41: [basecommands.smx] "Console<0><Console><Console>" changed cvar (cvar "confogl_match_execcfg_plugins") (value "generalfixes.cfg;confogl_plugins.cfg;sharedplugins.cfg")
L 11/20/2022 - 16:11:41: [basecommands.smx] "Console<0><Console><Console>" changed cvar (cvar "l4d2_addons_eclipse") (value "0")
L 11/20/2022 - 16:11:41: [basecommands.smx] "Console<0><Console><Console>" changed cvar (cvar "sv_allow_wait_command") (value "0")
L 11/20/2022 - 16:11:41: [basecommands.smx] "Console<0><Console><Console>" changed cvar (cvar "sv_minrate") (value "100000")
L 11/20/2022 - 16:11:41: [basecommands.smx] "Console<0><Console><Console>" changed cvar (cvar "sv_maxrate") (value "100000")
L 11/20/2022 - 16:11:41: [basecommands.smx] "Console<0><Console><Console>" changed cvar (cvar "sv_minupdaterate") (value "100")
L 11/20/2022 - 16:11:41: [basecommands.smx] "Console<0><Console><Console>" changed cvar (cvar "sv_maxupdaterate") (value "100")
L 11/20/2022 - 16:11:41: [basecommands.smx] "Console<0><Console><Console>" changed cvar (cvar "sv_mincmdrate") (value "100")
L 11/20/2022 - 16:11:41: [basecommands.smx] "Console<0><Console><Console>" changed cvar (cvar "sv_maxcmdrate") (value "100")
L 11/20/2022 - 16:11:41: [basecommands.smx] "Console<0><Console><Console>" changed cvar (cvar "sv_client_min_interp_ratio") (value "-1")
L 11/20/2022 - 16:11:41: [basecommands.smx] "Console<0><Console><Console>" changed cvar (cvar "sv_client_max_interp_ratio") (value "0")
L 11/20/2022 - 16:11:41: [basecommands.smx] "Console<0><Console><Console>" changed cvar (cvar "nb_update_frequency") (value "0.014")
L 11/20/2022 - 16:11:41: [basecommands.smx] "Console<0><Console><Console>" changed cvar (cvar "net_splitpacket_maxrate") (value "50000")
L 11/20/2022 - 16:11:41: [basecommands.smx] "Console<0><Console><Console>" changed cvar (cvar "fps_max") (value "0")
L 11/20/2022 - 16:11:41: [basecommands.smx] "Console<0><Console><Console>" changed cvar (cvar "tick_door_speed") (value "1.3")
L 11/20/2022 - 16:11:41: [basecommands.smx] "Console<0><Console><Console>" changed cvar (cvar "mv_maxplayers") (value "12")
L 11/20/2022 - 16:11:41: [basecommands.smx] "Console<0><Console><Console>" changed cvar (cvar "mp_autoteambalance") (value "0")
L 11/20/2022 - 16:11:41: [basecommands.smx] "Console<0><Console><Console>" changed cvar (cvar "sv_unlag_fixstuck") (value "1")
L 11/20/2022 - 16:11:41: [basecommands.smx] "Console<0><Console><Console>" changed cvar (cvar "z_brawl_chance") (value "0")
L 11/20/2022 - 16:11:41: [basecommands.smx] "Console<0><Console><Console>" changed cvar (cvar "sv_maxunlag") (value "1")
L 11/20/2022 - 16:11:41: [basecommands.smx] "Console<0><Console><Console>" changed cvar (cvar "sv_forcepreload") (value "1")
L 11/20/2022 - 16:11:41: [basecommands.smx] "Console<0><Console><Console>" changed cvar (cvar "sv_client_predict") (value "1")
L 11/20/2022 - 16:11:41: [basecommands.smx] "Console<0><Console><Console>" changed cvar (cvar "sv_client_cmdrate_difference") (value "0")
L 11/20/2022 - 16:11:41: [basecommands.smx] "Console<0><Console><Console>" changed cvar (cvar "sv_max_queries_sec_global") (value "10")
L 11/20/2022 - 16:11:41: [basecommands.smx] "Console<0><Console><Console>" changed cvar (cvar "sv_max_queries_sec") (value "3")
L 11/20/2022 - 16:11:41: [basecommands.smx] "Console<0><Console><Console>" changed cvar (cvar "sv_max_queries_window") (value "10")
L 11/20/2022 - 16:11:41: [basecommands.smx] "Console<0><Console><Console>" changed cvar (cvar "sv_player_stuck_tolerance") (value "5")
L 11/20/2022 - 16:11:41: [basecommands.smx] "Console<0><Console><Console>" changed cvar (cvar "sv_stats") (value "0")
L 11/20/2022 - 16:11:41: [basecommands.smx] "Console<0><Console><Console>" changed cvar (cvar "sv_clockcorrection_msecs") (value "25")
L 11/20/2022 - 16:11:41: [basecommands.smx] "Console<0><Console><Console>" changed cvar (cvar "sb_all_bot_game") (value "1")
L 11/20/2022 - 16:11:43: [optional/l4d2_saferoom_item_remove.smx] Removed 0 saferoom item(s) (start: 0; end: 0).
L 11/20/2022 - 16:11:45: [l4d2_playtime_interface.smx] Failed to retrieve response (GetOwnedGames) - HTTPStatus: 401
L 11/20/2022 - 16:11:45: [l4d2_playtime_interface.smx] Failed to retrieve response (GetUserStatsForGame) - HTTPStatus: 403
L 11/20/2022 - 16:11:45: [l4d2_playtime_interface.smx] Failed to retrieve response (GetOwnedGames) - HTTPStatus: 401
L 11/20/2022 - 16:11:45: [l4d2_playtime_interface.smx] Failed to retrieve response (GetOwnedGames) - HTTPStatus: 401
L 11/20/2022 - 16:11:45: [l4d2_playtime_interface.smx] Failed to retrieve response (GetOwnedGames) - HTTPStatus: 401
L 11/20/2022 - 16:11:45: [l4d2_playtime_interface.smx] Failed to retrieve response (GetUserStatsForGame) - HTTPStatus: 403
L 11/20/2022 - 16:11:45: [l4d2_playtime_interface.smx] Failed to retrieve response (GetOwnedGames) - HTTPStatus: 401
L 11/20/2022 - 16:11:45: [l4d2_playtime_interface.smx] Failed to retrieve response (GetUserStatsForGame) - HTTPStatus: 403
L 11/20/2022 - 16:11:45: [l4d2_playtime_interface.smx] Failed to retrieve response (GetUserStatsForGame) - HTTPStatus: 403
L 11/20/2022 - 16:11:45: [l4d2_playtime_interface.smx] Failed to retrieve response (GetUserStatsForGame) - HTTPStatus: 403
L 11/20/2022 - 16:12:21: -------- Mapchange to c2m1_highway --------
L 11/20/2022 - 16:12:22: [basecommands.smx] "Console<0><Console><Console>" changed cvar (cvar "confogl_match_execcfg_plugins") (value "generalfixes.cfg;confogl_plugins.cfg;sharedplugins.cfg")
L 11/20/2022 - 16:12:22: [basecommands.smx] "Console<0><Console><Console>" changed cvar (cvar "l4d2_addons_eclipse") (value "0")
L 11/20/2022 - 16:12:22: [basecommands.smx] "Console<0><Console><Console>" changed cvar (cvar "sv_allow_wait_command") (value "0")
L 11/20/2022 - 16:12:22: [basecommands.smx] "Console<0><Console><Console>" changed cvar (cvar "sv_minrate") (value "100000")
L 11/20/2022 - 16:12:22: [basecommands.smx] "Console<0><Console><Console>" changed cvar (cvar "sv_maxrate") (value "100000")
L 11/20/2022 - 16:12:22: [basecommands.smx] "Console<0><Console><Console>" changed cvar (cvar "sv_minupdaterate") (value "100")
L 11/20/2022 - 16:12:22: [basecommands.smx] "Console<0><Console><Console>" changed cvar (cvar "sv_maxupdaterate") (value "100")
L 11/20/2022 - 16:12:22: [basecommands.smx] "Console<0><Console><Console>" changed cvar (cvar "sv_mincmdrate") (value "100")
L 11/20/2022 - 16:12:22: [basecommands.smx] "Console<0><Console><Console>" changed cvar (cvar "sv_maxcmdrate") (value "100")
L 11/20/2022 - 16:12:22: [basecommands.smx] "Console<0><Console><Console>" changed cvar (cvar "sv_client_min_interp_ratio") (value "-1")
L 11/20/2022 - 16:12:22: [basecommands.smx] "Console<0><Console><Console>" changed cvar (cvar "sv_client_max_interp_ratio") (value "0")
L 11/20/2022 - 16:12:22: [basecommands.smx] "Console<0><Console><Console>" changed cvar (cvar "nb_update_frequency") (value "0.014")
L 11/20/2022 - 16:12:22: [basecommands.smx] "Console<0><Console><Console>" changed cvar (cvar "net_splitpacket_maxrate") (value "50000")
L 11/20/2022 - 16:12:22: [basecommands.smx] "Console<0><Console><Console>" changed cvar (cvar "fps_max") (value "0")
L 11/20/2022 - 16:12:22: [basecommands.smx] "Console<0><Console><Console>" changed cvar (cvar "tick_door_speed") (value "1.3")
L 11/20/2022 - 16:12:22: [basecommands.smx] "Console<0><Console><Console>" changed cvar (cvar "mv_maxplayers") (value "12")
L 11/20/2022 - 16:12:22: [basecommands.smx] "Console<0><Console><Console>" changed cvar (cvar "mp_autoteambalance") (value "0")
L 11/20/2022 - 16:12:22: [basecommands.smx] "Console<0><Console><Console>" changed cvar (cvar "sv_unlag_fixstuck") (value "1")
L 11/20/2022 - 16:12:22: [basecommands.smx] "Console<0><Console><Console>" changed cvar (cvar "z_brawl_chance") (value "0")
L 11/20/2022 - 16:12:22: [basecommands.smx] "Console<0><Console><Console>" changed cvar (cvar "sv_maxunlag") (value "1")
L 11/20/2022 - 16:12:22: [basecommands.smx] "Console<0><Console><Console>" changed cvar (cvar "sv_forcepreload") (value "1")
L 11/20/2022 - 16:12:22: [basecommands.smx] "Console<0><Console><Console>" changed cvar (cvar "sv_client_predict") (value "1")
L 11/20/2022 - 16:12:22: [basecommands.smx] "Console<0><Console><Console>" changed cvar (cvar "sv_client_cmdrate_difference") (value "0")
L 11/20/2022 - 16:12:22: [basecommands.smx] "Console<0><Console><Console>" changed cvar (cvar "sv_max_queries_sec_global") (value "10")
L 11/20/2022 - 16:12:22: [basecommands.smx] "Console<0><Console><Console>" changed cvar (cvar "sv_max_queries_sec") (value "3")
L 11/20/2022 - 16:12:22: [basecommands.smx] "Console<0><Console><Console>" changed cvar (cvar "sv_max_queries_window") (value "10")
L 11/20/2022 - 16:12:22: [basecommands.smx] "Console<0><Console><Console>" changed cvar (cvar "sv_player_stuck_tolerance") (value "5")
L 11/20/2022 - 16:12:22: [basecommands.smx] "Console<0><Console><Console>" changed cvar (cvar "sv_stats") (value "0")
L 11/20/2022 - 16:12:22: [basecommands.smx] "Console<0><Console><Console>" changed cvar (cvar "sv_clockcorrection_msecs") (value "25")
L 11/20/2022 - 16:12:22: [basecommands.smx] "Console<0><Console><Console>" changed cvar (cvar "sb_all_bot_game") (value "1")
L 11/20/2022 - 16:12:23: [l4d2_playtime_interface.smx] Failed to retrieve response (GetUserStatsForGame) - HTTPStatus: 403
L 11/20/2022 - 16:12:23: [l4d2_playtime_interface.smx] Failed to retrieve response (GetOwnedGames) - HTTPStatus: 401
L 11/20/2022 - 16:12:23: [l4d2_playtime_interface.smx] Failed to retrieve response (GetUserStatsForGame) - HTTPStatus: 403
L 11/20/2022 - 16:12:23: [l4d2_playtime_interface.smx] Failed to retrieve response (GetOwnedGames) - HTTPStatus: 401
L 11/20/2022 - 16:12:23: [l4d2_playtime_interface.smx] Failed to retrieve response (GetOwnedGames) - HTTPStatus: 401
L 11/20/2022 - 16:12:24: [optional/l4d2_saferoom_item_remove.smx] Removed 0 saferoom item(s) (start: 0; end: 0).
L 11/20/2022 - 16:12:25: [l4d2_playtime_interface.smx] Failed to retrieve response (GetUserStatsForGame) - HTTPStatus: 403
L 11/20/2022 - 16:12:25: [l4d2_playtime_interface.smx] Failed to retrieve response (GetOwnedGames) - HTTPStatus: 401
L 11/20/2022 - 16:12:25: [l4d2_playtime_interface.smx] Failed to retrieve response (GetUserStatsForGame) - HTTPStatus: 403
L 11/20/2022 - 16:12:31: [l4d2_playtime_interface.smx] Failed to retrieve response (GetOwnedGames) - HTTPStatus: 401
L 11/20/2022 - 16:12:31: [l4d2_playtime_interface.smx] Failed to retrieve response (GetUserStatsForGame) - HTTPStatus: 403
L 11/20/2022 - 16:15:02: [optional/l4d2_skill_detect.smx] Clear: 5 freed 4 from 1: time: 2.74 / -1.00 -- class: hunter (with shove? 0)
L 11/20/2022 - 16:16:29: [optional/l4d2_skill_detect.smx] Clear: 4 freed 5 from 3: time: 1.30 / -1.00 -- class: jockey (with shove? 0)
L 11/20/2022 - 16:16:33: [optional/l4d2_skill_detect.smx] Clear: 5 freed 4 from 1: time: 1.30 / -1.00 -- class: hunter (with shove? 0)
L 11/20/2022 - 16:18:08: [optional/l4d2_skill_detect.smx] Clear: 4 freed 5 from 1: time: 7.33 / -1.00 -- class: jockey (with shove? 0)
L 11/20/2022 - 16:18:57: [optional/l4d2_skill_detect.smx] Clear: 4 freed 5 from 1: time: 0.58 / -1.00 -- class: hunter (with shove? 0)
L 11/20/2022 - 16:19:35: [optional/l4d2_saferoom_item_remove.smx] Removed 0 saferoom item(s) (start: 0; end: 0).
L 11/20/2022 - 16:20:43: [optional/l4d2_saferoom_item_remove.smx] Removed 0 saferoom item(s) (start: 0; end: 0).
L 11/20/2022 - 16:21:13: [optional/l4d2_skill_detect.smx] Clear: 1 freed 3 from 4: time: 7.76 / -1.00 -- class: jockey (with shove? 1)
L 11/20/2022 - 16:22:07: [optional/l4d2_skill_detect.smx] Clear: 1 freed 3 from 4: time: 2.72 / -1.00 -- class: hunter (with shove? 0)
L 11/20/2022 - 16:22:54: [optional/l4d2_skill_detect.smx] Clear: 1 freed 3 from 4: time: 0.95 / -1.00 -- class: jockey (with shove? 0)
L 11/20/2022 - 16:23:27: [optional/l4d2_skill_detect.smx] Clear: 3 freed 1 from 4: time: 2.16 / -1.00 -- class: hunter (with shove? 0)
L 11/20/2022 - 16:24:34: [optional/l4d2_skill_detect.smx] Charge carry start: 4 - 3 -- time: 731.23
L 11/20/2022 - 16:24:37: [optional/l4d2_skill_detect.smx] Checking charge victim: 4 - 3 - flags: 1 (alive? 1)
L 11/20/2022 - 16:24:44: [optional/l4d2_skill_detect.smx] Clear: 1 freed 3 from 4: time: 8.89 / 9.94 -- class: charger (with shove? 0)
L 11/20/2022 - 16:24:55: [optional/l4d2_skill_detect.smx] Clear: 1 freed 3 from 5: time: 0.91 / -1.00 -- class: hunter (with shove? 0)
L 11/20/2022 - 16:25:40: [optional/l4d2_skill_detect.smx] Charge carry start: 5 - 3 -- time: 797.51
L 11/20/2022 - 16:25:44: [optional/l4d2_skill_detect.smx] Checking charge victim: 5 - 3 - flags: 1 (alive? 1)
L 11/20/2022 - 16:25:45: [optional/l4d2_skill_detect.smx] Clear: 1 freed 3 from 5: time: 3.25 / 4.94 -- class: charger (with shove? 0)
L 11/20/2022 - 16:26:45: [optional/l4d2_saferoom_item_remove.smx] Removed 0 saferoom item(s) (start: 0; end: 0).
L 11/20/2022 - 16:27:38: [optional/l4d2_skill_detect.smx] Charge carry start: 3 - 4 -- time: 915.65
L 11/20/2022 - 16:27:42: [optional/l4d2_skill_detect.smx] Checking charge victim: 3 - 4 - flags: 1 (alive? 1)
L 11/20/2022 - 16:27:46: [optional/l4d2_skill_detect.smx] Clear: 5 freed 4 from 3: time: 5.91 / 7.36 -- class: charger (with shove? 0)
L 11/20/2022 - 16:28:20: [optional/l4d2_skill_detect.smx] Clear: 4 freed 5 from 3: time: 10.77 / -1.00 -- class: hunter (with shove? 0)
L 11/20/2022 - 16:29:44: [l4d2_playtime_interface.smx] Failed to retrieve response (GetOwnedGames) - HTTPStatus: 0
L 11/20/2022 - 16:29:54: [l4d2_playtime_interface.smx] Failed to retrieve response (GetUserStatsForGame) - HTTPStatus: 0
L 11/20/2022 - 16:31:05: [optional/l4d2_skill_detect.smx] Charge carry start: 1 - 4 -- time: 1122.10
L 11/20/2022 - 16:31:09: [optional/l4d2_skill_detect.smx] Checking charge victim: 1 - 4 - flags: 1 (alive? 1)
L 11/20/2022 - 16:31:36: [optional/l4d2_saferoom_item_remove.smx] Removed 0 saferoom item(s) (start: 0; end: 0).
L 11/20/2022 - 16:35:16: [optional/l4d2_skill_detect.smx] Charge carry start: 4 - 3 -- time: 1372.95
L 11/20/2022 - 16:35:20: [optional/l4d2_skill_detect.smx] Checking charge victim: 4 - 3 - flags: 1 (alive? 1)
L 11/20/2022 - 16:35:24: [optional/l4d2_skill_detect.smx] Clear: 1 freed 3 from 4: time: 6.78 / 8.61 -- class: charger (with shove? 0)
L 11/20/2022 - 16:36:24: [optional/l4d2_saferoom_item_remove.smx] Removed 0 saferoom item(s) (start: 0; end: 0).
L 11/20/2022 - 16:37:24: [optional/l4d2_saferoom_item_remove.smx] Removed 0 saferoom item(s) (start: 0; end: 0).
L 11/20/2022 - 16:39:02: [optional/l4d2_skill_detect.smx] Charge carry start: 4 - 1 -- time: 1598.98
L 11/20/2022 - 16:39:08: [optional/l4d2_skill_detect.smx] Checking charge victim: 4 - 1 - flags: 1 (alive? 1)
L 11/20/2022 - 16:39:31: [optional/l4d2_saferoom_item_remove.smx] Removed 0 saferoom item(s) (start: 0; end: 0).
L 11/20/2022 - 16:40:26: [optional/l4d2_skill_detect.smx] Clear: 4 freed 2 from 1: time: 1.26 / -1.00 -- class: hunter (with shove? 0)
L 11/20/2022 - 16:41:24: [optional/l4d2_saferoom_item_remove.smx] Removed 0 saferoom item(s) (start: 0; end: 0).
L 11/20/2022 - 16:42:34: [optional/l4d2_saferoom_item_remove.smx] Removed 0 saferoom item(s) (start: 0; end: 0).
L 11/20/2022 - 16:43:05: [optional/l4d2_skill_detect.smx] Clear: 3 freed 1 from 2: time: 1.17 / -1.00 -- class: hunter (with shove? 0)
L 11/20/2022 - 16:43:08: [optional/l4d2_skill_detect.smx] Clear: 1 freed 3 from 4: time: 2.61 / -1.00 -- class: jockey (with shove? 0)
L 11/20/2022 - 16:43:33: [optional/l4d2_skill_detect.smx] Charge carry start: 2 - 1 -- time: 1869.34
L 11/20/2022 - 16:43:37: [optional/l4d2_skill_detect.smx] Checking charge victim: 2 - 1 - flags: 1 (alive? 1)
L 11/20/2022 - 16:44:14: -------- Mapchange to c2m1_highway --------
L 11/20/2022 - 16:44:16: [basecommands.smx] "Console<0><Console><Console>" changed cvar (cvar "confogl_match_execcfg_plugins") (value "generalfixes.cfg;confogl_plugins.cfg;sharedplugins.cfg")
L 11/20/2022 - 16:44:16: [basecommands.smx] "Console<0><Console><Console>" changed cvar (cvar "l4d2_addons_eclipse") (value "0")
L 11/20/2022 - 16:44:16: [basecommands.smx] "Console<0><Console><Console>" changed cvar (cvar "sv_allow_wait_command") (value "0")
L 11/20/2022 - 16:44:16: [basecommands.smx] "Console<0><Console><Console>" changed cvar (cvar "sv_minrate") (value "100000")
L 11/20/2022 - 16:44:16: [basecommands.smx] "Console<0><Console><Console>" changed cvar (cvar "sv_maxrate") (value "100000")
L 11/20/2022 - 16:44:16: [basecommands.smx] "Console<0><Console><Console>" changed cvar (cvar "sv_minupdaterate") (value "100")
L 11/20/2022 - 16:44:16: [basecommands.smx] "Console<0><Console><Console>" changed cvar (cvar "sv_maxupdaterate") (value "100")
L 11/20/2022 - 16:44:16: [basecommands.smx] "Console<0><Console><Console>" changed cvar (cvar "sv_mincmdrate") (value "100")
L 11/20/2022 - 16:44:16: [basecommands.smx] "Console<0><Console><Console>" changed cvar (cvar "sv_maxcmdrate") (value "100")
L 11/20/2022 - 16:44:16: [basecommands.smx] "Console<0><Console><Console>" changed cvar (cvar "sv_client_min_interp_ratio") (value "-1")
L 11/20/2022 - 16:44:16: [basecommands.smx] "Console<0><Console><Console>" changed cvar (cvar "sv_client_max_interp_ratio") (value "0")
L 11/20/2022 - 16:44:16: [basecommands.smx] "Console<0><Console><Console>" changed cvar (cvar "nb_update_frequency") (value "0.014")
L 11/20/2022 - 16:44:16: [basecommands.smx] "Console<0><Console><Console>" changed cvar (cvar "net_splitpacket_maxrate") (value "50000")
L 11/20/2022 - 16:44:16: [basecommands.smx] "Console<0><Console><Console>" changed cvar (cvar "fps_max") (value "0")
L 11/20/2022 - 16:44:16: [basecommands.smx] "Console<0><Console><Console>" changed cvar (cvar "tick_door_speed") (value "1.3")
L 11/20/2022 - 16:44:16: [basecommands.smx] "Console<0><Console><Console>" changed cvar (cvar "mv_maxplayers") (value "12")
L 11/20/2022 - 16:44:16: [basecommands.smx] "Console<0><Console><Console>" changed cvar (cvar "mp_autoteambalance") (value "0")
L 11/20/2022 - 16:44:16: [basecommands.smx] "Console<0><Console><Console>" changed cvar (cvar "sv_unlag_fixstuck") (value "1")
L 11/20/2022 - 16:44:16: [basecommands.smx] "Console<0><Console><Console>" changed cvar (cvar "z_brawl_chance") (value "0")
L 11/20/2022 - 16:44:16: [basecommands.smx] "Console<0><Console><Console>" changed cvar (cvar "sv_maxunlag") (value "1")
L 11/20/2022 - 16:44:16: [basecommands.smx] "Console<0><Console><Console>" changed cvar (cvar "sv_forcepreload") (value "1")
L 11/20/2022 - 16:44:16: [basecommands.smx] "Console<0><Console><Console>" changed cvar (cvar "sv_client_predict") (value "1")
L 11/20/2022 - 16:44:16: [basecommands.smx] "Console<0><Console><Console>" changed cvar (cvar "sv_client_cmdrate_difference") (value "0")
L 11/20/2022 - 16:44:16: [basecommands.smx] "Console<0><Console><Console>" changed cvar (cvar "sv_max_queries_sec_global") (value "10")
L 11/20/2022 - 16:44:16: [basecommands.smx] "Console<0><Console><Console>" changed cvar (cvar "sv_max_queries_sec") (value "3")
L 11/20/2022 - 16:44:16: [basecommands.smx] "Console<0><Console><Console>" changed cvar (cvar "sv_max_queries_window") (value "10")
L 11/20/2022 - 16:44:16: [basecommands.smx] "Console<0><Console><Console>" changed cvar (cvar "sv_player_stuck_tolerance") (value "5")
L 11/20/2022 - 16:44:16: [basecommands.smx] "Console<0><Console><Console>" changed cvar (cvar "sv_stats") (value "0")
L 11/20/2022 - 16:44:16: [basecommands.smx] "Console<0><Console><Console>" changed cvar (cvar "sv_clockcorrection_msecs") (value "25")
L 11/20/2022 - 16:44:16: [basecommands.smx] "Console<0><Console><Console>" changed cvar (cvar "sb_all_bot_game") (value "1")
L 11/20/2022 - 16:44:18: [optional/l4d2_saferoom_item_remove.smx] Removed 0 saferoom item(s) (start: 0; end: 0).
L 11/20/2022 - 16:44:27: [l4d2_playtime_interface.smx] Failed to retrieve response (GetOwnedGames) - HTTPStatus: 0
L 11/20/2022 - 16:44:28: [l4d2_playtime_interface.smx] Failed to retrieve response (GetUserStatsForGame) - HTTPStatus: 403
L 11/20/2022 - 16:44:28: [l4d2_playtime_interface.smx] Failed to retrieve response (GetOwnedGames) - HTTPStatus: 401
L 11/20/2022 - 16:44:28: [l4d2_playtime_interface.smx] Failed to retrieve response (GetUserStatsForGame) - HTTPStatus: 403
L 11/20/2022 - 16:44:28: [l4d2_playtime_interface.smx] Failed to retrieve response (GetOwnedGames) - HTTPStatus: 401
L 11/20/2022 - 16:44:28: [l4d2_playtime_interface.smx] Failed to retrieve response (GetUserStatsForGame) - HTTPStatus: 403
L 11/20/2022 - 16:44:28: [l4d2_playtime_interface.smx] Failed to retrieve response (GetOwnedGames) - HTTPStatus: 401
L 11/20/2022 - 16:44:29: [l4d2_playtime_interface.smx] Failed to retrieve response (GetUserStatsForGame) - HTTPStatus: 403
L 11/20/2022 - 16:47:24: [optional/l4d2_saferoom_item_remove.smx] Removed 0 saferoom item(s) (start: 0; end: 0).
L 11/20/2022 - 16:48:26: [optional/l4d2_skill_detect.smx] Clear: 3 freed 1 from 4: time: 3.81 / -1.00 -- class: hunter (with shove? 0)
L 11/20/2022 - 16:48:49: [optional/l4d2_skill_detect.smx] Charge carry start: 2 - 1 -- time: 273.11
L 11/20/2022 - 16:48:54: [optional/l4d2_skill_detect.smx] Checking charge victim: 2 - 1 - flags: 1 (alive? 1)
L 11/20/2022 - 16:49:04: [optional/l4d2_skill_detect.smx] Clear: 3 freed 1 from 2: time: 11.88 / 14.38 -- class: charger (with shove? 0)
L 11/20/2022 - 16:49:33: [optional/l4d2_skill_detect.smx] Clear: 3 freed 1 from 2: time: 1.48 / -1.00 -- class: hunter (with shove? 1)
L 11/20/2022 - 16:49:44: [optional/l4d2_skill_detect.smx] Clear: 3 freed 1 from 2: time: 2.55 / -1.00 -- class: hunter (with shove? 1)
L 11/20/2022 - 16:49:48: [optional/l4d2_skill_detect.smx] Charge carry start: 4 - 1 -- time: 331.97
L 11/20/2022 - 16:49:48: [optional/l4d2_skill_detect.smx] Clear: 1 freed 1 from 4: time: 0.00 / 0.00 -- class: charger (with shove? 0)
L 11/20/2022 - 16:49:51: [optional/l4d2_skill_detect.smx] Checking charge victim: 4 - 1 - flags: 1 (alive? 1)
L 11/20/2022 - 16:50:44: [optional/l4d2_saferoom_item_remove.smx] Removed 0 saferoom item(s) (start: 0; end: 0).
L 11/20/2022 - 16:51:26: [optional/l4d2_skill_detect.smx] Clear: 3 freed 1 from 4: time: 3.58 / -1.00 -- class: hunter (with shove? 0)
L 11/20/2022 - 16:52:30: [optional/l4d2_skill_detect.smx] Charge carry start: 4 - 1 -- time: 493.31
L 11/20/2022 - 16:52:33: [optional/l4d2_skill_detect.smx] Checking charge victim: 4 - 1 - flags: 1 (alive? 1)
L 11/20/2022 - 16:52:37: [optional/l4d2_skill_detect.smx] Clear: 3 freed 1 from 4: time: 6.41 / 7.26 -- class: charger (with shove? 0)
L 11/20/2022 - 16:53:04: [optional/l4d2_skill_detect.smx] Clear: 1 freed 3 from 4: time: 1.28 / -1.00 -- class: hunter (with shove? 0)
L 11/20/2022 - 16:53:08: [optional/l4d2_skill_detect.smx] Clear: 3 freed 1 from 2: time: 1.51 / -1.00 -- class: jockey (with shove? 0)
L 11/20/2022 - 16:53:34: [optional/l4d2_skill_detect.smx] Charge carry start: 4 - 3 -- time: 557.70
L 11/20/2022 - 16:53:37: [optional/l4d2_skill_detect.smx] Checking charge victim: 4 - 3 - flags: 1 (alive? 1)
L 11/20/2022 - 16:53:38: [optional/l4d2_skill_detect.smx] Clear: 1 freed 3 from 4: time: 4.10 / 4.27 -- class: charger (with shove? 0)
L 11/20/2022 - 16:54:39: [optional/l4d2_skill_detect.smx] Charge carry start: 2 - 3 -- time: 622.26
L 11/20/2022 - 16:54:42: [optional/l4d2_skill_detect.smx] Checking charge victim: 2 - 3 - flags: 1 (alive? 1)
L 11/20/2022 - 16:54:59: [optional/l4d2_saferoom_item_remove.smx] Removed 0 saferoom item(s) (start: 0; end: 0).
L 11/20/2022 - 16:57:11: [basecommands.smx] "Console<0><Console><Console>" changed cvar (cvar "sb_all_bot_game") (value "1")
L 11/20/2022 - 16:57:13: [linux_auto_restart.smx] Last one player left the server, Restart server now
L 11/20/2022 - 16:57:25: SourceMod log file session started (file "/root/Steam/steamapps/common/Left 4 Dead 2 Dedicated Server/left4dead2/addons/sourcemod/logs/L20221120.log") (Version "1.11.0.6825")
L 11/20/2022 - 16:57:25: [GEOIP] GeoIP2 database loaded: GeoLite2-City (2019-12-17 20:01:26 UTC)
L 11/20/2022 - 16:57:25: [GEOIP] GeoIP2 supported languages: de en es fr ja pt-BR ru zh-CN
L 11/20/2022 - 16:57:25: [GEOIPCITY] GeoIPCity database info: GEO-533LITE 20150106 Build 1 Copyright (c) 2015 MaxMind Inc All Rights Reserved
L 11/20/2022 - 16:57:27: [basecommands.smx] "Console<0><Console><Console>" changed cvar (cvar "confogl_match_execcfg_plugins") (value "generalfixes.cfg;confogl_plugins.cfg;sharedplugins.cfg")
L 11/20/2022 - 16:57:27: [basecommands.smx] "Console<0><Console><Console>" changed cvar (cvar "l4d2_addons_eclipse") (value "0")
L 11/20/2022 - 16:57:27: [basecommands.smx] "Console<0><Console><Console>" changed cvar (cvar "sv_allow_wait_command") (value "0")
L 11/20/2022 - 16:57:27: [basecommands.smx] "Console<0><Console><Console>" changed cvar (cvar "sv_minrate") (value "100000")
L 11/20/2022 - 16:57:27: [basecommands.smx] "Console<0><Console><Console>" changed cvar (cvar "sv_maxrate") (value "100000")
L 11/20/2022 - 16:57:27: [basecommands.smx] "Console<0><Console><Console>" changed cvar (cvar "sv_minupdaterate") (value "100")
L 11/20/2022 - 16:57:27: [basecommands.smx] "Console<0><Console><Console>" changed cvar (cvar "sv_maxupdaterate") (value "100")
L 11/20/2022 - 16:57:27: [basecommands.smx] "Console<0><Console><Console>" changed cvar (cvar "sv_mincmdrate") (value "100")
L 11/20/2022 - 16:57:27: [basecommands.smx] "Console<0><Console><Console>" changed cvar (cvar "sv_maxcmdrate") (value "100")
L 11/20/2022 - 16:57:27: [basecommands.smx] "Console<0><Console><Console>" changed cvar (cvar "sv_client_min_interp_ratio") (value "-1")
L 11/20/2022 - 16:57:27: [basecommands.smx] "Console<0><Console><Console>" changed cvar (cvar "sv_client_max_interp_ratio") (value "0")
L 11/20/2022 - 16:57:27: [basecommands.smx] "Console<0><Console><Console>" changed cvar (cvar "nb_update_frequency") (value "0.014")
L 11/20/2022 - 16:57:27: [basecommands.smx] "Console<0><Console><Console>" changed cvar (cvar "net_splitpacket_maxrate") (value "50000")
L 11/20/2022 - 16:57:27: [basecommands.smx] "Console<0><Console><Console>" changed cvar (cvar "fps_max") (value "0")
L 11/20/2022 - 16:57:27: [basecommands.smx] "Console<0><Console><Console>" changed cvar (cvar "tick_door_speed") (value "1.3")
L 11/20/2022 - 16:57:27: [basecommands.smx] "Console<0><Console><Console>" changed cvar (cvar "mv_maxplayers") (value "12")
L 11/20/2022 - 16:57:27: [basecommands.smx] "Console<0><Console><Console>" changed cvar (cvar "mp_autoteambalance") (value "0")
L 11/20/2022 - 16:57:27: [basecommands.smx] "Console<0><Console><Console>" changed cvar (cvar "sv_unlag_fixstuck") (value "1")
L 11/20/2022 - 16:57:27: [basecommands.smx] "Console<0><Console><Console>" changed cvar (cvar "z_brawl_chance") (value "0")
L 11/20/2022 - 16:57:27: [basecommands.smx] "Console<0><Console><Console>" changed cvar (cvar "sv_maxunlag") (value "1")
L 11/20/2022 - 16:57:27: [basecommands.smx] "Console<0><Console><Console>" changed cvar (cvar "sv_forcepreload") (value "1")
L 11/20/2022 - 16:57:27: [basecommands.smx] "Console<0><Console><Console>" changed cvar (cvar "sv_client_predict") (value "1")
L 11/20/2022 - 16:57:27: [basecommands.smx] "Console<0><Console><Console>" changed cvar (cvar "sv_client_cmdrate_difference") (value "0")
L 11/20/2022 - 16:57:27: [basecommands.smx] "Console<0><Console><Console>" changed cvar (cvar "sv_max_queries_sec_global") (value "10")
L 11/20/2022 - 16:57:27: [basecommands.smx] "Console<0><Console><Console>" changed cvar (cvar "sv_max_queries_sec") (value "3")
L 11/20/2022 - 16:57:27: [basecommands.smx] "Console<0><Console><Console>" changed cvar (cvar "sv_max_queries_window") (value "10")
L 11/20/2022 - 16:57:27: [basecommands.smx] "Console<0><Console><Console>" changed cvar (cvar "sv_player_stuck_tolerance") (value "5")
L 11/20/2022 - 16:57:27: [basecommands.smx] "Console<0><Console><Console>" changed cvar (cvar "sv_stats") (value "0")
L 11/20/2022 - 16:57:27: [basecommands.smx] "Console<0><Console><Console>" changed cvar (cvar "sv_clockcorrection_msecs") (value "25")
L 11/20/2022 - 16:57:27: [basecommands.smx] "Console<0><Console><Console>" changed cvar (cvar "sb_all_bot_game") (value "1")
L 11/21/2022 - 00:27:16: Log file closed.
