L 11/11/2022 - 19:14:26: SourceMod log file session started (file "/root/Steam/steamapps/common/Left 4 Dead 2 Dedicated Server/left4dead2/addons/sourcemod/logs/L20221111.log") (Version "1.11.0.6825")
L 11/11/2022 - 19:14:26: [cannounce.smx] Admin Hitori Gotoh <STEAM_1:0:246466989> connected from country China (CN), IP 112.6.193.6
L 11/11/2022 - 19:14:30: [l4d2_playtime_interface.smx] Failed to retrieve response (GetOwnedGames) - HTTPStatus: 0
L 11/11/2022 - 19:14:40: [l4d2_playtime_interface.smx] Failed to retrieve response (GetUserStatsForGame) - HTTPStatus: 0
L 11/11/2022 - 19:14:48: [confoglcompmod.smx] Set password on Hitori Gotoh, password 
L 11/11/2022 - 19:14:51: -------- Mapchange to c8m5_rooftop --------
L 11/11/2022 - 19:14:52: [basecommands.smx] "Console<0><Console><Console>" changed cvar (cvar "confogl_match_execcfg_plugins") (value "generalfixes.cfg;confogl_plugins.cfg;sharedplugins.cfg")
L 11/11/2022 - 19:14:52: [basecommands.smx] "Console<0><Console><Console>" changed cvar (cvar "l4d2_addons_eclipse") (value "0")
L 11/11/2022 - 19:14:52: [basecommands.smx] "Console<0><Console><Console>" changed cvar (cvar "sv_allow_wait_command") (value "0")
L 11/11/2022 - 19:14:52: [basecommands.smx] "Console<0><Console><Console>" changed cvar (cvar "sv_minrate") (value "100000")
L 11/11/2022 - 19:14:52: [basecommands.smx] "Console<0><Console><Console>" changed cvar (cvar "sv_maxrate") (value "100000")
L 11/11/2022 - 19:14:52: [basecommands.smx] "Console<0><Console><Console>" changed cvar (cvar "sv_minupdaterate") (value "100")
L 11/11/2022 - 19:14:52: [basecommands.smx] "Console<0><Console><Console>" changed cvar (cvar "sv_maxupdaterate") (value "100")
L 11/11/2022 - 19:14:52: [basecommands.smx] "Console<0><Console><Console>" changed cvar (cvar "sv_mincmdrate") (value "100")
L 11/11/2022 - 19:14:52: [basecommands.smx] "Console<0><Console><Console>" changed cvar (cvar "sv_maxcmdrate") (value "100")
L 11/11/2022 - 19:14:52: [basecommands.smx] "Console<0><Console><Console>" changed cvar (cvar "sv_client_min_interp_ratio") (value "-1")
L 11/11/2022 - 19:14:52: [basecommands.smx] "Console<0><Console><Console>" changed cvar (cvar "sv_client_max_interp_ratio") (value "0")
L 11/11/2022 - 19:14:52: [basecommands.smx] "Console<0><Console><Console>" changed cvar (cvar "nb_update_frequency") (value "0.014")
L 11/11/2022 - 19:14:52: [basecommands.smx] "Console<0><Console><Console>" changed cvar (cvar "net_splitpacket_maxrate") (value "50000")
L 11/11/2022 - 19:14:52: [basecommands.smx] "Console<0><Console><Console>" changed cvar (cvar "fps_max") (value "0")
L 11/11/2022 - 19:14:52: [basecommands.smx] "Console<0><Console><Console>" changed cvar (cvar "tick_door_speed") (value "1.3")
L 11/11/2022 - 19:14:52: [basecommands.smx] "Console<0><Console><Console>" changed cvar (cvar "mv_maxplayers") (value "12")
L 11/11/2022 - 19:14:52: [basecommands.smx] "Console<0><Console><Console>" changed cvar (cvar "mp_autoteambalance") (value "0")
L 11/11/2022 - 19:14:52: [basecommands.smx] "Console<0><Console><Console>" changed cvar (cvar "sv_unlag_fixstuck") (value "1")
L 11/11/2022 - 19:14:52: [basecommands.smx] "Console<0><Console><Console>" changed cvar (cvar "z_brawl_chance") (value "0")
L 11/11/2022 - 19:14:52: [basecommands.smx] "Console<0><Console><Console>" changed cvar (cvar "sv_maxunlag") (value "1")
L 11/11/2022 - 19:14:52: [basecommands.smx] "Console<0><Console><Console>" changed cvar (cvar "sv_forcepreload") (value "1")
L 11/11/2022 - 19:14:52: [basecommands.smx] "Console<0><Console><Console>" changed cvar (cvar "sv_client_predict") (value "1")
L 11/11/2022 - 19:14:52: [basecommands.smx] "Console<0><Console><Console>" changed cvar (cvar "sv_client_cmdrate_difference") (value "0")
L 11/11/2022 - 19:14:52: [basecommands.smx] "Console<0><Console><Console>" changed cvar (cvar "sv_max_queries_sec_global") (value "10")
L 11/11/2022 - 19:14:52: [basecommands.smx] "Console<0><Console><Console>" changed cvar (cvar "sv_max_queries_sec") (value "3")
L 11/11/2022 - 19:14:52: [basecommands.smx] "Console<0><Console><Console>" changed cvar (cvar "sv_max_queries_window") (value "10")
L 11/11/2022 - 19:14:52: [basecommands.smx] "Console<0><Console><Console>" changed cvar (cvar "sv_player_stuck_tolerance") (value "5")
L 11/11/2022 - 19:14:52: [basecommands.smx] "Console<0><Console><Console>" changed cvar (cvar "sv_stats") (value "0")
L 11/11/2022 - 19:14:52: [basecommands.smx] "Console<0><Console><Console>" changed cvar (cvar "sv_clockcorrection_msecs") (value "25")
L 11/11/2022 - 19:14:52: [basecommands.smx] "Console<0><Console><Console>" changed cvar (cvar "sb_all_bot_game") (value "1")
L 11/11/2022 - 19:14:53: [optional/l4d2_saferoom_item_remove.smx] Removed 2 saferoom item(s) (start: 2; end: 0).
L 11/11/2022 - 19:15:02: [l4d2_playtime_interface.smx] Failed to retrieve response (GetOwnedGames) - HTTPStatus: 0
L 11/11/2022 - 19:15:12: [l4d2_playtime_interface.smx] Failed to retrieve response (GetUserStatsForGame) - HTTPStatus: 0
L 11/11/2022 - 19:15:37: [basecommands.smx] "Hitori Gotoh<2><STEAM_1:0:246466989><>" changed map to "c2m1_highway"
L 11/11/2022 - 19:15:40: [SM] Changed map to "c2m1_highway"
L 11/11/2022 - 19:15:40: -------- Mapchange to c2m1_highway --------
L 11/11/2022 - 19:15:42: [basecommands.smx] "Console<0><Console><Console>" changed cvar (cvar "confogl_match_execcfg_plugins") (value "generalfixes.cfg;confogl_plugins.cfg;sharedplugins.cfg")
L 11/11/2022 - 19:15:42: [basecommands.smx] "Console<0><Console><Console>" changed cvar (cvar "l4d2_addons_eclipse") (value "0")
L 11/11/2022 - 19:15:42: [basecommands.smx] "Console<0><Console><Console>" changed cvar (cvar "sv_allow_wait_command") (value "0")
L 11/11/2022 - 19:15:42: [basecommands.smx] "Console<0><Console><Console>" changed cvar (cvar "sv_minrate") (value "100000")
L 11/11/2022 - 19:15:42: [basecommands.smx] "Console<0><Console><Console>" changed cvar (cvar "sv_maxrate") (value "100000")
L 11/11/2022 - 19:15:42: [basecommands.smx] "Console<0><Console><Console>" changed cvar (cvar "sv_minupdaterate") (value "100")
L 11/11/2022 - 19:15:42: [basecommands.smx] "Console<0><Console><Console>" changed cvar (cvar "sv_maxupdaterate") (value "100")
L 11/11/2022 - 19:15:42: [basecommands.smx] "Console<0><Console><Console>" changed cvar (cvar "sv_mincmdrate") (value "100")
L 11/11/2022 - 19:15:42: [basecommands.smx] "Console<0><Console><Console>" changed cvar (cvar "sv_maxcmdrate") (value "100")
L 11/11/2022 - 19:15:42: [basecommands.smx] "Console<0><Console><Console>" changed cvar (cvar "sv_client_min_interp_ratio") (value "-1")
L 11/11/2022 - 19:15:42: [basecommands.smx] "Console<0><Console><Console>" changed cvar (cvar "sv_client_max_interp_ratio") (value "0")
L 11/11/2022 - 19:15:42: [basecommands.smx] "Console<0><Console><Console>" changed cvar (cvar "nb_update_frequency") (value "0.014")
L 11/11/2022 - 19:15:42: [basecommands.smx] "Console<0><Console><Console>" changed cvar (cvar "net_splitpacket_maxrate") (value "50000")
L 11/11/2022 - 19:15:42: [basecommands.smx] "Console<0><Console><Console>" changed cvar (cvar "fps_max") (value "0")
L 11/11/2022 - 19:15:42: [basecommands.smx] "Console<0><Console><Console>" changed cvar (cvar "tick_door_speed") (value "1.3")
L 11/11/2022 - 19:15:42: [basecommands.smx] "Console<0><Console><Console>" changed cvar (cvar "mv_maxplayers") (value "12")
L 11/11/2022 - 19:15:42: [basecommands.smx] "Console<0><Console><Console>" changed cvar (cvar "mp_autoteambalance") (value "0")
L 11/11/2022 - 19:15:42: [basecommands.smx] "Console<0><Console><Console>" changed cvar (cvar "sv_unlag_fixstuck") (value "1")
L 11/11/2022 - 19:15:42: [basecommands.smx] "Console<0><Console><Console>" changed cvar (cvar "z_brawl_chance") (value "0")
L 11/11/2022 - 19:15:42: [basecommands.smx] "Console<0><Console><Console>" changed cvar (cvar "sv_maxunlag") (value "1")
L 11/11/2022 - 19:15:42: [basecommands.smx] "Console<0><Console><Console>" changed cvar (cvar "sv_forcepreload") (value "1")
L 11/11/2022 - 19:15:42: [basecommands.smx] "Console<0><Console><Console>" changed cvar (cvar "sv_client_predict") (value "1")
L 11/11/2022 - 19:15:42: [basecommands.smx] "Console<0><Console><Console>" changed cvar (cvar "sv_client_cmdrate_difference") (value "0")
L 11/11/2022 - 19:15:42: [basecommands.smx] "Console<0><Console><Console>" changed cvar (cvar "sv_max_queries_sec_global") (value "10")
L 11/11/2022 - 19:15:42: [basecommands.smx] "Console<0><Console><Console>" changed cvar (cvar "sv_max_queries_sec") (value "3")
L 11/11/2022 - 19:15:42: [basecommands.smx] "Console<0><Console><Console>" changed cvar (cvar "sv_max_queries_window") (value "10")
L 11/11/2022 - 19:15:42: [basecommands.smx] "Console<0><Console><Console>" changed cvar (cvar "sv_player_stuck_tolerance") (value "5")
L 11/11/2022 - 19:15:42: [basecommands.smx] "Console<0><Console><Console>" changed cvar (cvar "sv_stats") (value "0")
L 11/11/2022 - 19:15:42: [basecommands.smx] "Console<0><Console><Console>" changed cvar (cvar "sv_clockcorrection_msecs") (value "25")
L 11/11/2022 - 19:15:42: [basecommands.smx] "Console<0><Console><Console>" changed cvar (cvar "sb_all_bot_game") (value "1")
L 11/11/2022 - 19:15:43: [optional/l4d2_saferoom_item_remove.smx] Removed 4 saferoom item(s) (start: 4; end: 0).
L 11/11/2022 - 19:15:52: [l4d2_playtime_interface.smx] Failed to retrieve response (GetOwnedGames) - HTTPStatus: 0
L 11/11/2022 - 19:16:02: [l4d2_playtime_interface.smx] Failed to retrieve response (GetUserStatsForGame) - HTTPStatus: 0
L 11/11/2022 - 19:22:35: [all4dead2.smx] [NOTICE]: (Hitori Gotoh<2><STEAM_1:0:246466989><>) has spawned a shotgun_chrome
L 11/11/2022 - 19:29:06: [basecommands.smx] "Hitori Gotoh<2><STEAM_1:0:246466989><>" changed map to "c8m5_rooftop"
L 11/11/2022 - 19:29:09: [SM] Changed map to "c8m5_rooftop"
L 11/11/2022 - 19:29:09: -------- Mapchange to c8m5_rooftop --------
L 11/11/2022 - 19:29:11: [basecommands.smx] "Console<0><Console><Console>" changed cvar (cvar "confogl_match_execcfg_plugins") (value "generalfixes.cfg;confogl_plugins.cfg;sharedplugins.cfg")
L 11/11/2022 - 19:29:11: [basecommands.smx] "Console<0><Console><Console>" changed cvar (cvar "l4d2_addons_eclipse") (value "0")
L 11/11/2022 - 19:29:11: [basecommands.smx] "Console<0><Console><Console>" changed cvar (cvar "sv_allow_wait_command") (value "0")
L 11/11/2022 - 19:29:11: [basecommands.smx] "Console<0><Console><Console>" changed cvar (cvar "sv_minrate") (value "100000")
L 11/11/2022 - 19:29:11: [basecommands.smx] "Console<0><Console><Console>" changed cvar (cvar "sv_maxrate") (value "100000")
L 11/11/2022 - 19:29:11: [basecommands.smx] "Console<0><Console><Console>" changed cvar (cvar "sv_minupdaterate") (value "100")
L 11/11/2022 - 19:29:11: [basecommands.smx] "Console<0><Console><Console>" changed cvar (cvar "sv_maxupdaterate") (value "100")
L 11/11/2022 - 19:29:11: [basecommands.smx] "Console<0><Console><Console>" changed cvar (cvar "sv_mincmdrate") (value "100")
L 11/11/2022 - 19:29:11: [basecommands.smx] "Console<0><Console><Console>" changed cvar (cvar "sv_maxcmdrate") (value "100")
L 11/11/2022 - 19:29:11: [basecommands.smx] "Console<0><Console><Console>" changed cvar (cvar "sv_client_min_interp_ratio") (value "-1")
L 11/11/2022 - 19:29:11: [basecommands.smx] "Console<0><Console><Console>" changed cvar (cvar "sv_client_max_interp_ratio") (value "0")
L 11/11/2022 - 19:29:11: [basecommands.smx] "Console<0><Console><Console>" changed cvar (cvar "nb_update_frequency") (value "0.014")
L 11/11/2022 - 19:29:11: [basecommands.smx] "Console<0><Console><Console>" changed cvar (cvar "net_splitpacket_maxrate") (value "50000")
L 11/11/2022 - 19:29:11: [basecommands.smx] "Console<0><Console><Console>" changed cvar (cvar "fps_max") (value "0")
L 11/11/2022 - 19:29:11: [basecommands.smx] "Console<0><Console><Console>" changed cvar (cvar "tick_door_speed") (value "1.3")
L 11/11/2022 - 19:29:11: [basecommands.smx] "Console<0><Console><Console>" changed cvar (cvar "mv_maxplayers") (value "12")
L 11/11/2022 - 19:29:11: [basecommands.smx] "Console<0><Console><Console>" changed cvar (cvar "mp_autoteambalance") (value "0")
L 11/11/2022 - 19:29:11: [basecommands.smx] "Console<0><Console><Console>" changed cvar (cvar "sv_unlag_fixstuck") (value "1")
L 11/11/2022 - 19:29:11: [basecommands.smx] "Console<0><Console><Console>" changed cvar (cvar "z_brawl_chance") (value "0")
L 11/11/2022 - 19:29:11: [basecommands.smx] "Console<0><Console><Console>" changed cvar (cvar "sv_maxunlag") (value "1")
L 11/11/2022 - 19:29:11: [basecommands.smx] "Console<0><Console><Console>" changed cvar (cvar "sv_forcepreload") (value "1")
L 11/11/2022 - 19:29:11: [basecommands.smx] "Console<0><Console><Console>" changed cvar (cvar "sv_client_predict") (value "1")
L 11/11/2022 - 19:29:11: [basecommands.smx] "Console<0><Console><Console>" changed cvar (cvar "sv_client_cmdrate_difference") (value "0")
L 11/11/2022 - 19:29:11: [basecommands.smx] "Console<0><Console><Console>" changed cvar (cvar "sv_max_queries_sec_global") (value "10")
L 11/11/2022 - 19:29:11: [basecommands.smx] "Console<0><Console><Console>" changed cvar (cvar "sv_max_queries_sec") (value "3")
L 11/11/2022 - 19:29:11: [basecommands.smx] "Console<0><Console><Console>" changed cvar (cvar "sv_max_queries_window") (value "10")
L 11/11/2022 - 19:29:11: [basecommands.smx] "Console<0><Console><Console>" changed cvar (cvar "sv_player_stuck_tolerance") (value "5")
L 11/11/2022 - 19:29:11: [basecommands.smx] "Console<0><Console><Console>" changed cvar (cvar "sv_stats") (value "0")
L 11/11/2022 - 19:29:11: [basecommands.smx] "Console<0><Console><Console>" changed cvar (cvar "sv_clockcorrection_msecs") (value "25")
L 11/11/2022 - 19:29:11: [basecommands.smx] "Console<0><Console><Console>" changed cvar (cvar "sb_all_bot_game") (value "1")
L 11/11/2022 - 19:29:12: [optional/l4d2_saferoom_item_remove.smx] Removed 2 saferoom item(s) (start: 2; end: 0).
L 11/11/2022 - 19:29:31: [l4d2_playtime_interface.smx] Failed to retrieve response (GetOwnedGames) - HTTPStatus: 0
L 11/11/2022 - 19:29:31: [l4d2_playtime_interface.smx] Failed to retrieve response (GetUserStatsForGame) - HTTPStatus: 0
L 11/11/2022 - 19:29:55: [all4dead2.smx] [NOTICE]: (Hitori Gotoh<2><STEAM_1:0:246466989><>) has spawned a shotgun_chrome
L 11/11/2022 - 19:39:31: [optional/l4d2_saferoom_item_remove.smx] Removed 2 saferoom item(s) (start: 2; end: 0).
L 11/11/2022 - 19:39:46: [all4dead2.smx] [NOTICE]: (Hitori Gotoh<2><STEAM_1:0:246466989><>) has spawned a shotgun_chrome
L 11/11/2022 - 19:39:46: [all4dead2.smx] [NOTICE]: (Hitori Gotoh<2><STEAM_1:0:246466989><>) has spawned a shotgun_chrome
L 11/11/2022 - 19:48:04: [basecommands.smx] "Console<0><Console><Console>" changed cvar (cvar "sb_all_bot_game") (value "1")
L 11/11/2022 - 19:48:06: [linux_auto_restart.smx] Last one player left the server, Restart server now
L 11/11/2022 - 19:48:19: SourceMod log file session started (file "/root/Steam/steamapps/common/Left 4 Dead 2 Dedicated Server/left4dead2/addons/sourcemod/logs/L20221111.log") (Version "1.11.0.6825")
L 11/11/2022 - 19:48:19: [GEOIP] GeoIP2 database loaded: GeoLite2-City (2019-12-17 20:01:26 UTC)
L 11/11/2022 - 19:48:19: [GEOIP] GeoIP2 supported languages: de en es fr ja pt-BR ru zh-CN
L 11/11/2022 - 19:48:19: [GEOIPCITY] GeoIPCity database info: GEO-533LITE 20150106 Build 1 Copyright (c) 2015 MaxMind Inc All Rights Reserved
L 11/11/2022 - 19:48:22: [basecommands.smx] "Console<0><Console><Console>" changed cvar (cvar "confogl_match_execcfg_plugins") (value "generalfixes.cfg;confogl_plugins.cfg;sharedplugins.cfg")
L 11/11/2022 - 19:48:22: [basecommands.smx] "Console<0><Console><Console>" changed cvar (cvar "l4d2_addons_eclipse") (value "0")
L 11/11/2022 - 19:48:22: [basecommands.smx] "Console<0><Console><Console>" changed cvar (cvar "sv_allow_wait_command") (value "0")
L 11/11/2022 - 19:48:22: [basecommands.smx] "Console<0><Console><Console>" changed cvar (cvar "sv_minrate") (value "100000")
L 11/11/2022 - 19:48:22: [basecommands.smx] "Console<0><Console><Console>" changed cvar (cvar "sv_maxrate") (value "100000")
L 11/11/2022 - 19:48:22: [basecommands.smx] "Console<0><Console><Console>" changed cvar (cvar "sv_minupdaterate") (value "100")
L 11/11/2022 - 19:48:22: [basecommands.smx] "Console<0><Console><Console>" changed cvar (cvar "sv_maxupdaterate") (value "100")
L 11/11/2022 - 19:48:22: [basecommands.smx] "Console<0><Console><Console>" changed cvar (cvar "sv_mincmdrate") (value "100")
L 11/11/2022 - 19:48:22: [basecommands.smx] "Console<0><Console><Console>" changed cvar (cvar "sv_maxcmdrate") (value "100")
L 11/11/2022 - 19:48:22: [basecommands.smx] "Console<0><Console><Console>" changed cvar (cvar "sv_client_min_interp_ratio") (value "-1")
L 11/11/2022 - 19:48:22: [basecommands.smx] "Console<0><Console><Console>" changed cvar (cvar "sv_client_max_interp_ratio") (value "0")
L 11/11/2022 - 19:48:22: [basecommands.smx] "Console<0><Console><Console>" changed cvar (cvar "nb_update_frequency") (value "0.014")
L 11/11/2022 - 19:48:22: [basecommands.smx] "Console<0><Console><Console>" changed cvar (cvar "net_splitpacket_maxrate") (value "50000")
L 11/11/2022 - 19:48:22: [basecommands.smx] "Console<0><Console><Console>" changed cvar (cvar "fps_max") (value "0")
L 11/11/2022 - 19:48:22: [basecommands.smx] "Console<0><Console><Console>" changed cvar (cvar "tick_door_speed") (value "1.3")
L 11/11/2022 - 19:48:22: [basecommands.smx] "Console<0><Console><Console>" changed cvar (cvar "mv_maxplayers") (value "12")
L 11/11/2022 - 19:48:22: [basecommands.smx] "Console<0><Console><Console>" changed cvar (cvar "mp_autoteambalance") (value "0")
L 11/11/2022 - 19:48:22: [basecommands.smx] "Console<0><Console><Console>" changed cvar (cvar "sv_unlag_fixstuck") (value "1")
L 11/11/2022 - 19:48:22: [basecommands.smx] "Console<0><Console><Console>" changed cvar (cvar "z_brawl_chance") (value "0")
L 11/11/2022 - 19:48:22: [basecommands.smx] "Console<0><Console><Console>" changed cvar (cvar "sv_maxunlag") (value "1")
L 11/11/2022 - 19:48:22: [basecommands.smx] "Console<0><Console><Console>" changed cvar (cvar "sv_forcepreload") (value "1")
L 11/11/2022 - 19:48:22: [basecommands.smx] "Console<0><Console><Console>" changed cvar (cvar "sv_client_predict") (value "1")
L 11/11/2022 - 19:48:22: [basecommands.smx] "Console<0><Console><Console>" changed cvar (cvar "sv_client_cmdrate_difference") (value "0")
L 11/11/2022 - 19:48:22: [basecommands.smx] "Console<0><Console><Console>" changed cvar (cvar "sv_max_queries_sec_global") (value "10")
L 11/11/2022 - 19:48:22: [basecommands.smx] "Console<0><Console><Console>" changed cvar (cvar "sv_max_queries_sec") (value "3")
L 11/11/2022 - 19:48:22: [basecommands.smx] "Console<0><Console><Console>" changed cvar (cvar "sv_max_queries_window") (value "10")
L 11/11/2022 - 19:48:22: [basecommands.smx] "Console<0><Console><Console>" changed cvar (cvar "sv_player_stuck_tolerance") (value "5")
L 11/11/2022 - 19:48:22: [basecommands.smx] "Console<0><Console><Console>" changed cvar (cvar "sv_stats") (value "0")
L 11/11/2022 - 19:48:22: [basecommands.smx] "Console<0><Console><Console>" changed cvar (cvar "sv_clockcorrection_msecs") (value "25")
L 11/11/2022 - 19:48:22: [basecommands.smx] "Console<0><Console><Console>" changed cvar (cvar "sb_all_bot_game") (value "1")
L 11/11/2022 - 22:05:17: [l4d2_playtime_interface.smx] Failed to retrieve response (GetUserStatsForGame) - HTTPStatus: 403
L 11/11/2022 - 22:05:17: [l4d2_playtime_interface.smx] Failed to retrieve response (GetOwnedGames) - HTTPStatus: 401
L 11/11/2022 - 22:05:35: [cannounce.smx] Player 伊比利亚的海风 <STEAM_1:1:476623145> connected from country China (CN), IP 112.49.3.160
L 11/11/2022 - 22:06:45: [cannounce.smx] Player 伊比利亚的海风 <STEAM_1:1:476623145> from country China (CN) disconnected from IP 112.49.3.160reason: Disconnect by user.
L 11/11/2022 - 22:06:45: [basecommands.smx] "Console<0><Console><Console>" changed cvar (cvar "sb_all_bot_game") (value "1")
L 11/11/2022 - 22:06:45: [basecommands.smx] "Console<0><Console><Console>" changed cvar (cvar "sb_all_bot_game") (value "1")
L 11/11/2022 - 22:06:47: [linux_auto_restart.smx] Last one player left the server, Restart server now
L 11/11/2022 - 22:06:47: [linux_auto_restart.smx] Last one player left the server, Restart server now
L 11/11/2022 - 22:06:58: SourceMod log file session started (file "/root/Steam/steamapps/common/Left 4 Dead 2 Dedicated Server/left4dead2/addons/sourcemod/logs/L20221111.log") (Version "1.11.0.6825")
L 11/11/2022 - 22:06:58: [GEOIP] GeoIP2 database loaded: GeoLite2-City (2019-12-17 20:01:26 UTC)
L 11/11/2022 - 22:06:58: [GEOIP] GeoIP2 supported languages: de en es fr ja pt-BR ru zh-CN
L 11/11/2022 - 22:06:58: [GEOIPCITY] GeoIPCity database info: GEO-533LITE 20150106 Build 1 Copyright (c) 2015 MaxMind Inc All Rights Reserved
L 11/11/2022 - 22:07:00: [basecommands.smx] "Console<0><Console><Console>" changed cvar (cvar "confogl_match_execcfg_plugins") (value "generalfixes.cfg;confogl_plugins.cfg;sharedplugins.cfg")
L 11/11/2022 - 22:07:00: [basecommands.smx] "Console<0><Console><Console>" changed cvar (cvar "l4d2_addons_eclipse") (value "0")
L 11/11/2022 - 22:07:00: [basecommands.smx] "Console<0><Console><Console>" changed cvar (cvar "sv_allow_wait_command") (value "0")
L 11/11/2022 - 22:07:00: [basecommands.smx] "Console<0><Console><Console>" changed cvar (cvar "sv_minrate") (value "100000")
L 11/11/2022 - 22:07:00: [basecommands.smx] "Console<0><Console><Console>" changed cvar (cvar "sv_maxrate") (value "100000")
L 11/11/2022 - 22:07:00: [basecommands.smx] "Console<0><Console><Console>" changed cvar (cvar "sv_minupdaterate") (value "100")
L 11/11/2022 - 22:07:00: [basecommands.smx] "Console<0><Console><Console>" changed cvar (cvar "sv_maxupdaterate") (value "100")
L 11/11/2022 - 22:07:00: [basecommands.smx] "Console<0><Console><Console>" changed cvar (cvar "sv_mincmdrate") (value "100")
L 11/11/2022 - 22:07:00: [basecommands.smx] "Console<0><Console><Console>" changed cvar (cvar "sv_maxcmdrate") (value "100")
L 11/11/2022 - 22:07:00: [basecommands.smx] "Console<0><Console><Console>" changed cvar (cvar "sv_client_min_interp_ratio") (value "-1")
L 11/11/2022 - 22:07:00: [basecommands.smx] "Console<0><Console><Console>" changed cvar (cvar "sv_client_max_interp_ratio") (value "0")
L 11/11/2022 - 22:07:00: [basecommands.smx] "Console<0><Console><Console>" changed cvar (cvar "nb_update_frequency") (value "0.014")
L 11/11/2022 - 22:07:00: [basecommands.smx] "Console<0><Console><Console>" changed cvar (cvar "net_splitpacket_maxrate") (value "50000")
L 11/11/2022 - 22:07:00: [basecommands.smx] "Console<0><Console><Console>" changed cvar (cvar "fps_max") (value "0")
L 11/11/2022 - 22:07:00: [basecommands.smx] "Console<0><Console><Console>" changed cvar (cvar "tick_door_speed") (value "1.3")
L 11/11/2022 - 22:07:00: [basecommands.smx] "Console<0><Console><Console>" changed cvar (cvar "mv_maxplayers") (value "12")
L 11/11/2022 - 22:07:00: [basecommands.smx] "Console<0><Console><Console>" changed cvar (cvar "mp_autoteambalance") (value "0")
L 11/11/2022 - 22:07:00: [basecommands.smx] "Console<0><Console><Console>" changed cvar (cvar "sv_unlag_fixstuck") (value "1")
L 11/11/2022 - 22:07:00: [basecommands.smx] "Console<0><Console><Console>" changed cvar (cvar "z_brawl_chance") (value "0")
L 11/11/2022 - 22:07:00: [basecommands.smx] "Console<0><Console><Console>" changed cvar (cvar "sv_maxunlag") (value "1")
L 11/11/2022 - 22:07:00: [basecommands.smx] "Console<0><Console><Console>" changed cvar (cvar "sv_forcepreload") (value "1")
L 11/11/2022 - 22:07:00: [basecommands.smx] "Console<0><Console><Console>" changed cvar (cvar "sv_client_predict") (value "1")
L 11/11/2022 - 22:07:00: [basecommands.smx] "Console<0><Console><Console>" changed cvar (cvar "sv_client_cmdrate_difference") (value "0")
L 11/11/2022 - 22:07:00: [basecommands.smx] "Console<0><Console><Console>" changed cvar (cvar "sv_max_queries_sec_global") (value "10")
L 11/11/2022 - 22:07:00: [basecommands.smx] "Console<0><Console><Console>" changed cvar (cvar "sv_max_queries_sec") (value "3")
L 11/11/2022 - 22:07:00: [basecommands.smx] "Console<0><Console><Console>" changed cvar (cvar "sv_max_queries_window") (value "10")
L 11/11/2022 - 22:07:00: [basecommands.smx] "Console<0><Console><Console>" changed cvar (cvar "sv_player_stuck_tolerance") (value "5")
L 11/11/2022 - 22:07:00: [basecommands.smx] "Console<0><Console><Console>" changed cvar (cvar "sv_stats") (value "0")
L 11/11/2022 - 22:07:00: [basecommands.smx] "Console<0><Console><Console>" changed cvar (cvar "sv_clockcorrection_msecs") (value "25")
L 11/11/2022 - 22:07:00: [basecommands.smx] "Console<0><Console><Console>" changed cvar (cvar "sb_all_bot_game") (value "1")
L 11/11/2022 - 22:10:06: [l4d2_playtime_interface.smx] Failed to retrieve response (GetOwnedGames) - HTTPStatus: 0
L 11/11/2022 - 22:10:09: [cannounce.smx] Player The Young Man <STEAM_1:1:610753022> connected from country China (CN), IP 110.248.4.162
L 11/11/2022 - 22:10:16: [l4d2_playtime_interface.smx] Failed to retrieve response (GetUserStatsForGame) - HTTPStatus: 0
L 11/11/2022 - 22:17:54: [confoglcompmod.smx] Set password on The Young Man, password 
L 11/11/2022 - 22:17:58: -------- Mapchange to c8m5_rooftop --------
L 11/11/2022 - 22:17:59: [basecommands.smx] "Console<0><Console><Console>" changed cvar (cvar "confogl_match_execcfg_plugins") (value "generalfixes.cfg;confogl_plugins.cfg;sharedplugins.cfg")
L 11/11/2022 - 22:17:59: [basecommands.smx] "Console<0><Console><Console>" changed cvar (cvar "l4d2_addons_eclipse") (value "0")
L 11/11/2022 - 22:17:59: [basecommands.smx] "Console<0><Console><Console>" changed cvar (cvar "sv_allow_wait_command") (value "0")
L 11/11/2022 - 22:17:59: [basecommands.smx] "Console<0><Console><Console>" changed cvar (cvar "sv_minrate") (value "100000")
L 11/11/2022 - 22:17:59: [basecommands.smx] "Console<0><Console><Console>" changed cvar (cvar "sv_maxrate") (value "100000")
L 11/11/2022 - 22:17:59: [basecommands.smx] "Console<0><Console><Console>" changed cvar (cvar "sv_minupdaterate") (value "100")
L 11/11/2022 - 22:17:59: [basecommands.smx] "Console<0><Console><Console>" changed cvar (cvar "sv_maxupdaterate") (value "100")
L 11/11/2022 - 22:17:59: [basecommands.smx] "Console<0><Console><Console>" changed cvar (cvar "sv_mincmdrate") (value "100")
L 11/11/2022 - 22:17:59: [basecommands.smx] "Console<0><Console><Console>" changed cvar (cvar "sv_maxcmdrate") (value "100")
L 11/11/2022 - 22:17:59: [basecommands.smx] "Console<0><Console><Console>" changed cvar (cvar "sv_client_min_interp_ratio") (value "-1")
L 11/11/2022 - 22:17:59: [basecommands.smx] "Console<0><Console><Console>" changed cvar (cvar "sv_client_max_interp_ratio") (value "0")
L 11/11/2022 - 22:17:59: [basecommands.smx] "Console<0><Console><Console>" changed cvar (cvar "nb_update_frequency") (value "0.014")
L 11/11/2022 - 22:17:59: [basecommands.smx] "Console<0><Console><Console>" changed cvar (cvar "net_splitpacket_maxrate") (value "50000")
L 11/11/2022 - 22:17:59: [basecommands.smx] "Console<0><Console><Console>" changed cvar (cvar "fps_max") (value "0")
L 11/11/2022 - 22:17:59: [basecommands.smx] "Console<0><Console><Console>" changed cvar (cvar "tick_door_speed") (value "1.3")
L 11/11/2022 - 22:17:59: [basecommands.smx] "Console<0><Console><Console>" changed cvar (cvar "mv_maxplayers") (value "12")
L 11/11/2022 - 22:17:59: [basecommands.smx] "Console<0><Console><Console>" changed cvar (cvar "mp_autoteambalance") (value "0")
L 11/11/2022 - 22:17:59: [basecommands.smx] "Console<0><Console><Console>" changed cvar (cvar "sv_unlag_fixstuck") (value "1")
L 11/11/2022 - 22:17:59: [basecommands.smx] "Console<0><Console><Console>" changed cvar (cvar "z_brawl_chance") (value "0")
L 11/11/2022 - 22:17:59: [basecommands.smx] "Console<0><Console><Console>" changed cvar (cvar "sv_maxunlag") (value "1")
L 11/11/2022 - 22:17:59: [basecommands.smx] "Console<0><Console><Console>" changed cvar (cvar "sv_forcepreload") (value "1")
L 11/11/2022 - 22:17:59: [basecommands.smx] "Console<0><Console><Console>" changed cvar (cvar "sv_client_predict") (value "1")
L 11/11/2022 - 22:17:59: [basecommands.smx] "Console<0><Console><Console>" changed cvar (cvar "sv_client_cmdrate_difference") (value "0")
L 11/11/2022 - 22:17:59: [basecommands.smx] "Console<0><Console><Console>" changed cvar (cvar "sv_max_queries_sec_global") (value "10")
L 11/11/2022 - 22:17:59: [basecommands.smx] "Console<0><Console><Console>" changed cvar (cvar "sv_max_queries_sec") (value "3")
L 11/11/2022 - 22:17:59: [basecommands.smx] "Console<0><Console><Console>" changed cvar (cvar "sv_max_queries_window") (value "10")
L 11/11/2022 - 22:17:59: [basecommands.smx] "Console<0><Console><Console>" changed cvar (cvar "sv_player_stuck_tolerance") (value "5")
L 11/11/2022 - 22:17:59: [basecommands.smx] "Console<0><Console><Console>" changed cvar (cvar "sv_stats") (value "0")
L 11/11/2022 - 22:17:59: [basecommands.smx] "Console<0><Console><Console>" changed cvar (cvar "sv_clockcorrection_msecs") (value "25")
L 11/11/2022 - 22:17:59: [basecommands.smx] "Console<0><Console><Console>" changed cvar (cvar "sb_all_bot_game") (value "1")
L 11/11/2022 - 22:18:00: [optional/l4d2_saferoom_item_remove.smx] Removed 0 saferoom item(s) (start: 0; end: 0).
L 11/11/2022 - 22:18:09: [l4d2_playtime_interface.smx] Failed to retrieve response (GetOwnedGames) - HTTPStatus: 0
L 11/11/2022 - 22:18:19: [l4d2_playtime_interface.smx] Failed to retrieve response (GetUserStatsForGame) - HTTPStatus: 0
L 11/11/2022 - 22:18:22: [basecommands.smx] "Console<0><Console><Console>" changed cvar (cvar "sb_all_bot_game") (value "1")
L 11/11/2022 - 22:18:24: [linux_auto_restart.smx] Last one player left the server, Restart server now
L 11/11/2022 - 22:18:36: SourceMod log file session started (file "/root/Steam/steamapps/common/Left 4 Dead 2 Dedicated Server/left4dead2/addons/sourcemod/logs/L20221111.log") (Version "1.11.0.6825")
L 11/11/2022 - 22:18:36: [GEOIP] GeoIP2 database loaded: GeoLite2-City (2019-12-17 20:01:26 UTC)
L 11/11/2022 - 22:18:36: [GEOIP] GeoIP2 supported languages: de en es fr ja pt-BR ru zh-CN
L 11/11/2022 - 22:18:37: [GEOIPCITY] GeoIPCity database info: GEO-533LITE 20150106 Build 1 Copyright (c) 2015 MaxMind Inc All Rights Reserved
L 11/11/2022 - 22:18:39: [basecommands.smx] "Console<0><Console><Console>" changed cvar (cvar "confogl_match_execcfg_plugins") (value "generalfixes.cfg;confogl_plugins.cfg;sharedplugins.cfg")
L 11/11/2022 - 22:18:39: [basecommands.smx] "Console<0><Console><Console>" changed cvar (cvar "l4d2_addons_eclipse") (value "0")
L 11/11/2022 - 22:18:39: [basecommands.smx] "Console<0><Console><Console>" changed cvar (cvar "sv_allow_wait_command") (value "0")
L 11/11/2022 - 22:18:39: [basecommands.smx] "Console<0><Console><Console>" changed cvar (cvar "sv_minrate") (value "100000")
L 11/11/2022 - 22:18:39: [basecommands.smx] "Console<0><Console><Console>" changed cvar (cvar "sv_maxrate") (value "100000")
L 11/11/2022 - 22:18:39: [basecommands.smx] "Console<0><Console><Console>" changed cvar (cvar "sv_minupdaterate") (value "100")
L 11/11/2022 - 22:18:39: [basecommands.smx] "Console<0><Console><Console>" changed cvar (cvar "sv_maxupdaterate") (value "100")
L 11/11/2022 - 22:18:39: [basecommands.smx] "Console<0><Console><Console>" changed cvar (cvar "sv_mincmdrate") (value "100")
L 11/11/2022 - 22:18:39: [basecommands.smx] "Console<0><Console><Console>" changed cvar (cvar "sv_maxcmdrate") (value "100")
L 11/11/2022 - 22:18:39: [basecommands.smx] "Console<0><Console><Console>" changed cvar (cvar "sv_client_min_interp_ratio") (value "-1")
L 11/11/2022 - 22:18:39: [basecommands.smx] "Console<0><Console><Console>" changed cvar (cvar "sv_client_max_interp_ratio") (value "0")
L 11/11/2022 - 22:18:39: [basecommands.smx] "Console<0><Console><Console>" changed cvar (cvar "nb_update_frequency") (value "0.014")
L 11/11/2022 - 22:18:39: [basecommands.smx] "Console<0><Console><Console>" changed cvar (cvar "net_splitpacket_maxrate") (value "50000")
L 11/11/2022 - 22:18:39: [basecommands.smx] "Console<0><Console><Console>" changed cvar (cvar "fps_max") (value "0")
L 11/11/2022 - 22:18:39: [basecommands.smx] "Console<0><Console><Console>" changed cvar (cvar "tick_door_speed") (value "1.3")
L 11/11/2022 - 22:18:39: [basecommands.smx] "Console<0><Console><Console>" changed cvar (cvar "mv_maxplayers") (value "12")
L 11/11/2022 - 22:18:39: [basecommands.smx] "Console<0><Console><Console>" changed cvar (cvar "mp_autoteambalance") (value "0")
L 11/11/2022 - 22:18:39: [basecommands.smx] "Console<0><Console><Console>" changed cvar (cvar "sv_unlag_fixstuck") (value "1")
L 11/11/2022 - 22:18:39: [basecommands.smx] "Console<0><Console><Console>" changed cvar (cvar "z_brawl_chance") (value "0")
L 11/11/2022 - 22:18:39: [basecommands.smx] "Console<0><Console><Console>" changed cvar (cvar "sv_maxunlag") (value "1")
L 11/11/2022 - 22:18:39: [basecommands.smx] "Console<0><Console><Console>" changed cvar (cvar "sv_forcepreload") (value "1")
L 11/11/2022 - 22:18:39: [basecommands.smx] "Console<0><Console><Console>" changed cvar (cvar "sv_client_predict") (value "1")
L 11/11/2022 - 22:18:39: [basecommands.smx] "Console<0><Console><Console>" changed cvar (cvar "sv_client_cmdrate_difference") (value "0")
L 11/11/2022 - 22:18:39: [basecommands.smx] "Console<0><Console><Console>" changed cvar (cvar "sv_max_queries_sec_global") (value "10")
L 11/11/2022 - 22:18:39: [basecommands.smx] "Console<0><Console><Console>" changed cvar (cvar "sv_max_queries_sec") (value "3")
L 11/11/2022 - 22:18:39: [basecommands.smx] "Console<0><Console><Console>" changed cvar (cvar "sv_max_queries_window") (value "10")
L 11/11/2022 - 22:18:39: [basecommands.smx] "Console<0><Console><Console>" changed cvar (cvar "sv_player_stuck_tolerance") (value "5")
L 11/11/2022 - 22:18:39: [basecommands.smx] "Console<0><Console><Console>" changed cvar (cvar "sv_stats") (value "0")
L 11/11/2022 - 22:18:39: [basecommands.smx] "Console<0><Console><Console>" changed cvar (cvar "sv_clockcorrection_msecs") (value "25")
L 11/11/2022 - 22:18:39: [basecommands.smx] "Console<0><Console><Console>" changed cvar (cvar "sb_all_bot_game") (value "1")
