--=================================================================--
[19/01/2023 17:35:24] --- NEW MAP STARTED: c8m5_rooftop ---
--=================================================================--
[17:35:32] [CN] [CN] " - JACK'O " -                 has joined (STEAM_1:1:519911503 | 117.186.166.82)
[17:35:40] [CN] [Survivor   ] [CN] " - JACK'O " -                 : !match
[17:36:39] [CN] [Survivor   ] [CN] " - JACK'O " -                 : !vote
[17:36:42] [CN] [Survivor   ] [CN] " - JACK'O " -                 : !vote
[17:36:44] [CN] [Survivor   ] [CN] " - JACK'O " -                 : !votes
[17:36:49] [CN] [Survivor   ] [CN] " - JACK'O " -                 : !fs
[17:37:01] [CN] [Survivor   ] [CN] " - JACK'O " -                 : !match
--=================================================================--
[19/01/2023 17:42:27] --- NEW MAP STARTED: c8m5_rooftop ---
--=================================================================--
[17:42:28] [CN] [Infected   ] [CN] " - JACK'O " -                 : !match
--=================================================================--
[19/01/2023 17:43:35] --- NEW MAP STARTED: c8m5_rooftop ---
--=================================================================--
--=================================================================--
[19/01/2023 17:44:13] --- NEW MAP STARTED: c8m5_rooftop ---
--=================================================================--
[17:44:20] [CN] [CN] " - JACK'O " -                 has joined (STEAM_1:1:519911503 | 117.186.166.82)
[17:44:27] [CN] [Survivor   ] [CN] " - JACK'O " -                 : !match'
[17:44:29] [CN] [Survivor   ] [CN] " - JACK'O " -                 : !match
--=================================================================--
[19/01/2023 17:46:30] --- NEW MAP STARTED: c8m5_rooftop ---
--=================================================================--
