L 01/18/2023 - 20:22:27: SourceMod error session started
L 01/18/2023 - 20:22:27: Info (map "c8m5_rooftop") (file "/root/Steam/steamapps/common/Left 4 Dead 2 Dedicated Server/left4dead2/addons/sourcemod3/logs/errors_20230118.log")
L 01/18/2023 - 20:22:27: [SM] Plugin "confogl_autoloader.smx" encountered error 23: Native detected error
L 01/18/2023 - 20:22:27: [SM] Invalid data handle 0 (error 4) passed during timer end with TIMER_DATA_HNDL_CLOSE
L 01/18/2023 - 20:22:27: [SM] Unable to call function "ExecuteConfig" due to above error(s).
L 01/18/2023 - 20:22:27: [SM] Exception reported: Invalid client index 0
L 01/18/2023 - 20:22:27: [SM] Blaming: confoglcompmod.smx
L 01/18/2023 - 20:22:27: [SM] Call stack trace:
L 01/18/2023 - 20:22:27: [SM]   [0] ThrowError
L 01/18/2023 - 20:22:27: [SM]   [1] Line 64, C:\Users\Administrator\Desktop\SPCode.Portable\sourcepawn\configs\sm_1_10_0_6478\include\colors.inc::CPrintToChat
L 01/18/2023 - 20:22:27: [SM]   [2] Line 240, modules/ReqMatch.sp::RM_Cmd_ForceMatch
L 01/18/2023 - 20:24:12: SourceMod error session started
L 01/18/2023 - 20:24:12: Info (map "c8m5_rooftop") (file "/root/Steam/steamapps/common/Left 4 Dead 2 Dedicated Server/left4dead2/addons/sourcemod3/logs/errors_20230118.log")
L 01/18/2023 - 20:24:12: [SM] Exception reported: Unable to load file: addons/sourcemod/data/steamsforaddons.txt
L 01/18/2023 - 20:24:12: [SM] Blaming: l4d2_addonsmanager.smx
L 01/18/2023 - 20:24:12: [SM] Call stack trace:
L 01/18/2023 - 20:24:12: [SM]   [0] SetFailState
L 01/18/2023 - 20:24:12: [SM]   [1] Line 238, E:\DownLoading\beifen\sourcemod-1.11.0-git6826-windows\addons\sourcemod\scripting\l4d2_addonsmanager.sp::LoadSteamIDWhiteList
L 01/18/2023 - 20:24:12: [SM]   [2] Line 27, E:\DownLoading\beifen\sourcemod-1.11.0-git6826-windows\addons\sourcemod\scripting\l4d2_addonsmanager.sp::OnPluginStart
L 01/18/2023 - 20:24:12: [SM] Unable to load plugin "l4d2_addonsmanager.smx": Error detected in plugin startup (see error logs)
L 01/18/2023 - 20:24:20: [SM] Plugin "confogl_autoloader.smx" encountered error 23: Native detected error
L 01/18/2023 - 20:24:20: [SM] Invalid data handle 0 (error 4) passed during timer end with TIMER_DATA_HNDL_CLOSE
L 01/18/2023 - 20:24:20: [SM] Unable to call function "ExecuteConfig" due to above error(s).
L 01/18/2023 - 20:24:20: [SM] Exception reported: Invalid client index 0
L 01/18/2023 - 20:24:20: [SM] Blaming: confoglcompmod.smx
L 01/18/2023 - 20:24:20: [SM] Call stack trace:
L 01/18/2023 - 20:24:20: [SM]   [0] ThrowError
L 01/18/2023 - 20:24:20: [SM]   [1] Line 64, C:\Users\Administrator\Desktop\SPCode.Portable\sourcepawn\configs\sm_1_10_0_6478\include\colors.inc::CPrintToChat
L 01/18/2023 - 20:24:20: [SM]   [2] Line 240, modules/ReqMatch.sp::RM_Cmd_ForceMatch
L 01/19/2023 - 17:35:21: Error log file session closed.
