L 01/17/2023 - 15:09:10: SourceMod error session started
L 01/17/2023 - 15:09:10: Info (map "c8m5_rooftop") (file "/root/Steam/steamapps/common/Left 4 Dead 2 Dedicated Server/left4dead2/addons/sourcemod3/logs/errors_20230117.log")
L 01/17/2023 - 15:09:10: [SM] Plugin "confogl_autoloader.smx" encountered error 23: Native detected error
L 01/17/2023 - 15:09:10: [SM] Invalid data handle 0 (error 4) passed during timer end with TIMER_DATA_HNDL_CLOSE
L 01/17/2023 - 15:09:10: [SM] Unable to call function "ExecuteConfig" due to above error(s).
L 01/17/2023 - 15:09:10: [SM] Exception reported: Invalid client index 0
L 01/17/2023 - 15:09:10: [SM] Blaming: confoglcompmod.smx
L 01/17/2023 - 15:09:10: [SM] Call stack trace:
L 01/17/2023 - 15:09:10: [SM]   [0] ThrowError
L 01/17/2023 - 15:09:10: [SM]   [1] Line 64, C:\Users\Administrator\Desktop\SPCode.Portable\sourcepawn\configs\sm_1_10_0_6478\include\colors.inc::CPrintToChat
L 01/17/2023 - 15:09:10: [SM]   [2] Line 240, modules/ReqMatch.sp::RM_Cmd_ForceMatch
L 01/17/2023 - 15:09:52: SourceMod error session started
L 01/17/2023 - 15:09:52: Info (map "c8m5_rooftop") (file "/root/Steam/steamapps/common/Left 4 Dead 2 Dedicated Server/left4dead2/addons/sourcemod3/logs/errors_20230117.log")
L 01/17/2023 - 15:09:52: [SM] Exception reported: Unable to load file: addons/sourcemod/data/steamsforaddons.txt
L 01/17/2023 - 15:09:52: [SM] Blaming: l4d2_addonsmanager.smx
L 01/17/2023 - 15:09:52: [SM] Call stack trace:
L 01/17/2023 - 15:09:52: [SM]   [0] SetFailState
L 01/17/2023 - 15:09:52: [SM]   [1] Line 238, E:\DownLoading\beifen\sourcemod-1.11.0-git6826-windows\addons\sourcemod\scripting\l4d2_addonsmanager.sp::LoadSteamIDWhiteList
L 01/17/2023 - 15:09:52: [SM]   [2] Line 27, E:\DownLoading\beifen\sourcemod-1.11.0-git6826-windows\addons\sourcemod\scripting\l4d2_addonsmanager.sp::OnPluginStart
L 01/17/2023 - 15:09:52: [SM] Unable to load plugin "l4d2_addonsmanager.smx": Error detected in plugin startup (see error logs)
L 01/17/2023 - 15:10:00: [SM] Plugin "confogl_autoloader.smx" encountered error 23: Native detected error
L 01/17/2023 - 15:10:00: [SM] Invalid data handle 0 (error 4) passed during timer end with TIMER_DATA_HNDL_CLOSE
L 01/17/2023 - 15:10:00: [SM] Unable to call function "ExecuteConfig" due to above error(s).
L 01/17/2023 - 15:10:00: [SM] Exception reported: Invalid client index 0
L 01/17/2023 - 15:10:00: [SM] Blaming: confoglcompmod.smx
L 01/17/2023 - 15:10:00: [SM] Call stack trace:
L 01/17/2023 - 15:10:00: [SM]   [0] ThrowError
L 01/17/2023 - 15:10:00: [SM]   [1] Line 64, C:\Users\Administrator\Desktop\SPCode.Portable\sourcepawn\configs\sm_1_10_0_6478\include\colors.inc::CPrintToChat
L 01/17/2023 - 15:10:00: [SM]   [2] Line 240, modules/ReqMatch.sp::RM_Cmd_ForceMatch
L 01/17/2023 - 15:18:29: Error log file session closed.
L 01/17/2023 - 15:18:34: SourceMod error session started
L 01/17/2023 - 15:18:34: Info (map "c8m5_rooftop") (file "/root/Steam/steamapps/common/Left 4 Dead 2 Dedicated Server/left4dead2/addons/sourcemod3/logs/errors_20230117.log")
L 01/17/2023 - 15:18:34: [SM] Plugin "confogl_autoloader.smx" encountered error 23: Native detected error
L 01/17/2023 - 15:18:34: [SM] Invalid data handle 0 (error 4) passed during timer end with TIMER_DATA_HNDL_CLOSE
L 01/17/2023 - 15:18:34: [SM] Unable to call function "ExecuteConfig" due to above error(s).
L 01/17/2023 - 15:18:34: [SM] Exception reported: Invalid client index 0
L 01/17/2023 - 15:18:34: [SM] Blaming: confoglcompmod.smx
L 01/17/2023 - 15:18:34: [SM] Call stack trace:
L 01/17/2023 - 15:18:34: [SM]   [0] ThrowError
L 01/17/2023 - 15:18:34: [SM]   [1] Line 64, C:\Users\Administrator\Desktop\SPCode.Portable\sourcepawn\configs\sm_1_10_0_6478\include\colors.inc::CPrintToChat
L 01/17/2023 - 15:18:34: [SM]   [2] Line 240, modules/ReqMatch.sp::RM_Cmd_ForceMatch
L 01/17/2023 - 15:19:36: SourceMod error session started
L 01/17/2023 - 15:19:36: Info (map "c8m5_rooftop") (file "/root/Steam/steamapps/common/Left 4 Dead 2 Dedicated Server/left4dead2/addons/sourcemod3/logs/errors_20230117.log")
L 01/17/2023 - 15:19:36: [SM] Exception reported: Unable to load file: addons/sourcemod/data/steamsforaddons.txt
L 01/17/2023 - 15:19:36: [SM] Blaming: l4d2_addonsmanager.smx
L 01/17/2023 - 15:19:36: [SM] Call stack trace:
L 01/17/2023 - 15:19:36: [SM]   [0] SetFailState
L 01/17/2023 - 15:19:36: [SM]   [1] Line 238, E:\DownLoading\beifen\sourcemod-1.11.0-git6826-windows\addons\sourcemod\scripting\l4d2_addonsmanager.sp::LoadSteamIDWhiteList
L 01/17/2023 - 15:19:36: [SM]   [2] Line 27, E:\DownLoading\beifen\sourcemod-1.11.0-git6826-windows\addons\sourcemod\scripting\l4d2_addonsmanager.sp::OnPluginStart
L 01/17/2023 - 15:19:36: [SM] Unable to load plugin "l4d2_addonsmanager.smx": Error detected in plugin startup (see error logs)
L 01/17/2023 - 15:19:44: [SM] Plugin "confogl_autoloader.smx" encountered error 23: Native detected error
L 01/17/2023 - 15:19:44: [SM] Invalid data handle 0 (error 4) passed during timer end with TIMER_DATA_HNDL_CLOSE
L 01/17/2023 - 15:19:44: [SM] Unable to call function "ExecuteConfig" due to above error(s).
L 01/17/2023 - 15:19:44: [SM] Exception reported: Invalid client index 0
L 01/17/2023 - 15:19:44: [SM] Blaming: confoglcompmod.smx
L 01/17/2023 - 15:19:44: [SM] Call stack trace:
L 01/17/2023 - 15:19:44: [SM]   [0] ThrowError
L 01/17/2023 - 15:19:44: [SM]   [1] Line 64, C:\Users\Administrator\Desktop\SPCode.Portable\sourcepawn\configs\sm_1_10_0_6478\include\colors.inc::CPrintToChat
L 01/17/2023 - 15:19:44: [SM]   [2] Line 240, modules/ReqMatch.sp::RM_Cmd_ForceMatch
L 01/17/2023 - 16:35:49: Error log file session closed.
L 01/17/2023 - 16:35:55: SourceMod error session started
L 01/17/2023 - 16:35:55: Info (map "c8m5_rooftop") (file "/root/Steam/steamapps/common/Left 4 Dead 2 Dedicated Server/left4dead2/addons/sourcemod3/logs/errors_20230117.log")
L 01/17/2023 - 16:35:55: [SM] Plugin "confogl_autoloader.smx" encountered error 23: Native detected error
L 01/17/2023 - 16:35:55: [SM] Invalid data handle 0 (error 4) passed during timer end with TIMER_DATA_HNDL_CLOSE
L 01/17/2023 - 16:35:55: [SM] Unable to call function "ExecuteConfig" due to above error(s).
L 01/17/2023 - 16:35:55: [SM] Exception reported: Invalid client index 0
L 01/17/2023 - 16:35:55: [SM] Blaming: confoglcompmod.smx
L 01/17/2023 - 16:35:55: [SM] Call stack trace:
L 01/17/2023 - 16:35:55: [SM]   [0] ThrowError
L 01/17/2023 - 16:35:55: [SM]   [1] Line 64, C:\Users\Administrator\Desktop\SPCode.Portable\sourcepawn\configs\sm_1_10_0_6478\include\colors.inc::CPrintToChat
L 01/17/2023 - 16:35:55: [SM]   [2] Line 240, modules/ReqMatch.sp::RM_Cmd_ForceMatch
L 01/17/2023 - 16:39:14: SourceMod error session started
L 01/17/2023 - 16:39:14: Info (map "c8m5_rooftop") (file "/root/Steam/steamapps/common/Left 4 Dead 2 Dedicated Server/left4dead2/addons/sourcemod3/logs/errors_20230117.log")
L 01/17/2023 - 16:39:14: [SM] Exception reported: Unable to load file: addons/sourcemod/data/steamsforaddons.txt
L 01/17/2023 - 16:39:14: [SM] Blaming: l4d2_addonsmanager.smx
L 01/17/2023 - 16:39:14: [SM] Call stack trace:
L 01/17/2023 - 16:39:14: [SM]   [0] SetFailState
L 01/17/2023 - 16:39:14: [SM]   [1] Line 238, E:\DownLoading\beifen\sourcemod-1.11.0-git6826-windows\addons\sourcemod\scripting\l4d2_addonsmanager.sp::LoadSteamIDWhiteList
L 01/17/2023 - 16:39:14: [SM]   [2] Line 27, E:\DownLoading\beifen\sourcemod-1.11.0-git6826-windows\addons\sourcemod\scripting\l4d2_addonsmanager.sp::OnPluginStart
L 01/17/2023 - 16:39:14: [SM] Unable to load plugin "l4d2_addonsmanager.smx": Error detected in plugin startup (see error logs)
L 01/17/2023 - 16:39:22: [SM] Plugin "confogl_autoloader.smx" encountered error 23: Native detected error
L 01/17/2023 - 16:39:22: [SM] Invalid data handle 0 (error 4) passed during timer end with TIMER_DATA_HNDL_CLOSE
L 01/17/2023 - 16:39:22: [SM] Unable to call function "ExecuteConfig" due to above error(s).
L 01/17/2023 - 16:39:22: [SM] Exception reported: Invalid client index 0
L 01/17/2023 - 16:39:22: [SM] Blaming: confoglcompmod.smx
L 01/17/2023 - 16:39:22: [SM] Call stack trace:
L 01/17/2023 - 16:39:22: [SM]   [0] ThrowError
L 01/17/2023 - 16:39:22: [SM]   [1] Line 64, C:\Users\Administrator\Desktop\SPCode.Portable\sourcepawn\configs\sm_1_10_0_6478\include\colors.inc::CPrintToChat
L 01/17/2023 - 16:39:22: [SM]   [2] Line 240, modules/ReqMatch.sp::RM_Cmd_ForceMatch
L 01/17/2023 - 17:41:03: Error log file session closed.
L 01/17/2023 - 17:41:09: SourceMod error session started
L 01/17/2023 - 17:41:09: Info (map "c8m5_rooftop") (file "/root/Steam/steamapps/common/Left 4 Dead 2 Dedicated Server/left4dead2/addons/sourcemod3/logs/errors_20230117.log")
L 01/17/2023 - 17:41:09: [SM] Plugin "confogl_autoloader.smx" encountered error 23: Native detected error
L 01/17/2023 - 17:41:09: [SM] Invalid data handle 0 (error 4) passed during timer end with TIMER_DATA_HNDL_CLOSE
L 01/17/2023 - 17:41:09: [SM] Unable to call function "ExecuteConfig" due to above error(s).
L 01/17/2023 - 17:41:09: [SM] Exception reported: Invalid client index 0
L 01/17/2023 - 17:41:09: [SM] Blaming: confoglcompmod.smx
L 01/17/2023 - 17:41:09: [SM] Call stack trace:
L 01/17/2023 - 17:41:09: [SM]   [0] ThrowError
L 01/17/2023 - 17:41:09: [SM]   [1] Line 64, C:\Users\Administrator\Desktop\SPCode.Portable\sourcepawn\configs\sm_1_10_0_6478\include\colors.inc::CPrintToChat
L 01/17/2023 - 17:41:09: [SM]   [2] Line 240, modules/ReqMatch.sp::RM_Cmd_ForceMatch
L 01/17/2023 - 17:41:40: SourceMod error session started
L 01/17/2023 - 17:41:40: Info (map "c8m5_rooftop") (file "/root/Steam/steamapps/common/Left 4 Dead 2 Dedicated Server/left4dead2/addons/sourcemod3/logs/errors_20230117.log")
L 01/17/2023 - 17:41:40: [SM] Exception reported: Unable to load file: addons/sourcemod/data/steamsforaddons.txt
L 01/17/2023 - 17:41:40: [SM] Blaming: l4d2_addonsmanager.smx
L 01/17/2023 - 17:41:40: [SM] Call stack trace:
L 01/17/2023 - 17:41:40: [SM]   [0] SetFailState
L 01/17/2023 - 17:41:40: [SM]   [1] Line 238, E:\DownLoading\beifen\sourcemod-1.11.0-git6826-windows\addons\sourcemod\scripting\l4d2_addonsmanager.sp::LoadSteamIDWhiteList
L 01/17/2023 - 17:41:40: [SM]   [2] Line 27, E:\DownLoading\beifen\sourcemod-1.11.0-git6826-windows\addons\sourcemod\scripting\l4d2_addonsmanager.sp::OnPluginStart
L 01/17/2023 - 17:41:40: [SM] Unable to load plugin "l4d2_addonsmanager.smx": Error detected in plugin startup (see error logs)
L 01/17/2023 - 17:41:48: [SM] Plugin "confogl_autoloader.smx" encountered error 23: Native detected error
L 01/17/2023 - 17:41:48: [SM] Invalid data handle 0 (error 4) passed during timer end with TIMER_DATA_HNDL_CLOSE
L 01/17/2023 - 17:41:48: [SM] Unable to call function "ExecuteConfig" due to above error(s).
L 01/17/2023 - 17:41:48: [SM] Exception reported: Invalid client index 0
L 01/17/2023 - 17:41:48: [SM] Blaming: confoglcompmod.smx
L 01/17/2023 - 17:41:48: [SM] Call stack trace:
L 01/17/2023 - 17:41:48: [SM]   [0] ThrowError
L 01/17/2023 - 17:41:48: [SM]   [1] Line 64, C:\Users\Administrator\Desktop\SPCode.Portable\sourcepawn\configs\sm_1_10_0_6478\include\colors.inc::CPrintToChat
L 01/17/2023 - 17:41:48: [SM]   [2] Line 240, modules/ReqMatch.sp::RM_Cmd_ForceMatch
L 01/17/2023 - 18:30:02: Error log file session closed.
L 01/17/2023 - 18:30:08: SourceMod error session started
L 01/17/2023 - 18:30:08: Info (map "c8m5_rooftop") (file "/root/Steam/steamapps/common/Left 4 Dead 2 Dedicated Server/left4dead2/addons/sourcemod3/logs/errors_20230117.log")
L 01/17/2023 - 18:30:08: [SM] Plugin "confogl_autoloader.smx" encountered error 23: Native detected error
L 01/17/2023 - 18:30:08: [SM] Invalid data handle 0 (error 4) passed during timer end with TIMER_DATA_HNDL_CLOSE
L 01/17/2023 - 18:30:08: [SM] Unable to call function "ExecuteConfig" due to above error(s).
L 01/17/2023 - 18:30:08: [SM] Exception reported: Invalid client index 0
L 01/17/2023 - 18:30:08: [SM] Blaming: confoglcompmod.smx
L 01/17/2023 - 18:30:08: [SM] Call stack trace:
L 01/17/2023 - 18:30:08: [SM]   [0] ThrowError
L 01/17/2023 - 18:30:08: [SM]   [1] Line 64, C:\Users\Administrator\Desktop\SPCode.Portable\sourcepawn\configs\sm_1_10_0_6478\include\colors.inc::CPrintToChat
L 01/17/2023 - 18:30:08: [SM]   [2] Line 240, modules/ReqMatch.sp::RM_Cmd_ForceMatch
L 01/17/2023 - 18:30:34: SourceMod error session started
L 01/17/2023 - 18:30:34: Info (map "c8m5_rooftop") (file "/root/Steam/steamapps/common/Left 4 Dead 2 Dedicated Server/left4dead2/addons/sourcemod3/logs/errors_20230117.log")
L 01/17/2023 - 18:30:34: [SM] Exception reported: Unable to load file: addons/sourcemod/data/steamsforaddons.txt
L 01/17/2023 - 18:30:34: [SM] Blaming: l4d2_addonsmanager.smx
L 01/17/2023 - 18:30:34: [SM] Call stack trace:
L 01/17/2023 - 18:30:34: [SM]   [0] SetFailState
L 01/17/2023 - 18:30:34: [SM]   [1] Line 238, E:\DownLoading\beifen\sourcemod-1.11.0-git6826-windows\addons\sourcemod\scripting\l4d2_addonsmanager.sp::LoadSteamIDWhiteList
L 01/17/2023 - 18:30:34: [SM]   [2] Line 27, E:\DownLoading\beifen\sourcemod-1.11.0-git6826-windows\addons\sourcemod\scripting\l4d2_addonsmanager.sp::OnPluginStart
L 01/17/2023 - 18:30:34: [SM] Unable to load plugin "l4d2_addonsmanager.smx": Error detected in plugin startup (see error logs)
L 01/17/2023 - 18:30:41: [SM] Plugin "confogl_autoloader.smx" encountered error 23: Native detected error
L 01/17/2023 - 18:30:41: [SM] Invalid data handle 0 (error 4) passed during timer end with TIMER_DATA_HNDL_CLOSE
L 01/17/2023 - 18:30:41: [SM] Unable to call function "ExecuteConfig" due to above error(s).
L 01/17/2023 - 18:30:41: [SM] Exception reported: Invalid client index 0
L 01/17/2023 - 18:30:41: [SM] Blaming: confoglcompmod.smx
L 01/17/2023 - 18:30:41: [SM] Call stack trace:
L 01/17/2023 - 18:30:41: [SM]   [0] ThrowError
L 01/17/2023 - 18:30:41: [SM]   [1] Line 64, C:\Users\Administrator\Desktop\SPCode.Portable\sourcepawn\configs\sm_1_10_0_6478\include\colors.inc::CPrintToChat
L 01/17/2023 - 18:30:41: [SM]   [2] Line 240, modules/ReqMatch.sp::RM_Cmd_ForceMatch
L 01/18/2023 - 20:22:21: Error log file session closed.
