L 01/25/2023 - 15:05:57: SourceMod log file session started (file "/root/Steam/steamapps/common/Left 4 Dead 2 Dedicated Server/left4dead2/addons/sourcemod3/logs/L20230125.log") (Version "1.11.0.6825")
L 01/25/2023 - 15:05:57: [GEOIP] GeoIP2 database loaded: GeoLite2-City (2019-12-17 20:01:26 UTC)
L 01/25/2023 - 15:05:57: [GEOIP] GeoIP2 supported languages: de en es fr ja pt-BR ru zh-CN
L 01/25/2023 - 15:05:57: [GEOIPCITY] GeoIPCity database info: GEO-533LITE 20180327 Build 1 Copyright (c) 2018 MaxMind Inc All Rights Reserved
L 01/25/2023 - 15:06:01: [basecommands.smx] "Console<0><Console><Console>" changed cvar (cvar "sv_minrate") (value "100000")
L 01/25/2023 - 15:06:01: [basecommands.smx] "Console<0><Console><Console>" changed cvar (cvar "sv_maxrate") (value "100000")
L 01/25/2023 - 15:06:01: [basecommands.smx] "Console<0><Console><Console>" changed cvar (cvar "sv_minupdaterate") (value "100")
L 01/25/2023 - 15:06:01: [basecommands.smx] "Console<0><Console><Console>" changed cvar (cvar "sv_maxupdaterate") (value "100")
L 01/25/2023 - 15:06:01: [basecommands.smx] "Console<0><Console><Console>" changed cvar (cvar "sv_mincmdrate") (value "100")
L 01/25/2023 - 15:06:01: [basecommands.smx] "Console<0><Console><Console>" changed cvar (cvar "sv_maxcmdrate") (value "100")
L 01/25/2023 - 15:06:01: [basecommands.smx] "Console<0><Console><Console>" changed cvar (cvar "sv_client_min_interp_ratio") (value "-1")
L 01/25/2023 - 15:06:01: [basecommands.smx] "Console<0><Console><Console>" changed cvar (cvar "sv_client_max_interp_ratio") (value "0")
L 01/25/2023 - 15:06:01: [basecommands.smx] "Console<0><Console><Console>" changed cvar (cvar "nb_update_frequency") (value "0.014")
L 01/25/2023 - 15:06:01: [basecommands.smx] "Console<0><Console><Console>" changed cvar (cvar "net_splitpacket_maxrate") (value "50000")
L 01/25/2023 - 15:06:01: [basecommands.smx] "Console<0><Console><Console>" changed cvar (cvar "fps_max") (value "0")
L 01/25/2023 - 15:06:01: [basecommands.smx] "Console<0><Console><Console>" changed cvar (cvar "sv_allow_wait_command") (value "0")
L 01/25/2023 - 15:06:01: [basecommands.smx] "Console<0><Console><Console>" changed cvar (cvar "tick_door_speed") (value "1.3")
L 01/25/2023 - 15:06:01: [basecommands.smx] "Console<0><Console><Console>" changed cvar (cvar "mp_autoteambalance") (value "0")
L 01/25/2023 - 15:06:01: [basecommands.smx] "Console<0><Console><Console>" changed cvar (cvar "sv_unlag_fixstuck") (value "1")
L 01/25/2023 - 15:06:01: [basecommands.smx] "Console<0><Console><Console>" changed cvar (cvar "z_brawl_chance") (value "0")
L 01/25/2023 - 15:06:01: [basecommands.smx] "Console<0><Console><Console>" changed cvar (cvar "sv_maxunlag") (value "1")
L 01/25/2023 - 15:06:01: [basecommands.smx] "Console<0><Console><Console>" changed cvar (cvar "sv_forcepreload") (value "1")
L 01/25/2023 - 15:06:01: [basecommands.smx] "Console<0><Console><Console>" changed cvar (cvar "sv_client_predict") (value "1")
L 01/25/2023 - 15:06:01: [basecommands.smx] "Console<0><Console><Console>" changed cvar (cvar "sv_client_cmdrate_difference") (value "0")
L 01/25/2023 - 15:06:01: [basecommands.smx] "Console<0><Console><Console>" changed cvar (cvar "sv_max_queries_sec_global") (value "10")
L 01/25/2023 - 15:06:01: [basecommands.smx] "Console<0><Console><Console>" changed cvar (cvar "sv_max_queries_sec") (value "3")
L 01/25/2023 - 15:06:01: [basecommands.smx] "Console<0><Console><Console>" changed cvar (cvar "sv_max_queries_window") (value "10")
L 01/25/2023 - 15:06:01: [basecommands.smx] "Console<0><Console><Console>" changed cvar (cvar "sv_player_stuck_tolerance") (value "5")
L 01/25/2023 - 15:06:01: [basecommands.smx] "Console<0><Console><Console>" changed cvar (cvar "sv_stats") (value "0")
L 01/25/2023 - 15:06:01: [basecommands.smx] "Console<0><Console><Console>" changed cvar (cvar "sv_clockcorrection_msecs") (value "25")
L 01/25/2023 - 15:06:01: [basecommands.smx] "Console<0><Console><Console>" changed cvar (cvar "sb_all_bot_game") (value "1")
L 01/25/2023 - 15:06:01: [basecommands.smx] "Console<0><Console><Console>" changed cvar (cvar "sv_allowupload") (value "0")
L 01/25/2023 - 15:06:01: [basecommands.smx] "Console<0><Console><Console>" changed cvar (cvar "sv_allowdownload") (value "0")
L 01/25/2023 - 15:06:01: [basecommands.smx] "Console<0><Console><Console>" changed cvar (cvar "decalfrequency") (value "1.0")
L 01/25/2023 - 15:06:01: [basecommands.smx] "Console<0><Console><Console>" changed cvar (cvar "mv_maxplayers") (value "12")
L 01/25/2023 - 15:06:01: [basecommands.smx] "Console<0><Console><Console>" changed cvar (cvar "sn_main_name_path") (value "hostname/hostname.txt")
L 01/25/2023 - 15:06:01: [basecommands.smx] "Console<0><Console><Console>" changed cvar (cvar "sn_hostname_format2") (value "{hostname} >> {gamemode} - {difficulty}")
L 01/25/2023 - 15:06:01: [basecommands.smx] "Console<0><Console><Console>" changed cvar (cvar "sn_hostname_format3") (value "{hostname} >>")
L 01/25/2023 - 16:45:35: SourceMod log file session started (file "/root/Steam/steamapps/common/Left 4 Dead 2 Dedicated Server/left4dead2/addons/sourcemod3/logs/L20230125.log") (Version "1.11.0.6825")
L 01/25/2023 - 16:45:35: [GEOIP] GeoIP2 database loaded: GeoLite2-City (2019-12-17 20:01:26 UTC)
L 01/25/2023 - 16:45:35: [GEOIP] GeoIP2 supported languages: de en es fr ja pt-BR ru zh-CN
L 01/25/2023 - 16:45:35: [GEOIPCITY] GeoIPCity database info: GEO-533LITE 20180327 Build 1 Copyright (c) 2018 MaxMind Inc All Rights Reserved
L 01/25/2023 - 16:45:39: [basecommands.smx] "Console<0><Console><Console>" changed cvar (cvar "sv_minrate") (value "100000")
L 01/25/2023 - 16:45:39: [basecommands.smx] "Console<0><Console><Console>" changed cvar (cvar "sv_maxrate") (value "100000")
L 01/25/2023 - 16:45:39: [basecommands.smx] "Console<0><Console><Console>" changed cvar (cvar "sv_minupdaterate") (value "100")
L 01/25/2023 - 16:45:39: [basecommands.smx] "Console<0><Console><Console>" changed cvar (cvar "sv_maxupdaterate") (value "100")
L 01/25/2023 - 16:45:39: [basecommands.smx] "Console<0><Console><Console>" changed cvar (cvar "sv_mincmdrate") (value "100")
L 01/25/2023 - 16:45:39: [basecommands.smx] "Console<0><Console><Console>" changed cvar (cvar "sv_maxcmdrate") (value "100")
L 01/25/2023 - 16:45:39: [basecommands.smx] "Console<0><Console><Console>" changed cvar (cvar "sv_client_min_interp_ratio") (value "-1")
L 01/25/2023 - 16:45:39: [basecommands.smx] "Console<0><Console><Console>" changed cvar (cvar "sv_client_max_interp_ratio") (value "0")
L 01/25/2023 - 16:45:39: [basecommands.smx] "Console<0><Console><Console>" changed cvar (cvar "nb_update_frequency") (value "0.014")
L 01/25/2023 - 16:45:39: [basecommands.smx] "Console<0><Console><Console>" changed cvar (cvar "net_splitpacket_maxrate") (value "50000")
L 01/25/2023 - 16:45:39: [basecommands.smx] "Console<0><Console><Console>" changed cvar (cvar "fps_max") (value "0")
L 01/25/2023 - 16:45:39: [basecommands.smx] "Console<0><Console><Console>" changed cvar (cvar "sv_allow_wait_command") (value "0")
L 01/25/2023 - 16:45:39: [basecommands.smx] "Console<0><Console><Console>" changed cvar (cvar "tick_door_speed") (value "1.3")
L 01/25/2023 - 16:45:39: [basecommands.smx] "Console<0><Console><Console>" changed cvar (cvar "mp_autoteambalance") (value "0")
L 01/25/2023 - 16:45:39: [basecommands.smx] "Console<0><Console><Console>" changed cvar (cvar "sv_unlag_fixstuck") (value "1")
L 01/25/2023 - 16:45:39: [basecommands.smx] "Console<0><Console><Console>" changed cvar (cvar "z_brawl_chance") (value "0")
L 01/25/2023 - 16:45:39: [basecommands.smx] "Console<0><Console><Console>" changed cvar (cvar "sv_maxunlag") (value "1")
L 01/25/2023 - 16:45:39: [basecommands.smx] "Console<0><Console><Console>" changed cvar (cvar "sv_forcepreload") (value "1")
L 01/25/2023 - 16:45:39: [basecommands.smx] "Console<0><Console><Console>" changed cvar (cvar "sv_client_predict") (value "1")
L 01/25/2023 - 16:45:39: [basecommands.smx] "Console<0><Console><Console>" changed cvar (cvar "sv_client_cmdrate_difference") (value "0")
L 01/25/2023 - 16:45:39: [basecommands.smx] "Console<0><Console><Console>" changed cvar (cvar "sv_max_queries_sec_global") (value "10")
L 01/25/2023 - 16:45:39: [basecommands.smx] "Console<0><Console><Console>" changed cvar (cvar "sv_max_queries_sec") (value "3")
L 01/25/2023 - 16:45:39: [basecommands.smx] "Console<0><Console><Console>" changed cvar (cvar "sv_max_queries_window") (value "10")
L 01/25/2023 - 16:45:39: [basecommands.smx] "Console<0><Console><Console>" changed cvar (cvar "sv_player_stuck_tolerance") (value "5")
L 01/25/2023 - 16:45:39: [basecommands.smx] "Console<0><Console><Console>" changed cvar (cvar "sv_stats") (value "0")
L 01/25/2023 - 16:45:39: [basecommands.smx] "Console<0><Console><Console>" changed cvar (cvar "sv_clockcorrection_msecs") (value "25")
L 01/25/2023 - 16:45:39: [basecommands.smx] "Console<0><Console><Console>" changed cvar (cvar "sb_all_bot_game") (value "1")
L 01/25/2023 - 16:45:39: [basecommands.smx] "Console<0><Console><Console>" changed cvar (cvar "sv_allowupload") (value "0")
L 01/25/2023 - 16:45:39: [basecommands.smx] "Console<0><Console><Console>" changed cvar (cvar "sv_allowdownload") (value "0")
L 01/25/2023 - 16:45:39: [basecommands.smx] "Console<0><Console><Console>" changed cvar (cvar "decalfrequency") (value "1.0")
L 01/25/2023 - 16:45:39: [basecommands.smx] "Console<0><Console><Console>" changed cvar (cvar "mv_maxplayers") (value "12")
L 01/25/2023 - 16:45:39: [basecommands.smx] "Console<0><Console><Console>" changed cvar (cvar "sn_main_name_path") (value "hostname/hostname.txt")
L 01/25/2023 - 16:45:39: [basecommands.smx] "Console<0><Console><Console>" changed cvar (cvar "sn_hostname_format2") (value "{hostname} >> {gamemode} - {difficulty}")
L 01/25/2023 - 16:45:39: [basecommands.smx] "Console<0><Console><Console>" changed cvar (cvar "sn_hostname_format3") (value "{hostname} >>")
L 01/25/2023 - 16:48:50: SourceMod log file session started (file "/root/Steam/steamapps/common/Left 4 Dead 2 Dedicated Server/left4dead2/addons/sourcemod3/logs/L20230125.log") (Version "1.11.0.6825")
L 01/25/2023 - 16:48:50: [GEOIP] GeoIP2 database loaded: GeoLite2-City (2019-12-17 20:01:26 UTC)
L 01/25/2023 - 16:48:50: [GEOIP] GeoIP2 supported languages: de en es fr ja pt-BR ru zh-CN
L 01/25/2023 - 16:48:50: [GEOIPCITY] GeoIPCity database info: GEO-533LITE 20180327 Build 1 Copyright (c) 2018 MaxMind Inc All Rights Reserved
L 01/25/2023 - 16:48:54: [basecommands.smx] "Console<0><Console><Console>" changed cvar (cvar "sv_minrate") (value "100000")
L 01/25/2023 - 16:48:54: [basecommands.smx] "Console<0><Console><Console>" changed cvar (cvar "sv_maxrate") (value "100000")
L 01/25/2023 - 16:48:54: [basecommands.smx] "Console<0><Console><Console>" changed cvar (cvar "sv_minupdaterate") (value "100")
L 01/25/2023 - 16:48:54: [basecommands.smx] "Console<0><Console><Console>" changed cvar (cvar "sv_maxupdaterate") (value "100")
L 01/25/2023 - 16:48:54: [basecommands.smx] "Console<0><Console><Console>" changed cvar (cvar "sv_mincmdrate") (value "100")
L 01/25/2023 - 16:48:54: [basecommands.smx] "Console<0><Console><Console>" changed cvar (cvar "sv_maxcmdrate") (value "100")
L 01/25/2023 - 16:48:54: [basecommands.smx] "Console<0><Console><Console>" changed cvar (cvar "sv_client_min_interp_ratio") (value "-1")
L 01/25/2023 - 16:48:54: [basecommands.smx] "Console<0><Console><Console>" changed cvar (cvar "sv_client_max_interp_ratio") (value "0")
L 01/25/2023 - 16:48:54: [basecommands.smx] "Console<0><Console><Console>" changed cvar (cvar "nb_update_frequency") (value "0.014")
L 01/25/2023 - 16:48:54: [basecommands.smx] "Console<0><Console><Console>" changed cvar (cvar "net_splitpacket_maxrate") (value "50000")
L 01/25/2023 - 16:48:54: [basecommands.smx] "Console<0><Console><Console>" changed cvar (cvar "fps_max") (value "0")
L 01/25/2023 - 16:48:54: [basecommands.smx] "Console<0><Console><Console>" changed cvar (cvar "sv_allow_wait_command") (value "0")
L 01/25/2023 - 16:48:54: [basecommands.smx] "Console<0><Console><Console>" changed cvar (cvar "tick_door_speed") (value "1.3")
L 01/25/2023 - 16:48:54: [basecommands.smx] "Console<0><Console><Console>" changed cvar (cvar "mp_autoteambalance") (value "0")
L 01/25/2023 - 16:48:54: [basecommands.smx] "Console<0><Console><Console>" changed cvar (cvar "sv_unlag_fixstuck") (value "1")
L 01/25/2023 - 16:48:54: [basecommands.smx] "Console<0><Console><Console>" changed cvar (cvar "z_brawl_chance") (value "0")
L 01/25/2023 - 16:48:54: [basecommands.smx] "Console<0><Console><Console>" changed cvar (cvar "sv_maxunlag") (value "1")
L 01/25/2023 - 16:48:54: [basecommands.smx] "Console<0><Console><Console>" changed cvar (cvar "sv_forcepreload") (value "1")
L 01/25/2023 - 16:48:54: [basecommands.smx] "Console<0><Console><Console>" changed cvar (cvar "sv_client_predict") (value "1")
L 01/25/2023 - 16:48:54: [basecommands.smx] "Console<0><Console><Console>" changed cvar (cvar "sv_client_cmdrate_difference") (value "0")
L 01/25/2023 - 16:48:54: [basecommands.smx] "Console<0><Console><Console>" changed cvar (cvar "sv_max_queries_sec_global") (value "10")
L 01/25/2023 - 16:48:54: [basecommands.smx] "Console<0><Console><Console>" changed cvar (cvar "sv_max_queries_sec") (value "3")
L 01/25/2023 - 16:48:54: [basecommands.smx] "Console<0><Console><Console>" changed cvar (cvar "sv_max_queries_window") (value "10")
L 01/25/2023 - 16:48:54: [basecommands.smx] "Console<0><Console><Console>" changed cvar (cvar "sv_player_stuck_tolerance") (value "5")
L 01/25/2023 - 16:48:54: [basecommands.smx] "Console<0><Console><Console>" changed cvar (cvar "sv_stats") (value "0")
L 01/25/2023 - 16:48:54: [basecommands.smx] "Console<0><Console><Console>" changed cvar (cvar "sv_clockcorrection_msecs") (value "25")
L 01/25/2023 - 16:48:54: [basecommands.smx] "Console<0><Console><Console>" changed cvar (cvar "sb_all_bot_game") (value "1")
L 01/25/2023 - 16:48:54: [basecommands.smx] "Console<0><Console><Console>" changed cvar (cvar "sv_allowupload") (value "0")
L 01/25/2023 - 16:48:54: [basecommands.smx] "Console<0><Console><Console>" changed cvar (cvar "sv_allowdownload") (value "0")
L 01/25/2023 - 16:48:54: [basecommands.smx] "Console<0><Console><Console>" changed cvar (cvar "decalfrequency") (value "1.0")
L 01/25/2023 - 16:48:54: [basecommands.smx] "Console<0><Console><Console>" changed cvar (cvar "mv_maxplayers") (value "12")
L 01/25/2023 - 16:48:54: [basecommands.smx] "Console<0><Console><Console>" changed cvar (cvar "sn_main_name_path") (value "hostname/hostname.txt")
L 01/25/2023 - 16:48:54: [basecommands.smx] "Console<0><Console><Console>" changed cvar (cvar "sn_hostname_format2") (value "{hostname} >> {gamemode} - {difficulty}")
L 01/25/2023 - 16:48:54: [basecommands.smx] "Console<0><Console><Console>" changed cvar (cvar "sn_hostname_format3") (value "{hostname} >>")
L 01/26/2023 - 05:58:17: Log file closed.
