--=================================================================--
[03/11/2022 11:43:57] --- NEW MAP STARTED: c8m5_rooftop ---
--=================================================================--
--=================================================================--
[03/11/2022 11:44:17] --- NEW MAP STARTED: c8m5_rooftop ---
--=================================================================--
[11:44:51] [CN] 23℃                               has joined (STEAM_1:0:246466989 | 61.162.51.201)
[11:45:35] [CN] [Survivor   ] 23℃                               : !vote
[11:45:49] [CN] [Survivor   ] 23℃                               : !vote
[11:46:04] [CN] [Survivor   ] 23℃                               : !match
--=================================================================--
[03/11/2022 11:46:33] --- NEW MAP STARTED: c8m5_rooftop ---
--=================================================================--
--=================================================================--
[03/11/2022 11:56:02] --- NEW MAP STARTED: c8m5_rooftop ---
--=================================================================--
[11:56:26] [CN] 23℃                               has joined (STEAM_1:0:246466989 | 61.162.51.201)
[11:57:05] [CN] [Survivor   ] 23℃                               : !match
--=================================================================--
[03/11/2022 11:57:33] --- NEW MAP STARTED: c8m5_rooftop ---
--=================================================================--
[11:58:00] [CN] 23℃                               has joined (STEAM_1:0:246466989 | 61.162.51.201)
[11:58:11] [CN] [Survivor   ] 23℃                               : !map
--=================================================================--
[03/11/2022 11:58:18] --- NEW MAP STARTED: c2m1_highway ---
--=================================================================--
[11:58:29] [CN] 23℃                               has joined (STEAM_1:0:246466989 | 61.162.51.201)
[11:58:48] [CN] [Survivor   ] 23℃                               : !match
--=================================================================--
[03/11/2022 11:59:12] --- NEW MAP STARTED: c8m5_rooftop ---
--=================================================================--
--=================================================================--
[03/11/2022 12:02:04] --- NEW MAP STARTED: c8m5_rooftop ---
--=================================================================--
[12:02:25] [CN] 23℃                               has joined (STEAM_1:0:246466989 | 61.162.51.201)
[12:03:37] [CN] [Survivor   ] 23℃                               : !matchn
[12:03:41] [CN] [Survivor   ] 23℃                               : !match
--=================================================================--
[03/11/2022 12:04:03] --- NEW MAP STARTED: c8m5_rooftop ---
--=================================================================--
[12:04:11] [CN] 23℃                               has joined (STEAM_1:0:246466989 | 61.162.51.201)
[12:04:29] [CN] [Survivor   ] 23℃                               : !match
--=================================================================--
[03/11/2022 12:04:54] --- NEW MAP STARTED: c8m5_rooftop ---
--=================================================================--
[12:05:00] [CN] 23℃                               has joined (STEAM_1:0:246466989 | 61.162.51.201)
[12:05:09] [CN] [Survivor   ] 23℃                               : !match
--=================================================================--
[03/11/2022 12:05:29] --- NEW MAP STARTED: c8m5_rooftop ---
--=================================================================--
[12:07:42] [CN] 复健老年人                     has joined (STEAM_1:1:577251180 | 27.189.35.49)
--=================================================================--
[03/11/2022 12:09:38] --- NEW MAP STARTED: c8m5_rooftop ---
--=================================================================--
[12:10:49] [CN] 复健老年人                     has joined (STEAM_1:1:577251180 | 27.189.35.49)
[12:11:05] [CN] [Survivor   ] 复健老年人                     : !rmatch
--=================================================================--
[03/11/2022 12:12:03] --- NEW MAP STARTED: c8m5_rooftop ---
--=================================================================--
--=================================================================--
[03/11/2022 12:13:23] --- NEW MAP STARTED: c8m5_rooftop ---
--=================================================================--
[12:13:44] [CN] 23℃                               has joined (STEAM_1:0:246466989 | 61.162.51.201)
[12:13:55] [CN] [Survivor   ] 23℃                               : !vote
[12:14:07] [CN] [Survivor   ] 23℃                               : !match
--=================================================================--
[03/11/2022 12:14:31] --- NEW MAP STARTED: c8m5_rooftop ---
--=================================================================--
--=================================================================--
[03/11/2022 12:15:49] --- NEW MAP STARTED: c8m5_rooftop ---
--=================================================================--
[12:16:57] [CN] 23℃                               has joined (STEAM_1:0:246466989 | 61.162.51.201)
[12:17:11] [CN] [Survivor   ] 23℃                               : !match
--=================================================================--
[03/11/2022 12:17:34] --- NEW MAP STARTED: c8m5_rooftop ---
--=================================================================--
--=================================================================--
[03/11/2022 12:18:56] --- NEW MAP STARTED: c8m5_rooftop ---
--=================================================================--
--=================================================================--
[03/11/2022 13:17:43] --- NEW MAP STARTED: c8m5_rooftop ---
--=================================================================--
[13:18:06] [CN] 23℃                               has joined (STEAM_1:0:246466989 | 61.162.51.201)
[13:18:16] [CN] [Survivor   ] 23℃                               : !match
--=================================================================--
[03/11/2022 13:18:18] --- NEW MAP STARTED: c8m5_rooftop ---
--=================================================================--
--=================================================================--
[03/11/2022 13:18:22] --- NEW MAP STARTED: c8m5_rooftop ---
--=================================================================--
[13:18:28] [CN] 23℃                               has joined (STEAM_1:0:246466989 | 61.162.51.201)
[13:18:38] [CN] [Survivor   ] 23℃                               : !rmatch
--=================================================================--
[03/11/2022 13:18:39] --- NEW MAP STARTED: c8m5_rooftop ---
--=================================================================--
[13:18:46] [CN] [Survivor   ] 23℃                               : !match
--=================================================================--
[03/11/2022 13:18:50] --- NEW MAP STARTED: c8m5_rooftop ---
--=================================================================--
--=================================================================--
[03/11/2022 13:18:55] --- NEW MAP STARTED: c8m5_rooftop ---
--=================================================================--
[13:19:01] [CN] 23℃                               has joined (STEAM_1:0:246466989 | 61.162.51.201)
[13:19:29] [CN] [Survivor   ] 23℃                               : !mode
[13:19:54] [CN] [Survivor   ] 23℃                               : !voteboss
[13:20:00] [CN] [Survivor   ] 23℃                               : !votebosses
[13:20:10] [CN] [Survivor   ] 23℃                               : !vote
[13:24:49] [CN] [Survivor   ] 23℃                               : !timer 1 1.1
[13:26:19] [CN] [Survivor   ] 23℃                               : !type boomer
[13:27:42] [CN] [Survivor   ] 23℃                               : !type jockey
--=================================================================--
[03/11/2022 13:29:33] --- NEW MAP STARTED: c8m5_rooftop ---
--=================================================================--
[13:34:16] [CN] 23℃                               has joined (STEAM_1:0:246466989 | 61.162.51.201)
--=================================================================--
[03/11/2022 13:35:16] --- NEW MAP STARTED: c8m5_rooftop ---
--=================================================================--
[13:35:35] [CN] 23℃                               has joined (STEAM_1:0:246466989 | 61.162.51.201)
[13:36:08] [CN] [Survivor   ] 23℃                               : !match
--=================================================================--
[03/11/2022 13:36:13] --- NEW MAP STARTED: c8m5_rooftop ---
--=================================================================--
--=================================================================--
[03/11/2022 13:36:17] --- NEW MAP STARTED: c8m5_rooftop ---
--=================================================================--
[13:36:24] [CN] 23℃                               has joined (STEAM_1:0:246466989 | 61.162.51.201)
[13:38:36] [CN] [Infected   ] 23℃                               : !rtank
--=================================================================--
[03/11/2022 13:42:29] --- NEW MAP STARTED: c8m5_rooftop ---
--=================================================================--
--=================================================================--
[03/11/2022 13:44:21] --- NEW MAP STARTED: c8m5_rooftop ---
--=================================================================--
--=================================================================--
[03/11/2022 18:02:30] --- NEW MAP STARTED: c8m5_rooftop ---
--=================================================================--
[18:03:07] [CN] 23℃                               has joined (STEAM_1:0:246466989 | 61.179.137.26)
[18:03:24] [CN] [Survivor   ] 23℃                               : !match
--=================================================================--
[03/11/2022 18:03:28] --- NEW MAP STARTED: c8m5_rooftop ---
--=================================================================--
--=================================================================--
[03/11/2022 18:03:32] --- NEW MAP STARTED: c8m5_rooftop ---
--=================================================================--
[18:03:39] [CN] 23℃                               has joined (STEAM_1:0:246466989 | 61.179.137.26)
[18:04:07] [CN] [Infected   ] 23℃                               : !rtank
[18:05:18] [CN] [Infected   ] 23℃                               : !rmatch
[18:05:25] [CN] [Infected   ] 23℃                               : !match
[18:05:28] [CN] [Infected   ] 23℃                               : !hide
[18:05:34] [CN] [Infected   ] 23℃                               : !tankhud
--=================================================================--
[03/11/2022 18:06:04] --- NEW MAP STARTED: c8m5_rooftop ---
--=================================================================--
[18:06:13] [CN] 23℃                               has joined (STEAM_1:0:246466989 | 61.179.137.26)
[18:06:21] [CN] [Survivor   ] 23℃                               : !match
[18:06:28] [CN] [Survivor   ] 23℃                               : !match
--=================================================================--
[03/11/2022 18:06:31] --- NEW MAP STARTED: c8m5_rooftop ---
--=================================================================--
--=================================================================--
[03/11/2022 18:06:36] --- NEW MAP STARTED: c8m5_rooftop ---
--=================================================================--
[18:06:42] [CN] 23℃                               has joined (STEAM_1:0:246466989 | 61.179.137.26)
[18:10:00] [CN] [Survivor   ] 23℃                               : !rmatch
--=================================================================--
[03/11/2022 18:10:01] --- NEW MAP STARTED: c8m5_rooftop ---
--=================================================================--
[18:10:02] [CN] [Survivor   ] 23℃                               : !match
--=================================================================--
[03/11/2022 18:10:06] --- NEW MAP STARTED: c8m5_rooftop ---
--=================================================================--
--=================================================================--
[03/11/2022 18:10:11] --- NEW MAP STARTED: c8m5_rooftop ---
--=================================================================--
[18:10:17] [CN] 23℃                               has joined (STEAM_1:0:246466989 | 61.179.137.26)
--=================================================================--
[03/11/2022 18:12:46] --- NEW MAP STARTED: c4m1_milltown_a ---
--=================================================================--
[18:12:54] [CN] 23℃                               has joined (STEAM_1:0:246466989 | 61.179.137.26)
[18:13:32] [CN] [Survivor   ] 23℃                               : !rmatch
--=================================================================--
[03/11/2022 18:13:33] --- NEW MAP STARTED: c4m1_milltown_a ---
--=================================================================--
[18:13:34] [CN] [Survivor   ] 23℃                               : !match
--=================================================================--
[03/11/2022 18:13:37] --- NEW MAP STARTED: c4m1_milltown_a ---
--=================================================================--
--=================================================================--
[03/11/2022 18:13:42] --- NEW MAP STARTED: c4m1_milltown_a ---
--=================================================================--
[18:13:49] [CN] 23℃                               has joined (STEAM_1:0:246466989 | 61.179.137.26)
[18:14:27] [CN] [Survivor   ] 23℃                               : !map
[18:14:29] [CN] [Survivor   ] 23℃                               : !hide
[18:14:33] [CN] [Survivor   ] 23℃                               : !map
--=================================================================--
[03/11/2022 18:14:43] --- NEW MAP STARTED: cedafever_m3 ---
--=================================================================--
[18:14:51] [CN] 23℃                               has joined (STEAM_1:0:246466989 | 61.179.137.26)
--=================================================================--
[03/11/2022 18:16:42] --- NEW MAP STARTED: c8m5_rooftop ---
--=================================================================--
[18:20:52] [CN] 23℃                               has joined (STEAM_1:0:246466989 | 61.179.137.26)
[18:21:33] [CN] [Survivor   ] 23℃                               : !match
--=================================================================--
[03/11/2022 18:21:57] --- NEW MAP STARTED: c8m5_rooftop ---
--=================================================================--
--=================================================================--
[03/11/2022 18:22:30] --- NEW MAP STARTED: c8m5_rooftop ---
--=================================================================--
[21:04:18] [CN] 23℃                               has joined (STEAM_1:0:246466989 | 61.179.137.26)
[21:05:23] [CN] 玖肆                              has joined (STEAM_1:1:556583097 | 183.152.45.254)
[21:06:12] [CN] [Survivor   ] 23℃                               : Player 玖肆 <STEAM_1:1:556583097> connected from country China (CN), IP 183.152.45.254
[21:06:31] [CN] [Survivor   ] 23℃                               : !!match
[21:06:35] [CN] [Survivor   ] 23℃                               : !match
[21:06:37] [CN] 27065942183                         has joined (STEAM_1:1:501867733 | 117.159.10.60)
--=================================================================--
[03/11/2022 21:06:46] --- NEW MAP STARTED: c8m5_rooftop ---
--=================================================================--
--=================================================================--
[03/11/2022 21:06:51] --- NEW MAP STARTED: c8m5_rooftop ---
--=================================================================--
[21:06:57] [CN] 23℃                               has joined (STEAM_1:0:246466989 | 61.179.137.26)
[21:07:01] [CN] 27065942183                         has joined (STEAM_1:1:501867733 | 117.159.10.60)
[21:07:06] [CN] 玖肆                              has joined (STEAM_1:1:556583097 | 183.152.45.254)
[21:07:14] [CN] [Infected   ] 23℃                               : lerp
[21:07:28] [CN] [Infected   ] 23℃                               : 等我改个图
[21:07:31] [CN] [Infected   ] 23℃                               : !map
--=================================================================--
[03/11/2022 21:07:43] --- NEW MAP STARTED: c2m1_highway ---
--=================================================================--
[21:07:54] [CN] 23℃                               has joined (STEAM_1:0:246466989 | 61.179.137.26)
[21:08:03] [CN] 27065942183                         has joined (STEAM_1:1:501867733 | 117.159.10.60)
[21:08:05] [CN] 玖肆                              has joined (STEAM_1:1:556583097 | 183.152.45.254)
[21:08:19] [CN] [Survivor   ] 23℃                               : !hide
[21:08:21] [CN] 花肆                              has joined (STEAM_1:1:576643772 | 36.22.18.82)
[21:08:22] [CN] [Survivor   ] 23℃                               : !mode
[21:08:32] [CN] [Survivor   ] 23℃                               : !vote
[21:09:23] [CN] [Survivor   ] 23℃                               : /!mode
[21:09:26] [CN] [Survivor   ] 23℃                               : !mode
[21:09:28] [CN] [Survivor   ] 27065942183                         : 加密通话.....
[21:09:57] [CN] [Infected   ] 花肆                              : /current
[21:09:58] [CN] [Infected   ] 花肆                              : /current
[21:09:59] [CN] [Infected   ] 花肆                              : /current
[21:10:19] [CN] [Infected   ] 花肆                              : 俩个舌头？
[21:11:03] [CN] [Survivor   ] 23℃                               : ka
[21:13:25] [CN] [Survivor   ] 23℃                               : ！
[21:13:42] [CN] [Survivor   ] 23℃                               : ！rtank可以自己生成tank
[21:13:51] [CN] [Infected   ] ❀5                                : !rtank
[21:14:02] [CN] [Infected   ] 花肆                              : !rtank
[21:15:06] [CN] [Infected   ] ❀5                                : (TEAM) !rtank
[21:15:10] [CN] [Survivor   ] 23℃                               : 你们卡吗
[21:15:27] [CN] [Survivor   ] 23℃                               : 我走不动路
[21:16:16] [CN] [Survivor   ] 23℃                               : 就先测试到这里吧
[21:16:23] [CN] [Survivor   ] 23℃                               : 给克还给不了
[21:16:24] [CN] [Infected   ] ❀5                                : !rtank
[21:19:13] [CN] [Survivor   ] ❀5                                : !rtank
[21:19:22] [CN] [Survivor   ] ❀5                                : (TEAM) !rtank
[21:19:43] [CN] 玻萝莉枝                        has joined (STEAM_1:1:639972766 | 223.72.47.202)
[21:22:01] [CN] [Infected   ] 23℃                               : !tankhud
[21:22:13] [CN] [Survivor   ] ❀5                                : !rtank
[21:22:16] [CN] [Infected   ] 23℃                               : !ramtch
[21:22:23] [CN] [Infected   ] 23℃                               : !rmatch
[21:22:28] [CN] [Infected   ] 23℃                               : !match
[21:22:35] [CN] [Survivor   ] ❀5                                : (TEAM) !rtank
--=================================================================--
[03/11/2022 21:22:42] --- NEW MAP STARTED: c2m1_highway ---
--=================================================================--
--=================================================================--
[03/11/2022 21:22:48] --- NEW MAP STARTED: c2m1_highway ---
--=================================================================--
[21:22:57] [CN] 23℃                               has joined (STEAM_1:0:246466989 | 61.179.137.26)
[21:22:58] [CN] 玻萝莉枝                        has joined (STEAM_1:1:639972766 | 223.72.47.202)
[21:23:05] [CN] 27065942183                         has joined (STEAM_1:1:501867733 | 117.159.10.60)
[21:23:06] [CN] [Survivor   ] 23℃                               : !hide
[21:23:07] [CN] 玖肆                              has joined (STEAM_1:1:556583097 | 183.152.45.254)
[21:23:08] [CN] [Survivor   ] 23℃                               : !vote
[21:23:18] [CN] [Survivor   ] 23℃                               : !mode
[21:23:22] [CN] [Survivor   ] 23℃                               : !mode
[21:23:53] [CN] [Survivor   ] 23℃                               : !mode
[21:24:33] [CN] DJ Charger                          has joined (STEAM_1:0:531722935 | 36.157.140.123)
[21:25:09] [CN] [Spectator  ] DJ Charger                          : 有人喷麦
[21:25:13] [CN] [Spectator  ] DJ Charger                          : 我不说是谁
[21:28:50] [CN] [Survivor   ] 23℃                               : !S
--=================================================================--
[03/11/2022 21:29:46] --- NEW MAP STARTED: c8m5_rooftop ---
--=================================================================--
