--=================================================================--
[11/11/2022 19:14:47] --- NEW MAP STARTED: c8m5_rooftop ---
--=================================================================--
--=================================================================--
[11/11/2022 19:14:52] --- NEW MAP STARTED: c8m5_rooftop ---
--=================================================================--
[19:14:58] [CN] Hitori Gotoh                        has joined (STEAM_1:0:246466989 | 112.6.193.6)
[19:15:27] [CN] [Survivor   ] Hitori Gotoh                        : !mode
[19:15:37] [CN] [Survivor   ] Hitori Gotoh                        : !map c2m1
--=================================================================--
[11/11/2022 19:15:42] --- NEW MAP STARTED: c2m1_highway ---
--=================================================================--
[19:15:52] [CN] Hitori Gotoh                        has joined (STEAM_1:0:246466989 | 112.6.193.6)
[19:16:07] [CN] [Survivor   ] Hitori Gotoh                        : !limit hunter 1
[19:16:26] [CN] [Survivor   ] Hitori Gotoh                        : !pause
[19:16:37] [CN] [Survivor   ] Hitori Gotoh                        : !ready
[19:26:26] [CN] [Survivor   ] Hitori Gotoh                        : !limit 2
[19:26:33] [CN] [Survivor   ] Hitori Gotoh                        : !limit hunter 2
[19:29:06] [CN] [Survivor   ] Hitori Gotoh                        : !map c8m5
--=================================================================--
[11/11/2022 19:29:10] --- NEW MAP STARTED: c8m5_rooftop ---
--=================================================================--
[19:29:17] [CN] Hitori Gotoh                        has joined (STEAM_1:0:246466989 | 112.6.193.6)
--=================================================================--
[11/11/2022 19:48:22] --- NEW MAP STARTED: c8m5_rooftop ---
--=================================================================--
[22:05:35] [CN] 伊比利亚的海风               has joined (STEAM_1:1:476623145 | 112.49.3.160)
--=================================================================--
[11/11/2022 22:07:00] --- NEW MAP STARTED: c8m5_rooftop ---
--=================================================================--
[22:10:09] [CN] The Young Man                       has joined (STEAM_1:1:610753022 | 110.248.4.162)
[22:11:00] [CN] [Survivor   ] The Young Man                       : ！
[22:15:53] [CN] [Survivor   ] The Young Man                       : ！match
[22:16:39] [CN] [Survivor   ] The Young Man                       : ysaw
[22:17:43] [CN] [Survivor   ] The Young Man                       : /match
--=================================================================--
[11/11/2022 22:17:54] --- NEW MAP STARTED: c8m5_rooftop ---
--=================================================================--
--=================================================================--
[11/11/2022 22:17:58] --- NEW MAP STARTED: c8m5_rooftop ---
--=================================================================--
[22:18:08] [CN] The Young Man                       has joined (STEAM_1:1:610753022 | 110.248.4.162)
--=================================================================--
[11/11/2022 22:18:39] --- NEW MAP STARTED: c8m5_rooftop ---
--=================================================================--
