--=================================================================--
[25/01/2023 14:56:15] --- NEW MAP STARTED: c2m1_highway ---
--=================================================================--
--=================================================================--
[25/01/2023 15:05:52] --- NEW MAP STARTED: c2m1_highway ---
--=================================================================--
[15:10:24] [CN] 予感                              has joined (STEAM_1:0:246466989 | 223.149.22.1)
[15:10:53] [CN] [Survivor   ] 予感                              : !server
[15:10:58] [CN] [Survivor   ] 予感                              : !hop
[15:11:27] [CN] [Survivor   ] 予感                              : !mix
[15:13:02] [CN] [Survivor   ] 予感                              : 服务器跳转Server Hop
[15:13:49] [CN] [Survivor   ] 予感                              : !servers
[15:13:52] [CN] [Survivor   ] 予感                              : !hop
--=================================================================--
[25/01/2023 15:16:27] --- NEW MAP STARTED: c2m1_highway ---
--=================================================================--
--=================================================================--
[25/01/2023 16:42:51] --- NEW MAP STARTED: c2m1_highway ---
--=================================================================--
--=================================================================--
[25/01/2023 16:48:48] --- NEW MAP STARTED: c2m1_highway ---
--=================================================================--
[16:52:25] [CN] 予感                              has joined (STEAM_1:0:246466989 | 223.149.22.1)
[16:52:36] [CN] [Infected   ] 予感                              : /hop
[16:52:42] [CN] [Infected   ] 予感                              : /server
[16:52:47] [CN] [Infected   ] 予感                              : /servers
[16:52:53] [CN] [Infected   ] 予感                              : /servers
[16:53:28] [CN] [Infected   ] 予感                              : /hop
[16:53:49] [CN] [Infected   ] 予感                              : /hop
[16:54:14] [CN] [Infected   ] 予感                              : !servers
[16:54:47] [CN] [Infected   ] 予感                              : /hop
[16:55:22] [CN] [Infected   ] 予感                              : !servers
[16:56:22] [CN] [Infected   ] 予感                              : /hop
[16:59:54] [CN] [Infected   ] 予感                              : /jg
--=================================================================--
[25/01/2023 17:00:32] --- NEW MAP STARTED: c2m1_highway ---
--=================================================================--
[17:23:34] [CN] 予感                              has joined (STEAM_1:0:246466989 | 223.149.22.1)
[17:23:47] [CN] [Survivor   ] 予感                              : /hop
[17:24:00] [CN] [Survivor   ] 予感                              : /hop
[17:24:28] [CN] [Survivor   ] 予感                              : /match
--=================================================================--
[25/01/2023 17:27:11] --- NEW MAP STARTED: c2m1_highway ---
--=================================================================--
--=================================================================--
[25/01/2023 17:37:14] --- NEW MAP STARTED: c2m1_highway ---
--=================================================================--
[17:38:00] [CN] 予感                              has joined (STEAM_1:0:246466989 | 223.149.22.1)
[17:38:18] [CN] [Survivor   ] 予感                              : /hop
--=================================================================--
[25/01/2023 17:46:06] --- NEW MAP STARTED: c2m1_highway ---
--=================================================================--
[21:51:56] [CN] emileseb5                           has joined (STEAM_1:0:632143659 | 220.177.113.162)
[21:52:06] [CN] [Infected   ] emileseb5                           : !jg
[21:52:17] [CN] [Infected   ] emileseb5                           : !match
--=================================================================--
[25/01/2023 22:16:51] --- NEW MAP STARTED: c2m1_highway ---
--=================================================================--
