--=================================================================--
[14/01/2023 00:05:59] --- NEW MAP STARTED: c2m1_highway ---
--=================================================================--
--=================================================================--
[14/01/2023 00:21:39] --- NEW MAP STARTED: c2m1_highway ---
--=================================================================--
[00:39:18] [CN] 予感                              has joined (STEAM_1:0:246466989 | 223.149.48.110)
[00:39:57] [CN] [Survivor   ] 予感                              : /map
--=================================================================--
[14/01/2023 00:40:06] --- NEW MAP STARTED: c8m5_rooftop ---
--=================================================================--
[00:40:14] [CN] 予感                              has joined (STEAM_1:0:246466989 | 223.149.48.110)
[00:40:19] [CN] [Infected   ] 予感                              : /jg
[00:40:21] [CN] [Infected   ] 予感                              : /match
--=================================================================--
[14/01/2023 00:44:36] --- NEW MAP STARTED: c2m1_highway ---
--=================================================================--
--=================================================================--
[14/01/2023 09:52:11] --- NEW MAP STARTED: c2m1_highway ---
--=================================================================--
[09:53:00] [CN] 予感                              has joined (STEAM_1:0:246466989 | 223.149.48.110)
--=================================================================--
[14/01/2023 09:57:58] --- NEW MAP STARTED: c2m1_highway ---
--=================================================================--
--=================================================================--
[14/01/2023 10:09:18] --- NEW MAP STARTED: c2m1_highway ---
--=================================================================--
[10:09:55] [CN] 予感                              has joined (STEAM_1:0:246466989 | 223.149.48.110)
[10:10:12] [CN] [Infected   ] 予感                              : /match
--=================================================================--
[14/01/2023 10:10:52] --- NEW MAP STARTED: c2m1_highway ---
--=================================================================--
[10:11:12] [CN] 予感                              has joined (STEAM_1:0:246466989 | 223.149.48.110)
[10:11:27] [CN] [Survivor   ] 予感                              : /match
[10:11:35] [CN] [Survivor   ] 予感                              : /match
--=================================================================--
[14/01/2023 10:12:35] --- NEW MAP STARTED: c2m1_highway ---
--=================================================================--
--=================================================================--
[14/01/2023 10:18:28] --- NEW MAP STARTED: c2m1_highway ---
--=================================================================--
[10:18:52] [CN] 予感                              has joined (STEAM_1:0:246466989 | 223.149.48.110)
[10:19:01] [CN] [Infected   ] 予感                              : /match
--=================================================================--
[14/01/2023 10:19:17] --- NEW MAP STARTED: c2m1_highway ---
--=================================================================--
[10:19:28] [CN] 予感                              has joined (STEAM_1:0:246466989 | 223.149.48.110)
[10:19:55] [CN] [Survivor   ] 予感                              : !show
[10:20:02] [CN] [Survivor   ] 予感                              : !edit
[10:20:41] [CN] [Survivor   ] 予感                              : /match
--=================================================================--
[14/01/2023 10:20:53] --- NEW MAP STARTED: c2m1_highway ---
--=================================================================--
[10:21:04] [CN] 予感                              has joined (STEAM_1:0:246466989 | 223.149.48.110)
[10:21:43] [CN] [Infected   ] 予感                              : /match
--=================================================================--
[14/01/2023 10:21:55] --- NEW MAP STARTED: c2m1_highway ---
--=================================================================--
[10:22:06] [CN] 予感                              has joined (STEAM_1:0:246466989 | 223.149.48.110)
--=================================================================--
[14/01/2023 10:24:10] --- NEW MAP STARTED: c2m1_highway ---
--=================================================================--
--=================================================================--
[14/01/2023 10:28:28] --- NEW MAP STARTED: c2m1_highway ---
--=================================================================--
[10:28:51] [CN] 予感                              has joined (STEAM_1:0:246466989 | 223.149.48.110)
[10:29:03] [CN] [Survivor   ] 予感                              : /match
--=================================================================--
[14/01/2023 10:29:15] --- NEW MAP STARTED: c2m1_highway ---
--=================================================================--
[10:29:27] [CN] 予感                              has joined (STEAM_1:0:246466989 | 223.149.48.110)
[10:29:45] [CN] [Survivor   ] 予感                              : /match
--=================================================================--
[14/01/2023 10:29:57] --- NEW MAP STARTED: c2m1_highway ---
--=================================================================--
[10:30:09] [CN] 予感                              has joined (STEAM_1:0:246466989 | 223.149.48.110)
[10:30:57] [CN] [Survivor   ] 予感                              : /match
--=================================================================--
[14/01/2023 10:31:30] --- NEW MAP STARTED: c2m1_highway ---
--=================================================================--
--=================================================================--
[14/01/2023 14:57:29] --- NEW MAP STARTED: c2m1_highway ---
--=================================================================--
[14:59:13] [CN] 予感                              has joined (STEAM_1:0:246466989 | 223.149.48.110)
[14:59:27] [CN] [Survivor   ] 予感                              : /match
--=================================================================--
[14/01/2023 15:00:54] --- NEW MAP STARTED: c2m1_highway ---
--=================================================================--
[15:00:56] [CN] [Infected   ] 予感                              : /match
--=================================================================--
[14/01/2023 15:15:32] --- NEW MAP STARTED: c2m1_highway ---
--=================================================================--
[15:15:36] [CN] [Survivor   ] 予感                              : !match
--=================================================================--
[14/01/2023 15:16:52] --- NEW MAP STARTED: c2m1_highway ---
--=================================================================--
[15:16:55] [CN] [Survivor   ] 予感                              : !match
--=================================================================--
[14/01/2023 15:18:55] --- NEW MAP STARTED: c2m1_highway ---
--=================================================================--
[20:25:59] [CN] 寒月.                             has joined (STEAM_1:1:181031835 | 120.235.8.192)
