--=================================================================--
[28/12/2022 00:48:02] --- NEW MAP STARTED: c2m1_highway ---
--=================================================================--
[00:48:29] [CN] 陋얼록                              has joined (STEAM_1:0:246466989 | 39.144.190.100)
[00:48:46] [CN] [Survivor   ] 陋얼록                              : !match
--=================================================================--
[28/12/2022 01:04:24] --- NEW MAP STARTED: c2m1_highway ---
--=================================================================--
[02:01:46] [CN] Da Joe                              has joined (STEAM_1:1:435439881 | 59.172.176.99)
[02:02:07] [CN] [Survivor   ] Da Joe                              : (TEAM) !vote
[02:02:17] [CN] [Survivor   ] Da Joe                              : (TEAM) !vote
[02:02:21] [CN] [Survivor   ] Da Joe                              : (TEAM) !vote
[02:02:33] [CN] [Survivor   ] Da Joe                              : (TEAM) !match
[02:03:03] [CN] [Survivor   ] Da Joe                              : (TEAM) !match
[02:03:28] [CN] [Survivor   ] Da Joe                              : (TEAM) !match
[02:04:11] [CN] [Survivor   ] Da Joe                              : (TEAM) !match
--=================================================================--
[28/12/2022 02:05:07] --- NEW MAP STARTED: c2m1_highway ---
--=================================================================--
[02:05:16] [CN] [Infected   ] Da Joe                              : (TEAM) !match
[02:05:37] [CN] [Infected   ] Da Joe                              : (TEAM) !match
--=================================================================--
[28/12/2022 02:06:32] --- NEW MAP STARTED: c2m1_highway ---
--=================================================================--
[02:06:36] [CN] [Survivor   ] Da Joe                              : (TEAM) !match
--=================================================================--
[28/12/2022 02:08:15] --- NEW MAP STARTED: c2m1_highway ---
--=================================================================--
[14:14:55] [CN] Vibe                                has joined (STEAM_1:1:435439881 | 59.172.176.99)
[14:15:06] [CN] [Survivor   ] Vibe                                : (TEAM) /vote
[14:15:12] [CN] [Survivor   ] Vibe                                : (TEAM) /match
--=================================================================--
[28/12/2022 14:17:40] --- NEW MAP STARTED: c2m1_highway ---
--=================================================================--
[14:20:32] [CN] Vibe                                has joined (STEAM_1:1:435439881 | 59.172.176.99)
--=================================================================--
[28/12/2022 14:21:32] --- NEW MAP STARTED: c2m1_highway ---
--=================================================================--
[14:39:21] [CN] Be Huche                            has joined (STEAM_1:0:507742260 | 111.3.35.131)
[14:42:03] [CN] [Survivor   ] Be Huche                            : !mix
[14:42:08] [CN] [Survivor   ] Be Huche                            : !vote
[14:42:17] [CN] [Survivor   ] Be Huche                            : !match
--=================================================================--
[28/12/2022 14:46:24] --- NEW MAP STARTED: c2m1_highway ---
--=================================================================--
[14:47:42] [CN] Be Huche                            has joined (STEAM_1:0:507742260 | 111.3.35.131)
[14:50:35] [CN] [Survivor   ] Be Huche                            : !hear
[14:50:47] [CN] [Survivor   ] Be Huche                            : !
[14:52:26] [CN] [Survivor   ] Be Huche                            : !match
--=================================================================--
[28/12/2022 14:52:53] --- NEW MAP STARTED: c2m1_highway ---
--=================================================================--
