--=================================================================--
[30/01/2023 14:27:23] --- NEW MAP STARTED: c2m1_highway ---
--=================================================================--
[14:28:05] [CN] 23℃                               has joined (STEAM_1:0:246466989 | 223.149.53.89)
[14:29:06] [CN] [Infected   ] 23℃                               : !health
[14:29:10] [CN] [Infected   ] 23℃                               : !help
[14:29:50] [CN] [Infected   ] 23℃                               : /hlep
[14:29:53] [CN] [Infected   ] 23℃                               : /help
[14:31:49] [CN] [Survivor   ] 23℃                               : /match
[14:32:14] [CN] [Survivor   ] 23℃                               : /match
--=================================================================--
[30/01/2023 14:35:43] --- NEW MAP STARTED: c2m1_highway ---
--=================================================================--
--=================================================================--
[30/01/2023 14:53:53] --- NEW MAP STARTED: c2m1_highway ---
--=================================================================--
[15:46:24] [CN] iPhoneX                             has joined (STEAM_1:0:625834323 | 120.239.45.151)
[15:46:36] [CN] [Survivor   ] iPhoneX                             : (TEAM) /match
--=================================================================--
[30/01/2023 16:09:43] --- NEW MAP STARTED: c2m1_highway ---
--=================================================================--
--=================================================================--
[30/01/2023 16:16:27] --- NEW MAP STARTED: c2m1_highway ---
--=================================================================--
[16:19:36] [CN] 23℃                               has joined (STEAM_1:0:246466989 | 223.149.53.89)
[16:21:32] [CN] [Survivor   ] 23℃                               : /info
[16:21:37] [CN] [Survivor   ] 23℃                               : !info
[16:22:16] [CN] [Survivor   ] 23℃                               : !help
[16:22:30] [CN] [Survivor   ] 23℃                               : !helpmenu
--=================================================================--
[30/01/2023 16:26:10] --- NEW MAP STARTED: c2m1_highway ---
--=================================================================--
[19:53:24] [CN] iPhoneX                             has joined (STEAM_1:0:625834323 | 120.239.45.151)
[19:54:28] [CN] 一只小萌新                     has joined (STEAM_1:1:419787441 | 27.148.86.91)
[19:54:36] [CN] [Infected   ] iPhoneX                             : /jg
[19:54:43] [CN] [Infected   ] iPhoneX                             : 现在呢
[19:54:49] [CN] [Infected   ] iPhoneX                             : (TEAM) 
[19:54:50] [CN] [Infected   ] iPhoneX                             : (TEAM) 
[19:55:09] [CN] [Survivor   ] iPhoneX                             : 现在好了没
--=================================================================--
[30/01/2023 19:56:24] --- NEW MAP STARTED: c2m1_highway ---
--=================================================================--
[20:45:51] [CN] 23℃                               has joined (STEAM_1:0:246466989 | 223.149.53.89)
--=================================================================--
[30/01/2023 20:48:05] --- NEW MAP STARTED: c2m1_highway ---
--=================================================================--
[20:56:39] [CN] 23℃                               has joined (STEAM_1:0:246466989 | 223.149.53.89)
[20:57:27] [CN] [Survivor   ] 23℃                               : /servers
[20:57:40] [CN] [Survivor   ] 23℃                               : /helpmenu
--=================================================================--
[30/01/2023 20:59:08] --- NEW MAP STARTED: c2m1_highway ---
--=================================================================--
[21:02:12] [CN] 23℃                               has joined (STEAM_1:0:246466989 | 223.149.53.89)
--=================================================================--
[30/01/2023 21:03:33] --- NEW MAP STARTED: c2m1_highway ---
--=================================================================--
[10:12:46] [CN] 23℃                               has joined (STEAM_1:0:246466989 | 223.149.53.89)
[10:13:15] [CN] [Infected   ] 23℃                               : /helmenu
[10:13:21] [CN] [Infected   ] 23℃                               : /helpmenu
[10:16:27] [CN] [Infected   ] 23℃                               : /forcematch scavrework4v4
