--=================================================================--
[01/01/2023 14:08:50] --- NEW MAP STARTED: c2m1_highway ---
--=================================================================--
[14:16:12] [CN] 水面                              has joined (STEAM_1:0:246466989 | 223.147.2.252)
[14:20:23] [CN] [Survivor   ] 水面                              : /match
--=================================================================--
[01/01/2023 14:36:59] --- NEW MAP STARTED: c2m1_highway ---
--=================================================================--
[15:50:55] [CN] emileseb5                           has joined (STEAM_1:0:632143659 | 106.5.23.191)
[15:51:05] [CN] [Survivor   ] emileseb5                           : !vote
[15:51:28] [CN] [Survivor   ] emileseb5                           : !match
--=================================================================--
[01/01/2023 15:52:06] --- NEW MAP STARTED: c2m1_highway ---
--=================================================================--
[16:46:55] [CN] emileseb5                           has joined (STEAM_1:0:632143659 | 106.5.23.191)
[16:47:03] [CN] [Survivor   ] emileseb5                           : !vote
[16:47:08] [CN] 周四的明蛇                     has joined (STEAM_1:1:611760279 | 36.101.151.30)
[16:47:19] [CN] [Survivor   ] emileseb5                           : !mtach
[16:47:23] [CN] [Survivor   ] emileseb5                           : !match
--=================================================================--
[01/01/2023 17:11:30] --- NEW MAP STARTED: c2m1_highway ---
--=================================================================--
[19:35:54] [CN] emileseb5                           has joined (STEAM_1:0:632143659 | 106.5.23.191)
[19:36:10] [CN] [Survivor   ] emileseb5                           : !match
--=================================================================--
[01/01/2023 20:10:38] --- NEW MAP STARTED: c2m1_highway ---
--=================================================================--
