--=================================================================--
[03/01/2023 18:18:31] --- NEW MAP STARTED: c2m1_highway ---
--=================================================================--
[22:22:55] [CN] emileseb5                           has joined (STEAM_1:0:632143659 | 106.5.20.134)
[22:23:11] [CN] [Survivor   ] emileseb5                           : !vote
[22:23:33] [CN] [Survivor   ] emileseb5                           : !match
[22:24:13] [CN] [Survivor   ] emileseb5                           : !vote
[22:24:54] [CN] [Survivor   ] emileseb5                           : !match
[22:25:10] [CN] [Survivor   ] emileseb5                           : anne vote
[22:25:12] [CN] [Survivor   ] emileseb5                           : !anne vote
[22:25:19] [CN] [Survivor   ] emileseb5                           : !match
[22:25:51] [CN] [Survivor   ] emileseb5                           : !match
[22:26:52] [CN] [Survivor   ] emileseb5                           : !vote
[22:27:08] [CN] [Survivor   ] emileseb5                           : !match
[22:27:12] [CN] [Survivor   ] emileseb5                           : !match
--=================================================================--
[03/01/2023 22:28:29] --- NEW MAP STARTED: c2m1_highway ---
--=================================================================--
[22:28:43] [CN] [Survivor   ] emileseb5                           : !match
--=================================================================--
[03/01/2023 22:30:05] --- NEW MAP STARTED: c2m1_highway ---
--=================================================================--
--=================================================================--
[03/01/2023 22:30:25] --- NEW MAP STARTED: c2m1_highway ---
--=================================================================--
