--=================================================================--
[30/10/2022 01:12:36] --- NEW MAP STARTED: c2m2_fairgrounds ---
--=================================================================--
[01:12:57] [CN] 伊比利亚的海风               has joined (STEAM_1:1:476623145 | 112.49.146.74)
--=================================================================--
[30/10/2022 01:17:29] --- NEW MAP STARTED: c2m3_coaster ---
--=================================================================--
[01:17:50] [CN] 伊比利亚的海风               has joined (STEAM_1:1:476623145 | 112.49.146.74)
--=================================================================--
[30/10/2022 01:22:31] --- NEW MAP STARTED: c2m4_barns ---
--=================================================================--
[01:22:54] [CN] 伊比利亚的海风               has joined (STEAM_1:1:476623145 | 112.49.146.74)
--=================================================================--
[30/10/2022 01:29:05] --- NEW MAP STARTED: c2m5_concert ---
--=================================================================--
[01:29:24] [CN] 伊比利亚的海风               has joined (STEAM_1:1:476623145 | 112.49.146.74)
--=================================================================--
[30/10/2022 01:37:28] --- NEW MAP STARTED: c2m1_highway ---
--=================================================================--
--=================================================================--
[30/10/2022 01:37:45] --- NEW MAP STARTED: c2m1_highway ---
--=================================================================--
[01:39:13] [CN] 伊比利亚的海风               has joined (STEAM_1:1:476623145 | 112.49.146.74)
[01:39:32] [CN] [Survivor   ] 伊比利亚的海风               : !match
--=================================================================--
[30/10/2022 01:39:37] --- NEW MAP STARTED: c2m1_highway ---
--=================================================================--
--=================================================================--
[30/10/2022 01:39:42] --- NEW MAP STARTED: c2m1_highway ---
--=================================================================--
[01:40:02] [CN] 伊比利亚的海风               has joined (STEAM_1:1:476623145 | 112.49.146.74)
[01:40:15] [CN] [Infected   ] 伊比利亚的海风               : !match
[01:40:20] [CN] [Infected   ] 伊比利亚的海风               : !match
[01:40:24] [CN] [Infected   ] 伊比利亚的海风               : !match
[01:40:32] [CN] [Survivor   ] 伊比利亚的海风               : !hide
[01:40:36] [CN] [Survivor   ] 伊比利亚的海风               : !match
[01:40:54] [CN] [Survivor   ] 伊比利亚的海风               : !rematch
[01:41:03] [CN] [Survivor   ] 伊比利亚的海风               : !show
[01:41:07] [CN] [Survivor   ] 伊比利亚的海风               : !fs
[01:41:11] [CN] [Survivor   ] 伊比利亚的海风               : !ready
[01:41:16] [CN] [Survivor   ] 伊比利亚的海风               : !s
[01:41:23] [CN] [Survivor   ] 伊比利亚的海风               : !rmatch
--=================================================================--
[30/10/2022 01:41:24] --- NEW MAP STARTED: c2m1_highway ---
--=================================================================--
[01:41:41] [CN] [Survivor   ] 伊比利亚的海风               : !match
--=================================================================--
[30/10/2022 01:41:43] --- NEW MAP STARTED: c2m1_highway ---
--=================================================================--
--=================================================================--
[30/10/2022 01:41:49] --- NEW MAP STARTED: c2m1_highway ---
--=================================================================--
[01:42:08] [CN] 伊比利亚的海风               has joined (STEAM_1:1:476623145 | 112.49.146.74)
[01:42:21] [CN] [Survivor   ] 伊比利亚的海风               : !
[01:42:42] [CN] [Survivor   ] 伊比利亚的海风               : !rmatch
--=================================================================--
[30/10/2022 01:42:43] --- NEW MAP STARTED: c2m1_highway ---
--=================================================================--
[01:42:46] [CN] [Survivor   ] 伊比利亚的海风               : !match
--=================================================================--
[30/10/2022 01:42:51] --- NEW MAP STARTED: c2m1_highway ---
--=================================================================--
--=================================================================--
[30/10/2022 01:42:56] --- NEW MAP STARTED: c2m1_highway ---
--=================================================================--
[01:43:16] [CN] 伊比利亚的海风               has joined (STEAM_1:1:476623145 | 112.49.146.74)
[01:43:35] [CN] [Survivor   ] 伊比利亚的海风               : !rmatch
--=================================================================--
[30/10/2022 01:43:36] --- NEW MAP STARTED: c2m1_highway ---
--=================================================================--
[01:43:39] [CN] [Survivor   ] 伊比利亚的海风               : !match
[01:43:45] [CN] [Survivor   ] 伊比利亚的海风               : (TEAM) !match
--=================================================================--
[30/10/2022 01:43:49] --- NEW MAP STARTED: c2m1_highway ---
--=================================================================--
--=================================================================--
[30/10/2022 01:43:54] --- NEW MAP STARTED: c2m1_highway ---
--=================================================================--
[01:44:14] [CN] 伊比利亚的海风               has joined (STEAM_1:1:476623145 | 112.49.146.74)
[01:44:26] [CN] [Survivor   ] 伊比利亚的海风               : !
[01:44:31] [CN] [Survivor   ] 伊比利亚的海风               : !rmatch
--=================================================================--
[30/10/2022 01:44:32] --- NEW MAP STARTED: c2m1_highway ---
--=================================================================--
[01:44:46] [CN] [Survivor   ] 伊比利亚的海风               : !a
[01:44:48] [CN] [Survivor   ] 伊比利亚的海风               : !ad
[01:44:55] [CN] [Survivor   ] 伊比利亚的海风               : !match
[01:45:25] [CN] [Survivor   ] 伊比利亚的海风               : !match
--=================================================================--
[30/10/2022 01:45:31] --- NEW MAP STARTED: c2m1_highway ---
--=================================================================--
--=================================================================--
[30/10/2022 01:45:37] --- NEW MAP STARTED: c2m1_highway ---
--=================================================================--
[01:45:57] [CN] 伊比利亚的海风               has joined (STEAM_1:1:476623145 | 112.49.146.74)
[01:46:10] [CN] [Survivor   ] 伊比利亚的海风               : !
[01:46:16] [CN] [Survivor   ] 伊比利亚的海风               : !secon
[01:46:32] [CN] [Survivor   ] 伊比利亚的海风               : !slots
[01:46:47] [CN] [Survivor   ] 伊比利亚的海风               : !vote boss
[01:46:52] [CN] [Survivor   ] 伊比利亚的海风               : !lerp
[01:46:56] [CN] [Survivor   ] 伊比利亚的海风               : !fs
--=================================================================--
[30/10/2022 01:47:42] --- NEW MAP STARTED: c2m1_highway ---
--=================================================================--
[13:27:47] [CN] Managic                             has joined (STEAM_1:0:503063231 | 113.194.20.114)
--=================================================================--
[30/10/2022 13:31:36] --- NEW MAP STARTED: c2m1_highway ---
--=================================================================--
--=================================================================--
[30/10/2022 14:43:47] --- NEW MAP STARTED: c2m1_highway ---
--=================================================================--
[14:44:27] [CN] 23℃                               has joined (STEAM_1:0:246466989 | 112.6.193.27)
[14:44:47] [CN] [Survivor   ] 23℃                               : !match
--=================================================================--
[30/10/2022 14:44:52] --- NEW MAP STARTED: c2m1_highway ---
--=================================================================--
--=================================================================--
[30/10/2022 14:44:57] --- NEW MAP STARTED: c2m1_highway ---
--=================================================================--
[14:45:06] [CN] 23℃                               has joined (STEAM_1:0:246466989 | 112.6.193.27)
[14:46:18] [CN] Managic                             has joined (STEAM_1:0:503063231 | 113.194.20.114)
[14:46:38] [CN] [Survivor   ] 23℃                               : 没有welcome
[14:46:50] [CN] [Survivor   ] 23℃                               : !rmatch
--=================================================================--
[30/10/2022 14:46:54] --- NEW MAP STARTED: c2m1_highway ---
--=================================================================--
[14:46:57] [CN] [Survivor   ] 23℃                               : !match
--=================================================================--
[30/10/2022 14:47:03] --- NEW MAP STARTED: c2m1_highway ---
--=================================================================--
--=================================================================--
[30/10/2022 14:47:07] --- NEW MAP STARTED: c2m1_highway ---
--=================================================================--
[14:47:16] [CN] 23℃                               has joined (STEAM_1:0:246466989 | 112.6.193.27)
[14:47:33] [CN] Managic                             has joined (STEAM_1:0:503063231 | 113.194.20.114)
[14:47:52] [CN] [Survivor   ] 23℃                               : f1看看
[14:48:20] [CN] [Survivor   ] 23℃                               : 没有倒计时..
[14:51:33] [CN] [Infected   ] Managic                             : 毒霸姬可爱捏
[14:51:39] [CN] [Survivor   ] 23℃                               : nie
[14:51:57] [CN] [Survivor   ] 23℃                               : 有包？
[14:52:04] [CN] [Infected   ] Managic                             : Y
[14:52:10] [CN] [Survivor   ] 23℃                               : ..
[14:53:01] [CN] Lycanthrope                         has joined (STEAM_1:0:424566447 | 183.54.235.210)
[14:54:34] [CN] [Survivor   ] 23℃                               : 等会看看44
[14:54:40] [CN] [Survivor   ] 23℃                               : 不会44也有包把
[14:54:43] [CN] 海百合                           has joined (STEAM_1:1:443026949 | 113.14.252.13)
[14:54:55] [CN] [Survivor   ] Managic                             : /fs
[14:54:57] [CN] [Spectator  ] Lycanthrope                         : /spectate
[14:54:57] [CN] [Spectator  ] 海百合                           : /spectate
[14:55:09] [CN] [Infected   ] 23℃                               : 刚刚把announce写到shared里面了
[14:55:16] [CN] [Infected   ] 23℃                               : 但是好像没有生效
[14:55:23] [CN] [Infected   ] 23℃                               : weilcome也是
[14:56:05] [CN] [Infected   ] 23℃                               : 有这么多人打一次22？
[14:56:13] [CN] [Spectator  ] 海百合                           : ...
[14:56:20] [CN] [Spectator  ] 海百合                           : bu hui wan
[14:56:28] [CN] [Infected   ] 23℃                               : 和zonemod差不多
[14:56:45] [CN] [Spectator  ] 海百合                           : 那能不能打zonemod
[14:56:58] [CN] [Infected   ] 23℃                               : 我这边主要是测试一下这个插件
[14:57:10] [CN] [Spectator  ] 海百合                           : 哦~
[14:57:23] [CN] [Infected   ] 23℃                               : !Rmatch
--=================================================================--
[30/10/2022 14:57:25] --- NEW MAP STARTED: c2m1_highway ---
--=================================================================--
[14:57:28] [CN] [Infected   ] 23℃                               : !match
--=================================================================--
[30/10/2022 14:57:35] --- NEW MAP STARTED: c2m1_highway ---
--=================================================================--
--=================================================================--
[30/10/2022 14:57:40] --- NEW MAP STARTED: c2m1_highway ---
--=================================================================--
[14:57:49] [CN] 23℃                               has joined (STEAM_1:0:246466989 | 112.6.193.27)
[14:57:49] [CN] Lycanthrope                         has joined (STEAM_1:0:424566447 | 183.54.235.210)
[14:57:51] [CN] 海百合                           has joined (STEAM_1:1:443026949 | 113.14.252.13)
[14:58:03] [CN] Managic                             has joined (STEAM_1:0:503063231 | 113.194.20.114)
[14:58:09] [CN] [Survivor   ] 23℃                               : rework这个插件和药抗贴近
[14:58:21] [CN] [Infected   ] 海百合                           : 那有没有克
[14:58:25] [CN] [Survivor   ] 23℃                               : 用药抗的玩法也可以玩
[14:58:27] [CN] [Survivor   ] 23℃                               : 没
[14:58:36] [CN] [Survivor   ] 23℃                               : 应为这是清道夫插件
[14:58:52] [CN] [Infected   ] 海百合                           : zzz
[14:59:17] [CN] [Infected   ] Managic                             : 为啥就我搞不好
[14:59:24] [CN] [Infected   ] 海百合                           : (TEAM) 对面都是大佬怎么办
[14:59:28] [CN] [Survivor   ] 23℃                               : 这个插件要准备两次
[14:59:30] [CN] [Survivor   ] 23℃                               : 挺无语
[14:59:35] [CN] [Survivor   ] 23℃                               : 还不知道问题在哪
[14:59:35] [CN] [Infected   ] Managic                             : (TEAM) 摆
[14:59:39] [CN] [Infected   ] 海百合                           : (TEAM) ok
[14:59:51] [CN] [Infected   ] 海百合                           : 所以就是
[14:59:53] [CN] [Infected   ] Managic                             : 有没有可能
[14:59:57] [CN] [Infected   ] 海百合                           : 这个插件是你搞的
[15:00:00] [CN] [Survivor   ] 23℃                               : 不是
[15:00:03] [CN] [Survivor   ] 23℃                               : 别人弄得
[15:00:09] [CN] [Infected   ] 海百合                           : 好吧
[15:00:17] [CN] [Survivor   ] 23℃                               : 我只是拿来用 改一下
[15:00:31] [CN] [Infected   ] Managic                             : CY服里刚进去的切换阵营已经自动准备了第一次 
[15:00:38] [CN] [Infected   ] 海百合                           : 改也算搞了吧
[15:00:39] [CN] [Survivor   ] 23℃                               : en
[15:01:19] [CN] [Survivor   ] Lycanthrope                         : (TEAM) 我还以为只有ht
[15:01:50] [CN] Dr.优乐美                        has joined (STEAM_1:1:666035815 | 153.35.5.89)
[15:02:13] [CN] [Spectator  ] Dr.优乐美                        : (TEAM) 哟
[15:03:04] [CN] [Survivor   ] Lycanthrope                         : (TEAM) pill
[15:03:18] [CN] [Survivor   ] 23℃                               : (TEAM) cao
[15:03:29] [CN] [Survivor   ] 23℃                               : This Round: 6 in 1:37.92.
[15:03:44] [CN] Second P1ayer                       has joined (STEAM_1:1:428696776 | 111.29.94.185)
[15:04:00] [CN] [Spectator  ] Dr.优乐美                        : /spectate
[15:04:00] [CN] [Spectator  ] Second P1ayer                       : /spectate
[15:04:09] [CN] [Infected   ] Lycanthrope                         : (TEAM) .
[15:04:12] [CN] [Infected   ] 23℃                               : (TEAM) .
[15:04:22] [CN] [Spectator  ] Dr.优乐美                        : (TEAM) :v
[15:06:25] [CN] [Infected   ] 海百合                           : (TEAM) Your Rank SI: #2 - (747 dmg [23], 2 kills [25])
[15:06:33] [CN] [Infected   ] Managic                             : (TEAM) (
[15:06:36] [CN] [Spectator  ] Dr.优乐美                        : /spectate
[15:06:48] [CN] [Spectator  ] Dr.优乐美                        : :)
[15:07:56] [CN] [Infected   ] 海百合                           : 这插件
[15:08:00] [CN] [Infected   ] 海百合                           : 2.71？
[15:08:03] [CN] [Survivor   ] 23℃                               : en
[15:08:46] [CN] [Infected   ] 海百合                           : 忘了22不给静音
[15:08:51] [CN] [Infected   ] 海百合                           : 没事了
[15:09:30] [CN] [Infected   ] Lycanthrope                         : 这牛的血量有削减吗
[15:09:37] [CN] [Infected   ] 23℃                               : 同步zonemod
[15:09:37] [CN] [Spectator  ] Dr.优乐美                        : /spectate
[15:09:42] [CN] [Survivor   ] 海百合                           : 271一刀300
[15:09:44] [CN] [Survivor   ] 海百合                           : 不
[15:09:46] [CN] [Survivor   ] 海百合                           : 350
[15:09:47] [CN] Paradise                            has joined (STEAM_1:0:566079671 | 1.26.238.67)
[15:11:44] [CN] [Infected   ] 23℃                               : (TEAM) 这都能卡
[15:11:49] [CN] [Infected   ] Lycanthrope                         : (TEAM) 猪鼻
[15:12:40] [CN] [Spectator  ] Dr.优乐美                        : hhhh
[15:12:46] [CN] [Spectator  ] Dr.优乐美                        : /spectate
[15:14:23] [CN] [Infected   ] 23℃                               : (TEAM) 能回e吗
[15:14:32] [CN] [Infected   ] Lycanthrope                         : (TEAM) 回了也没啥用吧
[15:14:37] [CN] [Infected   ] Lycanthrope                         : (TEAM) 大概可以
[15:14:41] [CN] [Infected   ] 23℃                               : (TEAM) ok
[15:15:27] [CN] [Infected   ] Lycanthrope                         : (TEAM) 帅帅帅
[15:15:32] [CN] [Infected   ] 23℃                               : (TEAM) D
[15:17:09] [CN] [Survivor   ] Lycanthrope                         : (TEAM) wd
[15:17:16] [CN] [Infected   ] Managic                             : (TEAM) 6
[15:17:16] [CN] [Survivor   ] 23℃                               : (TEAM) mei
[15:17:19] [CN] [Infected   ] 海百合                           : (TEAM) 9
[15:17:44] [CN] [Survivor   ] 23℃                               : (TEAM) 拿完广告牌先拿远的
[15:18:12] [CN] [Infected   ] 海百合                           : 挂机ti了吧
[15:18:20] [CN] [Survivor   ] Lycanthrope                         : .
[15:18:20] [CN] [Infected   ] Managic                             : 草
[15:18:20] [CN] [Infected   ] 海百合                           : zzz
[15:18:56] [CN] 23℃                               has joined (STEAM_1:0:246466989 | 112.6.193.27)
[15:19:10] [CN] [Survivor   ] 23℃                               : 没有pause？
[15:19:21] [CN] [Survivor   ] Lycanthrope                         : 我以为你真run了
[15:19:49] [CN] [Survivor   ] 23℃                               : steam no logen
[15:20:40] [CN] [Survivor   ] 23℃                               : pause是可以打的
[15:20:50] [CN] [Survivor   ] 海百合                           : 忘啦
[15:22:17] [CN] [Infected   ] Lycanthrope                         : (TEAM) ..
[15:22:23] [CN] [Survivor   ] 海百合                           : (TEAM) 退游啊
[15:22:25] [CN] [Survivor   ] 海百合                           : (TEAM) 退游了
[15:22:59] [CN] [Infected   ] Lycanthrope                         : (TEAM) .
[15:23:07] [CN] [Survivor   ] Managic                             : 退游了退游了
[15:23:10] [CN] [Infected   ] 23℃                               : D
[15:23:13] [CN] [Infected   ] Lycanthrope                         : XD
[15:24:30] [CN] [Infected   ] 23℃                               : 退游了退游了
[15:27:54] [CN] [Survivor   ] Lycanthrope                         : ?
[15:27:56] [CN] [Infected   ] 海百合                           : 草
[15:28:04] [CN] [Infected   ] 海百合                           : 优势太大放个水
[15:28:19] [CN] [Survivor   ] Lycanthrope                         : wc
[15:28:23] [CN] [Infected   ] 海百合                           : (TEAM) gua
[15:28:24] [CN] [Infected   ] Managic                             : 楽
[15:28:25] [CN] snooze.                             has joined (STEAM_1:0:235126789 | 183.24.93.108)
[15:29:19] [CN] [Survivor   ] Lycanthrope                         : !s
[15:29:20] [CN] [Survivor   ] 23℃                               : quick end
[15:29:25] [CN] [Survivor   ] 23℃                               : 歇了
[15:29:30] [CN] [Infected   ] 海百合                           : (TEAM) zzz
[15:29:31] [CN] [Survivor   ] 23℃                               : 插件玩还是不错的
[15:29:37] [CN] [Survivor   ] 23℃                               : 小问题以后修复
[15:29:56] [CN] [Infected   ] 海百合                           : 这是
[15:30:00] [CN] [Infected   ] 海百合                           : 砸瓦鲁多吗
[15:30:05] [CN] [Survivor   ] 23℃                               : 在等最后一个插件生效
[15:30:11] [CN] [Infected   ] 海百合                           : 噗
[15:30:13] [CN] [Survivor   ] 23℃                               : 结束后会等60s
[15:30:19] [CN] [Infected   ] 海百合                           : 那润了
--=================================================================--
[30/10/2022 15:30:41] --- NEW MAP STARTED: c2m1_highway ---
--=================================================================--
