--=================================================================--
[01/11/2022 12:43:36] --- NEW MAP STARTED: c8m5_rooftop ---
--=================================================================--
[12:44:00] [CN] 23℃                               has joined (STEAM_1:0:246466989 | 61.179.137.81)
[12:44:19] [CN] [Survivor   ] 23℃                               : !match
--=================================================================--
[01/11/2022 12:44:23] --- NEW MAP STARTED: c8m5_rooftop ---
--=================================================================--
--=================================================================--
[01/11/2022 12:44:27] --- NEW MAP STARTED: c8m5_rooftop ---
--=================================================================--
[12:44:33] [CN] 23℃                               has joined (STEAM_1:0:246466989 | 61.179.137.81)
--=================================================================--
[01/11/2022 12:50:53] --- NEW MAP STARTED: c8m5_rooftop ---
--=================================================================--
--=================================================================--
[01/11/2022 13:25:41] --- NEW MAP STARTED: c8m5_rooftop ---
--=================================================================--
[13:26:03] [CN] 23℃                               has joined (STEAM_1:0:246466989 | 61.179.137.81)
[13:26:49] [CN] [Survivor   ] 23℃                               : !map
--=================================================================--
[01/11/2022 13:26:59] --- NEW MAP STARTED: c2m2_fairgrounds ---
--=================================================================--
[13:27:07] [CN] 23℃                               has joined (STEAM_1:0:246466989 | 61.179.137.81)
[13:27:15] [CN] [Survivor   ] 23℃                               : !slots 4
[13:27:20] [CN] [Survivor   ] 23℃                               : !match
--=================================================================--
[01/11/2022 13:27:34] --- NEW MAP STARTED: c2m2_fairgrounds ---
--=================================================================--
[13:27:46] [CN] [Survivor   ] 23℃                               : !rmatch
--=================================================================--
[01/11/2022 13:28:04] --- NEW MAP STARTED: c8m5_rooftop ---
--=================================================================--
[13:28:27] [CN] 23℃                               has joined (STEAM_1:0:246466989 | 61.179.137.81)
[13:28:37] [CN] [Survivor   ] 23℃                               : !match
--=================================================================--
[01/11/2022 13:28:41] --- NEW MAP STARTED: c8m5_rooftop ---
--=================================================================--
--=================================================================--
[01/11/2022 13:28:46] --- NEW MAP STARTED: c8m5_rooftop ---
--=================================================================--
[13:28:52] [CN] 23℃                               has joined (STEAM_1:0:246466989 | 61.179.137.81)
[13:29:24] [CN] [Survivor   ] 23℃                               : !mode
[13:30:05] [CN] [Survivor   ] 23℃                               : !mode
[13:31:43] [CN] [Survivor   ] 23℃                               : !map
--=================================================================--
[01/11/2022 13:31:52] --- NEW MAP STARTED: c2m1_highway ---
--=================================================================--
[13:32:04] [CN] 23℃                               has joined (STEAM_1:0:246466989 | 61.179.137.81)
[13:37:14] [CN] [Survivor   ] 23℃                               : !rtank
[13:38:42] [CN] [Survivor   ] 23℃                               : !s
[13:38:47] [CN] [Spectator  ] 23℃                               : !tankhud
[13:39:26] [CN] [Survivor   ] 23℃                               : !rwitch
[13:39:39] [CN] [Survivor   ] 23℃                               : !rtank
[13:40:54] [CN] [Survivor   ] 23℃                               : !3rd
[13:42:28] [CN] [Survivor   ] 23℃                               : !3rd
[13:42:33] [CN] [Survivor   ] 23℃                               : !3rd
[13:46:24] [CN] [Survivor   ] 23℃                               : !lerps
[13:46:40] [CN] [Survivor   ] 23℃                               : !3rd
[13:48:37] [CN] emileseb5                           has joined (STEAM_1:0:632143659 | 183.217.59.115)
[13:49:18] [CN] [Survivor   ] 23℃                               : 等我重启这个插件
[13:49:21] [CN] [Infected   ] emileseb5                           : ok
[13:49:25] [CN] [Survivor   ] 23℃                               : !rmatch
--=================================================================--
[01/11/2022 13:49:28] --- NEW MAP STARTED: c2m1_highway ---
--=================================================================--
[13:49:31] [CN] [Survivor   ] 23℃                               : !match
--=================================================================--
[01/11/2022 13:49:36] --- NEW MAP STARTED: c2m1_highway ---
--=================================================================--
--=================================================================--
[01/11/2022 13:49:42] --- NEW MAP STARTED: c2m1_highway ---
--=================================================================--
[13:49:51] [CN] 23℃                               has joined (STEAM_1:0:246466989 | 61.179.137.81)
[13:49:53] [CN] emileseb5                           has joined (STEAM_1:0:632143659 | 183.217.59.115)
[13:50:12] [CN] [Survivor   ] 23℃                               : 开局用！mode挑选枪械
[13:50:16] [CN] [Survivor   ] 23℃                               : !mode
[13:50:28] [CN] [Survivor   ] 23℃                               : 这个和zm11一样的
[13:50:36] [CN] [Infected   ] emileseb5                           : ok
[13:50:40] [CN] [Infected   ] emileseb5                           : 我试试
[13:50:44] [CN] [Survivor   ] 23℃                               : 你鼠标右键可以换特感
[13:51:34] [CN] [Survivor   ] 23℃                               : 10000hp
[13:51:36] [CN] [Infected   ] emileseb5                           : 我要玩猴子
[13:51:38] [CN] [Survivor   ] 23℃                               : 显示弹道
[13:54:08] [CN] [Survivor   ] 23℃                               : 爆石头没有提示
[13:54:14] [CN] [Survivor   ] 23℃                               : 你这是ai吗
[13:54:15] [CN] [Infected   ] emileseb5                           : en
[13:54:19] [CN] [Infected   ] emileseb5                           : no
[13:54:19] [CN] [Survivor   ] 23℃                               : 草
[13:54:27] [CN] [Survivor   ] 23℃                               : 你多少血
[13:54:32] [CN] [Infected   ] emileseb5                           : 1k
[13:54:34] [CN] [Survivor   ] 23℃                               : 我看设定是1500hp
[13:55:03] [CN] [Survivor   ] 23℃                               : 6000
[13:55:07] [CN] [Infected   ] emileseb5                           : en
[13:55:15] [CN] [Infected   ] emileseb5                           : ni wen de shihou jiu hai you 1k
[13:55:15] [CN] [Survivor   ] 23℃                               : 他设定1v1是1500
[13:55:58] [CN] [Survivor   ] 23℃                               : 你输入！rtank和！rwitch可以在准星处生成
[13:56:05] [CN] [Survivor   ] 23℃                               : 两个BOSS
[13:56:07] [CN] [Infected   ] emileseb5                           : !rtank
[13:56:16] [CN] [Infected   ] emileseb5                           : !rwitch
[13:56:19] [CN] [Survivor   ] 23℃                               : !rwitch
[13:56:30] [CN] [Infected   ] emileseb5                           : !rwitch
[13:56:45] [CN] [Infected   ] emileseb5                           : !rwitch
[13:56:48] [CN] [Survivor   ] 23℃                               : 44模式我路径好像错了
[13:56:53] [CN] [Survivor   ] 23℃                               : 等会我改一下
[13:56:55] [CN] [Infected   ] emileseb5                           : !rwitch
[13:56:56] [CN] [Infected   ] emileseb5                           : !rwitch
[13:56:57] [CN] [Survivor   ] 23℃                               : 换个模式吧
[13:56:58] [CN] [Infected   ] emileseb5                           : !rwitch
[13:57:01] [CN] [Infected   ] emileseb5                           : !rwitch
[13:57:03] [CN] [Infected   ] emileseb5                           : !rwitch
[13:57:03] [CN] [Infected   ] emileseb5                           : !rwitch
[13:57:04] [CN] [Infected   ] emileseb5                           : !rwitch
[13:57:04] [CN] [Infected   ] emileseb5                           : !rwitch
[13:57:04] [CN] [Survivor   ] 23℃                               : !rmatch
[13:57:05] [CN] [Infected   ] emileseb5                           : !rwitch
[13:57:06] [CN] [Infected   ] emileseb5                           : !rwitch
--=================================================================--
[01/11/2022 13:57:09] --- NEW MAP STARTED: c2m1_highway ---
--=================================================================--
[13:57:18] [CN] [Survivor   ] 23℃                               : !match
[13:57:21] [CN] [Infected   ] emileseb5                           : hao wan==
--=================================================================--
[01/11/2022 13:57:25] --- NEW MAP STARTED: c2m1_highway ---
--=================================================================--
--=================================================================--
[01/11/2022 13:57:30] --- NEW MAP STARTED: c2m1_highway ---
--=================================================================--
[13:57:39] [CN] 23℃                               has joined (STEAM_1:0:246466989 | 61.179.137.81)
[13:57:42] [CN] emileseb5                           has joined (STEAM_1:0:632143659 | 183.217.59.115)
[13:58:03] [CN] [Survivor   ] 23℃                               : 这个模式写的事战役
[13:58:08] [CN] [Survivor   ] 23℃                               : !mode
[13:58:09] [CN] [Survivor   ] emileseb5                           : 是禁mod了么
[13:58:13] [CN] [Survivor   ] 23℃                               : en
[13:58:18] [CN] [Survivor   ] 23℃                               : 基于zonemod的
[13:59:40] [CN] [Survivor   ] 23℃                               : 等我看看hunter模式指令
[13:59:54] [CN] [Survivor   ] 23℃                               : !weight
[14:00:14] [CN] [Survivor   ] 23℃                               : !weight hunter 1
[14:01:12] [CN] [Survivor   ] 23℃                               : !limit
[14:01:44] [CN] [Survivor   ] 23℃                               : !limit hunter 1
[14:02:16] [CN] [Survivor   ] 23℃                               : !limit hunter 10
[14:02:48] [CN] [Survivor   ] 23℃                               : !limit hunter 1
[14:03:46] [CN] [Survivor   ] 23℃                               : !timer hunter 5
[14:04:01] [CN] [Survivor   ] 23℃                               : !timer hunter 5
[14:04:19] [CN] [Survivor   ] 23℃                               : !timer
[14:04:45] [CN] [Survivor   ] 23℃                               : !timer 5 10
[14:05:18] [CN] [Survivor   ] 23℃                               : !timer 5 5
[14:05:23] [CN] [Survivor   ] 23℃                               : !timer 5 5.1
[14:05:38] [CN] [Survivor   ] 23℃                               : !timer 5 5.1
[14:05:43] [CN] [Survivor   ] 23℃                               : !timer 5 5.5
[14:06:37] [CN] [Survivor   ] 23℃                               : !resetspawns
[14:07:03] [CN] [Survivor   ] 23℃                               : !forcetimer
[14:07:12] [CN] [Survivor   ] 23℃                               : !forcetimer
[14:07:34] [CN] [Survivor   ] 23℃                               : !forcetimer 1
[14:08:04] [CN] [Survivor   ] 23℃                               : !forcetimer 1
[14:08:23] [CN] [Survivor   ] 23℃                               : !type
[14:08:38] [CN] [Survivor   ] 23℃                               : !type hunter
[14:08:57] [CN] [Survivor   ] emileseb5                           : 能调屋顶不
[14:09:02] [CN] [Survivor   ] 23℃                               : !map
--=================================================================--
[01/11/2022 14:09:11] --- NEW MAP STARTED: c8m5_rooftop ---
--=================================================================--
[14:09:17] [CN] 23℃                               has joined (STEAM_1:0:246466989 | 61.179.137.81)
[14:09:34] [CN] emileseb5                           has joined (STEAM_1:0:632143659 | 183.217.59.115)
[14:10:23] [CN] [Survivor   ] emileseb5                           : D
[14:10:29] [CN] [Survivor   ] 23℃                               : 6
[14:10:34] [CN] [Survivor   ] emileseb5                           : jl
[14:10:50] [CN] [Survivor   ] 23℃                               : 不知道特感最多是多少
[14:11:03] [CN] [Survivor   ] 23℃                               : !limit
[14:11:28] [CN] [Survivor   ] 23℃                               : !limit max 20
[14:12:31] [CN] [Survivor   ] 23℃                               : !limit hunter 50
[14:14:41] [CN] [Survivor   ] 23℃                               : !limit hunter 10
[14:14:46] [CN] [Survivor   ] 23℃                               : !type off
[14:14:58] [CN] [Survivor   ] emileseb5                           : D
[14:15:28] [CN] [Survivor   ] 23℃                               : !type
[14:15:39] [CN] [Survivor   ] 23℃                               : !type random
[14:16:35] [CN] [Survivor   ] 23℃                               : !limit hunter 1
[14:16:41] [CN] [Survivor   ] 23℃                               : D
[14:16:45] [CN] [Survivor   ] emileseb5                           : D
[14:16:52] [CN] [Survivor   ] 23℃                               : !resetspawn
[14:16:57] [CN] [Survivor   ] 23℃                               : !resetspawns
[14:17:35] [CN] [Survivor   ] 23℃                               : !type
[14:17:42] [CN] [Survivor   ] 23℃                               : !type randon
[14:17:58] [CN] [Survivor   ] 23℃                               : !type hunter boomer
[14:18:08] [CN] [Survivor   ] 23℃                               : !type random
[14:18:47] [CN] [Survivor   ] 23℃                               : !limit all 1
[14:20:08] [CN] [Survivor   ] 23℃                               : !type
[14:20:24] [CN] [Survivor   ] 23℃                               : !type smoker
[14:20:55] [CN] [Survivor   ] 23℃                               : !type
[14:21:05] [CN] [Survivor   ] 23℃                               : 不能生成舌头
[14:21:13] [CN] [Survivor   ] emileseb5                           : 我拿的球棒
[14:21:21] [CN] [Survivor   ] emileseb5                           : 砍不了D
[14:21:27] [CN] [Survivor   ] 23℃                               : 草
[14:21:51] [CN] [Survivor   ] emileseb5                           : D
[14:21:57] [CN] [Survivor   ] 23℃                               : 这个还有单人模式
[14:22:00] [CN] [Survivor   ] emileseb5                           : yao run lo
[14:22:05] [CN] [Survivor   ] emileseb5                           : !s
[14:22:16] [CN] [Spectator  ] emileseb5                           : 调个看看
[14:22:20] [CN] [Spectator  ] emileseb5                           : 单人
[14:22:24] [CN] [Survivor   ] 23℃                               : 就是
[14:22:27] [CN] [Survivor   ] 23℃                               : !rmatch
--=================================================================--
[01/11/2022 14:22:29] --- NEW MAP STARTED: c8m5_rooftop ---
--=================================================================--
[14:22:33] [CN] [Survivor   ] 23℃                               : !match
--=================================================================--
[01/11/2022 14:22:38] --- NEW MAP STARTED: c8m5_rooftop ---
--=================================================================--
--=================================================================--
[01/11/2022 14:22:42] --- NEW MAP STARTED: c8m5_rooftop ---
--=================================================================--
[14:22:49] [CN] 23℃                               has joined (STEAM_1:0:246466989 | 61.179.137.81)
[14:22:51] [CN] emileseb5                           has joined (STEAM_1:0:632143659 | 183.217.59.115)
[14:22:56] [CN] [Survivor   ] 23℃                               : !s
[14:23:12] [CN] [Spectator  ] 23℃                               : !jg
[14:23:16] [CN] [Spectator  ] 23℃                               : 草
[14:23:19] [CN] [Spectator  ] emileseb5                           : !jg
[14:23:21] [CN] [Spectator  ] emileseb5                           : ???
[14:23:22] [CN] [Spectator  ] 23℃                               : 好像不能m
[14:23:25] [CN] [Spectator  ] emileseb5                           : D
[14:23:29] [CN] [Spectator  ] emileseb5                           : zoulezoule
[14:23:31] [CN] [Spectator  ] 23℃                               : !jointeam
[14:23:34] [CN] [Spectator  ] emileseb5                           : xiacizailaiwan
[14:23:38] [CN] [Spectator  ] 23℃                               : ok
[14:23:47] [CN] [Spectator  ] 23℃                               : !jointeam
[14:24:02] [CN] [Spectator  ] 23℃                               : !jg
[14:24:07] [CN] [Spectator  ] 23℃                               : !jointeam
[14:24:24] [CN] [Spectator  ] 23℃                               : !rmatch
[14:24:49] [CN] [Spectator  ] 23℃                               : !match
[14:24:53] [CN] [Spectator  ] 23℃                               : !hide
[14:24:56] [CN] [Spectator  ] 23℃                               : !match
--=================================================================--
[01/11/2022 14:25:31] --- NEW MAP STARTED: c8m5_rooftop ---
--=================================================================--
--=================================================================--
[01/11/2022 15:59:31] --- NEW MAP STARTED: c8m5_rooftop ---
--=================================================================--
[16:00:02] [CN] 23℃                               has joined (STEAM_1:0:246466989 | 61.179.137.81)
[16:00:21] [CN] [Survivor   ] 23℃                               : !map
--=================================================================--
[01/11/2022 16:00:29] --- NEW MAP STARTED: c2m1_highway ---
--=================================================================--
[16:00:38] [CN] 23℃                               has joined (STEAM_1:0:246466989 | 61.179.137.81)
[16:01:04] [CN] [Survivor   ] 23℃                               : !match
--=================================================================--
[01/11/2022 16:01:18] --- NEW MAP STARTED: c2m1_highway ---
--=================================================================--
[16:01:38] [CN] [Survivor   ] 23℃                               : !Rmatch
--=================================================================--
[01/11/2022 16:01:56] --- NEW MAP STARTED: c8m5_rooftop ---
--=================================================================--
[16:11:45] [CN] 23℃                               has joined (STEAM_1:0:246466989 | 61.179.137.81)
[16:12:56] [CN] [Survivor   ] 23℃                               : !match
--=================================================================--
[01/11/2022 16:13:00] --- NEW MAP STARTED: c8m5_rooftop ---
--=================================================================--
--=================================================================--
[01/11/2022 16:13:05] --- NEW MAP STARTED: c8m5_rooftop ---
--=================================================================--
[16:13:11] [CN] 23℃                               has joined (STEAM_1:0:246466989 | 61.179.137.81)
[16:13:20] [CN] [Infected   ] 23℃                               : !rmatch
--=================================================================--
[01/11/2022 16:13:21] --- NEW MAP STARTED: c8m5_rooftop ---
--=================================================================--
[16:13:35] [CN] [Infected   ] 23℃                               : !match
--=================================================================--
[01/11/2022 16:13:39] --- NEW MAP STARTED: c8m5_rooftop ---
--=================================================================--
--=================================================================--
[01/11/2022 16:14:04] --- NEW MAP STARTED: c2m1_highway ---
--=================================================================--
--=================================================================--
[01/11/2022 16:14:10] --- NEW MAP STARTED: c2m1_highway ---
--=================================================================--
--=================================================================--
[01/11/2022 16:15:24] --- NEW MAP STARTED: c8m5_rooftop ---
--=================================================================--
[16:22:28] [CN] 23℃                               has joined (STEAM_1:0:246466989 | 61.179.137.81)
[16:22:36] [CN] [Survivor   ] 23℃                               : !map
--=================================================================--
[01/11/2022 16:22:42] --- NEW MAP STARTED: c2m1_highway ---
--=================================================================--
[16:22:52] [CN] 23℃                               has joined (STEAM_1:0:246466989 | 61.179.137.81)
[16:23:22] [CN] [Survivor   ] 23℃                               : !match
--=================================================================--
[01/11/2022 16:23:25] --- NEW MAP STARTED: c2m1_highway ---
--=================================================================--
[16:23:34] [CN] [Survivor   ] 23℃                               : !map
[16:23:50] [CN] [Survivor   ] 23℃                               : !match
[16:24:05] [CN] [Survivor   ] 23℃                               : !map
[16:24:31] [CN] [Survivor   ] 23℃                               : !match
--=================================================================--
[01/11/2022 16:26:53] --- NEW MAP STARTED: c2m1_highway ---
--=================================================================--
--=================================================================--
[01/11/2022 16:26:55] --- NEW MAP STARTED: c2m1_highway ---
--=================================================================--
[16:27:05] [CN] 23℃                               has joined (STEAM_1:0:246466989 | 61.179.137.81)
[16:27:22] [CN] [Survivor   ] 23℃                               : !match
--=================================================================--
[01/11/2022 16:27:27] --- NEW MAP STARTED: c2m1_highway ---
--=================================================================--
--=================================================================--
[01/11/2022 16:27:37] --- NEW MAP STARTED: c2m1_highway ---
--=================================================================--
--=================================================================--
[01/11/2022 16:27:39] --- NEW MAP STARTED: c2m1_highway ---
--=================================================================--
[16:27:48] [CN] 23℃                               has joined (STEAM_1:0:246466989 | 61.179.137.81)
[16:28:01] [CN] [Survivor   ] 23℃                               : !mnatch
[16:28:05] [CN] [Survivor   ] 23℃                               : !match
--=================================================================--
[01/11/2022 16:28:08] --- NEW MAP STARTED: c2m1_highway ---
--=================================================================--
--=================================================================--
[01/11/2022 16:28:14] --- NEW MAP STARTED: c2m1_highway ---
--=================================================================--
[16:28:23] [CN] 23℃                               has joined (STEAM_1:0:246466989 | 61.179.137.81)
[16:29:14] [CN] [Survivor   ] 23℃                               : !rmatch
--=================================================================--
[01/11/2022 16:29:15] --- NEW MAP STARTED: c2m1_highway ---
--=================================================================--
--=================================================================--
[01/11/2022 16:30:08] --- NEW MAP STARTED: c8m5_rooftop ---
--=================================================================--
--=================================================================--
[01/11/2022 16:31:37] --- NEW MAP STARTED: c8m5_rooftop ---
--=================================================================--
--=================================================================--
[01/11/2022 16:46:09] --- NEW MAP STARTED: c8m5_rooftop ---
--=================================================================--
[16:53:39] [CN] 23℃                               has joined (STEAM_1:0:246466989 | 61.179.137.81)
[16:53:50] [CN] [Survivor   ] 23℃                               : !map
--=================================================================--
[01/11/2022 16:53:56] --- NEW MAP STARTED: c2m1_highway ---
--=================================================================--
[16:54:06] [CN] 23℃                               has joined (STEAM_1:0:246466989 | 61.179.137.81)
[16:54:15] [CN] [Survivor   ] 23℃                               : !match
--=================================================================--
[01/11/2022 16:54:18] --- NEW MAP STARTED: c2m1_highway ---
--=================================================================--
[16:57:17] [CN] [Survivor   ] 23℃                               : !map
--=================================================================--
[01/11/2022 16:57:34] --- NEW MAP STARTED: c8m5_rooftop ---
--=================================================================--
--=================================================================--
[01/11/2022 16:59:58] --- NEW MAP STARTED: c8m5_rooftop ---
--=================================================================--
[17:02:59] [CN] 23℃                               has joined (STEAM_1:0:246466989 | 61.179.137.81)
[17:03:09] [CN] [Survivor   ] 23℃                               : !match
--=================================================================--
[01/11/2022 17:04:36] --- NEW MAP STARTED: c8m5_rooftop ---
--=================================================================--
--=================================================================--
[01/11/2022 17:10:44] --- NEW MAP STARTED: c8m5_rooftop ---
--=================================================================--
[18:18:22] [CN] 23℃                               has joined (STEAM_1:0:246466989 | 61.162.51.206)
[18:18:32] [CN] [Survivor   ] 23℃                               : !match
--=================================================================--
[01/11/2022 18:18:51] --- NEW MAP STARTED: c8m5_rooftop ---
--=================================================================--
--=================================================================--
[01/11/2022 18:18:56] --- NEW MAP STARTED: c8m5_rooftop ---
--=================================================================--
[18:19:02] [CN] 23℃                               has joined (STEAM_1:0:246466989 | 61.162.51.206)
[18:19:25] [CN] [Survivor   ] 23℃                               : !weight
[18:23:26] [CN] [Survivor   ] 23℃                               : !weight all 4
[18:23:58] [CN] [Survivor   ] 23℃                               : !mode
[18:24:20] [CN] [Survivor   ] 23℃                               : !weight all 0
[18:24:32] [CN] [Survivor   ] 23℃                               : !timer all 0
[18:24:57] [CN] [Survivor   ] 23℃                               : !weight all 1
[18:25:27] [CN] [Survivor   ] 23℃                               : !timer all 1
[18:25:32] [CN] [Survivor   ] 23℃                               : !timer 1
[18:28:13] [CN] [Survivor   ] 23℃                               : !limit
[18:29:07] [CN] Lewis Finch                         has joined (STEAM_1:1:435439881 | 59.172.176.22)
[18:31:06] [CN] [Survivor   ] 23℃                               : !timer
[18:31:48] [CN] [Survivor   ] 23℃                               : !timer
[18:31:52] [CN] [Survivor   ] 23℃                               : !timer 0
[18:31:58] [CN] [Survivor   ] 23℃                               : !timer 0 0
[18:33:13] [CN] [Survivor   ] 23℃                               : !timer 5 5
[18:33:35] [CN] [Survivor   ] 23℃                               : !timer
[18:35:36] [CN] [Survivor   ] 23℃                               : !type
--=================================================================--
[01/11/2022 18:36:39] --- NEW MAP STARTED: c8m5_rooftop ---
--=================================================================--
[21:10:40] [CN] 23℃                               has joined (STEAM_1:0:246466989 | 61.179.137.81)
[21:11:10] [CN] [Survivor   ] 23℃                               : !map
--=================================================================--
[01/11/2022 21:11:20] --- NEW MAP STARTED: c2m1_highway ---
--=================================================================--
[21:11:31] [CN] 23℃                               has joined (STEAM_1:0:246466989 | 61.179.137.81)
[21:11:38] [CN] [Survivor   ] 23℃                               : !match
--=================================================================--
[01/11/2022 21:11:47] --- NEW MAP STARTED: c2m1_highway ---
--=================================================================--
--=================================================================--
[01/11/2022 21:11:53] --- NEW MAP STARTED: c2m1_highway ---
--=================================================================--
[21:12:02] [CN] 23℃                               has joined (STEAM_1:0:246466989 | 61.179.137.81)
[21:12:44] [CN] [Survivor   ] 23℃                               : !mode
[21:14:55] [CN] [Survivor   ] 23℃                               : !type spiiter
[21:15:08] [CN] [Survivor   ] 23℃                               : !type spitter
[21:16:10] [CN] [Survivor   ] 23℃                               : !type
[21:16:17] [CN] [Survivor   ] 23℃                               : !pasue
[21:16:26] [CN] [Survivor   ] 23℃                               : !type boomer
[21:17:14] [CN] [Survivor   ] 23℃                               : !tankbhhop
[21:17:27] [CN] [Survivor   ] 23℃                               : !type charger
[21:18:21] [CN] [Survivor   ] 23℃                               : !type
[21:18:26] [CN] [Survivor   ] 23℃                               : !type off
[21:20:02] [CN] [Survivor   ] 23℃                               : !limit
[21:20:07] [CN] [Survivor   ] 23℃                               : !limit all
[21:20:13] [CN] [Survivor   ] 23℃                               : !limit all 0
[21:22:18] [CN] [Survivor   ] 23℃                               : !limit all 4
[21:22:34] [CN] [Survivor   ] 23℃                               : !type random
[21:24:55] [CN] [Survivor   ] 23℃                               : !type random
[21:26:06] [CN] [Survivor   ] 23℃                               : !type random
[21:28:44] [CN] [Survivor   ] 23℃                               : !limit
[21:28:53] [CN] [Survivor   ] 23℃                               : !limit max 2
[21:29:23] [CN] [Survivor   ] 23℃                               : !limit max0
[21:29:32] [CN] [Survivor   ] 23℃                               : !limit max 0
[21:30:23] [CN] [Survivor   ] 23℃                               : !limit all 0
[21:31:47] [CN] [Survivor   ] 23℃                               : !limit group 2
[21:31:55] [CN] [Survivor   ] 23℃                               : !limit all 4
[21:32:48] [CN] [Survivor   ] 23℃                               : !limit max 2
[21:36:43] [CN] [Survivor   ] 23℃                               : !s
--=================================================================--
[01/11/2022 21:37:07] --- NEW MAP STARTED: c8m5_rooftop ---
--=================================================================--
[21:46:33] [CN] 23℃                               has joined (STEAM_1:0:246466989 | 61.179.137.81)
--=================================================================--
[01/11/2022 21:51:53] --- NEW MAP STARTED: c8m5_rooftop ---
--=================================================================--
[21:52:09] [CN] 23℃                               has joined (STEAM_1:0:246466989 | 61.179.137.81)
[21:52:46] [CN] [Survivor   ] 23℃                               : !map
--=================================================================--
[01/11/2022 21:52:52] --- NEW MAP STARTED: c2m2_fairgrounds ---
--=================================================================--
[21:52:59] [CN] 23℃                               has joined (STEAM_1:0:246466989 | 61.179.137.81)
[21:54:04] [CN] [Survivor   ] 23℃                               : !match
--=================================================================--
[01/11/2022 21:54:26] --- NEW MAP STARTED: c2m2_fairgrounds ---
--=================================================================--
--=================================================================--
[01/11/2022 21:54:32] --- NEW MAP STARTED: c2m2_fairgrounds ---
--=================================================================--
[21:54:38] [CN] 23℃                               has joined (STEAM_1:0:246466989 | 61.179.137.81)
[21:55:52] [CN] [Survivor   ] 23℃                               : !mode
[21:56:30] [CN] [Survivor   ] 23℃                               : !limit group 4
[21:57:35] [CN] [Survivor   ] 23℃                               : !weight
[21:59:27] [CN] [Survivor   ] 23℃                               : !weight hunter 4
[22:00:18] [CN] [Survivor   ] 23℃                               : !weight reset
[22:01:31] [CN] [Survivor   ] 23℃                               : !weight hunter 10
[22:09:11] [CN] Heartless shock                     has joined (STEAM_1:1:568479391 | 119.117.198.206)
[22:09:26] [CN] [Spectator  ] Heartless shock                     : !jg
[22:09:31] [CN] [Spectator  ] Heartless shock                     : !jg
--=================================================================--
[01/11/2022 22:28:34] --- NEW MAP STARTED: c2m3_coaster ---
--=================================================================--
[22:28:40] [CN] 23℃                               has joined (STEAM_1:0:246466989 | 61.179.137.81)
--=================================================================--
[01/11/2022 22:30:48] --- NEW MAP STARTED: c8m5_rooftop ---
--=================================================================--
