--=================================================================--
[21/11/2022 00:29:26] --- NEW MAP STARTED: c8m5_rooftop ---
--=================================================================--
[00:29:46] [CN] k2.听诗静夜分                  has joined (STEAM_1:1:441722709 | 219.159.206.59)
[00:30:06] [CN] [Survivor   ] k2.听诗静夜分                  : !match
--=================================================================--
[21/11/2022 00:30:18] --- NEW MAP STARTED: c8m5_rooftop ---
--=================================================================--
--=================================================================--
[21/11/2022 00:30:23] --- NEW MAP STARTED: c8m5_rooftop ---
--=================================================================--
[00:30:29] [CN] k2.听诗静夜分                  has joined (STEAM_1:1:441722709 | 219.159.206.59)
[00:30:38] [CN] [Spectator  ] k2.听诗静夜分                  : !jg
[00:30:48] [CN] [Spectator  ] k2.听诗静夜分                  : !jg
[00:31:01] [CN] [Spectator  ] k2.听诗静夜分                  : !hide
[00:31:03] [CN] [Spectator  ] k2.听诗静夜分                  : !match
[00:31:10] [CN] [Spectator  ] k2.听诗静夜分                  : !match
[00:31:13] [CN] [Spectator  ] k2.听诗静夜分                  : !join
--=================================================================--
[21/11/2022 00:31:48] --- NEW MAP STARTED: c8m5_rooftop ---
--=================================================================--
[00:31:55] [CN] k2.听诗静夜分                  has joined (STEAM_1:1:441722709 | 219.159.206.59)
[00:32:03] [CN] [Survivor   ] k2.听诗静夜分                  : !match
[00:32:12] [CN] [Survivor   ] k2.听诗静夜分                  : !match
--=================================================================--
[21/11/2022 00:32:16] --- NEW MAP STARTED: c8m5_rooftop ---
--=================================================================--
--=================================================================--
[21/11/2022 00:32:21] --- NEW MAP STARTED: c8m5_rooftop ---
--=================================================================--
[00:32:28] [CN] k2.听诗静夜分                  has joined (STEAM_1:1:441722709 | 219.159.206.59)
[00:32:50] [CN] [Survivor   ] k2.听诗静夜分                  : !mode
[00:35:17] [CN] [Survivor   ] k2.听诗静夜分                  : !mode
[00:36:37] [CN] [Survivor   ] k2.听诗静夜分                  : !s
[00:36:40] [CN] [Spectator  ] k2.听诗静夜分                  : !jg
[00:36:47] [CN] [Spectator  ] k2.听诗静夜分                  : !rmatch
--=================================================================--
[21/11/2022 00:37:05] --- NEW MAP STARTED: c8m5_rooftop ---
--=================================================================--
[00:37:13] [CN] k2.听诗静夜分                  has joined (STEAM_1:1:441722709 | 219.159.206.59)
--=================================================================--
[21/11/2022 00:38:48] --- NEW MAP STARTED: c8m5_rooftop ---
--=================================================================--
[19:20:26] [CN] wouldn't ya?                        has joined (STEAM_1:0:246466989 | 61.179.137.187)
[19:20:34] [CN] [Survivor   ] wouldn't ya?                        : !map
