--=================================================================--
[10/11/2022 22:11:55] --- NEW MAP STARTED: c2m1_highway ---
--=================================================================--
[22:12:05] [CN] Hitori Gotoh                        has joined (STEAM_1:0:246466989 | 112.6.193.17)
[22:12:16] [CN] [Survivor   ] Hitori Gotoh                        : !match
--=================================================================--
[10/11/2022 22:12:21] --- NEW MAP STARTED: c2m1_highway ---
--=================================================================--
--=================================================================--
[10/11/2022 22:12:27] --- NEW MAP STARTED: c2m1_highway ---
--=================================================================--
[22:12:36] [CN] Hitori Gotoh                        has joined (STEAM_1:0:246466989 | 112.6.193.17)
[22:12:45] [CN] [Survivor   ] Hitori Gotoh                        : !mdoe
[22:12:47] [CN] [Survivor   ] Hitori Gotoh                        : !mode
[22:14:08] [CN] [Survivor   ] Hitori Gotoh                        : !pause
[22:14:20] [CN] [Survivor   ] Hitori Gotoh                        : !ready
--=================================================================--
[10/11/2022 22:24:54] --- NEW MAP STARTED: c8m5_rooftop ---
--=================================================================--
[19:14:26] [CN] Hitori Gotoh                        has joined (STEAM_1:0:246466989 | 112.6.193.6)
[19:14:39] [CN] [Survivor   ] Hitori Gotoh                        : !matchj
[19:14:42] [CN] [Survivor   ] Hitori Gotoh                        : !match
