--=================================================================--
[03/12/2022 11:38:07] --- NEW MAP STARTED: c2m1_highway ---
--=================================================================--
[11:40:14] [CN] wouldn't ya?                        has joined (STEAM_1:0:246466989 | 61.179.137.197)
[11:41:23] [CN] [Survivor   ] wouldn't ya?                        : !
[11:41:37] [CN] [Survivor   ] wouldn't ya?                        : !vote
[11:41:48] [CN] [Survivor   ] wouldn't ya?                        : !vote
--=================================================================--
[03/12/2022 11:42:01] --- NEW MAP STARTED: c8m5_rooftop ---
--=================================================================--
[11:42:08] [CN] wouldn't ya?                        has joined (STEAM_1:0:246466989 | 61.179.137.197)
[11:42:14] [CN] [Survivor   ] wouldn't ya?                        : !match
--=================================================================--
[03/12/2022 11:48:20] --- NEW MAP STARTED: c2m1_highway ---
--=================================================================--
--=================================================================--
[03/12/2022 13:48:12] --- NEW MAP STARTED: c2m1_highway ---
--=================================================================--
[13:48:55] [CN] wouldn't ya?                        has joined (STEAM_1:0:246466989 | 61.179.137.197)
[13:49:07] [CN] [Survivor   ] wouldn't ya?                        : !map
[13:49:13] [CN] [Survivor   ] wouldn't ya?                        : !vote
[13:49:32] [CN] [Survivor   ] wouldn't ya?                        : !vote
--=================================================================--
[03/12/2022 13:50:14] --- NEW MAP STARTED: c8m5_rooftop ---
--=================================================================--
[13:50:22] [CN] wouldn't ya?                        has joined (STEAM_1:0:246466989 | 61.179.137.197)
[13:50:28] [CN] [Survivor   ] wouldn't ya?                        : !match
--=================================================================--
[03/12/2022 14:09:42] --- NEW MAP STARTED: c2m1_highway ---
--=================================================================--
[14:10:07] [CN] wouldn't ya?                        has joined (STEAM_1:0:246466989 | 61.179.137.197)
[14:10:19] [CN] [Survivor   ] wouldn't ya?                        : !map c8m5
--=================================================================--
[03/12/2022 14:10:23] --- NEW MAP STARTED: c8m5_rooftop ---
--=================================================================--
[14:10:31] [CN] wouldn't ya?                        has joined (STEAM_1:0:246466989 | 61.179.137.197)
[14:13:40] [CN] [Survivor   ] wouldn't ya?                        : !match
--=================================================================--
[03/12/2022 14:19:50] --- NEW MAP STARTED: c2m1_highway ---
--=================================================================--
[18:45:22] [CN] wouldn't ya?                        has joined (STEAM_1:0:246466989 | 61.162.51.140)
[18:45:58] [CN] ☯ I M A G I N E ☑               has joined (STEAM_1:0:625834323 | 120.239.45.250)
[18:45:58] [CN] Danke seb                           has joined (STEAM_1:0:632143659 | 183.217.59.21)
[18:46:07] [CN] [Survivor   ] ☯ I M A G I N E ☑               : 干嘛
[18:46:08] [CN] [Survivor   ] ☯ I M A G I N E ☑               : sb
[18:46:09] [CN] [Survivor   ] wouldn't ya?                        : !match
[18:46:17] [CN] [Survivor   ] wouldn't ya?                        : !match
--=================================================================--
[03/12/2022 19:35:16] --- NEW MAP STARTED: c2m1_highway ---
--=================================================================--
[11:51:19] [CN] wouldn't ya?                        has joined (STEAM_1:0:246466989 | 61.179.137.20)
[11:51:28] [CN] [Survivor   ] wouldn't ya?                        : !rs
