--=================================================================--
[31/01/2023 10:24:28] --- NEW MAP STARTED: c2m1_highway ---
--=================================================================--
[10:24:32] [CN] [Infected   ] 23℃                               : /match
--=================================================================--
[31/01/2023 10:31:39] --- NEW MAP STARTED: c2m1_highway ---
--=================================================================--
--=================================================================--
[31/01/2023 13:29:03] --- NEW MAP STARTED: c2m1_highway ---
--=================================================================--
[13:29:32] [CN] 23℃                               has joined (STEAM_1:0:246466989 | 223.149.53.89)
[13:29:45] [CN] [Infected   ] 23℃                               : /helpmenu
[13:30:44] [CN] [Infected   ] 23℃                               : /helpmenu
[13:32:42] [CN] [Infected   ] 23℃                               : /jg
[13:33:07] [CN] [Infected   ] 23℃                               : /match
--=================================================================--
[31/01/2023 14:09:18] --- NEW MAP STARTED: l4d2_daybreak01_hotel ---
--=================================================================--
[14:09:25] [CN] [Survivor   ] 23℃                               : /
[14:11:11] [CN] [Survivor   ] 23℃                               : /match
[14:11:16] [CN] [Survivor   ] 23℃                               : /match
--=================================================================--
[31/01/2023 14:28:44] --- NEW MAP STARTED: c2m1_highway ---
--=================================================================--
