--=================================================================--
[26/11/2022 18:04:51] --- NEW MAP STARTED: c2m1_highway ---
--=================================================================--
[18:05:02] [CN] wouldn't ya?                        has joined (STEAM_1:0:246466989 | 61.162.51.25)
[18:05:20] [CN] [Survivor   ] wouldn't ya?                        : !match
--=================================================================--
[26/11/2022 18:05:25] --- NEW MAP STARTED: c2m1_highway ---
--=================================================================--
--=================================================================--
[26/11/2022 18:05:30] --- NEW MAP STARTED: c2m1_highway ---
--=================================================================--
[18:05:39] [CN] wouldn't ya?                        has joined (STEAM_1:0:246466989 | 61.162.51.25)
[18:08:15] [CN] [Survivor   ] wouldn't ya?                        : !hide
[18:08:18] [CN] [Survivor   ] wouldn't ya?                        : !vote
[18:09:04] [CN] [Survivor   ] wouldn't ya?                        : !show
[18:09:08] [CN] 否认                              has joined (STEAM_1:1:529057840 | 39.184.114.131)
[18:09:18] [CN] [Survivor   ] wouldn't ya?                        : 你破电脑什么时候换
[18:09:25] [CN] [Survivor   ] wouldn't ya?                        : 加载半天
[18:09:29] [CN] [Spectator  ] 否认                              : 10 nian
[18:09:37] [CN] [Survivor   ] wouldn't ya?                        : 速速重进
[18:09:42] [CN] [Survivor   ] wouldn't ya?                        : 6
[18:10:09] [CN] [Infected   ] 否认                              : ka kak a
[18:10:31] [CN] [Infected   ] 否认                              : )
[18:11:21] [CN] [Infected   ] 否认                              : D
[18:11:50] [CN] [Infected   ] 否认                              : D
[18:12:18] [CN] [Infected   ] 否认                              : ?
[18:12:21] [CN] [Infected   ] 否认                              : REN NE
[18:12:28] [CN] [Infected   ] 否认                              : WOCAO
[18:12:33] [CN] [Infected   ] 否认                              : 你好邪恶
[18:12:45] [CN] [Infected   ] 否认                              : 我还以为你掉线了
[18:12:49] [CN] [Infected   ] 否认                              : 结果玩阴的
[18:13:43] [CN] [Infected   ] 否认                              : ci
[18:13:44] [CN] [Infected   ] 否认                              : d
[18:14:18] [CN] [Survivor   ] 否认                              : kaka
[18:14:21] [CN] [Survivor   ] 否认                              : diao zhen
[18:14:23] [CN] [Survivor   ] 否认                              : ok
[18:15:51] [CN] [Survivor   ] 否认                              : ?
[18:16:23] [CN] [Survivor   ] 否认                              : ?
[18:16:25] [CN] [Survivor   ] 否认                              : li pu
[18:16:41] [CN] [Survivor   ] 否认                              : made
[18:16:44] [CN] [Survivor   ] 否认                              : li pu
--=================================================================--
[26/11/2022 18:17:01] --- NEW MAP STARTED: c2m2_fairgrounds ---
--=================================================================--
[18:17:09] [CN] wouldn't ya?                        has joined (STEAM_1:0:246466989 | 61.162.51.25)
[18:18:25] [CN] 否认                              has joined (STEAM_1:1:529057840 | 39.184.114.131)
[18:18:31] [CN] [Survivor   ] wouldn't ya?                        : !hide
[18:18:33] [CN] [Survivor   ] wouldn't ya?                        : !vote
[18:18:44] [CN] [Survivor   ] wouldn't ya?                        : !show
[18:18:59] [CN] [Infected   ] 否认                              : 6
[18:19:02] [CN] [Infected   ] 否认                              : haha
[18:19:51] [CN] [Infected   ] 否认                              : D
[18:20:55] [CN] [Infected   ] 否认                              : D
[18:21:00] [CN] [Infected   ] 否认                              : )
[18:21:14] [CN] [Infected   ] 否认                              : 666
[18:21:58] [CN] [Infected   ] 否认                              : D
[18:22:38] [CN] [Infected   ] 否认                              : 我要炒粉
[18:23:35] [CN] [Survivor   ] 否认                              : made
[18:23:52] [CN] [Survivor   ] 否认                              : huan dqf
[18:23:55] [CN] [Infected   ] wouldn't ya?                        : 6
--=================================================================--
[26/11/2022 18:24:52] --- NEW MAP STARTED: c2m3_coaster ---
--=================================================================--
[18:24:59] [CN] wouldn't ya?                        has joined (STEAM_1:0:246466989 | 61.162.51.25)
[18:25:21] [CN] 否认                              has joined (STEAM_1:1:529057840 | 39.184.114.131)
[18:25:32] [CN] [Survivor   ] wouldn't ya?                        : !VOTE
[18:27:19] [CN] [Infected   ] 否认                              : d
[18:27:37] [CN] [Infected   ] 否认                              : 炒粉
[18:28:41] [CN] [Survivor   ] 否认                              : wc
[18:29:13] [CN] [Survivor   ] 否认                              : wc
[18:29:15] [CN] [Infected   ] wouldn't ya?                        : 6
[18:30:30] [CN] [Survivor   ] 否认                              : 哪里让我了？
--=================================================================--
[26/11/2022 18:30:39] --- NEW MAP STARTED: c2m4_barns ---
--=================================================================--
[18:30:49] [CN] wouldn't ya?                        has joined (STEAM_1:0:246466989 | 61.162.51.25)
[18:31:08] [CN] 否认                              has joined (STEAM_1:1:529057840 | 39.184.114.131)
[18:31:17] [CN] [Infected   ] 否认                              : 不就是找不到活位吗
[18:31:20] [CN] [Infected   ] 否认                              : d
[18:31:26] [CN] [Survivor   ] wouldn't ya?                        : !hide
[18:31:28] [CN] [Survivor   ] wouldn't ya?                        : !Vote
[18:31:35] [CN] [Survivor   ] wouldn't ya?                        : !show
[18:32:04] [CN] [Infected   ] 否认                              : d
[18:32:05] [CN] [Infected   ] 否认                              : 6
[18:32:54] [CN] [Infected   ] 否认                              : 6
[18:33:44] [CN] [Infected   ] 否认                              : d
[18:35:12] [CN] [Infected   ] 否认                              : D
[18:35:50] [CN] [Survivor   ] 否认                              : 炒粉
[18:38:11] [CN] [Survivor   ] 否认                              : 2
[18:38:15] [CN] [Survivor   ] 否认                              : 玩把清道夫
--=================================================================--
[26/11/2022 18:38:22] --- NEW MAP STARTED: c2m5_concert ---
--=================================================================--
[18:38:29] [CN] wouldn't ya?                        has joined (STEAM_1:0:246466989 | 61.162.51.25)
[18:38:36] [CN] [Survivor   ] wouldn't ya?                        : !msp
[18:38:39] [CN] [Survivor   ] wouldn't ya?                        : !hide
[18:38:41] [CN] [Survivor   ] wouldn't ya?                        : !map
--=================================================================--
[26/11/2022 18:38:50] --- NEW MAP STARTED: c8m5_rooftop ---
--=================================================================--
[18:38:57] [CN] wouldn't ya?                        has joined (STEAM_1:0:246466989 | 61.162.51.25)
[18:39:10] [CN] [Survivor   ] wouldn't ya?                        : !hide
[18:39:12] [CN] [Survivor   ] wouldn't ya?                        : !match
[18:39:17] [CN] [Survivor   ] wouldn't ya?                        : !rmatch
[18:39:20] [CN] 否认                              has joined (STEAM_1:1:529057840 | 39.184.114.131)
[18:39:32] [CN] [Survivor   ] wouldn't ya?                        : !rmatchj
[18:39:35] [CN] [Survivor   ] wouldn't ya?                        : !rmatch
[18:39:41] [CN] [Survivor   ] wouldn't ya?                        : !match
--=================================================================--
[26/11/2022 18:39:46] --- NEW MAP STARTED: c8m5_rooftop ---
--=================================================================--
[18:39:52] [CN] [Survivor   ] wouldn't ya?                        : !match
--=================================================================--
[26/11/2022 18:39:58] --- NEW MAP STARTED: c8m5_rooftop ---
--=================================================================--
--=================================================================--
[26/11/2022 18:40:02] --- NEW MAP STARTED: c8m5_rooftop ---
--=================================================================--
[18:40:09] [CN] wouldn't ya?                        has joined (STEAM_1:0:246466989 | 61.162.51.25)
[18:40:20] [CN] 否认                              has joined (STEAM_1:1:529057840 | 39.184.114.131)
[18:40:29] [CN] [Survivor   ] wouldn't ya?                        : !hide
[18:40:33] [CN] [Survivor   ] wouldn't ya?                        : !vote
[18:40:43] [CN] [Survivor   ] wouldn't ya?                        : !show
[18:40:44] [CN] [Infected   ] 否认                              : wt
[18:40:52] [CN] [Infected   ] 否认                              : 草
[18:40:52] [CN] [Survivor   ] wouldn't ya?                        : ?
[18:40:54] [CN] [Infected   ] 否认                              : 这是关闭
[18:40:58] [CN] [Survivor   ] wouldn't ya?                        : 6
[18:41:02] [CN] [Survivor   ] wouldn't ya?                        : !hide
[18:41:04] [CN] [Survivor   ] wouldn't ya?                        : !vote
[18:41:09] [CN] [Infected   ] 否认                              : goo
[18:41:13] [CN] [Survivor   ] wouldn't ya?                        : !show
[18:41:18] [CN] [Infected   ] 否认                              : 6
[18:41:20] [CN] [Infected   ] 否认                              : ggo
[18:41:30] [CN] [Infected   ] 否认                              : Bushi
[18:41:40] [CN] [Infected   ] 否认                              : 是刚刚弹出失败的声音
[18:41:56] [CN] [Infected   ] 否认                              : 6
[18:42:23] [CN] [Infected   ] 否认                              : nice
[18:42:25] [CN] [Infected   ] 否认                              : D
[18:42:50] [CN] [Infected   ] 否认                              : !S
[18:44:01] [CN] [Infected   ] 否认                              : 6
[18:44:14] [CN] [Infected   ] 否认                              : ?
[18:44:16] [CN] [Infected   ] 否认                              : 离谱
[18:44:34] [CN] [Infected   ] 否认                              : 建议不打包
[18:45:09] [CN] [Infected   ] 否认                              : 打完小把溜了
[18:45:15] [CN] [Survivor   ] 否认                              : 别我好友战役去了
[18:45:29] [CN] [Survivor   ] 否认                              : 陪
[18:48:29] [CN] [Survivor   ] 否认                              : 6
[18:48:30] [CN] [Survivor   ] 否认                              : (TEAM) run
[18:48:31] [CN] [Survivor   ] 否认                              : run
--=================================================================--
[26/11/2022 18:48:50] --- NEW MAP STARTED: c8m5_rooftop ---
--=================================================================--
--=================================================================--
[26/11/2022 18:53:47] --- NEW MAP STARTED: c8m5_rooftop ---
--=================================================================--
