--=================================================================--
[20/11/2022 15:35:21] --- NEW MAP STARTED: c8m5_rooftop ---
--=================================================================--
--=================================================================--
[20/11/2022 15:35:26] --- NEW MAP STARTED: c8m5_rooftop ---
--=================================================================--
[15:35:32] [CN] wouldn't ya?                        has joined (STEAM_1:0:246466989 | 61.179.137.110)
[15:36:06] [CN] 否认                              has joined (STEAM_1:1:529057840 | 39.184.123.203)
[15:37:00] [CN] [Infected   ] 否认                              : 要不玩c2？
[15:37:15] [CN] [Survivor   ] wouldn't ya?                        : 不晓得
[15:37:33] [CN] [Survivor   ] wouldn't ya?                        : 驳船玩吗
[15:37:36] [CN] [Infected   ] 否认                              : 22？
[15:37:39] [CN] [Survivor   ] wouldn't ya?                        : en
[15:37:45] [CN] [Infected   ] 否认                              : 清道夫吗
[15:37:46] [CN] [Survivor   ] wouldn't ya?                        : v7m2
[15:37:50] [CN] [Survivor   ] wouldn't ya?                        : dui
[15:38:07] [CN] [Survivor   ] wouldn't ya?                        : 你应该从来没玩过
[15:38:09] [CN] [Survivor   ] wouldn't ya?                        : D
[15:38:35] [CN] [Infected   ] 否认                              : 以前dt组织过
[15:38:39] [CN] [Infected   ] 否认                              : 这张图
[15:38:41] [CN] [Survivor   ] wouldn't ya?                        : o
[15:38:42] [CN] [Infected   ] 否认                              : 但我没打
[15:39:54] [CN] [Infected   ] 否认                              : 风铃人呢
[15:40:02] [CN] [Survivor   ] wouldn't ya?                        : 等他下个语音
[15:40:05] [CN] [Survivor   ] wouldn't ya?                        : 别急
[15:40:11] [CN] [Survivor   ] wouldn't ya?                        : 先换图
[15:40:15] [CN] [Infected   ] 否认                              : ok
[15:40:17] [CN] [Survivor   ] wouldn't ya?                        : 我服vote换图
[15:40:26] [CN] [Survivor   ] wouldn't ya?                        : 你投试试
[15:40:29] [CN] [Infected   ] 否认                              : !Vote
[15:40:30] [CN] [Survivor   ] wouldn't ya?                        : c7m2
[15:40:31] [CN] [Infected   ] 否认                              : !hide
[15:40:33] [CN] [Infected   ] 否认                              : !Vote
[15:40:37] [CN] [Infected   ] 否认                              : !Vote
--=================================================================--
[20/11/2022 15:40:52] --- NEW MAP STARTED: c7m2_barge ---
--=================================================================--
[15:41:00] [CN] wouldn't ya?                        has joined (STEAM_1:0:246466989 | 61.179.137.110)
[15:41:31] [CN] 否认                              has joined (STEAM_1:1:529057840 | 39.184.123.203)
[15:41:59] [CN] [Infected   ] wouldn't ya?                        : 这插件有bug
[15:42:07] [CN] [Infected   ] wouldn't ya?                        : 除了屋顶他不会两次准备
[15:42:20] [CN] [Infected   ] wouldn't ya?                        : 刚刚我直接跳过了
[15:42:58] [CN] 原神我的最爱                  has joined (STEAM_1:1:633054431 | 112.94.174.236)
--=================================================================--
[20/11/2022 15:43:17] --- NEW MAP STARTED: c7m2_barge ---
--=================================================================--
[15:43:24] [CN] wouldn't ya?                        has joined (STEAM_1:0:246466989 | 61.179.137.110)
[15:45:05] [CN] 否认                              has joined (STEAM_1:1:529057840 | 39.184.123.203)
[15:45:13] [CN] [Survivor   ] 否认                              : o
[15:45:21] [CN] [Survivor   ] wouldn't ya?                        : 过去
[15:45:34] [CN] [Infected   ] 否认                              : 我去吹个头发
[15:45:41] [CN] [Infected   ] 否认                              : 风铃要啥时候好
[15:47:29] [CN] [Infected   ] 否认                              : (
[15:47:39] [CN] [Survivor   ] wouldn't ya?                        : 枫澪马上就好
[15:47:42] [CN] [Survivor   ] wouldn't ya?                        : 挺尸呢
[15:47:51] [CN] [Infected   ] 否认                              : ast
[15:47:57] [CN] [Survivor   ] wouldn't ya?                        : D
[15:48:09] [CN] [Survivor   ] wouldn't ya?                        : 这回我把他好友加上
[15:48:28] [CN] [Infected   ] 否认                              : d
[15:48:38] [CN] [Infected   ] 否认                              : 我也要你好友
[15:48:46] [CN] [Survivor   ] wouldn't ya?                        : 你谁
[15:49:04] [CN] [Infected   ] 否认                              : 清道夫老玩家
[15:49:09] [CN] [Infected   ] 否认                              : 江湖人称
[15:49:12] [CN] [Survivor   ] wouldn't ya?                        : 不是我好大儿？
[15:49:14] [CN] [Infected   ] 否认                              : 鲸鱼的寄节
[15:49:14] [CN] [Survivor   ] wouldn't ya?                        : D?
[15:49:27] [CN] [Infected   ] 否认                              : 我三个不孝子
[15:49:32] [CN] [Survivor   ] wouldn't ya?                        : 66
[15:49:35] [CN] [Infected   ] 否认                              : 你 fly qoob
[15:49:40] [CN] [Survivor   ] wouldn't ya?                        : QOOB
[15:49:46] [CN] [Survivor   ] wouldn't ya?                        : qoob怎么了你
[15:49:57] [CN] [Infected   ] 否认                              : 啥
[15:50:13] [CN] [Survivor   ] wouldn't ya?                        : 你和认识他？
[15:50:29] [CN] [Infected   ] 否认                              : 他刚玩的时候我就认识了
[15:50:33] [CN] [Infected   ] 否认                              : 他一直开小号玩的
[15:50:40] [CN] [Survivor   ] wouldn't ya?                        : 嚯
[15:50:46] [CN] [Survivor   ] wouldn't ya?                        : 他那会还是小可爱呢
[15:50:51] [CN] [Survivor   ] wouldn't ya?                        : 现在好凶
[15:53:44] [CN] [Infected   ] 否认                              : 还没好
[15:53:47] [CN] [Infected   ] 否认                              : 早知道洗澡去了
[15:53:54] [CN] [Survivor   ] wouldn't ya?                        : 在催了在催了
[15:54:00] [CN] Managic                             has joined (STEAM_1:0:503063231 | 106.6.40.244)
[15:54:07] [CN] [Survivor   ] wouldn't ya?                        : 来了
[15:54:14] [CN] [Infected   ] 否认                              : ok
[15:54:43] [CN] [Infected   ] 否认                              : ma shang lai le
[15:55:49] [CN] [Survivor   ] Managic                             : (TEAM) 6点10分晚自习
[15:57:23] [CN] [Survivor   ] wouldn't ya?                        : pk?
[15:57:26] [CN] [Survivor   ] wouldn't ya?                        : ok?
[15:57:30] [CN] [Infected   ] 否认                              : ma shang
[15:58:54] [CN] CY                                  has joined (STEAM_1:1:566778073 | 113.99.5.62)
[15:58:55] [CN] [Infected   ] 否认                              : 在加载了
[15:59:13] [CN] [Infected   ] 否认                              : o
[15:59:17] [CN] [Survivor   ] wouldn't ya?                        : 占位咯
[15:59:20] [CN] [Infected   ] CY                                  : !S
[15:59:24] [CN] [Survivor   ] wouldn't ya?                        : 挺尸要来
[15:59:28] [CN] [Spectator  ] CY                                  : 测试服？
[15:59:31] [CN] [Survivor   ] wouldn't ya?                        : ang
[15:59:34] [CN] [Infected   ] 否认                              : 挺尸说条不动
[15:59:36] [CN] [Infected   ] 否认                              : 重进下
[16:00:08] [CN] [Spectator  ] CY                                  : 今晚来场zm？
[16:00:14] [CN] [Survivor   ] wouldn't ya?                        : 晚自习
[16:00:19] [CN] k2.听诗静夜分                  has joined (STEAM_1:1:441722709 | 219.159.206.59)
[16:00:20] [CN] [Infected   ] 否认                              : 今晚跟我无缘了
[16:00:24] [CN] [Spectator  ] CY                                  : 几点结束
[16:00:28] [CN] [Survivor   ] wouldn't ya?                        : 9
[16:00:28] [CN] [Spectator  ] k2.听诗静夜分                  : ah
[16:01:14] [CN] [Infected   ] k2.听诗静夜分                  : (TEAM) ke yi a
[16:01:19] [CN] [Infected   ] 否认                              : (TEAM) gogo
[16:01:21] [CN] [Survivor   ] wouldn't ya?                        : r
[16:02:17] [CN] [Infected   ] 否认                              : (TEAM) 3
[16:02:20] [CN] [Infected   ] k2.听诗静夜分                  : (TEAM) c
[16:03:27] [CN] [Spectator  ] CY                                  : /spectate
[16:04:06] [CN] [Survivor   ] 否认                              : (TEAM) ?
[16:04:10] [CN] [Survivor   ] 否认                              : (TEAM) ha ren
[16:04:53] [CN] [Spectator  ] CY                                  : /spectate
[16:07:46] [CN] [Survivor   ] 否认                              : (TEAM) 离谱
[16:07:54] [CN] [Survivor   ] 否认                              : (TEAM) 这两天求生打的和屎一样
[16:08:18] [CN] [Spectator  ] CY                                  : /spectate
[16:10:11] [CN] [Spectator  ] CY                                  : /spectate
[16:11:01] [CN] [Infected   ] wouldn't ya?                        : 是地图的原因吗D?
[16:11:06] [CN] [Survivor   ] k2.听诗静夜分                  : 是
[16:11:08] [CN] [Survivor   ] 否认                              : 是
[16:11:09] [CN] [Survivor   ] k2.听诗静夜分                  : c==3
[16:11:15] [CN] [Survivor   ] wouldn't ya?                        : 那要不继续c8m5
[16:11:21] [CN] [Infected   ] k2.听诗静夜分                  : c2
[16:11:23] [CN] [Infected   ] k2.听诗静夜分                  : :D
[16:11:25] [CN] [Survivor   ] wouldn't ya?                        : ok
[16:11:28] [CN] [Survivor   ] wouldn't ya?                        : !map
[16:11:29] [CN] [Spectator  ] CY                                  : /spectate
[16:11:32] [CN] [Survivor   ] wouldn't ya?                        : !hide
[16:11:34] [CN] [Survivor   ] wouldn't ya?                        : !map
--=================================================================--
[20/11/2022 16:11:41] --- NEW MAP STARTED: c2m1_highway ---
--=================================================================--
[16:11:52] [CN] wouldn't ya?                        has joined (STEAM_1:0:246466989 | 61.179.137.110)
[16:11:55] [CN] k2.听诗静夜分                  has joined (STEAM_1:1:441722709 | 219.159.206.59)
[16:11:55] [CN] CY                                  has joined (STEAM_1:1:566778073 | 113.99.5.62)
[16:11:56] [CN] Managic                             has joined (STEAM_1:0:503063231 | 106.6.40.244)
[16:11:57] [CN] [Spectator  ] CY                                  : /spectate
--=================================================================--
[20/11/2022 16:12:22] --- NEW MAP STARTED: c2m1_highway ---
--=================================================================--
[16:12:32] [CN] wouldn't ya?                        has joined (STEAM_1:0:246466989 | 61.179.137.110)
[16:12:33] [CN] k2.听诗静夜分                  has joined (STEAM_1:1:441722709 | 219.159.206.59)
[16:12:33] [CN] CY                                  has joined (STEAM_1:1:566778073 | 113.99.5.62)
[16:12:33] [CN] Managic                             has joined (STEAM_1:0:503063231 | 106.6.40.244)
[16:12:35] [CN] [Spectator  ] CY                                  : /spectate
[16:12:49] [CN] [Infected   ] k2.听诗静夜分                  : (TEAM) 你女子 
[16:12:51] [CN] 否认                              has joined (STEAM_1:1:529057840 | 39.184.123.203)
[16:12:53] [CN] [Spectator  ] CY                                  : /spectate
[16:13:08] [CN] [Infected   ] k2.听诗静夜分                  : (TEAM) 不换吗
[16:13:15] [CN] [Survivor   ] 否认                              : !s
[16:13:21] [CN] [Infected   ] wouldn't ya?                        : 什么
[16:13:24] [CN] [Spectator  ] 否认                              : cao
[16:13:26] [CN] [Infected   ] k2.听诗静夜分                  : (TEAM) 没啥
[16:13:29] [CN] [Infected   ] k2.听诗静夜分                  : (TEAM) 我和鸡桑一堆
[16:13:33] [CN] [Infected   ] k2.听诗静夜分                  : (TEAM) ?
[16:13:36] [CN] [Infected   ] k2.听诗静夜分                  : (TEAM) 我过不去了
[16:13:42] [CN] [Spectator  ] wouldn't ya?                        : 我也过不去
[16:13:44] [CN] [Infected   ] k2.听诗静夜分                  : !s
[16:13:46] [CN] [Infected   ] 否认                              : 草
[16:13:48] [CN] [Spectator  ] CY                                  : BUG了。。。
[16:13:49] [CN] [Infected   ] 否认                              : 我也是
[16:13:54] [CN] [Survivor   ] k2.听诗静夜分                  : ok
[16:14:01] [CN] [Infected   ] 否认                              : !s
[16:14:28] [CN] [Survivor   ] 否认                              : (TEAM) ok
[16:18:08] [CN] [Survivor   ] 否认                              : (TEAM) shuai
[16:19:29] [CN] [Survivor   ] 否认                              : (TEAM) yea
[16:19:49] [CN] [Spectator  ] CY                                  : /spectate
[16:20:28] [CN] [Infected   ] 否认                              : (TEAM) 我在玩10分钟下了
[16:20:33] [CN] [Infected   ] 否认                              : (TEAM) 要上学
[16:20:36] [CN] [Infected   ] 否认                              : (TEAM) (
[16:20:36] [CN] [Infected   ] k2.听诗静夜分                  : (TEAM) ok
[16:20:40] [CN] [Infected   ] k2.听诗静夜分                  : (TEAM) =3
[16:20:57] [CN] [Spectator  ] CY                                  : /spectate
[16:23:29] [CN] [Infected   ] 否认                              : (TEAM) d
[16:23:31] [CN] [Infected   ] k2.听诗静夜分                  : (TEAM) :3
[16:23:48] [CN] [Infected   ] 否认                              : (TEAM) d
[16:23:48] [CN] [Infected   ] 否认                              : d
[16:25:09] [CN] [Infected   ] 否认                              : (TEAM) 忘记会扑到到底的了
[16:25:11] [CN] [Infected   ] 否认                              : (TEAM) cao
[16:25:47] [CN] [Infected   ] 否认                              : (TEAM) (
[16:25:48] [CN] [Infected   ] 否认                              : (TEAM) 没事
[16:25:51] [CN] [Infected   ] 否认                              : (TEAM) 黄一个
[16:25:54] [CN] [Infected   ] 否认                              : (TEAM) (
[16:26:17] [CN] [Infected   ] 否认                              : (TEAM) d
[16:26:18] [CN] [Infected   ] 否认                              : (TEAM) )
[16:26:30] [CN] [Infected   ] 否认                              : (TEAM) 生还玩完下
[16:26:35] [CN] [Infected   ] 否认                              : (TEAM) 不然要迟到了
[16:26:38] [CN] [Infected   ] 否认                              : (TEAM) (
[16:26:59] [CN] [Spectator  ] CY                                  : /spectate
[16:27:04] [CN] [Infected   ] wouldn't ya?                        : (TEAM) r
[16:27:06] [CN] [Spectator  ] CY                                  : 今晚打三方图？
[16:27:12] [CN] [Survivor   ] k2.听诗静夜分                  : dou key i
[16:27:14] [CN] [Infected   ] wouldn't ya?                        : 随意
[16:27:22] [CN] [Spectator  ] CY                                  : 我问兔子装了什么图
[16:29:44] [CN] 小鸟游六花                     has joined (STEAM_1:1:509380302 | 123.127.218.58)
[16:30:09] [CN] [Spectator  ] 小鸟游六花                     : (TEAM) !admin
[16:31:12] [CN] [Survivor   ] 否认                              : (TEAM) run
[16:31:18] [CN] [Survivor   ] k2.听诗静夜分                  : (TEAM) :0
[16:31:27] [CN] [Survivor   ] k2.听诗静夜分                  : 上学去了他
[16:31:30] [CN] [Infected   ] wouldn't ya?                        : 还玩吗
[16:31:33] [CN] [Survivor   ] k2.听诗静夜分                  : 纪念
[16:31:37] [CN] [Infected   ] wouldn't ya?                        : 纪念
[16:31:37] [CN] [Survivor   ] k2.听诗静夜分                  : 我都行
[16:31:44] [CN] [Infected   ] wouldn't ya?                        : 玩就m一个
[16:31:49] [CN] [Spectator  ] CY                                  : 今晚打什么三方图
[16:31:53] [CN] [Survivor   ] k2.听诗静夜分                  : 活死人！
[16:31:56] [CN] [Survivor   ] k2.听诗静夜分                  : 贼好玩
[16:31:56] [CN] [Spectator  ] CY                                  : 好
[16:32:09] [CN] [Spectator  ] CY                                  : 一张官图一张三方图咯？
[16:32:14] [CN] [Survivor   ] k2.听诗静夜分                  : 问问别人
[16:32:16] [CN] [Infected   ] wouldn't ya?                        : 没时间
[16:32:16] [CN] [Spectator  ] CY                                  : 救援关不打
[16:32:20] [CN] [Infected   ] wouldn't ya?                        : 我10点熄灯
[16:32:27] [CN] [Infected   ] wouldn't ya?                        : 10点半
[16:32:28] [CN] [Survivor   ] k2.听诗静夜分                  : 这图好玩不过挺绕
[16:32:33] [CN] [Spectator  ] CY                                  : 那就一张吧
[16:32:38] [CN] [Survivor   ] k2.听诗静夜分                  : 那怎么说
[16:32:42] [CN] [Survivor   ] k2.听诗静夜分                  : 三方还是官图
[16:32:49] [CN] [Spectator  ] CY                                  : 除非有人替金鱼
[16:32:53] [CN] [Spectator  ] CY                                  : 三方图
[16:33:08] [CN] [Spectator  ] CY                                  : 摸鱼是不是金鱼
[16:33:12] [CN] [Infected   ] wouldn't ya?                        : shi
[16:33:30] [CN] [Infected   ] wouldn't ya?                        : 没人玩就歇了
[16:33:33] [CN] [Infected   ] wouldn't ya?                        : 玩就m一个
[16:33:36] [CN] [Spectator  ] CY                                  : M不了
[16:33:39] [CN] [Spectator  ] CY                                  : BUG
[16:33:39] [CN] [Infected   ] wouldn't ya?                        : ee
[16:33:41] [CN] [Survivor   ] k2.听诗静夜分                  : !s
[16:33:49] [CN] [Spectator  ] k2.听诗静夜分                  : woc
[16:33:51] [CN] [Spectator  ] CY                                  : !S
[16:33:51] [CN] [Infected   ] wouldn't ya?                        : 难搞
[16:34:03] [CN] [Infected   ] wouldn't ya?                        : 那只能重启地图了
[16:34:06] [CN] [Spectator  ] k2.听诗静夜分                  : 特感旁观去生还试试
[16:34:06] [CN] [Infected   ] wouldn't ya?                        : 你们还玩吗
[16:34:15] [CN] [Spectator  ] k2.听诗静夜分                  : 然后再换回来
[16:34:15] [CN] [Infected   ] wouldn't ya?                        : m不了
[16:34:17] [CN] [Spectator  ] k2.听诗静夜分                  : :D
[16:34:22] [CN] [Spectator  ] k2.听诗静夜分                  : 切旁观
[16:34:31] [CN] [Spectator  ] CY                                  : 晚会
[16:34:31] [CN] [Infected   ] k2.听诗静夜分                  : !s
[16:34:44] [CN] [Infected   ] CY                                  : (TEAM) 我没开声音
[16:34:49] [CN] [Infected   ] k2.听诗静夜分                  : (TEAM) 那你听得见我吗
[16:34:50] [CN] [Infected   ] CY                                  : (TEAM) 在公司
[16:34:50] [CN] [Spectator  ] 小鸟游六花                     : /spectate
[16:35:00] [CN] [Infected   ] k2.听诗静夜分                  : (TEAM) 我方便讲话吗？
[16:35:08] [CN] [Infected   ] CY                                  : (TEAM) 随便
[16:35:11] [CN] [Infected   ] k2.听诗静夜分                  : (TEAM) ok
[16:35:26] [CN] [Infected   ] CY                                  : (TEAM) 反正也听不到
[16:35:33] [CN] [Infected   ] k2.听诗静夜分                  : (TEAM) 那没事了
[16:35:44] [CN] [Infected   ] k2.听诗静夜分                  : (TEAM) 意念沟通
[16:35:58] [CN] [Infected   ] k2.听诗静夜分                  : (TEAM) wuhu
[16:36:16] [CN] [Infected   ] k2.听诗静夜分                  : !admin
[16:36:17] [CN] [Infected   ] k2.听诗静夜分                  : !admin
[16:36:17] [CN] [Infected   ] CY                                  : (TEAM) 有机会上就完事了
[16:36:23] [CN] [Infected   ] k2.听诗静夜分                  : (TEAM) ok
[16:38:16] [CN] [Infected   ] k2.听诗静夜分                  : :0
[16:38:17] [CN] [Survivor   ] wouldn't ya?                        : cao
[16:38:17] [CN] [Infected   ] CY                                  :  
[16:38:36] [CN] [Infected   ] k2.听诗静夜分                  : !s
[16:39:21] [CN] [Survivor   ] wouldn't ya?                        : gg
[16:39:39] [CN] [Infected   ] Managic                             : 建议加个设定
[16:39:50] [CN] [Infected   ] Managic                             : 抱着桶可以推ht
[16:39:51] [CN] [Survivor   ] CY                                  : (TEAM) 牛血量是不是不足650
[16:39:54] [CN] [Infected   ] Managic                             : (
[16:39:56] [CN] [Survivor   ] CY                                  : (TEAM) 600
[16:39:58] [CN] [Survivor   ] k2.听诗静夜分                  : (TEAM) 不是600整吗
[16:40:01] [CN] [Infected   ] wouldn't ya?                        : )
[16:40:04] [CN] [Survivor   ] CY                                  : (TEAM) 对 600
[16:40:06] [CN] [Survivor   ] k2.听诗静夜分                  : (TEAM) ying gai shi 600
[16:40:55] [CN] [Survivor   ] k2.听诗静夜分                  : (TEAM) waaaaaaaa
[16:41:29] [CN] [Survivor   ] CY                                  : (TEAM) 我还是跟在你后面
[16:41:35] [CN] [Survivor   ] k2.听诗静夜分                  : (TEAM) cheng
[16:42:02] [CN] [Survivor   ] CY                                  : !zs
[16:42:05] [CN] [Survivor   ] k2.听诗静夜分                  : (TEAM) ;9
[16:42:09] [CN] [Survivor   ] CY                                  : (TEAM) 震
[16:42:12] [CN] [Survivor   ] k2.听诗静夜分                  : (TEAM) 我滴
[16:42:15] [CN] [Survivor   ] k2.听诗静夜分                  : (TEAM) 我的
[16:42:23] [CN] [Survivor   ] k2.听诗静夜分                  : (TEAM) 没对准
[16:42:33] [CN] [Survivor   ] CY                                  : (TEAM) 出来直接上
[16:42:40] [CN] [Survivor   ] Managic                             : (TEAM) 存活45s即可
[16:42:40] [CN] [Infected   ] k2.听诗静夜分                  : (TEAM) enh
[16:42:43] [CN] [Survivor   ] wouldn't ya?                        : (TEAM) 6
[16:43:23] [CN] [Infected   ] k2.听诗静夜分                  : (TEAM) 给机会
[16:43:39] [CN] [Survivor   ] wouldn't ya?                        : gg
[16:43:39] [CN] [Infected   ] k2.听诗静夜分                  : (TEAM) wocccccc
[16:43:58] [CN] [Infected   ] k2.听诗静夜分                  : 还整不
[16:44:03] [CN] [Survivor   ] wouldn't ya?                        : 我都行
[16:44:05] [CN] [Infected   ] CY                                  : 怎么不动了
--=================================================================--
[20/11/2022 16:44:16] --- NEW MAP STARTED: c2m1_highway ---
--=================================================================--
[16:44:26] [CN] wouldn't ya?                        has joined (STEAM_1:0:246466989 | 61.179.137.110)
[16:44:27] [CN] k2.听诗静夜分                  has joined (STEAM_1:1:441722709 | 219.159.206.59)
[16:44:27] [CN] CY                                  has joined (STEAM_1:1:566778073 | 113.99.5.62)
[16:44:28] [CN] Managic                             has joined (STEAM_1:0:503063231 | 106.6.40.244)
[16:44:55] [CN] [Infected   ] CY                                  : 该不会又M不了了
[16:45:02] [CN] [Spectator  ] Managic                             : yup
[16:45:03] [CN] [Infected   ] k2.听诗静夜分                  : !s
[16:45:09] [CN] [Infected   ] CY                                  : !S
[16:45:23] [CN] [Infected   ] CY                                  : !S
[16:50:14] [CN] [Infected   ] k2.听诗静夜分                  :  
[16:50:36] [CN] [Infected   ] k2.听诗静夜分                  : !admin
[16:50:45] [CN] [Survivor   ] Managic                             : (TEAM) 我是笨比
[16:52:54] [CN] [Infected   ] k2.听诗静夜分                  : (TEAM) 一爪子就到
[16:54:42] [CN] [Infected   ] k2.听诗静夜分                  : (TEAM) wu
[16:55:16] [CN] [Infected   ] Managic                             : 要收拾东西了（
[16:55:21] [CN] [Survivor   ] k2.听诗静夜分                  : :0
[16:55:25] [CN] [Infected   ] wouldn't ya?                        : ok
[16:55:37] [CN] [Infected   ] wouldn't ya?                        : 歇了
[16:55:42] [CN] [Survivor   ] k2.听诗静夜分                  : 哇日
[16:55:45] [CN] [Survivor   ] k2.听诗静夜分                  : gg
[16:55:51] [CN] [Survivor   ] k2.听诗静夜分                  : 打打ast不
[16:55:55] [CN] [Survivor   ] CY                                  : 歇  今晚再战
[16:56:02] [CN] [Survivor   ] k2.听诗静夜分                  : 成
[16:56:07] [CN] [Survivor   ] CY                                  : 说好的卷学业呢
[16:56:19] [CN] [Survivor   ] k2.听诗静夜分                  : 高情商：学业繁忙
[16:56:21] [CN] [Survivor   ] CY                                  : 疫情之下的轻松是吧
[16:56:26] [CN] [Survivor   ] k2.听诗静夜分                  : 低情商：没考好
[16:56:29] [CN] [Survivor   ] CY                                  : XD
[16:56:31] [CN] [Survivor   ] k2.听诗静夜分                  : D
[16:56:36] [CN] [Survivor   ] k2.听诗静夜分                  : 算了
[16:56:38] [CN] [Survivor   ] k2.听诗静夜分                  : 开卷
[16:56:40] [CN] [Survivor   ] CY                                  : 直升机跟你一样？
[16:56:44] [CN] [Survivor   ] k2.听诗静夜分                  : 一样
[16:56:47] [CN] [Survivor   ] CY                                  : 都是高二？
[16:56:50] [CN] [Survivor   ] k2.听诗静夜分                  : 是
[16:56:51] [CN] [Survivor   ] CY                                  : 6
[16:56:58] [CN] [Survivor   ] k2.听诗静夜分                  : 不过他理我文
[16:57:02] [CN] [Survivor   ] CY                                  : 彳亍
[16:57:04] [CN] [Survivor   ] k2.听诗静夜分                  : :p
[16:57:05] [CN] [Survivor   ] CY                                  : 先撤退
[16:57:07] [CN] [Survivor   ] k2.听诗静夜分                  : 开卷
[16:57:08] [CN] [Survivor   ] k2.听诗静夜分                  : run
--=================================================================--
[20/11/2022 16:57:27] --- NEW MAP STARTED: c8m5_rooftop ---
--=================================================================--
[00:27:28] [CN] k2.听诗静夜分                  has joined (STEAM_1:1:441722709 | 219.159.206.59)
[00:27:57] [CN] [Survivor   ] k2.听诗静夜分                  : !match
