--=================================================================--
[22/12/2022 11:23:00] --- NEW MAP STARTED: c2m1_highway ---
--=================================================================--
--=================================================================--
[22/12/2022 11:25:06] --- NEW MAP STARTED: c2m1_highway ---
--=================================================================--
[11:25:53] [CN] 水面                              has joined (STEAM_1:0:246466989 | 223.149.50.5)
[11:26:20] [CN] [Survivor   ] 水面                              : /match
--=================================================================--
[22/12/2022 11:26:41] --- NEW MAP STARTED: c2m1_highway ---
--=================================================================--
--=================================================================--
[22/12/2022 11:46:39] --- NEW MAP STARTED: c2m1_highway ---
--=================================================================--
[11:47:05] [CN] 水面                              has joined (STEAM_1:0:246466989 | 223.149.50.5)
[11:47:22] [CN] [Survivor   ] 水面                              : !match
[11:47:47] [CN] [Survivor   ] 水面                              : !vote
--=================================================================--
[22/12/2022 11:47:56] --- NEW MAP STARTED: c2m1_highway ---
--=================================================================--
[11:48:06] [CN] 水面                              has joined (STEAM_1:0:246466989 | 223.149.50.5)
[11:48:41] [CN] [Survivor   ] 水面                              : !match
--=================================================================--
[22/12/2022 11:50:07] --- NEW MAP STARTED: c2m1_highway ---
--=================================================================--
--=================================================================--
[22/12/2022 11:50:13] --- NEW MAP STARTED: c2m1_highway ---
--=================================================================--
[11:50:34] [CN] 水面                              has joined (STEAM_1:0:246466989 | 223.149.50.5)
[11:50:55] [CN] [Survivor   ] 水面                              : /match
[11:51:13] [CN] [Survivor   ] 水面                              : !
[11:52:42] [CN] [Survivor   ] 水面                              : !rmatch
--=================================================================--
[22/12/2022 11:52:43] --- NEW MAP STARTED: c2m1_highway ---
--=================================================================--
[11:52:56] [CN] [Survivor   ] 水面                              : !match
[11:53:22] [CN] [Survivor   ] 水面                              : /match
--=================================================================--
[22/12/2022 11:54:04] --- NEW MAP STARTED: c2m1_highway ---
--=================================================================--
--=================================================================--
[22/12/2022 11:54:31] --- NEW MAP STARTED: c2m1_highway ---
--=================================================================--
--=================================================================--
[22/12/2022 12:37:56] --- NEW MAP STARTED: c2m1_highway ---
--=================================================================--
[12:38:23] [CN] 水面                              has joined (STEAM_1:0:246466989 | 223.149.50.5)
[12:38:33] [CN] [Survivor   ] 水面                              : /match
[12:38:50] [CN] [Survivor   ] 水面                              : /match
--=================================================================--
[22/12/2022 12:42:56] --- NEW MAP STARTED: c2m1_highway ---
--=================================================================--
--=================================================================--
[22/12/2022 12:44:11] --- NEW MAP STARTED: c2m1_highway ---
--=================================================================--
--=================================================================--
[22/12/2022 18:41:15] --- NEW MAP STARTED: c2m1_highway ---
--=================================================================--
[18:42:01] [CN] 水面                              has joined (STEAM_1:0:246466989 | 223.149.50.5)
[18:42:13] [CN] [Survivor   ] 水面                              : !match
[18:42:33] [CN] k2.听诗静夜分                  has joined (STEAM_1:1:441722709 | 219.159.206.102)
[18:42:33] [CN] [Survivor   ] 水面                              : !match
--=================================================================--
[22/12/2022 19:20:38] --- NEW MAP STARTED: c2m1_highway ---
--=================================================================--
[19:24:56] [CN] 怜风                              has joined (STEAM_1:1:444030893 | 115.172.86.121)
--=================================================================--
[22/12/2022 19:25:25] --- NEW MAP STARTED: c2m1_highway ---
--=================================================================--
[20:04:39] [CN] 水面                              has joined (STEAM_1:0:246466989 | 39.144.190.22)
[20:05:06] [CN] [Survivor   ] 水面                              : !match
--=================================================================--
[22/12/2022 20:05:39] --- NEW MAP STARTED: c2m1_highway ---
--=================================================================--
[21:16:16] [CN] 水面                              has joined (STEAM_1:0:246466989 | 223.149.50.5)
--=================================================================--
[22/12/2022 21:16:41] --- NEW MAP STARTED: c2m1_highway ---
--=================================================================--
[21:17:00] [CN] 水面                              has joined (STEAM_1:0:246466989 | 223.149.50.5)
--=================================================================--
[22/12/2022 21:17:46] --- NEW MAP STARTED: c2m1_highway ---
--=================================================================--
--=================================================================--
[22/12/2022 21:20:04] --- NEW MAP STARTED: c2m1_highway ---
--=================================================================--
[21:20:32] [CN] 水面                              has joined (STEAM_1:0:246466989 | 223.149.50.5)
--=================================================================--
[22/12/2022 21:21:30] --- NEW MAP STARTED: c2m1_highway ---
--=================================================================--
--=================================================================--
[22/12/2022 21:25:27] --- NEW MAP STARTED: c2m1_highway ---
--=================================================================--
[21:26:03] [CN] 水面                              has joined (STEAM_1:0:246466989 | 223.149.50.5)
--=================================================================--
[22/12/2022 21:31:06] --- NEW MAP STARTED: c2m1_highway ---
--=================================================================--
--=================================================================--
[22/12/2022 23:37:34] --- NEW MAP STARTED: c2m1_highway ---
--=================================================================--
[23:38:20] [CN] 水面                              has joined (STEAM_1:0:246466989 | 39.144.190.22)
[23:38:30] [CN] [Survivor   ] 水面                              : /match
--=================================================================--
[22/12/2022 23:59:57] --- NEW MAP STARTED: c2m2_fairgrounds ---
--=================================================================--
[23:59:59] [CN] [Infected   ] 水面                              : !match
