--=================================================================--
[04/12/2022 11:51:42] --- NEW MAP STARTED: c2m1_highway ---
--=================================================================--
[11:58:06] [CN] wouldn't ya?                        has joined (STEAM_1:0:246466989 | 61.179.137.20)
[11:58:47] [CN] [Survivor   ] wouldn't ya?                        : !cfg
[11:58:59] [CN] [Survivor   ] wouldn't ya?                        : !vote
--=================================================================--
[04/12/2022 12:02:19] --- NEW MAP STARTED: c2m1_highway ---
--=================================================================--
[12:29:20] [CN] wouldn't ya?                        has joined (STEAM_1:0:246466989 | 61.179.137.20)
[12:31:17] [CN] [Survivor   ] wouldn't ya?                        : !match
--=================================================================--
[04/12/2022 12:38:37] --- NEW MAP STARTED: c2m1_highway ---
--=================================================================--
[12:38:41] [CN] [Survivor   ] wouldn't ya?                        : !match
--=================================================================--
[04/12/2022 12:44:44] --- NEW MAP STARTED: c2m1_highway ---
--=================================================================--
[12:45:09] [CN] wouldn't ya?                        has joined (STEAM_1:0:246466989 | 61.179.137.20)
[12:45:35] [CN] [Survivor   ] wouldn't ya?                        : !map
--=================================================================--
[04/12/2022 12:45:49] --- NEW MAP STARTED: c8m4_interior ---
--=================================================================--
[12:45:58] [CN] wouldn't ya?                        has joined (STEAM_1:0:246466989 | 61.179.137.20)
[12:46:40] [CN] [Survivor   ] wouldn't ya?                        : !map
--=================================================================--
[04/12/2022 12:46:49] --- NEW MAP STARTED: c8m5_rooftop ---
--=================================================================--
[12:46:56] [CN] wouldn't ya?                        has joined (STEAM_1:0:246466989 | 61.179.137.20)
[12:52:57] [CN] [Survivor   ] wouldn't ya?                        : !match
--=================================================================--
[04/12/2022 12:58:18] --- NEW MAP STARTED: c2m1_highway ---
--=================================================================--
[12:58:29] [CN] wouldn't ya?                        has joined (STEAM_1:0:246466989 | 61.179.137.20)
[12:58:50] [CN] [Survivor   ] wouldn't ya?                        : !map c8m5
--=================================================================--
[04/12/2022 12:58:55] --- NEW MAP STARTED: c8m5_rooftop ---
--=================================================================--
[12:59:02] [CN] wouldn't ya?                        has joined (STEAM_1:0:246466989 | 61.179.137.20)
[13:02:16] [CN] [Survivor   ] wouldn't ya?                        : !match
--=================================================================--
[04/12/2022 13:12:27] --- NEW MAP STARTED: c2m1_highway ---
--=================================================================--
[13:12:38] [CN] wouldn't ya?                        has joined (STEAM_1:0:246466989 | 61.179.137.20)
[13:13:05] [CN] [Survivor   ] wouldn't ya?                        : !map c8m5
--=================================================================--
[04/12/2022 13:13:09] --- NEW MAP STARTED: c8m5_rooftop ---
--=================================================================--
[13:13:17] [CN] wouldn't ya?                        has joined (STEAM_1:0:246466989 | 61.179.137.20)
[13:15:37] [CN] [Survivor   ] wouldn't ya?                        : !match
--=================================================================--
[04/12/2022 13:24:48] --- NEW MAP STARTED: c2m1_highway ---
--=================================================================--
--=================================================================--
[04/12/2022 13:46:08] --- NEW MAP STARTED: c2m1_highway ---
--=================================================================--
[13:46:30] [CN] wouldn't ya?                        has joined (STEAM_1:0:246466989 | 61.179.137.20)
[13:46:51] [CN] [Survivor   ] wouldn't ya?                        : !map c8m5
--=================================================================--
[04/12/2022 13:46:55] --- NEW MAP STARTED: c8m5_rooftop ---
--=================================================================--
[13:47:03] [CN] wouldn't ya?                        has joined (STEAM_1:0:246466989 | 61.179.137.20)
[13:47:13] [CN] [Survivor   ] wouldn't ya?                        : !match
--=================================================================--
[04/12/2022 13:48:05] --- NEW MAP STARTED: c8m5_rooftop ---
--=================================================================--
[13:48:06] [CN] [Survivor   ] wouldn't ya?                        : !match
--=================================================================--
[04/12/2022 14:03:12] --- NEW MAP STARTED: c2m1_highway ---
--=================================================================--
--=================================================================--
[04/12/2022 19:01:35] --- NEW MAP STARTED: c2m1_highway ---
--=================================================================--
