--=================================================================--
[05/11/2022 09:03:57] --- NEW MAP STARTED: c8m5_rooftop ---
--=================================================================--
--=================================================================--
[05/11/2022 09:08:03] --- NEW MAP STARTED: c8m5_rooftop ---
--=================================================================--
[09:09:38] [CN] 23℃                               has joined (STEAM_1:0:246466989 | 61.162.51.186)
[09:10:20] [CN] [Survivor   ] 23℃                               : !match
--=================================================================--
[05/11/2022 09:10:27] --- NEW MAP STARTED: c8m5_rooftop ---
--=================================================================--
--=================================================================--
[05/11/2022 09:10:32] --- NEW MAP STARTED: c8m5_rooftop ---
--=================================================================--
[09:10:38] [CN] 23℃                               has joined (STEAM_1:0:246466989 | 61.162.51.186)
[09:13:40] [CN] [Infected   ] 23℃                               : !vote
[09:14:12] [CN] [Infected   ] 23℃                               : !vote
--=================================================================--
[05/11/2022 09:14:20] --- NEW MAP STARTED: c12m1_hilltop ---
--=================================================================--
[09:14:27] [CN] 23℃                               has joined (STEAM_1:0:246466989 | 61.162.51.186)
--=================================================================--
[05/11/2022 09:15:53] --- NEW MAP STARTED: c8m5_rooftop ---
--=================================================================--
--=================================================================--
[05/11/2022 09:59:12] --- NEW MAP STARTED: c8m5_rooftop ---
--=================================================================--
[10:00:25] [CN] 23℃                               has joined (STEAM_1:0:246466989 | 61.162.51.186)
[10:00:37] [CN] [Survivor   ] 23℃                               : !match
--=================================================================--
[05/11/2022 10:00:41] --- NEW MAP STARTED: c8m5_rooftop ---
--=================================================================--
--=================================================================--
[05/11/2022 10:01:00] --- NEW MAP STARTED: c8m5_rooftop ---
--=================================================================--
[10:01:20] [CN] 23℃                               has joined (STEAM_1:0:246466989 | 61.162.51.186)
[10:01:32] [CN] [Survivor   ] 23℃                               : !match
--=================================================================--
[05/11/2022 10:01:36] --- NEW MAP STARTED: c8m5_rooftop ---
--=================================================================--
--=================================================================--
[05/11/2022 10:01:40] --- NEW MAP STARTED: c8m5_rooftop ---
--=================================================================--
[10:01:46] [CN] 23℃                               has joined (STEAM_1:0:246466989 | 61.162.51.186)
[10:02:18] [CN] [Survivor   ] 23℃                               : !rmatch
--=================================================================--
[05/11/2022 10:02:19] --- NEW MAP STARTED: c8m5_rooftop ---
--=================================================================--
[10:02:21] [CN] [Survivor   ] 23℃                               : !match
--=================================================================--
[05/11/2022 10:02:23] --- NEW MAP STARTED: c8m5_rooftop ---
--=================================================================--
--=================================================================--
[05/11/2022 10:02:41] --- NEW MAP STARTED: c8m5_rooftop ---
--=================================================================--
--=================================================================--
[05/11/2022 10:09:13] --- NEW MAP STARTED: c8m5_rooftop ---
--=================================================================--
[10:09:34] [CN] 23℃                               has joined (STEAM_1:0:246466989 | 61.162.51.186)
[10:09:44] [CN] [Survivor   ] 23℃                               : !match
--=================================================================--
[05/11/2022 10:09:47] --- NEW MAP STARTED: c8m5_rooftop ---
--=================================================================--
--=================================================================--
[05/11/2022 10:09:52] --- NEW MAP STARTED: c8m5_rooftop ---
--=================================================================--
[10:09:57] [CN] 23℃                               has joined (STEAM_1:0:246466989 | 61.162.51.186)
[10:10:42] [CN] [Survivor   ] 23℃                               : !rmatch
--=================================================================--
[05/11/2022 10:10:43] --- NEW MAP STARTED: c8m5_rooftop ---
--=================================================================--
[10:10:44] [CN] [Survivor   ] 23℃                               : !match
--=================================================================--
[05/11/2022 10:10:46] --- NEW MAP STARTED: c8m5_rooftop ---
--=================================================================--
--=================================================================--
[05/11/2022 10:11:05] --- NEW MAP STARTED: c8m5_rooftop ---
--=================================================================--
--=================================================================--
[05/11/2022 10:14:16] --- NEW MAP STARTED: c8m5_rooftop ---
--=================================================================--
[10:14:59] [CN] 23℃                               has joined (STEAM_1:0:246466989 | 61.162.51.186)
[10:15:10] [CN] [Survivor   ] 23℃                               : !match
--=================================================================--
[05/11/2022 10:15:13] --- NEW MAP STARTED: c8m5_rooftop ---
--=================================================================--
--=================================================================--
[05/11/2022 10:15:17] --- NEW MAP STARTED: c8m5_rooftop ---
--=================================================================--
[10:15:23] [CN] 23℃                               has joined (STEAM_1:0:246466989 | 61.162.51.186)
--=================================================================--
[05/11/2022 10:16:31] --- NEW MAP STARTED: c8m5_rooftop ---
--=================================================================--
--=================================================================--
[05/11/2022 10:18:59] --- NEW MAP STARTED: c8m5_rooftop ---
--=================================================================--
[10:19:32] [CN] 23℃                               has joined (STEAM_1:0:246466989 | 61.162.51.186)
[10:19:41] [CN] [Survivor   ] 23℃                               : !match
--=================================================================--
[05/11/2022 10:19:47] --- NEW MAP STARTED: c8m5_rooftop ---
--=================================================================--
--=================================================================--
[05/11/2022 10:20:06] --- NEW MAP STARTED: c8m5_rooftop ---
--=================================================================--
--=================================================================--
[05/11/2022 10:34:18] --- NEW MAP STARTED: c8m5_rooftop ---
--=================================================================--
[10:34:49] [CN] 23℃                               has joined (STEAM_1:0:246466989 | 61.162.51.186)
[10:35:00] [CN] [Survivor   ] 23℃                               : !match
--=================================================================--
[05/11/2022 10:35:09] --- NEW MAP STARTED: c8m5_rooftop ---
--=================================================================--
--=================================================================--
[05/11/2022 10:35:14] --- NEW MAP STARTED: c8m5_rooftop ---
--=================================================================--
[10:35:20] [CN] 23℃                               has joined (STEAM_1:0:246466989 | 61.162.51.186)
--=================================================================--
[05/11/2022 10:38:12] --- NEW MAP STARTED: c8m5_rooftop ---
--=================================================================--
[12:03:03] [CN] 23℃                               has joined (STEAM_1:0:246466989 | 61.162.51.186)
[12:03:48] [CN] [Survivor   ] 23℃                               : !vote
[12:04:58] [CN] [Survivor   ] 23℃                               : !match
[12:05:28] [CN] [Survivor   ] 23℃                               : !menu
[12:06:12] [CN] [Survivor   ] 23℃                               : !testmune
[12:06:19] [CN] [Survivor   ] 23℃                               : !testmenu
[12:07:35] [CN] [Survivor   ] 23℃                               : !match
--=================================================================--
[05/11/2022 12:07:41] --- NEW MAP STARTED: c8m5_rooftop ---
--=================================================================--
--=================================================================--
[05/11/2022 12:07:46] --- NEW MAP STARTED: c8m5_rooftop ---
--=================================================================--
[12:07:52] [CN] 23℃                               has joined (STEAM_1:0:246466989 | 61.162.51.186)
[12:07:59] [CN] [Survivor   ] 23℃                               : !hide
[12:08:01] [CN] [Survivor   ] 23℃                               : !voyte
[12:08:04] [CN] [Survivor   ] 23℃                               : !vote
--=================================================================--
[05/11/2022 12:08:11] --- NEW MAP STARTED: c2m1_highway ---
--=================================================================--
[12:08:21] [CN] 23℃                               has joined (STEAM_1:0:246466989 | 61.162.51.186)
[12:08:31] [CN] [Survivor   ] 23℃                               : !mode
[12:10:49] [CN] [Survivor   ] 23℃                               : !limit hunter 1
[12:12:10] [CN] [Survivor   ] 23℃                               : !timer 1 1.1
[12:14:44] [CN] [Survivor   ] 23℃                               : !limit hunter 2
[12:15:35] [CN] [Survivor   ] 23℃                               : !limit hunter 2
[12:17:10] [CN] [Survivor   ] 23℃                               : !limit hunter 32
[12:17:43] [CN] [Survivor   ] 23℃                               : !resetspawn
[12:17:51] [CN] [Survivor   ] 23℃                               : !reset
[12:17:56] [CN] [Survivor   ] 23℃                               : !respawn
[12:18:06] [CN] [Survivor   ] 23℃                               : !limit hunter 4
[12:20:00] [CN] [Survivor   ] 23℃                               : !limit hunter 1
[12:21:04] [CN] emileseb5                           has joined (STEAM_1:0:632143659 | 183.217.26.242)
[12:22:21] [CN] [Spectator  ] emileseb5                           : !jg
[12:22:25] [CN] [Spectator  ] emileseb5                           : AZ
[12:22:40] [CN] [Spectator  ] emileseb5                           : 看会儿润了
[12:22:46] [CN] [Survivor   ] 23℃                               : en
[12:28:51] [CN] [Survivor   ] 23℃                               : !limit hunter 2
[12:28:53] [CN] [Spectator  ] emileseb5                           : ZAI HAO WAI MIAN
--=================================================================--
[05/11/2022 12:29:31] --- NEW MAP STARTED: c2m2_fairgrounds ---
--=================================================================--
[12:29:37] [CN] 23℃                               has joined (STEAM_1:0:246466989 | 61.162.51.186)
[12:31:14] [CN] [Survivor   ] 23℃                               : !limit hunter 1
[12:31:17] [CN] [Survivor   ] 23℃                               : !mode
--=================================================================--
[05/11/2022 12:43:11] --- NEW MAP STARTED: c8m5_rooftop ---
--=================================================================--
--=================================================================--
[05/11/2022 17:37:19] --- NEW MAP STARTED: c8m5_rooftop ---
--=================================================================--
[17:38:46] [CN] 23℃                               has joined (STEAM_1:0:246466989 | 61.179.137.62)
[17:38:56] [CN] [Survivor   ] 23℃                               : !match
--=================================================================--
[05/11/2022 17:39:09] --- NEW MAP STARTED: c8m5_rooftop ---
--=================================================================--
--=================================================================--
[05/11/2022 17:39:14] --- NEW MAP STARTED: c8m5_rooftop ---
--=================================================================--
[17:39:19] [CN] 23℃                               has joined (STEAM_1:0:246466989 | 61.179.137.62)
--=================================================================--
[05/11/2022 17:40:31] --- NEW MAP STARTED: c8m5_rooftop ---
--=================================================================--
[17:40:40] [CN] 23℃                               has joined (STEAM_1:0:246466989 | 61.179.137.62)
[17:40:51] [CN] [Survivor   ] 23℃                               : !match
--=================================================================--
[05/11/2022 17:40:55] --- NEW MAP STARTED: c8m5_rooftop ---
--=================================================================--
--=================================================================--
[05/11/2022 17:40:59] --- NEW MAP STARTED: c8m5_rooftop ---
--=================================================================--
[17:41:05] [CN] 23℃                               has joined (STEAM_1:0:246466989 | 61.179.137.62)
--=================================================================--
[05/11/2022 17:43:07] --- NEW MAP STARTED: c8m5_rooftop ---
--=================================================================--
[17:44:09] [CN] 23℃                               has joined (STEAM_1:0:246466989 | 61.179.137.62)
[17:44:35] [CN] [Survivor   ] 23℃                               : !match
--=================================================================--
[05/11/2022 17:44:38] --- NEW MAP STARTED: c8m5_rooftop ---
--=================================================================--
--=================================================================--
[05/11/2022 17:44:43] --- NEW MAP STARTED: c8m5_rooftop ---
--=================================================================--
[17:44:49] [CN] 23℃                               has joined (STEAM_1:0:246466989 | 61.179.137.62)
--=================================================================--
[05/11/2022 17:46:24] --- NEW MAP STARTED: c8m5_rooftop ---
--=================================================================--
--=================================================================--
[05/11/2022 17:46:58] --- NEW MAP STARTED: c8m5_rooftop ---
--=================================================================--
[18:36:03] [CN] 23℃                               has joined (STEAM_1:0:246466989 | 61.179.137.62)
[18:36:15] [CN] [Survivor   ] 23℃                               : !vote
--=================================================================--
[05/11/2022 18:36:20] --- NEW MAP STARTED: c2m1_highway ---
--=================================================================--
[18:36:30] [CN] 23℃                               has joined (STEAM_1:0:246466989 | 61.179.137.62)
[18:36:42] [CN] [Survivor   ] 23℃                               : !match
--=================================================================--
[05/11/2022 18:36:47] --- NEW MAP STARTED: c2m1_highway ---
--=================================================================--
--=================================================================--
[05/11/2022 18:36:53] --- NEW MAP STARTED: c2m1_highway ---
--=================================================================--
[18:37:02] [CN] 23℃                               has joined (STEAM_1:0:246466989 | 61.179.137.62)
[18:37:14] [CN] [Survivor   ] 23℃                               : !mode
--=================================================================--
[05/11/2022 18:46:12] --- NEW MAP STARTED: c2m2_fairgrounds ---
--=================================================================--
[18:46:42] [CN] 23℃                               has joined (STEAM_1:0:246466989 | 61.179.137.62)
--=================================================================--
[05/11/2022 18:51:30] --- NEW MAP STARTED: c2m3_coaster ---
--=================================================================--
[18:51:37] [CN] 23℃                               has joined (STEAM_1:0:246466989 | 61.179.137.62)
[18:53:21] [CN] [Survivor   ] 23℃                               : !ramcth
[18:53:24] [CN] [Survivor   ] 23℃                               : !rmatch
[18:53:27] [CN] [Survivor   ] 23℃                               : !match
--=================================================================--
[05/11/2022 18:53:29] --- NEW MAP STARTED: c2m3_coaster ---
--=================================================================--
--=================================================================--
[05/11/2022 18:53:34] --- NEW MAP STARTED: c2m3_coaster ---
--=================================================================--
[18:53:40] [CN] 23℃                               has joined (STEAM_1:0:246466989 | 61.179.137.62)
[18:53:45] [CN] [Survivor   ] 23℃                               : !hide
[18:53:47] [CN] [Survivor   ] 23℃                               : !vote
--=================================================================--
[05/11/2022 18:53:54] --- NEW MAP STARTED: c8m5_rooftop ---
--=================================================================--
[18:54:01] [CN] 23℃                               has joined (STEAM_1:0:246466989 | 61.179.137.62)
[18:55:47] [CN] [Survivor   ] 23℃                               : !hide
[18:55:50] [CN] [Survivor   ] 23℃                               : !vote
[18:55:58] [CN] [Survivor   ] 23℃                               : !show
[18:56:03] [CN] 27065942183                         has joined (STEAM_1:1:501867733 | 117.159.10.60)
[18:56:15] [CN] 23℃                               has joined (STEAM_1:0:246466989 | 61.179.137.62)
[18:57:30] [CN] 玻萝莉枝                        has joined (STEAM_1:1:639972766 | 223.72.47.202)
[18:57:42] [CN] DJ Charger                          has joined (STEAM_1:0:531722935 | 36.157.136.201)
[18:57:56] [CN] [Spectator  ] DJ Charger                          : !hide
[18:58:08] [CN] [Spectator  ] DJ Charger                          : 这是金鱼的服务器吗
[18:58:13] [CN] [Survivor   ] 23℃                               : en
[18:58:24] [CN] [Spectator  ] DJ Charger                          : 今晚内战分组怎么分的
[18:58:26] [CN] [Survivor   ] 23℃                               : 94
[18:58:38] [CN] [Survivor   ] 23℃                               : 和昨天一样吧
[18:58:48] [CN] [Survivor   ] 23℃                               : 我想的是我和花肆选人
[18:58:56] [CN] [Survivor   ] 23℃                               : mix插件没装
[18:58:58] [CN] [Survivor   ] 23℃                               : 不方便
[18:59:00] [CN] [Spectator  ] DJ Charger                          : 彳亍
[18:59:04] [CN] Pudding                             has joined (STEAM_1:0:605227244 | 117.153.13.195)
[18:59:17] [CN] [Survivor   ] 23℃                               : 94没来的话【旁观愿意上就上吧
[18:59:28] [CN] [Spectator  ] DJ Charger                          : 菠萝荔枝shishei
[18:59:31] [CN] [Spectator  ] Pudding                             : 他不是醒了
[18:59:34] [CN] [Spectator  ] Pudding                             : 吗
[18:59:38] [CN] 那天微风温柔不急            has joined (STEAM_1:0:219145519 | 171.82.159.239)
[18:59:41] [CN] [Survivor   ] 23℃                               : 给他发消息没回
[18:59:42] [CN] [Spectator  ] DJ Charger                          : 他怎么白天睡觉
[18:59:51] [CN] [Spectator  ] DJ Charger                          : 蘑菇吗
[18:59:54] [CN] [Spectator  ] Pudding                             : 早上9点睡
[19:00:02] [CN] [Spectator  ] Pudding                             : 下午四五点起
[19:00:13] [CN] [Spectator  ] DJ Charger                          : 美国作息
[19:00:31] [CN] [Spectator  ] 27065942183                         : 阴间作息
[19:00:36] [CN] [Survivor   ] 23℃                               : 有人能去叫下花肆吗
[19:00:37] [CN] [Spectator  ] DJ Charger                          : 数字哥是谁
[19:00:41] [CN] [Spectator  ] 玻萝莉枝                        : 我就一萌新（）
[19:00:41] [CN] [Survivor   ] 23℃                               : 我没他好友
[19:00:54] [CN] [Spectator  ] DJ Charger                          : 他steam不在线
[19:00:58] [CN] [Survivor   ] 23℃                               : ..
[19:01:21] [CN] [Survivor   ] 23℃                               : 这个准备面板最下面的字变成两行了
[19:01:26] [CN] [Survivor   ] 23℃                               : 这是我没想到的
[19:01:33] [CN] [Spectator  ] 那天微风温柔不急            : D
[19:01:35] [CN] [Survivor   ] 23℃                               : 还不能输中文 不然不显示
[19:01:58] [CN] [Spectator  ] 27065942183                         : 这不连夜修复
[19:02:00] [CN] [Spectator  ] 27065942183                         : D
[19:02:02] [CN] [Survivor   ] 23℃                               : 就写了句英文的 第一局准备要连续准备两次，不然油桶不生产
[19:02:19] [CN] [Spectator  ] DJ Charger                          : 按两次f1还是f1f2f1
[19:02:26] [CN] [Survivor   ] 23℃                               : 就是因为要连续准备两次才出现了两行
[19:02:29] [CN] [Survivor   ] 23℃                               : 真的6
[19:02:29] [CN] [Spectator  ] DJ Charger                          : 花肆没理我
[19:02:41] [CN] [Spectator  ] DJ Charger                          : 他问我ip
[19:02:58] [CN] [Survivor   ] 23℃                               : 124.220.44.187:27015 
[19:03:15] [CN] Managic                             has joined (STEAM_1:0:503063231 | 117.44.143.103)
[19:03:23] [CN] [Spectator  ] DJ Charger                          : 金鱼你选我吗
[19:03:38] [CN] [Spectator  ] DJ Charger                          : 发了ip给他了
[19:04:09] [CN] [Spectator  ] DJ Charger                          : 这用着没区别
[19:04:12] [CN] [Spectator  ] DJ Charger                          : 我是萌新
[19:04:32] [CN] [Survivor   ] 23℃                               : 94不是醒了吗
[19:04:36] [CN] [Spectator  ] DJ Charger                          : 膀胱不能喷漆
[19:04:37] [CN] [Survivor   ] 23℃                               : 叫他
[19:04:50] [CN] 掌中萌虎是幸福的传说      has joined (STEAM_1:1:576643772 | 36.22.19.134)
[19:04:52] [CN] [Spectator  ] Pudding                             : 叫了
[19:04:54] [CN] [Survivor   ] 23℃                               : 我重启下服务器
[19:04:57] [CN] [Survivor   ] 23℃                               : 你们重进
[19:04:58] [CN] [Spectator  ] Pudding                             : 没反应
[19:05:02] [CN] [Spectator  ] DJ Charger                          : dd
[19:05:05] [CN] [Spectator  ] DJ Charger                          : 等下
[19:05:07] [CN] [Spectator  ] DJ Charger                          : 我复制ip
[19:05:08] [CN] [Spectator  ] 掌中萌虎是幸福的传说      : !admin
--=================================================================--
[05/11/2022 19:05:34] --- NEW MAP STARTED: c8m5_rooftop ---
--=================================================================--
[19:05:45] [CN] Managic                             has joined (STEAM_1:0:503063231 | 117.44.143.103)
[19:05:58] [CN] 23℃                               has joined (STEAM_1:0:246466989 | 61.179.137.62)
[19:06:02] [CN] [Survivor   ] 23℃                               : !match
[19:06:02] [CN] [Survivor   ] Managic                             : /match
--=================================================================--
[05/11/2022 19:06:05] --- NEW MAP STARTED: c8m5_rooftop ---
--=================================================================--
--=================================================================--
[05/11/2022 19:06:09] --- NEW MAP STARTED: c8m5_rooftop ---
--=================================================================--
[19:06:15] [CN] 23℃                               has joined (STEAM_1:0:246466989 | 61.179.137.62)
[19:06:17] [CN] Managic                             has joined (STEAM_1:0:503063231 | 117.44.143.103)
[19:06:18] [CN] 掌中萌虎是幸福的传说      has joined (STEAM_1:1:576643772 | 36.22.19.134)
[19:06:28] [CN] 那天微风温柔不急            has joined (STEAM_1:0:219145519 | 171.82.159.239)
[19:06:29] [CN] DJ Charger                          has joined (STEAM_1:0:531722935 | 36.157.136.201)
[19:06:31] [CN] [Survivor   ] 23℃                               : !hide
[19:06:32] [CN] [Survivor   ] 23℃                               : !vote
[19:06:56] [CN] [Survivor   ] 掌中萌虎是幸福的传说      : 我不想选人
[19:07:13] [CN] [Survivor   ] 掌中萌虎是幸福的传说      : 澪选人
[19:07:23] [CN] [Survivor   ] 23℃                               : 也行
[19:07:25] [CN] [Spectator  ] Managic                             : ?
[19:07:30] [CN] [Spectator  ] Managic                             : 鳖
[19:07:51] [CN] [Survivor   ] 23℃                               : !show
[19:07:51] [CN] [Spectator  ] Managic                             : 不要
[19:07:53] [CN] [Infected   ] DJ Charger                          : !hide
[19:08:03] [CN] [Survivor   ] 23℃                               : D
[19:08:14] [CN] Pudding                             has joined (STEAM_1:0:605227244 | 117.153.13.195)
[19:08:15] [CN] [Survivor   ] 掌中萌虎是幸福的传说      : 让他们赶紧的
[19:08:22] [CN] [Survivor   ] 掌中萌虎是幸福的传说      : 8点有约赛
[19:08:40] [CN] [Survivor   ] 掌中萌虎是幸福的传说      : 就1推？
[19:08:42] [CN] [Infected   ] DJ Charger                          : 花肆强度这么高的吗
[19:08:44] [CN] [Survivor   ] 23℃                               : 3
[19:08:45] [CN] [Survivor   ] Pudding                             : 油捏(
[19:08:55] [CN] [Spectator  ] Managic                             : 油捏(
[19:08:58] [CN] [Infected   ] DJ Charger                          : 啊这就开了
[19:09:07] [CN] [Survivor   ] 23℃                               : 这就有了
[19:09:08] [CN] [Survivor   ] Pudding                             : 我测
[19:09:32] [CN] [Infected   ] 23℃                               : 枫澪来我这边吧
[19:09:41] [CN] [Infected   ] 23℃                               : ok
[19:09:52] [CN] [Survivor   ] Pudding                             : 铁喷没啦(悲
[19:09:52] [CN] [Survivor   ] 掌中萌虎是幸福的传说      : ok 2打4
[19:09:55] [CN] [Survivor   ] 掌中萌虎是幸福的传说      : go
[19:09:57] [CN] [Infected   ] DJ Charger                          : ok
[19:09:58] [CN] [Infected   ] DJ Charger                          : go
[19:10:03] [CN] [Infected   ] 23℃                               : D
[19:10:16] [CN] 27065942183                         has joined (STEAM_1:1:501867733 | 117.159.10.60)
[19:10:25] [CN] [Infected   ] DJ Charger                          : 这是94吗
[19:10:29] [CN] Bob                                 has joined (STEAM_1:1:568479391 | 119.117.199.201)
[19:10:31] [CN] [Survivor   ] 掌中萌虎是幸福的传说      : 这是fq
[19:10:31] [CN] [Infected   ] 那天微风温柔不急            : 11
[19:10:34] [CN] [Infected   ] 23℃                               : 随便叫个人
[19:10:41] [CN] 玻萝莉枝                        has joined (STEAM_1:1:639972766 | 223.72.47.202)
[19:10:42] [CN] [Infected   ] 23℃                               : 94不来算了
[19:10:45] [CN] [Infected   ] 23℃                               : !hide
[19:10:46] [CN] [Spectator  ] Bob                                 : /spectate
[19:10:47] [CN] [Infected   ] 23℃                               : !show
[19:10:48] [CN] [Spectator  ] Bob                                 : /spectate
[19:10:50] [CN] [Infected   ] 23℃                               : !hide
[19:10:50] [CN] [Survivor   ] 掌中萌虎是幸福的传说      : f1
[19:10:51] [CN] [Survivor   ] 玻萝莉枝                        : !s
[19:10:52] [CN] [Infected   ] 23℃                               : !vote
[19:11:00] [CN] [Infected   ] 23℃                               : !show
[19:11:03] [CN] [Survivor   ] Pudding                             : bob是谁
[19:11:10] [CN] [Infected   ] DJ Charger                          : 不知道
[19:11:10] [CN] [Spectator  ] Bob                                 : /spectate
[19:11:11] [CN] [Infected   ] 23℃                               : f1
[19:11:18] [CN] [Spectator  ] Bob                                 : Bob是小黄人
[19:11:27] [CN] [Survivor   ] 掌中萌虎是幸福的传说      : 锁位子
[19:11:31] [CN] [Survivor   ] Pudding                             : (TEAM) 分队危
[19:11:31] [CN] [Survivor   ] 掌中萌虎是幸福的传说      : 别到时候炸服
[19:11:36] [CN] 君顾彡                           has joined (STEAM_1:1:615314528 | 42.235.135.47)
[19:11:37] [CN] [Infected   ] 那天微风温柔不急            : D
[19:11:39] [CN] [Survivor   ] 27065942183                         : .
[19:11:41] [CN] [Infected   ] DJ Charger                          : 这上面
[19:11:45] [CN] 23℃                               has joined (STEAM_1:0:246466989 | 61.179.137.62)
[19:11:45] [CN] [Infected   ] DJ Charger                          : zhe sm
[19:11:49] [CN] [Infected   ] 那天微风温柔不急            : !READY
[19:11:53] [CN] [Infected   ] 那天微风温柔不急            : GO
[19:11:56] [CN] [Survivor   ] 27065942183                         : !ready
[19:11:57] [CN] [Infected   ] Managic                             : (TEAM) /readdy
[19:12:03] [CN] [Infected   ] DJ Charger                          : !hide
[19:12:04] [CN] [Survivor   ] Pudding                             : !slots 9
[19:13:30] [CN] [Survivor   ] Pudding                             : 进行一个混乱先手
[19:13:41] [CN] [Infected   ] DJ Charger                          : az
[19:13:46] [CN] [Infected   ] 那天微风温柔不急            : 乐
[19:13:48] [CN] [Spectator  ] 君顾彡                           : az
[19:13:51] [CN] [Survivor   ] 27065942183                         : az
[19:13:52] [CN] 23℃                               has joined (STEAM_1:0:246466989 | 61.179.137.62)
[19:13:52] [CN] [Infected   ] Managic                             : 乐
[19:13:53] [CN] [Infected   ] DJ Charger                          : 暂停处刑
[19:13:54] [CN] [Infected   ] 那天微风温柔不急            : 校园网金鱼
[19:13:56] [CN] [Survivor   ] 掌中萌虎是幸福的传说      : !ready
[19:13:57] [CN] [Infected   ] Managic                             : /ready
[19:14:12] [CN] [Infected   ] 23℃                               : 我去换个加速器
[19:14:19] [CN] [Survivor   ] Managic                             : 要啥加速器
[19:14:25] [CN] [Infected   ] 27065942183                         : 自己的服务器怎么还需要服务器
[19:15:04] [CN] [Infected   ] 27065942183                         : 武器怎么还不一样
[19:15:06] [CN] 海百合                           has joined (STEAM_1:1:443026949 | 180.143.234.161)
[19:15:07] [CN] [Spectator  ] Bob                                 : 可以打吗？
[19:15:10] [CN] [Survivor   ] 海百合                           : (TEAM) !away
[19:15:14] [CN] [Survivor   ] 海百合                           : (TEAM) !s
[19:15:22] [CN] [Infected   ] 27065942183                         : 你们的是铁喷
[19:15:26] [CN] [Infected   ] 27065942183                         : smg
[19:15:29] [CN] [Spectator  ] Bob                                 : 可以玩吗？
[19:15:31] [CN] [Infected   ] Pudding                             : 好家伙
[19:15:33] [CN] [Survivor   ] DJ Charger                          : 你们是uzi木喷
[19:15:37] [CN] [Survivor   ] DJ Charger                          : 好啊
[19:15:55] [CN] [Spectator  ] Bob                                 : 怎么上
[19:15:55] [CN] [Infected   ] 27065942183                         : 这武器怎么还不一样
[19:15:59] [CN] [Infected   ] Pudding                             : (TEAM) 没位置了
[19:16:04] [CN] [Survivor   ] DJ Charger                          : 控制台输入quit
[19:16:08] [CN] [Infected   ] Pudding                             : 等金鱼回来问问
[19:16:08] [CN] [Survivor   ] Managic                             : 服务器测试中，有问题很正常
[19:16:11] [CN] 23℃                               has joined (STEAM_1:0:246466989 | 61.179.137.62)
[19:16:13] [CN] [Survivor   ] Managic                             : 6
[19:16:15] [CN] [Spectator  ] 海百合                           : /spectate
[19:16:15] [CN] [Spectator  ] 君顾彡                           : /spectate
[19:16:15] [CN] [Infected   ] Pudding                             : 太合理了
[19:16:59] [CN] [Infected   ] Pudding                             : !pause
[19:17:06] [CN] [Survivor   ] DJ Charger                          : az
[19:17:06] [CN] [Infected   ] Pudding                             : ?
[19:17:06] [CN] 掌中萌虎是幸福的传说      has joined (STEAM_1:1:576643772 | 36.22.19.134)
[19:17:10] [CN] [Infected   ] Pudding                             : !ready
[19:17:10] [CN] [Survivor   ] 23℃                               : !ready
[19:17:11] [CN] [Survivor   ] 那天微风温柔不急            : !ready
[19:17:27] [CN] [Infected   ] Pudding                             : 武器不会还是不一样吧(
[19:17:32] [CN] [Survivor   ] 23℃                               : 刷新
[19:17:35] [CN] [Survivor   ] DJ Charger                          : 木喷smg
[19:17:41] [CN] [Survivor   ] Pudding                             : c
[19:17:42] [CN] [Infected   ] 23℃                               : ..
[19:17:46] [CN] [Infected   ] DJ Charger                          : D
[19:17:47] [CN] [Survivor   ] 27065942183                         : .
[19:17:52] [CN] [Spectator  ] 海百合                           : /spectate
[19:17:52] [CN] [Spectator  ] 君顾彡                           : /spectate
[19:17:56] [CN] [Infected   ] DJ Charger                          : 你们下一把uzi铁喷
[19:17:57] [CN] [Infected   ] 那天微风温柔不急            : 里面有铁喷啊
[19:18:08] [CN] [Survivor   ] 掌中萌虎是幸福的传说      : (TEAM) f1
[19:18:10] [CN] [Survivor   ] 掌中萌虎是幸福的传说      : (TEAM) 速度
[19:18:42] [CN] Bob                                 has joined (STEAM_1:1:568479391 | 119.117.199.201)
[19:21:42] [CN] [Infected   ] DJ Charger                          : (TEAM) 我没活出来
[19:21:44] [CN] [Infected   ] DJ Charger                          : (TEAM) 呜呜呜
[19:21:47] [CN] [Infected   ] DJ Charger                          : (TEAM) 吃大亏
[19:22:42] [CN] [Infected   ] DJ Charger                          : 给亲爱的pudding开膛破肚
[19:22:46] [CN] [Infected   ] Pudding                             : ?
[19:23:01] [CN] [Survivor   ] DJ Charger                          : 没有smg
[19:23:01] [CN] [Infected   ] Pudding                             : 今天赢你5次
[19:23:07] [CN] [Infected   ] 27065942183                         : 准备口水里洗澡吧
[19:23:16] [CN] [Survivor   ] 23℃                               : 下次加上去
[19:23:26] [CN] [Infected   ] Pudding                             : (TEAM) !w
[19:23:33] [CN] [Survivor   ] DJ Charger                          : 老头转起来了
[19:23:46] [CN] [Survivor   ] 23℃                               : aimbot
[19:23:57] [CN] [Survivor   ] 23℃                               : [SMAC] This server is protected by SourceMod Anti-Cheat.
[19:23:58] [CN] [Survivor   ] 23℃                               : D
[19:24:01] [CN] [Infected   ] Pudding                             : aimbot
[19:24:09] [CN] [Infected   ] Pudding                             : kick plaz
[19:24:12] [CN] [Infected   ] Pudding                             : plz
[19:24:15] [CN] [Infected   ] Pudding                             : !vote
[19:24:21] [CN] [Infected   ] Pudding                             : !hide
[19:24:24] [CN] 掌中萌虎是幸福的传说      has joined (STEAM_1:1:576643772 | 36.22.19.134)
[19:24:26] [CN] [Survivor   ] DJ Charger                          : 谁没进来
[19:24:27] [CN] [Survivor   ] DJ Charger                          : ooo
[19:24:43] [CN] [Spectator  ] 海百合                           : /spectate
[19:28:11] [CN] [Survivor   ] DJ Charger                          : (TEAM) yao
[19:28:37] [CN] [Infected   ] Pudding                             : !time
[19:28:45] [CN] [Infected   ] DJ Charger                          : (TEAM) 没药吃呜呜呜
[19:29:19] [CN] [Survivor   ] 掌中萌虎是幸福的传说      : gg
[19:29:24] [CN] [Infected   ] DJ Charger                          : D
[19:29:26] [CN] [Infected   ] 23℃                               : 6
[19:29:40] [CN] [Infected   ] 那天微风温柔不急            : (TEAM) D
[19:29:41] [CN] [Survivor   ] Pudding                             : !buy
[19:29:43] [CN] CY                                  has joined (STEAM_1:1:566778073 | 61.140.75.232)
[19:29:54] [CN] [Infected   ] 23℃                               : gg
[19:29:54] [CN] [Survivor   ] Pudding                             : !buy
[19:29:54] [CN] [Survivor   ] Pudding                             : !buy
[19:29:55] [CN] [Survivor   ] Pudding                             : !buy
[19:29:57] [CN] [Infected   ] 23℃                               : 还打吗
[19:30:05] [CN] [Survivor   ] DJ Charger                          : cygiegie来了
[19:30:13] [CN] [Infected   ] CY                                  : 什么情况
[19:30:14] [CN] [Survivor   ] DJ Charger                          : 我怕打不过
[19:30:18] [CN] [Survivor   ] DJ Charger                          : 不是
[19:30:23] [CN] [Survivor   ] DJ Charger                          : 要不再分一下
[19:30:29] [CN] [Survivor   ] 23℃                               : 打完就行
[19:30:32] [CN] [Survivor   ] DJ Charger                          : en
[19:30:32] [CN] [Infected   ] Pudding                             : 花肆run了
[19:30:34] [CN] [Infected   ] Pudding                             : 打完
[19:30:37] [CN] [Infected   ] Pudding                             : run
[19:30:39] [CN] [Infected   ] CY                                  : 打 外卖还有10分钟到
[19:30:42] [CN] [Survivor   ] 23℃                               : f1
[19:30:43] [CN] [Infected   ] Pudding                             : !buy
[19:31:06] [CN] [Survivor   ] DJ Charger                          : 我是傻逼
[19:31:09] [CN] [Survivor   ] DJ Charger                          : 我去搜猴
[19:31:25] [CN] [Infected   ] CY                                  : Last Round: 0 in 0:50.50This Round: 1 in 0:25.78.
[19:31:30] [CN] [Survivor   ] 23℃                               : 这个强度
[19:31:30] [CN] [Survivor   ] Managic                             : 1 common [100]
[19:31:35] [CN] [Survivor   ] 23℃                               : 我觉得差不多了
[19:31:45] [CN] [Infected   ] CY                                  : ？
[19:31:50] [CN] [Infected   ] CY                                  : 动不了
[19:31:53] [CN] [Survivor   ] DJ Charger                          : 对
[19:31:56] [CN] [Survivor   ] 23℃                               : 没有自动换图
[19:31:57] [CN] [Survivor   ] 那天微风温柔不急            : 不会重开的D
[19:31:59] [CN] [Survivor   ] 23℃                               : 这个要投票
[19:32:04] [CN] [Survivor   ] 那天微风温柔不急            : !S
[19:32:05] [CN] [Survivor   ] DJ Charger                          : 难怪就是一轮
[19:32:07] [CN] [Survivor   ] DJ Charger                          : !s
[19:32:11] [CN] [Spectator  ] DJ Charger                          : !jg
[19:32:15] [CN] [Survivor   ] 23℃                               : 可以歇了
[19:32:27] [CN] [Survivor   ] DJ Charger                          : 来把克清
[19:32:36] [CN] [Survivor   ] 玻萝莉枝                        : !w
[19:32:38] [CN] [Infected   ] 23℃                               : 克清没装
[19:32:47] [CN] [Infected   ] 23℃                               : 这个样子你们还打吗
[19:32:48] [CN] [Survivor   ] Pudding                             : !buy
[19:32:50] [CN] [Infected   ] 23℃                               : D
[19:32:54] [CN] [Survivor   ] Pudding                             : 来一局
[19:32:56] [CN] [Infected   ] 23℃                               : ok
[19:33:00] [CN] [Infected   ] DJ Charger                          : 一大局
[19:33:06] [CN] [Infected   ] DJ Charger                          : pudding锁我牛子
[19:33:09] [CN] [Survivor   ] Pudding                             : ?
[19:33:17] [CN] [Survivor   ] Pudding                             : 放不下了
[19:33:17] [CN] [Infected   ] 那天微风温柔不急            : 饿了...
[19:33:20] [CN] [Infected   ] DJ Charger                          : 6
[19:33:32] [CN] [Infected   ] DJ Charger                          : gogogo
[19:35:20] [CN] 惡語                              has joined (STEAM_1:1:196222008 | 171.43.132.87)
[19:37:23] [CN] [Infected   ] 23℃                               : D
[19:37:25] [CN] [Infected   ] DJ Charger                          : 这强度太高了
[19:37:59] [CN] [Spectator  ] 惡語                              : /spectate
[19:38:08] [CN] [Spectator  ] 惡語                              : 有监听插件？
[19:38:14] [CN] [Survivor   ] 23℃                               : wu
[19:38:31] [CN] [Spectator  ] 惡語                              : 显示了哪个玩家说话  听不到声
[19:38:42] [CN] [Survivor   ] 23℃                               : 只显示
[19:38:45] [CN] [Spectator  ] 惡語                              : ok
[19:39:55] [CN] [Survivor   ] DJ Charger                          : 没有smg
[19:41:02] [CN] 玖肆                              has joined (STEAM_1:1:556583097 | 183.152.45.254)
[19:42:16] [CN] [Infected   ] CY                                  : 拿外卖
[19:42:25] [CN] [Spectator  ] 惡語                              : /spectate
[19:42:25] [CN] [Spectator  ] 玖肆                              : /spectate
[19:42:27] [CN] [Spectator  ] 玖肆                              : DDD
[19:42:31] [CN] [Survivor   ] 23℃                               : 打完我也去恰个饭
[19:42:54] [CN] [Infected   ] CY                                  : 94来了
[19:42:58] [CN] [Infected   ] CY                                  : 我先撤退
[19:43:22] [CN] [Survivor   ] DJ Charger                          : 女人转起来了
[19:43:29] [CN] [Infected   ] 玖肆                              : 可是
[19:43:34] [CN] [Infected   ] 玖肆                              : 我也在吃
[19:43:39] [CN] [Infected   ] 玖肆                              : 死了
[19:43:46] [CN] [Survivor   ] 23℃                               : g?
[19:43:49] [CN] [Infected   ] 玖肆                              : 我边吃边打
[19:48:13] [CN] [Infected   ] 玖肆                              : 呜呜我的鱼
[19:48:44] [CN] [Survivor   ] 23℃                               : wc
[19:48:47] [CN] [Infected   ] Pudding                             : 哈人
[19:48:52] [CN] [Infected   ] Pudding                             : 超级特感(
[19:49:00] [CN] [Survivor   ] 23℃                               : 跳了一下
[19:49:24] [CN] [Infected   ] 玖肆                              : (TEAM) 我感觉我回到了吵闹的学校
[19:49:52] [CN] [Survivor   ] DJ Charger                          : 大残聚会
[19:50:02] [CN] [Survivor   ] 玖肆                              : (TEAM) 吵的我头痛
[19:50:02] [CN] [Infected   ] DJ Charger                          : 3
[19:50:07] [CN] [Survivor   ] Pudding                             : 菜头吃94牛子
[19:50:12] [CN] [Infected   ] 那天微风温柔不急            : D?
[19:50:15] [CN] [Infected   ] DJ Charger                          : (TEAM) 可以打高伤吧
[19:50:25] [CN] [Infected   ] 那天微风温柔不急            : 他得吃我的
[19:50:30] [CN] [Survivor   ] Pudding                             : 换着吃
[19:50:33] [CN] [Survivor   ] 玖肆                              : (TEAM) 我把你们声音关了
[19:52:17] [CN] [Infected   ] 那天微风温柔不急            : (TEAM) D
[19:52:25] [CN] [Infected   ] 那天微风温柔不急            : (TEAM) 我好像急了
[19:52:34] [CN] [Survivor   ] 玖肆                              : 谢谢你好人
[19:52:42] [CN] [Infected   ] 23℃                               : 锁我牛牛
[19:52:45] [CN] [Infected   ] Managic                             : >
[19:52:45] [CN] [Infected   ] DJ Charger                          : pudding
[19:52:47] [CN] [Infected   ] Managic                             : ?
[19:52:49] [CN] [Infected   ] DJ Charger                          : 下一个就是你
[19:52:51] [CN] [Survivor   ] 玖肆                              : 贴贴鱼捏
[19:52:53] [CN] [Survivor   ] 27065942183                         : 你他妈不玩就退
[19:52:54] [CN] [Infected   ] DJ Charger                          : 搜我牛子
[19:52:57] [CN] [Survivor   ] Pudding                             : 演员
[19:53:15] [CN] [Survivor   ] 玖肆                              : 谁不玩
[19:53:21] [CN] [Survivor   ] 玖肆                              : 是你吗
[19:53:24] [CN] [Infected   ] 那天微风温柔不急            : (TEAM) 我要玩喷D
[19:53:36] [CN] [Infected   ] DJ Charger                          : ?
[19:53:37] [CN] [Infected   ] 23℃                               : !pause
[19:53:52] [CN] Managic                             has joined (STEAM_1:0:503063231 | 117.44.143.103)
[19:53:52] [CN] [Infected   ] 23℃                               : !ready
[19:54:04] [CN] [Infected   ] 23℃                               : g
[19:54:13] [CN] [Survivor   ] Pudding                             : !ready
[19:54:24] [CN] [Survivor   ] 玖肆                              : !uready
[19:54:32] [CN] [Infected   ] Managic                             : no sbeam logon
[19:56:19] [CN] [Survivor   ] 玖肆                              : 菜,鱼晚点能不能陪我玩会官图D
[19:56:33] [CN] [Infected   ] DJ Charger                          : 为什么不叫我
[19:56:35] [CN] [Infected   ] 那天微风温柔不急            : 饿了，先去吃饭
[19:56:36] [CN] [Infected   ] 23℃                               : 还有论文要写
[19:56:37] [CN] [Infected   ] 那天微风温柔不急            : D
[19:56:40] [CN] [Infected   ] DJ Charger                          : 友尽
[19:56:46] [CN] [Survivor   ] 玖肆                              : 那牛牛也来D
[19:56:54] [CN] [Survivor   ] 玖肆                              : 那鱼忙吧
[19:57:08] [CN] [Infected   ] 那天微风温柔不急            : 我不一定来
[19:57:15] [CN] [Infected   ] 那天微风温柔不急            : 我还有单片机作业开着
[19:57:26] [CN] [Survivor   ] 玖肆                              : 看看吧？
[19:57:32] [CN] [Infected   ] 那天微风温柔不急            : 行
[19:57:38] [CN] [Survivor   ] 玖肆                              : 好~
[19:58:19] [CN] [Infected   ] DJ Charger                          : (TEAM) 我刚刚误以为
[19:58:22] [CN] [Infected   ] DJ Charger                          : (TEAM) 三控了
[19:58:25] [CN] [Infected   ] 23℃                               : (TEAM) D
[19:59:08] [CN] [Infected   ] 23℃                               : ?
[19:59:08] [CN] [Infected   ] DJ Charger                          : ?
[19:59:10] [CN] [Survivor   ] 玖肆                              : 6
[19:59:19] [CN] [Infected   ] DJ Charger                          : 我还想去抓你
[19:59:34] [CN] [Infected   ] Managic                             : (TEAM) 演员
[19:59:46] [CN] [Infected   ] 玖肆                              : 啊？为什么我是mvp
[19:59:58] [CN] [Survivor   ] Managic                             : 强强
[20:00:00] [CN] [Survivor   ] DJ Charger                          : 啥也不说了
[20:00:02] [CN] [Survivor   ] DJ Charger                          : 开转
[20:00:12] [CN] [Infected   ] 玖肆                              : 我是菜逼
[20:01:27] [CN] [Infected   ] 玖肆                              : 0才强
[20:02:51] [CN] [Survivor   ] Pudding                             : gg
[20:03:00] [CN] [Infected   ] 23℃                               : gg
[20:03:05] [CN] [Infected   ] 那天微风温柔不急            : gl hf
[20:03:05] [CN] [Survivor   ] 玖肆                              : 那里打呢
[20:03:10] [CN] [Infected   ] 23℃                               : 歇
[20:03:11] [CN] [Survivor   ] 玖肆                              : 战役
[20:03:17] [CN] [Infected   ] DJ Charger                          : 打特感速递
[20:03:26] [CN] [Survivor   ] 玖肆                              : cy服嘛
[20:03:34] [CN] [Infected   ] DJ Charger                          : 我也不知道
[20:03:37] [CN] [Infected   ] DJ Charger                          : 要不anne
[20:03:41] [CN] [Survivor   ] 玖肆                              : 不来
[20:03:45] [CN] [Infected   ] DJ Charger                          : 要不三方
[20:03:49] [CN] [Survivor   ] 玖肆                              : 可以
[20:03:54] [CN] [Infected   ] DJ Charger                          : 你开吗
[20:03:55] [CN] [Survivor   ] 玖肆                              : 啥图
[20:03:59] [CN] [Survivor   ] 玖肆                              : 你开
[20:04:07] [CN] [Infected   ] DJ Charger                          : 我开百ping起步
[20:04:16] [CN] [Infected   ] DJ Charger                          : 我也不知道打什么图
[20:04:19] [CN] [Infected   ] DJ Charger                          : 我出去看看
[20:04:23] [CN] [Survivor   ] 玖肆                              : 不知道玩啥图.jpg
[20:04:29] [CN] [Survivor   ] 玖肆                              : 星
--=================================================================--
[05/11/2022 20:04:55] --- NEW MAP STARTED: c8m5_rooftop ---
--=================================================================--
[22:23:12] [CN] The Young Man                       has joined (STEAM_1:1:610753022 | 221.194.120.153)
[22:23:47] [CN] [Survivor   ] The Young Man                       : at
[22:24:08] [CN] [Survivor   ] The Young Man                       : /match
[22:24:44] [CN] [Survivor   ] The Young Man                       : /match
--=================================================================--
[05/11/2022 22:24:57] --- NEW MAP STARTED: c8m5_rooftop ---
--=================================================================--
--=================================================================--
[05/11/2022 22:25:01] --- NEW MAP STARTED: c8m5_rooftop ---
--=================================================================--
[22:25:11] [CN] The Young Man                       has joined (STEAM_1:1:610753022 | 221.194.120.153)
--=================================================================--
[05/11/2022 22:25:48] --- NEW MAP STARTED: c8m5_rooftop ---
--=================================================================--
[11:23:09] [CN] 伊比利亚的海风               has joined (STEAM_1:1:476623145 | 112.49.146.193)
