--=================================================================--
[26/01/2023 15:33:36] --- NEW MAP STARTED: c2m1_highway ---
--=================================================================--
[16:41:33] [CN] 退游                              has joined (STEAM_1:0:625834323 | 120.239.45.151)
[16:41:53] [CN] [Survivor   ] 退游                              : (TEAM) /match
[16:41:56] [CN] [Survivor   ] 退游                              : (TEAM) !vote
[16:42:05] [CN] [Survivor   ] 退游                              : (TEAM) /match
--=================================================================--
[26/01/2023 16:42:58] --- NEW MAP STARTED: c2m1_highway ---
--=================================================================--
[16:43:48] [CN] 退游                              has joined (STEAM_1:0:625834323 | 120.239.45.151)
[16:44:11] [CN] [Survivor   ] 退游                              : (TEAM) /match
--=================================================================--
[26/01/2023 17:27:34] --- NEW MAP STARTED: c2m1_highway ---
--=================================================================--
[22:03:41] [CN] iPhoneX                             has joined (STEAM_1:0:625834323 | 120.239.45.151)
--=================================================================--
[26/01/2023 22:04:14] --- NEW MAP STARTED: c2m1_highway ---
--=================================================================--
[20:10:15] [CN] 海蒂和爷爷                     has joined (STEAM_1:0:202910745 | 113.66.44.172)
[20:10:33] [CN] [Infected   ] 海蒂和爷爷                     : (TEAM) !s
[20:10:34] [CN] [Infected   ] 海蒂和爷爷                     : (TEAM) !s
[20:10:34] [CN] [Infected   ] 海蒂和爷爷                     : (TEAM) !s
[20:10:34] [CN] [Infected   ] 海蒂和爷爷                     : (TEAM) !s
[20:10:34] [CN] [Infected   ] 海蒂和爷爷                     : (TEAM) !s
[20:10:46] [CN] [Infected   ] 海蒂和爷爷                     : (TEAM) !s
[20:10:46] [CN] [Infected   ] 海蒂和爷爷                     : (TEAM) !s
