--=================================================================--
[31/10/2022 09:14:53] --- NEW MAP STARTED: c2m1_highway ---
--=================================================================--
--=================================================================--
[31/10/2022 09:18:59] --- NEW MAP STARTED: c2m1_highway ---
--=================================================================--
--=================================================================--
[31/10/2022 09:22:33] --- NEW MAP STARTED: c2m1_highway ---
--=================================================================--
--=================================================================--
[31/10/2022 09:23:17] --- NEW MAP STARTED: c2m1_highway ---
--=================================================================--
[09:25:02] [CN] 23℃                               has joined (STEAM_1:0:246466989 | 61.179.137.115)
[09:25:35] [CN] [Survivor   ] 23℃                               : !
[09:27:56] [CN] [Survivor   ] 23℃                               : !match
--=================================================================--
[31/10/2022 09:28:00] --- NEW MAP STARTED: c2m1_highway ---
--=================================================================--
--=================================================================--
[31/10/2022 09:28:05] --- NEW MAP STARTED: c2m1_highway ---
--=================================================================--
[09:28:14] [CN] 23℃                               has joined (STEAM_1:0:246466989 | 61.179.137.115)
[09:28:55] [CN] [Survivor   ] 23℃                               : !rmatch
--=================================================================--
[31/10/2022 09:28:56] --- NEW MAP STARTED: c2m1_highway ---
--=================================================================--
[09:29:05] [CN] [Survivor   ] 23℃                               : !match
--=================================================================--
[31/10/2022 09:29:08] --- NEW MAP STARTED: c2m1_highway ---
--=================================================================--
--=================================================================--
[31/10/2022 09:29:12] --- NEW MAP STARTED: c2m1_highway ---
--=================================================================--
[09:29:21] [CN] 23℃                               has joined (STEAM_1:0:246466989 | 61.179.137.115)
--=================================================================--
[31/10/2022 09:30:09] --- NEW MAP STARTED: c2m1_highway ---
--=================================================================--
--=================================================================--
[31/10/2022 09:31:07] --- NEW MAP STARTED: c2m1_highway ---
--=================================================================--
[11:18:11] [CN] The Young Man                       has joined (STEAM_1:1:610753022 | 221.194.120.142)
--=================================================================--
[31/10/2022 11:20:06] --- NEW MAP STARTED: c2m1_highway ---
--=================================================================--
--=================================================================--
[31/10/2022 12:24:35] --- NEW MAP STARTED: c2m1_highway ---
--=================================================================--
--=================================================================--
[31/10/2022 12:33:26] --- NEW MAP STARTED: c8m5_rooftop ---
--=================================================================--
--=================================================================--
[31/10/2022 12:38:45] --- NEW MAP STARTED: c8m5_rooftop ---
--=================================================================--
--=================================================================--
[31/10/2022 12:54:10] --- NEW MAP STARTED: c8m5_rooftop ---
--=================================================================--
[12:56:53] [CN] 23℃                               has joined (STEAM_1:0:246466989 | 61.179.137.40)
[13:03:30] [CN] [Survivor   ] 23℃                               : !match
[13:03:44] [CN] [Survivor   ] 23℃                               : !match
--=================================================================--
[31/10/2022 13:03:53] --- NEW MAP STARTED: c8m5_rooftop ---
--=================================================================--
--=================================================================--
[31/10/2022 13:03:58] --- NEW MAP STARTED: c8m5_rooftop ---
--=================================================================--
[13:04:04] [CN] 23℃                               has joined (STEAM_1:0:246466989 | 61.179.137.40)
--=================================================================--
[31/10/2022 13:06:59] --- NEW MAP STARTED: c8m5_rooftop ---
--=================================================================--
--=================================================================--
[31/10/2022 13:17:40] --- NEW MAP STARTED: c8m5_rooftop ---
--=================================================================--
[13:19:05] [CN] 23℃                               has joined (STEAM_1:0:246466989 | 61.179.137.40)
[13:19:13] [CN] [Survivor   ] 23℃                               : !match
--=================================================================--
[31/10/2022 13:19:31] --- NEW MAP STARTED: c8m5_rooftop ---
--=================================================================--
--=================================================================--
[31/10/2022 13:19:35] --- NEW MAP STARTED: c8m5_rooftop ---
--=================================================================--
[13:19:41] [CN] 23℃                               has joined (STEAM_1:0:246466989 | 61.179.137.40)
--=================================================================--
[31/10/2022 13:20:49] --- NEW MAP STARTED: c8m5_rooftop ---
--=================================================================--
[13:40:55] [CN] 23℃                               has joined (STEAM_1:0:246466989 | 61.179.137.40)
--=================================================================--
[31/10/2022 13:41:23] --- NEW MAP STARTED: c8m5_rooftop ---
--=================================================================--
--=================================================================--
[31/10/2022 13:42:06] --- NEW MAP STARTED: c8m5_rooftop ---
--=================================================================--
[13:42:45] [CN] 23℃                               has joined (STEAM_1:0:246466989 | 61.179.137.40)
[13:42:55] [CN] [Survivor   ] 23℃                               : !match
--=================================================================--
[31/10/2022 13:43:00] --- NEW MAP STARTED: c8m5_rooftop ---
--=================================================================--
--=================================================================--
[31/10/2022 13:43:04] --- NEW MAP STARTED: c8m5_rooftop ---
--=================================================================--
[13:43:10] [CN] 23℃                               has joined (STEAM_1:0:246466989 | 61.179.137.40)
--=================================================================--
[31/10/2022 13:43:48] --- NEW MAP STARTED: c8m5_rooftop ---
--=================================================================--
[13:43:54] [CN] 23℃                               has joined (STEAM_1:0:246466989 | 61.179.137.40)
[13:44:16] [CN] [Survivor   ] 23℃                               : !rmatch
--=================================================================--
[31/10/2022 13:44:17] --- NEW MAP STARTED: c8m5_rooftop ---
--=================================================================--
[13:44:24] [CN] [Survivor   ] 23℃                               : !match
--=================================================================--
[31/10/2022 13:44:27] --- NEW MAP STARTED: c8m5_rooftop ---
--=================================================================--
--=================================================================--
[31/10/2022 13:44:31] --- NEW MAP STARTED: c8m5_rooftop ---
--=================================================================--
[13:44:37] [CN] 23℃                               has joined (STEAM_1:0:246466989 | 61.179.137.40)
--=================================================================--
[31/10/2022 13:45:28] --- NEW MAP STARTED: c8m5_rooftop ---
--=================================================================--
--=================================================================--
[31/10/2022 13:48:00] --- NEW MAP STARTED: c8m5_rooftop ---
--=================================================================--
[20:52:48] [CN] 23℃                               has joined (STEAM_1:0:246466989 | 61.179.137.35)
[20:52:55] [CN] [Survivor   ] 23℃                               : !map
--=================================================================--
[31/10/2022 20:53:12] --- NEW MAP STARTED: c2m1_highway ---
--=================================================================--
[20:53:22] [CN] 23℃                               has joined (STEAM_1:0:246466989 | 61.179.137.35)
[20:53:29] [CN] [Survivor   ] 23℃                               : !match
--=================================================================--
[31/10/2022 20:53:36] --- NEW MAP STARTED: c2m1_highway ---
--=================================================================--
--=================================================================--
[31/10/2022 20:53:41] --- NEW MAP STARTED: c2m1_highway ---
--=================================================================--
[20:53:50] [CN] 23℃                               has joined (STEAM_1:0:246466989 | 61.179.137.35)
--=================================================================--
[31/10/2022 20:55:58] --- NEW MAP STARTED: c8m5_rooftop ---
--=================================================================--
[21:05:12] [CN] 23℃                               has joined (STEAM_1:0:246466989 | 61.179.137.35)
[21:05:23] [CN] [Survivor   ] 23℃                               : !map
--=================================================================--
[31/10/2022 21:05:30] --- NEW MAP STARTED: c2m1_highway ---
--=================================================================--
[21:05:40] [CN] 23℃                               has joined (STEAM_1:0:246466989 | 61.179.137.35)
[21:05:45] [CN] [Survivor   ] 23℃                               : !match
--=================================================================--
[31/10/2022 21:05:47] --- NEW MAP STARTED: c2m1_highway ---
--=================================================================--
--=================================================================--
[31/10/2022 21:05:52] --- NEW MAP STARTED: c2m1_highway ---
--=================================================================--
[21:06:01] [CN] 23℃                               has joined (STEAM_1:0:246466989 | 61.179.137.35)
[21:07:05] [CN] Managic                             has joined (STEAM_1:0:503063231 | 113.194.20.114)
[21:07:31] [CN] [Survivor   ] 23℃                               : 玲绪服在内战
[21:07:37] [CN] [Survivor   ] 23℃                               : 、领域 兔子也在
[21:07:42] [CN] [Survivor   ] 23℃                               : 玲绪
[21:07:57] [CN] 玖肆                              has joined (STEAM_1:1:556583097 | 183.152.46.212)
[21:08:08] [CN] [Spectator  ] 玖肆                              : 啊？
[21:08:12] [CN] [Survivor   ] 23℃                               : lerp
[21:08:12] [CN] 眠意寄秋风                     has joined (STEAM_1:0:219145519 | 171.82.130.217)
[21:08:29] [CN] Pudding                             has joined (STEAM_1:0:605227244 | 117.152.60.11)
[21:08:31] [CN] [Spectator  ] 玖肆                              : 这图啊
[21:08:37] [CN] [Survivor   ] 23℃                               : 我好想忘了关匹配
[21:09:06] [CN] [Infected   ] Pudding                             : 全英语公告，帅啊
[21:09:12] [CN] [Infected   ] Pudding                             : !buy
[21:09:15] [CN] [Survivor   ] 眠意寄秋风                     : (TEAM) 都行
[21:09:59] [CN] [Infected   ] 玖肆                              : 嘿嘿嘿菜鱼头
[21:10:05] [CN] [Survivor   ] 眠意寄秋风                     : D?
[21:10:18] [CN] [Infected   ] 玖肆                              : ）
[21:10:48] [CN] [Infected   ] 玖肆                              : (TEAM) yyyyy
[21:11:00] [CN] [Survivor   ] 眠意寄秋风                     : (TEAM) 我在肝僵毁
[21:11:54] [CN] [Survivor   ] 眠意寄秋风                     : (TEAM) 我们在还在穿短袖
[21:12:11] [CN] [Survivor   ] Managic                             : (TEAM) 我也是短袖
[21:12:18] [CN] [Survivor   ] 眠意寄秋风                     : (TEAM) D
[21:12:28] [CN] [Survivor   ] 眠意寄秋风                     : (TEAM) 不要相信武汉的天气
[21:12:49] [CN] 灌注Pudding喵谢谢喵           has joined (STEAM_1:1:501867733 | 117.159.10.60)
[21:12:58] [CN] [Survivor   ] Managic                             : 逆天ID
[21:13:07] [CN] [Infected   ] 灌注Pudding喵谢谢喵           : D
[21:13:10] [CN] [Survivor   ] 23℃                               : g/
[21:13:10] [CN] [Infected   ] 玖肆                              : 嘿嘿嘿酸菜鱼
[21:13:13] [CN] [Survivor   ] 23℃                               : g?
[21:13:18] [CN] [Survivor   ] 眠意寄秋风                     : D
[21:13:38] [CN] [Infected   ] 灌注Pudding喵谢谢喵           : 没打过c2m1
[21:13:39] [CN] [Survivor   ] 眠意寄秋风                     : (TEAM) 哪里，我去VAN VAN
[21:13:42] [CN] [Survivor   ] 23℃                               : 一样
[21:13:43] [CN] [Infected   ] 灌注Pudding喵谢谢喵           : 害怕
[21:14:03] [CN] [Survivor   ] 23℃                               : r
[21:14:10] [CN] [Infected   ] 玖肆                              : 你们只有1个没打过是吧（
[21:15:12] [CN] [Infected   ] 玖肆                              : wc什么刀
[21:17:55] [CN] [Infected   ] 玖肆                              : !S
[21:18:38] [CN] [Infected   ] 玖肆                              : 回不了E的吗
[21:18:41] [CN] [Survivor   ] 23℃                               : ke yi
[21:18:57] [CN] [Infected   ] 玖肆                              : 不能啊
[21:18:58] [CN] [Survivor   ] 眠意寄秋风                     : (TEAM) 我只知道我巨卡
[21:19:07] [CN] [Infected   ] 玖肆                              : 回不了
[21:19:11] [CN] [Survivor   ] 23℃                               : 下次多加几个油桶
[21:19:11] [CN] [Infected   ] Pudding                             : !time
[21:19:15] [CN] [Infected   ] 23℃                               : 可以回
[21:19:20] [CN] [Infected   ] 23℃                               : 你离我们太劲了
[21:19:20] [CN] [Survivor   ] 玖肆                              : 不能
[21:19:39] [CN] [Survivor   ] 玖肆                              : 你自己跑下呜呜
[21:19:47] [CN] [Infected   ] 23℃                               : D
[21:19:54] [CN] [Infected   ] 23℃                               : 和zm一样的
[21:20:00] [CN] [Survivor   ] 玖肆                              : 我不管
[21:20:07] [CN] [Survivor   ] 玖肆                              : 你跑下
[21:20:14] [CN] [Infected   ] 23℃                               : 那你开啊
[21:20:30] [CN] [Survivor   ] 玖肆                              : 那你跑啊
[21:21:23] [CN] [Infected   ] Managic                             : 鼠标敲键盘旁边了
[21:22:35] [CN] [Infected   ] Managic                             : 楽
[21:22:37] [CN] [Survivor   ] 灌注Pudding喵谢谢喵           : .
[21:25:04] [CN] [Infected   ] 23℃                               : 这个插件强度怎样
[21:25:14] [CN] [Infected   ] 眠意寄秋风                     : (TEAM) 可
[21:25:16] [CN] [Survivor   ] 玖肆                              : 不知道
[21:25:19] [CN] [Infected   ] Managic                             : 要不要换一下人
[21:25:19] [CN] [Infected   ] 23℃                               : 打完再说吧
[21:25:20] [CN] [Survivor   ] Pudding                             : 得看dps
[21:25:22] [CN] [Infected   ] 眠意寄秋风                     : (TEAM) 除了回E
[21:25:24] [CN] [Infected   ] 眠意寄秋风                     : (TEAM) D
[21:25:26] [CN] [Infected   ] 23℃                               : (TEAM) D
[21:25:33] [CN] [Survivor   ] 玖肆                              : 还有为什么我不可以回E
[21:25:34] [CN] [Survivor   ] 灌注Pudding喵谢谢喵           : 水土不服
[21:25:37] [CN] [Survivor   ] 玖肆                              : (
[21:25:40] [CN] [Infected   ] 23℃                               : 这个插件遵循zm的
[21:25:40] [CN] [Survivor   ] 灌注Pudding喵谢谢喵           : 还不适应
[21:25:46] [CN] [Infected   ] 23℃                               : 33 22都没dps
[21:25:54] [CN] [Survivor   ] Pudding                             : 嗯
[21:26:12] [CN] Ⅴ                                 has joined (STEAM_1:0:668766530 | 222.216.18.190)
[21:27:23] [CN] ^_^                                 has joined (STEAM_1:0:627954370 | 120.242.190.12)
[21:27:59] [CN] [Infected   ] Managic                             : (
[21:28:33] [CN] Nyaruko                             has joined (STEAM_1:1:454811042 | 111.18.130.221)
[21:28:38] [CN] [Survivor   ] 灌注Pudding喵谢谢喵           : 我卡武器了？
[21:28:45] [CN] [Infected   ] Managic                             : (TEAM) /pause
[21:28:52] [CN] 23℃                               has joined (STEAM_1:0:246466989 | 61.179.137.35)
[21:28:57] [CN] [Infected   ] Managic                             : /ready
[21:28:58] [CN] [Survivor   ] 灌注Pudding喵谢谢喵           : 刀和枪来回换
[21:29:09] [CN] [Survivor   ] Pudding                             : !ready
[21:31:33] [CN] [Spectator  ] Ⅴ                                 : /spectate
[21:31:48] [CN] 小鸟游六花                     has joined (STEAM_1:1:509380302 | 123.127.218.58)
[21:35:20] [CN] [Survivor   ] 眠意寄秋风                     : (TEAM) 有个车挡着还能拉到嘛
[21:35:39] [CN] [Spectator  ] Ⅴ                                 : /spectate
[21:35:39] [CN] [Spectator  ] 小鸟游六花                     : /spectate
[21:37:07] [CN] [Infected   ] 玖肆                              : (TEAM) o
[21:38:01] [CN] [Infected   ] 灌注Pudding喵谢谢喵           : 回不了
[21:38:05] [CN] [Infected   ] 玖肆                              : bug
[21:38:06] [CN] [Survivor   ] 23℃                               : ?
[21:38:08] [CN] [Infected   ] 灌注Pudding喵谢谢喵           : 回不了e
[21:38:25] [CN] [Survivor   ] 23℃                               : ！s
[21:38:33] [CN] [Infected   ] 玖肆                              : D?
[21:40:39] [CN] Julius                              has joined (STEAM_1:1:576281835 | 27.18.66.228)
[21:40:42] [CN] [Infected   ] Pudding                             : 我回e了(
[21:40:49] [CN] [Infected   ] 灌注Pudding喵谢谢喵           : 回E有bug
[21:40:51] [CN] [Infected   ] 玖肆                              : 我俩不行
[21:41:31] [CN] [Infected   ] 玖肆                              : 我E都快按烂了
[21:41:44] [CN] [Survivor   ] 23℃                               : 可能是距离不够
[21:41:47] [CN] [Infected   ] 23℃                               : 下次我看看
[21:41:54] [CN] [Infected   ] 23℃                               : 能不能改
[21:41:55] [CN] [Survivor   ] 灌注Pudding喵谢谢喵           : 都快到出生点了
[21:41:59] [CN] [Survivor   ] 灌注Pudding喵谢谢喵           : 都回不了
[21:42:01] [CN] [Spectator  ] Ⅴ                                 : /spectate
[21:42:01] [CN] [Spectator  ] 小鸟游六花                     : /spectate
[21:42:01] [CN] [Spectator  ] Julius                              : /spectate
[21:42:04] [CN] [Infected   ] 23℃                               : 不能回就！s
[21:42:10] [CN] [Survivor   ] 玖肆                              : 我都跑回安全屋了
[21:42:32] [CN] [Infected   ] Managic                             : 出生点E不了
[21:43:10] [CN] [Infected   ] 眠意寄秋风                     : (TEAM) XD
[21:43:14] [CN] [Infected   ] 眠意寄秋风                     : (TEAM) 蠢牛
[21:43:41] [CN] [Infected   ] Managic                             : 寡！！！！！
[21:43:44] [CN] [Infected   ] 23℃                               : 6
[21:43:50] [CN] [Infected   ] Managic                             : XD
[21:46:18] [CN] [Infected   ] Managic                             : 6
[21:48:21] [CN] [Infected   ] 23℃                               : 感觉不刷药是不行
[21:48:26] [CN] [Spectator  ] Ⅴ                                 : /spectate
[21:48:26] [CN] [Spectator  ] 小鸟游六花                     : /spectate
[21:48:39] [CN] [Infected   ] 23℃                               : 这点和药抗不一样
[21:51:26] [CN] [Infected   ] 眠意寄秋风                     : 94来贴贴
[21:53:35] [CN] [Survivor   ] Managic                             : 阿喵
[21:57:17] [CN] [Survivor   ] 23℃                               : 总体感觉怎样
[21:57:22] [CN] [Survivor   ] 23℃                               : 有什么意见吗
[21:57:27] [CN] [Infected   ] 玖肆                              : 孬
[21:57:28] [CN] [Infected   ] Pudding                             : 还得看44
[21:57:28] [CN] [Infected   ] 灌注Pudding喵谢谢喵           : 回e问题
[21:57:36] [CN] [Survivor   ] 眠意寄秋风                     : 加药，回E
[21:57:36] [CN] [Infected   ] 灌注Pudding喵谢谢喵           : 其他的33看不出来
[21:57:37] [CN] [Survivor   ] 23℃                               : ok 回e
[21:57:41] [CN] ^_^                                 has joined (STEAM_1:0:627954370 | 120.242.190.12)
[21:57:41] [CN] [Survivor   ] 23℃                               : 行
[21:57:44] [CN] [Infected   ] 玖肆                              : 回E
[21:57:45] [CN] [Infected   ] Pudding                             : 33就是不急
[21:57:47] [CN] [Survivor   ] 23℃                               : 下次c8m544
[21:57:47] [CN] [Infected   ] Pudding                             : 补给
[21:57:52] [CN] [Survivor   ] 眠意寄秋风                     : 我想多炫点药
[21:57:55] [CN] [Survivor   ] 23℃                               : D
[21:57:59] [CN] [Infected   ] 灌注Pudding喵谢谢喵           : 没有补给难搞
[21:58:04] [CN] [Survivor   ] 眠意寄秋风                     : !s
[21:58:07] [CN] [Survivor   ] 23℃                               : 下次加
[21:58:11] [CN] [Infected   ] Pudding                             : 怎么不动了(
[21:58:12] [CN] [Survivor   ] 23℃                               : 那就歇了吧
[21:58:17] [CN] [Infected   ] 灌注Pudding喵谢谢喵           : !s
[21:58:18] [CN] [Survivor   ] 23℃                               : 这个插件设定
[21:58:26] [CN] [Spectator  ] 眠意寄秋风                     : 跑路跑路
[21:58:33] [CN] [Infected   ] Pudding                             : 走了走了
[21:58:49] [CN] [Survivor   ] Managic                             : /rs
--=================================================================--
[31/10/2022 21:59:02] --- NEW MAP STARTED: c8m5_rooftop ---
--=================================================================--
[22:00:45] [CN] The Young Man                       has joined (STEAM_1:1:610753022 | 221.194.120.142)
--=================================================================--
[31/10/2022 22:01:27] --- NEW MAP STARTED: c8m5_rooftop ---
--=================================================================--
[22:03:53] [CN] The Young Man                       has joined (STEAM_1:1:610753022 | 221.194.120.142)
[22:04:55] [CN] [Survivor   ] The Young Man                       : at
[22:05:10] [CN] [Survivor   ] The Young Man                       : (TEAM) a
--=================================================================--
[31/10/2022 22:07:45] --- NEW MAP STARTED: c8m5_rooftop ---
--=================================================================--
[22:09:39] [CN] The Young Man                       has joined (STEAM_1:1:610753022 | 221.194.120.142)
[22:10:02] [CN] 23℃                               has joined (STEAM_1:0:246466989 | 61.179.137.35)
[22:12:05] [CN] The Young Man                       has joined (STEAM_1:1:610753022 | 221.194.120.142)
--=================================================================--
[31/10/2022 22:20:42] --- NEW MAP STARTED: c8m5_rooftop ---
--=================================================================--
[22:34:49] [CN] The Young Man                       has joined (STEAM_1:1:610753022 | 221.192.127.102)
--=================================================================--
[31/10/2022 22:35:54] --- NEW MAP STARTED: c8m5_rooftop ---
--=================================================================--
[22:41:19] [CN] The Young Man                       has joined (STEAM_1:1:610753022 | 221.192.127.102)
[22:44:36] [CN] [Survivor   ] The Young Man                       : /match
--=================================================================--
[31/10/2022 22:44:49] --- NEW MAP STARTED: c8m5_rooftop ---
--=================================================================--
--=================================================================--
[31/10/2022 22:44:53] --- NEW MAP STARTED: c8m5_rooftop ---
--=================================================================--
[22:45:08] [CN] The Young Man                       has joined (STEAM_1:1:610753022 | 221.192.127.102)
[22:45:49] [CN] [Spectator  ] The Young Man                       : /ir
--=================================================================--
[31/10/2022 22:46:15] --- NEW MAP STARTED: c8m5_rooftop ---
--=================================================================--
