--=================================================================--
[12/12/2022 00:39:36] --- NEW MAP STARTED: c2m1_highway ---
--=================================================================--
--=================================================================--
[12/12/2022 01:09:33] --- NEW MAP STARTED: c2m1_highway ---
--=================================================================--
[01:10:04] [CN] 破壊的価値創造               has joined (STEAM_1:0:246466989 | 223.149.50.121)
[01:11:02] [CN] [Survivor   ] 破壊的価値創造               : !match
--=================================================================--
[12/12/2022 01:12:20] --- NEW MAP STARTED: c2m1_highway ---
--=================================================================--
[01:12:23] [CN] [Infected   ] 破壊的価値創造               : !match
--=================================================================--
[12/12/2022 01:13:24] --- NEW MAP STARTED: c2m1_highway ---
--=================================================================--
--=================================================================--
[12/12/2022 01:13:48] --- NEW MAP STARTED: c2m1_highway ---
--=================================================================--
[01:13:58] [CN] 破壊的価値創造               has joined (STEAM_1:0:246466989 | 223.149.50.121)
[01:14:10] [CN] [Infected   ] 破壊的価値創造               : !jg
--=================================================================--
[12/12/2022 01:15:02] --- NEW MAP STARTED: c2m1_highway ---
--=================================================================--
--=================================================================--
[12/12/2022 01:16:32] --- NEW MAP STARTED: c2m1_highway ---
--=================================================================--
--=================================================================--
[12/12/2022 01:43:44] --- NEW MAP STARTED: c2m1_highway ---
--=================================================================--
[01:44:42] [CN] 破壊的価値創造               has joined (STEAM_1:0:246466989 | 223.149.50.121)
--=================================================================--
[12/12/2022 01:45:30] --- NEW MAP STARTED: c2m1_highway ---
--=================================================================--
--=================================================================--
[12/12/2022 01:58:28] --- NEW MAP STARTED: c2m1_highway ---
--=================================================================--
--=================================================================--
[12/12/2022 02:12:29] --- NEW MAP STARTED: c2m1_highway ---
--=================================================================--
--=================================================================--
[12/12/2022 04:31:57] --- NEW MAP STARTED: c2m1_highway ---
--=================================================================--
--=================================================================--
[12/12/2022 04:35:12] --- NEW MAP STARTED: c2m1_highway ---
--=================================================================--
[21:10:46] [CN] 收彭                              has joined (STEAM_1:1:735602406 | 120.239.110.202)
--=================================================================--
[12/12/2022 21:11:23] --- NEW MAP STARTED: c2m1_highway ---
--=================================================================--
[18:45:54] [CN] 破壊的価値創造               has joined (STEAM_1:0:246466989 | 223.153.29.239)
[18:46:01] [CN] 1732073654                          has joined (STEAM_1:0:660318860 | 120.243.159.10)
[18:46:07] [CN] [Survivor   ] 破壊的価値創造               : !match
