--=================================================================--
[13/01/2023 15:13:20] --- NEW MAP STARTED: c2m1_highway ---
--=================================================================--
[15:15:39] [CN] 予感                              has joined (STEAM_1:0:246466989 | 223.149.48.110)
[15:16:01] [CN] [Infected   ] 予感                              : /jg
[15:16:06] [CN] [Infected   ] 予感                              : /jg
[15:16:53] [CN] [Infected   ] 予感                              : /jg
[15:16:58] [CN] [Infected   ] 予感                              : !join
[15:17:53] [CN] [Infected   ] 予感                              : !map
[15:18:12] [CN] [Infected   ] 予感                              : /match
[15:19:23] [CN] [Infected   ] 予感                              : /match
--=================================================================--
[13/01/2023 15:20:13] --- NEW MAP STARTED: c2m1_highway ---
--=================================================================--
[17:12:41] [CN] emileseb5                           has joined (STEAM_1:0:632143659 | 106.7.154.117)
[17:13:07] [CN] [Infected   ] emileseb5                           : !s
[17:13:12] [CN] [Infected   ] emileseb5                           : !s
[17:13:17] [CN] [Infected   ] emileseb5                           : !jg
--=================================================================--
[13/01/2023 17:13:41] --- NEW MAP STARTED: c2m1_highway ---
--=================================================================--
[19:27:05] [CN] emileseb5                           has joined (STEAM_1:0:632143659 | 106.7.154.117)
[19:27:25] [CN] [Infected   ] emileseb5                           : !s
[19:27:28] [CN] [Infected   ] emileseb5                           : !match
[19:27:37] [CN] 背行囊的猫                     has joined (STEAM_1:0:428006038 | 120.239.146.124)
[19:27:44] [CN] [Infected   ] emileseb5                           : az
[19:27:59] [CN] [Infected   ] emileseb5                           : 运运油吗
[19:28:03] [CN] [Survivor   ] 背行囊的猫                     : 啊这
[19:28:08] [CN] [Infected   ] emileseb5                           : !match
[19:28:09] [CN] [Survivor   ] 背行囊的猫                     : 不孕了吧
[19:28:19] [CN] [Infected   ] emileseb5                           : !s
[19:28:23] [CN] [Infected   ] emileseb5                           : 主要是
[19:28:30] [CN] [Infected   ] emileseb5                           : 我现在不知道怎么m到生还
[19:28:37] [CN] [Infected   ] emileseb5                           : !join survivor
[19:28:50] [CN] [Survivor   ] 背行囊的猫                     : !inf
[19:28:53] [CN] [Survivor   ] 背行囊的猫                     : az
[19:29:01] [CN] [Survivor   ] 背行囊的猫                     : 去CY战役服看看
[19:29:05] [CN] [Infected   ] emileseb5                           : xing
--=================================================================--
[13/01/2023 19:29:37] --- NEW MAP STARTED: c2m1_highway ---
--=================================================================--
--=================================================================--
[13/01/2023 20:27:19] --- NEW MAP STARTED: c2m1_highway ---
--=================================================================--
[20:36:26] [CN] 予感                              has joined (STEAM_1:0:246466989 | 223.149.48.110)
[20:37:06] [CN] [Survivor   ] 予感                              : /match
--=================================================================--
[13/01/2023 20:38:21] --- NEW MAP STARTED: c2m1_highway ---
--=================================================================--
[20:38:29] [CN] [Infected   ] 予感                              : /match
--=================================================================--
[13/01/2023 20:39:18] --- NEW MAP STARTED: c2m1_highway ---
--=================================================================--
[20:39:21] [CN] [Survivor   ] 予感                              : /match
--=================================================================--
[13/01/2023 20:43:23] --- NEW MAP STARTED: c2m1_highway ---
--=================================================================--
--=================================================================--
[13/01/2023 22:02:19] --- NEW MAP STARTED: c2m1_highway ---
--=================================================================--
--=================================================================--
[13/01/2023 22:18:17] --- NEW MAP STARTED: c2m1_highway ---
--=================================================================--
--=================================================================--
[13/01/2023 22:23:26] --- NEW MAP STARTED: c2m1_highway ---
--=================================================================--
[22:26:57] [CN] 予感                              has joined (STEAM_1:0:246466989 | 223.147.94.25)
[22:27:36] [CN] [Survivor   ] 予感                              : /match
[22:27:39] [CN] [Survivor   ] 予感                              : /vote
[22:27:44] [CN] [Survivor   ] 予感                              : /match
--=================================================================--
[13/01/2023 22:33:15] --- NEW MAP STARTED: c2m1_highway ---
--=================================================================--
--=================================================================--
[13/01/2023 22:49:59] --- NEW MAP STARTED: c2m1_highway ---
--=================================================================--
[23:22:10] [CN] 予感                              has joined (STEAM_1:0:246466989 | 223.149.48.110)
[23:22:32] [CN] [Survivor   ] 予感                              : /jg
[23:22:37] [CN] [Survivor   ] 予感                              : /inf
[23:23:06] [CN] [Survivor   ] 予感                              : /match
--=================================================================--
[13/01/2023 23:24:10] --- NEW MAP STARTED: c2m1_highway ---
--=================================================================--
[23:24:14] [CN] [Infected   ] 予感                              : /join
[23:24:18] [CN] [Infected   ] 予感                              : /match
--=================================================================--
[13/01/2023 23:27:58] --- NEW MAP STARTED: c2m1_highway ---
--=================================================================--
