L 01/24/2023 - 14:39:31: SourceMod error session started
L 01/24/2023 - 14:39:31: Info (map "c2m1_highway") (file "/root/Steam/steamapps/common/Left 4 Dead 2 Dedicated Server/left4dead2/addons/sourcemod/logs/errors_20230124.log")
L 01/24/2023 - 14:39:31: [SM] Exception reported: Invalid index 1 (count: 1)
L 01/24/2023 - 14:39:31: [SM] Blaming: optional/l4d_equalise_alarm_cars_scav.smx
L 01/24/2023 - 14:39:31: [SM] Call stack trace:
L 01/24/2023 - 14:39:31: [SM]   [0] ArrayList.GetString
L 01/24/2023 - 14:39:31: [SM]   [1] Line 384, F:\Users\Administrator\Documents\GitHub\MoYu_Server_Stupid_Plugins\The Last Stand\l4d_equalise_alarm_cars\l4d_equalise_alarm_cars.sp::PatchAlarmedCars
L 01/24/2023 - 14:40:07: Error log file session closed.
L 01/24/2023 - 14:40:24: SourceMod error session started
L 01/24/2023 - 14:40:24: Info (map "c8m5_rooftop") (file "/root/Steam/steamapps/common/Left 4 Dead 2 Dedicated Server/left4dead2/addons/sourcemod/logs/errors_20230124.log")
L 01/24/2023 - 14:40:24: [SM] Exception reported: Client 2 is not in game
L 01/24/2023 - 14:40:24: [SM] Blaming: optional/l4d2_scav_fix_nm5.smx
L 01/24/2023 - 14:40:24: [SM] Call stack trace:
L 01/24/2023 - 14:40:24: [SM]   [0] GetClientAbsOrigin
L 01/24/2023 - 14:40:24: [SM]   [1] Line 76, E:\DownLoading\sourcemod-1.11.0-git6826-windows\addons\sourcemod\scripting\l4d2_scav_fix_nm5.sp::FindMisplacedCans
L 01/24/2023 - 14:40:24: [SM]   [2] Line 53, E:\DownLoading\sourcemod-1.11.0-git6826-windows\addons\sourcemod\scripting\l4d2_scav_fix_nm5.sp::ScavTimerH
L 01/24/2023 - 14:40:39: [SM] Exception reported: Client 2 is not in game
L 01/24/2023 - 14:40:39: [SM] Blaming: optional/l4d2_scav_fix_nm5.smx
L 01/24/2023 - 14:40:39: [SM] Call stack trace:
L 01/24/2023 - 14:40:39: [SM]   [0] GetClientAbsOrigin
L 01/24/2023 - 14:40:39: [SM]   [1] Line 76, E:\DownLoading\sourcemod-1.11.0-git6826-windows\addons\sourcemod\scripting\l4d2_scav_fix_nm5.sp::FindMisplacedCans
L 01/24/2023 - 14:40:39: [SM]   [2] Line 53, E:\DownLoading\sourcemod-1.11.0-git6826-windows\addons\sourcemod\scripting\l4d2_scav_fix_nm5.sp::ScavTimerH
L 01/24/2023 - 14:40:54: [SM] Exception reported: Client 2 is not in game
L 01/24/2023 - 14:40:54: [SM] Blaming: optional/l4d2_scav_fix_nm5.smx
L 01/24/2023 - 14:40:54: [SM] Call stack trace:
L 01/24/2023 - 14:40:54: [SM]   [0] GetClientAbsOrigin
L 01/24/2023 - 14:40:54: [SM]   [1] Line 76, E:\DownLoading\sourcemod-1.11.0-git6826-windows\addons\sourcemod\scripting\l4d2_scav_fix_nm5.sp::FindMisplacedCans
L 01/24/2023 - 14:40:54: [SM]   [2] Line 53, E:\DownLoading\sourcemod-1.11.0-git6826-windows\addons\sourcemod\scripting\l4d2_scav_fix_nm5.sp::ScavTimerH
L 01/24/2023 - 14:41:09: [SM] Exception reported: Client 2 is not in game
L 01/24/2023 - 14:41:09: [SM] Blaming: optional/l4d2_scav_fix_nm5.smx
L 01/24/2023 - 14:41:09: [SM] Call stack trace:
L 01/24/2023 - 14:41:09: [SM]   [0] GetClientAbsOrigin
L 01/24/2023 - 14:41:09: [SM]   [1] Line 76, E:\DownLoading\sourcemod-1.11.0-git6826-windows\addons\sourcemod\scripting\l4d2_scav_fix_nm5.sp::FindMisplacedCans
L 01/24/2023 - 14:41:09: [SM]   [2] Line 53, E:\DownLoading\sourcemod-1.11.0-git6826-windows\addons\sourcemod\scripting\l4d2_scav_fix_nm5.sp::ScavTimerH
L 01/24/2023 - 14:41:24: [SM] Exception reported: Client 2 is not in game
L 01/24/2023 - 14:41:24: [SM] Blaming: optional/l4d2_scav_fix_nm5.smx
L 01/24/2023 - 14:41:24: [SM] Call stack trace:
L 01/24/2023 - 14:41:24: [SM]   [0] GetClientAbsOrigin
L 01/24/2023 - 14:41:24: [SM]   [1] Line 76, E:\DownLoading\sourcemod-1.11.0-git6826-windows\addons\sourcemod\scripting\l4d2_scav_fix_nm5.sp::FindMisplacedCans
L 01/24/2023 - 14:41:24: [SM]   [2] Line 53, E:\DownLoading\sourcemod-1.11.0-git6826-windows\addons\sourcemod\scripting\l4d2_scav_fix_nm5.sp::ScavTimerH
L 01/24/2023 - 14:41:39: [SM] Exception reported: Client 2 is not in game
L 01/24/2023 - 14:41:39: [SM] Blaming: optional/l4d2_scav_fix_nm5.smx
L 01/24/2023 - 14:41:39: [SM] Call stack trace:
L 01/24/2023 - 14:41:39: [SM]   [0] GetClientAbsOrigin
L 01/24/2023 - 14:41:39: [SM]   [1] Line 76, E:\DownLoading\sourcemod-1.11.0-git6826-windows\addons\sourcemod\scripting\l4d2_scav_fix_nm5.sp::FindMisplacedCans
L 01/24/2023 - 14:41:39: [SM]   [2] Line 53, E:\DownLoading\sourcemod-1.11.0-git6826-windows\addons\sourcemod\scripting\l4d2_scav_fix_nm5.sp::ScavTimerH
L 01/24/2023 - 14:41:54: [SM] Exception reported: Client 2 is not in game
L 01/24/2023 - 14:41:54: [SM] Blaming: optional/l4d2_scav_fix_nm5.smx
L 01/24/2023 - 14:41:54: [SM] Call stack trace:
L 01/24/2023 - 14:41:54: [SM]   [0] GetClientAbsOrigin
L 01/24/2023 - 14:41:54: [SM]   [1] Line 76, E:\DownLoading\sourcemod-1.11.0-git6826-windows\addons\sourcemod\scripting\l4d2_scav_fix_nm5.sp::FindMisplacedCans
L 01/24/2023 - 14:41:54: [SM]   [2] Line 53, E:\DownLoading\sourcemod-1.11.0-git6826-windows\addons\sourcemod\scripting\l4d2_scav_fix_nm5.sp::ScavTimerH
L 01/24/2023 - 14:42:09: [SM] Exception reported: Client 2 is not in game
L 01/24/2023 - 14:42:09: [SM] Blaming: optional/l4d2_scav_fix_nm5.smx
L 01/24/2023 - 14:42:09: [SM] Call stack trace:
L 01/24/2023 - 14:42:09: [SM]   [0] GetClientAbsOrigin
L 01/24/2023 - 14:42:09: [SM]   [1] Line 76, E:\DownLoading\sourcemod-1.11.0-git6826-windows\addons\sourcemod\scripting\l4d2_scav_fix_nm5.sp::FindMisplacedCans
L 01/24/2023 - 14:42:09: [SM]   [2] Line 53, E:\DownLoading\sourcemod-1.11.0-git6826-windows\addons\sourcemod\scripting\l4d2_scav_fix_nm5.sp::ScavTimerH
L 01/24/2023 - 14:42:24: [SM] Exception reported: Client 2 is not in game
L 01/24/2023 - 14:42:24: [SM] Blaming: optional/l4d2_scav_fix_nm5.smx
L 01/24/2023 - 14:42:24: [SM] Call stack trace:
L 01/24/2023 - 14:42:24: [SM]   [0] GetClientAbsOrigin
L 01/24/2023 - 14:42:24: [SM]   [1] Line 76, E:\DownLoading\sourcemod-1.11.0-git6826-windows\addons\sourcemod\scripting\l4d2_scav_fix_nm5.sp::FindMisplacedCans
L 01/24/2023 - 14:42:24: [SM]   [2] Line 53, E:\DownLoading\sourcemod-1.11.0-git6826-windows\addons\sourcemod\scripting\l4d2_scav_fix_nm5.sp::ScavTimerH
L 01/24/2023 - 14:42:39: [SM] Exception reported: Client 2 is not in game
L 01/24/2023 - 14:42:39: [SM] Blaming: optional/l4d2_scav_fix_nm5.smx
L 01/24/2023 - 14:42:39: [SM] Call stack trace:
L 01/24/2023 - 14:42:39: [SM]   [0] GetClientAbsOrigin
L 01/24/2023 - 14:42:39: [SM]   [1] Line 76, E:\DownLoading\sourcemod-1.11.0-git6826-windows\addons\sourcemod\scripting\l4d2_scav_fix_nm5.sp::FindMisplacedCans
L 01/24/2023 - 14:42:39: [SM]   [2] Line 53, E:\DownLoading\sourcemod-1.11.0-git6826-windows\addons\sourcemod\scripting\l4d2_scav_fix_nm5.sp::ScavTimerH
L 01/24/2023 - 14:42:54: [SM] Exception reported: Client 2 is not in game
L 01/24/2023 - 14:42:54: [SM] Blaming: optional/l4d2_scav_fix_nm5.smx
L 01/24/2023 - 14:42:54: [SM] Call stack trace:
L 01/24/2023 - 14:42:54: [SM]   [0] GetClientAbsOrigin
L 01/24/2023 - 14:42:54: [SM]   [1] Line 76, E:\DownLoading\sourcemod-1.11.0-git6826-windows\addons\sourcemod\scripting\l4d2_scav_fix_nm5.sp::FindMisplacedCans
L 01/24/2023 - 14:42:54: [SM]   [2] Line 53, E:\DownLoading\sourcemod-1.11.0-git6826-windows\addons\sourcemod\scripting\l4d2_scav_fix_nm5.sp::ScavTimerH
L 01/24/2023 - 14:43:09: [SM] Exception reported: Client 2 is not in game
L 01/24/2023 - 14:43:09: [SM] Blaming: optional/l4d2_scav_fix_nm5.smx
L 01/24/2023 - 14:43:09: [SM] Call stack trace:
L 01/24/2023 - 14:43:09: [SM]   [0] GetClientAbsOrigin
L 01/24/2023 - 14:43:09: [SM]   [1] Line 76, E:\DownLoading\sourcemod-1.11.0-git6826-windows\addons\sourcemod\scripting\l4d2_scav_fix_nm5.sp::FindMisplacedCans
L 01/24/2023 - 14:43:09: [SM]   [2] Line 53, E:\DownLoading\sourcemod-1.11.0-git6826-windows\addons\sourcemod\scripting\l4d2_scav_fix_nm5.sp::ScavTimerH
L 01/24/2023 - 14:43:24: [SM] Exception reported: Client 2 is not in game
L 01/24/2023 - 14:43:24: [SM] Blaming: optional/l4d2_scav_fix_nm5.smx
L 01/24/2023 - 14:43:24: [SM] Call stack trace:
L 01/24/2023 - 14:43:24: [SM]   [0] GetClientAbsOrigin
L 01/24/2023 - 14:43:24: [SM]   [1] Line 76, E:\DownLoading\sourcemod-1.11.0-git6826-windows\addons\sourcemod\scripting\l4d2_scav_fix_nm5.sp::FindMisplacedCans
L 01/24/2023 - 14:43:24: [SM]   [2] Line 53, E:\DownLoading\sourcemod-1.11.0-git6826-windows\addons\sourcemod\scripting\l4d2_scav_fix_nm5.sp::ScavTimerH
L 01/24/2023 - 14:43:39: [SM] Exception reported: Client 2 is not in game
L 01/24/2023 - 14:43:39: [SM] Blaming: optional/l4d2_scav_fix_nm5.smx
L 01/24/2023 - 14:43:39: [SM] Call stack trace:
L 01/24/2023 - 14:43:39: [SM]   [0] GetClientAbsOrigin
L 01/24/2023 - 14:43:39: [SM]   [1] Line 76, E:\DownLoading\sourcemod-1.11.0-git6826-windows\addons\sourcemod\scripting\l4d2_scav_fix_nm5.sp::FindMisplacedCans
L 01/24/2023 - 14:43:39: [SM]   [2] Line 53, E:\DownLoading\sourcemod-1.11.0-git6826-windows\addons\sourcemod\scripting\l4d2_scav_fix_nm5.sp::ScavTimerH
L 01/24/2023 - 14:43:54: [SM] Exception reported: Client 2 is not in game
L 01/24/2023 - 14:43:54: [SM] Blaming: optional/l4d2_scav_fix_nm5.smx
L 01/24/2023 - 14:43:54: [SM] Call stack trace:
L 01/24/2023 - 14:43:54: [SM]   [0] GetClientAbsOrigin
L 01/24/2023 - 14:43:54: [SM]   [1] Line 76, E:\DownLoading\sourcemod-1.11.0-git6826-windows\addons\sourcemod\scripting\l4d2_scav_fix_nm5.sp::FindMisplacedCans
L 01/24/2023 - 14:43:54: [SM]   [2] Line 53, E:\DownLoading\sourcemod-1.11.0-git6826-windows\addons\sourcemod\scripting\l4d2_scav_fix_nm5.sp::ScavTimerH
L 01/24/2023 - 14:44:09: [SM] Exception reported: Client 2 is not in game
L 01/24/2023 - 14:44:09: [SM] Blaming: optional/l4d2_scav_fix_nm5.smx
L 01/24/2023 - 14:44:09: [SM] Call stack trace:
L 01/24/2023 - 14:44:09: [SM]   [0] GetClientAbsOrigin
L 01/24/2023 - 14:44:09: [SM]   [1] Line 76, E:\DownLoading\sourcemod-1.11.0-git6826-windows\addons\sourcemod\scripting\l4d2_scav_fix_nm5.sp::FindMisplacedCans
L 01/24/2023 - 14:44:09: [SM]   [2] Line 53, E:\DownLoading\sourcemod-1.11.0-git6826-windows\addons\sourcemod\scripting\l4d2_scav_fix_nm5.sp::ScavTimerH
L 01/24/2023 - 14:44:24: [SM] Exception reported: Client 2 is not in game
L 01/24/2023 - 14:44:24: [SM] Blaming: optional/l4d2_scav_fix_nm5.smx
L 01/24/2023 - 14:44:24: [SM] Call stack trace:
L 01/24/2023 - 14:44:24: [SM]   [0] GetClientAbsOrigin
L 01/24/2023 - 14:44:24: [SM]   [1] Line 76, E:\DownLoading\sourcemod-1.11.0-git6826-windows\addons\sourcemod\scripting\l4d2_scav_fix_nm5.sp::FindMisplacedCans
L 01/24/2023 - 14:44:24: [SM]   [2] Line 53, E:\DownLoading\sourcemod-1.11.0-git6826-windows\addons\sourcemod\scripting\l4d2_scav_fix_nm5.sp::ScavTimerH
L 01/24/2023 - 14:44:39: [SM] Exception reported: Client 2 is not in game
L 01/24/2023 - 14:44:39: [SM] Blaming: optional/l4d2_scav_fix_nm5.smx
L 01/24/2023 - 14:44:39: [SM] Call stack trace:
L 01/24/2023 - 14:44:39: [SM]   [0] GetClientAbsOrigin
L 01/24/2023 - 14:44:39: [SM]   [1] Line 76, E:\DownLoading\sourcemod-1.11.0-git6826-windows\addons\sourcemod\scripting\l4d2_scav_fix_nm5.sp::FindMisplacedCans
L 01/24/2023 - 14:44:39: [SM]   [2] Line 53, E:\DownLoading\sourcemod-1.11.0-git6826-windows\addons\sourcemod\scripting\l4d2_scav_fix_nm5.sp::ScavTimerH
L 01/24/2023 - 14:44:54: [SM] Exception reported: Client 2 is not in game
L 01/24/2023 - 14:44:54: [SM] Blaming: optional/l4d2_scav_fix_nm5.smx
L 01/24/2023 - 14:44:54: [SM] Call stack trace:
L 01/24/2023 - 14:44:54: [SM]   [0] GetClientAbsOrigin
L 01/24/2023 - 14:44:54: [SM]   [1] Line 76, E:\DownLoading\sourcemod-1.11.0-git6826-windows\addons\sourcemod\scripting\l4d2_scav_fix_nm5.sp::FindMisplacedCans
L 01/24/2023 - 14:44:54: [SM]   [2] Line 53, E:\DownLoading\sourcemod-1.11.0-git6826-windows\addons\sourcemod\scripting\l4d2_scav_fix_nm5.sp::ScavTimerH
L 01/24/2023 - 14:45:09: [SM] Exception reported: Client 2 is not in game
L 01/24/2023 - 14:45:09: [SM] Blaming: optional/l4d2_scav_fix_nm5.smx
L 01/24/2023 - 14:45:09: [SM] Call stack trace:
L 01/24/2023 - 14:45:09: [SM]   [0] GetClientAbsOrigin
L 01/24/2023 - 14:45:09: [SM]   [1] Line 76, E:\DownLoading\sourcemod-1.11.0-git6826-windows\addons\sourcemod\scripting\l4d2_scav_fix_nm5.sp::FindMisplacedCans
L 01/24/2023 - 14:45:09: [SM]   [2] Line 53, E:\DownLoading\sourcemod-1.11.0-git6826-windows\addons\sourcemod\scripting\l4d2_scav_fix_nm5.sp::ScavTimerH
L 01/24/2023 - 14:45:24: [SM] Exception reported: Client 3 is not in game
L 01/24/2023 - 14:45:24: [SM] Blaming: optional/l4d2_scav_fix_nm5.smx
L 01/24/2023 - 14:45:24: [SM] Call stack trace:
L 01/24/2023 - 14:45:24: [SM]   [0] GetClientAbsOrigin
L 01/24/2023 - 14:45:24: [SM]   [1] Line 76, E:\DownLoading\sourcemod-1.11.0-git6826-windows\addons\sourcemod\scripting\l4d2_scav_fix_nm5.sp::FindMisplacedCans
L 01/24/2023 - 14:45:24: [SM]   [2] Line 53, E:\DownLoading\sourcemod-1.11.0-git6826-windows\addons\sourcemod\scripting\l4d2_scav_fix_nm5.sp::ScavTimerH
L 01/24/2023 - 14:45:39: [SM] Exception reported: Client 2 is not in game
L 01/24/2023 - 14:45:39: [SM] Blaming: optional/l4d2_scav_fix_nm5.smx
L 01/24/2023 - 14:45:39: [SM] Call stack trace:
L 01/24/2023 - 14:45:39: [SM]   [0] GetClientAbsOrigin
L 01/24/2023 - 14:45:39: [SM]   [1] Line 76, E:\DownLoading\sourcemod-1.11.0-git6826-windows\addons\sourcemod\scripting\l4d2_scav_fix_nm5.sp::FindMisplacedCans
L 01/24/2023 - 14:45:39: [SM]   [2] Line 53, E:\DownLoading\sourcemod-1.11.0-git6826-windows\addons\sourcemod\scripting\l4d2_scav_fix_nm5.sp::ScavTimerH
L 01/24/2023 - 14:45:54: [SM] Exception reported: Client 2 is not in game
L 01/24/2023 - 14:45:54: [SM] Blaming: optional/l4d2_scav_fix_nm5.smx
L 01/24/2023 - 14:45:54: [SM] Call stack trace:
L 01/24/2023 - 14:45:54: [SM]   [0] GetClientAbsOrigin
L 01/24/2023 - 14:45:54: [SM]   [1] Line 76, E:\DownLoading\sourcemod-1.11.0-git6826-windows\addons\sourcemod\scripting\l4d2_scav_fix_nm5.sp::FindMisplacedCans
L 01/24/2023 - 14:45:54: [SM]   [2] Line 53, E:\DownLoading\sourcemod-1.11.0-git6826-windows\addons\sourcemod\scripting\l4d2_scav_fix_nm5.sp::ScavTimerH
L 01/24/2023 - 14:46:09: [SM] Exception reported: Client 4 is not in game
L 01/24/2023 - 14:46:09: [SM] Blaming: optional/l4d2_scav_fix_nm5.smx
L 01/24/2023 - 14:46:09: [SM] Call stack trace:
L 01/24/2023 - 14:46:09: [SM]   [0] GetClientAbsOrigin
L 01/24/2023 - 14:46:09: [SM]   [1] Line 76, E:\DownLoading\sourcemod-1.11.0-git6826-windows\addons\sourcemod\scripting\l4d2_scav_fix_nm5.sp::FindMisplacedCans
L 01/24/2023 - 14:46:09: [SM]   [2] Line 53, E:\DownLoading\sourcemod-1.11.0-git6826-windows\addons\sourcemod\scripting\l4d2_scav_fix_nm5.sp::ScavTimerH
L 01/24/2023 - 14:46:24: [SM] Exception reported: Client 4 is not in game
L 01/24/2023 - 14:46:24: [SM] Blaming: optional/l4d2_scav_fix_nm5.smx
L 01/24/2023 - 14:46:24: [SM] Call stack trace:
L 01/24/2023 - 14:46:24: [SM]   [0] GetClientAbsOrigin
L 01/24/2023 - 14:46:24: [SM]   [1] Line 76, E:\DownLoading\sourcemod-1.11.0-git6826-windows\addons\sourcemod\scripting\l4d2_scav_fix_nm5.sp::FindMisplacedCans
L 01/24/2023 - 14:46:24: [SM]   [2] Line 53, E:\DownLoading\sourcemod-1.11.0-git6826-windows\addons\sourcemod\scripting\l4d2_scav_fix_nm5.sp::ScavTimerH
L 01/24/2023 - 14:46:39: [SM] Exception reported: Client 4 is not in game
L 01/24/2023 - 14:46:39: [SM] Blaming: optional/l4d2_scav_fix_nm5.smx
L 01/24/2023 - 14:46:39: [SM] Call stack trace:
L 01/24/2023 - 14:46:39: [SM]   [0] GetClientAbsOrigin
L 01/24/2023 - 14:46:39: [SM]   [1] Line 76, E:\DownLoading\sourcemod-1.11.0-git6826-windows\addons\sourcemod\scripting\l4d2_scav_fix_nm5.sp::FindMisplacedCans
L 01/24/2023 - 14:46:39: [SM]   [2] Line 53, E:\DownLoading\sourcemod-1.11.0-git6826-windows\addons\sourcemod\scripting\l4d2_scav_fix_nm5.sp::ScavTimerH
L 01/24/2023 - 14:46:54: [SM] Exception reported: Client 4 is not in game
L 01/24/2023 - 14:46:54: [SM] Blaming: optional/l4d2_scav_fix_nm5.smx
L 01/24/2023 - 14:46:54: [SM] Call stack trace:
L 01/24/2023 - 14:46:54: [SM]   [0] GetClientAbsOrigin
L 01/24/2023 - 14:46:54: [SM]   [1] Line 76, E:\DownLoading\sourcemod-1.11.0-git6826-windows\addons\sourcemod\scripting\l4d2_scav_fix_nm5.sp::FindMisplacedCans
L 01/24/2023 - 14:46:54: [SM]   [2] Line 53, E:\DownLoading\sourcemod-1.11.0-git6826-windows\addons\sourcemod\scripting\l4d2_scav_fix_nm5.sp::ScavTimerH
L 01/24/2023 - 14:47:09: [SM] Exception reported: Client 4 is not in game
L 01/24/2023 - 14:47:09: [SM] Blaming: optional/l4d2_scav_fix_nm5.smx
L 01/24/2023 - 14:47:09: [SM] Call stack trace:
L 01/24/2023 - 14:47:09: [SM]   [0] GetClientAbsOrigin
L 01/24/2023 - 14:47:09: [SM]   [1] Line 76, E:\DownLoading\sourcemod-1.11.0-git6826-windows\addons\sourcemod\scripting\l4d2_scav_fix_nm5.sp::FindMisplacedCans
L 01/24/2023 - 14:47:09: [SM]   [2] Line 53, E:\DownLoading\sourcemod-1.11.0-git6826-windows\addons\sourcemod\scripting\l4d2_scav_fix_nm5.sp::ScavTimerH
L 01/24/2023 - 14:47:24: [SM] Exception reported: Client 4 is not in game
L 01/24/2023 - 14:47:24: [SM] Blaming: optional/l4d2_scav_fix_nm5.smx
L 01/24/2023 - 14:47:24: [SM] Call stack trace:
L 01/24/2023 - 14:47:24: [SM]   [0] GetClientAbsOrigin
L 01/24/2023 - 14:47:24: [SM]   [1] Line 76, E:\DownLoading\sourcemod-1.11.0-git6826-windows\addons\sourcemod\scripting\l4d2_scav_fix_nm5.sp::FindMisplacedCans
L 01/24/2023 - 14:47:24: [SM]   [2] Line 53, E:\DownLoading\sourcemod-1.11.0-git6826-windows\addons\sourcemod\scripting\l4d2_scav_fix_nm5.sp::ScavTimerH
L 01/24/2023 - 14:47:39: [SM] Exception reported: Client 4 is not in game
L 01/24/2023 - 14:47:39: [SM] Blaming: optional/l4d2_scav_fix_nm5.smx
L 01/24/2023 - 14:47:39: [SM] Call stack trace:
L 01/24/2023 - 14:47:39: [SM]   [0] GetClientAbsOrigin
L 01/24/2023 - 14:47:39: [SM]   [1] Line 76, E:\DownLoading\sourcemod-1.11.0-git6826-windows\addons\sourcemod\scripting\l4d2_scav_fix_nm5.sp::FindMisplacedCans
L 01/24/2023 - 14:47:39: [SM]   [2] Line 53, E:\DownLoading\sourcemod-1.11.0-git6826-windows\addons\sourcemod\scripting\l4d2_scav_fix_nm5.sp::ScavTimerH
L 01/24/2023 - 14:47:54: [SM] Exception reported: Client 4 is not in game
L 01/24/2023 - 14:47:54: [SM] Blaming: optional/l4d2_scav_fix_nm5.smx
L 01/24/2023 - 14:47:54: [SM] Call stack trace:
L 01/24/2023 - 14:47:54: [SM]   [0] GetClientAbsOrigin
L 01/24/2023 - 14:47:54: [SM]   [1] Line 76, E:\DownLoading\sourcemod-1.11.0-git6826-windows\addons\sourcemod\scripting\l4d2_scav_fix_nm5.sp::FindMisplacedCans
L 01/24/2023 - 14:47:54: [SM]   [2] Line 53, E:\DownLoading\sourcemod-1.11.0-git6826-windows\addons\sourcemod\scripting\l4d2_scav_fix_nm5.sp::ScavTimerH
L 01/24/2023 - 14:48:09: [SM] Exception reported: Client 4 is not in game
L 01/24/2023 - 14:48:09: [SM] Blaming: optional/l4d2_scav_fix_nm5.smx
L 01/24/2023 - 14:48:09: [SM] Call stack trace:
L 01/24/2023 - 14:48:09: [SM]   [0] GetClientAbsOrigin
L 01/24/2023 - 14:48:09: [SM]   [1] Line 76, E:\DownLoading\sourcemod-1.11.0-git6826-windows\addons\sourcemod\scripting\l4d2_scav_fix_nm5.sp::FindMisplacedCans
L 01/24/2023 - 14:48:09: [SM]   [2] Line 53, E:\DownLoading\sourcemod-1.11.0-git6826-windows\addons\sourcemod\scripting\l4d2_scav_fix_nm5.sp::ScavTimerH
L 01/24/2023 - 14:48:24: [SM] Exception reported: Client 4 is not in game
L 01/24/2023 - 14:48:24: [SM] Blaming: optional/l4d2_scav_fix_nm5.smx
L 01/24/2023 - 14:48:24: [SM] Call stack trace:
L 01/24/2023 - 14:48:24: [SM]   [0] GetClientAbsOrigin
L 01/24/2023 - 14:48:24: [SM]   [1] Line 76, E:\DownLoading\sourcemod-1.11.0-git6826-windows\addons\sourcemod\scripting\l4d2_scav_fix_nm5.sp::FindMisplacedCans
L 01/24/2023 - 14:48:24: [SM]   [2] Line 53, E:\DownLoading\sourcemod-1.11.0-git6826-windows\addons\sourcemod\scripting\l4d2_scav_fix_nm5.sp::ScavTimerH
L 01/24/2023 - 14:48:39: [SM] Exception reported: Client 4 is not in game
L 01/24/2023 - 14:48:39: [SM] Blaming: optional/l4d2_scav_fix_nm5.smx
L 01/24/2023 - 14:48:39: [SM] Call stack trace:
L 01/24/2023 - 14:48:39: [SM]   [0] GetClientAbsOrigin
L 01/24/2023 - 14:48:39: [SM]   [1] Line 76, E:\DownLoading\sourcemod-1.11.0-git6826-windows\addons\sourcemod\scripting\l4d2_scav_fix_nm5.sp::FindMisplacedCans
L 01/24/2023 - 14:48:39: [SM]   [2] Line 53, E:\DownLoading\sourcemod-1.11.0-git6826-windows\addons\sourcemod\scripting\l4d2_scav_fix_nm5.sp::ScavTimerH
L 01/24/2023 - 14:48:54: [SM] Exception reported: Client 4 is not in game
L 01/24/2023 - 14:48:54: [SM] Blaming: optional/l4d2_scav_fix_nm5.smx
L 01/24/2023 - 14:48:54: [SM] Call stack trace:
L 01/24/2023 - 14:48:54: [SM]   [0] GetClientAbsOrigin
L 01/24/2023 - 14:48:54: [SM]   [1] Line 76, E:\DownLoading\sourcemod-1.11.0-git6826-windows\addons\sourcemod\scripting\l4d2_scav_fix_nm5.sp::FindMisplacedCans
L 01/24/2023 - 14:48:54: [SM]   [2] Line 53, E:\DownLoading\sourcemod-1.11.0-git6826-windows\addons\sourcemod\scripting\l4d2_scav_fix_nm5.sp::ScavTimerH
L 01/24/2023 - 14:49:09: [SM] Exception reported: Client 4 is not in game
L 01/24/2023 - 14:49:09: [SM] Blaming: optional/l4d2_scav_fix_nm5.smx
L 01/24/2023 - 14:49:09: [SM] Call stack trace:
L 01/24/2023 - 14:49:09: [SM]   [0] GetClientAbsOrigin
L 01/24/2023 - 14:49:09: [SM]   [1] Line 76, E:\DownLoading\sourcemod-1.11.0-git6826-windows\addons\sourcemod\scripting\l4d2_scav_fix_nm5.sp::FindMisplacedCans
L 01/24/2023 - 14:49:09: [SM]   [2] Line 53, E:\DownLoading\sourcemod-1.11.0-git6826-windows\addons\sourcemod\scripting\l4d2_scav_fix_nm5.sp::ScavTimerH
L 01/24/2023 - 14:49:24: [SM] Exception reported: Client 4 is not in game
L 01/24/2023 - 14:49:24: [SM] Blaming: optional/l4d2_scav_fix_nm5.smx
L 01/24/2023 - 14:49:24: [SM] Call stack trace:
L 01/24/2023 - 14:49:24: [SM]   [0] GetClientAbsOrigin
L 01/24/2023 - 14:49:24: [SM]   [1] Line 76, E:\DownLoading\sourcemod-1.11.0-git6826-windows\addons\sourcemod\scripting\l4d2_scav_fix_nm5.sp::FindMisplacedCans
L 01/24/2023 - 14:49:24: [SM]   [2] Line 53, E:\DownLoading\sourcemod-1.11.0-git6826-windows\addons\sourcemod\scripting\l4d2_scav_fix_nm5.sp::ScavTimerH
L 01/24/2023 - 14:49:39: [SM] Exception reported: Client 4 is not in game
L 01/24/2023 - 14:49:39: [SM] Blaming: optional/l4d2_scav_fix_nm5.smx
L 01/24/2023 - 14:49:39: [SM] Call stack trace:
L 01/24/2023 - 14:49:39: [SM]   [0] GetClientAbsOrigin
L 01/24/2023 - 14:49:39: [SM]   [1] Line 76, E:\DownLoading\sourcemod-1.11.0-git6826-windows\addons\sourcemod\scripting\l4d2_scav_fix_nm5.sp::FindMisplacedCans
L 01/24/2023 - 14:49:39: [SM]   [2] Line 53, E:\DownLoading\sourcemod-1.11.0-git6826-windows\addons\sourcemod\scripting\l4d2_scav_fix_nm5.sp::ScavTimerH
L 01/24/2023 - 14:49:54: [SM] Exception reported: Client 6 is not in game
L 01/24/2023 - 14:49:54: [SM] Blaming: optional/l4d2_scav_fix_nm5.smx
L 01/24/2023 - 14:49:54: [SM] Call stack trace:
L 01/24/2023 - 14:49:54: [SM]   [0] GetClientAbsOrigin
L 01/24/2023 - 14:49:54: [SM]   [1] Line 76, E:\DownLoading\sourcemod-1.11.0-git6826-windows\addons\sourcemod\scripting\l4d2_scav_fix_nm5.sp::FindMisplacedCans
L 01/24/2023 - 14:49:54: [SM]   [2] Line 53, E:\DownLoading\sourcemod-1.11.0-git6826-windows\addons\sourcemod\scripting\l4d2_scav_fix_nm5.sp::ScavTimerH
L 01/24/2023 - 14:50:09: [SM] Exception reported: Client 5 is not in game
L 01/24/2023 - 14:50:09: [SM] Blaming: optional/l4d2_scav_fix_nm5.smx
L 01/24/2023 - 14:50:09: [SM] Call stack trace:
L 01/24/2023 - 14:50:09: [SM]   [0] GetClientAbsOrigin
L 01/24/2023 - 14:50:09: [SM]   [1] Line 76, E:\DownLoading\sourcemod-1.11.0-git6826-windows\addons\sourcemod\scripting\l4d2_scav_fix_nm5.sp::FindMisplacedCans
L 01/24/2023 - 14:50:09: [SM]   [2] Line 53, E:\DownLoading\sourcemod-1.11.0-git6826-windows\addons\sourcemod\scripting\l4d2_scav_fix_nm5.sp::ScavTimerH
L 01/24/2023 - 14:50:24: [SM] Exception reported: Client 5 is not in game
L 01/24/2023 - 14:50:24: [SM] Blaming: optional/l4d2_scav_fix_nm5.smx
L 01/24/2023 - 14:50:24: [SM] Call stack trace:
L 01/24/2023 - 14:50:24: [SM]   [0] GetClientAbsOrigin
L 01/24/2023 - 14:50:24: [SM]   [1] Line 76, E:\DownLoading\sourcemod-1.11.0-git6826-windows\addons\sourcemod\scripting\l4d2_scav_fix_nm5.sp::FindMisplacedCans
L 01/24/2023 - 14:50:24: [SM]   [2] Line 53, E:\DownLoading\sourcemod-1.11.0-git6826-windows\addons\sourcemod\scripting\l4d2_scav_fix_nm5.sp::ScavTimerH
L 01/24/2023 - 14:50:39: [SM] Exception reported: Client 5 is not in game
L 01/24/2023 - 14:50:39: [SM] Blaming: optional/l4d2_scav_fix_nm5.smx
L 01/24/2023 - 14:50:39: [SM] Call stack trace:
L 01/24/2023 - 14:50:39: [SM]   [0] GetClientAbsOrigin
L 01/24/2023 - 14:50:39: [SM]   [1] Line 76, E:\DownLoading\sourcemod-1.11.0-git6826-windows\addons\sourcemod\scripting\l4d2_scav_fix_nm5.sp::FindMisplacedCans
L 01/24/2023 - 14:50:39: [SM]   [2] Line 53, E:\DownLoading\sourcemod-1.11.0-git6826-windows\addons\sourcemod\scripting\l4d2_scav_fix_nm5.sp::ScavTimerH
L 01/24/2023 - 14:50:54: [SM] Exception reported: Client 5 is not in game
L 01/24/2023 - 14:50:54: [SM] Blaming: optional/l4d2_scav_fix_nm5.smx
L 01/24/2023 - 14:50:54: [SM] Call stack trace:
L 01/24/2023 - 14:50:54: [SM]   [0] GetClientAbsOrigin
L 01/24/2023 - 14:50:54: [SM]   [1] Line 76, E:\DownLoading\sourcemod-1.11.0-git6826-windows\addons\sourcemod\scripting\l4d2_scav_fix_nm5.sp::FindMisplacedCans
L 01/24/2023 - 14:50:54: [SM]   [2] Line 53, E:\DownLoading\sourcemod-1.11.0-git6826-windows\addons\sourcemod\scripting\l4d2_scav_fix_nm5.sp::ScavTimerH
L 01/24/2023 - 14:51:09: [SM] Exception reported: Client 6 is not in game
L 01/24/2023 - 14:51:09: [SM] Blaming: optional/l4d2_scav_fix_nm5.smx
L 01/24/2023 - 14:51:09: [SM] Call stack trace:
L 01/24/2023 - 14:51:09: [SM]   [0] GetClientAbsOrigin
L 01/24/2023 - 14:51:09: [SM]   [1] Line 76, E:\DownLoading\sourcemod-1.11.0-git6826-windows\addons\sourcemod\scripting\l4d2_scav_fix_nm5.sp::FindMisplacedCans
L 01/24/2023 - 14:51:09: [SM]   [2] Line 53, E:\DownLoading\sourcemod-1.11.0-git6826-windows\addons\sourcemod\scripting\l4d2_scav_fix_nm5.sp::ScavTimerH
L 01/24/2023 - 14:51:24: [SM] Exception reported: Client 1 is not in game
L 01/24/2023 - 14:51:24: [SM] Blaming: optional/l4d2_scav_fix_nm5.smx
L 01/24/2023 - 14:51:24: [SM] Call stack trace:
L 01/24/2023 - 14:51:24: [SM]   [0] GetClientAbsOrigin
L 01/24/2023 - 14:51:24: [SM]   [1] Line 76, E:\DownLoading\sourcemod-1.11.0-git6826-windows\addons\sourcemod\scripting\l4d2_scav_fix_nm5.sp::FindMisplacedCans
L 01/24/2023 - 14:51:24: [SM]   [2] Line 53, E:\DownLoading\sourcemod-1.11.0-git6826-windows\addons\sourcemod\scripting\l4d2_scav_fix_nm5.sp::ScavTimerH
L 01/24/2023 - 14:51:33: Error log file session closed.
L 01/24/2023 - 14:51:40: SourceMod error session started
L 01/24/2023 - 14:51:40: Info (map "c8m5_rooftop") (file "/root/Steam/steamapps/common/Left 4 Dead 2 Dedicated Server/left4dead2/addons/sourcemod/logs/errors_20230124.log")
L 01/24/2023 - 14:51:40: [SM] Exception reported: Element -2 is out of bounds (Prop m_iScavengeTeamScore has 10 elements).
L 01/24/2023 - 14:51:40: [SM] Blaming: optional/scavenge_quick_end.smx
L 01/24/2023 - 14:51:40: [SM] Call stack trace:
L 01/24/2023 - 14:51:40: [SM]   [0] GameRules_GetProp
L 01/24/2023 - 14:51:40: [SM]   [1] Line 157, /home/groups/alliedmodders/forums/files/7/1/5/3/3/102340.attach::GameRules_GetScavengeTeamScore
L 01/24/2023 - 14:51:40: [SM]   [2] Line 119, /home/groups/alliedmodders/forums/files/7/1/5/3/3/102340.attach::PrintRoundEndTimeData
L 01/24/2023 - 14:51:40: [SM]   [3] Line 69, /home/groups/alliedmodders/forums/files/7/1/5/3/3/102340.attach::RoundEnd
L 01/24/2023 - 14:51:40: [SM]   [5] SDKCall
L 01/24/2023 - 14:51:40: [SM]   [6] Line 1727, l4dd\l4dd_natives.sp::Native_CDirector_RestartScenarioFromVote
L 01/24/2023 - 14:51:40: [SM]   [8] L4D_RestartScenarioFromVote
L 01/24/2023 - 14:51:40: [SM]   [9] Line 612, E:\DownLoading\beifen\sourcemod-1.11.0-git6826-windows\addons\sourcemod\scripting\readyup2.sp::RestartCampaignAny1
L 01/24/2023 - 14:51:41: Error log file session closed.
L 01/24/2023 - 18:21:55: SourceMod error session started
L 01/24/2023 - 18:21:55: Info (map "c8m1_apartment") (file "/root/Steam/steamapps/common/Left 4 Dead 2 Dedicated Server/left4dead2/addons/sourcemod/logs/errors_20230124.log")
L 01/24/2023 - 18:21:55: [SM] Unable to load plugin "Welcome.smx": Could not find required plugin "l4d2_playtime_interface"
L 01/24/2023 - 18:21:55: [SM] Unable to load plugin "l4d_fyzb_en_v20.smx": Could not find required plugin "readyup"
L 01/24/2023 - 18:23:04: SourceMod error session started
L 01/24/2023 - 18:23:04: Info (map "c2m1_highway") (file "/root/Steam/steamapps/common/Left 4 Dead 2 Dedicated Server/left4dead2/addons/sourcemod/logs/errors_20230124.log")
L 01/24/2023 - 18:23:04: [SM] Unable to load plugin "Welcome.smx": Could not find required plugin "l4d2_playtime_interface"
L 01/24/2023 - 18:23:04: [SM] Unable to load plugin "l4d_fyzb_en_v20.smx": Could not find required plugin "readyup"
L 01/25/2023 - 14:55:11: Error log file session closed.
