L 11/05/2022 - 09:03:55: SourceMod error session started
L 11/05/2022 - 09:03:55: Info (map "c8m5_rooftop") (file "/root/Steam/steamapps/common/Left 4 Dead 2 Dedicated Server/left4dead2/addons/sourcemod/logs/errors_20221105.log")
L 11/05/2022 - 09:03:55: [SM] Unable to load plugin "Welcome.smx": Could not find required plugin "l4d2_playtime_interface"
L 11/05/2022 - 09:08:01: SourceMod error session started
L 11/05/2022 - 09:08:01: Info (map "c8m5_rooftop") (file "/root/Steam/steamapps/common/Left 4 Dead 2 Dedicated Server/left4dead2/addons/sourcemod/logs/errors_20221105.log")
L 11/05/2022 - 09:08:01: [SM] Unable to load plugin "Welcome.smx": Could not find required plugin "l4d2_playtime_interface"
L 11/05/2022 - 09:10:28: [confoglcompmod.smx] [Confogl] CvarSettings: Attempt to track ConVar confogl_pills_limit, which is already being tracked.
L 11/05/2022 - 09:10:31: Error log file session closed.
L 11/05/2022 - 09:15:51: SourceMod error session started
L 11/05/2022 - 09:15:51: Info (map "c8m5_rooftop") (file "/root/Steam/steamapps/common/Left 4 Dead 2 Dedicated Server/left4dead2/addons/sourcemod/logs/errors_20221105.log")
L 11/05/2022 - 09:15:51: [SM] Unable to load plugin "Welcome.smx": Could not find required plugin "l4d2_playtime_interface"
L 11/05/2022 - 09:59:10: SourceMod error session started
L 11/05/2022 - 09:59:10: Info (map "c8m5_rooftop") (file "/root/Steam/steamapps/common/Left 4 Dead 2 Dedicated Server/left4dead2/addons/sourcemod/logs/errors_20221105.log")
L 11/05/2022 - 09:59:10: [SM] Unable to load plugin "Welcome.smx": Could not find required plugin "l4d2_playtime_interface"
L 11/05/2022 - 10:00:41: [confoglcompmod.smx] [Confogl] CvarSettings: Attempt to track ConVar confogl_pills_limit, which is already being tracked.
L 11/05/2022 - 10:00:58: SourceMod error session started
L 11/05/2022 - 10:00:58: Info (map "c8m5_rooftop") (file "/root/Steam/steamapps/common/Left 4 Dead 2 Dedicated Server/left4dead2/addons/sourcemod/logs/errors_20221105.log")
L 11/05/2022 - 10:00:58: [SM] Unable to load plugin "Welcome.smx": Could not find required plugin "l4d2_playtime_interface"
L 11/05/2022 - 10:01:39: Error log file session closed.
L 11/05/2022 - 10:02:18: SourceMod error session started
L 11/05/2022 - 10:02:18: Info (map "c8m5_rooftop") (file "/root/Steam/steamapps/common/Left 4 Dead 2 Dedicated Server/left4dead2/addons/sourcemod/logs/errors_20221105.log")
L 11/05/2022 - 10:02:18: [SM] Unable to load plugin "Welcome.smx": Could not find required plugin "l4d2_playtime_interface"
L 11/05/2022 - 10:02:23: [confoglcompmod.smx] [Confogl] CvarSettings: Attempt to track ConVar confogl_pills_limit, which is already being tracked.
L 11/05/2022 - 10:02:39: SourceMod error session started
L 11/05/2022 - 10:02:39: Info (map "c8m5_rooftop") (file "/root/Steam/steamapps/common/Left 4 Dead 2 Dedicated Server/left4dead2/addons/sourcemod/logs/errors_20221105.log")
L 11/05/2022 - 10:02:39: [SM] Unable to load plugin "Welcome.smx": Could not find required plugin "l4d2_playtime_interface"
L 11/05/2022 - 10:09:10: SourceMod error session started
L 11/05/2022 - 10:09:10: Info (map "c8m5_rooftop") (file "/root/Steam/steamapps/common/Left 4 Dead 2 Dedicated Server/left4dead2/addons/sourcemod/logs/errors_20221105.log")
L 11/05/2022 - 10:09:10: [SM] Unable to load plugin "Welcome.smx": Could not find required plugin "l4d2_playtime_interface"
L 11/05/2022 - 10:09:51: Error log file session closed.
L 11/05/2022 - 10:10:42: SourceMod error session started
L 11/05/2022 - 10:10:42: Info (map "c8m5_rooftop") (file "/root/Steam/steamapps/common/Left 4 Dead 2 Dedicated Server/left4dead2/addons/sourcemod/logs/errors_20221105.log")
L 11/05/2022 - 10:10:42: [SM] Unable to load plugin "Welcome.smx": Could not find required plugin "l4d2_playtime_interface"
L 11/05/2022 - 10:10:46: [confoglcompmod.smx] [Confogl] CvarSettings: Attempt to track ConVar confogl_pills_limit, which is already being tracked.
L 11/05/2022 - 10:11:03: SourceMod error session started
L 11/05/2022 - 10:11:03: Info (map "c8m5_rooftop") (file "/root/Steam/steamapps/common/Left 4 Dead 2 Dedicated Server/left4dead2/addons/sourcemod/logs/errors_20221105.log")
L 11/05/2022 - 10:11:03: [SM] Unable to load plugin "Welcome.smx": Could not find required plugin "l4d2_playtime_interface"
L 11/05/2022 - 10:14:13: SourceMod error session started
L 11/05/2022 - 10:14:13: Info (map "c8m5_rooftop") (file "/root/Steam/steamapps/common/Left 4 Dead 2 Dedicated Server/left4dead2/addons/sourcemod/logs/errors_20221105.log")
L 11/05/2022 - 10:14:13: [SM] Unable to load plugin "Welcome.smx": Could not find required plugin "l4d2_playtime_interface"
L 11/05/2022 - 10:15:13: [confoglcompmod.smx] [Confogl] CvarSettings: Attempt to track ConVar confogl_pills_limit, which is already being tracked.
L 11/05/2022 - 10:15:16: Error log file session closed.
L 11/05/2022 - 10:16:29: SourceMod error session started
L 11/05/2022 - 10:16:29: Info (map "c8m5_rooftop") (file "/root/Steam/steamapps/common/Left 4 Dead 2 Dedicated Server/left4dead2/addons/sourcemod/logs/errors_20221105.log")
L 11/05/2022 - 10:16:29: [SM] Unable to load plugin "Welcome.smx": Could not find required plugin "l4d2_playtime_interface"
L 11/05/2022 - 10:18:57: SourceMod error session started
L 11/05/2022 - 10:18:57: Info (map "c8m5_rooftop") (file "/root/Steam/steamapps/common/Left 4 Dead 2 Dedicated Server/left4dead2/addons/sourcemod/logs/errors_20221105.log")
L 11/05/2022 - 10:18:57: [SM] Unable to load plugin "Welcome.smx": Could not find required plugin "l4d2_playtime_interface"
L 11/05/2022 - 10:19:48: [confoglcompmod.smx] [Confogl] CvarSettings: Attempt to track ConVar confogl_pills_limit, which is already being tracked.
L 11/05/2022 - 10:20:04: SourceMod error session started
L 11/05/2022 - 10:20:04: Info (map "c8m5_rooftop") (file "/root/Steam/steamapps/common/Left 4 Dead 2 Dedicated Server/left4dead2/addons/sourcemod/logs/errors_20221105.log")
L 11/05/2022 - 10:20:04: [SM] Unable to load plugin "Welcome.smx": Could not find required plugin "l4d2_playtime_interface"
L 11/05/2022 - 10:34:16: SourceMod error session started
L 11/05/2022 - 10:34:16: Info (map "c8m5_rooftop") (file "/root/Steam/steamapps/common/Left 4 Dead 2 Dedicated Server/left4dead2/addons/sourcemod/logs/errors_20221105.log")
L 11/05/2022 - 10:34:16: [SM] Unable to load plugin "Welcome.smx": Could not find required plugin "l4d2_playtime_interface"
L 11/05/2022 - 10:35:10: [confoglcompmod.smx] [Confogl] CvarSettings: Attempt to track ConVar confogl_pills_limit, which is already being tracked.
L 11/05/2022 - 10:35:13: Error log file session closed.
L 11/05/2022 - 10:38:10: SourceMod error session started
L 11/05/2022 - 10:38:10: Info (map "c8m5_rooftop") (file "/root/Steam/steamapps/common/Left 4 Dead 2 Dedicated Server/left4dead2/addons/sourcemod/logs/errors_20221105.log")
L 11/05/2022 - 10:38:10: [SM] Unable to load plugin "Welcome.smx": Could not find required plugin "l4d2_playtime_interface"
L 11/05/2022 - 12:07:42: [confoglcompmod.smx] [Confogl] CvarSettings: Could not find CVar specified (confogl_ghost_warp)
L 11/05/2022 - 12:07:42: [confoglcompmod.smx] [Confogl] CvarSettings: Could not find CVar specified (sm_tank_can_spawn)
L 11/05/2022 - 12:07:42: [confoglcompmod.smx] [Confogl] CvarSettings: Could not find CVar specified (sm_witch_can_spawn)
L 11/05/2022 - 12:07:42: [confoglcompmod.smx] [Confogl] CvarSettings: Could not find CVar specified (l4d_global_percent)
L 11/05/2022 - 12:07:42: [confoglcompmod.smx] [Confogl] CvarSettings: Could not find CVar specified (l4d_tank_percent)
L 11/05/2022 - 12:07:42: [confoglcompmod.smx] [Confogl] CvarSettings: Could not find CVar specified (l4d_witch_percent)
L 11/05/2022 - 12:07:42: [confoglcompmod.smx] [Confogl] CvarSettings: Could not find CVar specified (l4d_boss_vote)
L 11/05/2022 - 12:07:42: [confoglcompmod.smx] [Confogl] CvarSettings: Could not find CVar specified (longer_tank_punch_getup)
L 11/05/2022 - 12:07:42: [confoglcompmod.smx] [Confogl] CvarSettings: Could not find CVar specified (l4d_equalise_alarm_cars)
L 11/05/2022 - 12:07:45: Error log file session closed.
L 11/05/2022 - 12:43:09: SourceMod error session started
L 11/05/2022 - 12:43:09: Info (map "c8m5_rooftop") (file "/root/Steam/steamapps/common/Left 4 Dead 2 Dedicated Server/left4dead2/addons/sourcemod/logs/errors_20221105.log")
L 11/05/2022 - 12:43:09: [SM] Unable to load plugin "Welcome.smx": Could not find required plugin "l4d2_playtime_interface"
L 11/05/2022 - 17:37:17: SourceMod error session started
L 11/05/2022 - 17:37:17: Info (map "c8m5_rooftop") (file "/root/Steam/steamapps/common/Left 4 Dead 2 Dedicated Server/left4dead2/addons/sourcemod/logs/errors_20221105.log")
L 11/05/2022 - 17:37:17: [SM] Unable to load plugin "Welcome.smx": Could not find required plugin "l4d2_playtime_interface"
L 11/05/2022 - 17:39:10: [confoglcompmod.smx] [Confogl] CvarSettings: Attempt to track ConVar confogl_pills_limit, which is already being tracked.
L 11/05/2022 - 17:39:13: Error log file session closed.
L 11/05/2022 - 17:40:29: SourceMod error session started
L 11/05/2022 - 17:40:29: Info (map "c8m5_rooftop") (file "/root/Steam/steamapps/common/Left 4 Dead 2 Dedicated Server/left4dead2/addons/sourcemod/logs/errors_20221105.log")
L 11/05/2022 - 17:40:29: [SM] Unable to load plugin "Welcome.smx": Could not find required plugin "l4d2_playtime_interface"
L 11/05/2022 - 17:40:55: [confoglcompmod.smx] [Confogl] CvarSettings: Attempt to track ConVar confogl_pills_limit, which is already being tracked.
L 11/05/2022 - 17:40:58: Error log file session closed.
L 11/05/2022 - 17:43:05: SourceMod error session started
L 11/05/2022 - 17:43:05: Info (map "c8m5_rooftop") (file "/root/Steam/steamapps/common/Left 4 Dead 2 Dedicated Server/left4dead2/addons/sourcemod/logs/errors_20221105.log")
L 11/05/2022 - 17:43:05: [SM] Unable to load plugin "Welcome.smx": Could not find required plugin "l4d2_playtime_interface"
L 11/05/2022 - 17:44:39: [confoglcompmod.smx] [Confogl] CvarSettings: Attempt to track ConVar confogl_pills_limit, which is already being tracked.
L 11/05/2022 - 17:44:42: Error log file session closed.
L 11/05/2022 - 17:46:22: SourceMod error session started
L 11/05/2022 - 17:46:22: Info (map "c8m5_rooftop") (file "/root/Steam/steamapps/common/Left 4 Dead 2 Dedicated Server/left4dead2/addons/sourcemod/logs/errors_20221105.log")
L 11/05/2022 - 17:46:22: [SM] Unable to load plugin "Welcome.smx": Could not find required plugin "l4d2_playtime_interface"
L 11/05/2022 - 17:46:55: SourceMod error session started
L 11/05/2022 - 17:46:55: Info (map "c8m5_rooftop") (file "/root/Steam/steamapps/common/Left 4 Dead 2 Dedicated Server/left4dead2/addons/sourcemod/logs/errors_20221105.log")
L 11/05/2022 - 17:46:55: [SM] Unable to load plugin "Welcome.smx": Could not find required plugin "l4d2_playtime_interface"
L 11/05/2022 - 18:36:19: Error log file session closed.
L 11/05/2022 - 18:36:48: SourceMod error session started
L 11/05/2022 - 18:36:48: Info (map "c2m1_highway") (file "/root/Steam/steamapps/common/Left 4 Dead 2 Dedicated Server/left4dead2/addons/sourcemod/logs/errors_20221105.log")
L 11/05/2022 - 18:36:48: [confoglcompmod.smx] [Confogl] CvarSettings: Could not find CVar specified (confogl_ghost_warp)
L 11/05/2022 - 18:36:48: [confoglcompmod.smx] [Confogl] CvarSettings: Could not find CVar specified (sm_tank_can_spawn)
L 11/05/2022 - 18:36:48: [confoglcompmod.smx] [Confogl] CvarSettings: Could not find CVar specified (sm_witch_can_spawn)
L 11/05/2022 - 18:36:48: [confoglcompmod.smx] [Confogl] CvarSettings: Could not find CVar specified (l4d_global_percent)
L 11/05/2022 - 18:36:48: [confoglcompmod.smx] [Confogl] CvarSettings: Could not find CVar specified (l4d_tank_percent)
L 11/05/2022 - 18:36:48: [confoglcompmod.smx] [Confogl] CvarSettings: Could not find CVar specified (l4d_witch_percent)
L 11/05/2022 - 18:36:48: [confoglcompmod.smx] [Confogl] CvarSettings: Could not find CVar specified (l4d_boss_vote)
L 11/05/2022 - 18:36:48: [confoglcompmod.smx] [Confogl] CvarSettings: Could not find CVar specified (longer_tank_punch_getup)
L 11/05/2022 - 18:36:48: [confoglcompmod.smx] [Confogl] CvarSettings: Could not find CVar specified (l4d_equalise_alarm_cars)
L 11/05/2022 - 18:36:51: Error log file session closed.
L 11/05/2022 - 18:53:29: SourceMod error session started
L 11/05/2022 - 18:53:29: Info (map "c2m3_coaster") (file "/root/Steam/steamapps/common/Left 4 Dead 2 Dedicated Server/left4dead2/addons/sourcemod/logs/errors_20221105.log")
L 11/05/2022 - 18:53:29: [confoglcompmod.smx] [Confogl] CvarSettings: Attempt to track ConVar confogl_pills_limit, which is already being tracked.
L 11/05/2022 - 18:53:32: Error log file session closed.
L 11/05/2022 - 19:05:32: SourceMod error session started
L 11/05/2022 - 19:05:32: Info (map "c8m5_rooftop") (file "/root/Steam/steamapps/common/Left 4 Dead 2 Dedicated Server/left4dead2/addons/sourcemod/logs/errors_20221105.log")
L 11/05/2022 - 19:05:32: [SM] Unable to load plugin "Welcome.smx": Could not find required plugin "l4d2_playtime_interface"
L 11/05/2022 - 19:06:05: [confoglcompmod.smx] [Confogl] CvarSettings: Attempt to track ConVar confogl_pills_limit, which is already being tracked.
L 11/05/2022 - 19:06:08: Error log file session closed.
L 11/05/2022 - 20:04:53: SourceMod error session started
L 11/05/2022 - 20:04:53: Info (map "c8m5_rooftop") (file "/root/Steam/steamapps/common/Left 4 Dead 2 Dedicated Server/left4dead2/addons/sourcemod/logs/errors_20221105.log")
L 11/05/2022 - 20:04:53: [SM] Unable to load plugin "Welcome.smx": Could not find required plugin "l4d2_playtime_interface"
L 11/05/2022 - 22:24:57: [confoglcompmod.smx] [Confogl] CvarSettings: Attempt to track ConVar confogl_pills_limit, which is already being tracked.
L 11/05/2022 - 22:25:00: Error log file session closed.
L 11/05/2022 - 22:25:46: SourceMod error session started
L 11/05/2022 - 22:25:46: Info (map "c8m5_rooftop") (file "/root/Steam/steamapps/common/Left 4 Dead 2 Dedicated Server/left4dead2/addons/sourcemod/logs/errors_20221105.log")
L 11/05/2022 - 22:25:46: [SM] Unable to load plugin "Welcome.smx": Could not find required plugin "l4d2_playtime_interface"
L 11/06/2022 - 11:22:54: Error log file session closed.
