L 01/16/2023 - 12:19:54: SourceMod error session started
L 01/16/2023 - 12:19:54: Info (map "c2m1_highway") (file "/root/Steam/steamapps/common/Left 4 Dead 2 Dedicated Server/left4dead2/addons/sourcemod/logs/errors_20230116.log")
L 01/16/2023 - 12:19:54: [SM] Unable to load plugin "Welcome.smx": Could not find required plugin "l4d2_playtime_interface"
L 01/16/2023 - 12:19:54: [SM] Exception reported: Invalid convar handle 0 (error 4)
L 01/16/2023 - 12:19:54: [SM] Blaming: server_namer.smx
L 01/16/2023 - 12:19:54: [SM] Call stack trace:
L 01/16/2023 - 12:19:54: [SM]   [0] GetConVarString
L 01/16/2023 - 12:19:54: [SM]   [1] Line 240, C:\Users\blueblur\Desktop\sourcemod-1.11.0-git6911-windows\addons\sourcemod\scripting\server_namer.sp::ParseNameAndSendToMainConVar1
L 01/16/2023 - 12:19:54: [SM]   [2] Line 156, C:\Users\blueblur\Desktop\sourcemod-1.11.0-git6911-windows\addons\sourcemod\scripting\server_namer.sp::SetVanillaName
L 01/16/2023 - 12:19:54: [SM]   [3] Line 140, C:\Users\blueblur\Desktop\sourcemod-1.11.0-git6911-windows\addons\sourcemod\scripting\server_namer.sp::SetName
L 01/16/2023 - 12:19:54: [SM]   [4] Line 80, C:\Users\blueblur\Desktop\sourcemod-1.11.0-git6911-windows\addons\sourcemod\scripting\server_namer.sp::OnPluginStart
L 01/16/2023 - 12:19:54: [SM] Unable to load plugin "server_namer.smx": Error detected in plugin startup (see error logs)
L 01/16/2023 - 12:19:54: [SM] Unable to load plugin "l4d_fyzb_en_v20.smx": Could not find required plugin "readyup"
L 01/16/2023 - 12:25:08: SourceMod error session started
L 01/16/2023 - 12:25:08: Info (map "c2m1_highway") (file "/root/Steam/steamapps/common/Left 4 Dead 2 Dedicated Server/left4dead2/addons/sourcemod/logs/errors_20230116.log")
L 01/16/2023 - 12:25:08: [SM] Unable to load plugin "Welcome.smx": Could not find required plugin "l4d2_playtime_interface"
L 01/16/2023 - 12:25:08: [SM] Exception reported: Invalid convar handle 0 (error 4)
L 01/16/2023 - 12:25:08: [SM] Blaming: server_namer.smx
L 01/16/2023 - 12:25:08: [SM] Call stack trace:
L 01/16/2023 - 12:25:08: [SM]   [0] GetConVarString
L 01/16/2023 - 12:25:08: [SM]   [1] Line 240, C:\Users\blueblur\Desktop\sourcemod-1.11.0-git6911-windows\addons\sourcemod\scripting\server_namer.sp::ParseNameAndSendToMainConVar1
L 01/16/2023 - 12:25:08: [SM]   [2] Line 156, C:\Users\blueblur\Desktop\sourcemod-1.11.0-git6911-windows\addons\sourcemod\scripting\server_namer.sp::SetVanillaName
L 01/16/2023 - 12:25:08: [SM]   [3] Line 140, C:\Users\blueblur\Desktop\sourcemod-1.11.0-git6911-windows\addons\sourcemod\scripting\server_namer.sp::SetName
L 01/16/2023 - 12:25:08: [SM]   [4] Line 80, C:\Users\blueblur\Desktop\sourcemod-1.11.0-git6911-windows\addons\sourcemod\scripting\server_namer.sp::OnPluginStart
L 01/16/2023 - 12:25:08: [SM] Unable to load plugin "server_namer.smx": Error detected in plugin startup (see error logs)
L 01/16/2023 - 12:25:08: [SM] Unable to load plugin "l4d_fyzb_en_v20.smx": Could not find required plugin "readyup"
L 01/16/2023 - 13:06:31: SourceMod error session started
L 01/16/2023 - 13:06:31: Info (map "c2m1_highway") (file "/root/Steam/steamapps/common/Left 4 Dead 2 Dedicated Server/left4dead2/addons/sourcemod/logs/errors_20230116.log")
L 01/16/2023 - 13:06:31: [SM] Unable to load plugin "Welcome.smx": Could not find required plugin "l4d2_playtime_interface"
L 01/16/2023 - 13:06:31: [SM] Exception reported: Invalid convar handle 0 (error 4)
L 01/16/2023 - 13:06:31: [SM] Blaming: server_namer.smx
L 01/16/2023 - 13:06:31: [SM] Call stack trace:
L 01/16/2023 - 13:06:31: [SM]   [0] GetConVarString
L 01/16/2023 - 13:06:31: [SM]   [1] Line 235, C:\Users\blueblur\Desktop\sourcemod-1.11.0-git6911-windows\addons\sourcemod\scripting\server_namer.sp::ParseNameAndSendToMainConVar1
L 01/16/2023 - 13:06:31: [SM]   [2] Line 156, C:\Users\blueblur\Desktop\sourcemod-1.11.0-git6911-windows\addons\sourcemod\scripting\server_namer.sp::SetVanillaName
L 01/16/2023 - 13:06:31: [SM]   [3] Line 140, C:\Users\blueblur\Desktop\sourcemod-1.11.0-git6911-windows\addons\sourcemod\scripting\server_namer.sp::SetName
L 01/16/2023 - 13:06:31: [SM]   [4] Line 80, C:\Users\blueblur\Desktop\sourcemod-1.11.0-git6911-windows\addons\sourcemod\scripting\server_namer.sp::OnPluginStart
L 01/16/2023 - 13:06:31: [SM] Unable to load plugin "server_namer.smx": Error detected in plugin startup (see error logs)
L 01/16/2023 - 13:06:31: [SM] Unable to load plugin "l4d_fyzb_en_v20.smx": Could not find required plugin "readyup"
L 01/16/2023 - 13:38:17: SourceMod error session started
L 01/16/2023 - 13:38:17: Info (map "c2m1_highway") (file "/root/Steam/steamapps/common/Left 4 Dead 2 Dedicated Server/left4dead2/addons/sourcemod/logs/errors_20230116.log")
L 01/16/2023 - 13:38:17: [SM] Unable to load plugin "Welcome.smx": Could not find required plugin "l4d2_playtime_interface"
L 01/16/2023 - 13:38:17: [SM] Unable to load plugin "l4d_fyzb_en_v20.smx": Could not find required plugin "readyup"
L 01/16/2023 - 13:42:11: [SM] Exception reported: Invalid convar handle 0 (error 4)
L 01/16/2023 - 13:42:11: [SM] Blaming: optional/server_namer.smx
L 01/16/2023 - 13:42:11: [SM] Call stack trace:
L 01/16/2023 - 13:42:11: [SM]   [0] SetConVarString
L 01/16/2023 - 13:42:11: [SM]   [1] Line 229, C:\Users\blueblur\Desktop\sourcemod-1.11.0-git6911-windows\addons\sourcemod\scripting\server_namer.sp::ChangeServerName
L 01/16/2023 - 13:42:11: [SM]   [2] Line 176, C:\Users\blueblur\Desktop\sourcemod-1.11.0-git6911-windows\addons\sourcemod\scripting\server_namer.sp::SetVanillaName
L 01/16/2023 - 13:42:11: [SM]   [3] Line 140, C:\Users\blueblur\Desktop\sourcemod-1.11.0-git6911-windows\addons\sourcemod\scripting\server_namer.sp::SetName
L 01/16/2023 - 13:42:11: [SM]   [4] Line 80, C:\Users\blueblur\Desktop\sourcemod-1.11.0-git6911-windows\addons\sourcemod\scripting\server_namer.sp::OnPluginStart
L 01/16/2023 - 13:42:11: [SM]   [6] ServerCommandEx
L 01/16/2023 - 13:42:11: [SM]   [7] Line 402, D:\SourcePawn11\basecommands.sp::Command_Rcon
L 01/16/2023 - 13:47:02: SourceMod error session started
L 01/16/2023 - 13:47:02: Info (map "c2m1_highway") (file "/root/Steam/steamapps/common/Left 4 Dead 2 Dedicated Server/left4dead2/addons/sourcemod/logs/errors_20230116.log")
L 01/16/2023 - 13:47:02: [SM] Unable to load plugin "Welcome.smx": Could not find required plugin "l4d2_playtime_interface"
L 01/16/2023 - 13:47:02: [SM] Unable to load plugin "l4d_fyzb_en_v20.smx": Could not find required plugin "readyup"
L 01/16/2023 - 14:43:16: SourceMod error session started
L 01/16/2023 - 14:43:16: Info (map "c2m1_highway") (file "/root/Steam/steamapps/common/Left 4 Dead 2 Dedicated Server/left4dead2/addons/sourcemod/logs/errors_20230116.log")
L 01/16/2023 - 14:43:16: [SM] Unable to load plugin "Welcome.smx": Could not find required plugin "l4d2_playtime_interface"
L 01/16/2023 - 14:43:17: [SM] Unable to load plugin "l4d_fyzb_en_v20.smx": Could not find required plugin "readyup"
L 01/16/2023 - 14:47:53: SourceMod error session started
L 01/16/2023 - 14:47:53: Info (map "c2m1_highway") (file "/root/Steam/steamapps/common/Left 4 Dead 2 Dedicated Server/left4dead2/addons/sourcemod/logs/errors_20230116.log")
L 01/16/2023 - 14:47:53: [SM] Unable to load plugin "Welcome.smx": Could not find required plugin "l4d2_playtime_interface"
L 01/16/2023 - 14:47:53: [SM] Unable to load plugin "l4d_fyzb_en_v20.smx": Could not find required plugin "readyup"
L 01/16/2023 - 14:54:43: SourceMod error session started
L 01/16/2023 - 14:54:43: Info (map "c2m1_highway") (file "/root/Steam/steamapps/common/Left 4 Dead 2 Dedicated Server/left4dead2/addons/sourcemod/logs/errors_20230116.log")
L 01/16/2023 - 14:54:43: [SM] Unable to load plugin "Welcome.smx": Could not find required plugin "l4d2_playtime_interface"
L 01/16/2023 - 14:54:43: [SM] Unable to load plugin "l4d_fyzb_en_v20.smx": Could not find required plugin "readyup"
L 01/16/2023 - 15:05:13: SourceMod error session started
L 01/16/2023 - 15:05:13: Info (map "c2m1_highway") (file "/root/Steam/steamapps/common/Left 4 Dead 2 Dedicated Server/left4dead2/addons/sourcemod/logs/errors_20230116.log")
L 01/16/2023 - 15:05:13: [SM] Unable to load plugin "Welcome.smx": Could not find required plugin "l4d2_playtime_interface"
L 01/16/2023 - 15:05:13: [SM] Unable to load plugin "l4d_fyzb_en_v20.smx": Could not find required plugin "readyup"
L 01/16/2023 - 15:32:35: Error log file session closed.
L 01/16/2023 - 15:36:48: SourceMod error session started
L 01/16/2023 - 15:36:48: Info (map "c2m1_highway") (file "/root/Steam/steamapps/common/Left 4 Dead 2 Dedicated Server/left4dead2/addons/sourcemod/logs/errors_20230116.log")
L 01/16/2023 - 15:36:48: [SM] Unable to load plugin "Welcome.smx": Could not find required plugin "l4d2_playtime_interface"
L 01/16/2023 - 15:36:48: [SM] Unable to load plugin "l4d_fyzb_en_v20.smx": Could not find required plugin "readyup"
L 01/16/2023 - 15:54:43: SourceMod error session started
L 01/16/2023 - 15:54:43: Info (map "c2m1_highway") (file "/root/Steam/steamapps/common/Left 4 Dead 2 Dedicated Server/left4dead2/addons/sourcemod/logs/errors_20230116.log")
L 01/16/2023 - 15:54:43: [SM] Unable to load plugin "Welcome.smx": Could not find required plugin "l4d2_playtime_interface"
L 01/16/2023 - 15:54:43: [SM] Unable to load plugin "l4d_fyzb_en_v20.smx": Could not find required plugin "readyup"
L 01/16/2023 - 16:02:20: Error log file session closed.
L 01/16/2023 - 16:09:09: SourceMod error session started
L 01/16/2023 - 16:09:09: Info (map "c2m1_highway") (file "/root/Steam/steamapps/common/Left 4 Dead 2 Dedicated Server/left4dead2/addons/sourcemod/logs/errors_20230116.log")
L 01/16/2023 - 16:09:09: [SM] Unable to load plugin "Welcome.smx": Could not find required plugin "l4d2_playtime_interface"
L 01/16/2023 - 16:09:09: [SM] Unable to load plugin "l4d_fyzb_en_v20.smx": Could not find required plugin "readyup"
L 01/16/2023 - 16:09:27: SourceMod error session started
L 01/16/2023 - 16:09:27: Info (map "c2m1_highway") (file "/root/Steam/steamapps/common/Left 4 Dead 2 Dedicated Server/left4dead2/addons/sourcemod/logs/errors_20230116.log")
L 01/16/2023 - 16:09:27: [SM] Unable to load plugin "Welcome.smx": Could not find required plugin "l4d2_playtime_interface"
L 01/16/2023 - 16:09:27: [SM] Unable to load plugin "l4d_fyzb_en_v20.smx": Could not find required plugin "readyup"
L 01/16/2023 - 16:29:24: SourceMod error session started
L 01/16/2023 - 16:29:24: Info (map "c2m1_highway") (file "/root/Steam/steamapps/common/Left 4 Dead 2 Dedicated Server/left4dead2/addons/sourcemod/logs/errors_20230116.log")
L 01/16/2023 - 16:29:24: [SM] Unable to load plugin "Welcome.smx": Could not find required plugin "l4d2_playtime_interface"
L 01/16/2023 - 16:29:24: [SM] Unable to load plugin "l4d_fyzb_en_v20.smx": Could not find required plugin "readyup"
L 01/16/2023 - 19:12:22: SourceMod error session started
L 01/16/2023 - 19:12:22: Info (map "c2m1_highway") (file "/root/Steam/steamapps/common/Left 4 Dead 2 Dedicated Server/left4dead2/addons/sourcemod/logs/errors_20230116.log")
L 01/16/2023 - 19:12:22: [SM] Unable to load plugin "Welcome.smx": Could not find required plugin "l4d2_playtime_interface"
L 01/16/2023 - 19:12:22: [SM] Unable to load plugin "l4d_fyzb_en_v20.smx": Could not find required plugin "readyup"
L 01/19/2023 - 23:02:03: Error log file session closed.
