L 10/30/2022 - 01:12:35: SourceMod error session started
L 10/30/2022 - 01:12:35: Info (map "c2m2_fairgrounds") (file "/root/Steam/steamapps/common/Left 4 Dead 2 Dedicated Server/left4dead2/addons/sourcemod/logs/errors_20221030.log")
L 10/30/2022 - 01:12:35: [SM] Unable to load plugin "Welcome.smx": Could not find required plugin "l4d2_playtime_interface"
L 10/30/2022 - 01:17:28: Error log file session closed.
L 10/30/2022 - 01:37:42: SourceMod error session started
L 10/30/2022 - 01:37:42: Info (map "c2m1_highway") (file "/root/Steam/steamapps/common/Left 4 Dead 2 Dedicated Server/left4dead2/addons/sourcemod/logs/errors_20221030.log")
L 10/30/2022 - 01:37:42: [SM] Unable to load extension "rip.ext": /root/Steam/steamapps/common/Left 4 Dead 2 Dedicated Server/left4dead2/addons/sourcemod/extensions/rip.ext.so: cannot open shared object file: No such file or directory
L 10/30/2022 - 01:37:43: [SM] Unable to load plugin "l4d2_playtime_interface.smx": Required extension "REST in Pawn" file("rip.ext") not running
L 10/30/2022 - 01:39:40: Error log file session closed.
L 10/30/2022 - 01:41:24: SourceMod error session started
L 10/30/2022 - 01:41:24: Info (map "c2m1_highway") (file "/root/Steam/steamapps/common/Left 4 Dead 2 Dedicated Server/left4dead2/addons/sourcemod/logs/errors_20221030.log")
L 10/30/2022 - 01:41:24: [SM] Unable to load plugin "l4d2_playtime_interface.smx": Required extension "REST in Pawn" file("rip.ext") not running
L 10/30/2022 - 01:41:47: Error log file session closed.
L 10/30/2022 - 01:42:43: SourceMod error session started
L 10/30/2022 - 01:42:43: Info (map "c2m1_highway") (file "/root/Steam/steamapps/common/Left 4 Dead 2 Dedicated Server/left4dead2/addons/sourcemod/logs/errors_20221030.log")
L 10/30/2022 - 01:42:43: [SM] Unable to load plugin "l4d2_playtime_interface.smx": Required extension "REST in Pawn" file("rip.ext") not running
L 10/30/2022 - 01:42:55: Error log file session closed.
L 10/30/2022 - 01:43:36: SourceMod error session started
L 10/30/2022 - 01:43:36: Info (map "c2m1_highway") (file "/root/Steam/steamapps/common/Left 4 Dead 2 Dedicated Server/left4dead2/addons/sourcemod/logs/errors_20221030.log")
L 10/30/2022 - 01:43:36: [SM] Unable to load plugin "l4d2_playtime_interface.smx": Required extension "REST in Pawn" file("rip.ext") not running
L 10/30/2022 - 01:43:52: Error log file session closed.
L 10/30/2022 - 01:44:32: SourceMod error session started
L 10/30/2022 - 01:44:32: Info (map "c2m1_highway") (file "/root/Steam/steamapps/common/Left 4 Dead 2 Dedicated Server/left4dead2/addons/sourcemod/logs/errors_20221030.log")
L 10/30/2022 - 01:44:32: [SM] Unable to load plugin "l4d2_playtime_interface.smx": Required extension "REST in Pawn" file("rip.ext") not running
L 10/30/2022 - 01:45:32: [confoglcompmod.smx] [Confogl] CvarSettings: Could not find CVar specified (l4d2_heq_allow_horde_during_tank)
L 10/30/2022 - 01:45:35: Error log file session closed.
L 10/30/2022 - 01:47:39: SourceMod error session started
L 10/30/2022 - 01:47:39: Info (map "c2m1_highway") (file "/root/Steam/steamapps/common/Left 4 Dead 2 Dedicated Server/left4dead2/addons/sourcemod/logs/errors_20221030.log")
L 10/30/2022 - 01:47:39: [SM] Unable to load extension "rip.ext": /root/Steam/steamapps/common/Left 4 Dead 2 Dedicated Server/left4dead2/addons/sourcemod/extensions/rip.ext.so: cannot open shared object file: No such file or directory
L 10/30/2022 - 01:47:40: [SM] Unable to load plugin "l4d2_playtime_interface.smx": Required extension "REST in Pawn" file("rip.ext") not running
L 10/30/2022 - 13:31:34: SourceMod error session started
L 10/30/2022 - 13:31:34: Info (map "c2m1_highway") (file "/root/Steam/steamapps/common/Left 4 Dead 2 Dedicated Server/left4dead2/addons/sourcemod/logs/errors_20221030.log")
L 10/30/2022 - 13:31:34: [SM] Unable to load extension "rip.ext": /root/Steam/steamapps/common/Left 4 Dead 2 Dedicated Server/left4dead2/addons/sourcemod/extensions/rip.ext.so: cannot open shared object file: No such file or directory
L 10/30/2022 - 13:31:34: [SM] Fatal error encountered parsing translation file "cannounce.phrases.txt"
L 10/30/2022 - 13:31:34: [SM] Error (line 0, column 0): Stream failed to open
L 10/30/2022 - 13:31:34: [SM] Unable to load plugin "l4d2_playtime_interface.smx": Required extension "REST in Pawn" file("rip.ext") not running
L 10/30/2022 - 14:43:45: SourceMod error session started
L 10/30/2022 - 14:43:45: Info (map "c2m1_highway") (file "/root/Steam/steamapps/common/Left 4 Dead 2 Dedicated Server/left4dead2/addons/sourcemod/logs/errors_20221030.log")
L 10/30/2022 - 14:43:45: [SM] Unable to load extension "rip.ext": /root/Steam/steamapps/common/Left 4 Dead 2 Dedicated Server/left4dead2/addons/sourcemod/extensions/rip.ext.so: cannot open shared object file: No such file or directory
L 10/30/2022 - 14:43:45: [SM] Fatal error encountered parsing translation file "cannounce.phrases.txt"
L 10/30/2022 - 14:43:45: [SM] Error (line 0, column 0): Stream failed to open
L 10/30/2022 - 14:43:45: [SM] Unable to load plugin "l4d2_playtime_interface.smx": Required extension "REST in Pawn" file("rip.ext") not running
L 10/30/2022 - 14:44:27: [SM] Exception reported: Language phrase "Unknown City Desc" not found (arg 6)
L 10/30/2022 - 14:44:27: [SM] Blaming: cannounce.smx
L 10/30/2022 - 14:44:27: [SM] Call stack trace:
L 10/30/2022 - 14:44:27: [SM]   [0] Format
L 10/30/2022 - 14:44:27: [SM]   [1] Line 404, cannounce.sp::GetFormattedMessage
L 10/30/2022 - 14:44:27: [SM]   [2] Line 274, cannounce.sp::PrintFormattedMessageToAll
L 10/30/2022 - 14:44:27: [SM]   [3] Line 72, cannounce/countryshow.sp::OnPostAdminCheck_CountryShow
L 10/30/2022 - 14:44:27: [SM]   [4] Line 168, cannounce.sp::OnClientPostAdminCheck
L 10/30/2022 - 14:44:55: Error log file session closed.
L 10/30/2022 - 14:44:55: SourceMod error session started
L 10/30/2022 - 14:44:55: Info (map "c2m1_highway") (file "/root/Steam/steamapps/common/Left 4 Dead 2 Dedicated Server/left4dead2/addons/sourcemod/logs/errors_20221030.log")
L 10/30/2022 - 14:44:55: [SM] Fatal error encountered parsing translation file "cannounce.phrases.txt"
L 10/30/2022 - 14:44:55: [SM] Error (line 0, column 0): Stream failed to open
L 10/30/2022 - 14:46:54: [SM] Unable to load plugin "l4d2_playtime_interface.smx": Required extension "REST in Pawn" file("rip.ext") not running
L 10/30/2022 - 14:47:06: Error log file session closed.
L 10/30/2022 - 14:47:06: SourceMod error session started
L 10/30/2022 - 14:47:06: Info (map "c2m1_highway") (file "/root/Steam/steamapps/common/Left 4 Dead 2 Dedicated Server/left4dead2/addons/sourcemod/logs/errors_20221030.log")
L 10/30/2022 - 14:47:06: [SM] Fatal error encountered parsing translation file "cannounce.phrases.txt"
L 10/30/2022 - 14:47:06: [SM] Error (line 0, column 0): Stream failed to open
L 10/30/2022 - 14:48:01: [SM] Exception reported: Invalid index 1 (count: 1)
L 10/30/2022 - 14:48:01: [SM] Blaming: optional/l4d_equalise_alarm_cars_scav.smx
L 10/30/2022 - 14:48:01: [SM] Call stack trace:
L 10/30/2022 - 14:48:01: [SM]   [0] ArrayList.GetString
L 10/30/2022 - 14:48:01: [SM]   [1] Line 384, F:\Users\Administrator\Documents\GitHub\MoYu_Server_Stupid_Plugins\The Last Stand\l4d_equalise_alarm_cars\l4d_equalise_alarm_cars.sp::PatchAlarmedCars
L 10/30/2022 - 14:57:25: [SM] Unable to load plugin "l4d2_playtime_interface.smx": Required extension "REST in Pawn" file("rip.ext") not running
L 10/30/2022 - 14:57:38: Error log file session closed.
L 10/30/2022 - 14:57:38: SourceMod error session started
L 10/30/2022 - 14:57:38: Info (map "c2m1_highway") (file "/root/Steam/steamapps/common/Left 4 Dead 2 Dedicated Server/left4dead2/addons/sourcemod/logs/errors_20221030.log")
L 10/30/2022 - 14:57:38: [SM] Fatal error encountered parsing translation file "cannounce.phrases.txt"
L 10/30/2022 - 14:57:38: [SM] Error (line 0, column 0): Stream failed to open
L 10/30/2022 - 15:30:39: SourceMod error session started
L 10/30/2022 - 15:30:39: Info (map "c2m1_highway") (file "/root/Steam/steamapps/common/Left 4 Dead 2 Dedicated Server/left4dead2/addons/sourcemod/logs/errors_20221030.log")
L 10/30/2022 - 15:30:39: [SM] Unable to load extension "rip.ext": /root/Steam/steamapps/common/Left 4 Dead 2 Dedicated Server/left4dead2/addons/sourcemod/extensions/rip.ext.so: cannot open shared object file: No such file or directory
L 10/30/2022 - 15:30:39: [SM] Fatal error encountered parsing translation file "cannounce.phrases.txt"
L 10/30/2022 - 15:30:39: [SM] Error (line 0, column 0): Stream failed to open
L 10/30/2022 - 15:30:39: [SM] Unable to load plugin "l4d2_playtime_interface.smx": Required extension "REST in Pawn" file("rip.ext") not running
