L 12/23/2022 - 00:01:49: SourceMod error session started
L 12/23/2022 - 00:01:49: Info (map "c2m1_highway") (file "/root/Steam/steamapps/common/Left 4 Dead 2 Dedicated Server/left4dead2/addons/sourcemod/logs/errors_20221223.log")
L 12/23/2022 - 00:01:49: [SM] Unable to load plugin "Welcome.smx": Could not find required plugin "l4d2_playtime_interface"
L 12/23/2022 - 00:01:49: [SM] Unable to load plugin "l4d_fyzb_en_v20.smx": Could not find required plugin "readyup"
L 12/23/2022 - 00:03:14: Error log file session closed.
L 12/23/2022 - 00:32:23: SourceMod error session started
L 12/23/2022 - 00:32:23: Info (map "c2m1_highway") (file "/root/Steam/steamapps/common/Left 4 Dead 2 Dedicated Server/left4dead2/addons/sourcemod/logs/errors_20221223.log")
L 12/23/2022 - 00:32:23: [SM] Unable to load plugin "Welcome.smx": Could not find required plugin "l4d2_playtime_interface"
L 12/23/2022 - 00:32:23: [SM] Unable to load plugin "l4d_fyzb_en_v20.smx": Could not find required plugin "readyup"
L 12/23/2022 - 00:45:38: SourceMod error session started
L 12/23/2022 - 00:45:38: Info (map "c2m1_highway") (file "/root/Steam/steamapps/common/Left 4 Dead 2 Dedicated Server/left4dead2/addons/sourcemod/logs/errors_20221223.log")
L 12/23/2022 - 00:45:38: [SM] Unable to load plugin "Welcome.smx": Could not find required plugin "l4d2_playtime_interface"
L 12/23/2022 - 00:45:38: [SM] Unable to load plugin "l4d_fyzb_en_v20.smx": Could not find required plugin "readyup"
L 12/23/2022 - 00:46:40: [SM] Unable to load extension "left4downtown.ext": /root/Steam/steamapps/common/Left 4 Dead 2 Dedicated Server/left4dead2/addons/sourcemod/extensions/left4downtown.ext.so: cannot open shared object file: No such file or directory
L 12/23/2022 - 00:46:40: [SM] Error parsing gameconfig file "/root/Steam/steamapps/common/Left 4 Dead 2 Dedicated Server/left4dead2/addons/sourcemod/gamedata/left4downtown.l4d2.txt":
L 12/23/2022 - 00:46:40: [SM] Error 1 on line 0, col 0: Stream failed to open
L 12/23/2022 - 00:46:40: [SM] Exception reported: Unable to open left4downtown.l4d2: File could not be opened: No such file or directory
L 12/23/2022 - 00:46:40: [SM] Blaming: optional/promod/l4d2_setscores.smx
L 12/23/2022 - 00:46:40: [SM] Call stack trace:
L 12/23/2022 - 00:46:40: [SM]   [0] LoadGameConfigFile
L 12/23/2022 - 00:46:40: [SM]   [1] Line 56, l4d2_setscores.sp::OnPluginStart
L 12/23/2022 - 00:46:43: Error log file session closed.
L 12/23/2022 - 00:47:12: SourceMod error session started
L 12/23/2022 - 00:47:12: Info (map "c2m1_highway") (file "/root/Steam/steamapps/common/Left 4 Dead 2 Dedicated Server/left4dead2/addons/sourcemod/logs/errors_20221223.log")
L 12/23/2022 - 00:47:12: [SM] Exception reported: Native is not bound
L 12/23/2022 - 00:47:12: [SM] Blaming: optional/spechud.smx
L 12/23/2022 - 00:47:12: [SM] Call stack trace:
L 12/23/2022 - 00:47:12: [SM]   [0] IsDarkCarniRemix
L 12/23/2022 - 00:47:12: [SM]   [1] Line 338, J:\Documents\GitHub\L4D2-Competitive-Rework\addons\sourcemod\scripting\spechud.sp::OnRoundIsLive
L 12/23/2022 - 00:47:12: [SM]   [3] Call_Finish
L 12/23/2022 - 00:47:12: [SM]   [4] Line 35, readyup\util.inc::UTIL_WrapperForward
L 12/23/2022 - 00:47:12: [SM]   [5] Line 87, readyup\action.inc::InitiateLive
L 12/23/2022 - 00:47:12: [SM]   [6] Line 114, readyup\action.inc::ReadyCountdownDelay_Timer
L 12/23/2022 - 00:49:48: SourceMod error session started
L 12/23/2022 - 00:49:48: Info (map "c2m1_highway") (file "/root/Steam/steamapps/common/Left 4 Dead 2 Dedicated Server/left4dead2/addons/sourcemod/logs/errors_20221223.log")
L 12/23/2022 - 00:49:48: [SM] Unable to load plugin "Welcome.smx": Could not find required plugin "l4d2_playtime_interface"
L 12/23/2022 - 00:49:48: [SM] Unable to load plugin "l4d_fyzb_en_v20.smx": Could not find required plugin "readyup"
L 12/23/2022 - 00:50:34: SourceMod error session started
L 12/23/2022 - 00:50:34: Info (map "c2m1_highway") (file "/root/Steam/steamapps/common/Left 4 Dead 2 Dedicated Server/left4dead2/addons/sourcemod/logs/errors_20221223.log")
L 12/23/2022 - 00:50:34: [SM] Unable to load plugin "Welcome.smx": Could not find required plugin "l4d2_playtime_interface"
L 12/23/2022 - 00:50:34: [SM] Unable to load plugin "l4d_fyzb_en_v20.smx": Could not find required plugin "readyup"
L 12/23/2022 - 00:52:07: [SM] Unable to load extension "left4downtown.ext": /root/Steam/steamapps/common/Left 4 Dead 2 Dedicated Server/left4dead2/addons/sourcemod/extensions/left4downtown.ext.so: cannot open shared object file: No such file or directory
L 12/23/2022 - 00:52:07: [SM] Error parsing gameconfig file "/root/Steam/steamapps/common/Left 4 Dead 2 Dedicated Server/left4dead2/addons/sourcemod/gamedata/left4downtown.l4d2.txt":
L 12/23/2022 - 00:52:07: [SM] Error 1 on line 0, col 0: Stream failed to open
L 12/23/2022 - 00:52:07: [SM] Exception reported: Unable to open left4downtown.l4d2: File could not be opened: No such file or directory
L 12/23/2022 - 00:52:07: [SM] Blaming: optional/promod/l4d2_setscores.smx
L 12/23/2022 - 00:52:07: [SM] Call stack trace:
L 12/23/2022 - 00:52:07: [SM]   [0] LoadGameConfigFile
L 12/23/2022 - 00:52:07: [SM]   [1] Line 56, l4d2_setscores.sp::OnPluginStart
L 12/23/2022 - 00:52:10: Error log file session closed.
L 12/23/2022 - 00:52:38: SourceMod error session started
L 12/23/2022 - 00:52:38: Info (map "c2m1_highway") (file "/root/Steam/steamapps/common/Left 4 Dead 2 Dedicated Server/left4dead2/addons/sourcemod/logs/errors_20221223.log")
L 12/23/2022 - 00:52:38: [SM] Exception reported: Native is not bound
L 12/23/2022 - 00:52:38: [SM] Blaming: optional/spechud.smx
L 12/23/2022 - 00:52:38: [SM] Call stack trace:
L 12/23/2022 - 00:52:38: [SM]   [0] IsDarkCarniRemix
L 12/23/2022 - 00:52:38: [SM]   [1] Line 338, J:\Documents\GitHub\L4D2-Competitive-Rework\addons\sourcemod\scripting\spechud.sp::OnRoundIsLive
L 12/23/2022 - 00:52:38: [SM]   [3] Call_Finish
L 12/23/2022 - 00:52:38: [SM]   [4] Line 35, readyup\util.inc::UTIL_WrapperForward
L 12/23/2022 - 00:52:38: [SM]   [5] Line 87, readyup\action.inc::InitiateLive
L 12/23/2022 - 00:52:38: [SM]   [6] Line 114, readyup\action.inc::ReadyCountdownDelay_Timer
L 12/23/2022 - 00:54:07: [SM] Unable to load plugin "Welcome.smx": Could not find required plugin "l4d2_playtime_interface"
L 12/23/2022 - 00:54:07: [SM] Unable to load plugin "l4d_fyzb_en_v20.smx": Could not find required plugin "readyup"
L 12/23/2022 - 01:07:10: SourceMod error session started
L 12/23/2022 - 01:07:10: Info (map "c2m1_highway") (file "/root/Steam/steamapps/common/Left 4 Dead 2 Dedicated Server/left4dead2/addons/sourcemod/logs/errors_20221223.log")
L 12/23/2022 - 01:07:10: [SM] Unable to load plugin "Welcome.smx": Could not find required plugin "l4d2_playtime_interface"
L 12/23/2022 - 01:07:10: [SM] Unable to load plugin "l4d_fyzb_en_v20.smx": Could not find required plugin "readyup"
L 12/23/2022 - 01:07:56: [SM] Unable to load extension "left4downtown.ext": /root/Steam/steamapps/common/Left 4 Dead 2 Dedicated Server/left4dead2/addons/sourcemod/extensions/left4downtown.ext.so: cannot open shared object file: No such file or directory
L 12/23/2022 - 01:07:56: [SM] Error parsing gameconfig file "/root/Steam/steamapps/common/Left 4 Dead 2 Dedicated Server/left4dead2/addons/sourcemod/gamedata/left4downtown.l4d2.txt":
L 12/23/2022 - 01:07:56: [SM] Error 1 on line 0, col 0: Stream failed to open
L 12/23/2022 - 01:07:56: [SM] Exception reported: Unable to open left4downtown.l4d2: File could not be opened: No such file or directory
L 12/23/2022 - 01:07:56: [SM] Blaming: optional/promod/l4d2_setscores.smx
L 12/23/2022 - 01:07:56: [SM] Call stack trace:
L 12/23/2022 - 01:07:56: [SM]   [0] LoadGameConfigFile
L 12/23/2022 - 01:07:56: [SM]   [1] Line 56, l4d2_setscores.sp::OnPluginStart
L 12/23/2022 - 01:08:00: Error log file session closed.
L 12/23/2022 - 01:08:33: SourceMod error session started
L 12/23/2022 - 01:08:33: Info (map "c2m1_highway") (file "/root/Steam/steamapps/common/Left 4 Dead 2 Dedicated Server/left4dead2/addons/sourcemod/logs/errors_20221223.log")
L 12/23/2022 - 01:08:33: [SM] Exception reported: Native is not bound
L 12/23/2022 - 01:08:33: [SM] Blaming: optional/spechud.smx
L 12/23/2022 - 01:08:33: [SM] Call stack trace:
L 12/23/2022 - 01:08:33: [SM]   [0] IsDarkCarniRemix
L 12/23/2022 - 01:08:33: [SM]   [1] Line 338, J:\Documents\GitHub\L4D2-Competitive-Rework\addons\sourcemod\scripting\spechud.sp::OnRoundIsLive
L 12/23/2022 - 01:08:33: [SM]   [3] Call_Finish
L 12/23/2022 - 01:08:33: [SM]   [4] Line 35, readyup\util.inc::UTIL_WrapperForward
L 12/23/2022 - 01:08:33: [SM]   [5] Line 87, readyup\action.inc::InitiateLive
L 12/23/2022 - 01:08:33: [SM]   [6] Line 114, readyup\action.inc::ReadyCountdownDelay_Timer
L 12/23/2022 - 01:14:27: SourceMod error session started
L 12/23/2022 - 01:14:27: Info (map "c2m1_highway") (file "/root/Steam/steamapps/common/Left 4 Dead 2 Dedicated Server/left4dead2/addons/sourcemod/logs/errors_20221223.log")
L 12/23/2022 - 01:14:27: [SM] Unable to load plugin "Welcome.smx": Could not find required plugin "l4d2_playtime_interface"
L 12/23/2022 - 01:14:27: [SM] Unable to load plugin "l4d_fyzb_en_v20.smx": Could not find required plugin "readyup"
L 12/23/2022 - 15:05:31: SourceMod error session started
L 12/23/2022 - 15:05:31: Info (map "c2m1_highway") (file "/root/Steam/steamapps/common/Left 4 Dead 2 Dedicated Server/left4dead2/addons/sourcemod/logs/errors_20221223.log")
L 12/23/2022 - 15:05:31: [SM] Unable to load plugin "Welcome.smx": Could not find required plugin "l4d2_playtime_interface"
L 12/23/2022 - 15:05:31: [SM] Unable to load plugin "l4d_fyzb_en_v20.smx": Could not find required plugin "readyup"
L 12/23/2022 - 15:06:12: [SM] Unable to load extension "left4downtown.ext": /root/Steam/steamapps/common/Left 4 Dead 2 Dedicated Server/left4dead2/addons/sourcemod/extensions/left4downtown.ext.so: cannot open shared object file: No such file or directory
L 12/23/2022 - 15:06:12: [SM] Error parsing gameconfig file "/root/Steam/steamapps/common/Left 4 Dead 2 Dedicated Server/left4dead2/addons/sourcemod/gamedata/left4downtown.l4d2.txt":
L 12/23/2022 - 15:06:12: [SM] Error 1 on line 0, col 0: Stream failed to open
L 12/23/2022 - 15:06:12: [SM] Exception reported: Unable to open left4downtown.l4d2: File could not be opened: No such file or directory
L 12/23/2022 - 15:06:12: [SM] Blaming: optional/promod/l4d2_setscores.smx
L 12/23/2022 - 15:06:12: [SM] Call stack trace:
L 12/23/2022 - 15:06:12: [SM]   [0] LoadGameConfigFile
L 12/23/2022 - 15:06:12: [SM]   [1] Line 56, l4d2_setscores.sp::OnPluginStart
L 12/23/2022 - 15:06:15: Error log file session closed.
L 12/23/2022 - 15:07:02: SourceMod error session started
L 12/23/2022 - 15:07:02: Info (map "c2m1_highway") (file "/root/Steam/steamapps/common/Left 4 Dead 2 Dedicated Server/left4dead2/addons/sourcemod/logs/errors_20221223.log")
L 12/23/2022 - 15:07:02: [SM] Exception reported: Native is not bound
L 12/23/2022 - 15:07:02: [SM] Blaming: optional/spechud.smx
L 12/23/2022 - 15:07:02: [SM] Call stack trace:
L 12/23/2022 - 15:07:02: [SM]   [0] IsDarkCarniRemix
L 12/23/2022 - 15:07:02: [SM]   [1] Line 338, J:\Documents\GitHub\L4D2-Competitive-Rework\addons\sourcemod\scripting\spechud.sp::OnRoundIsLive
L 12/23/2022 - 15:07:02: [SM]   [3] Call_Finish
L 12/23/2022 - 15:07:02: [SM]   [4] Line 35, readyup\util.inc::UTIL_WrapperForward
L 12/23/2022 - 15:07:02: [SM]   [5] Line 87, readyup\action.inc::InitiateLive
L 12/23/2022 - 15:07:02: [SM]   [6] Line 114, readyup\action.inc::ReadyCountdownDelay_Timer
L 12/23/2022 - 15:10:47: [SM] Exception reported: Native is not bound
L 12/23/2022 - 15:10:47: [SM] Blaming: optional/spechud.smx
L 12/23/2022 - 15:10:47: [SM] Call stack trace:
L 12/23/2022 - 15:10:47: [SM]   [0] IsDarkCarniRemix
L 12/23/2022 - 15:10:47: [SM]   [1] Line 338, J:\Documents\GitHub\L4D2-Competitive-Rework\addons\sourcemod\scripting\spechud.sp::OnRoundIsLive
L 12/23/2022 - 15:10:47: [SM]   [3] Call_Finish
L 12/23/2022 - 15:10:47: [SM]   [4] Line 35, readyup\util.inc::UTIL_WrapperForward
L 12/23/2022 - 15:10:47: [SM]   [5] Line 87, readyup\action.inc::InitiateLive
L 12/23/2022 - 15:10:47: [SM]   [6] Line 114, readyup\action.inc::ReadyCountdownDelay_Timer
L 12/23/2022 - 15:14:08: Error log file session closed.
L 12/23/2022 - 15:15:40: SourceMod error session started
L 12/23/2022 - 15:15:40: Info (map "c2m2_fairgrounds") (file "/root/Steam/steamapps/common/Left 4 Dead 2 Dedicated Server/left4dead2/addons/sourcemod/logs/errors_20221223.log")
L 12/23/2022 - 15:15:40: [SM] Exception reported: Native is not bound
L 12/23/2022 - 15:15:40: [SM] Blaming: optional/spechud.smx
L 12/23/2022 - 15:15:40: [SM] Call stack trace:
L 12/23/2022 - 15:15:40: [SM]   [0] IsDarkCarniRemix
L 12/23/2022 - 15:15:40: [SM]   [1] Line 338, J:\Documents\GitHub\L4D2-Competitive-Rework\addons\sourcemod\scripting\spechud.sp::OnRoundIsLive
L 12/23/2022 - 15:15:40: [SM]   [3] Call_Finish
L 12/23/2022 - 15:15:40: [SM]   [4] Line 35, readyup\util.inc::UTIL_WrapperForward
L 12/23/2022 - 15:15:40: [SM]   [5] Line 87, readyup\action.inc::InitiateLive
L 12/23/2022 - 15:15:40: [SM]   [6] Line 114, readyup\action.inc::ReadyCountdownDelay_Timer
L 12/23/2022 - 15:24:06: [SM] Exception reported: Native is not bound
L 12/23/2022 - 15:24:06: [SM] Blaming: optional/spechud.smx
L 12/23/2022 - 15:24:06: [SM] Call stack trace:
L 12/23/2022 - 15:24:06: [SM]   [0] IsDarkCarniRemix
L 12/23/2022 - 15:24:06: [SM]   [1] Line 338, J:\Documents\GitHub\L4D2-Competitive-Rework\addons\sourcemod\scripting\spechud.sp::OnRoundIsLive
L 12/23/2022 - 15:24:06: [SM]   [3] Call_Finish
L 12/23/2022 - 15:24:06: [SM]   [4] Line 35, readyup\util.inc::UTIL_WrapperForward
L 12/23/2022 - 15:24:06: [SM]   [5] Line 87, readyup\action.inc::InitiateLive
L 12/23/2022 - 15:24:06: [SM]   [6] Line 114, readyup\action.inc::ReadyCountdownDelay_Timer
L 12/23/2022 - 15:29:58: SourceMod error session started
L 12/23/2022 - 15:29:58: Info (map "c2m1_highway") (file "/root/Steam/steamapps/common/Left 4 Dead 2 Dedicated Server/left4dead2/addons/sourcemod/logs/errors_20221223.log")
L 12/23/2022 - 15:29:58: [SM] Unable to load plugin "Welcome.smx": Could not find required plugin "l4d2_playtime_interface"
L 12/23/2022 - 15:29:59: [SM] Unable to load plugin "l4d_fyzb_en_v20.smx": Could not find required plugin "readyup"
L 12/23/2022 - 21:08:29: SourceMod error session started
L 12/23/2022 - 21:08:29: Info (map "c2m1_highway") (file "/root/Steam/steamapps/common/Left 4 Dead 2 Dedicated Server/left4dead2/addons/sourcemod/logs/errors_20221223.log")
L 12/23/2022 - 21:08:29: [SM] Unable to load plugin "Welcome.smx": Could not find required plugin "l4d2_playtime_interface"
L 12/23/2022 - 21:08:29: [SM] Unable to load plugin "l4d_fyzb_en_v20.smx": Could not find required plugin "readyup"
L 12/23/2022 - 21:09:32: [SM] Unable to load extension "left4downtown.ext": /root/Steam/steamapps/common/Left 4 Dead 2 Dedicated Server/left4dead2/addons/sourcemod/extensions/left4downtown.ext.so: cannot open shared object file: No such file or directory
L 12/23/2022 - 21:09:32: [SM] Error parsing gameconfig file "/root/Steam/steamapps/common/Left 4 Dead 2 Dedicated Server/left4dead2/addons/sourcemod/gamedata/left4downtown.l4d2.txt":
L 12/23/2022 - 21:09:32: [SM] Error 1 on line 0, col 0: Stream failed to open
L 12/23/2022 - 21:09:32: [SM] Exception reported: Unable to open left4downtown.l4d2: File could not be opened: No such file or directory
L 12/23/2022 - 21:09:32: [SM] Blaming: optional/promod/l4d2_setscores.smx
L 12/23/2022 - 21:09:32: [SM] Call stack trace:
L 12/23/2022 - 21:09:32: [SM]   [0] LoadGameConfigFile
L 12/23/2022 - 21:09:32: [SM]   [1] Line 56, l4d2_setscores.sp::OnPluginStart
L 12/23/2022 - 21:09:32: [SM] Fatal error encountered parsing translation file "l4d_tank_pass.phrases.txt"
L 12/23/2022 - 21:09:32: [SM] Error (line 0, column 0): Stream failed to open
L 12/23/2022 - 21:09:35: Error log file session closed.
L 12/23/2022 - 21:09:35: SourceMod error session started
L 12/23/2022 - 21:09:35: Info (map "c2m1_highway") (file "/root/Steam/steamapps/common/Left 4 Dead 2 Dedicated Server/left4dead2/addons/sourcemod/logs/errors_20221223.log")
L 12/23/2022 - 21:09:35: [SM] Fatal error encountered parsing translation file "l4d_tank_pass.phrases.txt"
L 12/23/2022 - 21:09:35: [SM] Error (line 0, column 0): Stream failed to open
L 12/23/2022 - 21:10:06: [SM] Exception reported: Native is not bound
L 12/23/2022 - 21:10:06: [SM] Blaming: optional/spechud.smx
L 12/23/2022 - 21:10:06: [SM] Call stack trace:
L 12/23/2022 - 21:10:06: [SM]   [0] IsDarkCarniRemix
L 12/23/2022 - 21:10:06: [SM]   [1] Line 338, J:\Documents\GitHub\L4D2-Competitive-Rework\addons\sourcemod\scripting\spechud.sp::OnRoundIsLive
L 12/23/2022 - 21:10:06: [SM]   [3] Call_Finish
L 12/23/2022 - 21:10:06: [SM]   [4] Line 35, readyup\util.inc::UTIL_WrapperForward
L 12/23/2022 - 21:10:06: [SM]   [5] Line 87, readyup\action.inc::InitiateLive
L 12/23/2022 - 21:10:06: [SM]   [6] Line 114, readyup\action.inc::ReadyCountdownDelay_Timer
L 12/23/2022 - 21:12:07: [SM] Exception reported: Language phrase "phrase10" not found (arg 6)
L 12/23/2022 - 21:12:07: [SM] Blaming: optional/l4d_tank_pass.smx
L 12/23/2022 - 21:12:07: [SM] Call stack trace:
L 12/23/2022 - 21:12:07: [SM]   [0] Format
L 12/23/2022 - 21:12:07: [SM]   [1] Line 177, C:\Users\blueblur\Desktop\scAvogl-main\addons\sourcemod\scripting\l4d_tank_pass.sp::AdminMenu_ForcePass
L 12/23/2022 - 21:12:07: [SM]   [3] TopMenu.Display
L 12/23/2022 - 21:12:07: [SM]   [4] Line 195, /home/builds/sourcemod/linux-1.11/build/plugins/adminmenu.sp::Command_DisplayMenu
L 12/23/2022 - 21:12:07: [SM] Exception reported: Language phrase "phrase12" not found (arg 6)
L 12/23/2022 - 21:12:07: [SM] Blaming: optional/l4d_tank_pass.smx
L 12/23/2022 - 21:12:07: [SM] Call stack trace:
L 12/23/2022 - 21:12:07: [SM]   [0] Format
L 12/23/2022 - 21:12:07: [SM]   [1] Line 227, C:\Users\blueblur\Desktop\scAvogl-main\addons\sourcemod\scripting\l4d_tank_pass.sp::AdminMenu_TakeTank
L 12/23/2022 - 21:12:07: [SM]   [3] TopMenu.Display
L 12/23/2022 - 21:12:07: [SM]   [4] Line 195, /home/builds/sourcemod/linux-1.11/build/plugins/adminmenu.sp::Command_DisplayMenu
L 12/23/2022 - 21:12:57: [SM] Exception reported: Language phrase "phrase4" not found (arg 5)
L 12/23/2022 - 21:12:57: [SM] Blaming: optional/l4d_tank_pass.smx
L 12/23/2022 - 21:12:57: [SM] Call stack trace:
L 12/23/2022 - 21:12:57: [SM]   [0] Menu.SetTitle
L 12/23/2022 - 21:12:57: [SM]   [1] Line 294, C:\Users\blueblur\Desktop\scAvogl-main\addons\sourcemod\scripting\l4d_tank_pass.sp::TankPassMenu
L 12/23/2022 - 21:12:57: [SM]   [2] Line 274, C:\Users\blueblur\Desktop\scAvogl-main\addons\sourcemod\scripting\l4d_tank_pass.sp::PreTankPassMenu
L 12/23/2022 - 21:12:57: [SM]   [3] Line 527, C:\Users\blueblur\Desktop\scAvogl-main\addons\sourcemod\scripting\l4d_tank_pass.sp::Timer_Notify
L 12/23/2022 - 21:19:41: [SM] Unable to load plugin "Welcome.smx": Could not find required plugin "l4d2_playtime_interface"
L 12/23/2022 - 21:19:41: [SM] Unable to load plugin "l4d_fyzb_en_v20.smx": Could not find required plugin "readyup"
L 12/23/2022 - 21:19:52: [optional/promod/l4d2_setscores.smx] Function 'SetCampaignScores' not found.
L 12/23/2022 - 21:20:34: SourceMod error session started
L 12/23/2022 - 21:20:34: Info (map "c2m1_highway") (file "/root/Steam/steamapps/common/Left 4 Dead 2 Dedicated Server/left4dead2/addons/sourcemod/logs/errors_20221223.log")
L 12/23/2022 - 21:20:34: [SM] Unable to load plugin "Welcome.smx": Could not find required plugin "l4d2_playtime_interface"
L 12/23/2022 - 21:20:34: [SM] Unable to load plugin "l4d_fyzb_en_v20.smx": Could not find required plugin "readyup"
L 12/23/2022 - 21:21:26: [SM] Unable to load extension "left4downtown.ext": /root/Steam/steamapps/common/Left 4 Dead 2 Dedicated Server/left4dead2/addons/sourcemod/extensions/left4downtown.ext.so: cannot open shared object file: No such file or directory
L 12/23/2022 - 21:21:26: [SM] Error parsing gameconfig file "/root/Steam/steamapps/common/Left 4 Dead 2 Dedicated Server/left4dead2/addons/sourcemod/gamedata/left4downtown.l4d2.txt":
L 12/23/2022 - 21:21:26: [SM] Error 1 on line 0, col 0: Stream failed to open
L 12/23/2022 - 21:21:26: [SM] Exception reported: Unable to open left4downtown.l4d2: File could not be opened: No such file or directory
L 12/23/2022 - 21:21:26: [SM] Blaming: optional/promod/l4d2_setscores.smx
L 12/23/2022 - 21:21:26: [SM] Call stack trace:
L 12/23/2022 - 21:21:26: [SM]   [0] LoadGameConfigFile
L 12/23/2022 - 21:21:26: [SM]   [1] Line 56, l4d2_setscores.sp::OnPluginStart
L 12/23/2022 - 21:21:26: [SM] Fatal error encountered parsing translation file "l4d_tank_pass.phrases.txt"
L 12/23/2022 - 21:21:26: [SM] Error (line 0, column 0): Stream failed to open
L 12/23/2022 - 21:21:29: Error log file session closed.
L 12/23/2022 - 21:21:29: SourceMod error session started
L 12/23/2022 - 21:21:29: Info (map "c2m1_highway") (file "/root/Steam/steamapps/common/Left 4 Dead 2 Dedicated Server/left4dead2/addons/sourcemod/logs/errors_20221223.log")
L 12/23/2022 - 21:21:29: [SM] Fatal error encountered parsing translation file "l4d_tank_pass.phrases.txt"
L 12/23/2022 - 21:21:29: [SM] Error (line 0, column 0): Stream failed to open
L 12/23/2022 - 21:28:16: [SM] Exception reported: Native is not bound
L 12/23/2022 - 21:28:16: [SM] Blaming: optional/spechud.smx
L 12/23/2022 - 21:28:16: [SM] Call stack trace:
L 12/23/2022 - 21:28:16: [SM]   [0] IsDarkCarniRemix
L 12/23/2022 - 21:28:16: [SM]   [1] Line 338, J:\Documents\GitHub\L4D2-Competitive-Rework\addons\sourcemod\scripting\spechud.sp::OnRoundIsLive
L 12/23/2022 - 21:28:16: [SM]   [3] Call_Finish
L 12/23/2022 - 21:28:16: [SM]   [4] Line 35, readyup\util.inc::UTIL_WrapperForward
L 12/23/2022 - 21:28:16: [SM]   [5] Line 87, readyup\action.inc::InitiateLive
L 12/23/2022 - 21:28:16: [SM]   [6] Line 114, readyup\action.inc::ReadyCountdownDelay_Timer
L 12/23/2022 - 21:29:37: [SM] Exception reported: Native is not bound
L 12/23/2022 - 21:29:37: [SM] Blaming: optional/spechud.smx
L 12/23/2022 - 21:29:37: [SM] Call stack trace:
L 12/23/2022 - 21:29:37: [SM]   [0] IsDarkCarniRemix
L 12/23/2022 - 21:29:37: [SM]   [1] Line 338, J:\Documents\GitHub\L4D2-Competitive-Rework\addons\sourcemod\scripting\spechud.sp::OnRoundIsLive
L 12/23/2022 - 21:29:37: [SM]   [3] Call_Finish
L 12/23/2022 - 21:29:37: [SM]   [4] Line 35, readyup\util.inc::UTIL_WrapperForward
L 12/23/2022 - 21:29:37: [SM]   [5] Line 87, readyup\action.inc::InitiateLive
L 12/23/2022 - 21:29:37: [SM]   [6] Line 114, readyup\action.inc::ReadyCountdownDelay_Timer
L 12/23/2022 - 21:30:09: Error log file session closed.
L 12/23/2022 - 21:30:09: SourceMod error session started
L 12/23/2022 - 21:30:09: Info (map "c2m2_fairgrounds") (file "/root/Steam/steamapps/common/Left 4 Dead 2 Dedicated Server/left4dead2/addons/sourcemod/logs/errors_20221223.log")
L 12/23/2022 - 21:30:09: [SM] Fatal error encountered parsing translation file "l4d_tank_pass.phrases.txt"
L 12/23/2022 - 21:30:09: [SM] Error (line 0, column 0): Stream failed to open
L 12/23/2022 - 21:30:46: [SM] Exception reported: Native is not bound
L 12/23/2022 - 21:30:46: [SM] Blaming: optional/spechud.smx
L 12/23/2022 - 21:30:46: [SM] Call stack trace:
L 12/23/2022 - 21:30:46: [SM]   [0] IsDarkCarniRemix
L 12/23/2022 - 21:30:46: [SM]   [1] Line 338, J:\Documents\GitHub\L4D2-Competitive-Rework\addons\sourcemod\scripting\spechud.sp::OnRoundIsLive
L 12/23/2022 - 21:30:46: [SM]   [3] Call_Finish
L 12/23/2022 - 21:30:46: [SM]   [4] Line 35, readyup\util.inc::UTIL_WrapperForward
L 12/23/2022 - 21:30:46: [SM]   [5] Line 87, readyup\action.inc::InitiateLive
L 12/23/2022 - 21:30:46: [SM]   [6] Line 114, readyup\action.inc::ReadyCountdownDelay_Timer
L 12/23/2022 - 21:32:26: [SM] Exception reported: Native is not bound
L 12/23/2022 - 21:32:26: [SM] Blaming: optional/spechud.smx
L 12/23/2022 - 21:32:26: [SM] Call stack trace:
L 12/23/2022 - 21:32:26: [SM]   [0] IsDarkCarniRemix
L 12/23/2022 - 21:32:26: [SM]   [1] Line 338, J:\Documents\GitHub\L4D2-Competitive-Rework\addons\sourcemod\scripting\spechud.sp::OnRoundIsLive
L 12/23/2022 - 21:32:26: [SM]   [3] Call_Finish
L 12/23/2022 - 21:32:26: [SM]   [4] Line 35, readyup\util.inc::UTIL_WrapperForward
L 12/23/2022 - 21:32:26: [SM]   [5] Line 87, readyup\action.inc::InitiateLive
L 12/23/2022 - 21:32:26: [SM]   [6] Line 114, readyup\action.inc::ReadyCountdownDelay_Timer
L 12/23/2022 - 21:33:59: Error log file session closed.
L 12/23/2022 - 21:33:59: SourceMod error session started
L 12/23/2022 - 21:33:59: Info (map "c2m3_coaster") (file "/root/Steam/steamapps/common/Left 4 Dead 2 Dedicated Server/left4dead2/addons/sourcemod/logs/errors_20221223.log")
L 12/23/2022 - 21:33:59: [SM] Fatal error encountered parsing translation file "l4d_tank_pass.phrases.txt"
L 12/23/2022 - 21:33:59: [SM] Error (line 0, column 0): Stream failed to open
L 12/23/2022 - 21:34:50: [SM] Exception reported: Native is not bound
L 12/23/2022 - 21:34:50: [SM] Blaming: optional/spechud.smx
L 12/23/2022 - 21:34:50: [SM] Call stack trace:
L 12/23/2022 - 21:34:50: [SM]   [0] IsDarkCarniRemix
L 12/23/2022 - 21:34:50: [SM]   [1] Line 338, J:\Documents\GitHub\L4D2-Competitive-Rework\addons\sourcemod\scripting\spechud.sp::OnRoundIsLive
L 12/23/2022 - 21:34:50: [SM]   [3] Call_Finish
L 12/23/2022 - 21:34:50: [SM]   [4] Line 35, readyup\util.inc::UTIL_WrapperForward
L 12/23/2022 - 21:34:50: [SM]   [5] Line 87, readyup\action.inc::InitiateLive
L 12/23/2022 - 21:34:50: [SM]   [6] Line 114, readyup\action.inc::ReadyCountdownDelay_Timer
L 12/23/2022 - 21:36:01: [SM] Exception reported: Native is not bound
L 12/23/2022 - 21:36:01: [SM] Blaming: optional/spechud.smx
L 12/23/2022 - 21:36:01: [SM] Call stack trace:
L 12/23/2022 - 21:36:01: [SM]   [0] IsDarkCarniRemix
L 12/23/2022 - 21:36:01: [SM]   [1] Line 338, J:\Documents\GitHub\L4D2-Competitive-Rework\addons\sourcemod\scripting\spechud.sp::OnRoundIsLive
L 12/23/2022 - 21:36:01: [SM]   [3] Call_Finish
L 12/23/2022 - 21:36:01: [SM]   [4] Line 35, readyup\util.inc::UTIL_WrapperForward
L 12/23/2022 - 21:36:01: [SM]   [5] Line 87, readyup\action.inc::InitiateLive
L 12/23/2022 - 21:36:01: [SM]   [6] Line 114, readyup\action.inc::ReadyCountdownDelay_Timer
L 12/23/2022 - 21:37:01: Error log file session closed.
L 12/23/2022 - 21:37:01: SourceMod error session started
L 12/23/2022 - 21:37:01: Info (map "c2m4_barns") (file "/root/Steam/steamapps/common/Left 4 Dead 2 Dedicated Server/left4dead2/addons/sourcemod/logs/errors_20221223.log")
L 12/23/2022 - 21:37:01: [SM] Fatal error encountered parsing translation file "l4d_tank_pass.phrases.txt"
L 12/23/2022 - 21:37:01: [SM] Error (line 0, column 0): Stream failed to open
L 12/23/2022 - 21:37:24: [SM] Unable to load plugin "Welcome.smx": Could not find required plugin "l4d2_playtime_interface"
L 12/23/2022 - 21:37:24: [SM] Unable to load plugin "l4d_fyzb_en_v20.smx": Could not find required plugin "readyup"
L 12/23/2022 - 21:38:36: SourceMod error session started
L 12/23/2022 - 21:38:36: Info (map "c2m1_highway") (file "/root/Steam/steamapps/common/Left 4 Dead 2 Dedicated Server/left4dead2/addons/sourcemod/logs/errors_20221223.log")
L 12/23/2022 - 21:38:36: [SM] Unable to load plugin "Welcome.smx": Could not find required plugin "l4d2_playtime_interface"
L 12/23/2022 - 21:38:36: [SM] Unable to load plugin "l4d_fyzb_en_v20.smx": Could not find required plugin "readyup"
L 12/23/2022 - 21:39:31: Error log file session closed.
L 12/23/2022 - 22:15:36: SourceMod error session started
L 12/23/2022 - 22:15:36: Info (map "c2m1_highway") (file "/root/Steam/steamapps/common/Left 4 Dead 2 Dedicated Server/left4dead2/addons/sourcemod/logs/errors_20221223.log")
L 12/23/2022 - 22:15:36: [SM] Unable to load plugin "Welcome.smx": Could not find required plugin "l4d2_playtime_interface"
L 12/23/2022 - 22:15:36: [SM] Unable to load plugin "l4d_fyzb_en_v20.smx": Could not find required plugin "readyup"
L 12/24/2022 - 21:19:06: Error log file session closed.
