L 11/11/2022 - 19:14:48: SourceMod error session started
L 11/11/2022 - 19:14:48: Info (map "c8m5_rooftop") (file "/root/Steam/steamapps/common/Left 4 Dead 2 Dedicated Server/left4dead2/addons/sourcemod/logs/errors_20221111.log")
L 11/11/2022 - 19:14:48: [confoglcompmod.smx] [Confogl] CvarSettings: Could not find CVar specified (confogl_ghost_warp)
L 11/11/2022 - 19:14:48: [confoglcompmod.smx] [Confogl] CvarSettings: Could not find CVar specified (sm_tank_can_spawn)
L 11/11/2022 - 19:14:48: [confoglcompmod.smx] [Confogl] CvarSettings: Could not find CVar specified (sm_witch_can_spawn)
L 11/11/2022 - 19:14:48: [confoglcompmod.smx] [Confogl] CvarSettings: Could not find CVar specified (l4d_global_percent)
L 11/11/2022 - 19:14:48: [confoglcompmod.smx] [Confogl] CvarSettings: Could not find CVar specified (l4d_tank_percent)
L 11/11/2022 - 19:14:48: [confoglcompmod.smx] [Confogl] CvarSettings: Could not find CVar specified (l4d_witch_percent)
L 11/11/2022 - 19:14:48: [confoglcompmod.smx] [Confogl] CvarSettings: Could not find CVar specified (l4d_boss_vote)
L 11/11/2022 - 19:14:48: [confoglcompmod.smx] [Confogl] CvarSettings: Could not find CVar specified (longer_tank_punch_getup)
L 11/11/2022 - 19:14:48: [confoglcompmod.smx] [Confogl] CvarSettings: Could not find CVar specified (l4d_equalise_alarm_cars)
L 11/11/2022 - 19:14:51: Error log file session closed.
L 11/11/2022 - 19:48:19: SourceMod error session started
L 11/11/2022 - 19:48:19: Info (map "c8m5_rooftop") (file "/root/Steam/steamapps/common/Left 4 Dead 2 Dedicated Server/left4dead2/addons/sourcemod/logs/errors_20221111.log")
L 11/11/2022 - 19:48:19: [SM] Unable to load plugin "Welcome.smx": Could not find required plugin "l4d2_playtime_interface"
L 11/11/2022 - 22:06:58: SourceMod error session started
L 11/11/2022 - 22:06:58: Info (map "c8m5_rooftop") (file "/root/Steam/steamapps/common/Left 4 Dead 2 Dedicated Server/left4dead2/addons/sourcemod/logs/errors_20221111.log")
L 11/11/2022 - 22:06:58: [SM] Unable to load plugin "Welcome.smx": Could not find required plugin "l4d2_playtime_interface"
L 11/11/2022 - 22:17:58: Error log file session closed.
L 11/11/2022 - 22:18:37: SourceMod error session started
L 11/11/2022 - 22:18:37: Info (map "c8m5_rooftop") (file "/root/Steam/steamapps/common/Left 4 Dead 2 Dedicated Server/left4dead2/addons/sourcemod/logs/errors_20221111.log")
L 11/11/2022 - 22:18:37: [SM] Unable to load plugin "Welcome.smx": Could not find required plugin "l4d2_playtime_interface"
