L 12/28/2022 - 00:47:59: SourceMod error session started
L 12/28/2022 - 00:47:59: Info (map "c2m1_highway") (file "/root/Steam/steamapps/common/Left 4 Dead 2 Dedicated Server/left4dead2/addons/sourcemod/logs/errors_20221228.log")
L 12/28/2022 - 00:47:59: [SM] Unable to load plugin "Welcome.smx": Could not find required plugin "l4d2_playtime_interface"
L 12/28/2022 - 00:47:59: [SM] Unable to load plugin "l4d_fyzb_en_v20.smx": Could not find required plugin "readyup"
L 12/28/2022 - 00:48:56: Error log file session closed.
L 12/28/2022 - 00:50:29: SourceMod error session started
L 12/28/2022 - 00:50:29: Info (map "c8m5_rooftop") (file "/root/Steam/steamapps/common/Left 4 Dead 2 Dedicated Server/left4dead2/addons/sourcemod/logs/errors_20221228.log")
L 12/28/2022 - 00:50:29: [SM] Exception reported: Client 5 is not in game
L 12/28/2022 - 00:50:29: [SM] Blaming: optional/l4d2_scav_fix_nm5.smx
L 12/28/2022 - 00:50:29: [SM] Call stack trace:
L 12/28/2022 - 00:50:29: [SM]   [0] GetClientAbsOrigin
L 12/28/2022 - 00:50:29: [SM]   [1] Line 76, E:\DownLoading\sourcemod-1.11.0-git6826-windows\addons\sourcemod\scripting\l4d2_scav_fix_nm5.sp::FindMisplacedCans
L 12/28/2022 - 00:50:29: [SM]   [2] Line 53, E:\DownLoading\sourcemod-1.11.0-git6826-windows\addons\sourcemod\scripting\l4d2_scav_fix_nm5.sp::ScavTimerH
L 12/28/2022 - 00:50:44: [SM] Exception reported: Client 5 is not in game
L 12/28/2022 - 00:50:44: [SM] Blaming: optional/l4d2_scav_fix_nm5.smx
L 12/28/2022 - 00:50:44: [SM] Call stack trace:
L 12/28/2022 - 00:50:44: [SM]   [0] GetClientAbsOrigin
L 12/28/2022 - 00:50:44: [SM]   [1] Line 76, E:\DownLoading\sourcemod-1.11.0-git6826-windows\addons\sourcemod\scripting\l4d2_scav_fix_nm5.sp::FindMisplacedCans
L 12/28/2022 - 00:50:44: [SM]   [2] Line 53, E:\DownLoading\sourcemod-1.11.0-git6826-windows\addons\sourcemod\scripting\l4d2_scav_fix_nm5.sp::ScavTimerH
L 12/28/2022 - 00:50:59: [SM] Exception reported: Client 5 is not in game
L 12/28/2022 - 00:50:59: [SM] Blaming: optional/l4d2_scav_fix_nm5.smx
L 12/28/2022 - 00:50:59: [SM] Call stack trace:
L 12/28/2022 - 00:50:59: [SM]   [0] GetClientAbsOrigin
L 12/28/2022 - 00:50:59: [SM]   [1] Line 76, E:\DownLoading\sourcemod-1.11.0-git6826-windows\addons\sourcemod\scripting\l4d2_scav_fix_nm5.sp::FindMisplacedCans
L 12/28/2022 - 00:50:59: [SM]   [2] Line 53, E:\DownLoading\sourcemod-1.11.0-git6826-windows\addons\sourcemod\scripting\l4d2_scav_fix_nm5.sp::ScavTimerH
L 12/28/2022 - 00:51:14: [SM] Exception reported: Client 5 is not in game
L 12/28/2022 - 00:51:14: [SM] Blaming: optional/l4d2_scav_fix_nm5.smx
L 12/28/2022 - 00:51:14: [SM] Call stack trace:
L 12/28/2022 - 00:51:14: [SM]   [0] GetClientAbsOrigin
L 12/28/2022 - 00:51:14: [SM]   [1] Line 76, E:\DownLoading\sourcemod-1.11.0-git6826-windows\addons\sourcemod\scripting\l4d2_scav_fix_nm5.sp::FindMisplacedCans
L 12/28/2022 - 00:51:14: [SM]   [2] Line 53, E:\DownLoading\sourcemod-1.11.0-git6826-windows\addons\sourcemod\scripting\l4d2_scav_fix_nm5.sp::ScavTimerH
L 12/28/2022 - 00:51:29: [SM] Exception reported: Client 6 is not in game
L 12/28/2022 - 00:51:29: [SM] Blaming: optional/l4d2_scav_fix_nm5.smx
L 12/28/2022 - 00:51:29: [SM] Call stack trace:
L 12/28/2022 - 00:51:29: [SM]   [0] GetClientAbsOrigin
L 12/28/2022 - 00:51:29: [SM]   [1] Line 76, E:\DownLoading\sourcemod-1.11.0-git6826-windows\addons\sourcemod\scripting\l4d2_scav_fix_nm5.sp::FindMisplacedCans
L 12/28/2022 - 00:51:29: [SM]   [2] Line 53, E:\DownLoading\sourcemod-1.11.0-git6826-windows\addons\sourcemod\scripting\l4d2_scav_fix_nm5.sp::ScavTimerH
L 12/28/2022 - 00:51:44: [SM] Exception reported: Client 6 is not in game
L 12/28/2022 - 00:51:44: [SM] Blaming: optional/l4d2_scav_fix_nm5.smx
L 12/28/2022 - 00:51:44: [SM] Call stack trace:
L 12/28/2022 - 00:51:44: [SM]   [0] GetClientAbsOrigin
L 12/28/2022 - 00:51:44: [SM]   [1] Line 76, E:\DownLoading\sourcemod-1.11.0-git6826-windows\addons\sourcemod\scripting\l4d2_scav_fix_nm5.sp::FindMisplacedCans
L 12/28/2022 - 00:51:44: [SM]   [2] Line 53, E:\DownLoading\sourcemod-1.11.0-git6826-windows\addons\sourcemod\scripting\l4d2_scav_fix_nm5.sp::ScavTimerH
L 12/28/2022 - 00:51:59: [SM] Exception reported: Client 2 is not in game
L 12/28/2022 - 00:51:59: [SM] Blaming: optional/l4d2_scav_fix_nm5.smx
L 12/28/2022 - 00:51:59: [SM] Call stack trace:
L 12/28/2022 - 00:51:59: [SM]   [0] GetClientAbsOrigin
L 12/28/2022 - 00:51:59: [SM]   [1] Line 76, E:\DownLoading\sourcemod-1.11.0-git6826-windows\addons\sourcemod\scripting\l4d2_scav_fix_nm5.sp::FindMisplacedCans
L 12/28/2022 - 00:51:59: [SM]   [2] Line 53, E:\DownLoading\sourcemod-1.11.0-git6826-windows\addons\sourcemod\scripting\l4d2_scav_fix_nm5.sp::ScavTimerH
L 12/28/2022 - 00:52:14: [SM] Exception reported: Client 2 is not in game
L 12/28/2022 - 00:52:14: [SM] Blaming: optional/l4d2_scav_fix_nm5.smx
L 12/28/2022 - 00:52:14: [SM] Call stack trace:
L 12/28/2022 - 00:52:14: [SM]   [0] GetClientAbsOrigin
L 12/28/2022 - 00:52:14: [SM]   [1] Line 76, E:\DownLoading\sourcemod-1.11.0-git6826-windows\addons\sourcemod\scripting\l4d2_scav_fix_nm5.sp::FindMisplacedCans
L 12/28/2022 - 00:52:14: [SM]   [2] Line 53, E:\DownLoading\sourcemod-1.11.0-git6826-windows\addons\sourcemod\scripting\l4d2_scav_fix_nm5.sp::ScavTimerH
L 12/28/2022 - 00:52:19: Error log file session closed.
L 12/28/2022 - 00:52:36: SourceMod error session started
L 12/28/2022 - 00:52:36: Info (map "c8m5_rooftop") (file "/root/Steam/steamapps/common/Left 4 Dead 2 Dedicated Server/left4dead2/addons/sourcemod/logs/errors_20221228.log")
L 12/28/2022 - 00:52:36: [SM] Exception reported: Client 5 is not in game
L 12/28/2022 - 00:52:36: [SM] Blaming: optional/l4d2_scav_fix_nm5.smx
L 12/28/2022 - 00:52:36: [SM] Call stack trace:
L 12/28/2022 - 00:52:36: [SM]   [0] GetClientAbsOrigin
L 12/28/2022 - 00:52:36: [SM]   [1] Line 76, E:\DownLoading\sourcemod-1.11.0-git6826-windows\addons\sourcemod\scripting\l4d2_scav_fix_nm5.sp::FindMisplacedCans
L 12/28/2022 - 00:52:36: [SM]   [2] Line 53, E:\DownLoading\sourcemod-1.11.0-git6826-windows\addons\sourcemod\scripting\l4d2_scav_fix_nm5.sp::ScavTimerH
L 12/28/2022 - 00:52:51: [SM] Exception reported: Client 5 is not in game
L 12/28/2022 - 00:52:51: [SM] Blaming: optional/l4d2_scav_fix_nm5.smx
L 12/28/2022 - 00:52:51: [SM] Call stack trace:
L 12/28/2022 - 00:52:51: [SM]   [0] GetClientAbsOrigin
L 12/28/2022 - 00:52:51: [SM]   [1] Line 76, E:\DownLoading\sourcemod-1.11.0-git6826-windows\addons\sourcemod\scripting\l4d2_scav_fix_nm5.sp::FindMisplacedCans
L 12/28/2022 - 00:52:51: [SM]   [2] Line 53, E:\DownLoading\sourcemod-1.11.0-git6826-windows\addons\sourcemod\scripting\l4d2_scav_fix_nm5.sp::ScavTimerH
L 12/28/2022 - 00:53:06: [SM] Exception reported: Client 5 is not in game
L 12/28/2022 - 00:53:06: [SM] Blaming: optional/l4d2_scav_fix_nm5.smx
L 12/28/2022 - 00:53:06: [SM] Call stack trace:
L 12/28/2022 - 00:53:06: [SM]   [0] GetClientAbsOrigin
L 12/28/2022 - 00:53:06: [SM]   [1] Line 76, E:\DownLoading\sourcemod-1.11.0-git6826-windows\addons\sourcemod\scripting\l4d2_scav_fix_nm5.sp::FindMisplacedCans
L 12/28/2022 - 00:53:06: [SM]   [2] Line 53, E:\DownLoading\sourcemod-1.11.0-git6826-windows\addons\sourcemod\scripting\l4d2_scav_fix_nm5.sp::ScavTimerH
L 12/28/2022 - 00:53:21: [SM] Exception reported: Client 5 is not in game
L 12/28/2022 - 00:53:21: [SM] Blaming: optional/l4d2_scav_fix_nm5.smx
L 12/28/2022 - 00:53:21: [SM] Call stack trace:
L 12/28/2022 - 00:53:21: [SM]   [0] GetClientAbsOrigin
L 12/28/2022 - 00:53:21: [SM]   [1] Line 76, E:\DownLoading\sourcemod-1.11.0-git6826-windows\addons\sourcemod\scripting\l4d2_scav_fix_nm5.sp::FindMisplacedCans
L 12/28/2022 - 00:53:21: [SM]   [2] Line 53, E:\DownLoading\sourcemod-1.11.0-git6826-windows\addons\sourcemod\scripting\l4d2_scav_fix_nm5.sp::ScavTimerH
L 12/28/2022 - 00:53:36: [SM] Exception reported: Client 5 is not in game
L 12/28/2022 - 00:53:36: [SM] Blaming: optional/l4d2_scav_fix_nm5.smx
L 12/28/2022 - 00:53:36: [SM] Call stack trace:
L 12/28/2022 - 00:53:36: [SM]   [0] GetClientAbsOrigin
L 12/28/2022 - 00:53:36: [SM]   [1] Line 76, E:\DownLoading\sourcemod-1.11.0-git6826-windows\addons\sourcemod\scripting\l4d2_scav_fix_nm5.sp::FindMisplacedCans
L 12/28/2022 - 00:53:36: [SM]   [2] Line 53, E:\DownLoading\sourcemod-1.11.0-git6826-windows\addons\sourcemod\scripting\l4d2_scav_fix_nm5.sp::ScavTimerH
L 12/28/2022 - 00:53:51: [SM] Exception reported: Client 5 is not in game
L 12/28/2022 - 00:53:51: [SM] Blaming: optional/l4d2_scav_fix_nm5.smx
L 12/28/2022 - 00:53:51: [SM] Call stack trace:
L 12/28/2022 - 00:53:51: [SM]   [0] GetClientAbsOrigin
L 12/28/2022 - 00:53:51: [SM]   [1] Line 76, E:\DownLoading\sourcemod-1.11.0-git6826-windows\addons\sourcemod\scripting\l4d2_scav_fix_nm5.sp::FindMisplacedCans
L 12/28/2022 - 00:53:51: [SM]   [2] Line 53, E:\DownLoading\sourcemod-1.11.0-git6826-windows\addons\sourcemod\scripting\l4d2_scav_fix_nm5.sp::ScavTimerH
L 12/28/2022 - 00:54:06: [SM] Exception reported: Client 5 is not in game
L 12/28/2022 - 00:54:06: [SM] Blaming: optional/l4d2_scav_fix_nm5.smx
L 12/28/2022 - 00:54:06: [SM] Call stack trace:
L 12/28/2022 - 00:54:06: [SM]   [0] GetClientAbsOrigin
L 12/28/2022 - 00:54:06: [SM]   [1] Line 76, E:\DownLoading\sourcemod-1.11.0-git6826-windows\addons\sourcemod\scripting\l4d2_scav_fix_nm5.sp::FindMisplacedCans
L 12/28/2022 - 00:54:06: [SM]   [2] Line 53, E:\DownLoading\sourcemod-1.11.0-git6826-windows\addons\sourcemod\scripting\l4d2_scav_fix_nm5.sp::ScavTimerH
L 12/28/2022 - 00:54:21: [SM] Exception reported: Client 5 is not in game
L 12/28/2022 - 00:54:21: [SM] Blaming: optional/l4d2_scav_fix_nm5.smx
L 12/28/2022 - 00:54:21: [SM] Call stack trace:
L 12/28/2022 - 00:54:21: [SM]   [0] GetClientAbsOrigin
L 12/28/2022 - 00:54:21: [SM]   [1] Line 76, E:\DownLoading\sourcemod-1.11.0-git6826-windows\addons\sourcemod\scripting\l4d2_scav_fix_nm5.sp::FindMisplacedCans
L 12/28/2022 - 00:54:21: [SM]   [2] Line 53, E:\DownLoading\sourcemod-1.11.0-git6826-windows\addons\sourcemod\scripting\l4d2_scav_fix_nm5.sp::ScavTimerH
L 12/28/2022 - 00:54:36: [SM] Exception reported: Client 5 is not in game
L 12/28/2022 - 00:54:36: [SM] Blaming: optional/l4d2_scav_fix_nm5.smx
L 12/28/2022 - 00:54:36: [SM] Call stack trace:
L 12/28/2022 - 00:54:36: [SM]   [0] GetClientAbsOrigin
L 12/28/2022 - 00:54:36: [SM]   [1] Line 76, E:\DownLoading\sourcemod-1.11.0-git6826-windows\addons\sourcemod\scripting\l4d2_scav_fix_nm5.sp::FindMisplacedCans
L 12/28/2022 - 00:54:36: [SM]   [2] Line 53, E:\DownLoading\sourcemod-1.11.0-git6826-windows\addons\sourcemod\scripting\l4d2_scav_fix_nm5.sp::ScavTimerH
L 12/28/2022 - 00:54:51: [SM] Exception reported: Client 5 is not in game
L 12/28/2022 - 00:54:51: [SM] Blaming: optional/l4d2_scav_fix_nm5.smx
L 12/28/2022 - 00:54:51: [SM] Call stack trace:
L 12/28/2022 - 00:54:51: [SM]   [0] GetClientAbsOrigin
L 12/28/2022 - 00:54:51: [SM]   [1] Line 76, E:\DownLoading\sourcemod-1.11.0-git6826-windows\addons\sourcemod\scripting\l4d2_scav_fix_nm5.sp::FindMisplacedCans
L 12/28/2022 - 00:54:51: [SM]   [2] Line 53, E:\DownLoading\sourcemod-1.11.0-git6826-windows\addons\sourcemod\scripting\l4d2_scav_fix_nm5.sp::ScavTimerH
L 12/28/2022 - 00:55:06: [SM] Exception reported: Client 5 is not in game
L 12/28/2022 - 00:55:06: [SM] Blaming: optional/l4d2_scav_fix_nm5.smx
L 12/28/2022 - 00:55:06: [SM] Call stack trace:
L 12/28/2022 - 00:55:06: [SM]   [0] GetClientAbsOrigin
L 12/28/2022 - 00:55:06: [SM]   [1] Line 76, E:\DownLoading\sourcemod-1.11.0-git6826-windows\addons\sourcemod\scripting\l4d2_scav_fix_nm5.sp::FindMisplacedCans
L 12/28/2022 - 00:55:06: [SM]   [2] Line 53, E:\DownLoading\sourcemod-1.11.0-git6826-windows\addons\sourcemod\scripting\l4d2_scav_fix_nm5.sp::ScavTimerH
L 12/28/2022 - 00:55:21: [SM] Exception reported: Client 5 is not in game
L 12/28/2022 - 00:55:21: [SM] Blaming: optional/l4d2_scav_fix_nm5.smx
L 12/28/2022 - 00:55:21: [SM] Call stack trace:
L 12/28/2022 - 00:55:21: [SM]   [0] GetClientAbsOrigin
L 12/28/2022 - 00:55:21: [SM]   [1] Line 76, E:\DownLoading\sourcemod-1.11.0-git6826-windows\addons\sourcemod\scripting\l4d2_scav_fix_nm5.sp::FindMisplacedCans
L 12/28/2022 - 00:55:21: [SM]   [2] Line 53, E:\DownLoading\sourcemod-1.11.0-git6826-windows\addons\sourcemod\scripting\l4d2_scav_fix_nm5.sp::ScavTimerH
L 12/28/2022 - 00:55:36: [SM] Exception reported: Client 5 is not in game
L 12/28/2022 - 00:55:36: [SM] Blaming: optional/l4d2_scav_fix_nm5.smx
L 12/28/2022 - 00:55:36: [SM] Call stack trace:
L 12/28/2022 - 00:55:36: [SM]   [0] GetClientAbsOrigin
L 12/28/2022 - 00:55:36: [SM]   [1] Line 76, E:\DownLoading\sourcemod-1.11.0-git6826-windows\addons\sourcemod\scripting\l4d2_scav_fix_nm5.sp::FindMisplacedCans
L 12/28/2022 - 00:55:36: [SM]   [2] Line 53, E:\DownLoading\sourcemod-1.11.0-git6826-windows\addons\sourcemod\scripting\l4d2_scav_fix_nm5.sp::ScavTimerH
L 12/28/2022 - 00:55:51: [SM] Exception reported: Client 5 is not in game
L 12/28/2022 - 00:55:51: [SM] Blaming: optional/l4d2_scav_fix_nm5.smx
L 12/28/2022 - 00:55:51: [SM] Call stack trace:
L 12/28/2022 - 00:55:51: [SM]   [0] GetClientAbsOrigin
L 12/28/2022 - 00:55:51: [SM]   [1] Line 76, E:\DownLoading\sourcemod-1.11.0-git6826-windows\addons\sourcemod\scripting\l4d2_scav_fix_nm5.sp::FindMisplacedCans
L 12/28/2022 - 00:55:51: [SM]   [2] Line 53, E:\DownLoading\sourcemod-1.11.0-git6826-windows\addons\sourcemod\scripting\l4d2_scav_fix_nm5.sp::ScavTimerH
L 12/28/2022 - 00:56:06: [SM] Exception reported: Client 5 is not in game
L 12/28/2022 - 00:56:06: [SM] Blaming: optional/l4d2_scav_fix_nm5.smx
L 12/28/2022 - 00:56:06: [SM] Call stack trace:
L 12/28/2022 - 00:56:06: [SM]   [0] GetClientAbsOrigin
L 12/28/2022 - 00:56:06: [SM]   [1] Line 76, E:\DownLoading\sourcemod-1.11.0-git6826-windows\addons\sourcemod\scripting\l4d2_scav_fix_nm5.sp::FindMisplacedCans
L 12/28/2022 - 00:56:06: [SM]   [2] Line 53, E:\DownLoading\sourcemod-1.11.0-git6826-windows\addons\sourcemod\scripting\l4d2_scav_fix_nm5.sp::ScavTimerH
L 12/28/2022 - 00:56:21: [SM] Exception reported: Client 5 is not in game
L 12/28/2022 - 00:56:21: [SM] Blaming: optional/l4d2_scav_fix_nm5.smx
L 12/28/2022 - 00:56:21: [SM] Call stack trace:
L 12/28/2022 - 00:56:21: [SM]   [0] GetClientAbsOrigin
L 12/28/2022 - 00:56:21: [SM]   [1] Line 76, E:\DownLoading\sourcemod-1.11.0-git6826-windows\addons\sourcemod\scripting\l4d2_scav_fix_nm5.sp::FindMisplacedCans
L 12/28/2022 - 00:56:21: [SM]   [2] Line 53, E:\DownLoading\sourcemod-1.11.0-git6826-windows\addons\sourcemod\scripting\l4d2_scav_fix_nm5.sp::ScavTimerH
L 12/28/2022 - 00:56:36: [SM] Exception reported: Client 5 is not in game
L 12/28/2022 - 00:56:36: [SM] Blaming: optional/l4d2_scav_fix_nm5.smx
L 12/28/2022 - 00:56:36: [SM] Call stack trace:
L 12/28/2022 - 00:56:36: [SM]   [0] GetClientAbsOrigin
L 12/28/2022 - 00:56:36: [SM]   [1] Line 76, E:\DownLoading\sourcemod-1.11.0-git6826-windows\addons\sourcemod\scripting\l4d2_scav_fix_nm5.sp::FindMisplacedCans
L 12/28/2022 - 00:56:36: [SM]   [2] Line 53, E:\DownLoading\sourcemod-1.11.0-git6826-windows\addons\sourcemod\scripting\l4d2_scav_fix_nm5.sp::ScavTimerH
L 12/28/2022 - 00:56:51: [SM] Exception reported: Client 5 is not in game
L 12/28/2022 - 00:56:51: [SM] Blaming: optional/l4d2_scav_fix_nm5.smx
L 12/28/2022 - 00:56:51: [SM] Call stack trace:
L 12/28/2022 - 00:56:51: [SM]   [0] GetClientAbsOrigin
L 12/28/2022 - 00:56:51: [SM]   [1] Line 76, E:\DownLoading\sourcemod-1.11.0-git6826-windows\addons\sourcemod\scripting\l4d2_scav_fix_nm5.sp::FindMisplacedCans
L 12/28/2022 - 00:56:51: [SM]   [2] Line 53, E:\DownLoading\sourcemod-1.11.0-git6826-windows\addons\sourcemod\scripting\l4d2_scav_fix_nm5.sp::ScavTimerH
L 12/28/2022 - 00:57:06: [SM] Exception reported: Client 5 is not in game
L 12/28/2022 - 00:57:06: [SM] Blaming: optional/l4d2_scav_fix_nm5.smx
L 12/28/2022 - 00:57:06: [SM] Call stack trace:
L 12/28/2022 - 00:57:06: [SM]   [0] GetClientAbsOrigin
L 12/28/2022 - 00:57:06: [SM]   [1] Line 76, E:\DownLoading\sourcemod-1.11.0-git6826-windows\addons\sourcemod\scripting\l4d2_scav_fix_nm5.sp::FindMisplacedCans
L 12/28/2022 - 00:57:06: [SM]   [2] Line 53, E:\DownLoading\sourcemod-1.11.0-git6826-windows\addons\sourcemod\scripting\l4d2_scav_fix_nm5.sp::ScavTimerH
L 12/28/2022 - 00:57:22: Error log file session closed.
L 12/28/2022 - 00:57:41: SourceMod error session started
L 12/28/2022 - 00:57:41: Info (map "cedafever_m3") (file "/root/Steam/steamapps/common/Left 4 Dead 2 Dedicated Server/left4dead2/addons/sourcemod/logs/errors_20221228.log")
L 12/28/2022 - 00:57:41: [SM] Exception reported: Client 5 is not in game
L 12/28/2022 - 00:57:41: [SM] Blaming: optional/l4d2_cedafever_autofix.smx
L 12/28/2022 - 00:57:41: [SM] Call stack trace:
L 12/28/2022 - 00:57:41: [SM]   [0] GetClientAbsOrigin
L 12/28/2022 - 00:57:41: [SM]   [1] Line 71, E:\DownLoading\beifen\sourcemod-1.11.0-git6826-windows\addons\sourcemod\scripting\l4d2_cedafever_autofix.sp::FindMisplacedCans
L 12/28/2022 - 00:57:41: [SM]   [2] Line 48, E:\DownLoading\beifen\sourcemod-1.11.0-git6826-windows\addons\sourcemod\scripting\l4d2_cedafever_autofix.sp::ScavTimerH
L 12/28/2022 - 00:57:56: [SM] Exception reported: Client 5 is not in game
L 12/28/2022 - 00:57:56: [SM] Blaming: optional/l4d2_cedafever_autofix.smx
L 12/28/2022 - 00:57:56: [SM] Call stack trace:
L 12/28/2022 - 00:57:56: [SM]   [0] GetClientAbsOrigin
L 12/28/2022 - 00:57:56: [SM]   [1] Line 71, E:\DownLoading\beifen\sourcemod-1.11.0-git6826-windows\addons\sourcemod\scripting\l4d2_cedafever_autofix.sp::FindMisplacedCans
L 12/28/2022 - 00:57:56: [SM]   [2] Line 48, E:\DownLoading\beifen\sourcemod-1.11.0-git6826-windows\addons\sourcemod\scripting\l4d2_cedafever_autofix.sp::ScavTimerH
L 12/28/2022 - 00:58:11: [SM] Exception reported: Client 5 is not in game
L 12/28/2022 - 00:58:11: [SM] Blaming: optional/l4d2_cedafever_autofix.smx
L 12/28/2022 - 00:58:11: [SM] Call stack trace:
L 12/28/2022 - 00:58:11: [SM]   [0] GetClientAbsOrigin
L 12/28/2022 - 00:58:11: [SM]   [1] Line 71, E:\DownLoading\beifen\sourcemod-1.11.0-git6826-windows\addons\sourcemod\scripting\l4d2_cedafever_autofix.sp::FindMisplacedCans
L 12/28/2022 - 00:58:11: [SM]   [2] Line 48, E:\DownLoading\beifen\sourcemod-1.11.0-git6826-windows\addons\sourcemod\scripting\l4d2_cedafever_autofix.sp::ScavTimerH
L 12/28/2022 - 00:58:13: Error log file session closed.
L 12/28/2022 - 00:58:30: SourceMod error session started
L 12/28/2022 - 00:58:30: Info (map "cedafever_m3") (file "/root/Steam/steamapps/common/Left 4 Dead 2 Dedicated Server/left4dead2/addons/sourcemod/logs/errors_20221228.log")
L 12/28/2022 - 00:58:30: [SM] Exception reported: Client 5 is not in game
L 12/28/2022 - 00:58:30: [SM] Blaming: optional/l4d2_cedafever_autofix.smx
L 12/28/2022 - 00:58:30: [SM] Call stack trace:
L 12/28/2022 - 00:58:30: [SM]   [0] GetClientAbsOrigin
L 12/28/2022 - 00:58:30: [SM]   [1] Line 71, E:\DownLoading\beifen\sourcemod-1.11.0-git6826-windows\addons\sourcemod\scripting\l4d2_cedafever_autofix.sp::FindMisplacedCans
L 12/28/2022 - 00:58:30: [SM]   [2] Line 48, E:\DownLoading\beifen\sourcemod-1.11.0-git6826-windows\addons\sourcemod\scripting\l4d2_cedafever_autofix.sp::ScavTimerH
L 12/28/2022 - 00:58:45: [SM] Exception reported: Client 5 is not in game
L 12/28/2022 - 00:58:45: [SM] Blaming: optional/l4d2_cedafever_autofix.smx
L 12/28/2022 - 00:58:45: [SM] Call stack trace:
L 12/28/2022 - 00:58:45: [SM]   [0] GetClientAbsOrigin
L 12/28/2022 - 00:58:45: [SM]   [1] Line 71, E:\DownLoading\beifen\sourcemod-1.11.0-git6826-windows\addons\sourcemod\scripting\l4d2_cedafever_autofix.sp::FindMisplacedCans
L 12/28/2022 - 00:58:45: [SM]   [2] Line 48, E:\DownLoading\beifen\sourcemod-1.11.0-git6826-windows\addons\sourcemod\scripting\l4d2_cedafever_autofix.sp::ScavTimerH
L 12/28/2022 - 00:59:00: [SM] Exception reported: Client 5 is not in game
L 12/28/2022 - 00:59:00: [SM] Blaming: optional/l4d2_cedafever_autofix.smx
L 12/28/2022 - 00:59:00: [SM] Call stack trace:
L 12/28/2022 - 00:59:00: [SM]   [0] GetClientAbsOrigin
L 12/28/2022 - 00:59:00: [SM]   [1] Line 71, E:\DownLoading\beifen\sourcemod-1.11.0-git6826-windows\addons\sourcemod\scripting\l4d2_cedafever_autofix.sp::FindMisplacedCans
L 12/28/2022 - 00:59:00: [SM]   [2] Line 48, E:\DownLoading\beifen\sourcemod-1.11.0-git6826-windows\addons\sourcemod\scripting\l4d2_cedafever_autofix.sp::ScavTimerH
L 12/28/2022 - 00:59:15: [SM] Exception reported: Client 5 is not in game
L 12/28/2022 - 00:59:15: [SM] Blaming: optional/l4d2_cedafever_autofix.smx
L 12/28/2022 - 00:59:15: [SM] Call stack trace:
L 12/28/2022 - 00:59:15: [SM]   [0] GetClientAbsOrigin
L 12/28/2022 - 00:59:15: [SM]   [1] Line 71, E:\DownLoading\beifen\sourcemod-1.11.0-git6826-windows\addons\sourcemod\scripting\l4d2_cedafever_autofix.sp::FindMisplacedCans
L 12/28/2022 - 00:59:15: [SM]   [2] Line 48, E:\DownLoading\beifen\sourcemod-1.11.0-git6826-windows\addons\sourcemod\scripting\l4d2_cedafever_autofix.sp::ScavTimerH
L 12/28/2022 - 00:59:30: [SM] Exception reported: Client 5 is not in game
L 12/28/2022 - 00:59:30: [SM] Blaming: optional/l4d2_cedafever_autofix.smx
L 12/28/2022 - 00:59:30: [SM] Call stack trace:
L 12/28/2022 - 00:59:30: [SM]   [0] GetClientAbsOrigin
L 12/28/2022 - 00:59:30: [SM]   [1] Line 71, E:\DownLoading\beifen\sourcemod-1.11.0-git6826-windows\addons\sourcemod\scripting\l4d2_cedafever_autofix.sp::FindMisplacedCans
L 12/28/2022 - 00:59:30: [SM]   [2] Line 48, E:\DownLoading\beifen\sourcemod-1.11.0-git6826-windows\addons\sourcemod\scripting\l4d2_cedafever_autofix.sp::ScavTimerH
L 12/28/2022 - 00:59:45: [SM] Exception reported: Client 5 is not in game
L 12/28/2022 - 00:59:45: [SM] Blaming: optional/l4d2_cedafever_autofix.smx
L 12/28/2022 - 00:59:45: [SM] Call stack trace:
L 12/28/2022 - 00:59:45: [SM]   [0] GetClientAbsOrigin
L 12/28/2022 - 00:59:45: [SM]   [1] Line 71, E:\DownLoading\beifen\sourcemod-1.11.0-git6826-windows\addons\sourcemod\scripting\l4d2_cedafever_autofix.sp::FindMisplacedCans
L 12/28/2022 - 00:59:45: [SM]   [2] Line 48, E:\DownLoading\beifen\sourcemod-1.11.0-git6826-windows\addons\sourcemod\scripting\l4d2_cedafever_autofix.sp::ScavTimerH
L 12/28/2022 - 01:00:00: [SM] Exception reported: Client 5 is not in game
L 12/28/2022 - 01:00:00: [SM] Blaming: optional/l4d2_cedafever_autofix.smx
L 12/28/2022 - 01:00:00: [SM] Call stack trace:
L 12/28/2022 - 01:00:00: [SM]   [0] GetClientAbsOrigin
L 12/28/2022 - 01:00:00: [SM]   [1] Line 71, E:\DownLoading\beifen\sourcemod-1.11.0-git6826-windows\addons\sourcemod\scripting\l4d2_cedafever_autofix.sp::FindMisplacedCans
L 12/28/2022 - 01:00:00: [SM]   [2] Line 48, E:\DownLoading\beifen\sourcemod-1.11.0-git6826-windows\addons\sourcemod\scripting\l4d2_cedafever_autofix.sp::ScavTimerH
L 12/28/2022 - 01:00:15: [SM] Exception reported: Client 2 is not in game
L 12/28/2022 - 01:00:15: [SM] Blaming: optional/l4d2_cedafever_autofix.smx
L 12/28/2022 - 01:00:15: [SM] Call stack trace:
L 12/28/2022 - 01:00:15: [SM]   [0] GetClientAbsOrigin
L 12/28/2022 - 01:00:15: [SM]   [1] Line 71, E:\DownLoading\beifen\sourcemod-1.11.0-git6826-windows\addons\sourcemod\scripting\l4d2_cedafever_autofix.sp::FindMisplacedCans
L 12/28/2022 - 01:00:15: [SM]   [2] Line 48, E:\DownLoading\beifen\sourcemod-1.11.0-git6826-windows\addons\sourcemod\scripting\l4d2_cedafever_autofix.sp::ScavTimerH
L 12/28/2022 - 01:00:30: [SM] Exception reported: Client 2 is not in game
L 12/28/2022 - 01:00:30: [SM] Blaming: optional/l4d2_cedafever_autofix.smx
L 12/28/2022 - 01:00:30: [SM] Call stack trace:
L 12/28/2022 - 01:00:30: [SM]   [0] GetClientAbsOrigin
L 12/28/2022 - 01:00:30: [SM]   [1] Line 71, E:\DownLoading\beifen\sourcemod-1.11.0-git6826-windows\addons\sourcemod\scripting\l4d2_cedafever_autofix.sp::FindMisplacedCans
L 12/28/2022 - 01:00:30: [SM]   [2] Line 48, E:\DownLoading\beifen\sourcemod-1.11.0-git6826-windows\addons\sourcemod\scripting\l4d2_cedafever_autofix.sp::ScavTimerH
L 12/28/2022 - 01:00:45: [SM] Exception reported: Client 2 is not in game
L 12/28/2022 - 01:00:45: [SM] Blaming: optional/l4d2_cedafever_autofix.smx
L 12/28/2022 - 01:00:45: [SM] Call stack trace:
L 12/28/2022 - 01:00:45: [SM]   [0] GetClientAbsOrigin
L 12/28/2022 - 01:00:45: [SM]   [1] Line 71, E:\DownLoading\beifen\sourcemod-1.11.0-git6826-windows\addons\sourcemod\scripting\l4d2_cedafever_autofix.sp::FindMisplacedCans
L 12/28/2022 - 01:00:45: [SM]   [2] Line 48, E:\DownLoading\beifen\sourcemod-1.11.0-git6826-windows\addons\sourcemod\scripting\l4d2_cedafever_autofix.sp::ScavTimerH
L 12/28/2022 - 01:01:00: [SM] Exception reported: Client 2 is not in game
L 12/28/2022 - 01:01:00: [SM] Blaming: optional/l4d2_cedafever_autofix.smx
L 12/28/2022 - 01:01:00: [SM] Call stack trace:
L 12/28/2022 - 01:01:00: [SM]   [0] GetClientAbsOrigin
L 12/28/2022 - 01:01:00: [SM]   [1] Line 71, E:\DownLoading\beifen\sourcemod-1.11.0-git6826-windows\addons\sourcemod\scripting\l4d2_cedafever_autofix.sp::FindMisplacedCans
L 12/28/2022 - 01:01:00: [SM]   [2] Line 48, E:\DownLoading\beifen\sourcemod-1.11.0-git6826-windows\addons\sourcemod\scripting\l4d2_cedafever_autofix.sp::ScavTimerH
L 12/28/2022 - 01:01:15: [SM] Exception reported: Client 2 is not in game
L 12/28/2022 - 01:01:15: [SM] Blaming: optional/l4d2_cedafever_autofix.smx
L 12/28/2022 - 01:01:15: [SM] Call stack trace:
L 12/28/2022 - 01:01:15: [SM]   [0] GetClientAbsOrigin
L 12/28/2022 - 01:01:15: [SM]   [1] Line 71, E:\DownLoading\beifen\sourcemod-1.11.0-git6826-windows\addons\sourcemod\scripting\l4d2_cedafever_autofix.sp::FindMisplacedCans
L 12/28/2022 - 01:01:15: [SM]   [2] Line 48, E:\DownLoading\beifen\sourcemod-1.11.0-git6826-windows\addons\sourcemod\scripting\l4d2_cedafever_autofix.sp::ScavTimerH
L 12/28/2022 - 01:01:30: [SM] Exception reported: Client 2 is not in game
L 12/28/2022 - 01:01:30: [SM] Blaming: optional/l4d2_cedafever_autofix.smx
L 12/28/2022 - 01:01:30: [SM] Call stack trace:
L 12/28/2022 - 01:01:30: [SM]   [0] GetClientAbsOrigin
L 12/28/2022 - 01:01:30: [SM]   [1] Line 71, E:\DownLoading\beifen\sourcemod-1.11.0-git6826-windows\addons\sourcemod\scripting\l4d2_cedafever_autofix.sp::FindMisplacedCans
L 12/28/2022 - 01:01:30: [SM]   [2] Line 48, E:\DownLoading\beifen\sourcemod-1.11.0-git6826-windows\addons\sourcemod\scripting\l4d2_cedafever_autofix.sp::ScavTimerH
L 12/28/2022 - 01:01:45: [SM] Exception reported: Client 2 is not in game
L 12/28/2022 - 01:01:45: [SM] Blaming: optional/l4d2_cedafever_autofix.smx
L 12/28/2022 - 01:01:45: [SM] Call stack trace:
L 12/28/2022 - 01:01:45: [SM]   [0] GetClientAbsOrigin
L 12/28/2022 - 01:01:45: [SM]   [1] Line 71, E:\DownLoading\beifen\sourcemod-1.11.0-git6826-windows\addons\sourcemod\scripting\l4d2_cedafever_autofix.sp::FindMisplacedCans
L 12/28/2022 - 01:01:45: [SM]   [2] Line 48, E:\DownLoading\beifen\sourcemod-1.11.0-git6826-windows\addons\sourcemod\scripting\l4d2_cedafever_autofix.sp::ScavTimerH
L 12/28/2022 - 01:02:00: [SM] Exception reported: Client 2 is not in game
L 12/28/2022 - 01:02:00: [SM] Blaming: optional/l4d2_cedafever_autofix.smx
L 12/28/2022 - 01:02:00: [SM] Call stack trace:
L 12/28/2022 - 01:02:00: [SM]   [0] GetClientAbsOrigin
L 12/28/2022 - 01:02:00: [SM]   [1] Line 71, E:\DownLoading\beifen\sourcemod-1.11.0-git6826-windows\addons\sourcemod\scripting\l4d2_cedafever_autofix.sp::FindMisplacedCans
L 12/28/2022 - 01:02:00: [SM]   [2] Line 48, E:\DownLoading\beifen\sourcemod-1.11.0-git6826-windows\addons\sourcemod\scripting\l4d2_cedafever_autofix.sp::ScavTimerH
L 12/28/2022 - 01:02:15: [SM] Exception reported: Client 2 is not in game
L 12/28/2022 - 01:02:15: [SM] Blaming: optional/l4d2_cedafever_autofix.smx
L 12/28/2022 - 01:02:15: [SM] Call stack trace:
L 12/28/2022 - 01:02:15: [SM]   [0] GetClientAbsOrigin
L 12/28/2022 - 01:02:15: [SM]   [1] Line 71, E:\DownLoading\beifen\sourcemod-1.11.0-git6826-windows\addons\sourcemod\scripting\l4d2_cedafever_autofix.sp::FindMisplacedCans
L 12/28/2022 - 01:02:15: [SM]   [2] Line 48, E:\DownLoading\beifen\sourcemod-1.11.0-git6826-windows\addons\sourcemod\scripting\l4d2_cedafever_autofix.sp::ScavTimerH
L 12/28/2022 - 01:02:30: [SM] Exception reported: Client 2 is not in game
L 12/28/2022 - 01:02:30: [SM] Blaming: optional/l4d2_cedafever_autofix.smx
L 12/28/2022 - 01:02:30: [SM] Call stack trace:
L 12/28/2022 - 01:02:30: [SM]   [0] GetClientAbsOrigin
L 12/28/2022 - 01:02:30: [SM]   [1] Line 71, E:\DownLoading\beifen\sourcemod-1.11.0-git6826-windows\addons\sourcemod\scripting\l4d2_cedafever_autofix.sp::FindMisplacedCans
L 12/28/2022 - 01:02:30: [SM]   [2] Line 48, E:\DownLoading\beifen\sourcemod-1.11.0-git6826-windows\addons\sourcemod\scripting\l4d2_cedafever_autofix.sp::ScavTimerH
L 12/28/2022 - 01:02:45: [SM] Exception reported: Client 2 is not in game
L 12/28/2022 - 01:02:45: [SM] Blaming: optional/l4d2_cedafever_autofix.smx
L 12/28/2022 - 01:02:45: [SM] Call stack trace:
L 12/28/2022 - 01:02:45: [SM]   [0] GetClientAbsOrigin
L 12/28/2022 - 01:02:45: [SM]   [1] Line 71, E:\DownLoading\beifen\sourcemod-1.11.0-git6826-windows\addons\sourcemod\scripting\l4d2_cedafever_autofix.sp::FindMisplacedCans
L 12/28/2022 - 01:02:45: [SM]   [2] Line 48, E:\DownLoading\beifen\sourcemod-1.11.0-git6826-windows\addons\sourcemod\scripting\l4d2_cedafever_autofix.sp::ScavTimerH
L 12/28/2022 - 01:03:00: [SM] Exception reported: Client 2 is not in game
L 12/28/2022 - 01:03:00: [SM] Blaming: optional/l4d2_cedafever_autofix.smx
L 12/28/2022 - 01:03:00: [SM] Call stack trace:
L 12/28/2022 - 01:03:00: [SM]   [0] GetClientAbsOrigin
L 12/28/2022 - 01:03:00: [SM]   [1] Line 71, E:\DownLoading\beifen\sourcemod-1.11.0-git6826-windows\addons\sourcemod\scripting\l4d2_cedafever_autofix.sp::FindMisplacedCans
L 12/28/2022 - 01:03:00: [SM]   [2] Line 48, E:\DownLoading\beifen\sourcemod-1.11.0-git6826-windows\addons\sourcemod\scripting\l4d2_cedafever_autofix.sp::ScavTimerH
L 12/28/2022 - 01:03:15: [SM] Exception reported: Client 3 is not in game
L 12/28/2022 - 01:03:15: [SM] Blaming: optional/l4d2_cedafever_autofix.smx
L 12/28/2022 - 01:03:15: [SM] Call stack trace:
L 12/28/2022 - 01:03:15: [SM]   [0] GetClientAbsOrigin
L 12/28/2022 - 01:03:15: [SM]   [1] Line 71, E:\DownLoading\beifen\sourcemod-1.11.0-git6826-windows\addons\sourcemod\scripting\l4d2_cedafever_autofix.sp::FindMisplacedCans
L 12/28/2022 - 01:03:15: [SM]   [2] Line 48, E:\DownLoading\beifen\sourcemod-1.11.0-git6826-windows\addons\sourcemod\scripting\l4d2_cedafever_autofix.sp::ScavTimerH
L 12/28/2022 - 01:03:30: [SM] Exception reported: Client 3 is not in game
L 12/28/2022 - 01:03:30: [SM] Blaming: optional/l4d2_cedafever_autofix.smx
L 12/28/2022 - 01:03:30: [SM] Call stack trace:
L 12/28/2022 - 01:03:30: [SM]   [0] GetClientAbsOrigin
L 12/28/2022 - 01:03:30: [SM]   [1] Line 71, E:\DownLoading\beifen\sourcemod-1.11.0-git6826-windows\addons\sourcemod\scripting\l4d2_cedafever_autofix.sp::FindMisplacedCans
L 12/28/2022 - 01:03:30: [SM]   [2] Line 48, E:\DownLoading\beifen\sourcemod-1.11.0-git6826-windows\addons\sourcemod\scripting\l4d2_cedafever_autofix.sp::ScavTimerH
L 12/28/2022 - 01:03:45: [SM] Exception reported: Client 3 is not in game
L 12/28/2022 - 01:03:45: [SM] Blaming: optional/l4d2_cedafever_autofix.smx
L 12/28/2022 - 01:03:45: [SM] Call stack trace:
L 12/28/2022 - 01:03:45: [SM]   [0] GetClientAbsOrigin
L 12/28/2022 - 01:03:45: [SM]   [1] Line 71, E:\DownLoading\beifen\sourcemod-1.11.0-git6826-windows\addons\sourcemod\scripting\l4d2_cedafever_autofix.sp::FindMisplacedCans
L 12/28/2022 - 01:03:45: [SM]   [2] Line 48, E:\DownLoading\beifen\sourcemod-1.11.0-git6826-windows\addons\sourcemod\scripting\l4d2_cedafever_autofix.sp::ScavTimerH
L 12/28/2022 - 01:04:00: [SM] Exception reported: Client 2 is not in game
L 12/28/2022 - 01:04:00: [SM] Blaming: optional/l4d2_cedafever_autofix.smx
L 12/28/2022 - 01:04:00: [SM] Call stack trace:
L 12/28/2022 - 01:04:00: [SM]   [0] GetClientAbsOrigin
L 12/28/2022 - 01:04:00: [SM]   [1] Line 71, E:\DownLoading\beifen\sourcemod-1.11.0-git6826-windows\addons\sourcemod\scripting\l4d2_cedafever_autofix.sp::FindMisplacedCans
L 12/28/2022 - 01:04:00: [SM]   [2] Line 48, E:\DownLoading\beifen\sourcemod-1.11.0-git6826-windows\addons\sourcemod\scripting\l4d2_cedafever_autofix.sp::ScavTimerH
L 12/28/2022 - 01:04:22: SourceMod error session started
L 12/28/2022 - 01:04:22: Info (map "c2m1_highway") (file "/root/Steam/steamapps/common/Left 4 Dead 2 Dedicated Server/left4dead2/addons/sourcemod/logs/errors_20221228.log")
L 12/28/2022 - 01:04:22: [SM] Unable to load plugin "Welcome.smx": Could not find required plugin "l4d2_playtime_interface"
L 12/28/2022 - 01:04:22: [SM] Unable to load plugin "l4d_fyzb_en_v20.smx": Could not find required plugin "readyup"
L 12/28/2022 - 02:04:20: Error log file session closed.
L 12/28/2022 - 02:05:06: SourceMod error session started
L 12/28/2022 - 02:05:06: Info (map "c2m1_highway") (file "/root/Steam/steamapps/common/Left 4 Dead 2 Dedicated Server/left4dead2/addons/sourcemod/logs/errors_20221228.log")
L 12/28/2022 - 02:05:06: [SM] Unable to load plugin "Welcome.smx": Could not find required plugin "l4d2_playtime_interface"
L 12/28/2022 - 02:05:06: [SM] Unable to load plugin "l4d_fyzb_en_v20.smx": Could not find required plugin "readyup"
L 12/28/2022 - 02:05:50: Error log file session closed.
L 12/28/2022 - 02:06:31: SourceMod error session started
L 12/28/2022 - 02:06:31: Info (map "c2m1_highway") (file "/root/Steam/steamapps/common/Left 4 Dead 2 Dedicated Server/left4dead2/addons/sourcemod/logs/errors_20221228.log")
L 12/28/2022 - 02:06:31: [SM] Unable to load plugin "Welcome.smx": Could not find required plugin "l4d2_playtime_interface"
L 12/28/2022 - 02:06:31: [SM] Unable to load plugin "l4d_fyzb_en_v20.smx": Could not find required plugin "readyup"
L 12/28/2022 - 02:06:54: [SM] Unable to load extension "left4downtown.ext": /root/Steam/steamapps/common/Left 4 Dead 2 Dedicated Server/left4dead2/addons/sourcemod/extensions/left4downtown.ext.so: cannot open shared object file: No such file or directory
L 12/28/2022 - 02:06:55: [SM] Error parsing gameconfig file "/root/Steam/steamapps/common/Left 4 Dead 2 Dedicated Server/left4dead2/addons/sourcemod/gamedata/left4downtown.l4d2.txt":
L 12/28/2022 - 02:06:55: [SM] Error 1 on line 0, col 0: Stream failed to open
L 12/28/2022 - 02:06:55: [SM] Exception reported: Unable to open left4downtown.l4d2: File could not be opened: No such file or directory
L 12/28/2022 - 02:06:55: [SM] Blaming: optional/promod/l4d2_setscores.smx
L 12/28/2022 - 02:06:55: [SM] Call stack trace:
L 12/28/2022 - 02:06:55: [SM]   [0] LoadGameConfigFile
L 12/28/2022 - 02:06:55: [SM]   [1] Line 56, l4d2_setscores.sp::OnPluginStart
L 12/28/2022 - 02:06:55: [SM] Fatal error encountered parsing translation file "l4d_tank_pass.phrases.txt"
L 12/28/2022 - 02:06:55: [SM] Error (line 0, column 0): Stream failed to open
L 12/28/2022 - 02:06:59: Error log file session closed.
L 12/28/2022 - 02:06:59: SourceMod error session started
L 12/28/2022 - 02:06:59: Info (map "c2m1_highway") (file "/root/Steam/steamapps/common/Left 4 Dead 2 Dedicated Server/left4dead2/addons/sourcemod/logs/errors_20221228.log")
L 12/28/2022 - 02:06:59: [SM] Fatal error encountered parsing translation file "l4d_tank_pass.phrases.txt"
L 12/28/2022 - 02:06:59: [SM] Error (line 0, column 0): Stream failed to open
L 12/28/2022 - 02:08:13: SourceMod error session started
L 12/28/2022 - 02:08:13: Info (map "c2m1_highway") (file "/root/Steam/steamapps/common/Left 4 Dead 2 Dedicated Server/left4dead2/addons/sourcemod/logs/errors_20221228.log")
L 12/28/2022 - 02:08:13: [SM] Unable to load plugin "Welcome.smx": Could not find required plugin "l4d2_playtime_interface"
L 12/28/2022 - 02:08:13: [SM] Unable to load plugin "l4d_fyzb_en_v20.smx": Could not find required plugin "readyup"
L 12/28/2022 - 14:15:32: Error log file session closed.
L 12/28/2022 - 14:17:38: SourceMod error session started
L 12/28/2022 - 14:17:38: Info (map "c2m1_highway") (file "/root/Steam/steamapps/common/Left 4 Dead 2 Dedicated Server/left4dead2/addons/sourcemod/logs/errors_20221228.log")
L 12/28/2022 - 14:17:38: [SM] Unable to load plugin "Welcome.smx": Could not find required plugin "l4d2_playtime_interface"
L 12/28/2022 - 14:17:38: [SM] Unable to load plugin "l4d_fyzb_en_v20.smx": Could not find required plugin "readyup"
L 12/28/2022 - 14:21:29: SourceMod error session started
L 12/28/2022 - 14:21:29: Info (map "c2m1_highway") (file "/root/Steam/steamapps/common/Left 4 Dead 2 Dedicated Server/left4dead2/addons/sourcemod/logs/errors_20221228.log")
L 12/28/2022 - 14:21:29: [SM] Unable to load plugin "Welcome.smx": Could not find required plugin "l4d2_playtime_interface"
L 12/28/2022 - 14:21:29: [SM] Unable to load plugin "l4d_fyzb_en_v20.smx": Could not find required plugin "readyup"
L 12/28/2022 - 14:46:22: SourceMod error session started
L 12/28/2022 - 14:46:22: Info (map "c2m1_highway") (file "/root/Steam/steamapps/common/Left 4 Dead 2 Dedicated Server/left4dead2/addons/sourcemod/logs/errors_20221228.log")
L 12/28/2022 - 14:46:22: [SM] Unable to load plugin "Welcome.smx": Could not find required plugin "l4d2_playtime_interface"
L 12/28/2022 - 14:46:22: [SM] Unable to load plugin "l4d_fyzb_en_v20.smx": Could not find required plugin "readyup"
L 12/28/2022 - 14:52:51: SourceMod error session started
L 12/28/2022 - 14:52:51: Info (map "c2m1_highway") (file "/root/Steam/steamapps/common/Left 4 Dead 2 Dedicated Server/left4dead2/addons/sourcemod/logs/errors_20221228.log")
L 12/28/2022 - 14:52:51: [SM] Unable to load plugin "Welcome.smx": Could not find required plugin "l4d2_playtime_interface"
L 12/28/2022 - 14:52:51: [SM] Unable to load plugin "l4d_fyzb_en_v20.smx": Could not find required plugin "readyup"
