L 12/16/2022 - 18:46:20: SourceMod error session started
L 12/16/2022 - 18:46:20: Info (map "c2m1_highway") (file "/root/Steam/steamapps/common/Left 4 Dead 2 Dedicated Server/left4dead2/addons/sourcemod/logs/errors_20221216.log")
L 12/16/2022 - 18:46:20: [optional/l4d2_weapon_attributes.smx] Bad attribute name: reloadduration.
L 12/16/2022 - 18:46:20: [optional/l4d2_weapon_attributes.smx] Bad attribute name: reloadduration.
L 12/16/2022 - 18:46:20: [optional/l4d2_weapon_attributes.smx] Bad attribute name: reloadduration.
L 12/16/2022 - 18:46:20: [optional/l4d2_weapon_attributes.smx] Bad attribute name: reloadduration.
L 12/16/2022 - 18:46:23: Error log file session closed.
L 12/16/2022 - 18:46:25: SourceMod error session started
L 12/16/2022 - 18:46:25: Info (map "c2m1_highway") (file "/root/Steam/steamapps/common/Left 4 Dead 2 Dedicated Server/left4dead2/addons/sourcemod/logs/errors_20221216.log")
L 12/16/2022 - 18:46:25: [optional/l4d2_weapon_attributes.smx] Bad attribute name: reloadduration.
L 12/16/2022 - 18:46:25: [optional/l4d2_weapon_attributes.smx] Bad attribute name: reloadduration.
L 12/16/2022 - 18:53:59: Error log file session closed.
L 12/16/2022 - 18:54:00: SourceMod error session started
L 12/16/2022 - 18:54:00: Info (map "c2m2_fairgrounds") (file "/root/Steam/steamapps/common/Left 4 Dead 2 Dedicated Server/left4dead2/addons/sourcemod/logs/errors_20221216.log")
L 12/16/2022 - 18:54:00: [optional/l4d2_weapon_attributes.smx] Bad attribute name: reloadduration.
L 12/16/2022 - 18:54:00: [optional/l4d2_weapon_attributes.smx] Bad attribute name: reloadduration.
L 12/16/2022 - 19:00:53: Error log file session closed.
L 12/16/2022 - 19:00:55: SourceMod error session started
L 12/16/2022 - 19:00:55: Info (map "c2m3_coaster") (file "/root/Steam/steamapps/common/Left 4 Dead 2 Dedicated Server/left4dead2/addons/sourcemod/logs/errors_20221216.log")
L 12/16/2022 - 19:00:55: [optional/l4d2_weapon_attributes.smx] Bad attribute name: reloadduration.
L 12/16/2022 - 19:00:55: [optional/l4d2_weapon_attributes.smx] Bad attribute name: reloadduration.
L 12/16/2022 - 19:06:53: Error log file session closed.
L 12/16/2022 - 19:06:54: SourceMod error session started
L 12/16/2022 - 19:06:54: Info (map "c2m4_barns") (file "/root/Steam/steamapps/common/Left 4 Dead 2 Dedicated Server/left4dead2/addons/sourcemod/logs/errors_20221216.log")
L 12/16/2022 - 19:06:54: [optional/l4d2_weapon_attributes.smx] Bad attribute name: reloadduration.
L 12/16/2022 - 19:06:54: [optional/l4d2_weapon_attributes.smx] Bad attribute name: reloadduration.
L 12/16/2022 - 19:13:57: SourceMod error session started
L 12/16/2022 - 19:13:57: Info (map "c2m1_highway") (file "/root/Steam/steamapps/common/Left 4 Dead 2 Dedicated Server/left4dead2/addons/sourcemod/logs/errors_20221216.log")
L 12/16/2022 - 19:13:57: [SM] Unable to load extension "left4downtown.ext": /root/Steam/steamapps/common/Left 4 Dead 2 Dedicated Server/left4dead2/addons/sourcemod/extensions/left4downtown.ext.2.l4d2.so: undefined symbol: g_pMemAlloc
L 12/16/2022 - 19:13:57: [SM] Unable to load plugin "Welcome.smx": Could not find required plugin "l4d2_playtime_interface"
L 12/16/2022 - 19:13:57: [SM] Unable to load plugin "l4d_fyzb_en_v20.smx": Could not find required plugin "readyup"
L 12/17/2022 - 15:59:02: Error log file session closed.
