L 11/21/2022 - 00:29:24: SourceMod error session started
L 11/21/2022 - 00:29:24: Info (map "c8m5_rooftop") (file "/root/Steam/steamapps/common/Left 4 Dead 2 Dedicated Server/left4dead2/addons/sourcemod/logs/errors_20221121.log")
L 11/21/2022 - 00:29:24: [SM] Unable to load extension "left4downtown.ext": /root/Steam/steamapps/common/Left 4 Dead 2 Dedicated Server/left4dead2/addons/sourcemod/extensions/left4downtown.ext.2.l4d2.so: undefined symbol: g_pMemAlloc
L 11/21/2022 - 00:29:24: [SM] Unable to load plugin "Welcome.smx": Could not find required plugin "l4d2_playtime_interface"
L 11/21/2022 - 00:30:19: [confoglcompmod.smx] [Confogl] CvarSettings: Could not find CVar specified (confogl_ghost_warp)
L 11/21/2022 - 00:30:19: [confoglcompmod.smx] [Confogl] CvarSettings: Could not find CVar specified (sm_tank_can_spawn)
L 11/21/2022 - 00:30:19: [confoglcompmod.smx] [Confogl] CvarSettings: Could not find CVar specified (sm_witch_can_spawn)
L 11/21/2022 - 00:30:19: [confoglcompmod.smx] [Confogl] CvarSettings: Could not find CVar specified (l4d_global_percent)
L 11/21/2022 - 00:30:19: [confoglcompmod.smx] [Confogl] CvarSettings: Could not find CVar specified (l4d_tank_percent)
L 11/21/2022 - 00:30:19: [confoglcompmod.smx] [Confogl] CvarSettings: Could not find CVar specified (l4d_witch_percent)
L 11/21/2022 - 00:30:19: [confoglcompmod.smx] [Confogl] CvarSettings: Could not find CVar specified (l4d_boss_vote)
L 11/21/2022 - 00:30:19: [confoglcompmod.smx] [Confogl] CvarSettings: Could not find CVar specified (longer_tank_punch_getup)
L 11/21/2022 - 00:30:19: [confoglcompmod.smx] [Confogl] CvarSettings: Could not find CVar specified (l4d_equalise_alarm_cars)
L 11/21/2022 - 00:30:22: Error log file session closed.
L 11/21/2022 - 00:31:46: SourceMod error session started
L 11/21/2022 - 00:31:46: Info (map "c8m5_rooftop") (file "/root/Steam/steamapps/common/Left 4 Dead 2 Dedicated Server/left4dead2/addons/sourcemod/logs/errors_20221121.log")
L 11/21/2022 - 00:31:46: [SM] Unable to load extension "left4downtown.ext": /root/Steam/steamapps/common/Left 4 Dead 2 Dedicated Server/left4dead2/addons/sourcemod/extensions/left4downtown.ext.2.l4d2.so: undefined symbol: g_pMemAlloc
L 11/21/2022 - 00:31:46: [SM] Unable to load plugin "Welcome.smx": Could not find required plugin "l4d2_playtime_interface"
L 11/21/2022 - 00:32:17: [confoglcompmod.smx] [Confogl] CvarSettings: Could not find CVar specified (confogl_ghost_warp)
L 11/21/2022 - 00:32:17: [confoglcompmod.smx] [Confogl] CvarSettings: Could not find CVar specified (sm_tank_can_spawn)
L 11/21/2022 - 00:32:17: [confoglcompmod.smx] [Confogl] CvarSettings: Could not find CVar specified (sm_witch_can_spawn)
L 11/21/2022 - 00:32:17: [confoglcompmod.smx] [Confogl] CvarSettings: Could not find CVar specified (l4d_global_percent)
L 11/21/2022 - 00:32:17: [confoglcompmod.smx] [Confogl] CvarSettings: Could not find CVar specified (l4d_tank_percent)
L 11/21/2022 - 00:32:17: [confoglcompmod.smx] [Confogl] CvarSettings: Could not find CVar specified (l4d_witch_percent)
L 11/21/2022 - 00:32:17: [confoglcompmod.smx] [Confogl] CvarSettings: Could not find CVar specified (l4d_boss_vote)
L 11/21/2022 - 00:32:17: [confoglcompmod.smx] [Confogl] CvarSettings: Could not find CVar specified (longer_tank_punch_getup)
L 11/21/2022 - 00:32:17: [confoglcompmod.smx] [Confogl] CvarSettings: Could not find CVar specified (l4d_equalise_alarm_cars)
L 11/21/2022 - 00:32:20: Error log file session closed.
L 11/21/2022 - 00:37:03: SourceMod error session started
L 11/21/2022 - 00:37:03: Info (map "c8m5_rooftop") (file "/root/Steam/steamapps/common/Left 4 Dead 2 Dedicated Server/left4dead2/addons/sourcemod/logs/errors_20221121.log")
L 11/21/2022 - 00:37:03: [SM] Unable to load extension "left4downtown.ext": /root/Steam/steamapps/common/Left 4 Dead 2 Dedicated Server/left4dead2/addons/sourcemod/extensions/left4downtown.ext.2.l4d2.so: undefined symbol: g_pMemAlloc
L 11/21/2022 - 00:37:03: [SM] Unable to load plugin "Welcome.smx": Could not find required plugin "l4d2_playtime_interface"
L 11/21/2022 - 00:38:46: SourceMod error session started
L 11/21/2022 - 00:38:46: Info (map "c8m5_rooftop") (file "/root/Steam/steamapps/common/Left 4 Dead 2 Dedicated Server/left4dead2/addons/sourcemod/logs/errors_20221121.log")
L 11/21/2022 - 00:38:46: [SM] Unable to load extension "left4downtown.ext": /root/Steam/steamapps/common/Left 4 Dead 2 Dedicated Server/left4dead2/addons/sourcemod/extensions/left4downtown.ext.2.l4d2.so: undefined symbol: g_pMemAlloc
L 11/21/2022 - 00:38:46: [SM] Unable to load plugin "Welcome.smx": Could not find required plugin "l4d2_playtime_interface"
L 11/25/2022 - 19:20:20: Error log file session closed.
