L 01/29/2023 - 18:43:36: SourceMod log file session started (file "/root/Steam/steamapps/common/Left 4 Dead 2 Dedicated Server/left4dead2/addons/sourcemod/logs/L20230129.log") (Version "1.11.0.6825")
L 01/29/2023 - 18:43:36: [GEOIP] GeoIP2 database loaded: GeoLite2-City (2019-12-17 20:01:26 UTC)
L 01/29/2023 - 18:43:36: [GEOIP] GeoIP2 supported languages: de en es fr ja pt-BR ru zh-CN
L 01/29/2023 - 18:43:36: [GEOIPCITY] GeoIPCity database info: GEO-533LITE 20150106 Build 1 Copyright (c) 2015 MaxMind Inc All Rights Reserved
L 01/29/2023 - 18:43:39: [basecommands.smx] "Console<0><Console><Console>" changed cvar (cvar "sv_minrate") (value "100000")
L 01/29/2023 - 18:43:39: [basecommands.smx] "Console<0><Console><Console>" changed cvar (cvar "sv_maxrate") (value "100000")
L 01/29/2023 - 18:43:39: [basecommands.smx] "Console<0><Console><Console>" changed cvar (cvar "sv_minupdaterate") (value "100")
L 01/29/2023 - 18:43:39: [basecommands.smx] "Console<0><Console><Console>" changed cvar (cvar "sv_maxupdaterate") (value "100")
L 01/29/2023 - 18:43:39: [basecommands.smx] "Console<0><Console><Console>" changed cvar (cvar "sv_mincmdrate") (value "100")
L 01/29/2023 - 18:43:39: [basecommands.smx] "Console<0><Console><Console>" changed cvar (cvar "sv_maxcmdrate") (value "100")
L 01/29/2023 - 18:43:39: [basecommands.smx] "Console<0><Console><Console>" changed cvar (cvar "sv_client_min_interp_ratio") (value "-1")
L 01/29/2023 - 18:43:39: [basecommands.smx] "Console<0><Console><Console>" changed cvar (cvar "sv_client_max_interp_ratio") (value "0")
L 01/29/2023 - 18:43:39: [basecommands.smx] "Console<0><Console><Console>" changed cvar (cvar "nb_update_frequency") (value "0.014")
L 01/29/2023 - 18:43:39: [basecommands.smx] "Console<0><Console><Console>" changed cvar (cvar "net_splitpacket_maxrate") (value "50000")
L 01/29/2023 - 18:43:39: [basecommands.smx] "Console<0><Console><Console>" changed cvar (cvar "fps_max") (value "0")
L 01/29/2023 - 18:43:39: [basecommands.smx] "Console<0><Console><Console>" changed cvar (cvar "sv_allow_wait_command") (value "0")
L 01/29/2023 - 18:43:39: [basecommands.smx] "Console<0><Console><Console>" changed cvar (cvar "tick_door_speed") (value "1.3")
L 01/29/2023 - 18:43:39: [basecommands.smx] "Console<0><Console><Console>" changed cvar (cvar "mp_autoteambalance") (value "0")
L 01/29/2023 - 18:43:39: [basecommands.smx] "Console<0><Console><Console>" changed cvar (cvar "sv_unlag_fixstuck") (value "1")
L 01/29/2023 - 18:43:39: [basecommands.smx] "Console<0><Console><Console>" changed cvar (cvar "z_brawl_chance") (value "0")
L 01/29/2023 - 18:43:39: [basecommands.smx] "Console<0><Console><Console>" changed cvar (cvar "sv_maxunlag") (value "1")
L 01/29/2023 - 18:43:39: [basecommands.smx] "Console<0><Console><Console>" changed cvar (cvar "sv_forcepreload") (value "1")
L 01/29/2023 - 18:43:39: [basecommands.smx] "Console<0><Console><Console>" changed cvar (cvar "sv_client_predict") (value "1")
L 01/29/2023 - 18:43:39: [basecommands.smx] "Console<0><Console><Console>" changed cvar (cvar "sv_client_cmdrate_difference") (value "0")
L 01/29/2023 - 18:43:39: [basecommands.smx] "Console<0><Console><Console>" changed cvar (cvar "sv_max_queries_sec_global") (value "10")
L 01/29/2023 - 18:43:39: [basecommands.smx] "Console<0><Console><Console>" changed cvar (cvar "sv_max_queries_sec") (value "3")
L 01/29/2023 - 18:43:39: [basecommands.smx] "Console<0><Console><Console>" changed cvar (cvar "sv_max_queries_window") (value "10")
L 01/29/2023 - 18:43:39: [basecommands.smx] "Console<0><Console><Console>" changed cvar (cvar "sv_player_stuck_tolerance") (value "5")
L 01/29/2023 - 18:43:39: [basecommands.smx] "Console<0><Console><Console>" changed cvar (cvar "sv_stats") (value "0")
L 01/29/2023 - 18:43:39: [basecommands.smx] "Console<0><Console><Console>" changed cvar (cvar "sv_clockcorrection_msecs") (value "25")
L 01/29/2023 - 18:43:39: [basecommands.smx] "Console<0><Console><Console>" changed cvar (cvar "sb_all_bot_game") (value "1")
L 01/29/2023 - 18:43:39: [basecommands.smx] "Console<0><Console><Console>" changed cvar (cvar "sv_allowupload") (value "0")
L 01/29/2023 - 18:43:39: [basecommands.smx] "Console<0><Console><Console>" changed cvar (cvar "sv_allowdownload") (value "0")
L 01/29/2023 - 18:43:39: [basecommands.smx] "Console<0><Console><Console>" changed cvar (cvar "decalfrequency") (value "1.0")
L 01/29/2023 - 18:43:39: [basecommands.smx] "Console<0><Console><Console>" changed cvar (cvar "mv_maxplayers") (value "12")
L 01/29/2023 - 18:43:39: [basecommands.smx] "Console<0><Console><Console>" changed cvar (cvar "sn_main_name_path") (value "hostname/hostname.txt")
L 01/29/2023 - 18:43:39: [basecommands.smx] "Console<0><Console><Console>" changed cvar (cvar "sn_hostname_format1") (value "{hostname} >> {gamemode}")
L 01/29/2023 - 18:43:39: [basecommands.smx] "Console<0><Console><Console>" changed cvar (cvar "sn_hostname_format2") (value "{hostname} >> {gamemode} - {difficulty}")
L 01/29/2023 - 18:43:39: [basecommands.smx] "Console<0><Console><Console>" changed cvar (cvar "sn_hostname_format3") (value "{hostname} >>")
L 01/29/2023 - 18:44:12: [cannounce.smx] Admin 23℃ <STEAM_1:0:246466989> connected from country China (CN), IP 223.149.53.89
L 01/29/2023 - 18:45:45: [confoglcompmod.smx] [PasswordSystem] Set password on 23℃, password 
L 01/29/2023 - 18:45:45: [basecommands.smx] "Console<0><Console><Console>" changed cvar (cvar "confogl_match_execcfg_plugins") (value "generalfixes.cfg;confogl_plugins.cfg;sharedplugins.cfg")
L 01/29/2023 - 18:45:45: [basecommands.smx] "Console<0><Console><Console>" changed cvar (cvar "l4d2_addons_eclipse") (value "0")
L 01/29/2023 - 18:45:45: [basecommands.smx] "Console<0><Console><Console>" changed cvar (cvar "sv_allow_wait_command") (value "0")
L 01/29/2023 - 18:45:45: [basecommands.smx] "Console<0><Console><Console>" changed cvar (cvar "sv_minrate") (value "100000")
L 01/29/2023 - 18:45:45: [basecommands.smx] "Console<0><Console><Console>" changed cvar (cvar "sv_maxrate") (value "100000")
L 01/29/2023 - 18:45:45: [basecommands.smx] "Console<0><Console><Console>" changed cvar (cvar "sv_minupdaterate") (value "100")
L 01/29/2023 - 18:45:45: [basecommands.smx] "Console<0><Console><Console>" changed cvar (cvar "sv_maxupdaterate") (value "100")
L 01/29/2023 - 18:45:45: [basecommands.smx] "Console<0><Console><Console>" changed cvar (cvar "sv_mincmdrate") (value "100")
L 01/29/2023 - 18:45:45: [basecommands.smx] "Console<0><Console><Console>" changed cvar (cvar "sv_maxcmdrate") (value "100")
L 01/29/2023 - 18:45:45: [basecommands.smx] "Console<0><Console><Console>" changed cvar (cvar "sv_client_min_interp_ratio") (value "-1")
L 01/29/2023 - 18:45:45: [basecommands.smx] "Console<0><Console><Console>" changed cvar (cvar "sv_client_max_interp_ratio") (value "0")
L 01/29/2023 - 18:45:45: [basecommands.smx] "Console<0><Console><Console>" changed cvar (cvar "nb_update_frequency") (value "0.014")
L 01/29/2023 - 18:45:45: [basecommands.smx] "Console<0><Console><Console>" changed cvar (cvar "net_splitpacket_maxrate") (value "50000")
L 01/29/2023 - 18:45:45: [basecommands.smx] "Console<0><Console><Console>" changed cvar (cvar "fps_max") (value "0")
L 01/29/2023 - 18:45:45: [basecommands.smx] "Console<0><Console><Console>" changed cvar (cvar "tick_door_speed") (value "1.3")
L 01/29/2023 - 18:45:45: [basecommands.smx] "Console<0><Console><Console>" changed cvar (cvar "mv_maxplayers") (value "12")
L 01/29/2023 - 18:45:45: [basecommands.smx] "Console<0><Console><Console>" changed cvar (cvar "mp_autoteambalance") (value "0")
L 01/29/2023 - 18:45:45: [basecommands.smx] "Console<0><Console><Console>" changed cvar (cvar "sv_unlag_fixstuck") (value "1")
L 01/29/2023 - 18:45:45: [basecommands.smx] "Console<0><Console><Console>" changed cvar (cvar "z_brawl_chance") (value "0")
L 01/29/2023 - 18:45:45: [basecommands.smx] "Console<0><Console><Console>" changed cvar (cvar "sv_maxunlag") (value "1")
L 01/29/2023 - 18:45:45: [basecommands.smx] "Console<0><Console><Console>" changed cvar (cvar "sv_forcepreload") (value "1")
L 01/29/2023 - 18:45:45: [basecommands.smx] "Console<0><Console><Console>" changed cvar (cvar "sv_client_predict") (value "1")
L 01/29/2023 - 18:45:45: [basecommands.smx] "Console<0><Console><Console>" changed cvar (cvar "sv_client_cmdrate_difference") (value "0")
L 01/29/2023 - 18:45:45: [basecommands.smx] "Console<0><Console><Console>" changed cvar (cvar "sv_max_queries_sec_global") (value "10")
L 01/29/2023 - 18:45:45: [basecommands.smx] "Console<0><Console><Console>" changed cvar (cvar "sv_max_queries_sec") (value "3")
L 01/29/2023 - 18:45:45: [basecommands.smx] "Console<0><Console><Console>" changed cvar (cvar "sv_max_queries_window") (value "10")
L 01/29/2023 - 18:45:45: [basecommands.smx] "Console<0><Console><Console>" changed cvar (cvar "sv_player_stuck_tolerance") (value "5")
L 01/29/2023 - 18:45:45: [basecommands.smx] "Console<0><Console><Console>" changed cvar (cvar "sv_stats") (value "0")
L 01/29/2023 - 18:45:45: [basecommands.smx] "Console<0><Console><Console>" changed cvar (cvar "sv_clockcorrection_msecs") (value "25")
L 01/29/2023 - 18:45:45: [basecommands.smx] "Console<0><Console><Console>" changed cvar (cvar "sb_all_bot_game") (value "1")
L 01/29/2023 - 18:45:45: [basecommands.smx] "Console<0><Console><Console>" changed cvar (cvar "sn_hostname_format2") (value "{hostname} >> {gamemode} - {difficulty}")
L 01/29/2023 - 18:45:45: [basecommands.smx] "Console<0><Console><Console>" changed cvar (cvar "sn_hostname_format3") (value "{hostname} >>")
L 01/29/2023 - 18:45:45: [basecommands.smx] "Console<0><Console><Console>" changed cvar (cvar "sv_minrate") (value "100000")
L 01/29/2023 - 18:45:45: [basecommands.smx] "Console<0><Console><Console>" changed cvar (cvar "sv_maxrate") (value "100000")
L 01/29/2023 - 18:45:45: [basecommands.smx] "Console<0><Console><Console>" changed cvar (cvar "sv_minupdaterate") (value "100")
L 01/29/2023 - 18:45:45: [basecommands.smx] "Console<0><Console><Console>" changed cvar (cvar "sv_maxupdaterate") (value "100")
L 01/29/2023 - 18:45:45: [basecommands.smx] "Console<0><Console><Console>" changed cvar (cvar "sv_mincmdrate") (value "100")
L 01/29/2023 - 18:45:45: [basecommands.smx] "Console<0><Console><Console>" changed cvar (cvar "sv_maxcmdrate") (value "100")
L 01/29/2023 - 18:45:45: [basecommands.smx] "Console<0><Console><Console>" changed cvar (cvar "sv_client_min_interp_ratio") (value "-1")
L 01/29/2023 - 18:45:45: [basecommands.smx] "Console<0><Console><Console>" changed cvar (cvar "sv_client_max_interp_ratio") (value "0")
L 01/29/2023 - 18:45:45: [basecommands.smx] "Console<0><Console><Console>" changed cvar (cvar "nb_update_frequency") (value "0.014")
L 01/29/2023 - 18:45:45: [basecommands.smx] "Console<0><Console><Console>" changed cvar (cvar "net_splitrate") (value "2")
L 01/29/2023 - 18:45:45: [basecommands.smx] "Console<0><Console><Console>" changed cvar (cvar "net_splitpacket_maxrate") (value "60000")
L 01/29/2023 - 18:45:45: [basecommands.smx] "Console<0><Console><Console>" changed cvar (cvar "net_maxcleartime") (value "0.0001")
L 01/29/2023 - 18:45:45: [basecommands.smx] "Console<0><Console><Console>" changed cvar (cvar "sv_minrate") (value "100000")
L 01/29/2023 - 18:45:45: [basecommands.smx] "Console<0><Console><Console>" changed cvar (cvar "sv_maxrate") (value "100000")
L 01/29/2023 - 18:45:45: [basecommands.smx] "Console<0><Console><Console>" changed cvar (cvar "sv_minupdaterate") (value "100")
L 01/29/2023 - 18:45:45: [basecommands.smx] "Console<0><Console><Console>" changed cvar (cvar "sv_maxupdaterate") (value "100")
L 01/29/2023 - 18:45:45: [basecommands.smx] "Console<0><Console><Console>" changed cvar (cvar "sv_mincmdrate") (value "100")
L 01/29/2023 - 18:45:45: [basecommands.smx] "Console<0><Console><Console>" changed cvar (cvar "sv_maxcmdrate") (value "100")
L 01/29/2023 - 18:45:45: [basecommands.smx] "Console<0><Console><Console>" changed cvar (cvar "sv_client_min_interp_ratio") (value "-1")
L 01/29/2023 - 18:45:45: [basecommands.smx] "Console<0><Console><Console>" changed cvar (cvar "sv_client_max_interp_ratio") (value "0")
L 01/29/2023 - 18:45:45: [basecommands.smx] "Console<0><Console><Console>" changed cvar (cvar "nb_update_frequency") (value "0.014")
L 01/29/2023 - 18:45:45: [basecommands.smx] "Console<0><Console><Console>" changed cvar (cvar "net_splitrate") (value "2")
L 01/29/2023 - 18:45:45: [basecommands.smx] "Console<0><Console><Console>" changed cvar (cvar "net_splitpacket_maxrate") (value "60000")
L 01/29/2023 - 18:45:45: [basecommands.smx] "Console<0><Console><Console>" changed cvar (cvar "net_maxcleartime") (value "0.0001")
L 01/29/2023 - 18:45:48: -------- Mapchange to c2m1_highway --------
L 01/29/2023 - 18:45:50: [basecommands.smx] "Console<0><Console><Console>" changed cvar (cvar "sv_minrate") (value "100000")
L 01/29/2023 - 18:45:50: [basecommands.smx] "Console<0><Console><Console>" changed cvar (cvar "sv_maxrate") (value "100000")
L 01/29/2023 - 18:45:50: [basecommands.smx] "Console<0><Console><Console>" changed cvar (cvar "sv_minupdaterate") (value "100")
L 01/29/2023 - 18:45:50: [basecommands.smx] "Console<0><Console><Console>" changed cvar (cvar "sv_maxupdaterate") (value "100")
L 01/29/2023 - 18:45:50: [basecommands.smx] "Console<0><Console><Console>" changed cvar (cvar "sv_mincmdrate") (value "100")
L 01/29/2023 - 18:45:50: [basecommands.smx] "Console<0><Console><Console>" changed cvar (cvar "sv_maxcmdrate") (value "100")
L 01/29/2023 - 18:45:50: [basecommands.smx] "Console<0><Console><Console>" changed cvar (cvar "sv_client_min_interp_ratio") (value "-1")
L 01/29/2023 - 18:45:50: [basecommands.smx] "Console<0><Console><Console>" changed cvar (cvar "sv_client_max_interp_ratio") (value "0")
L 01/29/2023 - 18:45:50: [basecommands.smx] "Console<0><Console><Console>" changed cvar (cvar "nb_update_frequency") (value "0.014")
L 01/29/2023 - 18:45:50: [basecommands.smx] "Console<0><Console><Console>" changed cvar (cvar "net_splitpacket_maxrate") (value "50000")
L 01/29/2023 - 18:45:50: [basecommands.smx] "Console<0><Console><Console>" changed cvar (cvar "fps_max") (value "0")
L 01/29/2023 - 18:45:50: [basecommands.smx] "Console<0><Console><Console>" changed cvar (cvar "sv_allow_wait_command") (value "0")
L 01/29/2023 - 18:45:50: [basecommands.smx] "Console<0><Console><Console>" changed cvar (cvar "tick_door_speed") (value "1.3")
L 01/29/2023 - 18:45:50: [basecommands.smx] "Console<0><Console><Console>" changed cvar (cvar "mp_autoteambalance") (value "0")
L 01/29/2023 - 18:45:50: [basecommands.smx] "Console<0><Console><Console>" changed cvar (cvar "sv_unlag_fixstuck") (value "1")
L 01/29/2023 - 18:45:50: [basecommands.smx] "Console<0><Console><Console>" changed cvar (cvar "z_brawl_chance") (value "0")
L 01/29/2023 - 18:45:50: [basecommands.smx] "Console<0><Console><Console>" changed cvar (cvar "sv_maxunlag") (value "1")
L 01/29/2023 - 18:45:50: [basecommands.smx] "Console<0><Console><Console>" changed cvar (cvar "sv_forcepreload") (value "1")
L 01/29/2023 - 18:45:50: [basecommands.smx] "Console<0><Console><Console>" changed cvar (cvar "sv_client_predict") (value "1")
L 01/29/2023 - 18:45:50: [basecommands.smx] "Console<0><Console><Console>" changed cvar (cvar "sv_client_cmdrate_difference") (value "0")
L 01/29/2023 - 18:45:50: [basecommands.smx] "Console<0><Console><Console>" changed cvar (cvar "sv_max_queries_sec_global") (value "10")
L 01/29/2023 - 18:45:50: [basecommands.smx] "Console<0><Console><Console>" changed cvar (cvar "sv_max_queries_sec") (value "3")
L 01/29/2023 - 18:45:50: [basecommands.smx] "Console<0><Console><Console>" changed cvar (cvar "sv_max_queries_window") (value "10")
L 01/29/2023 - 18:45:50: [basecommands.smx] "Console<0><Console><Console>" changed cvar (cvar "sv_player_stuck_tolerance") (value "5")
L 01/29/2023 - 18:45:50: [basecommands.smx] "Console<0><Console><Console>" changed cvar (cvar "sv_stats") (value "0")
L 01/29/2023 - 18:45:50: [basecommands.smx] "Console<0><Console><Console>" changed cvar (cvar "sv_clockcorrection_msecs") (value "25")
L 01/29/2023 - 18:45:50: [basecommands.smx] "Console<0><Console><Console>" changed cvar (cvar "sb_all_bot_game") (value "1")
L 01/29/2023 - 18:45:50: [basecommands.smx] "Console<0><Console><Console>" changed cvar (cvar "sv_allowupload") (value "0")
L 01/29/2023 - 18:45:50: [basecommands.smx] "Console<0><Console><Console>" changed cvar (cvar "sv_allowdownload") (value "0")
L 01/29/2023 - 18:45:50: [basecommands.smx] "Console<0><Console><Console>" changed cvar (cvar "decalfrequency") (value "1.0")
L 01/29/2023 - 18:45:50: [basecommands.smx] "Console<0><Console><Console>" changed cvar (cvar "mv_maxplayers") (value "12")
L 01/29/2023 - 18:45:50: [basecommands.smx] "Console<0><Console><Console>" changed cvar (cvar "sn_main_name_path") (value "hostname/hostname.txt")
L 01/29/2023 - 18:45:50: [basecommands.smx] "Console<0><Console><Console>" changed cvar (cvar "sn_hostname_format1") (value "{hostname} >> {gamemode}")
L 01/29/2023 - 18:45:50: [basecommands.smx] "Console<0><Console><Console>" changed cvar (cvar "sn_hostname_format2") (value "{hostname} >> {gamemode} - {difficulty}")
L 01/29/2023 - 18:45:50: [basecommands.smx] "Console<0><Console><Console>" changed cvar (cvar "sn_hostname_format3") (value "{hostname} >>")
L 01/29/2023 - 18:45:50: [basecommands.smx] "Console<0><Console><Console>" changed cvar (cvar "sv_minrate") (value "100000")
L 01/29/2023 - 18:45:50: [basecommands.smx] "Console<0><Console><Console>" changed cvar (cvar "sv_maxrate") (value "100000")
L 01/29/2023 - 18:45:50: [basecommands.smx] "Console<0><Console><Console>" changed cvar (cvar "sv_minupdaterate") (value "100")
L 01/29/2023 - 18:45:50: [basecommands.smx] "Console<0><Console><Console>" changed cvar (cvar "sv_maxupdaterate") (value "100")
L 01/29/2023 - 18:45:50: [basecommands.smx] "Console<0><Console><Console>" changed cvar (cvar "sv_mincmdrate") (value "100")
L 01/29/2023 - 18:45:50: [basecommands.smx] "Console<0><Console><Console>" changed cvar (cvar "sv_maxcmdrate") (value "100")
L 01/29/2023 - 18:45:50: [basecommands.smx] "Console<0><Console><Console>" changed cvar (cvar "sv_client_min_interp_ratio") (value "-1")
L 01/29/2023 - 18:45:50: [basecommands.smx] "Console<0><Console><Console>" changed cvar (cvar "sv_client_max_interp_ratio") (value "0")
L 01/29/2023 - 18:45:50: [basecommands.smx] "Console<0><Console><Console>" changed cvar (cvar "nb_update_frequency") (value "0.014")
L 01/29/2023 - 18:45:50: [basecommands.smx] "Console<0><Console><Console>" changed cvar (cvar "net_splitrate") (value "2")
L 01/29/2023 - 18:45:50: [basecommands.smx] "Console<0><Console><Console>" changed cvar (cvar "net_splitpacket_maxrate") (value "60000")
L 01/29/2023 - 18:45:50: [basecommands.smx] "Console<0><Console><Console>" changed cvar (cvar "net_maxcleartime") (value "0.0001")
L 01/29/2023 - 18:45:51: [optional/l4d2_saferoom_item_remove.smx] Removed 0 saferoom item(s) (start: 0; end: 0).
L 01/29/2023 - 18:46:00: [cannounce.smx] Admin 23℃ <STEAM_1:0:246466989> connected from country China (CN), IP 223.149.53.89
L 01/29/2023 - 18:46:27: [confoglcompmod.smx] [PasswordSystem] Set password on 23℃, password 
L 01/29/2023 - 18:46:37: [confoglcompmod.smx] [PasswordSystem] Set password on 23℃, password 
L 01/29/2023 - 18:46:37: [basecommands.smx] "Console<0><Console><Console>" changed cvar (cvar "confogl_match_execcfg_plugins") (value "generalfixes.cfg;confogl_plugins.cfg;sharedplugins.cfg")
L 01/29/2023 - 18:46:37: [basecommands.smx] "Console<0><Console><Console>" changed cvar (cvar "l4d2_addons_eclipse") (value "0")
L 01/29/2023 - 18:46:37: [basecommands.smx] "Console<0><Console><Console>" changed cvar (cvar "sv_allow_wait_command") (value "0")
L 01/29/2023 - 18:46:37: [basecommands.smx] "Console<0><Console><Console>" changed cvar (cvar "sv_minrate") (value "100000")
L 01/29/2023 - 18:46:37: [basecommands.smx] "Console<0><Console><Console>" changed cvar (cvar "sv_maxrate") (value "100000")
L 01/29/2023 - 18:46:37: [basecommands.smx] "Console<0><Console><Console>" changed cvar (cvar "sv_minupdaterate") (value "100")
L 01/29/2023 - 18:46:37: [basecommands.smx] "Console<0><Console><Console>" changed cvar (cvar "sv_maxupdaterate") (value "100")
L 01/29/2023 - 18:46:37: [basecommands.smx] "Console<0><Console><Console>" changed cvar (cvar "sv_mincmdrate") (value "100")
L 01/29/2023 - 18:46:37: [basecommands.smx] "Console<0><Console><Console>" changed cvar (cvar "sv_maxcmdrate") (value "100")
L 01/29/2023 - 18:46:37: [basecommands.smx] "Console<0><Console><Console>" changed cvar (cvar "sv_client_min_interp_ratio") (value "-1")
L 01/29/2023 - 18:46:37: [basecommands.smx] "Console<0><Console><Console>" changed cvar (cvar "sv_client_max_interp_ratio") (value "0")
L 01/29/2023 - 18:46:37: [basecommands.smx] "Console<0><Console><Console>" changed cvar (cvar "nb_update_frequency") (value "0.014")
L 01/29/2023 - 18:46:37: [basecommands.smx] "Console<0><Console><Console>" changed cvar (cvar "net_splitpacket_maxrate") (value "50000")
L 01/29/2023 - 18:46:37: [basecommands.smx] "Console<0><Console><Console>" changed cvar (cvar "fps_max") (value "0")
L 01/29/2023 - 18:46:37: [basecommands.smx] "Console<0><Console><Console>" changed cvar (cvar "tick_door_speed") (value "1.3")
L 01/29/2023 - 18:46:37: [basecommands.smx] "Console<0><Console><Console>" changed cvar (cvar "mv_maxplayers") (value "12")
L 01/29/2023 - 18:46:37: [basecommands.smx] "Console<0><Console><Console>" changed cvar (cvar "mp_autoteambalance") (value "0")
L 01/29/2023 - 18:46:37: [basecommands.smx] "Console<0><Console><Console>" changed cvar (cvar "sv_unlag_fixstuck") (value "1")
L 01/29/2023 - 18:46:37: [basecommands.smx] "Console<0><Console><Console>" changed cvar (cvar "z_brawl_chance") (value "0")
L 01/29/2023 - 18:46:37: [basecommands.smx] "Console<0><Console><Console>" changed cvar (cvar "sv_maxunlag") (value "1")
L 01/29/2023 - 18:46:37: [basecommands.smx] "Console<0><Console><Console>" changed cvar (cvar "sv_forcepreload") (value "1")
L 01/29/2023 - 18:46:37: [basecommands.smx] "Console<0><Console><Console>" changed cvar (cvar "sv_client_predict") (value "1")
L 01/29/2023 - 18:46:37: [basecommands.smx] "Console<0><Console><Console>" changed cvar (cvar "sv_client_cmdrate_difference") (value "0")
L 01/29/2023 - 18:46:37: [basecommands.smx] "Console<0><Console><Console>" changed cvar (cvar "sv_max_queries_sec_global") (value "10")
L 01/29/2023 - 18:46:37: [basecommands.smx] "Console<0><Console><Console>" changed cvar (cvar "sv_max_queries_sec") (value "3")
L 01/29/2023 - 18:46:37: [basecommands.smx] "Console<0><Console><Console>" changed cvar (cvar "sv_max_queries_window") (value "10")
L 01/29/2023 - 18:46:37: [basecommands.smx] "Console<0><Console><Console>" changed cvar (cvar "sv_player_stuck_tolerance") (value "5")
L 01/29/2023 - 18:46:37: [basecommands.smx] "Console<0><Console><Console>" changed cvar (cvar "sv_stats") (value "0")
L 01/29/2023 - 18:46:37: [basecommands.smx] "Console<0><Console><Console>" changed cvar (cvar "sv_clockcorrection_msecs") (value "25")
L 01/29/2023 - 18:46:37: [basecommands.smx] "Console<0><Console><Console>" changed cvar (cvar "sb_all_bot_game") (value "1")
L 01/29/2023 - 18:46:37: [basecommands.smx] "Console<0><Console><Console>" changed cvar (cvar "sn_hostname_format2") (value "{hostname} >> {gamemode} - {difficulty}")
L 01/29/2023 - 18:46:37: [basecommands.smx] "Console<0><Console><Console>" changed cvar (cvar "sn_hostname_format3") (value "{hostname} >>")
L 01/29/2023 - 18:46:37: [basecommands.smx] "Console<0><Console><Console>" changed cvar (cvar "sv_minrate") (value "100000")
L 01/29/2023 - 18:46:37: [basecommands.smx] "Console<0><Console><Console>" changed cvar (cvar "sv_maxrate") (value "100000")
L 01/29/2023 - 18:46:37: [basecommands.smx] "Console<0><Console><Console>" changed cvar (cvar "sv_minupdaterate") (value "100")
L 01/29/2023 - 18:46:37: [basecommands.smx] "Console<0><Console><Console>" changed cvar (cvar "sv_maxupdaterate") (value "100")
L 01/29/2023 - 18:46:37: [basecommands.smx] "Console<0><Console><Console>" changed cvar (cvar "sv_mincmdrate") (value "100")
L 01/29/2023 - 18:46:37: [basecommands.smx] "Console<0><Console><Console>" changed cvar (cvar "sv_maxcmdrate") (value "100")
L 01/29/2023 - 18:46:37: [basecommands.smx] "Console<0><Console><Console>" changed cvar (cvar "sv_client_min_interp_ratio") (value "-1")
L 01/29/2023 - 18:46:37: [basecommands.smx] "Console<0><Console><Console>" changed cvar (cvar "sv_client_max_interp_ratio") (value "0")
L 01/29/2023 - 18:46:37: [basecommands.smx] "Console<0><Console><Console>" changed cvar (cvar "nb_update_frequency") (value "0.014")
L 01/29/2023 - 18:46:37: [basecommands.smx] "Console<0><Console><Console>" changed cvar (cvar "net_splitrate") (value "2")
L 01/29/2023 - 18:46:37: [basecommands.smx] "Console<0><Console><Console>" changed cvar (cvar "net_splitpacket_maxrate") (value "60000")
L 01/29/2023 - 18:46:37: [basecommands.smx] "Console<0><Console><Console>" changed cvar (cvar "net_maxcleartime") (value "0.0001")
L 01/29/2023 - 18:46:37: [basecommands.smx] "Console<0><Console><Console>" changed cvar (cvar "sv_minrate") (value "100000")
L 01/29/2023 - 18:46:37: [basecommands.smx] "Console<0><Console><Console>" changed cvar (cvar "sv_maxrate") (value "100000")
L 01/29/2023 - 18:46:37: [basecommands.smx] "Console<0><Console><Console>" changed cvar (cvar "sv_minupdaterate") (value "100")
L 01/29/2023 - 18:46:37: [basecommands.smx] "Console<0><Console><Console>" changed cvar (cvar "sv_maxupdaterate") (value "100")
L 01/29/2023 - 18:46:37: [basecommands.smx] "Console<0><Console><Console>" changed cvar (cvar "sv_mincmdrate") (value "100")
L 01/29/2023 - 18:46:37: [basecommands.smx] "Console<0><Console><Console>" changed cvar (cvar "sv_maxcmdrate") (value "100")
L 01/29/2023 - 18:46:37: [basecommands.smx] "Console<0><Console><Console>" changed cvar (cvar "sv_client_min_interp_ratio") (value "-1")
L 01/29/2023 - 18:46:37: [basecommands.smx] "Console<0><Console><Console>" changed cvar (cvar "sv_client_max_interp_ratio") (value "0")
L 01/29/2023 - 18:46:37: [basecommands.smx] "Console<0><Console><Console>" changed cvar (cvar "nb_update_frequency") (value "0.014")
L 01/29/2023 - 18:46:37: [basecommands.smx] "Console<0><Console><Console>" changed cvar (cvar "net_splitrate") (value "2")
L 01/29/2023 - 18:46:37: [basecommands.smx] "Console<0><Console><Console>" changed cvar (cvar "net_splitpacket_maxrate") (value "60000")
L 01/29/2023 - 18:46:37: [basecommands.smx] "Console<0><Console><Console>" changed cvar (cvar "net_maxcleartime") (value "0.0001")
L 01/29/2023 - 18:46:40: -------- Mapchange to c2m1_highway --------
L 01/29/2023 - 18:46:42: [basecommands.smx] "Console<0><Console><Console>" changed cvar (cvar "sv_minrate") (value "100000")
L 01/29/2023 - 18:46:42: [basecommands.smx] "Console<0><Console><Console>" changed cvar (cvar "sv_maxrate") (value "100000")
L 01/29/2023 - 18:46:42: [basecommands.smx] "Console<0><Console><Console>" changed cvar (cvar "sv_minupdaterate") (value "100")
L 01/29/2023 - 18:46:42: [basecommands.smx] "Console<0><Console><Console>" changed cvar (cvar "sv_maxupdaterate") (value "100")
L 01/29/2023 - 18:46:42: [basecommands.smx] "Console<0><Console><Console>" changed cvar (cvar "sv_mincmdrate") (value "100")
L 01/29/2023 - 18:46:42: [basecommands.smx] "Console<0><Console><Console>" changed cvar (cvar "sv_maxcmdrate") (value "100")
L 01/29/2023 - 18:46:42: [basecommands.smx] "Console<0><Console><Console>" changed cvar (cvar "sv_client_min_interp_ratio") (value "-1")
L 01/29/2023 - 18:46:42: [basecommands.smx] "Console<0><Console><Console>" changed cvar (cvar "sv_client_max_interp_ratio") (value "0")
L 01/29/2023 - 18:46:42: [basecommands.smx] "Console<0><Console><Console>" changed cvar (cvar "nb_update_frequency") (value "0.014")
L 01/29/2023 - 18:46:42: [basecommands.smx] "Console<0><Console><Console>" changed cvar (cvar "net_splitpacket_maxrate") (value "50000")
L 01/29/2023 - 18:46:42: [basecommands.smx] "Console<0><Console><Console>" changed cvar (cvar "fps_max") (value "0")
L 01/29/2023 - 18:46:42: [basecommands.smx] "Console<0><Console><Console>" changed cvar (cvar "sv_allow_wait_command") (value "0")
L 01/29/2023 - 18:46:42: [basecommands.smx] "Console<0><Console><Console>" changed cvar (cvar "tick_door_speed") (value "1.3")
L 01/29/2023 - 18:46:42: [basecommands.smx] "Console<0><Console><Console>" changed cvar (cvar "mp_autoteambalance") (value "0")
L 01/29/2023 - 18:46:42: [basecommands.smx] "Console<0><Console><Console>" changed cvar (cvar "sv_unlag_fixstuck") (value "1")
L 01/29/2023 - 18:46:42: [basecommands.smx] "Console<0><Console><Console>" changed cvar (cvar "z_brawl_chance") (value "0")
L 01/29/2023 - 18:46:42: [basecommands.smx] "Console<0><Console><Console>" changed cvar (cvar "sv_maxunlag") (value "1")
L 01/29/2023 - 18:46:42: [basecommands.smx] "Console<0><Console><Console>" changed cvar (cvar "sv_forcepreload") (value "1")
L 01/29/2023 - 18:46:42: [basecommands.smx] "Console<0><Console><Console>" changed cvar (cvar "sv_client_predict") (value "1")
L 01/29/2023 - 18:46:42: [basecommands.smx] "Console<0><Console><Console>" changed cvar (cvar "sv_client_cmdrate_difference") (value "0")
L 01/29/2023 - 18:46:42: [basecommands.smx] "Console<0><Console><Console>" changed cvar (cvar "sv_max_queries_sec_global") (value "10")
L 01/29/2023 - 18:46:42: [basecommands.smx] "Console<0><Console><Console>" changed cvar (cvar "sv_max_queries_sec") (value "3")
L 01/29/2023 - 18:46:42: [basecommands.smx] "Console<0><Console><Console>" changed cvar (cvar "sv_max_queries_window") (value "10")
L 01/29/2023 - 18:46:42: [basecommands.smx] "Console<0><Console><Console>" changed cvar (cvar "sv_player_stuck_tolerance") (value "5")
L 01/29/2023 - 18:46:42: [basecommands.smx] "Console<0><Console><Console>" changed cvar (cvar "sv_stats") (value "0")
L 01/29/2023 - 18:46:42: [basecommands.smx] "Console<0><Console><Console>" changed cvar (cvar "sv_clockcorrection_msecs") (value "25")
L 01/29/2023 - 18:46:42: [basecommands.smx] "Console<0><Console><Console>" changed cvar (cvar "sb_all_bot_game") (value "1")
L 01/29/2023 - 18:46:42: [basecommands.smx] "Console<0><Console><Console>" changed cvar (cvar "sv_allowupload") (value "0")
L 01/29/2023 - 18:46:42: [basecommands.smx] "Console<0><Console><Console>" changed cvar (cvar "sv_allowdownload") (value "0")
L 01/29/2023 - 18:46:42: [basecommands.smx] "Console<0><Console><Console>" changed cvar (cvar "decalfrequency") (value "1.0")
L 01/29/2023 - 18:46:42: [basecommands.smx] "Console<0><Console><Console>" changed cvar (cvar "mv_maxplayers") (value "12")
L 01/29/2023 - 18:46:42: [basecommands.smx] "Console<0><Console><Console>" changed cvar (cvar "sn_main_name_path") (value "hostname/hostname.txt")
L 01/29/2023 - 18:46:42: [basecommands.smx] "Console<0><Console><Console>" changed cvar (cvar "sn_hostname_format1") (value "{hostname} >> {gamemode}")
L 01/29/2023 - 18:46:42: [basecommands.smx] "Console<0><Console><Console>" changed cvar (cvar "sn_hostname_format2") (value "{hostname} >> {gamemode} - {difficulty}")
L 01/29/2023 - 18:46:42: [basecommands.smx] "Console<0><Console><Console>" changed cvar (cvar "sn_hostname_format3") (value "{hostname} >>")
L 01/29/2023 - 18:46:42: [basecommands.smx] "Console<0><Console><Console>" changed cvar (cvar "sv_minrate") (value "100000")
L 01/29/2023 - 18:46:42: [basecommands.smx] "Console<0><Console><Console>" changed cvar (cvar "sv_maxrate") (value "100000")
L 01/29/2023 - 18:46:42: [basecommands.smx] "Console<0><Console><Console>" changed cvar (cvar "sv_minupdaterate") (value "100")
L 01/29/2023 - 18:46:42: [basecommands.smx] "Console<0><Console><Console>" changed cvar (cvar "sv_maxupdaterate") (value "100")
L 01/29/2023 - 18:46:42: [basecommands.smx] "Console<0><Console><Console>" changed cvar (cvar "sv_mincmdrate") (value "100")
L 01/29/2023 - 18:46:42: [basecommands.smx] "Console<0><Console><Console>" changed cvar (cvar "sv_maxcmdrate") (value "100")
L 01/29/2023 - 18:46:42: [basecommands.smx] "Console<0><Console><Console>" changed cvar (cvar "sv_client_min_interp_ratio") (value "-1")
L 01/29/2023 - 18:46:42: [basecommands.smx] "Console<0><Console><Console>" changed cvar (cvar "sv_client_max_interp_ratio") (value "0")
L 01/29/2023 - 18:46:42: [basecommands.smx] "Console<0><Console><Console>" changed cvar (cvar "nb_update_frequency") (value "0.014")
L 01/29/2023 - 18:46:42: [basecommands.smx] "Console<0><Console><Console>" changed cvar (cvar "net_splitrate") (value "2")
L 01/29/2023 - 18:46:42: [basecommands.smx] "Console<0><Console><Console>" changed cvar (cvar "net_splitpacket_maxrate") (value "60000")
L 01/29/2023 - 18:46:42: [basecommands.smx] "Console<0><Console><Console>" changed cvar (cvar "net_maxcleartime") (value "0.0001")
L 01/29/2023 - 18:46:44: [optional/l4d2_saferoom_item_remove.smx] Removed 0 saferoom item(s) (start: 0; end: 0).
L 01/29/2023 - 18:46:53: [cannounce.smx] Admin 23℃ <STEAM_1:0:246466989> connected from country China (CN), IP 223.149.53.89
L 01/29/2023 - 18:47:00: [optional/l4d2_saferoom_item_remove.smx] Removed 0 saferoom item(s) (start: 0; end: 0).
L 01/29/2023 - 18:47:02: [optional/l4d2_saferoom_item_remove.smx] Removed 0 saferoom item(s) (start: 0; end: 0).
L 01/29/2023 - 18:50:42: [optional/l4d2_skill_detect.smx] calarm trigger: caller 827 / activator 827 / delay: 0.00
L 01/29/2023 - 18:52:28: [optional/l4d2_saferoom_item_remove.smx] Removed 0 saferoom item(s) (start: 0; end: 0).
L 01/29/2023 - 18:53:04: [playercommands.smx] "23℃<2><STEAM_1:0:246466989><>" slayed "23℃<2><STEAM_1:0:246466989><>"
L 01/29/2023 - 18:53:05: [playercommands.smx] "23℃<2><STEAM_1:0:246466989><>" slayed "Nick<21><BOT><>"
L 01/29/2023 - 18:53:05: [playercommands.smx] "23℃<2><STEAM_1:0:246466989><>" slayed "Ellis<22><BOT><>"
L 01/29/2023 - 18:53:06: [playercommands.smx] "23℃<2><STEAM_1:0:246466989><>" slayed "Rochelle<23><BOT><>"
L 01/29/2023 - 18:53:19: [optional/l4d2_saferoom_item_remove.smx] Removed 0 saferoom item(s) (start: 0; end: 0).
L 01/29/2023 - 18:54:00: [basecommands.smx] "23℃<2><STEAM_1:0:246466989><>" changed map to "c8m5_rooftop"
L 01/29/2023 - 18:54:03: [SM] Changed map to "c8m5_rooftop"
L 01/29/2023 - 18:54:04: -------- Mapchange to c8m5_rooftop --------
L 01/29/2023 - 18:54:05: [basecommands.smx] "Console<0><Console><Console>" changed cvar (cvar "sv_minrate") (value "100000")
L 01/29/2023 - 18:54:05: [basecommands.smx] "Console<0><Console><Console>" changed cvar (cvar "sv_maxrate") (value "100000")
L 01/29/2023 - 18:54:05: [basecommands.smx] "Console<0><Console><Console>" changed cvar (cvar "sv_minupdaterate") (value "100")
L 01/29/2023 - 18:54:05: [basecommands.smx] "Console<0><Console><Console>" changed cvar (cvar "sv_maxupdaterate") (value "100")
L 01/29/2023 - 18:54:05: [basecommands.smx] "Console<0><Console><Console>" changed cvar (cvar "sv_mincmdrate") (value "100")
L 01/29/2023 - 18:54:05: [basecommands.smx] "Console<0><Console><Console>" changed cvar (cvar "sv_maxcmdrate") (value "100")
L 01/29/2023 - 18:54:05: [basecommands.smx] "Console<0><Console><Console>" changed cvar (cvar "sv_client_min_interp_ratio") (value "-1")
L 01/29/2023 - 18:54:05: [basecommands.smx] "Console<0><Console><Console>" changed cvar (cvar "sv_client_max_interp_ratio") (value "0")
L 01/29/2023 - 18:54:05: [basecommands.smx] "Console<0><Console><Console>" changed cvar (cvar "nb_update_frequency") (value "0.014")
L 01/29/2023 - 18:54:05: [basecommands.smx] "Console<0><Console><Console>" changed cvar (cvar "net_splitpacket_maxrate") (value "50000")
L 01/29/2023 - 18:54:05: [basecommands.smx] "Console<0><Console><Console>" changed cvar (cvar "fps_max") (value "0")
L 01/29/2023 - 18:54:05: [basecommands.smx] "Console<0><Console><Console>" changed cvar (cvar "sv_allow_wait_command") (value "0")
L 01/29/2023 - 18:54:05: [basecommands.smx] "Console<0><Console><Console>" changed cvar (cvar "tick_door_speed") (value "1.3")
L 01/29/2023 - 18:54:05: [basecommands.smx] "Console<0><Console><Console>" changed cvar (cvar "mp_autoteambalance") (value "0")
L 01/29/2023 - 18:54:05: [basecommands.smx] "Console<0><Console><Console>" changed cvar (cvar "sv_unlag_fixstuck") (value "1")
L 01/29/2023 - 18:54:05: [basecommands.smx] "Console<0><Console><Console>" changed cvar (cvar "z_brawl_chance") (value "0")
L 01/29/2023 - 18:54:05: [basecommands.smx] "Console<0><Console><Console>" changed cvar (cvar "sv_maxunlag") (value "1")
L 01/29/2023 - 18:54:05: [basecommands.smx] "Console<0><Console><Console>" changed cvar (cvar "sv_forcepreload") (value "1")
L 01/29/2023 - 18:54:05: [basecommands.smx] "Console<0><Console><Console>" changed cvar (cvar "sv_client_predict") (value "1")
L 01/29/2023 - 18:54:05: [basecommands.smx] "Console<0><Console><Console>" changed cvar (cvar "sv_client_cmdrate_difference") (value "0")
L 01/29/2023 - 18:54:05: [basecommands.smx] "Console<0><Console><Console>" changed cvar (cvar "sv_max_queries_sec_global") (value "10")
L 01/29/2023 - 18:54:05: [basecommands.smx] "Console<0><Console><Console>" changed cvar (cvar "sv_max_queries_sec") (value "3")
L 01/29/2023 - 18:54:05: [basecommands.smx] "Console<0><Console><Console>" changed cvar (cvar "sv_max_queries_window") (value "10")
L 01/29/2023 - 18:54:05: [basecommands.smx] "Console<0><Console><Console>" changed cvar (cvar "sv_player_stuck_tolerance") (value "5")
L 01/29/2023 - 18:54:05: [basecommands.smx] "Console<0><Console><Console>" changed cvar (cvar "sv_stats") (value "0")
L 01/29/2023 - 18:54:05: [basecommands.smx] "Console<0><Console><Console>" changed cvar (cvar "sv_clockcorrection_msecs") (value "25")
L 01/29/2023 - 18:54:05: [basecommands.smx] "Console<0><Console><Console>" changed cvar (cvar "sb_all_bot_game") (value "1")
L 01/29/2023 - 18:54:05: [basecommands.smx] "Console<0><Console><Console>" changed cvar (cvar "sv_allowupload") (value "0")
L 01/29/2023 - 18:54:05: [basecommands.smx] "Console<0><Console><Console>" changed cvar (cvar "sv_allowdownload") (value "0")
L 01/29/2023 - 18:54:05: [basecommands.smx] "Console<0><Console><Console>" changed cvar (cvar "decalfrequency") (value "1.0")
L 01/29/2023 - 18:54:05: [basecommands.smx] "Console<0><Console><Console>" changed cvar (cvar "mv_maxplayers") (value "12")
L 01/29/2023 - 18:54:05: [basecommands.smx] "Console<0><Console><Console>" changed cvar (cvar "sn_main_name_path") (value "hostname/hostname.txt")
L 01/29/2023 - 18:54:05: [basecommands.smx] "Console<0><Console><Console>" changed cvar (cvar "sn_hostname_format1") (value "{hostname} >> {gamemode}")
L 01/29/2023 - 18:54:05: [basecommands.smx] "Console<0><Console><Console>" changed cvar (cvar "sn_hostname_format2") (value "{hostname} >> {gamemode} - {difficulty}")
L 01/29/2023 - 18:54:05: [basecommands.smx] "Console<0><Console><Console>" changed cvar (cvar "sn_hostname_format3") (value "{hostname} >>")
L 01/29/2023 - 18:54:05: [basecommands.smx] "Console<0><Console><Console>" changed cvar (cvar "sv_minrate") (value "100000")
L 01/29/2023 - 18:54:05: [basecommands.smx] "Console<0><Console><Console>" changed cvar (cvar "sv_maxrate") (value "100000")
L 01/29/2023 - 18:54:05: [basecommands.smx] "Console<0><Console><Console>" changed cvar (cvar "sv_minupdaterate") (value "100")
L 01/29/2023 - 18:54:05: [basecommands.smx] "Console<0><Console><Console>" changed cvar (cvar "sv_maxupdaterate") (value "100")
L 01/29/2023 - 18:54:05: [basecommands.smx] "Console<0><Console><Console>" changed cvar (cvar "sv_mincmdrate") (value "100")
L 01/29/2023 - 18:54:05: [basecommands.smx] "Console<0><Console><Console>" changed cvar (cvar "sv_maxcmdrate") (value "100")
L 01/29/2023 - 18:54:05: [basecommands.smx] "Console<0><Console><Console>" changed cvar (cvar "sv_client_min_interp_ratio") (value "-1")
L 01/29/2023 - 18:54:05: [basecommands.smx] "Console<0><Console><Console>" changed cvar (cvar "sv_client_max_interp_ratio") (value "0")
L 01/29/2023 - 18:54:05: [basecommands.smx] "Console<0><Console><Console>" changed cvar (cvar "nb_update_frequency") (value "0.014")
L 01/29/2023 - 18:54:05: [basecommands.smx] "Console<0><Console><Console>" changed cvar (cvar "net_splitrate") (value "2")
L 01/29/2023 - 18:54:05: [basecommands.smx] "Console<0><Console><Console>" changed cvar (cvar "net_splitpacket_maxrate") (value "60000")
L 01/29/2023 - 18:54:05: [basecommands.smx] "Console<0><Console><Console>" changed cvar (cvar "net_maxcleartime") (value "0.0001")
L 01/29/2023 - 18:54:07: [optional/l4d2_saferoom_item_remove.smx] Removed 0 saferoom item(s) (start: 0; end: 0).
L 01/29/2023 - 18:54:14: [cannounce.smx] Admin 23℃ <STEAM_1:0:246466989> connected from country China (CN), IP 223.149.53.89
L 01/29/2023 - 18:54:21: [optional/l4d2_saferoom_item_remove.smx] Removed 0 saferoom item(s) (start: 0; end: 0).
L 01/29/2023 - 18:54:23: [optional/l4d2_saferoom_item_remove.smx] Removed 0 saferoom item(s) (start: 0; end: 0).
L 01/29/2023 - 18:56:02: [basecommands.smx] "Console<0><Console><Console>" changed cvar (cvar "scavenge_round_initial_time") (value "9999999999")
L 01/29/2023 - 19:00:12: [optional/l4d2_saferoom_item_remove.smx] Removed 0 saferoom item(s) (start: 0; end: 0).
L 01/29/2023 - 19:01:45: [basecommands.smx] "23℃<2><STEAM_1:0:246466989><>" changed map to "c8m5_rooftop"
L 01/29/2023 - 19:01:49: [SM] Changed map to "c8m5_rooftop"
L 01/29/2023 - 19:01:49: -------- Mapchange to c8m5_rooftop --------
L 01/29/2023 - 19:01:50: [basecommands.smx] "Console<0><Console><Console>" changed cvar (cvar "sv_minrate") (value "100000")
L 01/29/2023 - 19:01:50: [basecommands.smx] "Console<0><Console><Console>" changed cvar (cvar "sv_maxrate") (value "100000")
L 01/29/2023 - 19:01:50: [basecommands.smx] "Console<0><Console><Console>" changed cvar (cvar "sv_minupdaterate") (value "100")
L 01/29/2023 - 19:01:50: [basecommands.smx] "Console<0><Console><Console>" changed cvar (cvar "sv_maxupdaterate") (value "100")
L 01/29/2023 - 19:01:50: [basecommands.smx] "Console<0><Console><Console>" changed cvar (cvar "sv_mincmdrate") (value "100")
L 01/29/2023 - 19:01:50: [basecommands.smx] "Console<0><Console><Console>" changed cvar (cvar "sv_maxcmdrate") (value "100")
L 01/29/2023 - 19:01:50: [basecommands.smx] "Console<0><Console><Console>" changed cvar (cvar "sv_client_min_interp_ratio") (value "-1")
L 01/29/2023 - 19:01:50: [basecommands.smx] "Console<0><Console><Console>" changed cvar (cvar "sv_client_max_interp_ratio") (value "0")
L 01/29/2023 - 19:01:50: [basecommands.smx] "Console<0><Console><Console>" changed cvar (cvar "nb_update_frequency") (value "0.014")
L 01/29/2023 - 19:01:50: [basecommands.smx] "Console<0><Console><Console>" changed cvar (cvar "net_splitpacket_maxrate") (value "50000")
L 01/29/2023 - 19:01:50: [basecommands.smx] "Console<0><Console><Console>" changed cvar (cvar "fps_max") (value "0")
L 01/29/2023 - 19:01:50: [basecommands.smx] "Console<0><Console><Console>" changed cvar (cvar "sv_allow_wait_command") (value "0")
L 01/29/2023 - 19:01:50: [basecommands.smx] "Console<0><Console><Console>" changed cvar (cvar "tick_door_speed") (value "1.3")
L 01/29/2023 - 19:01:50: [basecommands.smx] "Console<0><Console><Console>" changed cvar (cvar "mp_autoteambalance") (value "0")
L 01/29/2023 - 19:01:50: [basecommands.smx] "Console<0><Console><Console>" changed cvar (cvar "sv_unlag_fixstuck") (value "1")
L 01/29/2023 - 19:01:50: [basecommands.smx] "Console<0><Console><Console>" changed cvar (cvar "z_brawl_chance") (value "0")
L 01/29/2023 - 19:01:50: [basecommands.smx] "Console<0><Console><Console>" changed cvar (cvar "sv_maxunlag") (value "1")
L 01/29/2023 - 19:01:50: [basecommands.smx] "Console<0><Console><Console>" changed cvar (cvar "sv_forcepreload") (value "1")
L 01/29/2023 - 19:01:50: [basecommands.smx] "Console<0><Console><Console>" changed cvar (cvar "sv_client_predict") (value "1")
L 01/29/2023 - 19:01:50: [basecommands.smx] "Console<0><Console><Console>" changed cvar (cvar "sv_client_cmdrate_difference") (value "0")
L 01/29/2023 - 19:01:50: [basecommands.smx] "Console<0><Console><Console>" changed cvar (cvar "sv_max_queries_sec_global") (value "10")
L 01/29/2023 - 19:01:50: [basecommands.smx] "Console<0><Console><Console>" changed cvar (cvar "sv_max_queries_sec") (value "3")
L 01/29/2023 - 19:01:50: [basecommands.smx] "Console<0><Console><Console>" changed cvar (cvar "sv_max_queries_window") (value "10")
L 01/29/2023 - 19:01:50: [basecommands.smx] "Console<0><Console><Console>" changed cvar (cvar "sv_player_stuck_tolerance") (value "5")
L 01/29/2023 - 19:01:50: [basecommands.smx] "Console<0><Console><Console>" changed cvar (cvar "sv_stats") (value "0")
L 01/29/2023 - 19:01:50: [basecommands.smx] "Console<0><Console><Console>" changed cvar (cvar "sv_clockcorrection_msecs") (value "25")
L 01/29/2023 - 19:01:50: [basecommands.smx] "Console<0><Console><Console>" changed cvar (cvar "sb_all_bot_game") (value "1")
L 01/29/2023 - 19:01:50: [basecommands.smx] "Console<0><Console><Console>" changed cvar (cvar "sv_allowupload") (value "0")
L 01/29/2023 - 19:01:50: [basecommands.smx] "Console<0><Console><Console>" changed cvar (cvar "sv_allowdownload") (value "0")
L 01/29/2023 - 19:01:50: [basecommands.smx] "Console<0><Console><Console>" changed cvar (cvar "decalfrequency") (value "1.0")
L 01/29/2023 - 19:01:50: [basecommands.smx] "Console<0><Console><Console>" changed cvar (cvar "mv_maxplayers") (value "12")
L 01/29/2023 - 19:01:50: [basecommands.smx] "Console<0><Console><Console>" changed cvar (cvar "sn_main_name_path") (value "hostname/hostname.txt")
L 01/29/2023 - 19:01:50: [basecommands.smx] "Console<0><Console><Console>" changed cvar (cvar "sn_hostname_format1") (value "{hostname} >> {gamemode}")
L 01/29/2023 - 19:01:50: [basecommands.smx] "Console<0><Console><Console>" changed cvar (cvar "sn_hostname_format2") (value "{hostname} >> {gamemode} - {difficulty}")
L 01/29/2023 - 19:01:50: [basecommands.smx] "Console<0><Console><Console>" changed cvar (cvar "sn_hostname_format3") (value "{hostname} >>")
L 01/29/2023 - 19:01:50: [basecommands.smx] "Console<0><Console><Console>" changed cvar (cvar "sv_minrate") (value "100000")
L 01/29/2023 - 19:01:50: [basecommands.smx] "Console<0><Console><Console>" changed cvar (cvar "sv_maxrate") (value "100000")
L 01/29/2023 - 19:01:50: [basecommands.smx] "Console<0><Console><Console>" changed cvar (cvar "sv_minupdaterate") (value "100")
L 01/29/2023 - 19:01:50: [basecommands.smx] "Console<0><Console><Console>" changed cvar (cvar "sv_maxupdaterate") (value "100")
L 01/29/2023 - 19:01:50: [basecommands.smx] "Console<0><Console><Console>" changed cvar (cvar "sv_mincmdrate") (value "100")
L 01/29/2023 - 19:01:50: [basecommands.smx] "Console<0><Console><Console>" changed cvar (cvar "sv_maxcmdrate") (value "100")
L 01/29/2023 - 19:01:50: [basecommands.smx] "Console<0><Console><Console>" changed cvar (cvar "sv_client_min_interp_ratio") (value "-1")
L 01/29/2023 - 19:01:50: [basecommands.smx] "Console<0><Console><Console>" changed cvar (cvar "sv_client_max_interp_ratio") (value "0")
L 01/29/2023 - 19:01:50: [basecommands.smx] "Console<0><Console><Console>" changed cvar (cvar "nb_update_frequency") (value "0.014")
L 01/29/2023 - 19:01:50: [basecommands.smx] "Console<0><Console><Console>" changed cvar (cvar "net_splitrate") (value "2")
L 01/29/2023 - 19:01:50: [basecommands.smx] "Console<0><Console><Console>" changed cvar (cvar "net_splitpacket_maxrate") (value "60000")
L 01/29/2023 - 19:01:50: [basecommands.smx] "Console<0><Console><Console>" changed cvar (cvar "net_maxcleartime") (value "0.0001")
L 01/29/2023 - 19:01:52: [optional/l4d2_saferoom_item_remove.smx] Removed 0 saferoom item(s) (start: 0; end: 0).
L 01/29/2023 - 19:01:58: [cannounce.smx] Admin 23℃ <STEAM_1:0:246466989> connected from country China (CN), IP 223.149.53.89
L 01/29/2023 - 19:02:05: [optional/l4d2_saferoom_item_remove.smx] Removed 0 saferoom item(s) (start: 0; end: 0).
L 01/29/2023 - 19:02:07: [optional/l4d2_saferoom_item_remove.smx] Removed 0 saferoom item(s) (start: 0; end: 0).
L 01/29/2023 - 19:03:15: [basecommands.smx] "23℃<2><STEAM_1:0:246466989><>" changed map to "c8m5_rooftop"
L 01/29/2023 - 19:03:18: [SM] Changed map to "c8m5_rooftop"
L 01/29/2023 - 19:03:18: -------- Mapchange to c8m5_rooftop --------
L 01/29/2023 - 19:03:19: [basecommands.smx] "Console<0><Console><Console>" changed cvar (cvar "sv_minrate") (value "100000")
L 01/29/2023 - 19:03:19: [basecommands.smx] "Console<0><Console><Console>" changed cvar (cvar "sv_maxrate") (value "100000")
L 01/29/2023 - 19:03:19: [basecommands.smx] "Console<0><Console><Console>" changed cvar (cvar "sv_minupdaterate") (value "100")
L 01/29/2023 - 19:03:19: [basecommands.smx] "Console<0><Console><Console>" changed cvar (cvar "sv_maxupdaterate") (value "100")
L 01/29/2023 - 19:03:19: [basecommands.smx] "Console<0><Console><Console>" changed cvar (cvar "sv_mincmdrate") (value "100")
L 01/29/2023 - 19:03:19: [basecommands.smx] "Console<0><Console><Console>" changed cvar (cvar "sv_maxcmdrate") (value "100")
L 01/29/2023 - 19:03:19: [basecommands.smx] "Console<0><Console><Console>" changed cvar (cvar "sv_client_min_interp_ratio") (value "-1")
L 01/29/2023 - 19:03:19: [basecommands.smx] "Console<0><Console><Console>" changed cvar (cvar "sv_client_max_interp_ratio") (value "0")
L 01/29/2023 - 19:03:19: [basecommands.smx] "Console<0><Console><Console>" changed cvar (cvar "nb_update_frequency") (value "0.014")
L 01/29/2023 - 19:03:19: [basecommands.smx] "Console<0><Console><Console>" changed cvar (cvar "net_splitpacket_maxrate") (value "50000")
L 01/29/2023 - 19:03:19: [basecommands.smx] "Console<0><Console><Console>" changed cvar (cvar "fps_max") (value "0")
L 01/29/2023 - 19:03:19: [basecommands.smx] "Console<0><Console><Console>" changed cvar (cvar "sv_allow_wait_command") (value "0")
L 01/29/2023 - 19:03:19: [basecommands.smx] "Console<0><Console><Console>" changed cvar (cvar "tick_door_speed") (value "1.3")
L 01/29/2023 - 19:03:19: [basecommands.smx] "Console<0><Console><Console>" changed cvar (cvar "mp_autoteambalance") (value "0")
L 01/29/2023 - 19:03:19: [basecommands.smx] "Console<0><Console><Console>" changed cvar (cvar "sv_unlag_fixstuck") (value "1")
L 01/29/2023 - 19:03:19: [basecommands.smx] "Console<0><Console><Console>" changed cvar (cvar "z_brawl_chance") (value "0")
L 01/29/2023 - 19:03:19: [basecommands.smx] "Console<0><Console><Console>" changed cvar (cvar "sv_maxunlag") (value "1")
L 01/29/2023 - 19:03:19: [basecommands.smx] "Console<0><Console><Console>" changed cvar (cvar "sv_forcepreload") (value "1")
L 01/29/2023 - 19:03:19: [basecommands.smx] "Console<0><Console><Console>" changed cvar (cvar "sv_client_predict") (value "1")
L 01/29/2023 - 19:03:19: [basecommands.smx] "Console<0><Console><Console>" changed cvar (cvar "sv_client_cmdrate_difference") (value "0")
L 01/29/2023 - 19:03:19: [basecommands.smx] "Console<0><Console><Console>" changed cvar (cvar "sv_max_queries_sec_global") (value "10")
L 01/29/2023 - 19:03:19: [basecommands.smx] "Console<0><Console><Console>" changed cvar (cvar "sv_max_queries_sec") (value "3")
L 01/29/2023 - 19:03:19: [basecommands.smx] "Console<0><Console><Console>" changed cvar (cvar "sv_max_queries_window") (value "10")
L 01/29/2023 - 19:03:19: [basecommands.smx] "Console<0><Console><Console>" changed cvar (cvar "sv_player_stuck_tolerance") (value "5")
L 01/29/2023 - 19:03:19: [basecommands.smx] "Console<0><Console><Console>" changed cvar (cvar "sv_stats") (value "0")
L 01/29/2023 - 19:03:19: [basecommands.smx] "Console<0><Console><Console>" changed cvar (cvar "sv_clockcorrection_msecs") (value "25")
L 01/29/2023 - 19:03:19: [basecommands.smx] "Console<0><Console><Console>" changed cvar (cvar "sb_all_bot_game") (value "1")
L 01/29/2023 - 19:03:19: [basecommands.smx] "Console<0><Console><Console>" changed cvar (cvar "sv_allowupload") (value "0")
L 01/29/2023 - 19:03:19: [basecommands.smx] "Console<0><Console><Console>" changed cvar (cvar "sv_allowdownload") (value "0")
L 01/29/2023 - 19:03:19: [basecommands.smx] "Console<0><Console><Console>" changed cvar (cvar "decalfrequency") (value "1.0")
L 01/29/2023 - 19:03:19: [basecommands.smx] "Console<0><Console><Console>" changed cvar (cvar "mv_maxplayers") (value "12")
L 01/29/2023 - 19:03:19: [basecommands.smx] "Console<0><Console><Console>" changed cvar (cvar "sn_main_name_path") (value "hostname/hostname.txt")
L 01/29/2023 - 19:03:19: [basecommands.smx] "Console<0><Console><Console>" changed cvar (cvar "sn_hostname_format1") (value "{hostname} >> {gamemode}")
L 01/29/2023 - 19:03:19: [basecommands.smx] "Console<0><Console><Console>" changed cvar (cvar "sn_hostname_format2") (value "{hostname} >> {gamemode} - {difficulty}")
L 01/29/2023 - 19:03:19: [basecommands.smx] "Console<0><Console><Console>" changed cvar (cvar "sn_hostname_format3") (value "{hostname} >>")
L 01/29/2023 - 19:03:19: [basecommands.smx] "Console<0><Console><Console>" changed cvar (cvar "sv_minrate") (value "100000")
L 01/29/2023 - 19:03:19: [basecommands.smx] "Console<0><Console><Console>" changed cvar (cvar "sv_maxrate") (value "100000")
L 01/29/2023 - 19:03:19: [basecommands.smx] "Console<0><Console><Console>" changed cvar (cvar "sv_minupdaterate") (value "100")
L 01/29/2023 - 19:03:19: [basecommands.smx] "Console<0><Console><Console>" changed cvar (cvar "sv_maxupdaterate") (value "100")
L 01/29/2023 - 19:03:19: [basecommands.smx] "Console<0><Console><Console>" changed cvar (cvar "sv_mincmdrate") (value "100")
L 01/29/2023 - 19:03:19: [basecommands.smx] "Console<0><Console><Console>" changed cvar (cvar "sv_maxcmdrate") (value "100")
L 01/29/2023 - 19:03:19: [basecommands.smx] "Console<0><Console><Console>" changed cvar (cvar "sv_client_min_interp_ratio") (value "-1")
L 01/29/2023 - 19:03:19: [basecommands.smx] "Console<0><Console><Console>" changed cvar (cvar "sv_client_max_interp_ratio") (value "0")
L 01/29/2023 - 19:03:19: [basecommands.smx] "Console<0><Console><Console>" changed cvar (cvar "nb_update_frequency") (value "0.014")
L 01/29/2023 - 19:03:19: [basecommands.smx] "Console<0><Console><Console>" changed cvar (cvar "net_splitrate") (value "2")
L 01/29/2023 - 19:03:19: [basecommands.smx] "Console<0><Console><Console>" changed cvar (cvar "net_splitpacket_maxrate") (value "60000")
L 01/29/2023 - 19:03:19: [basecommands.smx] "Console<0><Console><Console>" changed cvar (cvar "net_maxcleartime") (value "0.0001")
L 01/29/2023 - 19:03:21: [optional/l4d2_saferoom_item_remove.smx] Removed 0 saferoom item(s) (start: 0; end: 0).
L 01/29/2023 - 19:03:26: [cannounce.smx] Admin 23℃ <STEAM_1:0:246466989> connected from country China (CN), IP 223.149.53.89
L 01/29/2023 - 19:03:33: [optional/l4d2_saferoom_item_remove.smx] Removed 0 saferoom item(s) (start: 0; end: 0).
L 01/29/2023 - 19:03:36: [optional/l4d2_saferoom_item_remove.smx] Removed 0 saferoom item(s) (start: 0; end: 0).
L 01/29/2023 - 19:08:07: [optional/l4d2_saferoom_item_remove.smx] Removed 0 saferoom item(s) (start: 0; end: 0).
L 01/29/2023 - 19:24:15: [optional/l4d2_saferoom_item_remove.smx] Removed 0 saferoom item(s) (start: 0; end: 0).
L 01/29/2023 - 19:25:09: [cannounce.smx] Admin 23℃ <STEAM_1:0:246466989> from country China (CN) disconnected from IP 223.149.53.89reason: Disconnect by user.
L 01/29/2023 - 19:25:09: [basecommands.smx] "Console<0><Console><Console>" changed cvar (cvar "sb_all_bot_game") (value "1")
L 01/29/2023 - 19:25:09: [basecommands.smx] "Console<0><Console><Console>" changed cvar (cvar "sb_all_bot_game") (value "1")
L 01/29/2023 - 19:25:11: [linux_auto_restart.smx] Last one player left the server, Restart server now
L 01/29/2023 - 19:25:11: [linux_auto_restart.smx] Last one player left the server, Restart server now
L 01/29/2023 - 19:25:23: SourceMod log file session started (file "/root/Steam/steamapps/common/Left 4 Dead 2 Dedicated Server/left4dead2/addons/sourcemod/logs/L20230129.log") (Version "1.11.0.6825")
L 01/29/2023 - 19:25:23: [GEOIP] GeoIP2 database loaded: GeoLite2-City (2019-12-17 20:01:26 UTC)
L 01/29/2023 - 19:25:23: [GEOIP] GeoIP2 supported languages: de en es fr ja pt-BR ru zh-CN
L 01/29/2023 - 19:25:23: [GEOIPCITY] GeoIPCity database info: GEO-533LITE 20150106 Build 1 Copyright (c) 2015 MaxMind Inc All Rights Reserved
L 01/29/2023 - 19:25:25: [basecommands.smx] "Console<0><Console><Console>" changed cvar (cvar "sv_minrate") (value "100000")
L 01/29/2023 - 19:25:25: [basecommands.smx] "Console<0><Console><Console>" changed cvar (cvar "sv_maxrate") (value "100000")
L 01/29/2023 - 19:25:25: [basecommands.smx] "Console<0><Console><Console>" changed cvar (cvar "sv_minupdaterate") (value "100")
L 01/29/2023 - 19:25:25: [basecommands.smx] "Console<0><Console><Console>" changed cvar (cvar "sv_maxupdaterate") (value "100")
L 01/29/2023 - 19:25:25: [basecommands.smx] "Console<0><Console><Console>" changed cvar (cvar "sv_mincmdrate") (value "100")
L 01/29/2023 - 19:25:25: [basecommands.smx] "Console<0><Console><Console>" changed cvar (cvar "sv_maxcmdrate") (value "100")
L 01/29/2023 - 19:25:25: [basecommands.smx] "Console<0><Console><Console>" changed cvar (cvar "sv_client_min_interp_ratio") (value "-1")
L 01/29/2023 - 19:25:25: [basecommands.smx] "Console<0><Console><Console>" changed cvar (cvar "sv_client_max_interp_ratio") (value "0")
L 01/29/2023 - 19:25:25: [basecommands.smx] "Console<0><Console><Console>" changed cvar (cvar "nb_update_frequency") (value "0.014")
L 01/29/2023 - 19:25:25: [basecommands.smx] "Console<0><Console><Console>" changed cvar (cvar "net_splitpacket_maxrate") (value "50000")
L 01/29/2023 - 19:25:25: [basecommands.smx] "Console<0><Console><Console>" changed cvar (cvar "fps_max") (value "0")
L 01/29/2023 - 19:25:25: [basecommands.smx] "Console<0><Console><Console>" changed cvar (cvar "sv_allow_wait_command") (value "0")
L 01/29/2023 - 19:25:25: [basecommands.smx] "Console<0><Console><Console>" changed cvar (cvar "tick_door_speed") (value "1.3")
L 01/29/2023 - 19:25:25: [basecommands.smx] "Console<0><Console><Console>" changed cvar (cvar "mp_autoteambalance") (value "0")
L 01/29/2023 - 19:25:25: [basecommands.smx] "Console<0><Console><Console>" changed cvar (cvar "sv_unlag_fixstuck") (value "1")
L 01/29/2023 - 19:25:25: [basecommands.smx] "Console<0><Console><Console>" changed cvar (cvar "z_brawl_chance") (value "0")
L 01/29/2023 - 19:25:25: [basecommands.smx] "Console<0><Console><Console>" changed cvar (cvar "sv_maxunlag") (value "1")
L 01/29/2023 - 19:25:25: [basecommands.smx] "Console<0><Console><Console>" changed cvar (cvar "sv_forcepreload") (value "1")
L 01/29/2023 - 19:25:25: [basecommands.smx] "Console<0><Console><Console>" changed cvar (cvar "sv_client_predict") (value "1")
L 01/29/2023 - 19:25:25: [basecommands.smx] "Console<0><Console><Console>" changed cvar (cvar "sv_client_cmdrate_difference") (value "0")
L 01/29/2023 - 19:25:25: [basecommands.smx] "Console<0><Console><Console>" changed cvar (cvar "sv_max_queries_sec_global") (value "10")
L 01/29/2023 - 19:25:25: [basecommands.smx] "Console<0><Console><Console>" changed cvar (cvar "sv_max_queries_sec") (value "3")
L 01/29/2023 - 19:25:25: [basecommands.smx] "Console<0><Console><Console>" changed cvar (cvar "sv_max_queries_window") (value "10")
L 01/29/2023 - 19:25:25: [basecommands.smx] "Console<0><Console><Console>" changed cvar (cvar "sv_player_stuck_tolerance") (value "5")
L 01/29/2023 - 19:25:25: [basecommands.smx] "Console<0><Console><Console>" changed cvar (cvar "sv_stats") (value "0")
L 01/29/2023 - 19:25:25: [basecommands.smx] "Console<0><Console><Console>" changed cvar (cvar "sv_clockcorrection_msecs") (value "25")
L 01/29/2023 - 19:25:25: [basecommands.smx] "Console<0><Console><Console>" changed cvar (cvar "sb_all_bot_game") (value "1")
L 01/29/2023 - 19:25:25: [basecommands.smx] "Console<0><Console><Console>" changed cvar (cvar "sv_allowupload") (value "0")
L 01/29/2023 - 19:25:25: [basecommands.smx] "Console<0><Console><Console>" changed cvar (cvar "sv_allowdownload") (value "0")
L 01/29/2023 - 19:25:25: [basecommands.smx] "Console<0><Console><Console>" changed cvar (cvar "decalfrequency") (value "1.0")
L 01/29/2023 - 19:25:25: [basecommands.smx] "Console<0><Console><Console>" changed cvar (cvar "mv_maxplayers") (value "12")
L 01/29/2023 - 19:25:25: [basecommands.smx] "Console<0><Console><Console>" changed cvar (cvar "sn_main_name_path") (value "hostname/hostname.txt")
L 01/29/2023 - 19:25:25: [basecommands.smx] "Console<0><Console><Console>" changed cvar (cvar "sn_hostname_format1") (value "{hostname} >> {gamemode}")
L 01/29/2023 - 19:25:25: [basecommands.smx] "Console<0><Console><Console>" changed cvar (cvar "sn_hostname_format2") (value "{hostname} >> {gamemode} - {difficulty}")
L 01/29/2023 - 19:25:25: [basecommands.smx] "Console<0><Console><Console>" changed cvar (cvar "sn_hostname_format3") (value "{hostname} >>")
L 01/29/2023 - 22:03:28: [l4d2_playtime_interface.smx] Failed to retrieve response (GetUserStatsForGame) - HTTPStatus: 403
L 01/29/2023 - 22:03:39: [cannounce.smx] Player iPhoneX <STEAM_1:0:625834323> connected from country China (CN), IP 120.239.45.151
L 01/29/2023 - 22:03:58: [confoglcompmod.smx] [PasswordSystem] Set password on iPhoneX, password 
L 01/29/2023 - 22:03:59: [basecommands.smx] "Console<0><Console><Console>" changed cvar (cvar "confogl_match_execcfg_plugins") (value "generalfixes.cfg;confogl_plugins.cfg;sharedplugins.cfg")
L 01/29/2023 - 22:03:59: [basecommands.smx] "Console<0><Console><Console>" changed cvar (cvar "l4d2_addons_eclipse") (value "0")
L 01/29/2023 - 22:03:59: [basecommands.smx] "Console<0><Console><Console>" changed cvar (cvar "sv_allow_wait_command") (value "0")
L 01/29/2023 - 22:03:59: [basecommands.smx] "Console<0><Console><Console>" changed cvar (cvar "sv_minrate") (value "100000")
L 01/29/2023 - 22:03:59: [basecommands.smx] "Console<0><Console><Console>" changed cvar (cvar "sv_maxrate") (value "100000")
L 01/29/2023 - 22:03:59: [basecommands.smx] "Console<0><Console><Console>" changed cvar (cvar "sv_minupdaterate") (value "100")
L 01/29/2023 - 22:03:59: [basecommands.smx] "Console<0><Console><Console>" changed cvar (cvar "sv_maxupdaterate") (value "100")
L 01/29/2023 - 22:03:59: [basecommands.smx] "Console<0><Console><Console>" changed cvar (cvar "sv_mincmdrate") (value "100")
L 01/29/2023 - 22:03:59: [basecommands.smx] "Console<0><Console><Console>" changed cvar (cvar "sv_maxcmdrate") (value "100")
L 01/29/2023 - 22:03:59: [basecommands.smx] "Console<0><Console><Console>" changed cvar (cvar "sv_client_min_interp_ratio") (value "-1")
L 01/29/2023 - 22:03:59: [basecommands.smx] "Console<0><Console><Console>" changed cvar (cvar "sv_client_max_interp_ratio") (value "0")
L 01/29/2023 - 22:03:59: [basecommands.smx] "Console<0><Console><Console>" changed cvar (cvar "nb_update_frequency") (value "0.014")
L 01/29/2023 - 22:03:59: [basecommands.smx] "Console<0><Console><Console>" changed cvar (cvar "net_splitpacket_maxrate") (value "50000")
L 01/29/2023 - 22:03:59: [basecommands.smx] "Console<0><Console><Console>" changed cvar (cvar "fps_max") (value "0")
L 01/29/2023 - 22:03:59: [basecommands.smx] "Console<0><Console><Console>" changed cvar (cvar "tick_door_speed") (value "1.3")
L 01/29/2023 - 22:03:59: [basecommands.smx] "Console<0><Console><Console>" changed cvar (cvar "mv_maxplayers") (value "12")
L 01/29/2023 - 22:03:59: [basecommands.smx] "Console<0><Console><Console>" changed cvar (cvar "mp_autoteambalance") (value "0")
L 01/29/2023 - 22:03:59: [basecommands.smx] "Console<0><Console><Console>" changed cvar (cvar "sv_unlag_fixstuck") (value "1")
L 01/29/2023 - 22:03:59: [basecommands.smx] "Console<0><Console><Console>" changed cvar (cvar "z_brawl_chance") (value "0")
L 01/29/2023 - 22:03:59: [basecommands.smx] "Console<0><Console><Console>" changed cvar (cvar "sv_maxunlag") (value "1")
L 01/29/2023 - 22:03:59: [basecommands.smx] "Console<0><Console><Console>" changed cvar (cvar "sv_forcepreload") (value "1")
L 01/29/2023 - 22:03:59: [basecommands.smx] "Console<0><Console><Console>" changed cvar (cvar "sv_client_predict") (value "1")
L 01/29/2023 - 22:03:59: [basecommands.smx] "Console<0><Console><Console>" changed cvar (cvar "sv_client_cmdrate_difference") (value "0")
L 01/29/2023 - 22:03:59: [basecommands.smx] "Console<0><Console><Console>" changed cvar (cvar "sv_max_queries_sec_global") (value "10")
L 01/29/2023 - 22:03:59: [basecommands.smx] "Console<0><Console><Console>" changed cvar (cvar "sv_max_queries_sec") (value "3")
L 01/29/2023 - 22:03:59: [basecommands.smx] "Console<0><Console><Console>" changed cvar (cvar "sv_max_queries_window") (value "10")
L 01/29/2023 - 22:03:59: [basecommands.smx] "Console<0><Console><Console>" changed cvar (cvar "sv_player_stuck_tolerance") (value "5")
L 01/29/2023 - 22:03:59: [basecommands.smx] "Console<0><Console><Console>" changed cvar (cvar "sv_stats") (value "0")
L 01/29/2023 - 22:03:59: [basecommands.smx] "Console<0><Console><Console>" changed cvar (cvar "sv_clockcorrection_msecs") (value "25")
L 01/29/2023 - 22:03:59: [basecommands.smx] "Console<0><Console><Console>" changed cvar (cvar "sb_all_bot_game") (value "1")
L 01/29/2023 - 22:03:59: [basecommands.smx] "Console<0><Console><Console>" changed cvar (cvar "sn_hostname_format2") (value "{hostname} >> {gamemode} - {difficulty}")
L 01/29/2023 - 22:03:59: [basecommands.smx] "Console<0><Console><Console>" changed cvar (cvar "sn_hostname_format3") (value "{hostname} >>")
L 01/29/2023 - 22:03:59: [cannounce.smx] Player emileseb5 <STEAM_1:0:632143659> connected from country China (CN), IP 106.7.152.231
L 01/29/2023 - 22:04:02: -------- Mapchange to c2m1_highway --------
L 01/29/2023 - 22:04:03: [basecommands.smx] "Console<0><Console><Console>" changed cvar (cvar "sv_minrate") (value "100000")
L 01/29/2023 - 22:04:03: [basecommands.smx] "Console<0><Console><Console>" changed cvar (cvar "sv_maxrate") (value "100000")
L 01/29/2023 - 22:04:03: [basecommands.smx] "Console<0><Console><Console>" changed cvar (cvar "sv_minupdaterate") (value "100")
L 01/29/2023 - 22:04:03: [basecommands.smx] "Console<0><Console><Console>" changed cvar (cvar "sv_maxupdaterate") (value "100")
L 01/29/2023 - 22:04:03: [basecommands.smx] "Console<0><Console><Console>" changed cvar (cvar "sv_mincmdrate") (value "100")
L 01/29/2023 - 22:04:03: [basecommands.smx] "Console<0><Console><Console>" changed cvar (cvar "sv_maxcmdrate") (value "100")
L 01/29/2023 - 22:04:03: [basecommands.smx] "Console<0><Console><Console>" changed cvar (cvar "sv_client_min_interp_ratio") (value "-1")
L 01/29/2023 - 22:04:03: [basecommands.smx] "Console<0><Console><Console>" changed cvar (cvar "sv_client_max_interp_ratio") (value "0")
L 01/29/2023 - 22:04:03: [basecommands.smx] "Console<0><Console><Console>" changed cvar (cvar "nb_update_frequency") (value "0.014")
L 01/29/2023 - 22:04:03: [basecommands.smx] "Console<0><Console><Console>" changed cvar (cvar "net_splitpacket_maxrate") (value "50000")
L 01/29/2023 - 22:04:03: [basecommands.smx] "Console<0><Console><Console>" changed cvar (cvar "fps_max") (value "0")
L 01/29/2023 - 22:04:03: [basecommands.smx] "Console<0><Console><Console>" changed cvar (cvar "sv_allow_wait_command") (value "0")
L 01/29/2023 - 22:04:03: [basecommands.smx] "Console<0><Console><Console>" changed cvar (cvar "tick_door_speed") (value "1.3")
L 01/29/2023 - 22:04:03: [basecommands.smx] "Console<0><Console><Console>" changed cvar (cvar "mp_autoteambalance") (value "0")
L 01/29/2023 - 22:04:03: [basecommands.smx] "Console<0><Console><Console>" changed cvar (cvar "sv_unlag_fixstuck") (value "1")
L 01/29/2023 - 22:04:03: [basecommands.smx] "Console<0><Console><Console>" changed cvar (cvar "z_brawl_chance") (value "0")
L 01/29/2023 - 22:04:03: [basecommands.smx] "Console<0><Console><Console>" changed cvar (cvar "sv_maxunlag") (value "1")
L 01/29/2023 - 22:04:03: [basecommands.smx] "Console<0><Console><Console>" changed cvar (cvar "sv_forcepreload") (value "1")
L 01/29/2023 - 22:04:03: [basecommands.smx] "Console<0><Console><Console>" changed cvar (cvar "sv_client_predict") (value "1")
L 01/29/2023 - 22:04:03: [basecommands.smx] "Console<0><Console><Console>" changed cvar (cvar "sv_client_cmdrate_difference") (value "0")
L 01/29/2023 - 22:04:03: [basecommands.smx] "Console<0><Console><Console>" changed cvar (cvar "sv_max_queries_sec_global") (value "10")
L 01/29/2023 - 22:04:03: [basecommands.smx] "Console<0><Console><Console>" changed cvar (cvar "sv_max_queries_sec") (value "3")
L 01/29/2023 - 22:04:03: [basecommands.smx] "Console<0><Console><Console>" changed cvar (cvar "sv_max_queries_window") (value "10")
L 01/29/2023 - 22:04:03: [basecommands.smx] "Console<0><Console><Console>" changed cvar (cvar "sv_player_stuck_tolerance") (value "5")
L 01/29/2023 - 22:04:03: [basecommands.smx] "Console<0><Console><Console>" changed cvar (cvar "sv_stats") (value "0")
L 01/29/2023 - 22:04:03: [basecommands.smx] "Console<0><Console><Console>" changed cvar (cvar "sv_clockcorrection_msecs") (value "25")
L 01/29/2023 - 22:04:03: [basecommands.smx] "Console<0><Console><Console>" changed cvar (cvar "sb_all_bot_game") (value "1")
L 01/29/2023 - 22:04:03: [basecommands.smx] "Console<0><Console><Console>" changed cvar (cvar "sv_allowupload") (value "0")
L 01/29/2023 - 22:04:03: [basecommands.smx] "Console<0><Console><Console>" changed cvar (cvar "sv_allowdownload") (value "0")
L 01/29/2023 - 22:04:03: [basecommands.smx] "Console<0><Console><Console>" changed cvar (cvar "decalfrequency") (value "1.0")
L 01/29/2023 - 22:04:03: [basecommands.smx] "Console<0><Console><Console>" changed cvar (cvar "mv_maxplayers") (value "12")
L 01/29/2023 - 22:04:03: [basecommands.smx] "Console<0><Console><Console>" changed cvar (cvar "sn_main_name_path") (value "hostname/hostname.txt")
L 01/29/2023 - 22:04:03: [basecommands.smx] "Console<0><Console><Console>" changed cvar (cvar "sn_hostname_format1") (value "{hostname} >> {gamemode}")
L 01/29/2023 - 22:04:03: [basecommands.smx] "Console<0><Console><Console>" changed cvar (cvar "sn_hostname_format2") (value "{hostname} >> {gamemode} - {difficulty}")
L 01/29/2023 - 22:04:03: [basecommands.smx] "Console<0><Console><Console>" changed cvar (cvar "sn_hostname_format3") (value "{hostname} >>")
L 01/29/2023 - 22:04:05: [optional/l4d2_saferoom_item_remove.smx] Removed 0 saferoom item(s) (start: 0; end: 0).
L 01/29/2023 - 22:04:15: [cannounce.smx] Player iPhoneX <STEAM_1:0:625834323> connected from country China (CN), IP 120.239.45.151
L 01/29/2023 - 22:04:17: [cannounce.smx] Player emileseb5 <STEAM_1:0:632143659> connected from country China (CN), IP 106.7.152.231
L 01/29/2023 - 22:07:30: [optional/l4d2_saferoom_item_remove.smx] Removed 0 saferoom item(s) (start: 0; end: 0).
L 01/29/2023 - 22:12:13: -------- Mapchange to c2m2_fairgrounds --------
L 01/29/2023 - 22:12:15: [basecommands.smx] "Console<0><Console><Console>" changed cvar (cvar "sv_minrate") (value "100000")
L 01/29/2023 - 22:12:15: [basecommands.smx] "Console<0><Console><Console>" changed cvar (cvar "sv_maxrate") (value "100000")
L 01/29/2023 - 22:12:15: [basecommands.smx] "Console<0><Console><Console>" changed cvar (cvar "sv_minupdaterate") (value "100")
L 01/29/2023 - 22:12:15: [basecommands.smx] "Console<0><Console><Console>" changed cvar (cvar "sv_maxupdaterate") (value "100")
L 01/29/2023 - 22:12:15: [basecommands.smx] "Console<0><Console><Console>" changed cvar (cvar "sv_mincmdrate") (value "100")
L 01/29/2023 - 22:12:15: [basecommands.smx] "Console<0><Console><Console>" changed cvar (cvar "sv_maxcmdrate") (value "100")
L 01/29/2023 - 22:12:15: [basecommands.smx] "Console<0><Console><Console>" changed cvar (cvar "sv_client_min_interp_ratio") (value "-1")
L 01/29/2023 - 22:12:15: [basecommands.smx] "Console<0><Console><Console>" changed cvar (cvar "sv_client_max_interp_ratio") (value "0")
L 01/29/2023 - 22:12:15: [basecommands.smx] "Console<0><Console><Console>" changed cvar (cvar "nb_update_frequency") (value "0.014")
L 01/29/2023 - 22:12:15: [basecommands.smx] "Console<0><Console><Console>" changed cvar (cvar "net_splitpacket_maxrate") (value "50000")
L 01/29/2023 - 22:12:15: [basecommands.smx] "Console<0><Console><Console>" changed cvar (cvar "fps_max") (value "0")
L 01/29/2023 - 22:12:15: [basecommands.smx] "Console<0><Console><Console>" changed cvar (cvar "sv_allow_wait_command") (value "0")
L 01/29/2023 - 22:12:15: [basecommands.smx] "Console<0><Console><Console>" changed cvar (cvar "tick_door_speed") (value "1.3")
L 01/29/2023 - 22:12:15: [basecommands.smx] "Console<0><Console><Console>" changed cvar (cvar "mp_autoteambalance") (value "0")
L 01/29/2023 - 22:12:15: [basecommands.smx] "Console<0><Console><Console>" changed cvar (cvar "sv_unlag_fixstuck") (value "1")
L 01/29/2023 - 22:12:15: [basecommands.smx] "Console<0><Console><Console>" changed cvar (cvar "z_brawl_chance") (value "0")
L 01/29/2023 - 22:12:15: [basecommands.smx] "Console<0><Console><Console>" changed cvar (cvar "sv_maxunlag") (value "1")
L 01/29/2023 - 22:12:15: [basecommands.smx] "Console<0><Console><Console>" changed cvar (cvar "sv_forcepreload") (value "1")
L 01/29/2023 - 22:12:15: [basecommands.smx] "Console<0><Console><Console>" changed cvar (cvar "sv_client_predict") (value "1")
L 01/29/2023 - 22:12:15: [basecommands.smx] "Console<0><Console><Console>" changed cvar (cvar "sv_client_cmdrate_difference") (value "0")
L 01/29/2023 - 22:12:15: [basecommands.smx] "Console<0><Console><Console>" changed cvar (cvar "sv_max_queries_sec_global") (value "10")
L 01/29/2023 - 22:12:15: [basecommands.smx] "Console<0><Console><Console>" changed cvar (cvar "sv_max_queries_sec") (value "3")
L 01/29/2023 - 22:12:15: [basecommands.smx] "Console<0><Console><Console>" changed cvar (cvar "sv_max_queries_window") (value "10")
L 01/29/2023 - 22:12:15: [basecommands.smx] "Console<0><Console><Console>" changed cvar (cvar "sv_player_stuck_tolerance") (value "5")
L 01/29/2023 - 22:12:15: [basecommands.smx] "Console<0><Console><Console>" changed cvar (cvar "sv_stats") (value "0")
L 01/29/2023 - 22:12:15: [basecommands.smx] "Console<0><Console><Console>" changed cvar (cvar "sv_clockcorrection_msecs") (value "25")
L 01/29/2023 - 22:12:15: [basecommands.smx] "Console<0><Console><Console>" changed cvar (cvar "sb_all_bot_game") (value "1")
L 01/29/2023 - 22:12:15: [basecommands.smx] "Console<0><Console><Console>" changed cvar (cvar "sv_allowupload") (value "0")
L 01/29/2023 - 22:12:15: [basecommands.smx] "Console<0><Console><Console>" changed cvar (cvar "sv_allowdownload") (value "0")
L 01/29/2023 - 22:12:15: [basecommands.smx] "Console<0><Console><Console>" changed cvar (cvar "decalfrequency") (value "1.0")
L 01/29/2023 - 22:12:15: [basecommands.smx] "Console<0><Console><Console>" changed cvar (cvar "mv_maxplayers") (value "12")
L 01/29/2023 - 22:12:15: [basecommands.smx] "Console<0><Console><Console>" changed cvar (cvar "sn_main_name_path") (value "hostname/hostname.txt")
L 01/29/2023 - 22:12:15: [basecommands.smx] "Console<0><Console><Console>" changed cvar (cvar "sn_hostname_format1") (value "{hostname} >> {gamemode}")
L 01/29/2023 - 22:12:15: [basecommands.smx] "Console<0><Console><Console>" changed cvar (cvar "sn_hostname_format2") (value "{hostname} >> {gamemode} - {difficulty}")
L 01/29/2023 - 22:12:15: [basecommands.smx] "Console<0><Console><Console>" changed cvar (cvar "sn_hostname_format3") (value "{hostname} >>")
L 01/29/2023 - 22:12:16: [optional/l4d2_saferoom_item_remove.smx] Removed 0 saferoom item(s) (start: 0; end: 0).
L 01/29/2023 - 22:12:27: [cannounce.smx] Player iPhoneX <STEAM_1:0:625834323> connected from country China (CN), IP 120.239.45.151
L 01/29/2023 - 22:12:31: [cannounce.smx] Player emileseb5 <STEAM_1:0:632143659> connected from country China (CN), IP 106.7.152.231
L 01/29/2023 - 22:15:51: [optional/l4d2_saferoom_item_remove.smx] Removed 0 saferoom item(s) (start: 0; end: 0).
L 01/29/2023 - 22:19:37: -------- Mapchange to c2m3_coaster --------
L 01/29/2023 - 22:19:39: [basecommands.smx] "Console<0><Console><Console>" changed cvar (cvar "sv_minrate") (value "100000")
L 01/29/2023 - 22:19:39: [basecommands.smx] "Console<0><Console><Console>" changed cvar (cvar "sv_maxrate") (value "100000")
L 01/29/2023 - 22:19:39: [basecommands.smx] "Console<0><Console><Console>" changed cvar (cvar "sv_minupdaterate") (value "100")
L 01/29/2023 - 22:19:39: [basecommands.smx] "Console<0><Console><Console>" changed cvar (cvar "sv_maxupdaterate") (value "100")
L 01/29/2023 - 22:19:39: [basecommands.smx] "Console<0><Console><Console>" changed cvar (cvar "sv_mincmdrate") (value "100")
L 01/29/2023 - 22:19:39: [basecommands.smx] "Console<0><Console><Console>" changed cvar (cvar "sv_maxcmdrate") (value "100")
L 01/29/2023 - 22:19:39: [basecommands.smx] "Console<0><Console><Console>" changed cvar (cvar "sv_client_min_interp_ratio") (value "-1")
L 01/29/2023 - 22:19:39: [basecommands.smx] "Console<0><Console><Console>" changed cvar (cvar "sv_client_max_interp_ratio") (value "0")
L 01/29/2023 - 22:19:39: [basecommands.smx] "Console<0><Console><Console>" changed cvar (cvar "nb_update_frequency") (value "0.014")
L 01/29/2023 - 22:19:39: [basecommands.smx] "Console<0><Console><Console>" changed cvar (cvar "net_splitpacket_maxrate") (value "50000")
L 01/29/2023 - 22:19:39: [basecommands.smx] "Console<0><Console><Console>" changed cvar (cvar "fps_max") (value "0")
L 01/29/2023 - 22:19:39: [basecommands.smx] "Console<0><Console><Console>" changed cvar (cvar "sv_allow_wait_command") (value "0")
L 01/29/2023 - 22:19:39: [basecommands.smx] "Console<0><Console><Console>" changed cvar (cvar "tick_door_speed") (value "1.3")
L 01/29/2023 - 22:19:39: [basecommands.smx] "Console<0><Console><Console>" changed cvar (cvar "mp_autoteambalance") (value "0")
L 01/29/2023 - 22:19:39: [basecommands.smx] "Console<0><Console><Console>" changed cvar (cvar "sv_unlag_fixstuck") (value "1")
L 01/29/2023 - 22:19:39: [basecommands.smx] "Console<0><Console><Console>" changed cvar (cvar "z_brawl_chance") (value "0")
L 01/29/2023 - 22:19:39: [basecommands.smx] "Console<0><Console><Console>" changed cvar (cvar "sv_maxunlag") (value "1")
L 01/29/2023 - 22:19:39: [basecommands.smx] "Console<0><Console><Console>" changed cvar (cvar "sv_forcepreload") (value "1")
L 01/29/2023 - 22:19:39: [basecommands.smx] "Console<0><Console><Console>" changed cvar (cvar "sv_client_predict") (value "1")
L 01/29/2023 - 22:19:39: [basecommands.smx] "Console<0><Console><Console>" changed cvar (cvar "sv_client_cmdrate_difference") (value "0")
L 01/29/2023 - 22:19:39: [basecommands.smx] "Console<0><Console><Console>" changed cvar (cvar "sv_max_queries_sec_global") (value "10")
L 01/29/2023 - 22:19:39: [basecommands.smx] "Console<0><Console><Console>" changed cvar (cvar "sv_max_queries_sec") (value "3")
L 01/29/2023 - 22:19:39: [basecommands.smx] "Console<0><Console><Console>" changed cvar (cvar "sv_max_queries_window") (value "10")
L 01/29/2023 - 22:19:39: [basecommands.smx] "Console<0><Console><Console>" changed cvar (cvar "sv_player_stuck_tolerance") (value "5")
L 01/29/2023 - 22:19:39: [basecommands.smx] "Console<0><Console><Console>" changed cvar (cvar "sv_stats") (value "0")
L 01/29/2023 - 22:19:39: [basecommands.smx] "Console<0><Console><Console>" changed cvar (cvar "sv_clockcorrection_msecs") (value "25")
L 01/29/2023 - 22:19:39: [basecommands.smx] "Console<0><Console><Console>" changed cvar (cvar "sb_all_bot_game") (value "1")
L 01/29/2023 - 22:19:39: [basecommands.smx] "Console<0><Console><Console>" changed cvar (cvar "sv_allowupload") (value "0")
L 01/29/2023 - 22:19:39: [basecommands.smx] "Console<0><Console><Console>" changed cvar (cvar "sv_allowdownload") (value "0")
L 01/29/2023 - 22:19:39: [basecommands.smx] "Console<0><Console><Console>" changed cvar (cvar "decalfrequency") (value "1.0")
L 01/29/2023 - 22:19:39: [basecommands.smx] "Console<0><Console><Console>" changed cvar (cvar "mv_maxplayers") (value "12")
L 01/29/2023 - 22:19:39: [basecommands.smx] "Console<0><Console><Console>" changed cvar (cvar "sn_main_name_path") (value "hostname/hostname.txt")
L 01/29/2023 - 22:19:39: [basecommands.smx] "Console<0><Console><Console>" changed cvar (cvar "sn_hostname_format1") (value "{hostname} >> {gamemode}")
L 01/29/2023 - 22:19:39: [basecommands.smx] "Console<0><Console><Console>" changed cvar (cvar "sn_hostname_format2") (value "{hostname} >> {gamemode} - {difficulty}")
L 01/29/2023 - 22:19:39: [basecommands.smx] "Console<0><Console><Console>" changed cvar (cvar "sn_hostname_format3") (value "{hostname} >>")
L 01/29/2023 - 22:19:41: [optional/l4d2_saferoom_item_remove.smx] Removed 0 saferoom item(s) (start: 0; end: 0).
L 01/29/2023 - 22:19:50: [cannounce.smx] Player iPhoneX <STEAM_1:0:625834323> connected from country China (CN), IP 120.239.45.151
L 01/29/2023 - 22:19:52: [cannounce.smx] Player emileseb5 <STEAM_1:0:632143659> connected from country China (CN), IP 106.7.152.231
L 01/29/2023 - 22:24:13: [optional/l4d2_saferoom_item_remove.smx] Removed 0 saferoom item(s) (start: 0; end: 0).
L 01/29/2023 - 22:28:43: -------- Mapchange to c2m4_barns --------
L 01/29/2023 - 22:28:45: [basecommands.smx] "Console<0><Console><Console>" changed cvar (cvar "sv_minrate") (value "100000")
L 01/29/2023 - 22:28:45: [basecommands.smx] "Console<0><Console><Console>" changed cvar (cvar "sv_maxrate") (value "100000")
L 01/29/2023 - 22:28:45: [basecommands.smx] "Console<0><Console><Console>" changed cvar (cvar "sv_minupdaterate") (value "100")
L 01/29/2023 - 22:28:45: [basecommands.smx] "Console<0><Console><Console>" changed cvar (cvar "sv_maxupdaterate") (value "100")
L 01/29/2023 - 22:28:45: [basecommands.smx] "Console<0><Console><Console>" changed cvar (cvar "sv_mincmdrate") (value "100")
L 01/29/2023 - 22:28:45: [basecommands.smx] "Console<0><Console><Console>" changed cvar (cvar "sv_maxcmdrate") (value "100")
L 01/29/2023 - 22:28:45: [basecommands.smx] "Console<0><Console><Console>" changed cvar (cvar "sv_client_min_interp_ratio") (value "-1")
L 01/29/2023 - 22:28:45: [basecommands.smx] "Console<0><Console><Console>" changed cvar (cvar "sv_client_max_interp_ratio") (value "0")
L 01/29/2023 - 22:28:45: [basecommands.smx] "Console<0><Console><Console>" changed cvar (cvar "nb_update_frequency") (value "0.014")
L 01/29/2023 - 22:28:45: [basecommands.smx] "Console<0><Console><Console>" changed cvar (cvar "net_splitpacket_maxrate") (value "50000")
L 01/29/2023 - 22:28:45: [basecommands.smx] "Console<0><Console><Console>" changed cvar (cvar "fps_max") (value "0")
L 01/29/2023 - 22:28:45: [basecommands.smx] "Console<0><Console><Console>" changed cvar (cvar "sv_allow_wait_command") (value "0")
L 01/29/2023 - 22:28:45: [basecommands.smx] "Console<0><Console><Console>" changed cvar (cvar "tick_door_speed") (value "1.3")
L 01/29/2023 - 22:28:45: [basecommands.smx] "Console<0><Console><Console>" changed cvar (cvar "mp_autoteambalance") (value "0")
L 01/29/2023 - 22:28:45: [basecommands.smx] "Console<0><Console><Console>" changed cvar (cvar "sv_unlag_fixstuck") (value "1")
L 01/29/2023 - 22:28:45: [basecommands.smx] "Console<0><Console><Console>" changed cvar (cvar "z_brawl_chance") (value "0")
L 01/29/2023 - 22:28:45: [basecommands.smx] "Console<0><Console><Console>" changed cvar (cvar "sv_maxunlag") (value "1")
L 01/29/2023 - 22:28:45: [basecommands.smx] "Console<0><Console><Console>" changed cvar (cvar "sv_forcepreload") (value "1")
L 01/29/2023 - 22:28:45: [basecommands.smx] "Console<0><Console><Console>" changed cvar (cvar "sv_client_predict") (value "1")
L 01/29/2023 - 22:28:45: [basecommands.smx] "Console<0><Console><Console>" changed cvar (cvar "sv_client_cmdrate_difference") (value "0")
L 01/29/2023 - 22:28:45: [basecommands.smx] "Console<0><Console><Console>" changed cvar (cvar "sv_max_queries_sec_global") (value "10")
L 01/29/2023 - 22:28:45: [basecommands.smx] "Console<0><Console><Console>" changed cvar (cvar "sv_max_queries_sec") (value "3")
L 01/29/2023 - 22:28:45: [basecommands.smx] "Console<0><Console><Console>" changed cvar (cvar "sv_max_queries_window") (value "10")
L 01/29/2023 - 22:28:45: [basecommands.smx] "Console<0><Console><Console>" changed cvar (cvar "sv_player_stuck_tolerance") (value "5")
L 01/29/2023 - 22:28:45: [basecommands.smx] "Console<0><Console><Console>" changed cvar (cvar "sv_stats") (value "0")
L 01/29/2023 - 22:28:45: [basecommands.smx] "Console<0><Console><Console>" changed cvar (cvar "sv_clockcorrection_msecs") (value "25")
L 01/29/2023 - 22:28:45: [basecommands.smx] "Console<0><Console><Console>" changed cvar (cvar "sb_all_bot_game") (value "1")
L 01/29/2023 - 22:28:45: [basecommands.smx] "Console<0><Console><Console>" changed cvar (cvar "sv_allowupload") (value "0")
L 01/29/2023 - 22:28:45: [basecommands.smx] "Console<0><Console><Console>" changed cvar (cvar "sv_allowdownload") (value "0")
L 01/29/2023 - 22:28:45: [basecommands.smx] "Console<0><Console><Console>" changed cvar (cvar "decalfrequency") (value "1.0")
L 01/29/2023 - 22:28:45: [basecommands.smx] "Console<0><Console><Console>" changed cvar (cvar "mv_maxplayers") (value "12")
L 01/29/2023 - 22:28:45: [basecommands.smx] "Console<0><Console><Console>" changed cvar (cvar "sn_main_name_path") (value "hostname/hostname.txt")
L 01/29/2023 - 22:28:45: [basecommands.smx] "Console<0><Console><Console>" changed cvar (cvar "sn_hostname_format1") (value "{hostname} >> {gamemode}")
L 01/29/2023 - 22:28:45: [basecommands.smx] "Console<0><Console><Console>" changed cvar (cvar "sn_hostname_format2") (value "{hostname} >> {gamemode} - {difficulty}")
L 01/29/2023 - 22:28:45: [basecommands.smx] "Console<0><Console><Console>" changed cvar (cvar "sn_hostname_format3") (value "{hostname} >>")
L 01/29/2023 - 22:28:46: [optional/l4d2_saferoom_item_remove.smx] Removed 0 saferoom item(s) (start: 0; end: 0).
L 01/29/2023 - 22:28:58: [cannounce.smx] Player iPhoneX <STEAM_1:0:625834323> connected from country China (CN), IP 120.239.45.151
L 01/29/2023 - 22:29:02: [cannounce.smx] Player emileseb5 <STEAM_1:0:632143659> connected from country China (CN), IP 106.7.152.231
L 01/29/2023 - 22:32:28: [optional/l4d2_saferoom_item_remove.smx] Removed 0 saferoom item(s) (start: 0; end: 0).
L 01/29/2023 - 22:37:09: -------- Mapchange to c2m5_concert --------
L 01/29/2023 - 22:37:10: [basecommands.smx] "Console<0><Console><Console>" changed cvar (cvar "sv_minrate") (value "100000")
L 01/29/2023 - 22:37:10: [basecommands.smx] "Console<0><Console><Console>" changed cvar (cvar "sv_maxrate") (value "100000")
L 01/29/2023 - 22:37:10: [basecommands.smx] "Console<0><Console><Console>" changed cvar (cvar "sv_minupdaterate") (value "100")
L 01/29/2023 - 22:37:10: [basecommands.smx] "Console<0><Console><Console>" changed cvar (cvar "sv_maxupdaterate") (value "100")
L 01/29/2023 - 22:37:10: [basecommands.smx] "Console<0><Console><Console>" changed cvar (cvar "sv_mincmdrate") (value "100")
L 01/29/2023 - 22:37:10: [basecommands.smx] "Console<0><Console><Console>" changed cvar (cvar "sv_maxcmdrate") (value "100")
L 01/29/2023 - 22:37:10: [basecommands.smx] "Console<0><Console><Console>" changed cvar (cvar "sv_client_min_interp_ratio") (value "-1")
L 01/29/2023 - 22:37:10: [basecommands.smx] "Console<0><Console><Console>" changed cvar (cvar "sv_client_max_interp_ratio") (value "0")
L 01/29/2023 - 22:37:10: [basecommands.smx] "Console<0><Console><Console>" changed cvar (cvar "nb_update_frequency") (value "0.014")
L 01/29/2023 - 22:37:10: [basecommands.smx] "Console<0><Console><Console>" changed cvar (cvar "net_splitpacket_maxrate") (value "50000")
L 01/29/2023 - 22:37:10: [basecommands.smx] "Console<0><Console><Console>" changed cvar (cvar "fps_max") (value "0")
L 01/29/2023 - 22:37:10: [basecommands.smx] "Console<0><Console><Console>" changed cvar (cvar "sv_allow_wait_command") (value "0")
L 01/29/2023 - 22:37:10: [basecommands.smx] "Console<0><Console><Console>" changed cvar (cvar "tick_door_speed") (value "1.3")
L 01/29/2023 - 22:37:10: [basecommands.smx] "Console<0><Console><Console>" changed cvar (cvar "mp_autoteambalance") (value "0")
L 01/29/2023 - 22:37:10: [basecommands.smx] "Console<0><Console><Console>" changed cvar (cvar "sv_unlag_fixstuck") (value "1")
L 01/29/2023 - 22:37:10: [basecommands.smx] "Console<0><Console><Console>" changed cvar (cvar "z_brawl_chance") (value "0")
L 01/29/2023 - 22:37:10: [basecommands.smx] "Console<0><Console><Console>" changed cvar (cvar "sv_maxunlag") (value "1")
L 01/29/2023 - 22:37:10: [basecommands.smx] "Console<0><Console><Console>" changed cvar (cvar "sv_forcepreload") (value "1")
L 01/29/2023 - 22:37:10: [basecommands.smx] "Console<0><Console><Console>" changed cvar (cvar "sv_client_predict") (value "1")
L 01/29/2023 - 22:37:10: [basecommands.smx] "Console<0><Console><Console>" changed cvar (cvar "sv_client_cmdrate_difference") (value "0")
L 01/29/2023 - 22:37:10: [basecommands.smx] "Console<0><Console><Console>" changed cvar (cvar "sv_max_queries_sec_global") (value "10")
L 01/29/2023 - 22:37:10: [basecommands.smx] "Console<0><Console><Console>" changed cvar (cvar "sv_max_queries_sec") (value "3")
L 01/29/2023 - 22:37:10: [basecommands.smx] "Console<0><Console><Console>" changed cvar (cvar "sv_max_queries_window") (value "10")
L 01/29/2023 - 22:37:10: [basecommands.smx] "Console<0><Console><Console>" changed cvar (cvar "sv_player_stuck_tolerance") (value "5")
L 01/29/2023 - 22:37:10: [basecommands.smx] "Console<0><Console><Console>" changed cvar (cvar "sv_stats") (value "0")
L 01/29/2023 - 22:37:10: [basecommands.smx] "Console<0><Console><Console>" changed cvar (cvar "sv_clockcorrection_msecs") (value "25")
L 01/29/2023 - 22:37:10: [basecommands.smx] "Console<0><Console><Console>" changed cvar (cvar "sb_all_bot_game") (value "1")
L 01/29/2023 - 22:37:10: [basecommands.smx] "Console<0><Console><Console>" changed cvar (cvar "sv_allowupload") (value "0")
L 01/29/2023 - 22:37:10: [basecommands.smx] "Console<0><Console><Console>" changed cvar (cvar "sv_allowdownload") (value "0")
L 01/29/2023 - 22:37:10: [basecommands.smx] "Console<0><Console><Console>" changed cvar (cvar "decalfrequency") (value "1.0")
L 01/29/2023 - 22:37:10: [basecommands.smx] "Console<0><Console><Console>" changed cvar (cvar "mv_maxplayers") (value "12")
L 01/29/2023 - 22:37:10: [basecommands.smx] "Console<0><Console><Console>" changed cvar (cvar "sn_main_name_path") (value "hostname/hostname.txt")
L 01/29/2023 - 22:37:10: [basecommands.smx] "Console<0><Console><Console>" changed cvar (cvar "sn_hostname_format1") (value "{hostname} >> {gamemode}")
L 01/29/2023 - 22:37:10: [basecommands.smx] "Console<0><Console><Console>" changed cvar (cvar "sn_hostname_format2") (value "{hostname} >> {gamemode} - {difficulty}")
L 01/29/2023 - 22:37:10: [basecommands.smx] "Console<0><Console><Console>" changed cvar (cvar "sn_hostname_format3") (value "{hostname} >>")
L 01/29/2023 - 22:37:12: [optional/l4d2_saferoom_item_remove.smx] Removed 0 saferoom item(s) (start: 0; end: 0).
L 01/29/2023 - 22:37:20: [cannounce.smx] Player iPhoneX <STEAM_1:0:625834323> connected from country China (CN), IP 120.239.45.151
L 01/29/2023 - 22:37:22: [cannounce.smx] Player emileseb5 <STEAM_1:0:632143659> connected from country China (CN), IP 106.7.152.231
L 01/29/2023 - 22:40:59: [optional/l4d2_saferoom_item_remove.smx] Removed 0 saferoom item(s) (start: 0; end: 0).
L 01/29/2023 - 22:45:29: [cannounce.smx] Player emileseb5 <STEAM_1:0:632143659> from country China (CN) disconnected from IP 106.7.152.231reason: Disconnect by user.
L 01/29/2023 - 22:45:34: [cannounce.smx] Player iPhoneX <STEAM_1:0:625834323> from country China (CN) disconnected from IP 120.239.45.151reason: Disconnect by user.
L 01/29/2023 - 22:45:34: [basecommands.smx] "Console<0><Console><Console>" changed cvar (cvar "sb_all_bot_game") (value "1")
L 01/29/2023 - 22:45:34: [basecommands.smx] "Console<0><Console><Console>" changed cvar (cvar "sb_all_bot_game") (value "1")
L 01/29/2023 - 22:45:36: [linux_auto_restart.smx] Last one player left the server, Restart server now
L 01/29/2023 - 22:45:36: [linux_auto_restart.smx] Last one player left the server, Restart server now
L 01/29/2023 - 22:45:48: SourceMod log file session started (file "/root/Steam/steamapps/common/Left 4 Dead 2 Dedicated Server/left4dead2/addons/sourcemod/logs/L20230129.log") (Version "1.11.0.6825")
L 01/29/2023 - 22:45:48: [GEOIP] GeoIP2 database loaded: GeoLite2-City (2019-12-17 20:01:26 UTC)
L 01/29/2023 - 22:45:48: [GEOIP] GeoIP2 supported languages: de en es fr ja pt-BR ru zh-CN
L 01/29/2023 - 22:45:48: [GEOIPCITY] GeoIPCity database info: GEO-533LITE 20150106 Build 1 Copyright (c) 2015 MaxMind Inc All Rights Reserved
L 01/29/2023 - 22:45:50: [basecommands.smx] "Console<0><Console><Console>" changed cvar (cvar "sv_minrate") (value "100000")
L 01/29/2023 - 22:45:50: [basecommands.smx] "Console<0><Console><Console>" changed cvar (cvar "sv_maxrate") (value "100000")
L 01/29/2023 - 22:45:50: [basecommands.smx] "Console<0><Console><Console>" changed cvar (cvar "sv_minupdaterate") (value "100")
L 01/29/2023 - 22:45:50: [basecommands.smx] "Console<0><Console><Console>" changed cvar (cvar "sv_maxupdaterate") (value "100")
L 01/29/2023 - 22:45:50: [basecommands.smx] "Console<0><Console><Console>" changed cvar (cvar "sv_mincmdrate") (value "100")
L 01/29/2023 - 22:45:50: [basecommands.smx] "Console<0><Console><Console>" changed cvar (cvar "sv_maxcmdrate") (value "100")
L 01/29/2023 - 22:45:50: [basecommands.smx] "Console<0><Console><Console>" changed cvar (cvar "sv_client_min_interp_ratio") (value "-1")
L 01/29/2023 - 22:45:50: [basecommands.smx] "Console<0><Console><Console>" changed cvar (cvar "sv_client_max_interp_ratio") (value "0")
L 01/29/2023 - 22:45:50: [basecommands.smx] "Console<0><Console><Console>" changed cvar (cvar "nb_update_frequency") (value "0.014")
L 01/29/2023 - 22:45:50: [basecommands.smx] "Console<0><Console><Console>" changed cvar (cvar "net_splitpacket_maxrate") (value "50000")
L 01/29/2023 - 22:45:50: [basecommands.smx] "Console<0><Console><Console>" changed cvar (cvar "fps_max") (value "0")
L 01/29/2023 - 22:45:50: [basecommands.smx] "Console<0><Console><Console>" changed cvar (cvar "sv_allow_wait_command") (value "0")
L 01/29/2023 - 22:45:50: [basecommands.smx] "Console<0><Console><Console>" changed cvar (cvar "tick_door_speed") (value "1.3")
L 01/29/2023 - 22:45:50: [basecommands.smx] "Console<0><Console><Console>" changed cvar (cvar "mp_autoteambalance") (value "0")
L 01/29/2023 - 22:45:50: [basecommands.smx] "Console<0><Console><Console>" changed cvar (cvar "sv_unlag_fixstuck") (value "1")
L 01/29/2023 - 22:45:50: [basecommands.smx] "Console<0><Console><Console>" changed cvar (cvar "z_brawl_chance") (value "0")
L 01/29/2023 - 22:45:50: [basecommands.smx] "Console<0><Console><Console>" changed cvar (cvar "sv_maxunlag") (value "1")
L 01/29/2023 - 22:45:50: [basecommands.smx] "Console<0><Console><Console>" changed cvar (cvar "sv_forcepreload") (value "1")
L 01/29/2023 - 22:45:50: [basecommands.smx] "Console<0><Console><Console>" changed cvar (cvar "sv_client_predict") (value "1")
L 01/29/2023 - 22:45:50: [basecommands.smx] "Console<0><Console><Console>" changed cvar (cvar "sv_client_cmdrate_difference") (value "0")
L 01/29/2023 - 22:45:50: [basecommands.smx] "Console<0><Console><Console>" changed cvar (cvar "sv_max_queries_sec_global") (value "10")
L 01/29/2023 - 22:45:50: [basecommands.smx] "Console<0><Console><Console>" changed cvar (cvar "sv_max_queries_sec") (value "3")
L 01/29/2023 - 22:45:50: [basecommands.smx] "Console<0><Console><Console>" changed cvar (cvar "sv_max_queries_window") (value "10")
L 01/29/2023 - 22:45:50: [basecommands.smx] "Console<0><Console><Console>" changed cvar (cvar "sv_player_stuck_tolerance") (value "5")
L 01/29/2023 - 22:45:50: [basecommands.smx] "Console<0><Console><Console>" changed cvar (cvar "sv_stats") (value "0")
L 01/29/2023 - 22:45:50: [basecommands.smx] "Console<0><Console><Console>" changed cvar (cvar "sv_clockcorrection_msecs") (value "25")
L 01/29/2023 - 22:45:50: [basecommands.smx] "Console<0><Console><Console>" changed cvar (cvar "sb_all_bot_game") (value "1")
L 01/29/2023 - 22:45:50: [basecommands.smx] "Console<0><Console><Console>" changed cvar (cvar "sv_allowupload") (value "0")
L 01/29/2023 - 22:45:50: [basecommands.smx] "Console<0><Console><Console>" changed cvar (cvar "sv_allowdownload") (value "0")
L 01/29/2023 - 22:45:50: [basecommands.smx] "Console<0><Console><Console>" changed cvar (cvar "decalfrequency") (value "1.0")
L 01/29/2023 - 22:45:50: [basecommands.smx] "Console<0><Console><Console>" changed cvar (cvar "mv_maxplayers") (value "12")
L 01/29/2023 - 22:45:50: [basecommands.smx] "Console<0><Console><Console>" changed cvar (cvar "sn_main_name_path") (value "hostname/hostname.txt")
L 01/29/2023 - 22:45:50: [basecommands.smx] "Console<0><Console><Console>" changed cvar (cvar "sn_hostname_format1") (value "{hostname} >> {gamemode}")
L 01/29/2023 - 22:45:50: [basecommands.smx] "Console<0><Console><Console>" changed cvar (cvar "sn_hostname_format2") (value "{hostname} >> {gamemode} - {difficulty}")
L 01/29/2023 - 22:45:50: [basecommands.smx] "Console<0><Console><Console>" changed cvar (cvar "sn_hostname_format3") (value "{hostname} >>")
L 01/30/2023 - 00:00:01: Log file closed.
