L 11/06/2022 - 11:22:54: SourceMod log file session started (file "/root/Steam/steamapps/common/Left 4 Dead 2 Dedicated Server/left4dead2/addons/sourcemod/logs/L20221106.log") (Version "1.11.0.6825")
L 11/06/2022 - 11:22:54: [l4d2_playtime_interface.smx] Failed to retrieve response (GetUserStatsForGame) - HTTPStatus: 403
L 11/06/2022 - 11:22:54: [l4d2_playtime_interface.smx] Failed to retrieve response (GetOwnedGames) - HTTPStatus: 401
L 11/06/2022 - 11:23:09: [cannounce.smx] Player 伊比利亚的海风 <STEAM_1:1:476623145> connected from country China (CN), IP 112.49.146.193
L 11/06/2022 - 11:31:35: [cannounce.smx] Player 伊比利亚的海风 <STEAM_1:1:476623145> from country China (CN) disconnected from IP 112.49.146.193reason: Disconnect by user.
L 11/06/2022 - 11:31:35: [basecommands.smx] "Console<0><Console><Console>" changed cvar (cvar "sb_all_bot_game") (value "1")
L 11/06/2022 - 11:31:35: [basecommands.smx] "Console<0><Console><Console>" changed cvar (cvar "sb_all_bot_game") (value "1")
L 11/06/2022 - 11:31:37: [linux_auto_restart.smx] Last one player left the server, Restart server now
L 11/06/2022 - 11:31:37: [linux_auto_restart.smx] Last one player left the server, Restart server now
L 11/06/2022 - 11:31:49: SourceMod log file session started (file "/root/Steam/steamapps/common/Left 4 Dead 2 Dedicated Server/left4dead2/addons/sourcemod/logs/L20221106.log") (Version "1.11.0.6825")
L 11/06/2022 - 11:31:49: [GEOIP] GeoIP2 database loaded: GeoLite2-City (2019-12-17 20:01:26 UTC)
L 11/06/2022 - 11:31:49: [GEOIP] GeoIP2 supported languages: de en es fr ja pt-BR ru zh-CN
L 11/06/2022 - 11:31:49: [GEOIPCITY] GeoIPCity database info: GEO-533LITE 20150106 Build 1 Copyright (c) 2015 MaxMind Inc All Rights Reserved
L 11/06/2022 - 11:31:51: [basecommands.smx] "Console<0><Console><Console>" changed cvar (cvar "confogl_match_execcfg_plugins") (value "generalfixes.cfg;confogl_plugins.cfg;sharedplugins.cfg")
L 11/06/2022 - 11:31:51: [basecommands.smx] "Console<0><Console><Console>" changed cvar (cvar "l4d2_addons_eclipse") (value "0")
L 11/06/2022 - 11:31:51: [basecommands.smx] "Console<0><Console><Console>" changed cvar (cvar "sv_allow_wait_command") (value "0")
L 11/06/2022 - 11:31:51: [basecommands.smx] "Console<0><Console><Console>" changed cvar (cvar "sv_minrate") (value "100000")
L 11/06/2022 - 11:31:51: [basecommands.smx] "Console<0><Console><Console>" changed cvar (cvar "sv_maxrate") (value "100000")
L 11/06/2022 - 11:31:51: [basecommands.smx] "Console<0><Console><Console>" changed cvar (cvar "sv_minupdaterate") (value "100")
L 11/06/2022 - 11:31:51: [basecommands.smx] "Console<0><Console><Console>" changed cvar (cvar "sv_maxupdaterate") (value "100")
L 11/06/2022 - 11:31:51: [basecommands.smx] "Console<0><Console><Console>" changed cvar (cvar "sv_mincmdrate") (value "100")
L 11/06/2022 - 11:31:51: [basecommands.smx] "Console<0><Console><Console>" changed cvar (cvar "sv_maxcmdrate") (value "100")
L 11/06/2022 - 11:31:51: [basecommands.smx] "Console<0><Console><Console>" changed cvar (cvar "sv_client_min_interp_ratio") (value "-1")
L 11/06/2022 - 11:31:51: [basecommands.smx] "Console<0><Console><Console>" changed cvar (cvar "sv_client_max_interp_ratio") (value "0")
L 11/06/2022 - 11:31:51: [basecommands.smx] "Console<0><Console><Console>" changed cvar (cvar "nb_update_frequency") (value "0.014")
L 11/06/2022 - 11:31:51: [basecommands.smx] "Console<0><Console><Console>" changed cvar (cvar "net_splitpacket_maxrate") (value "50000")
L 11/06/2022 - 11:31:51: [basecommands.smx] "Console<0><Console><Console>" changed cvar (cvar "fps_max") (value "0")
L 11/06/2022 - 11:31:51: [basecommands.smx] "Console<0><Console><Console>" changed cvar (cvar "tick_door_speed") (value "1.3")
L 11/06/2022 - 11:31:51: [basecommands.smx] "Console<0><Console><Console>" changed cvar (cvar "mv_maxplayers") (value "12")
L 11/06/2022 - 11:31:51: [basecommands.smx] "Console<0><Console><Console>" changed cvar (cvar "mp_autoteambalance") (value "0")
L 11/06/2022 - 11:31:51: [basecommands.smx] "Console<0><Console><Console>" changed cvar (cvar "sv_unlag_fixstuck") (value "1")
L 11/06/2022 - 11:31:51: [basecommands.smx] "Console<0><Console><Console>" changed cvar (cvar "z_brawl_chance") (value "0")
L 11/06/2022 - 11:31:51: [basecommands.smx] "Console<0><Console><Console>" changed cvar (cvar "sv_maxunlag") (value "1")
L 11/06/2022 - 11:31:51: [basecommands.smx] "Console<0><Console><Console>" changed cvar (cvar "sv_forcepreload") (value "1")
L 11/06/2022 - 11:31:51: [basecommands.smx] "Console<0><Console><Console>" changed cvar (cvar "sv_client_predict") (value "1")
L 11/06/2022 - 11:31:51: [basecommands.smx] "Console<0><Console><Console>" changed cvar (cvar "sv_client_cmdrate_difference") (value "0")
L 11/06/2022 - 11:31:51: [basecommands.smx] "Console<0><Console><Console>" changed cvar (cvar "sv_max_queries_sec_global") (value "10")
L 11/06/2022 - 11:31:51: [basecommands.smx] "Console<0><Console><Console>" changed cvar (cvar "sv_max_queries_sec") (value "3")
L 11/06/2022 - 11:31:51: [basecommands.smx] "Console<0><Console><Console>" changed cvar (cvar "sv_max_queries_window") (value "10")
L 11/06/2022 - 11:31:51: [basecommands.smx] "Console<0><Console><Console>" changed cvar (cvar "sv_player_stuck_tolerance") (value "5")
L 11/06/2022 - 11:31:51: [basecommands.smx] "Console<0><Console><Console>" changed cvar (cvar "sv_stats") (value "0")
L 11/06/2022 - 11:31:51: [basecommands.smx] "Console<0><Console><Console>" changed cvar (cvar "sv_clockcorrection_msecs") (value "25")
L 11/06/2022 - 11:31:51: [basecommands.smx] "Console<0><Console><Console>" changed cvar (cvar "sb_all_bot_game") (value "1")
L 11/06/2022 - 15:58:09: [l4d2_playtime_interface.smx] Failed to retrieve response (GetOwnedGames) - HTTPStatus: 401
L 11/06/2022 - 15:58:09: [l4d2_playtime_interface.smx] Failed to retrieve response (GetUserStatsForGame) - HTTPStatus: 403
L 11/06/2022 - 15:58:14: [cannounce.smx] Player 君顾彡 <STEAM_1:1:615314528> connected from country China (CN), IP 42.235.135.47
L 11/06/2022 - 15:58:39: [cannounce.smx] Player 君顾彡 <STEAM_1:1:615314528> from country China (CN) disconnected from IP 42.235.135.47reason: Disconnect by user.
L 11/06/2022 - 15:58:39: [basecommands.smx] "Console<0><Console><Console>" changed cvar (cvar "sb_all_bot_game") (value "1")
L 11/06/2022 - 15:58:39: [basecommands.smx] "Console<0><Console><Console>" changed cvar (cvar "sb_all_bot_game") (value "1")
L 11/06/2022 - 15:58:41: [linux_auto_restart.smx] Last one player left the server, Restart server now
L 11/06/2022 - 15:58:41: [linux_auto_restart.smx] Last one player left the server, Restart server now
L 11/06/2022 - 15:58:52: SourceMod log file session started (file "/root/Steam/steamapps/common/Left 4 Dead 2 Dedicated Server/left4dead2/addons/sourcemod/logs/L20221106.log") (Version "1.11.0.6825")
L 11/06/2022 - 15:58:52: [GEOIP] GeoIP2 database loaded: GeoLite2-City (2019-12-17 20:01:26 UTC)
L 11/06/2022 - 15:58:52: [GEOIP] GeoIP2 supported languages: de en es fr ja pt-BR ru zh-CN
L 11/06/2022 - 15:58:52: [GEOIPCITY] GeoIPCity database info: GEO-533LITE 20150106 Build 1 Copyright (c) 2015 MaxMind Inc All Rights Reserved
L 11/06/2022 - 15:58:54: [basecommands.smx] "Console<0><Console><Console>" changed cvar (cvar "confogl_match_execcfg_plugins") (value "generalfixes.cfg;confogl_plugins.cfg;sharedplugins.cfg")
L 11/06/2022 - 15:58:54: [basecommands.smx] "Console<0><Console><Console>" changed cvar (cvar "l4d2_addons_eclipse") (value "0")
L 11/06/2022 - 15:58:54: [basecommands.smx] "Console<0><Console><Console>" changed cvar (cvar "sv_allow_wait_command") (value "0")
L 11/06/2022 - 15:58:54: [basecommands.smx] "Console<0><Console><Console>" changed cvar (cvar "sv_minrate") (value "100000")
L 11/06/2022 - 15:58:54: [basecommands.smx] "Console<0><Console><Console>" changed cvar (cvar "sv_maxrate") (value "100000")
L 11/06/2022 - 15:58:54: [basecommands.smx] "Console<0><Console><Console>" changed cvar (cvar "sv_minupdaterate") (value "100")
L 11/06/2022 - 15:58:54: [basecommands.smx] "Console<0><Console><Console>" changed cvar (cvar "sv_maxupdaterate") (value "100")
L 11/06/2022 - 15:58:54: [basecommands.smx] "Console<0><Console><Console>" changed cvar (cvar "sv_mincmdrate") (value "100")
L 11/06/2022 - 15:58:54: [basecommands.smx] "Console<0><Console><Console>" changed cvar (cvar "sv_maxcmdrate") (value "100")
L 11/06/2022 - 15:58:54: [basecommands.smx] "Console<0><Console><Console>" changed cvar (cvar "sv_client_min_interp_ratio") (value "-1")
L 11/06/2022 - 15:58:54: [basecommands.smx] "Console<0><Console><Console>" changed cvar (cvar "sv_client_max_interp_ratio") (value "0")
L 11/06/2022 - 15:58:54: [basecommands.smx] "Console<0><Console><Console>" changed cvar (cvar "nb_update_frequency") (value "0.014")
L 11/06/2022 - 15:58:54: [basecommands.smx] "Console<0><Console><Console>" changed cvar (cvar "net_splitpacket_maxrate") (value "50000")
L 11/06/2022 - 15:58:54: [basecommands.smx] "Console<0><Console><Console>" changed cvar (cvar "fps_max") (value "0")
L 11/06/2022 - 15:58:54: [basecommands.smx] "Console<0><Console><Console>" changed cvar (cvar "tick_door_speed") (value "1.3")
L 11/06/2022 - 15:58:54: [basecommands.smx] "Console<0><Console><Console>" changed cvar (cvar "mv_maxplayers") (value "12")
L 11/06/2022 - 15:58:54: [basecommands.smx] "Console<0><Console><Console>" changed cvar (cvar "mp_autoteambalance") (value "0")
L 11/06/2022 - 15:58:54: [basecommands.smx] "Console<0><Console><Console>" changed cvar (cvar "sv_unlag_fixstuck") (value "1")
L 11/06/2022 - 15:58:54: [basecommands.smx] "Console<0><Console><Console>" changed cvar (cvar "z_brawl_chance") (value "0")
L 11/06/2022 - 15:58:54: [basecommands.smx] "Console<0><Console><Console>" changed cvar (cvar "sv_maxunlag") (value "1")
L 11/06/2022 - 15:58:54: [basecommands.smx] "Console<0><Console><Console>" changed cvar (cvar "sv_forcepreload") (value "1")
L 11/06/2022 - 15:58:54: [basecommands.smx] "Console<0><Console><Console>" changed cvar (cvar "sv_client_predict") (value "1")
L 11/06/2022 - 15:58:54: [basecommands.smx] "Console<0><Console><Console>" changed cvar (cvar "sv_client_cmdrate_difference") (value "0")
L 11/06/2022 - 15:58:54: [basecommands.smx] "Console<0><Console><Console>" changed cvar (cvar "sv_max_queries_sec_global") (value "10")
L 11/06/2022 - 15:58:54: [basecommands.smx] "Console<0><Console><Console>" changed cvar (cvar "sv_max_queries_sec") (value "3")
L 11/06/2022 - 15:58:54: [basecommands.smx] "Console<0><Console><Console>" changed cvar (cvar "sv_max_queries_window") (value "10")
L 11/06/2022 - 15:58:54: [basecommands.smx] "Console<0><Console><Console>" changed cvar (cvar "sv_player_stuck_tolerance") (value "5")
L 11/06/2022 - 15:58:54: [basecommands.smx] "Console<0><Console><Console>" changed cvar (cvar "sv_stats") (value "0")
L 11/06/2022 - 15:58:54: [basecommands.smx] "Console<0><Console><Console>" changed cvar (cvar "sv_clockcorrection_msecs") (value "25")
L 11/06/2022 - 15:58:54: [basecommands.smx] "Console<0><Console><Console>" changed cvar (cvar "sb_all_bot_game") (value "1")
L 11/08/2022 - 22:17:14: Log file closed.
