L 01/10/2023 - 19:40:03: SourceMod log file session started (file "/root/Steam/steamapps/common/Left 4 Dead 2 Dedicated Server/left4dead2/addons/sourcemod/logs/L20230110.log") (Version "1.11.0.6825")
L 01/10/2023 - 19:40:03: [l4d2_playtime_interface.smx] Failed to retrieve response (GetOwnedGames) - HTTPStatus: 401
L 01/10/2023 - 19:40:07: [cannounce.smx] Player emileseb5 <STEAM_1:0:632143659> connected from country China (CN), IP 106.5.20.117
L 01/10/2023 - 19:40:11: [l4d2_playtime_interface.smx] Failed to retrieve response (GetUserStatsForGame) - HTTPStatus: 0
L 01/10/2023 - 19:40:36: [confoglcompmod.smx] [PasswordSystem] Set password on emileseb5, password 
L 01/10/2023 - 19:40:41: -------- Mapchange to c2m1_highway --------
L 01/10/2023 - 19:40:43: [basecommands.smx] "Console<0><Console><Console>" changed cvar (cvar "confogl_match_execcfg_plugins") (value "generalfixes.cfg;confogl_plugins.cfg;sharedplugins.cfg")
L 01/10/2023 - 19:40:43: [basecommands.smx] "Console<0><Console><Console>" changed cvar (cvar "l4d2_addons_eclipse") (value "0")
L 01/10/2023 - 19:40:43: [basecommands.smx] "Console<0><Console><Console>" changed cvar (cvar "sv_allow_wait_command") (value "0")
L 01/10/2023 - 19:40:43: [basecommands.smx] "Console<0><Console><Console>" changed cvar (cvar "sv_minrate") (value "100000")
L 01/10/2023 - 19:40:43: [basecommands.smx] "Console<0><Console><Console>" changed cvar (cvar "sv_maxrate") (value "100000")
L 01/10/2023 - 19:40:43: [basecommands.smx] "Console<0><Console><Console>" changed cvar (cvar "sv_minupdaterate") (value "100")
L 01/10/2023 - 19:40:43: [basecommands.smx] "Console<0><Console><Console>" changed cvar (cvar "sv_maxupdaterate") (value "100")
L 01/10/2023 - 19:40:43: [basecommands.smx] "Console<0><Console><Console>" changed cvar (cvar "sv_mincmdrate") (value "100")
L 01/10/2023 - 19:40:43: [basecommands.smx] "Console<0><Console><Console>" changed cvar (cvar "sv_maxcmdrate") (value "100")
L 01/10/2023 - 19:40:43: [basecommands.smx] "Console<0><Console><Console>" changed cvar (cvar "sv_client_min_interp_ratio") (value "-1")
L 01/10/2023 - 19:40:43: [basecommands.smx] "Console<0><Console><Console>" changed cvar (cvar "sv_client_max_interp_ratio") (value "0")
L 01/10/2023 - 19:40:43: [basecommands.smx] "Console<0><Console><Console>" changed cvar (cvar "nb_update_frequency") (value "0.014")
L 01/10/2023 - 19:40:43: [basecommands.smx] "Console<0><Console><Console>" changed cvar (cvar "net_splitpacket_maxrate") (value "50000")
L 01/10/2023 - 19:40:43: [basecommands.smx] "Console<0><Console><Console>" changed cvar (cvar "fps_max") (value "0")
L 01/10/2023 - 19:40:43: [basecommands.smx] "Console<0><Console><Console>" changed cvar (cvar "tick_door_speed") (value "1.3")
L 01/10/2023 - 19:40:43: [basecommands.smx] "Console<0><Console><Console>" changed cvar (cvar "mv_maxplayers") (value "12")
L 01/10/2023 - 19:40:43: [basecommands.smx] "Console<0><Console><Console>" changed cvar (cvar "mp_autoteambalance") (value "0")
L 01/10/2023 - 19:40:43: [basecommands.smx] "Console<0><Console><Console>" changed cvar (cvar "sv_unlag_fixstuck") (value "1")
L 01/10/2023 - 19:40:43: [basecommands.smx] "Console<0><Console><Console>" changed cvar (cvar "z_brawl_chance") (value "0")
L 01/10/2023 - 19:40:43: [basecommands.smx] "Console<0><Console><Console>" changed cvar (cvar "sv_maxunlag") (value "1")
L 01/10/2023 - 19:40:43: [basecommands.smx] "Console<0><Console><Console>" changed cvar (cvar "sv_forcepreload") (value "1")
L 01/10/2023 - 19:40:43: [basecommands.smx] "Console<0><Console><Console>" changed cvar (cvar "sv_client_predict") (value "1")
L 01/10/2023 - 19:40:43: [basecommands.smx] "Console<0><Console><Console>" changed cvar (cvar "sv_client_cmdrate_difference") (value "0")
L 01/10/2023 - 19:40:43: [basecommands.smx] "Console<0><Console><Console>" changed cvar (cvar "sv_max_queries_sec_global") (value "10")
L 01/10/2023 - 19:40:43: [basecommands.smx] "Console<0><Console><Console>" changed cvar (cvar "sv_max_queries_sec") (value "3")
L 01/10/2023 - 19:40:43: [basecommands.smx] "Console<0><Console><Console>" changed cvar (cvar "sv_max_queries_window") (value "10")
L 01/10/2023 - 19:40:43: [basecommands.smx] "Console<0><Console><Console>" changed cvar (cvar "sv_player_stuck_tolerance") (value "5")
L 01/10/2023 - 19:40:43: [basecommands.smx] "Console<0><Console><Console>" changed cvar (cvar "sv_stats") (value "0")
L 01/10/2023 - 19:40:43: [basecommands.smx] "Console<0><Console><Console>" changed cvar (cvar "sv_clockcorrection_msecs") (value "25")
L 01/10/2023 - 19:40:43: [basecommands.smx] "Console<0><Console><Console>" changed cvar (cvar "sb_all_bot_game") (value "1")
L 01/10/2023 - 19:40:43: [basecommands.smx] "Console<0><Console><Console>" changed cvar (cvar "sn_host_num") (value "1")
L 01/10/2023 - 19:40:43: [basecommands.smx] "Console<0><Console><Console>" changed cvar (cvar "sn_main_name_path") (value "hostname/hostname.txt")
L 01/10/2023 - 19:40:43: [basecommands.smx] "Console<0><Console><Console>" changed cvar (cvar "sn_hostname_format1") (value "#{servernum} {hostname} // {gamemode}")
L 01/10/2023 - 19:40:43: [basecommands.smx] "Console<0><Console><Console>" changed cvar (cvar "sn_hostname_format2") (value "#{servernum} {hostname} // {gamemode} - {difficulty}")
L 01/10/2023 - 19:40:43: [basecommands.smx] "Console<0><Console><Console>" changed cvar (cvar "sn_hostname_format3") (value "#{servernum} {hostname}//Competitive Rework")
L 01/10/2023 - 19:40:45: [optional/l4d2_saferoom_item_remove.smx] Removed 0 saferoom item(s) (start: 0; end: 0).
L 01/10/2023 - 19:40:55: [cannounce.smx] Player emileseb5 <STEAM_1:0:632143659> connected from country China (CN), IP 106.5.20.117
L 01/10/2023 - 19:41:03: [optional/l4d2_saferoom_item_remove.smx] Removed 0 saferoom item(s) (start: 0; end: 0).
L 01/10/2023 - 19:41:05: [optional/l4d2_saferoom_item_remove.smx] Removed 0 saferoom item(s) (start: 0; end: 0).
L 01/10/2023 - 19:41:36: -------- Mapchange to c8m5_rooftop --------
L 01/10/2023 - 19:41:37: [basecommands.smx] "Console<0><Console><Console>" changed cvar (cvar "confogl_match_execcfg_plugins") (value "generalfixes.cfg;confogl_plugins.cfg;sharedplugins.cfg")
L 01/10/2023 - 19:41:37: [basecommands.smx] "Console<0><Console><Console>" changed cvar (cvar "l4d2_addons_eclipse") (value "0")
L 01/10/2023 - 19:41:37: [basecommands.smx] "Console<0><Console><Console>" changed cvar (cvar "sv_allow_wait_command") (value "0")
L 01/10/2023 - 19:41:37: [basecommands.smx] "Console<0><Console><Console>" changed cvar (cvar "sv_minrate") (value "100000")
L 01/10/2023 - 19:41:37: [basecommands.smx] "Console<0><Console><Console>" changed cvar (cvar "sv_maxrate") (value "100000")
L 01/10/2023 - 19:41:37: [basecommands.smx] "Console<0><Console><Console>" changed cvar (cvar "sv_minupdaterate") (value "100")
L 01/10/2023 - 19:41:37: [basecommands.smx] "Console<0><Console><Console>" changed cvar (cvar "sv_maxupdaterate") (value "100")
L 01/10/2023 - 19:41:37: [basecommands.smx] "Console<0><Console><Console>" changed cvar (cvar "sv_mincmdrate") (value "100")
L 01/10/2023 - 19:41:37: [basecommands.smx] "Console<0><Console><Console>" changed cvar (cvar "sv_maxcmdrate") (value "100")
L 01/10/2023 - 19:41:37: [basecommands.smx] "Console<0><Console><Console>" changed cvar (cvar "sv_client_min_interp_ratio") (value "-1")
L 01/10/2023 - 19:41:37: [basecommands.smx] "Console<0><Console><Console>" changed cvar (cvar "sv_client_max_interp_ratio") (value "0")
L 01/10/2023 - 19:41:37: [basecommands.smx] "Console<0><Console><Console>" changed cvar (cvar "nb_update_frequency") (value "0.014")
L 01/10/2023 - 19:41:37: [basecommands.smx] "Console<0><Console><Console>" changed cvar (cvar "net_splitpacket_maxrate") (value "50000")
L 01/10/2023 - 19:41:37: [basecommands.smx] "Console<0><Console><Console>" changed cvar (cvar "fps_max") (value "0")
L 01/10/2023 - 19:41:37: [basecommands.smx] "Console<0><Console><Console>" changed cvar (cvar "tick_door_speed") (value "1.3")
L 01/10/2023 - 19:41:37: [basecommands.smx] "Console<0><Console><Console>" changed cvar (cvar "mv_maxplayers") (value "12")
L 01/10/2023 - 19:41:37: [basecommands.smx] "Console<0><Console><Console>" changed cvar (cvar "mp_autoteambalance") (value "0")
L 01/10/2023 - 19:41:37: [basecommands.smx] "Console<0><Console><Console>" changed cvar (cvar "sv_unlag_fixstuck") (value "1")
L 01/10/2023 - 19:41:37: [basecommands.smx] "Console<0><Console><Console>" changed cvar (cvar "z_brawl_chance") (value "0")
L 01/10/2023 - 19:41:37: [basecommands.smx] "Console<0><Console><Console>" changed cvar (cvar "sv_maxunlag") (value "1")
L 01/10/2023 - 19:41:37: [basecommands.smx] "Console<0><Console><Console>" changed cvar (cvar "sv_forcepreload") (value "1")
L 01/10/2023 - 19:41:37: [basecommands.smx] "Console<0><Console><Console>" changed cvar (cvar "sv_client_predict") (value "1")
L 01/10/2023 - 19:41:37: [basecommands.smx] "Console<0><Console><Console>" changed cvar (cvar "sv_client_cmdrate_difference") (value "0")
L 01/10/2023 - 19:41:37: [basecommands.smx] "Console<0><Console><Console>" changed cvar (cvar "sv_max_queries_sec_global") (value "10")
L 01/10/2023 - 19:41:37: [basecommands.smx] "Console<0><Console><Console>" changed cvar (cvar "sv_max_queries_sec") (value "3")
L 01/10/2023 - 19:41:37: [basecommands.smx] "Console<0><Console><Console>" changed cvar (cvar "sv_max_queries_window") (value "10")
L 01/10/2023 - 19:41:37: [basecommands.smx] "Console<0><Console><Console>" changed cvar (cvar "sv_player_stuck_tolerance") (value "5")
L 01/10/2023 - 19:41:37: [basecommands.smx] "Console<0><Console><Console>" changed cvar (cvar "sv_stats") (value "0")
L 01/10/2023 - 19:41:37: [basecommands.smx] "Console<0><Console><Console>" changed cvar (cvar "sv_clockcorrection_msecs") (value "25")
L 01/10/2023 - 19:41:37: [basecommands.smx] "Console<0><Console><Console>" changed cvar (cvar "sb_all_bot_game") (value "1")
L 01/10/2023 - 19:41:37: [basecommands.smx] "Console<0><Console><Console>" changed cvar (cvar "sn_host_num") (value "1")
L 01/10/2023 - 19:41:37: [basecommands.smx] "Console<0><Console><Console>" changed cvar (cvar "sn_main_name_path") (value "hostname/hostname.txt")
L 01/10/2023 - 19:41:37: [basecommands.smx] "Console<0><Console><Console>" changed cvar (cvar "sn_hostname_format1") (value "#{servernum} {hostname} // {gamemode}")
L 01/10/2023 - 19:41:37: [basecommands.smx] "Console<0><Console><Console>" changed cvar (cvar "sn_hostname_format2") (value "#{servernum} {hostname} // {gamemode} - {difficulty}")
L 01/10/2023 - 19:41:37: [basecommands.smx] "Console<0><Console><Console>" changed cvar (cvar "sn_hostname_format3") (value "#{servernum} {hostname}//Competitive Rework")
L 01/10/2023 - 19:41:39: [optional/l4d2_saferoom_item_remove.smx] Removed 0 saferoom item(s) (start: 0; end: 0).
L 01/10/2023 - 19:41:46: [cannounce.smx] Player emileseb5 <STEAM_1:0:632143659> connected from country China (CN), IP 106.5.20.117
L 01/10/2023 - 19:41:53: [optional/l4d2_saferoom_item_remove.smx] Removed 0 saferoom item(s) (start: 0; end: 0).
L 01/10/2023 - 19:41:55: [optional/l4d2_saferoom_item_remove.smx] Removed 0 saferoom item(s) (start: 0; end: 0).
L 01/10/2023 - 19:45:39: [optional/l4d2_saferoom_item_remove.smx] Removed 0 saferoom item(s) (start: 0; end: 0).
L 01/10/2023 - 19:49:16: [optional/l4d2_saferoom_item_remove.smx] Removed 0 saferoom item(s) (start: 0; end: 0).
L 01/10/2023 - 19:53:35: [optional/l4d2_saferoom_item_remove.smx] Removed 0 saferoom item(s) (start: 0; end: 0).
L 01/10/2023 - 19:57:49: [optional/l4d2_saferoom_item_remove.smx] Removed 0 saferoom item(s) (start: 0; end: 0).
L 01/10/2023 - 20:01:29: [optional/l4d2_saferoom_item_remove.smx] Removed 0 saferoom item(s) (start: 0; end: 0).
L 01/10/2023 - 20:05:02: [cannounce.smx] Player emileseb5 <STEAM_1:0:632143659> from country China (CN) disconnected from IP 106.5.20.117reason: Disconnect by user.
L 01/10/2023 - 20:05:02: [basecommands.smx] "Console<0><Console><Console>" changed cvar (cvar "sb_all_bot_game") (value "1")
L 01/10/2023 - 20:05:02: [basecommands.smx] "Console<0><Console><Console>" changed cvar (cvar "sb_all_bot_game") (value "1")
L 01/10/2023 - 20:05:04: [linux_auto_restart.smx] Last one player left the server, Restart server now
L 01/10/2023 - 20:05:04: [linux_auto_restart.smx] Last one player left the server, Restart server now
L 01/10/2023 - 20:05:18: SourceMod log file session started (file "/root/Steam/steamapps/common/Left 4 Dead 2 Dedicated Server/left4dead2/addons/sourcemod/logs/L20230110.log") (Version "1.11.0.6825")
L 01/10/2023 - 20:05:18: [GEOIP] GeoIP2 database loaded: GeoLite2-City (2019-12-17 20:01:26 UTC)
L 01/10/2023 - 20:05:18: [GEOIP] GeoIP2 supported languages: de en es fr ja pt-BR ru zh-CN
L 01/10/2023 - 20:05:18: [GEOIPCITY] GeoIPCity database info: GEO-533LITE 20150106 Build 1 Copyright (c) 2015 MaxMind Inc All Rights Reserved
L 01/10/2023 - 20:05:21: [basecommands.smx] "Console<0><Console><Console>" changed cvar (cvar "confogl_match_execcfg_plugins") (value "generalfixes.cfg;confogl_plugins.cfg;sharedplugins.cfg")
L 01/10/2023 - 20:05:21: [basecommands.smx] "Console<0><Console><Console>" changed cvar (cvar "l4d2_addons_eclipse") (value "0")
L 01/10/2023 - 20:05:21: [basecommands.smx] "Console<0><Console><Console>" changed cvar (cvar "sv_allow_wait_command") (value "0")
L 01/10/2023 - 20:05:21: [basecommands.smx] "Console<0><Console><Console>" changed cvar (cvar "sv_minrate") (value "100000")
L 01/10/2023 - 20:05:21: [basecommands.smx] "Console<0><Console><Console>" changed cvar (cvar "sv_maxrate") (value "100000")
L 01/10/2023 - 20:05:21: [basecommands.smx] "Console<0><Console><Console>" changed cvar (cvar "sv_minupdaterate") (value "100")
L 01/10/2023 - 20:05:21: [basecommands.smx] "Console<0><Console><Console>" changed cvar (cvar "sv_maxupdaterate") (value "100")
L 01/10/2023 - 20:05:21: [basecommands.smx] "Console<0><Console><Console>" changed cvar (cvar "sv_mincmdrate") (value "100")
L 01/10/2023 - 20:05:21: [basecommands.smx] "Console<0><Console><Console>" changed cvar (cvar "sv_maxcmdrate") (value "100")
L 01/10/2023 - 20:05:21: [basecommands.smx] "Console<0><Console><Console>" changed cvar (cvar "sv_client_min_interp_ratio") (value "-1")
L 01/10/2023 - 20:05:21: [basecommands.smx] "Console<0><Console><Console>" changed cvar (cvar "sv_client_max_interp_ratio") (value "0")
L 01/10/2023 - 20:05:21: [basecommands.smx] "Console<0><Console><Console>" changed cvar (cvar "nb_update_frequency") (value "0.014")
L 01/10/2023 - 20:05:21: [basecommands.smx] "Console<0><Console><Console>" changed cvar (cvar "net_splitpacket_maxrate") (value "50000")
L 01/10/2023 - 20:05:21: [basecommands.smx] "Console<0><Console><Console>" changed cvar (cvar "fps_max") (value "0")
L 01/10/2023 - 20:05:21: [basecommands.smx] "Console<0><Console><Console>" changed cvar (cvar "tick_door_speed") (value "1.3")
L 01/10/2023 - 20:05:21: [basecommands.smx] "Console<0><Console><Console>" changed cvar (cvar "mv_maxplayers") (value "12")
L 01/10/2023 - 20:05:21: [basecommands.smx] "Console<0><Console><Console>" changed cvar (cvar "mp_autoteambalance") (value "0")
L 01/10/2023 - 20:05:21: [basecommands.smx] "Console<0><Console><Console>" changed cvar (cvar "sv_unlag_fixstuck") (value "1")
L 01/10/2023 - 20:05:21: [basecommands.smx] "Console<0><Console><Console>" changed cvar (cvar "z_brawl_chance") (value "0")
L 01/10/2023 - 20:05:21: [basecommands.smx] "Console<0><Console><Console>" changed cvar (cvar "sv_maxunlag") (value "1")
L 01/10/2023 - 20:05:21: [basecommands.smx] "Console<0><Console><Console>" changed cvar (cvar "sv_forcepreload") (value "1")
L 01/10/2023 - 20:05:21: [basecommands.smx] "Console<0><Console><Console>" changed cvar (cvar "sv_client_predict") (value "1")
L 01/10/2023 - 20:05:21: [basecommands.smx] "Console<0><Console><Console>" changed cvar (cvar "sv_client_cmdrate_difference") (value "0")
L 01/10/2023 - 20:05:21: [basecommands.smx] "Console<0><Console><Console>" changed cvar (cvar "sv_max_queries_sec_global") (value "10")
L 01/10/2023 - 20:05:21: [basecommands.smx] "Console<0><Console><Console>" changed cvar (cvar "sv_max_queries_sec") (value "3")
L 01/10/2023 - 20:05:21: [basecommands.smx] "Console<0><Console><Console>" changed cvar (cvar "sv_max_queries_window") (value "10")
L 01/10/2023 - 20:05:21: [basecommands.smx] "Console<0><Console><Console>" changed cvar (cvar "sv_player_stuck_tolerance") (value "5")
L 01/10/2023 - 20:05:21: [basecommands.smx] "Console<0><Console><Console>" changed cvar (cvar "sv_stats") (value "0")
L 01/10/2023 - 20:05:21: [basecommands.smx] "Console<0><Console><Console>" changed cvar (cvar "sv_clockcorrection_msecs") (value "25")
L 01/10/2023 - 20:05:21: [basecommands.smx] "Console<0><Console><Console>" changed cvar (cvar "sb_all_bot_game") (value "1")
L 01/10/2023 - 20:05:21: [basecommands.smx] "Console<0><Console><Console>" changed cvar (cvar "sn_host_num") (value "1")
L 01/10/2023 - 20:05:21: [basecommands.smx] "Console<0><Console><Console>" changed cvar (cvar "sn_main_name_path") (value "hostname/hostname.txt")
L 01/10/2023 - 20:05:21: [basecommands.smx] "Console<0><Console><Console>" changed cvar (cvar "sn_hostname_format1") (value "#{servernum} {hostname} // {gamemode}")
L 01/10/2023 - 20:05:21: [basecommands.smx] "Console<0><Console><Console>" changed cvar (cvar "sn_hostname_format2") (value "#{servernum} {hostname} // {gamemode} - {difficulty}")
L 01/10/2023 - 20:05:21: [basecommands.smx] "Console<0><Console><Console>" changed cvar (cvar "sn_hostname_format3") (value "#{servernum} {hostname}//Competitive Rework")
L 01/11/2023 - 00:23:29: Log file closed.
