L 11/30/2022 - 00:07:59: SourceMod log file session started (file "/root/Steam/steamapps/common/Left 4 Dead 2 Dedicated Server/left4dead2/addons/sourcemod/logs/L20221130.log") (Version "1.11.0.6825")
L 11/30/2022 - 00:07:59: [l4d2_playtime_interface.smx] Failed to retrieve response (GetOwnedGames) - HTTPStatus: 0
L 11/30/2022 - 00:08:01: [cannounce.smx] Player 玖肆 <STEAM_1:1:556583097> connected from country China (CN), IP 183.152.6.205
L 11/30/2022 - 00:08:02: [cannounce.smx] Player Twinkle <STEAM_1:0:219145519> connected from country China (CN), IP 171.82.180.63
L 11/30/2022 - 00:08:09: [l4d2_playtime_interface.smx] Failed to retrieve response (GetUserStatsForGame) - HTTPStatus: 0
L 11/30/2022 - 00:08:10: [l4d2_playtime_interface.smx] Failed to retrieve response (GetUserStatsForGame) - HTTPStatus: 403
L 11/30/2022 - 00:08:10: [l4d2_playtime_interface.smx] Failed to retrieve response (GetOwnedGames) - HTTPStatus: 401
L 11/30/2022 - 00:11:23: [l4d2_playtime_interface.smx] Failed to retrieve response (GetUserStatsForGame) - HTTPStatus: 403
L 11/30/2022 - 00:11:23: [l4d2_playtime_interface.smx] Failed to retrieve response (GetOwnedGames) - HTTPStatus: 401
L 11/30/2022 - 00:11:29: [cannounce.smx] Player CY <STEAM_1:1:566778073> connected from country China (CN), IP 61.140.74.250
L 11/30/2022 - 00:12:17: [confoglcompmod.smx] Set password on 玖肆, password 
L 11/30/2022 - 00:12:17: [confoglcompmod.smx] Set password on Twinkle, password 
L 11/30/2022 - 00:12:17: [confoglcompmod.smx] Set password on CY, password 
L 11/30/2022 - 00:12:20: -------- Mapchange to c8m5_rooftop --------
L 11/30/2022 - 00:12:22: [basecommands.smx] "Console<0><Console><Console>" changed cvar (cvar "confogl_match_execcfg_plugins") (value "generalfixes.cfg;confogl_plugins.cfg;sharedplugins.cfg")
L 11/30/2022 - 00:12:22: [basecommands.smx] "Console<0><Console><Console>" changed cvar (cvar "l4d2_addons_eclipse") (value "0")
L 11/30/2022 - 00:12:22: [basecommands.smx] "Console<0><Console><Console>" changed cvar (cvar "sv_allow_wait_command") (value "0")
L 11/30/2022 - 00:12:22: [basecommands.smx] "Console<0><Console><Console>" changed cvar (cvar "sv_minrate") (value "100000")
L 11/30/2022 - 00:12:22: [basecommands.smx] "Console<0><Console><Console>" changed cvar (cvar "sv_maxrate") (value "100000")
L 11/30/2022 - 00:12:22: [basecommands.smx] "Console<0><Console><Console>" changed cvar (cvar "sv_minupdaterate") (value "100")
L 11/30/2022 - 00:12:22: [basecommands.smx] "Console<0><Console><Console>" changed cvar (cvar "sv_maxupdaterate") (value "100")
L 11/30/2022 - 00:12:22: [basecommands.smx] "Console<0><Console><Console>" changed cvar (cvar "sv_mincmdrate") (value "100")
L 11/30/2022 - 00:12:22: [basecommands.smx] "Console<0><Console><Console>" changed cvar (cvar "sv_maxcmdrate") (value "100")
L 11/30/2022 - 00:12:22: [basecommands.smx] "Console<0><Console><Console>" changed cvar (cvar "sv_client_min_interp_ratio") (value "-1")
L 11/30/2022 - 00:12:22: [basecommands.smx] "Console<0><Console><Console>" changed cvar (cvar "sv_client_max_interp_ratio") (value "0")
L 11/30/2022 - 00:12:22: [basecommands.smx] "Console<0><Console><Console>" changed cvar (cvar "nb_update_frequency") (value "0.014")
L 11/30/2022 - 00:12:22: [basecommands.smx] "Console<0><Console><Console>" changed cvar (cvar "net_splitpacket_maxrate") (value "50000")
L 11/30/2022 - 00:12:22: [basecommands.smx] "Console<0><Console><Console>" changed cvar (cvar "fps_max") (value "0")
L 11/30/2022 - 00:12:22: [basecommands.smx] "Console<0><Console><Console>" changed cvar (cvar "tick_door_speed") (value "1.3")
L 11/30/2022 - 00:12:22: [basecommands.smx] "Console<0><Console><Console>" changed cvar (cvar "mv_maxplayers") (value "12")
L 11/30/2022 - 00:12:22: [basecommands.smx] "Console<0><Console><Console>" changed cvar (cvar "mp_autoteambalance") (value "0")
L 11/30/2022 - 00:12:22: [basecommands.smx] "Console<0><Console><Console>" changed cvar (cvar "sv_unlag_fixstuck") (value "1")
L 11/30/2022 - 00:12:22: [basecommands.smx] "Console<0><Console><Console>" changed cvar (cvar "z_brawl_chance") (value "0")
L 11/30/2022 - 00:12:22: [basecommands.smx] "Console<0><Console><Console>" changed cvar (cvar "sv_maxunlag") (value "1")
L 11/30/2022 - 00:12:22: [basecommands.smx] "Console<0><Console><Console>" changed cvar (cvar "sv_forcepreload") (value "1")
L 11/30/2022 - 00:12:22: [basecommands.smx] "Console<0><Console><Console>" changed cvar (cvar "sv_client_predict") (value "1")
L 11/30/2022 - 00:12:22: [basecommands.smx] "Console<0><Console><Console>" changed cvar (cvar "sv_client_cmdrate_difference") (value "0")
L 11/30/2022 - 00:12:22: [basecommands.smx] "Console<0><Console><Console>" changed cvar (cvar "sv_max_queries_sec_global") (value "10")
L 11/30/2022 - 00:12:22: [basecommands.smx] "Console<0><Console><Console>" changed cvar (cvar "sv_max_queries_sec") (value "3")
L 11/30/2022 - 00:12:22: [basecommands.smx] "Console<0><Console><Console>" changed cvar (cvar "sv_max_queries_window") (value "10")
L 11/30/2022 - 00:12:22: [basecommands.smx] "Console<0><Console><Console>" changed cvar (cvar "sv_player_stuck_tolerance") (value "5")
L 11/30/2022 - 00:12:22: [basecommands.smx] "Console<0><Console><Console>" changed cvar (cvar "sv_stats") (value "0")
L 11/30/2022 - 00:12:22: [basecommands.smx] "Console<0><Console><Console>" changed cvar (cvar "sv_clockcorrection_msecs") (value "25")
L 11/30/2022 - 00:12:22: [basecommands.smx] "Console<0><Console><Console>" changed cvar (cvar "sb_all_bot_game") (value "1")
L 11/30/2022 - 00:12:22: [l4d2_playtime_interface.smx] Failed to retrieve response (GetOwnedGames) - HTTPStatus: 401
L 11/30/2022 - 00:12:22: [l4d2_playtime_interface.smx] Failed to retrieve response (GetUserStatsForGame) - HTTPStatus: 403
L 11/30/2022 - 00:12:22: [l4d2_playtime_interface.smx] Failed to retrieve response (GetUserStatsForGame) - HTTPStatus: 403
L 11/30/2022 - 00:12:22: [l4d2_playtime_interface.smx] Failed to retrieve response (GetOwnedGames) - HTTPStatus: 401
L 11/30/2022 - 00:12:22: [l4d2_playtime_interface.smx] Failed to retrieve response (GetOwnedGames) - HTTPStatus: 401
L 11/30/2022 - 00:12:22: [l4d2_playtime_interface.smx] Failed to retrieve response (GetUserStatsForGame) - HTTPStatus: 403
L 11/30/2022 - 00:12:23: [optional/l4d2_saferoom_item_remove.smx] Removed 0 saferoom item(s) (start: 0; end: 0).
L 11/30/2022 - 00:14:00: [basecommands.smx] "Console<0><Console><Console>" changed cvar (cvar "sb_all_bot_game") (value "1")
L 11/30/2022 - 00:14:02: [linux_auto_restart.smx] Last one player left the server, Restart server now
L 11/30/2022 - 00:14:15: SourceMod log file session started (file "/root/Steam/steamapps/common/Left 4 Dead 2 Dedicated Server/left4dead2/addons/sourcemod/logs/L20221130.log") (Version "1.11.0.6825")
L 11/30/2022 - 00:14:15: [GEOIP] GeoIP2 database loaded: GeoLite2-City (2019-12-17 20:01:26 UTC)
L 11/30/2022 - 00:14:15: [GEOIP] GeoIP2 supported languages: de en es fr ja pt-BR ru zh-CN
L 11/30/2022 - 00:14:15: [GEOIPCITY] GeoIPCity database info: GEO-533LITE 20150106 Build 1 Copyright (c) 2015 MaxMind Inc All Rights Reserved
L 11/30/2022 - 00:14:17: [basecommands.smx] "Console<0><Console><Console>" changed cvar (cvar "confogl_match_execcfg_plugins") (value "generalfixes.cfg;confogl_plugins.cfg;sharedplugins.cfg")
L 11/30/2022 - 00:14:17: [basecommands.smx] "Console<0><Console><Console>" changed cvar (cvar "l4d2_addons_eclipse") (value "0")
L 11/30/2022 - 00:14:17: [basecommands.smx] "Console<0><Console><Console>" changed cvar (cvar "sv_allow_wait_command") (value "0")
L 11/30/2022 - 00:14:17: [basecommands.smx] "Console<0><Console><Console>" changed cvar (cvar "sv_minrate") (value "100000")
L 11/30/2022 - 00:14:17: [basecommands.smx] "Console<0><Console><Console>" changed cvar (cvar "sv_maxrate") (value "100000")
L 11/30/2022 - 00:14:17: [basecommands.smx] "Console<0><Console><Console>" changed cvar (cvar "sv_minupdaterate") (value "100")
L 11/30/2022 - 00:14:17: [basecommands.smx] "Console<0><Console><Console>" changed cvar (cvar "sv_maxupdaterate") (value "100")
L 11/30/2022 - 00:14:17: [basecommands.smx] "Console<0><Console><Console>" changed cvar (cvar "sv_mincmdrate") (value "100")
L 11/30/2022 - 00:14:17: [basecommands.smx] "Console<0><Console><Console>" changed cvar (cvar "sv_maxcmdrate") (value "100")
L 11/30/2022 - 00:14:17: [basecommands.smx] "Console<0><Console><Console>" changed cvar (cvar "sv_client_min_interp_ratio") (value "-1")
L 11/30/2022 - 00:14:17: [basecommands.smx] "Console<0><Console><Console>" changed cvar (cvar "sv_client_max_interp_ratio") (value "0")
L 11/30/2022 - 00:14:17: [basecommands.smx] "Console<0><Console><Console>" changed cvar (cvar "nb_update_frequency") (value "0.014")
L 11/30/2022 - 00:14:17: [basecommands.smx] "Console<0><Console><Console>" changed cvar (cvar "net_splitpacket_maxrate") (value "50000")
L 11/30/2022 - 00:14:17: [basecommands.smx] "Console<0><Console><Console>" changed cvar (cvar "fps_max") (value "0")
L 11/30/2022 - 00:14:17: [basecommands.smx] "Console<0><Console><Console>" changed cvar (cvar "tick_door_speed") (value "1.3")
L 11/30/2022 - 00:14:17: [basecommands.smx] "Console<0><Console><Console>" changed cvar (cvar "mv_maxplayers") (value "12")
L 11/30/2022 - 00:14:17: [basecommands.smx] "Console<0><Console><Console>" changed cvar (cvar "mp_autoteambalance") (value "0")
L 11/30/2022 - 00:14:17: [basecommands.smx] "Console<0><Console><Console>" changed cvar (cvar "sv_unlag_fixstuck") (value "1")
L 11/30/2022 - 00:14:17: [basecommands.smx] "Console<0><Console><Console>" changed cvar (cvar "z_brawl_chance") (value "0")
L 11/30/2022 - 00:14:17: [basecommands.smx] "Console<0><Console><Console>" changed cvar (cvar "sv_maxunlag") (value "1")
L 11/30/2022 - 00:14:17: [basecommands.smx] "Console<0><Console><Console>" changed cvar (cvar "sv_forcepreload") (value "1")
L 11/30/2022 - 00:14:17: [basecommands.smx] "Console<0><Console><Console>" changed cvar (cvar "sv_client_predict") (value "1")
L 11/30/2022 - 00:14:17: [basecommands.smx] "Console<0><Console><Console>" changed cvar (cvar "sv_client_cmdrate_difference") (value "0")
L 11/30/2022 - 00:14:17: [basecommands.smx] "Console<0><Console><Console>" changed cvar (cvar "sv_max_queries_sec_global") (value "10")
L 11/30/2022 - 00:14:17: [basecommands.smx] "Console<0><Console><Console>" changed cvar (cvar "sv_max_queries_sec") (value "3")
L 11/30/2022 - 00:14:17: [basecommands.smx] "Console<0><Console><Console>" changed cvar (cvar "sv_max_queries_window") (value "10")
L 11/30/2022 - 00:14:17: [basecommands.smx] "Console<0><Console><Console>" changed cvar (cvar "sv_player_stuck_tolerance") (value "5")
L 11/30/2022 - 00:14:17: [basecommands.smx] "Console<0><Console><Console>" changed cvar (cvar "sv_stats") (value "0")
L 11/30/2022 - 00:14:17: [basecommands.smx] "Console<0><Console><Console>" changed cvar (cvar "sv_clockcorrection_msecs") (value "25")
L 11/30/2022 - 00:14:17: [basecommands.smx] "Console<0><Console><Console>" changed cvar (cvar "sb_all_bot_game") (value "1")
L 12/01/2022 - 12:56:49: Log file closed.
