L 01/14/2023 - 00:26:07: [CvarSettings] [c2m1_highway] Attempt to track ConVar tongue_drag_damage_amount, which is already being tracked.
L 01/14/2023 - 00:26:07: [CvarSettings] [c2m1_highway] Could not find CVar specified (rpg_allow_glow)
L 01/14/2023 - 00:26:07: [CvarSettings] [c2m1_highway] Could not find CVar specified (inf_TeleportDistance)
L 01/14/2023 - 00:26:07: [CvarSettings] [c2m1_highway] Could not find CVar specified (ai_JockeyAirAngles)
L 01/14/2023 - 00:26:07: [CvarSettings] [c2m1_highway] Could not find CVar specified (ai_SpitterInstantKill)
L 01/14/2023 - 00:26:07: [CvarSettings] [c2m1_highway] Could not find CVar specified (shop_enable)
L 01/14/2023 - 00:28:15: [CvarSettings] [c2m1_highway] Could not find CVar specified (inf_TeleportDistance)
L 01/14/2023 - 00:28:15: [CvarSettings] [c2m1_highway] Could not find CVar specified (shop_enable)
L 01/14/2023 - 00:30:54: [CvarSettings] [c2m1_highway] Attempt to track ConVar z_jockey_ride_damage, which is already being tracked.
L 01/14/2023 - 00:30:54: [CvarSettings] [c2m1_highway] Attempt to track ConVar tongue_drag_damage_amount, which is already being tracked.
L 01/14/2023 - 00:30:54: [CvarSettings] [c2m1_highway] Attempt to track ConVar tongue_choke_damage_amount, which is already being tracked.
L 01/14/2023 - 00:30:54: [CvarSettings] [c2m1_highway] Could not find CVar specified (inf_TeleportDistance)
L 01/14/2023 - 00:30:54: [CvarSettings] [c2m1_highway] Could not find CVar specified (ai_JockeyAirAngles)
L 01/14/2023 - 00:30:54: [CvarSettings] [c2m1_highway] Could not find CVar specified (shop_enable)
L 01/14/2023 - 00:30:54: [CvarSettings] [c2m1_highway] Attempt to track ConVar tongue_drag_first_damage_interval, which is already being tracked.
L 01/14/2023 - 00:30:54: [CvarSettings] [c2m1_highway] Attempt to track ConVar tongue_drag_first_damage, which is already being tracked.
L 01/14/2023 - 00:33:41: [CvarSettings] [c2m1_highway] Could not find CVar specified (rpg_allow_glow)
L 01/14/2023 - 00:33:41: [CvarSettings] [c2m1_highway] Could not find CVar specified (inf_TeleportDistance)
L 01/14/2023 - 00:33:41: [CvarSettings] [c2m1_highway] Could not find CVar specified (shop_enable)
L 01/14/2023 - 00:35:22: [CvarSettings] [c2m1_highway] Attempt to track ConVar tongue_drag_damage_amount, which is already being tracked.
L 01/14/2023 - 00:35:22: [CvarSettings] [c2m1_highway] Could not find CVar specified (rpg_allow_glow)
L 01/14/2023 - 00:35:22: [CvarSettings] [c2m1_highway] Could not find CVar specified (autopause_enable)
L 01/14/2023 - 00:35:22: [CvarSettings] [c2m1_highway] Could not find CVar specified (autopause_force)
L 01/14/2023 - 00:35:22: [CvarSettings] [c2m1_highway] Could not find CVar specified (autopause_apdebug)
L 01/14/2023 - 00:35:22: [CvarSettings] [c2m1_highway] Could not find CVar specified (inf_TeleportDistance)
L 01/14/2023 - 00:35:22: [CvarSettings] [c2m1_highway] Could not find CVar specified (shop_enable)
L 01/14/2023 - 14:28:53: [CvarSettings] [c2m1_highway] Attempt to track ConVar tongue_drag_damage_amount, which is already being tracked.
L 01/14/2023 - 14:28:53: [CvarSettings] [c2m1_highway] Could not find CVar specified (rpg_allow_glow)
L 01/14/2023 - 14:28:53: [CvarSettings] [c2m1_highway] Could not find CVar specified (inf_TeleportDistance)
L 01/14/2023 - 14:28:53: [CvarSettings] [c2m1_highway] Could not find CVar specified (ai_JockeyAirAngles)
L 01/14/2023 - 14:28:53: [CvarSettings] [c2m1_highway] Could not find CVar specified (ai_SpitterInstantKill)
L 01/14/2023 - 14:28:53: [CvarSettings] [c2m1_highway] Could not find CVar specified (shop_enable)
L 01/14/2023 - 14:32:09: [CvarSettings] [c2m1_highway] Could not find CVar specified (inf_TeleportDistance)
L 01/14/2023 - 14:32:09: [CvarSettings] [c2m1_highway] Could not find CVar specified (shop_enable)
L 01/14/2023 - 15:20:17: [CvarSettings] [c2m1_highway] Attempt to track ConVar tongue_drag_damage_amount, which is already being tracked.
L 01/14/2023 - 15:20:17: [CvarSettings] [c2m1_highway] Could not find CVar specified (rpg_allow_glow)
L 01/14/2023 - 15:20:17: [CvarSettings] [c2m1_highway] Could not find CVar specified (inf_TeleportDistance)
L 01/14/2023 - 15:20:17: [CvarSettings] [c2m1_highway] Could not find CVar specified (ai_JockeyAirAngles)
L 01/14/2023 - 15:20:17: [CvarSettings] [c2m1_highway] Could not find CVar specified (ai_SpitterInstantKill)
L 01/14/2023 - 15:20:17: [CvarSettings] [c2m1_highway] Could not find CVar specified (shop_enable)
L 01/14/2023 - 15:21:08: [CvarSettings] [c2m1_highway] Could not find CVar specified (inf_TeleportDistance)
L 01/14/2023 - 15:21:08: [CvarSettings] [c2m1_highway] Could not find CVar specified (shop_enable)
L 01/14/2023 - 16:34:06: [CvarSettings] [c2m1_highway] Could not find CVar specified (inf_TeleportDistance)
L 01/14/2023 - 16:34:06: [CvarSettings] [c2m1_highway] Could not find CVar specified (shop_enable)
L 01/14/2023 - 19:47:02: [CvarSettings] [c2m1_highway] Could not find CVar specified (inf_TeleportDistance)
L 01/14/2023 - 19:47:02: [CvarSettings] [c2m1_highway] Could not find CVar specified (shop_enable)
L 01/14/2023 - 21:24:55: [CvarSettings] [c2m1_highway] Attempt to track ConVar tongue_drag_damage_amount, which is already being tracked.
L 01/14/2023 - 21:24:55: [CvarSettings] [c2m1_highway] Could not find CVar specified (rpg_allow_glow)
L 01/14/2023 - 21:24:55: [CvarSettings] [c2m1_highway] Could not find CVar specified (sn_hostname_format_new)
L 01/14/2023 - 21:24:55: [CvarSettings] [c2m1_highway] Could not find CVar specified (inf_TeleportDistance)
L 01/14/2023 - 21:24:55: [CvarSettings] [c2m1_highway] Could not find CVar specified (ai_JockeyAirAngles)
L 01/14/2023 - 21:24:55: [CvarSettings] [c2m1_highway] Could not find CVar specified (ai_SpitterInstantKill)
L 01/14/2023 - 21:24:55: [CvarSettings] [c2m1_highway] Could not find CVar specified (shop_enable)
