L 01/16/2023 - 00:26:41: [CvarSettings] [c2m1_highway] Could not find CVar specified (l4d_ready_survivor_freeze)
L 01/16/2023 - 00:26:41: [CvarSettings] [c2m1_highway] Could not find CVar specified (l4d_ready_delay)
L 01/16/2023 - 00:26:41: [CvarSettings] [c2m1_highway] Could not find CVar specified (l4d_ready_enable_sound)
L 01/16/2023 - 00:26:41: [CvarSettings] [c2m1_highway] Could not find CVar specified (l4d_ready_chuckle)
L 01/16/2023 - 00:26:41: [CvarSettings] [c2m1_highway] Could not find CVar specified (l4d_ready_live_sound)
L 01/16/2023 - 00:26:41: [CvarSettings] [c2m1_highway] Could not find CVar specified (confogl_boss_unprohibit)
L 01/16/2023 - 00:26:41: [CvarSettings] [c2m1_highway] Could not find CVar specified (tankcontrol_print_all)
L 01/16/2023 - 00:26:41: [CvarSettings] [c2m1_highway] Could not find CVar specified (l4d2_tank_bypass_extra_flow)
L 01/16/2023 - 00:26:41: [CvarSettings] [c2m1_highway] Attempt to track ConVar z_ghost_delay_max, which is already being tracked.
L 01/16/2023 - 00:26:41: [CvarSettings] [c2m1_highway] Attempt to track ConVar z_jockey_ride_damage, which is already being tracked.
L 01/16/2023 - 00:26:41: [CvarSettings] [c2m1_highway] Attempt to track ConVar z_jockey_ride_damage_interval, which is already being tracked.
L 01/16/2023 - 00:26:41: [CvarSettings] [c2m1_highway] Attempt to track ConVar tongue_choke_damage_amount, which is already being tracked.
L 01/16/2023 - 00:26:41: [CvarSettings] [c2m1_highway] Could not find CVar specified (rpg_allow_glow)
L 01/16/2023 - 00:29:41: [CvarSettings] [c2m1_highway] Attempt to track ConVar z_jockey_ride_damage, which is already being tracked.
L 01/16/2023 - 00:29:41: [CvarSettings] [c2m1_highway] Attempt to track ConVar tongue_drag_damage_amount, which is already being tracked.
L 01/16/2023 - 00:29:41: [CvarSettings] [c2m1_highway] Attempt to track ConVar tongue_choke_damage_amount, which is already being tracked.
L 01/16/2023 - 00:29:41: [CvarSettings] [c2m1_highway] Could not find CVar specified (sn_hostname_format_new)
L 01/16/2023 - 00:29:41: [CvarSettings] [c2m1_highway] Could not find CVar specified (inf_TeleportDistance)
L 01/16/2023 - 00:29:41: [CvarSettings] [c2m1_highway] Could not find CVar specified (ai_JockeyAirAngles)
L 01/16/2023 - 00:29:41: [CvarSettings] [c2m1_highway] Could not find CVar specified (shop_enable)
L 01/16/2023 - 00:29:41: [CvarSettings] [c2m1_highway] Attempt to track ConVar tongue_drag_first_damage_interval, which is already being tracked.
L 01/16/2023 - 00:29:41: [CvarSettings] [c2m1_highway] Attempt to track ConVar tongue_drag_first_damage, which is already being tracked.
L 01/16/2023 - 00:37:40: [CvarSettings] [c2m1_highway] Attempt to track ConVar z_jockey_ride_damage, which is already being tracked.
L 01/16/2023 - 00:37:40: [CvarSettings] [c2m1_highway] Attempt to track ConVar tongue_drag_damage_amount, which is already being tracked.
L 01/16/2023 - 00:37:40: [CvarSettings] [c2m1_highway] Attempt to track ConVar tongue_choke_damage_amount, which is already being tracked.
L 01/16/2023 - 00:37:40: [CvarSettings] [c2m1_highway] Could not find CVar specified (sn_hostname_format_new)
L 01/16/2023 - 00:37:40: [CvarSettings] [c2m1_highway] Could not find CVar specified (inf_TeleportDistance)
L 01/16/2023 - 00:37:40: [CvarSettings] [c2m1_highway] Could not find CVar specified (ai_JockeyAirAngles)
L 01/16/2023 - 00:37:40: [CvarSettings] [c2m1_highway] Could not find CVar specified (shop_enable)
L 01/16/2023 - 00:37:40: [CvarSettings] [c2m1_highway] Attempt to track ConVar tongue_drag_first_damage_interval, which is already being tracked.
L 01/16/2023 - 00:37:40: [CvarSettings] [c2m1_highway] Attempt to track ConVar tongue_drag_first_damage, which is already being tracked.
L 01/16/2023 - 13:18:32: [CvarSettings] [c2m1_highway] Could not find CVar specified (sn_hostname_format_new)
L 01/16/2023 - 13:18:32: [CvarSettings] [c2m1_highway] Could not find CVar specified (inf_TeleportDistance)
L 01/16/2023 - 13:18:32: [CvarSettings] [c2m1_highway] Could not find CVar specified (shop_enable)
L 01/16/2023 - 19:25:43: [CvarSettings] [c2m1_highway] Attempt to track ConVar z_jockey_ride_damage, which is already being tracked.
L 01/16/2023 - 19:25:43: [CvarSettings] [c2m1_highway] Attempt to track ConVar tongue_drag_damage_amount, which is already being tracked.
L 01/16/2023 - 19:25:43: [CvarSettings] [c2m1_highway] Attempt to track ConVar tongue_choke_damage_amount, which is already being tracked.
L 01/16/2023 - 19:25:43: [CvarSettings] [c2m1_highway] Could not find CVar specified (sn_hostname_format_new)
L 01/16/2023 - 19:25:43: [CvarSettings] [c2m1_highway] Could not find CVar specified (inf_TeleportDistance)
L 01/16/2023 - 19:25:43: [CvarSettings] [c2m1_highway] Could not find CVar specified (ai_JockeyAirAngles)
L 01/16/2023 - 19:25:43: [CvarSettings] [c2m1_highway] Could not find CVar specified (shop_enable)
L 01/16/2023 - 19:25:43: [CvarSettings] [c2m1_highway] Attempt to track ConVar tongue_drag_first_damage_interval, which is already being tracked.
L 01/16/2023 - 19:25:43: [CvarSettings] [c2m1_highway] Attempt to track ConVar tongue_drag_first_damage, which is already being tracked.
L 01/16/2023 - 21:31:10: [CvarSettings] [c2m1_highway] Could not find CVar specified (sn_hostname_format_new)
L 01/16/2023 - 21:31:10: [CvarSettings] [c2m1_highway] Could not find CVar specified (inf_TeleportDistance)
L 01/16/2023 - 21:31:10: [CvarSettings] [c2m1_highway] Could not find CVar specified (shop_enable)
L 01/16/2023 - 21:54:39: [CvarSettings] [c2m1_highway] Could not find CVar specified (sn_hostname_format_new)
L 01/16/2023 - 21:54:39: [CvarSettings] [c2m1_highway] Could not find CVar specified (inf_TeleportDistance)
L 01/16/2023 - 21:54:39: [CvarSettings] [c2m1_highway] Could not find CVar specified (shop_enable)
L 01/16/2023 - 22:58:38: [CvarSettings] [c2m1_highway] Attempt to track ConVar z_jockey_ride_damage, which is already being tracked.
L 01/16/2023 - 22:58:38: [CvarSettings] [c2m1_highway] Attempt to track ConVar tongue_drag_damage_amount, which is already being tracked.
L 01/16/2023 - 22:58:38: [CvarSettings] [c2m1_highway] Attempt to track ConVar tongue_choke_damage_amount, which is already being tracked.
L 01/16/2023 - 22:58:38: [CvarSettings] [c2m1_highway] Could not find CVar specified (sn_hostname_format_new)
L 01/16/2023 - 22:58:38: [CvarSettings] [c2m1_highway] Could not find CVar specified (inf_TeleportDistance)
L 01/16/2023 - 22:58:38: [CvarSettings] [c2m1_highway] Could not find CVar specified (ai_JockeyAirAngles)
L 01/16/2023 - 22:58:38: [CvarSettings] [c2m1_highway] Could not find CVar specified (shop_enable)
L 01/16/2023 - 22:58:38: [CvarSettings] [c2m1_highway] Attempt to track ConVar tongue_drag_first_damage_interval, which is already being tracked.
L 01/16/2023 - 22:58:38: [CvarSettings] [c2m1_highway] Attempt to track ConVar tongue_drag_first_damage, which is already being tracked.
