L 01/20/2023 - 10:43:22: [CvarSettings] [c3m1_plankcountry] Could not find CVar specified (sn_hostname_format_new)
L 01/20/2023 - 10:43:22: [CvarSettings] [c3m1_plankcountry] Could not find CVar specified (inf_TeleportDistance)
L 01/20/2023 - 10:43:22: [CvarSettings] [c3m1_plankcountry] Could not find CVar specified (shop_enable)
L 01/20/2023 - 15:13:45: [CvarSettings] [c2m1_highway] Could not find CVar specified (sn_hostname_format_new)
L 01/20/2023 - 15:13:45: [CvarSettings] [c2m1_highway] Could not find CVar specified (inf_TeleportDistance)
L 01/20/2023 - 15:13:45: [CvarSettings] [c2m1_highway] Could not find CVar specified (shop_enable)
L 01/20/2023 - 16:10:47: [CvarSettings] [c2m1_highway] Could not find CVar specified (l4d_ready_cfg_name)
L 01/20/2023 - 16:10:47: [CvarSettings] [c2m1_highway] Could not find CVar specified (l4d_ready_survivor_freeze)
L 01/20/2023 - 16:10:47: [CvarSettings] [c2m1_highway] Could not find CVar specified (l4d_ready_delay)
L 01/20/2023 - 16:10:47: [CvarSettings] [c2m1_highway] Could not find CVar specified (l4d_ready_enable_sound)
L 01/20/2023 - 16:10:47: [CvarSettings] [c2m1_highway] Could not find CVar specified (l4d_ready_chuckle)
L 01/20/2023 - 16:10:47: [CvarSettings] [c2m1_highway] Could not find CVar specified (l4d_ready_live_sound)
L 01/20/2023 - 16:10:47: [CvarSettings] [c2m1_highway] Could not find CVar specified (confogl_boss_unprohibit)
L 01/20/2023 - 16:10:47: [CvarSettings] [c2m1_highway] Could not find CVar specified (tankcontrol_print_all)
L 01/20/2023 - 16:10:47: [CvarSettings] [c2m1_highway] Could not find CVar specified (sm_survivor_mvp_brevity_latest)
L 01/20/2023 - 16:10:47: [CvarSettings] [c2m1_highway] Could not find CVar specified (sm_stats_autoprint_vs_round)
L 01/20/2023 - 16:10:47: [CvarSettings] [c2m1_highway] Attempt to track ConVar z_ghost_delay_max, which is already being tracked.
L 01/20/2023 - 16:10:47: [CvarSettings] [c2m1_highway] Could not find CVar specified (rpg_allow_glow)
L 01/20/2023 - 19:49:28: [CvarSettings] [c2m1_highway] Could not find CVar specified (sn_hostname_format_new)
L 01/20/2023 - 19:49:28: [CvarSettings] [c2m1_highway] Could not find CVar specified (inf_TeleportDistance)
L 01/20/2023 - 19:49:28: [CvarSettings] [c2m1_highway] Could not find CVar specified (shop_enable)
L 01/20/2023 - 20:08:41: [CvarSettings] [c2m1_highway] Could not find CVar specified (sn_hostname_format_new)
L 01/20/2023 - 20:08:41: [CvarSettings] [c2m1_highway] Could not find CVar specified (inf_TeleportDistance)
L 01/20/2023 - 20:08:41: [CvarSettings] [c2m1_highway] Could not find CVar specified (shop_enable)
L 01/20/2023 - 22:16:04: [CvarSettings] [c2m1_highway] Could not find CVar specified (sn_hostname_format_new)
L 01/20/2023 - 22:16:04: [CvarSettings] [c2m1_highway] Could not find CVar specified (inf_TeleportDistance)
L 01/20/2023 - 22:16:04: [CvarSettings] [c2m1_highway] Could not find CVar specified (shop_enable)
L 01/20/2023 - 22:28:47: [CvarSettings] [c2m1_highway] Could not find CVar specified (sn_hostname_format_new)
L 01/20/2023 - 22:28:47: [CvarSettings] [c2m1_highway] Could not find CVar specified (inf_TeleportDistance)
L 01/20/2023 - 22:28:47: [CvarSettings] [c2m1_highway] Could not find CVar specified (shop_enable)
L 01/20/2023 - 22:31:25: [CvarSettings] [c2m1_highway] Could not find CVar specified (sn_hostname_format_new)
L 01/20/2023 - 22:31:25: [CvarSettings] [c2m1_highway] Could not find CVar specified (inf_TeleportDistance)
L 01/20/2023 - 22:31:25: [CvarSettings] [c2m1_highway] Could not find CVar specified (shop_enable)
L 01/20/2023 - 22:34:27: [CvarSettings] [c2m1_highway] Could not find CVar specified (sn_hostname_format_new)
L 01/20/2023 - 22:34:27: [CvarSettings] [c2m1_highway] Could not find CVar specified (inf_TeleportDistance)
L 01/20/2023 - 22:34:27: [CvarSettings] [c2m1_highway] Could not find CVar specified (shop_enable)
