Got a presubmit token from server: bd7ada942e0aaf2741f6cd4e148385c1
Uploaded crash dump: Crash ID: YL5A-IWA7-POZS
Got a presubmit token from server: 67f8b57c71073d2df22651619cc10924
Uploaded crash dump: Crash ID: 6ZQX-SWL3-WYBU
Got a presubmit token from server: bd7ada942e0aaf2741f6cd4e148385c1
Uploaded crash dump: Crash ID: FYLH-QLBI-WECQ
Got a presubmit token from server: bd7ada942e0aaf2741f6cd4e148385c1
Uploaded crash dump: Crash ID: 6TNN-WO4N-CWGP
Got a presubmit token from server: bd7ada942e0aaf2741f6cd4e148385c1
Uploaded crash dump: Crash ID: L67N-EHFZ-I3L7
Got a presubmit token from server: bd7ada942e0aaf2741f6cd4e148385c1
Uploaded crash dump: Crash ID: B4HP-WK4O-7AYO
Got a presubmit token from server: bd7ada942e0aaf2741f6cd4e148385c1
Uploaded crash dump: Crash ID: 3XPA-WIN3-44GP
Got a presubmit token from server: bd7ada942e0aaf2741f6cd4e148385c1
Uploaded crash dump: Crash ID: L43I-2JBS-S2WW
Got a presubmit token from server: bd7ada942e0aaf2741f6cd4e148385c1
Uploaded crash dump: Crash ID: RF63-5LYQ-ET2E
Got a presubmit token from server: bd7ada942e0aaf2741f6cd4e148385c1
Uploaded crash dump: Crash ID: YGYP-MLYO-PDMB
Got a presubmit token from server: bd7ada942e0aaf2741f6cd4e148385c1
Uploaded crash dump: Crash ID: TNNE-N445-HGFC
Got a presubmit token from server: bd7ada942e0aaf2741f6cd4e148385c1
Uploaded crash dump: Crash ID: G62Z-JHPH-FOM6
Got a presubmit token from server: bd7ada942e0aaf2741f6cd4e148385c1
Uploaded crash dump: Crash ID: PVB2-UU7I-K4ZR
Got a presubmit token from server: bd7ada942e0aaf2741f6cd4e148385c1
Uploaded crash dump: Crash ID: C2DP-PN3K-TXYZ
Got a presubmit token from server: bd7ada942e0aaf2741f6cd4e148385c1
Uploaded crash dump: Crash ID: 42TR-3KOR-7H25
Got a presubmit token from server: bd7ada942e0aaf2741f6cd4e148385c1
Uploaded crash dump: Crash ID: VYGP-DIBZ-VISG
Got a presubmit token from server: bd7ada942e0aaf2741f6cd4e148385c1
Uploaded crash dump: Crash ID: J27D-5LLT-BZY5
Got a presubmit token from server: bd7ada942e0aaf2741f6cd4e148385c1
Uploaded crash dump: Crash ID: ARH7-TOGC-E6FG
Got a presubmit token from server: 67f8b57c71073d2df22651619cc10924
Uploaded crash dump: Crash ID: URJ3-GOXQ-4SD7
Got a presubmit token from server: bd7ada942e0aaf2741f6cd4e148385c1
Uploaded crash dump: Crash ID: H6RW-UMLX-A65Y
Got a presubmit token from server: b63f1de5baacfb2f0b549ec1f5d082ca
Uploaded crash dump: Crash ID: KHTQ-QTFC-7TTG
Got a presubmit token from server: 4e2d9a3ad1d36332ef2eb873540ef943
Uploaded crash dump: Crash ID: EC7A-GY3M-FLIL
Got a presubmit token from server: b63f1de5baacfb2f0b549ec1f5d082ca
Uploaded crash dump: Crash ID: UCRG-JJBR-PPDO
Got a presubmit token from server: 4e2d9a3ad1d36332ef2eb873540ef943
Uploaded crash dump: Crash ID: ARXM-HLGX-4JXL
Got a presubmit token from server: b63f1de5baacfb2f0b549ec1f5d082ca
Uploaded crash dump: Crash ID: XAMA-OOUO-YS2W
Got a presubmit token from server: 4e2d9a3ad1d36332ef2eb873540ef943
Uploaded crash dump: Crash ID: BVUZ-UBLW-THT7
Got a presubmit token from server: b63f1de5baacfb2f0b549ec1f5d082ca
Uploaded crash dump: Crash ID: W5GU-QCZV-EBMC
