--=================================================================--
[23/01/2023 13:25:05] --- 地图开始: c2m1_highway ---
--=================================================================--
--=================================================================--
[23/01/2023 13:25:08] --- 地图结束: c2m1_highway ---
--=================================================================--
--=================================================================--
[23/01/2023 13:25:10] --- 回合开始: c2m1_highway ---
--=================================================================--
--=================================================================--
[23/01/2023 13:25:11] --- 地图开始: c2m1_highway ---
--=================================================================--
[13:25:24] [CN] 予感<2><STEAM_1:0:246466989><> 加入游戏 (223.153.13.43)
[13:25:25] [Unassigned] 予感: vmodenable 1
[13:25:25] [Unassigned] 予感: vban 0
[13:25:25] [Unassigned] 予感: unpause 
[13:25:35] [Survivor] 予感: vocalize smartlook auto
[13:25:38] [Survivor] 予感: vocalize smartlook #272
[13:25:39] [Survivor] 予感: vocalize smartlook #287
[13:25:40] [Survivor] 予感: vocalize smartlook #294
[13:25:42] [Survivor] 予感: vocalize smartlook #315
[13:25:56] [Survivor] 予感: vocalize smartlook #461
[13:25:59] [Survivor] 予感: vocalize smartlook auto
[13:25:59] [Survivor] 予感: vocalize smartlook #484
[13:26:01] [Survivor] 予感: vocalize smartlook #508
[13:26:04] [Survivor] 予感: say g
[13:26:05] [Survivor] 予感: vocalize smartlook auto
[13:27:07] [Survivor] 予感: say /vote
[13:27:07] [Survivor] 予感: sm_vote 
[13:27:09] [Survivor] 予感: menuselect 2
[13:27:11] [Survivor] 予感: menuselect 9
[13:27:14] [Survivor] 予感: menuselect 8
[13:27:14] [Survivor] 予感: menuselect 8
[13:27:56] [Spectator] 予感: say /jg
[13:27:56] [Spectator] 予感: sm_jg 
[13:27:56] [Spectator] 予感: jointeam survivor
[13:28:11] [Survivor] 予感: setpause 
[13:28:11] [Survivor] 予感: vocalize smartlook auto
[13:28:13] [Survivor] 予感: status 
[13:28:23] [Survivor] 予感: unpause 
[13:30:08] 予感<2><STEAM_1:0:246466989><> 离开游戏 (reason: 你自己干了什么没点B数吗)
--=================================================================--
[23/01/2023 13:30:44] --- 回合开始: c2m1_highway ---
--=================================================================--
--=================================================================--
[23/01/2023 13:30:44] --- 地图开始: c2m1_highway ---
--=================================================================--
[13:31:00] [CN] 予感<2><STEAM_1:0:246466989><> 加入游戏 (223.153.13.43)
[13:31:01] [Unassigned] 予感: vmodenable 1
[13:31:01] [Unassigned] 予感: vban 0
[13:31:04] [Infected] 予感: setpause 
[13:31:08] [Infected] 予感: unpause 
[13:32:12] [Infected] 予感: say /match
[13:32:12] [Infected] 予感: sm_match 
[13:32:12] [Infected] 予感: menuselect 1
[13:32:20] [Infected] 予感: vote Yes
[13:32:26] [Infected] 予感: vote Yes
[13:32:26] [Infected] 予感: menuselect 5
--=================================================================--
[23/01/2023 13:32:28] --- 地图开始: c2m1_highway ---
--=================================================================--
--=================================================================--
[23/01/2023 13:32:31] --- 地图结束: c2m1_highway ---
--=================================================================--
--=================================================================--
[23/01/2023 13:32:33] --- 回合开始: c2m1_highway ---
--=================================================================--
--=================================================================--
[23/01/2023 13:32:33] --- 地图开始: c2m1_highway ---
--=================================================================--
[13:32:46] [CN] 予感<2><STEAM_1:0:246466989><> 加入游戏 (223.153.13.43)
[13:32:48] [Unassigned] 予感: vmodenable 1
[13:32:48] [Unassigned] 予感: vban 0
[13:32:48] [Unassigned] 予感: setpause 
[13:32:54] [Spectator] 予感: unpause 
[13:32:56] [Spectator] 予感: say /jg
[13:32:56] [Spectator] 予感: sm_jg 
[13:32:56] [Spectator] 予感: jointeam survivor
[13:33:04] [Survivor] 予感: vocalize smartlook auto
[13:33:06] [Survivor] 予感: vocalize smartlook auto
[13:33:07] [Survivor] 予感: say !buy
[13:33:07] [Survivor] 予感: sm_buy 
[13:33:09] [Survivor] 予感: menuselect 2
[13:33:10] [Survivor] 予感: menuselect 3
[13:33:21] [Survivor] 予感: give pain_pills
[13:33:21] [Survivor] 予感: give health
[13:33:22] [Survivor] 予感: nb_assault 
[13:33:45] [Survivor] 予感: nb_assault 
[13:33:45] [Survivor] 予感: nb_assault 
--=================================================================--
[23/01/2023 13:34:02] --- 回合结束: c2m1_highway ---
--=================================================================--
--=================================================================--
[23/01/2023 13:34:04] --- 回合结束: c2m1_highway ---
--=================================================================--
--=================================================================--
[23/01/2023 13:34:05] --- 回合开始: c2m1_highway ---
--=================================================================--
[13:34:18] [Survivor] 予感: give pain_pills
[13:34:18] [Survivor] 予感: give health
[13:34:19] [Survivor] 予感: nb_assault 
--=================================================================--
[23/01/2023 13:35:03] --- 回合结束: c2m1_highway ---
--=================================================================--
--=================================================================--
[23/01/2023 13:35:05] --- 回合结束: c2m1_highway ---
--=================================================================--
--=================================================================--
[23/01/2023 13:35:06] --- 回合开始: c2m1_highway ---
--=================================================================--
[13:35:13] [Survivor] 予感: vocalize smartlook auto
[13:35:19] [Survivor] 予感: give pain_pills
[13:35:19] [Survivor] 予感: give health
[13:35:47] [Survivor] 予感: nb_assault 
[13:35:50] [Survivor] 予感: nb_assault 
[13:35:58] 予感<2><STEAM_1:0:246466989><> 离开游戏 (reason: Disconnect by user.)
--=================================================================--
[23/01/2023 13:36:05] --- 回合结束: c2m1_highway ---
--=================================================================--
--=================================================================--
[23/01/2023 13:36:07] --- 回合结束: c2m1_highway ---
--=================================================================--
--=================================================================--
[23/01/2023 13:36:09] --- 回合开始: c2m1_highway ---
--=================================================================--
--=================================================================--
[23/01/2023 13:36:33] --- 回合开始: c2m1_highway ---
--=================================================================--
--=================================================================--
[23/01/2023 13:36:33] --- 地图开始: c2m1_highway ---
--=================================================================--
[16:09:25] [CN] 冰雪聪明 ⑨ Cirno<2><STEAM_1:1:628381167><> 加入游戏 (211.93.230.191)
[16:09:25] [Unassigned] 冰雪聪明 ⑨ Cirno: vmodenable 1
[16:09:28] [Survivor] 冰雪聪明 ⑨ Cirno: unpause 
[16:09:36] [Survivor] 冰雪聪明 ⑨ Cirno: say /vote
[16:09:36] [Survivor] 冰雪聪明 ⑨ Cirno: sm_vote 
[16:09:37] [Survivor] 冰雪聪明 ⑨ Cirno: menuselect 3
[16:09:38] [Survivor] 冰雪聪明 ⑨ Cirno: vote Yes
[16:09:38] [Survivor] 冰雪聪明 ⑨ Cirno: menuselect 2
--=================================================================--
[23/01/2023 16:09:40] --- 地图开始: c2m1_highway ---
--=================================================================--
[16:09:40] [Survivor] 冰雪聪明 ⑨ Cirno: vocalize smartlook auto
--=================================================================--
[23/01/2023 16:09:43] --- 地图结束: c2m1_highway ---
--=================================================================--
--=================================================================--
[23/01/2023 16:09:45] --- 回合开始: c2m1_highway ---
--=================================================================--
--=================================================================--
[23/01/2023 16:09:45] --- 地图开始: c2m1_highway ---
--=================================================================--
[16:09:56] [CN] 冰雪聪明 ⑨ Cirno<2><STEAM_1:1:628381167><> 加入游戏 (211.93.230.191)
[16:09:57] [Unassigned] 冰雪聪明 ⑨ Cirno: vmodenable 1
[16:09:57] [Unassigned] 冰雪聪明 ⑨ Cirno: vban 0
[16:09:57] [Unassigned] 冰雪聪明 ⑨ Cirno: unpause 
[16:10:03] [Survivor] 冰雪聪明 ⑨ Cirno: say /vote
[16:10:03] [Survivor] 冰雪聪明 ⑨ Cirno: sm_vote 
[16:10:03] [Survivor] 冰雪聪明 ⑨ Cirno: menuselect 3
[16:10:04] [Survivor] 冰雪聪明 ⑨ Cirno: vote Yes
[16:10:04] [Survivor] 冰雪聪明 ⑨ Cirno: menuselect 1
[16:10:05] [Survivor] 冰雪聪明 ⑨ Cirno: say /vote
[16:10:05] [Survivor] 冰雪聪明 ⑨ Cirno: sm_vote 
[16:10:06] [Survivor] 冰雪聪明 ⑨ Cirno: menuselect 2
[16:10:06] [Survivor] 冰雪聪明 ⑨ Cirno: vote Yes
[16:10:06] [Survivor] 冰雪聪明 ⑨ Cirno: menuselect 1
[16:10:11] [Survivor] 冰雪聪明 ⑨ Cirno: nb_assault 
[16:10:11] [Survivor] 冰雪聪明 ⑨ Cirno: give pain_pills
[16:10:11] [Survivor] 冰雪聪明 ⑨ Cirno: give health
[16:10:11] [Survivor] 冰雪聪明 ⑨ Cirno: give knife
[16:10:20] [Survivor] 冰雪聪明 ⑨ Cirno: nb_assault 
[16:10:25] [Survivor] 冰雪聪明 ⑨ Cirno: nb_assault 
[16:10:28] [Survivor] 冰雪聪明 ⑨ Cirno: nb_assault 
[16:10:35] [Survivor] 冰雪聪明 ⑨ Cirno: nb_assault 
[16:10:43] [Survivor] 冰雪聪明 ⑨ Cirno: nb_assault 
[16:10:47] [Survivor] 冰雪聪明 ⑨ Cirno: nb_assault 
[16:10:54] [Survivor] 冰雪聪明 ⑨ Cirno: nb_assault 
[16:10:58] [Survivor] 冰雪聪明 ⑨ Cirno: nb_assault 
[16:11:01] [Survivor] 冰雪聪明 ⑨ Cirno: nb_assault 
[16:11:06] [Survivor] 冰雪聪明 ⑨ Cirno: nb_assault 
[16:11:14] [Survivor] 冰雪聪明 ⑨ Cirno: nb_assault 
[16:11:25] [Survivor] 冰雪聪明 ⑨ Cirno: nb_assault 
[16:11:31] [Survivor] 冰雪聪明 ⑨ Cirno: nb_assault 
[16:11:35] [Survivor] 冰雪聪明 ⑨ Cirno: nb_assault 
[16:11:47] [Survivor] 冰雪聪明 ⑨ Cirno: nb_assault 
[16:11:50] [Survivor] 冰雪聪明 ⑨ Cirno: nb_assault 
[16:11:53] [Survivor] 冰雪聪明 ⑨ Cirno: nb_assault 
[16:11:55] [Survivor] 冰雪聪明 ⑨ Cirno: vocalize smartlook auto
[16:11:58] [Survivor] 冰雪聪明 ⑨ Cirno: nb_assault 
[16:12:09] [Survivor] 冰雪聪明 ⑨ Cirno: nb_assault 
[16:12:21] [Survivor] 冰雪聪明 ⑨ Cirno: nb_assault 
[16:12:24] [Survivor] 冰雪聪明 ⑨ Cirno: nb_assault 
[16:12:37] [Survivor] 冰雪聪明 ⑨ Cirno: nb_assault 
[16:12:40] [Survivor] 冰雪聪明 ⑨ Cirno: nb_assault 
[16:12:47] [Survivor] 冰雪聪明 ⑨ Cirno: nb_assault 
[16:12:56] [Survivor] 冰雪聪明 ⑨ Cirno: nb_assault 
[16:13:15] [Survivor] 冰雪聪明 ⑨ Cirno: nb_assault 
[16:13:28] [Survivor] 冰雪聪明 ⑨ Cirno: nb_assault 
[16:13:31] [Survivor] 冰雪聪明 ⑨ Cirno: nb_assault 
[16:13:37] [Survivor] 冰雪聪明 ⑨ Cirno: nb_assault 
[16:13:47] [Survivor] 冰雪聪明 ⑨ Cirno: nb_assault 
[16:13:51] [Survivor] 冰雪聪明 ⑨ Cirno: say !zs
[16:13:51] [Survivor] 冰雪聪明 ⑨ Cirno: sm_zs 
--=================================================================--
[23/01/2023 16:13:52] --- 回合结束: c2m1_highway ---
--=================================================================--
--=================================================================--
[23/01/2023 16:13:54] --- 回合结束: c2m1_highway ---
--=================================================================--
--=================================================================--
[23/01/2023 16:13:55] --- 回合开始: c2m1_highway ---
--=================================================================--
[16:13:57] [Survivor] 冰雪聪明 ⑨ Cirno: say /vote
[16:13:57] [Survivor] 冰雪聪明 ⑨ Cirno: sm_vote 
[16:13:58] [Survivor] 冰雪聪明 ⑨ Cirno: menuselect 2
[16:13:59] [Survivor] 冰雪聪明 ⑨ Cirno: vote Yes
[16:13:59] [Survivor] 冰雪聪明 ⑨ Cirno: menuselect 2
[16:14:04] [Survivor] 冰雪聪明 ⑨ Cirno: nb_assault 
[16:14:04] [Survivor] 冰雪聪明 ⑨ Cirno: nb_assault 
[16:14:04] [Survivor] 冰雪聪明 ⑨ Cirno: give pain_pills
[16:14:04] [Survivor] 冰雪聪明 ⑨ Cirno: give health
[16:14:04] [Survivor] 冰雪聪明 ⑨ Cirno: give knife
[16:14:09] [Survivor] 冰雪聪明 ⑨ Cirno: nb_assault 
[16:14:20] [Survivor] 冰雪聪明 ⑨ Cirno: nb_assault 
[16:14:21] [Survivor] 冰雪聪明 ⑨ Cirno: nb_assault 
[16:14:29] [Survivor] 冰雪聪明 ⑨ Cirno: nb_assault 
[16:14:34] [Survivor] 冰雪聪明 ⑨ Cirno: nb_assault 
[16:14:38] [Survivor] 冰雪聪明 ⑨ Cirno: nb_assault 
[16:14:40] [Survivor] 冰雪聪明 ⑨ Cirno: nb_assault 
[16:14:47] [Survivor] 冰雪聪明 ⑨ Cirno: nb_assault 
[16:14:48] [Survivor] 冰雪聪明 ⑨ Cirno: nb_assault 
[16:14:56] [Survivor] 冰雪聪明 ⑨ Cirno: nb_assault 
[16:14:59] [Survivor] 冰雪聪明 ⑨ Cirno: nb_assault 
[16:15:02] [Survivor] 冰雪聪明 ⑨ Cirno: nb_assault 
[16:15:08] [Survivor] 冰雪聪明 ⑨ Cirno: nb_assault 
[16:15:13] [Survivor] 冰雪聪明 ⑨ Cirno: nb_assault 
[16:15:15] [Survivor] 冰雪聪明 ⑨ Cirno: nb_assault 
[16:15:18] [Survivor] 冰雪聪明 ⑨ Cirno: nb_assault 
[16:15:24] [Survivor] 冰雪聪明 ⑨ Cirno: nb_assault 
[16:15:31] [Survivor] 冰雪聪明 ⑨ Cirno: nb_assault 
[16:15:39] [Survivor] 冰雪聪明 ⑨ Cirno: say !zs
[16:15:39] [Survivor] 冰雪聪明 ⑨ Cirno: sm_zs 
--=================================================================--
[23/01/2023 16:15:40] --- 回合结束: c2m1_highway ---
--=================================================================--
--=================================================================--
[23/01/2023 16:15:42] --- 回合结束: c2m1_highway ---
--=================================================================--
--=================================================================--
[23/01/2023 16:15:43] --- 回合开始: c2m1_highway ---
--=================================================================--
[16:15:51] [Survivor] 冰雪聪明 ⑨ Cirno: give pain_pills
[16:15:51] [Survivor] 冰雪聪明 ⑨ Cirno: give health
[16:15:51] [Survivor] 冰雪聪明 ⑨ Cirno: give knife
[16:15:51] [Survivor] 冰雪聪明 ⑨ Cirno: nb_assault 
[16:15:51] [Survivor] 冰雪聪明 ⑨ Cirno: nb_assault 
[16:15:57] [Survivor] 冰雪聪明 ⑨ Cirno: nb_assault 
[16:16:02] [Survivor] 冰雪聪明 ⑨ Cirno: say !zs
[16:16:02] [Survivor] 冰雪聪明 ⑨ Cirno: sm_zs 
--=================================================================--
[23/01/2023 16:16:02] --- 回合结束: c2m1_highway ---
--=================================================================--
--=================================================================--
[23/01/2023 16:16:04] --- 回合结束: c2m1_highway ---
--=================================================================--
--=================================================================--
[23/01/2023 16:16:06] --- 回合开始: c2m1_highway ---
--=================================================================--
[16:16:13] [Survivor] 冰雪聪明 ⑨ Cirno: nb_assault 
[16:16:13] [Survivor] 冰雪聪明 ⑨ Cirno: give pain_pills
[16:16:13] [Survivor] 冰雪聪明 ⑨ Cirno: give health
[16:16:13] [Survivor] 冰雪聪明 ⑨ Cirno: give knife
[16:16:13] [Survivor] 冰雪聪明 ⑨ Cirno: nb_assault 
[16:16:17] [Survivor] 冰雪聪明 ⑨ Cirno: nb_assault 
[16:16:28] [Survivor] 冰雪聪明 ⑨ Cirno: nb_assault 
[16:16:29] [Survivor] 冰雪聪明 ⑨ Cirno: nb_assault 
[16:16:37] [Survivor] 冰雪聪明 ⑨ Cirno: nb_assault 
[16:16:57] [Survivor] 冰雪聪明 ⑨ Cirno: nb_assault 
[16:16:59] [Survivor] 冰雪聪明 ⑨ Cirno: nb_assault 
[16:17:01] [Survivor] 冰雪聪明 ⑨ Cirno: nb_assault 
[16:17:05] [Survivor] 冰雪聪明 ⑨ Cirno: nb_assault 
[16:17:10] [Survivor] 冰雪聪明 ⑨ Cirno: nb_assault 
[16:17:12] [Survivor] 冰雪聪明 ⑨ Cirno: nb_assault 
[16:17:18] [Survivor] 冰雪聪明 ⑨ Cirno: nb_assault 
[16:17:20] [Survivor] 冰雪聪明 ⑨ Cirno: nb_assault 
[16:17:22] [Survivor] 冰雪聪明 ⑨ Cirno: nb_assault 
[16:17:28] [Survivor] 冰雪聪明 ⑨ Cirno: nb_assault 
[16:17:36] [Survivor] 冰雪聪明 ⑨ Cirno: nb_assault 
[16:17:41] [Survivor] 冰雪聪明 ⑨ Cirno: nb_assault 
[16:17:45] [Survivor] 冰雪聪明 ⑨ Cirno: nb_assault 
[16:17:46] [Survivor] 冰雪聪明 ⑨ Cirno: nb_assault 
[16:17:50] [Survivor] 冰雪聪明 ⑨ Cirno: nb_assault 
[16:17:54] [Survivor] 冰雪聪明 ⑨ Cirno: nb_assault 
[16:17:59] [Survivor] 冰雪聪明 ⑨ Cirno: nb_assault 
[16:18:00] [Survivor] 冰雪聪明 ⑨ Cirno: nb_assault 
[16:18:03] [Survivor] 冰雪聪明 ⑨ Cirno: nb_assault 
[16:18:07] [Survivor] 冰雪聪明 ⑨ Cirno: nb_assault 
[16:18:10] [Survivor] 冰雪聪明 ⑨ Cirno: nb_assault 
[16:18:17] [Survivor] 冰雪聪明 ⑨ Cirno: nb_assault 
[16:18:18] [Survivor] 冰雪聪明 ⑨ Cirno: nb_assault 
[16:18:23] [Survivor] 冰雪聪明 ⑨ Cirno: nb_assault 
[16:18:26] [Survivor] 冰雪聪明 ⑨ Cirno: nb_assault 
[16:18:29] [Survivor] 冰雪聪明 ⑨ Cirno: nb_assault 
[16:18:32] [Survivor] 冰雪聪明 ⑨ Cirno: nb_assault 
--=================================================================--
[23/01/2023 16:18:37] --- 回合结束: c2m1_highway ---
--=================================================================--
--=================================================================--
[23/01/2023 16:18:39] --- 回合结束: c2m1_highway ---
--=================================================================--
--=================================================================--
[23/01/2023 16:18:40] --- 回合开始: c2m1_highway ---
--=================================================================--
[16:18:42] [Survivor] 冰雪聪明 ⑨ Cirno: say /vote
[16:18:42] [Survivor] 冰雪聪明 ⑨ Cirno: sm_vote 
[16:18:42] [Survivor] 冰雪聪明 ⑨ Cirno: menuselect 2
[16:18:43] [Survivor] 冰雪聪明 ⑨ Cirno: vote Yes
[16:18:43] [Survivor] 冰雪聪明 ⑨ Cirno: menuselect 1
[16:18:48] [Survivor] 冰雪聪明 ⑨ Cirno: nb_assault 
[16:18:48] [Survivor] 冰雪聪明 ⑨ Cirno: give pain_pills
[16:18:48] [Survivor] 冰雪聪明 ⑨ Cirno: give health
[16:18:48] [Survivor] 冰雪聪明 ⑨ Cirno: give knife
[16:19:07] [Survivor] 冰雪聪明 ⑨ Cirno: nb_assault 
[16:19:13] [Survivor] 冰雪聪明 ⑨ Cirno: nb_assault 
[16:19:18] [Survivor] 冰雪聪明 ⑨ Cirno: nb_assault 
[16:19:25] [Survivor] 冰雪聪明 ⑨ Cirno: say !zs
[16:19:25] [Survivor] 冰雪聪明 ⑨ Cirno: sm_zs 
--=================================================================--
[23/01/2023 16:19:26] --- 回合结束: c2m1_highway ---
--=================================================================--
--=================================================================--
[23/01/2023 16:19:28] --- 回合结束: c2m1_highway ---
--=================================================================--
--=================================================================--
[23/01/2023 16:19:29] --- 回合开始: c2m1_highway ---
--=================================================================--
[16:19:37] [Survivor] 冰雪聪明 ⑨ Cirno: give pain_pills
[16:19:37] [Survivor] 冰雪聪明 ⑨ Cirno: give health
[16:19:37] [Survivor] 冰雪聪明 ⑨ Cirno: give knife
[16:19:37] [Survivor] 冰雪聪明 ⑨ Cirno: nb_assault 
[16:19:41] [Survivor] 冰雪聪明 ⑨ Cirno: nb_assault 
[16:19:47] [Survivor] 冰雪聪明 ⑨ Cirno: nb_assault 
[16:19:51] [Survivor] 冰雪聪明 ⑨ Cirno: nb_assault 
[16:19:59] [Survivor] 冰雪聪明 ⑨ Cirno: nb_assault 
[16:20:05] [Survivor] 冰雪聪明 ⑨ Cirno: nb_assault 
[16:20:09] [Survivor] 冰雪聪明 ⑨ Cirno: nb_assault 
[16:20:16] [Survivor] 冰雪聪明 ⑨ Cirno: nb_assault 
[16:20:21] [Survivor] 冰雪聪明 ⑨ Cirno: nb_assault 
[16:20:26] [Survivor] 冰雪聪明 ⑨ Cirno: nb_assault 
[16:20:31] [Survivor] 冰雪聪明 ⑨ Cirno: say !zs
[16:20:31] [Survivor] 冰雪聪明 ⑨ Cirno: sm_zs 
--=================================================================--
[23/01/2023 16:20:32] --- 回合结束: c2m1_highway ---
--=================================================================--
--=================================================================--
[23/01/2023 16:20:34] --- 回合结束: c2m1_highway ---
--=================================================================--
--=================================================================--
[23/01/2023 16:20:35] --- 回合开始: c2m1_highway ---
--=================================================================--
[16:20:44] [Survivor] 冰雪聪明 ⑨ Cirno: nb_assault 
[16:20:45] [Survivor] 冰雪聪明 ⑨ Cirno: give pain_pills
[16:20:45] [Survivor] 冰雪聪明 ⑨ Cirno: give health
[16:20:45] [Survivor] 冰雪聪明 ⑨ Cirno: give knife
[16:20:54] [Survivor] 冰雪聪明 ⑨ Cirno: nb_assault 
[16:21:02] [Survivor] 冰雪聪明 ⑨ Cirno: nb_assault 
[16:21:10] [Survivor] 冰雪聪明 ⑨ Cirno: nb_assault 
[16:21:20] [Survivor] 冰雪聪明 ⑨ Cirno: nb_assault 
[16:21:28] [Survivor] 冰雪聪明 ⑨ Cirno: nb_assault 
[16:21:32] [Survivor] 冰雪聪明 ⑨ Cirno: nb_assault 
[16:21:38] [Survivor] 冰雪聪明 ⑨ Cirno: nb_assault 
[16:21:40] [Survivor] 冰雪聪明 ⑨ Cirno: nb_assault 
[16:21:46] [Survivor] 冰雪聪明 ⑨ Cirno: nb_assault 
[16:21:50] [Survivor] 冰雪聪明 ⑨ Cirno: nb_assault 
[16:21:57] [Survivor] 冰雪聪明 ⑨ Cirno: nb_assault 
[16:22:02] [Survivor] 冰雪聪明 ⑨ Cirno: nb_assault 
[16:22:02] [Survivor] 冰雪聪明 ⑨ Cirno: say !zs
[16:22:02] [Survivor] 冰雪聪明 ⑨ Cirno: sm_zs 
--=================================================================--
[23/01/2023 16:22:02] --- 回合结束: c2m1_highway ---
--=================================================================--
--=================================================================--
[23/01/2023 16:22:04] --- 回合结束: c2m1_highway ---
--=================================================================--
--=================================================================--
[23/01/2023 16:22:05] --- 回合开始: c2m1_highway ---
--=================================================================--
[16:22:14] [Survivor] 冰雪聪明 ⑨ Cirno: give pain_pills
[16:22:14] [Survivor] 冰雪聪明 ⑨ Cirno: give health
[16:22:14] [Survivor] 冰雪聪明 ⑨ Cirno: give knife
[16:22:15] [Survivor] 冰雪聪明 ⑨ Cirno: nb_assault 
[16:22:21] [Survivor] 冰雪聪明 ⑨ Cirno: nb_assault 
[16:22:25] [Survivor] 冰雪聪明 ⑨ Cirno: nb_assault 
[16:22:30] [Survivor] 冰雪聪明 ⑨ Cirno: nb_assault 
[16:22:35] [Survivor] 冰雪聪明 ⑨ Cirno: nb_assault 
[16:22:42] [Survivor] 冰雪聪明 ⑨ Cirno: nb_assault 
[16:22:45] [Survivor] 冰雪聪明 ⑨ Cirno: nb_assault 
[16:22:49] [Survivor] 冰雪聪明 ⑨ Cirno: nb_assault 
[16:22:56] [Survivor] 冰雪聪明 ⑨ Cirno: nb_assault 
[16:22:58] [Survivor] 冰雪聪明 ⑨ Cirno: nb_assault 
[16:23:00] [Survivor] 冰雪聪明 ⑨ Cirno: nb_assault 
[16:23:02] [Survivor] 冰雪聪明 ⑨ Cirno: vocalize smartlook auto
[16:23:29] [Survivor] 冰雪聪明 ⑨ Cirno: nb_assault 
[16:23:34] [Survivor] 冰雪聪明 ⑨ Cirno: nb_assault 
[16:23:38] [Survivor] 冰雪聪明 ⑨ Cirno: say !zs
[16:23:38] [Survivor] 冰雪聪明 ⑨ Cirno: sm_zs 
--=================================================================--
[23/01/2023 16:23:38] --- 回合结束: c2m1_highway ---
--=================================================================--
[16:23:39] [Survivor] 冰雪聪明 ⑨ Cirno: setpause 
--=================================================================--
[23/01/2023 16:23:40] --- 回合结束: c2m1_highway ---
--=================================================================--
[16:23:41] 冰雪聪明 ⑨ Cirno<2><STEAM_1:1:628381167><> 离开游戏 (reason: Disconnect by user.)
--=================================================================--
[23/01/2023 16:23:42] --- 回合开始: c2m1_highway ---
--=================================================================--
--=================================================================--
[23/01/2023 16:24:17] --- 回合开始: c2m1_highway ---
--=================================================================--
--=================================================================--
[23/01/2023 16:24:17] --- 地图开始: c2m1_highway ---
--=================================================================--
[19:26:34] [CN] 瑞克五代<2><STEAM_1:0:625834323><> 加入游戏 (120.239.34.139)
[19:26:36] [Unassigned] 瑞克五代: vmodenable 1
[19:26:36] [Unassigned] 瑞克五代: vban 0
[19:26:39] [Survivor] 瑞克五代: unpause 
[19:28:47] [Survivor] 瑞克五代: setpause 
[19:28:48] 瑞克五代<2><STEAM_1:0:625834323><> 离开游戏 (reason: Disconnect by user.)
--=================================================================--
[23/01/2023 19:29:24] --- 回合开始: c2m1_highway ---
--=================================================================--
--=================================================================--
[23/01/2023 19:29:24] --- 地图开始: c2m1_highway ---
--=================================================================--
[19:31:09] [CN] 瑞克五代<2><STEAM_1:0:625834323><> 加入游戏 (120.239.34.139)
[19:31:11] [Unassigned] 瑞克五代: vmodenable 1
[19:31:11] [Unassigned] 瑞克五代: vban 0
[19:31:14] [Survivor] 瑞克五代: unpause 
[19:31:20] [Survivor] 瑞克五代: say !vote
[19:31:20] [Survivor] 瑞克五代: sm_vote 
[19:31:22] [Survivor] 瑞克五代: menuselect 3
[19:31:23] [Survivor] 瑞克五代: vote Yes
[19:31:23] [Survivor] 瑞克五代: menuselect 2
--=================================================================--
[23/01/2023 19:31:24] --- 地图开始: c2m1_highway ---
--=================================================================--
--=================================================================--
[23/01/2023 19:31:27] --- 地图结束: c2m1_highway ---
--=================================================================--
--=================================================================--
[23/01/2023 19:31:29] --- 回合开始: c2m1_highway ---
--=================================================================--
--=================================================================--
[23/01/2023 19:31:29] --- 地图开始: c2m1_highway ---
--=================================================================--
[19:31:42] [CN] 瑞克五代<2><STEAM_1:0:625834323><> 加入游戏 (120.239.34.139)
[19:31:44] [Unassigned] 瑞克五代: vmodenable 1
[19:31:44] [Unassigned] 瑞克五代: vban 0
[19:31:44] [Unassigned] 瑞克五代: unpause 
[19:31:50] [Survivor] 瑞克五代: say !vote
[19:31:50] [Survivor] 瑞克五代: sm_vote 
[19:31:51] [Survivor] 瑞克五代: menuselect 4
[19:31:52] [Survivor] 瑞克五代: vote Yes
[19:31:52] [Survivor] 瑞克五代: menuselect 1
[19:31:53] [Survivor] 瑞克五代: say_team !vote
[19:31:53] [Survivor] 瑞克五代: sm_vote 
[19:31:54] [Survivor] 瑞克五代: vocalize smartlook auto
[19:31:55] [Survivor] 瑞克五代: menuselect 3
[19:31:56] [Survivor] 瑞克五代: vote Yes
[19:31:56] [Survivor] 瑞克五代: menuselect 1
[19:31:57] [Survivor] 瑞克五代: say_team !vote
[19:31:57] [Survivor] 瑞克五代: sm_vote 
[19:32:00] [Survivor] 瑞克五代: menuselect 4
[19:32:01] [Survivor] 瑞克五代: vote Yes
[19:32:01] [Survivor] 瑞克五代: menuselect 2
[19:32:02] [Survivor] 瑞克五代: say !vote
[19:32:02] [Survivor] 瑞克五代: sm_vote 
[19:32:02] [Survivor] 瑞克五代: vocalize smartlook auto
[19:32:03] [Survivor] 瑞克五代: menuselect 2
[19:32:03] [Survivor] 瑞克五代: vote Yes
[19:32:03] [Survivor] 瑞克五代: menuselect 1
[19:32:06] [Survivor] 瑞克五代: say !vote
[19:32:06] [Survivor] 瑞克五代: sm_vote 
[19:32:08] [Survivor] 瑞克五代: menuselect 5
[19:32:09] [Survivor] 瑞克五代: vote Yes
[19:32:09] [Survivor] 瑞克五代: menuselect 1
[19:32:20] [Survivor] 瑞克五代: nb_assault 
[19:32:20] [Survivor] 瑞克五代: give pain_pills
[19:32:20] [Survivor] 瑞克五代: give health
[19:32:20] [Survivor] 瑞克五代: give machete
[19:32:28] [Survivor] 瑞克五代: nb_assault 
[19:32:33] [Survivor] 瑞克五代: nb_assault 
[19:32:41] [Survivor] 瑞克五代: nb_assault 
[19:32:41] [Survivor] 瑞克五代: say_team !vote
[19:32:41] [Survivor] 瑞克五代: sm_vote 
[19:32:42] [Survivor] 瑞克五代: menuselect 9
[19:32:45] [Survivor] 瑞克五代: nb_assault 
[19:32:48] [Survivor] 瑞克五代: menuselect 6
[19:32:48] [Survivor] 瑞克五代: vote Yes
[19:32:48] [Survivor] 瑞克五代: menuselect 2
[19:32:51] [Survivor] 瑞克五代: nb_assault 
[19:32:58] [Survivor] 瑞克五代: nb_assault 
[19:33:04] [Survivor] 瑞克五代: nb_assault 
[19:33:07] [Survivor] 瑞克五代: nb_assault 
[19:33:10] [Survivor] 瑞克五代: nb_assault 
[19:33:14] [Survivor] 瑞克五代: nb_assault 
[19:33:17] [Survivor] 瑞克五代: nb_assault 
[19:33:24] [Survivor] 瑞克五代: nb_assault 
[19:33:30] [Survivor] 瑞克五代: nb_assault 
[19:33:37] [Survivor] 瑞克五代: nb_assault 
[19:33:40] [Survivor] 瑞克五代: nb_assault 
[19:33:46] [Survivor] 瑞克五代: nb_assault 
[19:33:50] [Survivor] 瑞克五代: nb_assault 
[19:33:53] [Survivor] 瑞克五代: nb_assault 
[19:34:02] [Survivor] 瑞克五代: nb_assault 
[19:34:10] [Survivor] 瑞克五代: nb_assault 
[19:34:21] [Survivor] 瑞克五代: nb_assault 
[19:34:28] [Survivor] 瑞克五代: nb_assault 
[19:34:33] [Survivor] 瑞克五代: nb_assault 
[19:34:37] [Survivor] 瑞克五代: nb_assault 
[19:34:41] [Survivor] 瑞克五代: nb_assault 
[19:34:45] [Survivor] 瑞克五代: nb_assault 
[19:34:52] [Survivor] 瑞克五代: nb_assault 
[19:34:57] [Survivor] 瑞克五代: nb_assault 
[19:35:05] [Survivor] 瑞克五代: nb_assault 
[19:35:11] [Survivor] 瑞克五代: nb_assault 
[19:35:15] [Survivor] 瑞克五代: nb_assault 
[19:35:21] [Survivor] 瑞克五代: nb_assault 
[19:35:27] [Survivor] 瑞克五代: nb_assault 
[19:35:32] [Survivor] 瑞克五代: nb_assault 
[19:35:35] [Survivor] 瑞克五代: nb_assault 
[19:35:41] [Survivor] 瑞克五代: nb_assault 
[19:35:47] [Survivor] 瑞克五代: nb_assault 
[19:35:53] [Survivor] 瑞克五代: nb_assault 
[19:36:10] [Survivor] 瑞克五代: nb_assault 
--=================================================================--
[23/01/2023 19:36:14] --- 回合结束: c2m1_highway ---
--=================================================================--
--=================================================================--
[23/01/2023 19:36:16] --- 回合结束: c2m1_highway ---
--=================================================================--
--=================================================================--
[23/01/2023 19:36:17] --- 回合开始: c2m1_highway ---
--=================================================================--
[19:36:19] [Survivor] 瑞克五代: say_team !vote
[19:36:19] [Survivor] 瑞克五代: sm_vote 
[19:36:22] [Survivor] 瑞克五代: menuselect 2
[19:36:22] [Survivor] 瑞克五代: vote Yes
[19:36:22] [Survivor] 瑞克五代: menuselect 2
[19:36:28] [Survivor] 瑞克五代: nb_assault 
[19:36:28] [Survivor] 瑞克五代: nb_assault 
[19:36:29] [Survivor] 瑞克五代: give pain_pills
[19:36:29] [Survivor] 瑞克五代: give health
[19:36:29] [Survivor] 瑞克五代: give machete
[19:36:37] [Survivor] 瑞克五代: nb_assault 
[19:36:38] [Survivor] 瑞克五代: nb_assault 
[19:36:40] [Survivor] 瑞克五代: nb_assault 
[19:36:44] [Survivor] 瑞克五代: nb_assault 
[19:36:47] [Survivor] 瑞克五代: nb_assault 
[19:36:52] [Survivor] 瑞克五代: nb_assault 
[19:36:54] [Survivor] 瑞克五代: nb_assault 
[19:37:00] [Survivor] 瑞克五代: nb_assault 
[19:37:01] [Survivor] 瑞克五代: nb_assault 
[19:37:03] [Survivor] 瑞克五代: nb_assault 
[19:37:06] [Survivor] 瑞克五代: nb_assault 
[19:37:07] [Survivor] 瑞克五代: nb_assault 
[19:37:15] [Survivor] 瑞克五代: nb_assault 
[19:37:18] [Survivor] 瑞克五代: nb_assault 
[19:37:18] [Survivor] 瑞克五代: say_team /zs
[19:37:18] [Survivor] 瑞克五代: sm_zs 
--=================================================================--
[23/01/2023 19:37:18] --- 回合结束: c2m1_highway ---
--=================================================================--
--=================================================================--
[23/01/2023 19:37:20] --- 回合结束: c2m1_highway ---
--=================================================================--
--=================================================================--
[23/01/2023 19:37:22] --- 回合开始: c2m1_highway ---
--=================================================================--
[19:37:32] [Survivor] 瑞克五代: nb_assault 
[19:37:32] [Survivor] 瑞克五代: nb_assault 
[19:37:33] [Survivor] 瑞克五代: give pain_pills
[19:37:33] [Survivor] 瑞克五代: give health
[19:37:33] [Survivor] 瑞克五代: give machete
[19:37:42] [Survivor] 瑞克五代: nb_assault 
[19:37:46] [Survivor] 瑞克五代: nb_assault 
[19:37:55] [Survivor] 瑞克五代: nb_assault 
[19:37:57] [Survivor] 瑞克五代: nb_assault 
[19:37:59] [Survivor] 瑞克五代: nb_assault 
[19:38:04] [Survivor] 瑞克五代: nb_assault 
[19:38:10] [Survivor] 瑞克五代: nb_assault 
[19:38:10] [Survivor] 瑞克五代: say_team /zs
[19:38:10] [Survivor] 瑞克五代: sm_zs 
--=================================================================--
[23/01/2023 19:38:11] --- 回合结束: c2m1_highway ---
--=================================================================--
--=================================================================--
[23/01/2023 19:38:13] --- 回合结束: c2m1_highway ---
--=================================================================--
--=================================================================--
[23/01/2023 19:38:14] --- 回合开始: c2m1_highway ---
--=================================================================--
[19:38:22] [Survivor] 瑞克五代: nb_assault 
[19:38:22] [Survivor] 瑞克五代: nb_assault 
[19:38:23] [Survivor] 瑞克五代: give pain_pills
[19:38:23] [Survivor] 瑞克五代: give health
[19:38:23] [Survivor] 瑞克五代: give machete
[19:38:29] [Survivor] 瑞克五代: nb_assault 
[19:38:33] [Survivor] 瑞克五代: nb_assault 
[19:38:36] [Survivor] 瑞克五代: nb_assault 
[19:38:41] [Survivor] 瑞克五代: nb_assault 
[19:38:47] [Survivor] 瑞克五代: nb_assault 
[19:38:51] [Survivor] 瑞克五代: nb_assault 
[19:38:53] [Survivor] 瑞克五代: nb_assault 
[19:38:58] [Survivor] 瑞克五代: nb_assault 
[19:39:05] [Survivor] 瑞克五代: nb_assault 
[19:39:06] [Survivor] 瑞克五代: nb_assault 
[19:39:12] [Survivor] 瑞克五代: nb_assault 
[19:39:16] [Survivor] 瑞克五代: nb_assault 
[19:39:25] [Survivor] 瑞克五代: nb_assault 
[19:39:26] [Survivor] 瑞克五代: say_team /zs
[19:39:26] [Survivor] 瑞克五代: sm_zs 
--=================================================================--
[23/01/2023 19:39:27] --- 回合结束: c2m1_highway ---
--=================================================================--
--=================================================================--
[23/01/2023 19:39:29] --- 回合结束: c2m1_highway ---
--=================================================================--
--=================================================================--
[23/01/2023 19:39:30] --- 回合开始: c2m1_highway ---
--=================================================================--
[19:39:40] [Survivor] 瑞克五代: nb_assault 
[19:39:40] [Survivor] 瑞克五代: nb_assault 
[19:39:40] [Survivor] 瑞克五代: give pain_pills
[19:39:40] [Survivor] 瑞克五代: give health
[19:39:40] [Survivor] 瑞克五代: give machete
[19:39:48] [Survivor] 瑞克五代: nb_assault 
[19:39:49] [Survivor] 瑞克五代: nb_assault 
[19:39:54] [Survivor] 瑞克五代: nb_assault 
[19:40:00] [Survivor] 瑞克五代: nb_assault 
[19:40:02] [Survivor] 瑞克五代: nb_assault 
[19:40:07] [Survivor] 瑞克五代: nb_assault 
[19:40:10] [Survivor] 瑞克五代: nb_assault 
[19:40:13] [Survivor] 瑞克五代: nb_assault 
[19:40:17] [Survivor] 瑞克五代: nb_assault 
[19:40:19] [Survivor] 瑞克五代: nb_assault 
[19:40:23] [Survivor] 瑞克五代: nb_assault 
[19:40:26] [Survivor] 瑞克五代: nb_assault 
[19:40:29] [Survivor] 瑞克五代: nb_assault 
[19:40:34] [Survivor] 瑞克五代: nb_assault 
[19:40:40] [Survivor] 瑞克五代: nb_assault 
[19:40:43] [Survivor] 瑞克五代: nb_assault 
[19:40:46] [Survivor] 瑞克五代: nb_assault 
[19:40:51] [Survivor] 瑞克五代: nb_assault 
[19:40:55] [Survivor] 瑞克五代: nb_assault 
[19:40:55] [Survivor] 瑞克五代: say_team /zs
[19:40:55] [Survivor] 瑞克五代: sm_zs 
--=================================================================--
[23/01/2023 19:40:55] --- 回合结束: c2m1_highway ---
--=================================================================--
[19:40:56] [Survivor] 瑞克五代: setpause 
--=================================================================--
[23/01/2023 19:40:57] --- 回合结束: c2m1_highway ---
--=================================================================--
--=================================================================--
[23/01/2023 19:40:58] --- 回合开始: c2m1_highway ---
--=================================================================--
[19:41:05] [Survivor] 瑞克五代: unpause 
[19:41:05] [Survivor] 瑞克五代: unpause 
[19:41:11] [Survivor] 瑞克五代: nb_assault 
[19:41:12] [Survivor] 瑞克五代: nb_assault 
[19:41:12] [Survivor] 瑞克五代: give pain_pills
[19:41:12] [Survivor] 瑞克五代: give health
[19:41:12] [Survivor] 瑞克五代: give machete
[19:41:23] [Survivor] 瑞克五代: nb_assault 
[19:41:24] [Survivor] 瑞克五代: vocalize PlayerYes #5939
[19:41:26] [Survivor] 瑞克五代: nb_assault 
[19:41:28] [Survivor] 瑞克五代: nb_assault 
[19:41:32] [Survivor] 瑞克五代: nb_assault 
[19:41:35] [Survivor] 瑞克五代: nb_assault 
[19:41:42] [Survivor] 瑞克五代: nb_assault 
[19:41:46] [Survivor] 瑞克五代: nb_assault 
[19:41:50] [Survivor] 瑞克五代: vocalize smartlook auto
[19:41:57] [Survivor] 瑞克五代: nb_assault 
[19:42:00] [Survivor] 瑞克五代: nb_assault 
[19:42:02] [Survivor] 瑞克五代: nb_assault 
[19:42:04] [Survivor] 瑞克五代: nb_assault 
[19:42:07] [Survivor] 瑞克五代: nb_assault 
[19:42:17] [Survivor] 瑞克五代: nb_assault 
[19:42:20] [Survivor] 瑞克五代: nb_assault 
[19:42:24] [Survivor] 瑞克五代: nb_assault 
[19:42:29] [Survivor] 瑞克五代: nb_assault 
[19:42:29] [Survivor] 瑞克五代: say_team /zs
[19:42:29] [Survivor] 瑞克五代: sm_zs 
--=================================================================--
[23/01/2023 19:42:30] --- 回合结束: c2m1_highway ---
--=================================================================--
--=================================================================--
[23/01/2023 19:42:32] --- 回合结束: c2m1_highway ---
--=================================================================--
--=================================================================--
[23/01/2023 19:42:34] --- 回合开始: c2m1_highway ---
--=================================================================--
[19:42:46] [Survivor] 瑞克五代: nb_assault 
[19:42:46] [Survivor] 瑞克五代: nb_assault 
[19:42:46] [Survivor] 瑞克五代: give pain_pills
[19:42:46] [Survivor] 瑞克五代: give health
[19:42:46] [Survivor] 瑞克五代: give machete
[19:42:52] [Survivor] 瑞克五代: nb_assault 
[19:42:54] [Survivor] 瑞克五代: nb_assault 
[19:43:01] [Survivor] 瑞克五代: nb_assault 
[19:43:02] [Survivor] 瑞克五代: nb_assault 
[19:43:08] [Survivor] 瑞克五代: nb_assault 
[19:43:12] [Survivor] 瑞克五代: nb_assault 
[19:43:16] [Survivor] 瑞克五代: nb_assault 
[19:43:20] [Survivor] 瑞克五代: nb_assault 
[19:43:25] [Survivor] 瑞克五代: nb_assault 
[19:43:28] [Survivor] 瑞克五代: nb_assault 
[19:43:34] [Survivor] 瑞克五代: nb_assault 
[19:43:42] [Survivor] 瑞克五代: nb_assault 
[19:43:48] [Survivor] 瑞克五代: nb_assault 
[19:43:51] [Survivor] 瑞克五代: nb_assault 
[19:43:56] [Survivor] 瑞克五代: nb_assault 
[19:44:02] [Survivor] 瑞克五代: nb_assault 
[19:44:06] [Survivor] 瑞克五代: nb_assault 
[19:44:12] [Survivor] 瑞克五代: nb_assault 
[19:44:19] [Survivor] 瑞克五代: nb_assault 
[19:44:23] [Survivor] 瑞克五代: nb_assault 
[19:44:26] [Survivor] 瑞克五代: nb_assault 
[19:44:39] [Survivor] 瑞克五代: nb_assault 
[19:44:40] [Survivor] 瑞克五代: nb_assault 
[19:44:40] [Survivor] 瑞克五代: vocalize smartlook auto
[19:44:46] [Survivor] 瑞克五代: nb_assault 
[19:44:51] [Survivor] 瑞克五代: nb_assault 
[19:44:56] [Survivor] 瑞克五代: nb_assault 
[19:45:03] [Survivor] 瑞克五代: nb_assault 
[19:45:06] [Survivor] 瑞克五代: nb_assault 
--=================================================================--
[23/01/2023 19:45:11] --- 回合结束: c2m1_highway ---
--=================================================================--
--=================================================================--
[23/01/2023 19:45:13] --- 回合结束: c2m1_highway ---
--=================================================================--
--=================================================================--
[23/01/2023 19:45:15] --- 回合开始: c2m1_highway ---
--=================================================================--
[19:45:23] [Survivor] 瑞克五代: nb_assault 
[19:45:23] [Survivor] 瑞克五代: nb_assault 
[19:45:24] [Survivor] 瑞克五代: give pain_pills
[19:45:24] [Survivor] 瑞克五代: give health
[19:45:24] [Survivor] 瑞克五代: give machete
[19:45:30] [Survivor] 瑞克五代: nb_assault 
[19:45:37] [Survivor] 瑞克五代: nb_assault 
[19:45:40] [Survivor] 瑞克五代: nb_assault 
[19:45:43] [Survivor] 瑞克五代: nb_assault 
[19:45:52] [Survivor] 瑞克五代: nb_assault 
[19:45:54] [Survivor] 瑞克五代: nb_assault 
[19:45:57] [Survivor] 瑞克五代: vocalize smartlook auto
[19:46:02] [Survivor] 瑞克五代: nb_assault 
[19:46:06] [Survivor] 瑞克五代: nb_assault 
[19:46:13] [Survivor] 瑞克五代: nb_assault 
[19:46:13] [Survivor] 瑞克五代: nb_assault 
[19:46:22] [Survivor] 瑞克五代: nb_assault 
[19:46:26] [Survivor] 瑞克五代: nb_assault 
[19:46:35] [Survivor] 瑞克五代: nb_assault 
[19:46:38] [Survivor] 瑞克五代: vocalize smartlook auto
[19:46:39] [Survivor] 瑞克五代: nb_assault 
[19:46:42] [Survivor] 瑞克五代: nb_assault 
[19:46:48] [Survivor] 瑞克五代: nb_assault 
[19:46:57] [Survivor] 瑞克五代: nb_assault 
[19:46:59] [Survivor] 瑞克五代: nb_assault 
[19:47:01] [Survivor] 瑞克五代: vocalize smartlook auto
[19:47:04] [Survivor] 瑞克五代: nb_assault 
[19:47:11] [Survivor] 瑞克五代: nb_assault 
[19:47:23] [Survivor] 瑞克五代: nb_assault 
--=================================================================--
[23/01/2023 19:47:27] --- 回合结束: c2m1_highway ---
--=================================================================--
--=================================================================--
[23/01/2023 19:47:29] --- 回合结束: c2m1_highway ---
--=================================================================--
--=================================================================--
[23/01/2023 19:47:30] --- 回合开始: c2m1_highway ---
--=================================================================--
[19:47:38] [Survivor] 瑞克五代: nb_assault 
[19:47:38] [Survivor] 瑞克五代: nb_assault 
[19:47:38] [Survivor] 瑞克五代: give pain_pills
[19:47:38] [Survivor] 瑞克五代: give health
[19:47:38] [Survivor] 瑞克五代: give machete
[19:47:44] [Survivor] 瑞克五代: nb_assault 
[19:47:46] [Survivor] 瑞克五代: nb_assault 
[19:47:49] [Survivor] 瑞克五代: nb_assault 
[19:47:53] [Survivor] 瑞克五代: nb_assault 
[19:47:56] [Survivor] 瑞克五代: nb_assault 
[19:48:03] [Survivor] 瑞克五代: nb_assault 
[19:48:10] [Survivor] 瑞克五代: nb_assault 
[19:48:14] [Survivor] 瑞克五代: nb_assault 
[19:48:20] [Survivor] 瑞克五代: nb_assault 
[19:48:25] [Survivor] 瑞克五代: nb_assault 
[19:48:27] [Survivor] 瑞克五代: nb_assault 
[19:48:29] [Survivor] 瑞克五代: nb_assault 
[19:48:33] [Survivor] 瑞克五代: nb_assault 
[19:48:34] [Survivor] 瑞克五代: nb_assault 
[19:48:38] [Survivor] 瑞克五代: nb_assault 
[19:48:42] [Survivor] 瑞克五代: nb_assault 
[19:48:45] [Survivor] 瑞克五代: nb_assault 
[19:48:53] [Survivor] 瑞克五代: nb_assault 
[19:49:00] [Survivor] 瑞克五代: nb_assault 
[19:49:09] [Survivor] 瑞克五代: nb_assault 
[19:49:11] [Survivor] 瑞克五代: nb_assault 
[19:49:16] [Survivor] 瑞克五代: nb_assault 
[19:49:23] [Survivor] 瑞克五代: nb_assault 
[19:49:25] [Survivor] 瑞克五代: nb_assault 
[19:49:28] [Survivor] 瑞克五代: nb_assault 
[19:49:31] [Survivor] 瑞克五代: nb_assault 
[19:49:37] [Survivor] 瑞克五代: nb_assault 
[19:49:41] [Survivor] 瑞克五代: nb_assault 
--=================================================================--
[23/01/2023 19:49:45] --- 回合结束: c2m1_highway ---
--=================================================================--
--=================================================================--
[23/01/2023 19:49:47] --- 回合结束: c2m1_highway ---
--=================================================================--
--=================================================================--
[23/01/2023 19:49:48] --- 回合开始: c2m1_highway ---
--=================================================================--
[19:49:57] [Survivor] 瑞克五代: nb_assault 
[19:49:57] [Survivor] 瑞克五代: nb_assault 
[19:49:57] [Survivor] 瑞克五代: give pain_pills
[19:49:57] [Survivor] 瑞克五代: give health
[19:49:57] [Survivor] 瑞克五代: give machete
[19:50:06] [Survivor] 瑞克五代: nb_assault 
[19:50:09] [Survivor] 瑞克五代: nb_assault 
[19:50:14] [Survivor] 瑞克五代: nb_assault 
[19:50:16] [Survivor] 瑞克五代: nb_assault 
[19:50:18] [Survivor] 瑞克五代: nb_assault 
[19:50:22] [Survivor] 瑞克五代: nb_assault 
[19:50:23] [Survivor] 瑞克五代: nb_assault 
[19:50:27] [Survivor] 瑞克五代: nb_assault 
[19:50:29] [Survivor] 瑞克五代: nb_assault 
[19:50:31] [Survivor] 瑞克五代: nb_assault 
[19:50:34] [Survivor] 瑞克五代: nb_assault 
[19:50:39] [Survivor] 瑞克五代: nb_assault 
[19:50:42] [Survivor] 瑞克五代: nb_assault 
[19:50:44] [Survivor] 瑞克五代: nb_assault 
[19:50:48] [Survivor] 瑞克五代: nb_assault 
[19:50:56] [Survivor] 瑞克五代: nb_assault 
[19:50:59] [Survivor] 瑞克五代: nb_assault 
[19:51:03] [Survivor] 瑞克五代: nb_assault 
[19:51:04] [Survivor] 瑞克五代: nb_assault 
[19:51:13] [Survivor] 瑞克五代: nb_assault 
[19:51:17] [Survivor] 瑞克五代: nb_assault 
[19:51:19] [Survivor] 瑞克五代: nb_assault 
--=================================================================--
[23/01/2023 19:51:22] --- 回合结束: c2m1_highway ---
--=================================================================--
[19:51:23] [Survivor] 瑞克五代: setpause 
--=================================================================--
[23/01/2023 19:51:24] --- 回合结束: c2m1_highway ---
--=================================================================--
--=================================================================--
[23/01/2023 19:51:25] --- 回合开始: c2m1_highway ---
--=================================================================--
[19:51:31] [Survivor] 瑞克五代: unpause 
[19:51:31] [Survivor] 瑞克五代: unpause 
[19:51:39] [Survivor] 瑞克五代: nb_assault 
[19:51:39] [Survivor] 瑞克五代: nb_assault 
[19:51:39] [Survivor] 瑞克五代: give pain_pills
[19:51:39] [Survivor] 瑞克五代: give health
[19:51:39] [Survivor] 瑞克五代: give machete
[19:51:48] [Survivor] 瑞克五代: nb_assault 
[19:51:52] [Survivor] 瑞克五代: nb_assault 
[19:51:55] [Survivor] 瑞克五代: nb_assault 
[19:51:57] [Survivor] 瑞克五代: nb_assault 
[19:51:59] [Survivor] 瑞克五代: nb_assault 
[19:52:04] [Survivor] 瑞克五代: nb_assault 
[19:52:07] [Survivor] 瑞克五代: nb_assault 
[19:52:08] [Survivor] 瑞克五代: nb_assault 
[19:52:19] [Survivor] 瑞克五代: nb_assault 
[19:52:21] [Survivor] 瑞克五代: nb_assault 
[19:52:27] [Survivor] 瑞克五代: nb_assault 
[19:52:30] [Survivor] 瑞克五代: nb_assault 
[19:52:33] [Survivor] 瑞克五代: nb_assault 
[19:52:36] [Survivor] 瑞克五代: nb_assault 
[19:52:42] [Survivor] 瑞克五代: nb_assault 
[19:52:51] [Survivor] 瑞克五代: nb_assault 
[19:52:56] [Survivor] 瑞克五代: nb_assault 
[19:53:04] [Survivor] 瑞克五代: nb_assault 
[19:53:09] [Survivor] 瑞克五代: nb_assault 
[19:53:10] [Survivor] 瑞克五代: vocalize smartlook auto
[19:53:15] [Survivor] 瑞克五代: nb_assault 
[19:53:19] [Survivor] 瑞克五代: nb_assault 
[19:53:22] [Survivor] 瑞克五代: nb_assault 
[19:53:27] [Survivor] 瑞克五代: nb_assault 
--=================================================================--
[23/01/2023 19:53:34] --- 回合结束: c2m1_highway ---
--=================================================================--
--=================================================================--
[23/01/2023 19:53:36] --- 回合结束: c2m1_highway ---
--=================================================================--
[19:53:37] [Survivor] 瑞克五代: say_team !vote
[19:53:37] [Survivor] 瑞克五代: sm_vote 
[19:53:37] [Survivor] 瑞克五代: menuselect 9
--=================================================================--
[23/01/2023 19:53:38] --- 回合开始: c2m1_highway ---
--=================================================================--
[19:53:39] [Survivor] 瑞克五代: menuselect 9
[19:53:40] [Survivor] 瑞克五代: menuselect 8
[19:53:41] [Survivor] 瑞克五代: menuselect 6
[19:53:42] [Survivor] 瑞克五代: vote Yes
[19:53:42] [Survivor] 瑞克五代: menuselect 3
[19:53:48] [Survivor] 瑞克五代: nb_assault 
[19:53:48] [Survivor] 瑞克五代: nb_assault 
[19:53:48] [Survivor] 瑞克五代: give pain_pills
[19:53:48] [Survivor] 瑞克五代: give health
[19:53:48] [Survivor] 瑞克五代: give machete
[19:53:53] [Survivor] 瑞克五代: nb_assault 
[19:53:58] [Survivor] 瑞克五代: nb_assault 
[19:54:01] [Survivor] 瑞克五代: nb_assault 
[19:54:04] [Survivor] 瑞克五代: nb_assault 
[19:54:12] [Survivor] 瑞克五代: nb_assault 
[19:54:14] [Survivor] 瑞克五代: nb_assault 
[19:54:18] [Survivor] 瑞克五代: nb_assault 
[19:54:21] [Survivor] 瑞克五代: nb_assault 
[19:54:26] [Survivor] 瑞克五代: nb_assault 
[19:54:30] [Survivor] 瑞克五代: nb_assault 
[19:54:33] [Survivor] 瑞克五代: nb_assault 
[19:54:34] [Survivor] 瑞克五代: say_team !vote
[19:54:34] [Survivor] 瑞克五代: sm_vote 
[19:54:34] [Survivor] 瑞克五代: menuselect 9
[19:54:35] [Survivor] 瑞克五代: menuselect 6
[19:54:36] [Survivor] 瑞克五代: vote Yes
[19:54:36] [Survivor] 瑞克五代: menuselect 1
[19:54:37] [Survivor] 瑞克五代: nb_assault 
[19:54:40] [Survivor] 瑞克五代: nb_assault 
--=================================================================--
[23/01/2023 19:54:41] --- 回合结束: c2m1_highway ---
--=================================================================--
--=================================================================--
[23/01/2023 19:54:43] --- 回合结束: c2m1_highway ---
--=================================================================--
--=================================================================--
[23/01/2023 19:54:44] --- 回合开始: c2m1_highway ---
--=================================================================--
[19:54:52] [Survivor] 瑞克五代: nb_assault 
[19:54:52] [Survivor] 瑞克五代: nb_assault 
[19:54:52] [Survivor] 瑞克五代: give pain_pills
[19:54:52] [Survivor] 瑞克五代: give health
[19:54:52] [Survivor] 瑞克五代: give machete
[19:54:57] [Survivor] 瑞克五代: nb_assault 
[19:55:01] [Survivor] 瑞克五代: nb_assault 
[19:55:04] [Survivor] 瑞克五代: nb_assault 
[19:55:07] [Survivor] 瑞克五代: nb_assault 
[19:55:20] [Survivor] 瑞克五代: nb_assault 
[19:55:25] [Survivor] 瑞克五代: nb_assault 
[19:55:34] [Survivor] 瑞克五代: nb_assault 
[19:55:35] [Survivor] 瑞克五代: nb_assault 
[19:55:38] [Survivor] 瑞克五代: nb_assault 
[19:55:42] [Survivor] 瑞克五代: nb_assault 
[19:55:44] [Survivor] 瑞克五代: nb_assault 
[19:55:46] [Survivor] 瑞克五代: nb_assault 
[19:55:50] [Survivor] 瑞克五代: nb_assault 
[19:55:53] [Survivor] 瑞克五代: nb_assault 
[19:55:56] [Survivor] 瑞克五代: nb_assault 
[19:55:58] [Survivor] 瑞克五代: nb_assault 
[19:56:05] [Survivor] 瑞克五代: nb_assault 
[19:56:07] [Survivor] 瑞克五代: nb_assault 
[19:56:10] [Survivor] 瑞克五代: nb_assault 
[19:56:11] [Survivor] 瑞克五代: nb_assault 
[19:56:17] [Survivor] 瑞克五代: nb_assault 
[19:56:20] [Survivor] 瑞克五代: nb_assault 
[19:56:25] [Survivor] 瑞克五代: nb_assault 
[19:56:28] [Survivor] 瑞克五代: nb_assault 
[19:56:32] [Survivor] 瑞克五代: nb_assault 
[19:56:37] [Survivor] 瑞克五代: nb_assault 
[19:56:39] [Survivor] 瑞克五代: nb_assault 
[19:56:42] [Survivor] 瑞克五代: nb_assault 
--=================================================================--
[23/01/2023 19:56:47] --- 回合结束: c2m1_highway ---
--=================================================================--
[19:56:48] [Survivor] 瑞克五代: setpause 
--=================================================================--
[23/01/2023 19:56:49] --- 回合结束: c2m1_highway ---
--=================================================================--
[19:56:49] 瑞克五代<2><STEAM_1:0:625834323><> 离开游戏 (reason: Disconnect by user.)
--=================================================================--
[23/01/2023 19:56:50] --- 回合开始: c2m1_highway ---
--=================================================================--
--=================================================================--
[23/01/2023 19:57:18] --- 回合开始: c2m1_highway ---
--=================================================================--
--=================================================================--
[23/01/2023 19:57:18] --- 地图开始: c2m1_highway ---
--=================================================================--
[20:03:56] [CN] XGP Meta<2><STEAM_1:1:54580848><> 加入游戏 (101.71.225.101)
[20:03:56] [Unassigned] XGP Meta: vmodenable 1
[20:03:56] [Unassigned] XGP Meta: vban 0
[20:03:59] [Infected] XGP Meta: unpause 
[20:06:53] [Infected] XGP Meta: setpause 
[20:06:54] [Infected] XGP Meta: unpause 
[20:06:55] [Infected] XGP Meta: setpause 
[20:06:57] XGP Meta<2><STEAM_1:1:54580848><> 离开游戏 (reason: Disconnect by user.)
--=================================================================--
[23/01/2023 20:07:32] --- 回合开始: c2m1_highway ---
--=================================================================--
--=================================================================--
[23/01/2023 20:07:32] --- 地图开始: c2m1_highway ---
--=================================================================--
[20:43:39] [CN] Yamato<2><STEAM_1:0:556713568><> 加入游戏 (1.81.18.25)
[20:43:39] [Unassigned] Yamato: vmodenable 1
[20:43:45] [Infected] Yamato: unpause 
[20:44:09] [Infected] Yamato: say !jg
[20:44:09] [Infected] Yamato: sm_jg 
[20:44:09] [Infected] Yamato: jointeam survivor
[20:44:21] [Survivor] Yamato: vocalize smartlook auto
[20:44:57] [Survivor] Yamato: setpause 
[20:45:02] [Survivor] Yamato: unpause 
[20:45:02] [Survivor] Yamato: callvote ChangeDifficulty Hard
[20:45:38] [Survivor] Yamato: vocalize smartlook auto
[20:45:44] [Survivor] Yamato: vocalize smartlook auto
[20:46:05] [Survivor] Yamato: vocalize smartlook auto
[20:47:25] [Survivor] Yamato: vocalize smartlook auto
[20:47:55] [Survivor] Yamato: vocalize smartlook auto
[20:47:56] [Survivor] Yamato: vocalize smartlook auto
[20:49:01] [Survivor] Yamato: vocalize smartlook auto
[20:49:17] [Survivor] Yamato: choose_closedoor 
[20:49:18] [Survivor] Yamato: choose_closedoor 
--=================================================================--
[23/01/2023 20:49:18] --- 回合结束: c2m1_highway ---
--=================================================================--
[20:49:19] [Survivor] Yamato: vocalize smartlook auto
--=================================================================--
[23/01/2023 20:49:33] --- 回合结束: c2m1_highway ---
--=================================================================--
--=================================================================--
[23/01/2023 20:49:34] --- 回合开始: c2m1_highway ---
--=================================================================--
[20:50:22] [Infected] Yamato: say !jg
[20:50:22] [Infected] Yamato: sm_jg 
[20:50:22] [Infected] Yamato: jointeam survivor
[20:50:27] [Infected] Yamato: say !jg
[20:50:27] [Infected] Yamato: sm_jg 
[20:50:27] [Infected] Yamato: jointeam survivor
[20:50:32] [Infected] Yamato: setpause 
[20:50:33] Yamato<2><STEAM_1:0:556713568><> 离开游戏 (reason: Disconnect by user.)
--=================================================================--
[23/01/2023 20:51:08] --- 回合开始: c2m1_highway ---
--=================================================================--
--=================================================================--
[23/01/2023 20:51:08] --- 地图开始: c2m1_highway ---
--=================================================================--
