--=================================================================--
[20/01/2023 10:42:52] --- 地图开始: c3m1_plankcountry ---
--=================================================================--
[10:43:04] [CN] 黑猫的赠礼<2><STEAM_1:1:501867733><> 加入游戏 (223.91.247.236)
[10:43:05] [Unassigned] 黑猫的赠礼: vmodenable 1
[10:43:05] [Unassigned] 黑猫的赠礼: vban 0
[10:43:08] [Infected] 黑猫的赠礼: unpause 
[10:43:15] [Infected] 黑猫的赠礼: say !join
[10:43:15] [Infected] 黑猫的赠礼: sm_join 
[10:43:15] [Infected] 黑猫的赠礼: jointeam survivor
[10:43:18] [Survivor] 黑猫的赠礼: say !vote
[10:43:18] [Survivor] 黑猫的赠礼: sm_vote 
[10:43:19] [Survivor] 黑猫的赠礼: menuselect 3
[10:43:20] [Survivor] 黑猫的赠礼: vote Yes
[10:43:20] [Survivor] 黑猫的赠礼: menuselect 2
--=================================================================--
[20/01/2023 10:43:21] --- 地图开始: c3m1_plankcountry ---
--=================================================================--
--=================================================================--
[20/01/2023 10:43:24] --- 地图结束: c3m1_plankcountry ---
--=================================================================--
--=================================================================--
[20/01/2023 10:43:26] --- 回合开始: c3m1_plankcountry ---
--=================================================================--
--=================================================================--
[20/01/2023 10:43:26] --- 地图开始: c3m1_plankcountry ---
--=================================================================--
[10:43:37] [CN] 黑猫的赠礼<2><STEAM_1:1:501867733><> 加入游戏 (223.91.247.236)
[10:43:37] [Unassigned] 黑猫的赠礼: vmodenable 1
[10:43:37] [Unassigned] 黑猫的赠礼: vban 0
[10:43:38] [Unassigned] 黑猫的赠礼: unpause 
[10:43:49] [Survivor] 黑猫的赠礼: say !vote
[10:43:49] [Survivor] 黑猫的赠礼: sm_vote 
[10:43:50] [Survivor] 黑猫的赠礼: menuselect 2
[10:43:50] [Survivor] 黑猫的赠礼: vote Yes
[10:43:50] [Survivor] 黑猫的赠礼: menuselect 1
[10:43:53] [Survivor] 黑猫的赠礼: say !vote
[10:43:53] [Survivor] 黑猫的赠礼: sm_vote 
[10:43:53] [Survivor] 黑猫的赠礼: menuselect 3
[10:43:53] [Survivor] 黑猫的赠礼: vote Yes
[10:43:53] [Survivor] 黑猫的赠礼: menuselect 1
[10:43:56] [Survivor] 黑猫的赠礼: say !vote
[10:43:56] [Survivor] 黑猫的赠礼: sm_vote 
[10:43:58] [Survivor] 黑猫的赠礼: menuselect 9
[10:43:59] [Survivor] 黑猫的赠礼: menuselect 1
[10:44:00] [Survivor] 黑猫的赠礼: vote Yes
[10:44:00] [Survivor] 黑猫的赠礼: menuselect 1
[10:44:02] [Survivor] 黑猫的赠礼: say !buy
[10:44:02] [Survivor] 黑猫的赠礼: sm_buy 
[10:44:03] [Survivor] 黑猫的赠礼: menuselect 2
[10:44:07] [Survivor] 黑猫的赠礼: vocalize smartlook auto
[10:44:09] [Survivor] 黑猫的赠礼: give pain_pills
[10:44:09] [Survivor] 黑猫的赠礼: give health
[10:44:09] [Survivor] 黑猫的赠礼: give pistol_magnum
[10:44:09] [Survivor] 黑猫的赠礼: nb_assault 
[10:44:13] [Survivor] 黑猫的赠礼: menuselect 7
[10:44:16] [Survivor] 黑猫的赠礼: nb_assault 
[10:44:24] [Survivor] 黑猫的赠礼: nb_assault 
[10:44:30] [Survivor] 黑猫的赠礼: nb_assault 
[10:44:52] [Survivor] 黑猫的赠礼: nb_assault 
[10:45:01] [Survivor] 黑猫的赠礼: nb_assault 
[10:45:12] [Survivor] 黑猫的赠礼: nb_assault 
[10:45:26] [Survivor] 黑猫的赠礼: nb_assault 
[10:45:33] [Survivor] 黑猫的赠礼: nb_assault 
[10:45:38] [Survivor] 黑猫的赠礼: nb_assault 
[10:45:51] [Survivor] 黑猫的赠礼: nb_assault 
[10:46:10] [Survivor] 黑猫的赠礼: nb_assault 
[10:46:16] [Survivor] 黑猫的赠礼: nb_assault 
[10:46:27] [Survivor] 黑猫的赠礼: nb_assault 
[10:46:33] [Survivor] 黑猫的赠礼: nb_assault 
[10:46:39] [Survivor] 黑猫的赠礼: nb_assault 
[10:46:48] [Survivor] 黑猫的赠礼: nb_assault 
[10:46:54] [Survivor] 黑猫的赠礼: nb_assault 
[10:47:01] [Survivor] 黑猫的赠礼: nb_assault 
[10:47:08] [Survivor] 黑猫的赠礼: nb_assault 
[10:47:20] [Survivor] 黑猫的赠礼: nb_assault 
[10:47:27] [Survivor] 黑猫的赠礼: nb_assault 
[10:47:35] [Survivor] 黑猫的赠礼: nb_assault 
--=================================================================--
[20/01/2023 10:47:44] --- 回合结束: c3m1_plankcountry ---
--=================================================================--
--=================================================================--
[20/01/2023 10:47:46] --- 回合结束: c3m1_plankcountry ---
--=================================================================--
--=================================================================--
[20/01/2023 10:47:47] --- 回合开始: c3m1_plankcountry ---
--=================================================================--
[10:48:28] [Spectator] 黑猫的赠礼: say !join
[10:48:28] [Spectator] 黑猫的赠礼: sm_join 
[10:48:28] [Spectator] 黑猫的赠礼: jointeam survivor
[10:48:32] [Survivor] 黑猫的赠礼: nb_assault 
[10:48:32] [Survivor] 黑猫的赠礼: give pain_pills
[10:48:32] [Survivor] 黑猫的赠礼: give health
[10:48:32] [Survivor] 黑猫的赠礼: give pistol_magnum
[10:48:45] [Survivor] 黑猫的赠礼: nb_assault 
[10:49:39] [Spectator] 黑猫的赠礼: say_team !join
[10:49:39] [Spectator] 黑猫的赠礼: sm_join 
[10:49:39] [Spectator] 黑猫的赠礼: jointeam survivor
[10:49:41] [Survivor] 黑猫的赠礼: nb_assault 
[10:49:43] [Survivor] 黑猫的赠礼: vocalize smartlook auto
[10:49:50] [Survivor] 黑猫的赠礼: nb_assault 
[10:49:51] [Survivor] 黑猫的赠礼: setpause 
[10:49:53] [Survivor] 黑猫的赠礼: vocalize smartlook auto
[10:49:53] [Survivor] 黑猫的赠礼: unpause 
[10:49:53] [Survivor] 黑猫的赠礼: unpause 
[10:50:39] [Survivor] 黑猫的赠礼: nb_assault 
[10:50:46] [Survivor] 黑猫的赠礼: nb_assault 
[10:50:52] [Survivor] 黑猫的赠礼: nb_assault 
[10:51:01] [Survivor] 黑猫的赠礼: nb_assault 
[10:51:05] [Survivor] 黑猫的赠礼: nb_assault 
[10:51:11] [Survivor] 黑猫的赠礼: nb_assault 
[10:51:21] [Survivor] 黑猫的赠礼: nb_assault 
[10:51:28] [Survivor] 黑猫的赠礼: nb_assault 
[10:51:32] [Survivor] 黑猫的赠礼: nb_assault 
[10:51:37] [Survivor] 黑猫的赠礼: nb_assault 
--=================================================================--
[20/01/2023 10:51:42] --- 回合结束: c3m1_plankcountry ---
--=================================================================--
[10:51:43] [Survivor] 黑猫的赠礼: setpause 
[10:51:44] 黑猫的赠礼<2><STEAM_1:1:501867733><> 离开游戏 (reason: Disconnect by user.)
--=================================================================--
[20/01/2023 10:51:44] --- 回合结束: c3m1_plankcountry ---
--=================================================================--
--=================================================================--
[20/01/2023 10:51:46] --- 回合开始: c3m1_plankcountry ---
--=================================================================--
--=================================================================--
[20/01/2023 10:52:20] --- 回合开始: c2m1_highway ---
--=================================================================--
--=================================================================--
[20/01/2023 10:52:20] --- 地图开始: c2m1_highway ---
--=================================================================--
[15:13:23] [CN] 小初升<2><STEAM_1:0:182922075><> 加入游戏 (223.74.0.218)
[15:13:23] [Unassigned] 小初升: vmodenable 1
[15:13:23] [Unassigned] 小初升: vban 0
[15:13:26] [Survivor] 小初升: unpause 
[15:13:34] [Survivor] 小初升: say !vote
[15:13:34] [Survivor] 小初升: sm_vote 
[15:13:40] [Survivor] 小初升: menuselect 3
[15:13:43] [Survivor] 小初升: vote Yes
[15:13:43] [Survivor] 小初升: menuselect 2
--=================================================================--
[20/01/2023 15:13:45] --- 地图开始: c2m1_highway ---
--=================================================================--
--=================================================================--
[20/01/2023 15:13:48] --- 地图结束: c2m1_highway ---
--=================================================================--
--=================================================================--
[20/01/2023 15:13:50] --- 回合开始: c2m1_highway ---
--=================================================================--
--=================================================================--
[20/01/2023 15:13:50] --- 地图开始: c2m1_highway ---
--=================================================================--
[15:14:00] [CN] 小初升<2><STEAM_1:0:182922075><> 加入游戏 (223.74.0.218)
[15:14:00] [Unassigned] 小初升: vmodenable 1
[15:14:00] [Unassigned] 小初升: vban 0
[15:14:01] [Unassigned] 小初升: unpause 
[15:14:05] [Spectator] 小初升: say !join
[15:14:05] [Spectator] 小初升: sm_join 
[15:14:05] [Spectator] 小初升: jointeam survivor
[15:14:09] [Survivor] 小初升: vocalize smartlook auto
[15:14:10] [Survivor] 小初升: say !vote
[15:14:10] [Survivor] 小初升: sm_vote 
[15:14:11] [Survivor] 小初升: menuselect 3
[15:14:11] [Survivor] 小初升: vote Yes
[15:14:11] [Survivor] 小初升: menuselect 1
[15:14:18] [Survivor] 小初升: give pain_pills
[15:14:18] [Survivor] 小初升: give health
[15:14:18] [Survivor] 小初升: nb_assault 
[15:14:18] [Survivor] 小初升: nb_assault 
[15:14:23] [Survivor] 小初升: nb_assault 
[15:14:27] [Survivor] 小初升: nb_assault 
[15:14:31] [Survivor] 小初升: nb_assault 
[15:14:35] [Survivor] 小初升: nb_assault 
[15:14:41] [Survivor] 小初升: nb_assault 
[15:14:50] [Survivor] 小初升: nb_assault 
[15:14:54] [Survivor] 小初升: nb_assault 
[15:14:59] [Survivor] 小初升: nb_assault 
[15:15:03] [Survivor] 小初升: nb_assault 
[15:15:10] [Survivor] 小初升: nb_assault 
[15:15:13] [Survivor] 小初升: nb_assault 
[15:15:16] [Survivor] 小初升: nb_assault 
[15:15:19] [Survivor] 小初升: nb_assault 
[15:15:21] [Survivor] 小初升: nb_assault 
[15:15:24] [Survivor] 小初升: nb_assault 
[15:15:44] [Survivor] 小初升: nb_assault 
[15:15:49] [Survivor] 小初升: nb_assault 
[15:15:54] [Survivor] 小初升: nb_assault 
[15:16:02] [Survivor] 小初升: nb_assault 
[15:16:06] [Survivor] 小初升: nb_assault 
[15:16:08] [Survivor] 小初升: nb_assault 
--=================================================================--
[20/01/2023 15:16:12] --- 回合结束: c2m1_highway ---
--=================================================================--
--=================================================================--
[20/01/2023 15:16:14] --- 回合结束: c2m1_highway ---
--=================================================================--
--=================================================================--
[20/01/2023 15:16:15] --- 回合开始: c2m1_highway ---
--=================================================================--
[15:16:21] [Survivor] 小初升: vocalize smartlook auto
[15:16:22] [Survivor] 小初升: say !buy
[15:16:22] [Survivor] 小初升: sm_buy 
[15:16:24] [Survivor] 小初升: menuselect 2
[15:16:27] [Survivor] 小初升: menuselect 1
[15:16:29] [Survivor] 小初升: menuselect 7
[15:16:33] [Survivor] 小初升: give pain_pills
[15:16:33] [Survivor] 小初升: give health
[15:16:33] [Survivor] 小初升: give machete
[15:16:33] [Survivor] 小初升: nb_assault 
[15:16:33] [Survivor] 小初升: nb_assault 
[15:16:44] [Survivor] 小初升: nb_assault 
[15:16:45] [Survivor] 小初升: nb_assault 
[15:16:54] [Survivor] 小初升: nb_assault 
[15:17:00] [Survivor] 小初升: nb_assault 
[15:17:01] [Survivor] 小初升: nb_assault 
[15:17:06] [Survivor] 小初升: nb_assault 
[15:17:11] [Survivor] 小初升: nb_assault 
[15:17:18] [Survivor] 小初升: nb_assault 
[15:17:22] [Survivor] 小初升: nb_assault 
[15:17:28] [Survivor] 小初升: nb_assault 
[15:17:31] [Survivor] 小初升: nb_assault 
[15:17:35] [Survivor] 小初升: nb_assault 
[15:17:38] [Survivor] 小初升: nb_assault 
[15:17:41] [Survivor] 小初升: nb_assault 
[15:17:49] [Survivor] 小初升: nb_assault 
[15:17:55] [Survivor] 小初升: nb_assault 
[15:17:58] [Survivor] 小初升: nb_assault 
[15:18:05] [Survivor] 小初升: nb_assault 
[15:18:10] [Survivor] 小初升: nb_assault 
[15:18:18] [Survivor] 小初升: nb_assault 
[15:18:21] [Survivor] 小初升: nb_assault 
[15:18:30] [Survivor] 小初升: nb_assault 
[15:18:37] [Survivor] 小初升: nb_assault 
[15:18:39] [Survivor] 小初升: nb_assault 
[15:18:42] [Survivor] 小初升: nb_assault 
[15:18:50] [Survivor] 小初升: nb_assault 
[15:18:51] [Survivor] 小初升: nb_assault 
[15:18:56] [Survivor] 小初升: nb_assault 
[15:18:59] [Survivor] 小初升: nb_assault 
[15:19:04] [Survivor] 小初升: nb_assault 
[15:19:10] [Survivor] 小初升: nb_assault 
[15:19:11] [Survivor] 小初升: nb_assault 
[15:19:15] [Survivor] 小初升: nb_assault 
[15:19:17] [Survivor] 小初升: nb_assault 
--=================================================================--
[20/01/2023 15:19:21] --- 回合结束: c2m1_highway ---
--=================================================================--
--=================================================================--
[20/01/2023 15:19:23] --- 回合结束: c2m1_highway ---
--=================================================================--
--=================================================================--
[20/01/2023 15:19:24] --- 回合开始: c2m1_highway ---
--=================================================================--
[15:19:33] [Survivor] 小初升: give pain_pills
[15:19:33] [Survivor] 小初升: give health
[15:19:33] [Survivor] 小初升: give machete
[15:19:33] [Survivor] 小初升: nb_assault 
[15:19:33] [Survivor] 小初升: nb_assault 
[15:19:41] [Survivor] 小初升: nb_assault 
[15:19:43] [Survivor] 小初升: nb_assault 
[15:19:53] [Survivor] 小初升: nb_assault 
[15:20:00] [Survivor] 小初升: nb_assault 
[15:20:05] [Survivor] 小初升: nb_assault 
[15:20:11] [Survivor] 小初升: nb_assault 
[15:20:18] [Survivor] 小初升: nb_assault 
[15:20:23] [Survivor] 小初升: nb_assault 
[15:20:28] [Survivor] 小初升: nb_assault 
[15:20:29] [Survivor] 小初升: nb_assault 
[15:20:32] [Survivor] 小初升: nb_assault 
[15:20:34] [Survivor] 小初升: nb_assault 
[15:20:37] [Survivor] 小初升: nb_assault 
[15:20:42] [Survivor] 小初升: nb_assault 
[15:20:48] [Survivor] 小初升: nb_assault 
[15:20:54] [Survivor] 小初升: nb_assault 
[15:20:56] [Survivor] 小初升: nb_assault 
[15:21:00] [Survivor] 小初升: nb_assault 
[15:21:03] [Survivor] 小初升: nb_assault 
[15:21:04] [Survivor] 小初升: nb_assault 
[15:21:13] [Survivor] 小初升: nb_assault 
[15:21:17] [CN] 靡靡唱游<96><STEAM_1:0:219145519><> 加入游戏 (111.174.107.197)
[15:21:17] [Unassigned] 靡靡唱游: vmodenable 1
[15:21:18] [Unassigned] 靡靡唱游: unpause 
[15:21:20] [Survivor] 小初升: nb_assault 
[15:21:24] [Survivor] 小初升: nb_assault 
[15:21:31] [Survivor] 小初升: nb_assault 
[15:21:33] [Survivor] 小初升: nb_assault 
[15:21:40] [Survivor] 小初升: nb_assault 
[15:21:42] [Survivor] 小初升: nb_assault 
[15:21:45] [Survivor] 小初升: nb_assault 
[15:21:47] [Survivor] 小初升: nb_assault 
[15:21:51] [Survivor] 小初升: nb_assault 
[15:21:52] [Survivor] 小初升: nb_assault 
[15:21:56] [Survivor] 小初升: nb_assault 
[15:22:05] [Survivor] 小初升: nb_assault 
[15:22:06] [Survivor] 小初升: nb_assault 
[15:22:15] [Survivor] 小初升: nb_assault 
[15:22:25] [Survivor] 小初升: nb_assault 
[15:22:31] [Spectator] 靡靡唱游: setpause 
[15:22:32] 靡靡唱游<96><STEAM_1:0:219145519><> 离开游戏 (reason: Disconnect by user.)
[15:22:33] [Survivor] 小初升: nb_assault 
[15:22:40] [Survivor] 小初升: nb_assault 
[15:22:47] [Survivor] 小初升: nb_assault 
[15:22:48] [Survivor] 小初升: nb_assault 
--=================================================================--
[20/01/2023 15:22:52] --- 回合结束: c2m1_highway ---
--=================================================================--
--=================================================================--
[20/01/2023 15:22:54] --- 回合结束: c2m1_highway ---
--=================================================================--
--=================================================================--
[20/01/2023 15:22:56] --- 回合开始: c2m1_highway ---
--=================================================================--
[15:23:04] [Survivor] 小初升: nb_assault 
[15:23:04] [Survivor] 小初升: nb_assault 
[15:23:04] [Survivor] 小初升: give pain_pills
[15:23:04] [Survivor] 小初升: give health
[15:23:04] [Survivor] 小初升: give machete
[15:23:13] [Survivor] 小初升: nb_assault 
[15:23:17] [Survivor] 小初升: nb_assault 
[15:23:20] [Survivor] 小初升: nb_assault 
[15:23:24] [Survivor] 小初升: nb_assault 
[15:23:25] [Survivor] 小初升: nb_assault 
[15:23:28] [Survivor] 小初升: nb_assault 
[15:23:31] [Survivor] 小初升: nb_assault 
[15:23:33] [Survivor] 小初升: nb_assault 
[15:23:39] [Survivor] 小初升: nb_assault 
[15:23:46] [Survivor] 小初升: nb_assault 
[15:23:49] [Survivor] 小初升: nb_assault 
[15:23:58] [Survivor] 小初升: nb_assault 
[15:24:02] [Survivor] 小初升: nb_assault 
[15:24:06] [Survivor] 小初升: nb_assault 
[15:24:12] [Survivor] 小初升: nb_assault 
[15:24:18] [Survivor] 小初升: nb_assault 
[15:24:20] [Survivor] 小初升: nb_assault 
[15:24:35] [Survivor] 小初升: nb_assault 
[15:24:37] [Survivor] 小初升: nb_assault 
[15:24:43] [Survivor] 小初升: nb_assault 
[15:24:56] [Survivor] 小初升: nb_assault 
[15:25:06] [Survivor] 小初升: nb_assault 
[15:25:08] [Survivor] 小初升: nb_assault 
[15:25:12] [Survivor] 小初升: nb_assault 
[15:25:21] [Survivor] 小初升: nb_assault 
[15:25:23] [Survivor] 小初升: nb_assault 
[15:25:27] [Survivor] 小初升: nb_assault 
[15:25:30] [Survivor] 小初升: nb_assault 
[15:25:34] [Survivor] 小初升: nb_assault 
[15:25:38] [Survivor] 小初升: nb_assault 
[15:25:46] [Survivor] 小初升: nb_assault 
[15:25:46] [Survivor] 小初升: nb_assault 
[15:25:55] [Survivor] 小初升: nb_assault 
--=================================================================--
[20/01/2023 15:25:59] --- 回合结束: c2m1_highway ---
--=================================================================--
[15:25:59] [Survivor] 小初升: setpause 
--=================================================================--
[20/01/2023 15:26:01] --- 回合结束: c2m1_highway ---
--=================================================================--
--=================================================================--
[20/01/2023 15:26:02] --- 回合开始: c2m1_highway ---
--=================================================================--
[15:26:13] [Survivor] 小初升: unpause 
[15:26:14] [Survivor] 小初升: vocalize smartlook auto
[15:26:18] [Survivor] 小初升: give pain_pills
[15:26:18] [Survivor] 小初升: give health
[15:26:18] [Survivor] 小初升: give machete
[15:26:18] [Survivor] 小初升: nb_assault 
[15:26:19] [Survivor] 小初升: nb_assault 
[15:26:22] [Survivor] 小初升: nb_assault 
[15:26:29] [Survivor] 小初升: nb_assault 
[15:26:33] [Survivor] 小初升: nb_assault 
[15:26:39] [Survivor] 小初升: nb_assault 
[15:26:41] [Survivor] 小初升: nb_assault 
[15:26:49] [Survivor] 小初升: nb_assault 
[15:26:52] [Survivor] 小初升: nb_assault 
[15:26:58] [Survivor] 小初升: nb_assault 
[15:27:00] [Survivor] 小初升: nb_assault 
[15:27:03] [Survivor] 小初升: nb_assault 
[15:27:05] [Survivor] 小初升: nb_assault 
[15:27:10] [Survivor] 小初升: nb_assault 
[15:27:16] [Survivor] 小初升: nb_assault 
[15:27:20] [Survivor] 小初升: nb_assault 
[15:27:25] [Survivor] 小初升: nb_assault 
[15:27:29] [Survivor] 小初升: nb_assault 
[15:27:31] [Survivor] 小初升: nb_assault 
[15:27:33] [Survivor] 小初升: nb_assault 
[15:27:35] [Survivor] 小初升: nb_assault 
[15:27:38] [Survivor] 小初升: nb_assault 
[15:27:43] [Survivor] 小初升: nb_assault 
[15:27:50] [Survivor] 小初升: nb_assault 
[15:28:05] [Survivor] 小初升: nb_assault 
[15:28:06] [Survivor] 小初升: nb_assault 
[15:28:12] [Survivor] 小初升: nb_assault 
[15:28:20] [Survivor] 小初升: nb_assault 
[15:28:21] [Survivor] 小初升: nb_assault 
[15:28:29] [Survivor] 小初升: nb_assault 
[15:28:32] [Survivor] 小初升: nb_assault 
--=================================================================--
[20/01/2023 15:28:36] --- 回合结束: c2m1_highway ---
--=================================================================--
--=================================================================--
[20/01/2023 15:28:38] --- 回合结束: c2m1_highway ---
--=================================================================--
--=================================================================--
[20/01/2023 15:28:39] --- 回合开始: c2m1_highway ---
--=================================================================--
[15:28:46] [Survivor] 小初升: give pain_pills
[15:28:46] [Survivor] 小初升: give health
[15:28:46] [Survivor] 小初升: give machete
[15:28:46] [Survivor] 小初升: nb_assault 
[15:28:46] [Survivor] 小初升: nb_assault 
[15:28:51] [Survivor] 小初升: nb_assault 
[15:28:54] [Survivor] 小初升: nb_assault 
[15:28:56] [Survivor] 小初升: nb_assault 
[15:29:00] [Survivor] 小初升: nb_assault 
[15:29:04] [Survivor] 小初升: nb_assault 
[15:29:06] [Survivor] 小初升: nb_assault 
[15:29:09] [Survivor] 小初升: nb_assault 
[15:29:12] [Survivor] 小初升: nb_assault 
[15:29:15] [Survivor] 小初升: nb_assault 
[15:29:17] [Survivor] 小初升: nb_assault 
[15:29:20] [Survivor] 小初升: nb_assault 
[15:29:25] [Survivor] 小初升: nb_assault 
[15:29:29] [Survivor] 小初升: nb_assault 
[15:29:39] [Survivor] 小初升: nb_assault 
[15:29:41] [Survivor] 小初升: nb_assault 
[15:29:44] [Survivor] 小初升: nb_assault 
[15:29:53] [Survivor] 小初升: nb_assault 
[15:30:00] [Survivor] 小初升: nb_assault 
[15:30:07] [Survivor] 小初升: nb_assault 
[15:30:11] [Survivor] 小初升: nb_assault 
[15:30:14] [Survivor] 小初升: nb_assault 
[15:30:18] [Survivor] 小初升: nb_assault 
[15:30:22] [Survivor] 小初升: nb_assault 
[15:30:26] [Survivor] 小初升: nb_assault 
[15:30:29] [Survivor] 小初升: nb_assault 
[15:30:32] [Survivor] 小初升: nb_assault 
[15:30:36] [Survivor] 小初升: nb_assault 
[15:30:41] [Survivor] 小初升: nb_assault 
--=================================================================--
[20/01/2023 15:30:47] --- 回合结束: c2m1_highway ---
--=================================================================--
--=================================================================--
[20/01/2023 15:30:49] --- 回合结束: c2m1_highway ---
--=================================================================--
--=================================================================--
[20/01/2023 15:30:50] --- 回合开始: c2m1_highway ---
--=================================================================--
[15:30:57] [Survivor] 小初升: setpause 
[15:30:58] 小初升<2><STEAM_1:0:182922075><> 离开游戏 (reason: Disconnect by user.)
--=================================================================--
[20/01/2023 15:31:33] --- 回合开始: c2m1_highway ---
--=================================================================--
--=================================================================--
[20/01/2023 15:31:33] --- 地图开始: c2m1_highway ---
--=================================================================--
[16:10:29] [CN] Paljuǒnnesul<2><STEAM_1:1:194945941><> 加入游戏 (110.244.135.25)
[16:10:31] [Unassigned] Paljuǒnnesul: vmodenable 1
[16:10:31] [Unassigned] Paljuǒnnesul: vban 0
[16:10:31] [CN] Julius<3><STEAM_1:1:576281835><> 加入游戏 (27.18.144.8)
[16:10:32] [Unassigned] Julius: vmodenable 1
[16:10:32] [Unassigned] Julius: vban 0
[16:10:34] [Survivor] Paljuǒnnesul: unpause 
[16:10:34] [Infected] Julius: unpause 
[16:10:40] [Infected] Julius: say !slots 2
[16:10:40] [Survivor] Paljuǒnnesul: say !match
[16:10:40] [Survivor] Paljuǒnnesul: sm_match 
[16:10:43] [Survivor] Paljuǒnnesul: menuselect 4
[16:10:44] [Survivor] Paljuǒnnesul: vote Yes
[16:10:44] [Survivor] Paljuǒnnesul: menuselect 4
[16:10:45] [Infected] Julius: vote Yes
--=================================================================--
[20/01/2023 16:10:47] --- 地图开始: c2m1_highway ---
--=================================================================--
--=================================================================--
[20/01/2023 16:10:50] --- 地图结束: c2m1_highway ---
--=================================================================--
--=================================================================--
[20/01/2023 16:10:51] --- 回合开始: c2m1_highway ---
--=================================================================--
--=================================================================--
[20/01/2023 16:10:51] --- 地图开始: c2m1_highway ---
--=================================================================--
[16:11:01] [CN] Julius<3><STEAM_1:1:576281835><> 加入游戏 (27.18.144.8)
[16:11:02] [Unassigned] Julius: unpause 
[16:11:02] [Unassigned] Julius: vmodenable 1
[16:11:02] [Unassigned] Julius: vban 0
[16:11:04] [CN] Paljuǒnnesul<2><STEAM_1:1:194945941><> 加入游戏 (110.244.135.25)
[16:11:04] [Survivor] Julius: say_team !slots 2
[16:11:04] [Survivor] Julius: sm_slots 2
[16:11:04] [Survivor] Julius: vote Yes
[16:11:05] [Unassigned] Paljuǒnnesul: vmodenable 1
[16:11:05] [Unassigned] Paljuǒnnesul: vban 0
[16:11:05] [Unassigned] Paljuǒnnesul: unpause 
[16:11:11] [Survivor] Julius: say slots 2
[16:11:15] [Survivor] Julius: say 好好好
[16:11:17] [Survivor] Julius: vote Yes
[16:11:19] [Survivor] Julius: say !SHOW
[16:11:19] [Survivor] Julius: sm_show 
[16:11:23] [Survivor] Julius: say !show
[16:11:23] [Survivor] Julius: sm_show 
[16:11:25] [Survivor] Julius: vocalize smartlook auto
[16:11:26] [Survivor] Julius: say !ready
[16:11:26] [Survivor] Julius: sm_ready 
[16:11:31] [Infected] Paljuǒnnesul: say !xx
[16:11:37] [Survivor] Julius: say 不用准备?
[16:11:39] [Survivor] Julius: say !x
[16:11:40] [Infected] Paljuǒnnesul: say f1
[16:11:42] [Survivor] Julius: say !xx
[16:11:42] [Survivor] Julius: vote Yes
[16:11:43] [Infected] Paljuǒnnesul: say !ready
[16:11:43] [Infected] Paljuǒnnesul: sm_ready 
[16:11:46] [Infected] Paljuǒnnesul: vote Yes
[16:11:46] [Infected] Paljuǒnnesul: vote Yes
[16:11:46] [Infected] Paljuǒnnesul: vote Yes
[16:11:47] [Infected] Paljuǒnnesul: vote Yes
[16:11:47] [Infected] Paljuǒnnesul: vote Yes
[16:11:47] [Infected] Paljuǒnnesul: vote Yes
[16:11:47] [Infected] Paljuǒnnesul: vote Yes
[16:11:47] [Infected] Paljuǒnnesul: vote Yes
[16:11:47] [Infected] Paljuǒnnesul: vote Yes
[16:11:47] [Infected] Paljuǒnnesul: vote Yes
[16:11:47] [Infected] Paljuǒnnesul: vote Yes
[16:11:48] [Infected] Paljuǒnnesul: vote Yes
[16:11:48] [Infected] Paljuǒnnesul: vote Yes
[16:11:48] [Infected] Paljuǒnnesul: vote Yes
[16:11:48] [Infected] Paljuǒnnesul: vote Yes
[16:11:48] [Infected] Paljuǒnnesul: vote Yes
[16:11:52] [Survivor] Julius: say 没准备界面
[16:12:00] [Survivor] Julius: say !xx
[16:12:02] [Survivor] Julius: setpause 
[16:12:04] [Infected] Paljuǒnnesul: say go
[16:12:07] [Survivor] Julius: unpause 
[16:12:08] [Survivor] Julius: setpause 
[16:12:08] [Survivor] Julius: unpause 
[16:13:20] [Survivor] Julius: vocalize smartlook auto
[16:13:41] [Survivor] Julius: choose_opendoor 
[16:14:39] [Survivor] Julius: vocalize smartlook auto
[16:15:31] [Survivor] Julius: choose_closedoor 
--=================================================================--
[20/01/2023 16:15:32] --- 回合结束: c2m1_highway ---
--=================================================================--
[16:15:33] [Survivor] Julius: vocalize smartlook auto
--=================================================================--
[20/01/2023 16:15:47] --- 回合结束: c2m1_highway ---
--=================================================================--
--=================================================================--
[20/01/2023 16:15:48] --- 回合开始: c2m1_highway ---
--=================================================================--
[16:15:51] [Infected] Julius: vote Yes
[16:16:31] [Survivor] Paljuǒnnesul: say ?
[16:16:33] [Infected] Julius: say .
--=================================================================--
[20/01/2023 16:17:21] --- 回合结束: c2m1_highway ---
--=================================================================--
[16:17:25] [Infected] Julius: say 100?
[16:17:28] [Survivor] Paljuǒnnesul: say bzd
[16:17:29] [Infected] Julius: say 6
--=================================================================--
[20/01/2023 16:17:36] --- 回合结束: c2m1_highway ---
--=================================================================--
--=================================================================--
[20/01/2023 16:17:40] --- 地图结束: c2m1_highway ---
--=================================================================--
--=================================================================--
[20/01/2023 16:17:42] --- 回合开始: c2m2_fairgrounds ---
--=================================================================--
--=================================================================--
[20/01/2023 16:17:42] --- 地图开始: c2m2_fairgrounds ---
--=================================================================--
[16:17:50] [CN] Julius<3><STEAM_1:1:576281835><> 加入游戏 (27.18.144.8)
[16:17:50] [Unassigned] Julius: vmodenable 1
[16:17:50] [Unassigned] Julius: vban 0
[16:17:51] [Unassigned] Julius: unpause 
[16:17:52] [CN] Paljuǒnnesul<2><STEAM_1:1:194945941><> 加入游戏 (110.244.135.25)
[16:17:53] [Unassigned] Paljuǒnnesul: vmodenable 1
[16:17:53] [Unassigned] Paljuǒnnesul: vban 0
[16:17:54] [Unassigned] Paljuǒnnesul: unpause 
[16:17:56] [Infected] Julius: say_team !s
[16:17:56] [Infected] Julius: sm_s 
[16:17:59] [Survivor] Paljuǒnnesul: say !s
[16:17:59] [Survivor] Paljuǒnnesul: sm_s 
[16:18:00] [Spectator] Paljuǒnnesul: jointeam Infected
[16:18:00] [Spectator] Julius: jointeam Survivor
[16:18:01] [Spectator] Paljuǒnnesul: jointeam Infected
[16:18:02] [Survivor] Julius: vocalize smartlook auto
[16:18:04] [Survivor] Julius: say !votr
[16:18:07] [Survivor] Julius: say_team !vote
[16:18:07] [Survivor] Julius: sm_vote 
[16:18:10] [Survivor] Julius: menuselect 7
[16:18:13] [Survivor] Julius: menuselect 6
[16:18:16] [Survivor] Julius: menuselect 8
[16:18:22] [Survivor] Julius: say 没有回血吗
[16:18:46] [Survivor] Julius: say !vote
[16:18:46] [Survivor] Julius: sm_vote 
[16:18:50] [Survivor] Julius: menuselect 7
[16:18:52] [Survivor] Julius: menuselect 4
[16:18:55] [Survivor] Julius: menuselect 1
[16:18:56] [Survivor] Julius: menuselect 4
[16:18:57] [Survivor] Julius: menuselect 3
[16:18:58] [Survivor] Julius: menuselect 6
[16:18:59] [Survivor] Julius: menuselect 6
[16:19:01] [Survivor] Julius: menuselect 8
[16:19:02] [Survivor] Julius: menuselect 8
[16:19:04] [Survivor] Julius: say g
[16:19:05] [Survivor] Julius: choose_opendoor 
[16:19:05] [Survivor] Julius: choose_opendoor 
[16:19:05] [Survivor] Julius: choose_opendoor 
[16:19:05] [Survivor] Julius: choose_opendoor 
[16:19:05] [Survivor] Julius: choose_opendoor 
[16:19:58] [Survivor] Julius: vocalize smartlook auto
[16:20:11] [Infected] Paljuǒnnesul: setpause 
[16:20:12] [Infected] Paljuǒnnesul: unpause 
[16:20:15] [Survivor] Julius: vocalize smartlook auto
[16:20:20] [Survivor] Julius: vocalize smartlook auto
[16:22:26] [Survivor] Julius: vocalize smartlook auto
[16:22:41] [Survivor] Julius: sm_tank 
[16:22:41] [Survivor] Julius: sm_current 
[16:22:41] [Survivor] Julius: sm_health 
[16:22:41] [Survivor] Julius: sm_ready 
[16:22:41] [Survivor] Julius: say /current
[16:22:41] [Survivor] Julius: sm_current 
[16:22:41] [Survivor] Julius: vocalize smartlook auto
[16:22:42] [Survivor] Julius: choose_closedoor 
--=================================================================--
[20/01/2023 16:22:44] --- 回合结束: c2m2_fairgrounds ---
--=================================================================--
--=================================================================--
[20/01/2023 16:22:59] --- 回合结束: c2m2_fairgrounds ---
--=================================================================--
--=================================================================--
[20/01/2023 16:23:00] --- 回合开始: c2m2_fairgrounds ---
--=================================================================--
[16:23:02] [Survivor] Paljuǒnnesul: choose_opendoor 
[16:23:03] [Survivor] Paljuǒnnesul: choose_opendoor 
[16:23:22] [Survivor] Paljuǒnnesul: vocalize smartlook auto
[16:24:01] [Survivor] Paljuǒnnesul: vocalize smartlook auto
[16:24:50] [Survivor] Paljuǒnnesul: setpause 
--=================================================================--
[20/01/2023 16:24:51] --- 回合结束: c2m2_fairgrounds ---
--=================================================================--
[16:24:52] [Survivor] Paljuǒnnesul: unpause 
[16:24:54] [Survivor] Paljuǒnnesul: setpause 
[16:24:56] [Survivor] Paljuǒnnesul: unpause 
[16:24:56] [Survivor] Paljuǒnnesul: setpause 
[16:24:57] [Survivor] Paljuǒnnesul: unpause 
[16:24:57] [Survivor] Paljuǒnnesul: unpause 
[16:24:57] [Survivor] Paljuǒnnesul: setpause 
[16:24:57] [Survivor] Paljuǒnnesul: unpause 
[16:24:58] [Survivor] Paljuǒnnesul: unpause 
[16:24:58] [Survivor] Paljuǒnnesul: setpause 
[16:24:58] [Survivor] Paljuǒnnesul: unpause 
[16:24:59] [Survivor] Paljuǒnnesul: unpause 
[16:24:59] [Survivor] Paljuǒnnesul: setpause 
[16:24:59] [Survivor] Paljuǒnnesul: unpause 
[16:24:59] [Survivor] Paljuǒnnesul: unpause 
[16:24:59] [Survivor] Paljuǒnnesul: setpause 
[16:24:59] [Survivor] Paljuǒnnesul: unpause 
[16:24:59] [Survivor] Paljuǒnnesul: unpause 
--=================================================================--
[20/01/2023 16:25:06] --- 回合结束: c2m2_fairgrounds ---
--=================================================================--
[16:25:10] [Survivor] Paljuǒnnesul: setpause 
--=================================================================--
[20/01/2023 16:25:10] --- 地图结束: c2m2_fairgrounds ---
--=================================================================--
--=================================================================--
[20/01/2023 16:25:12] --- 回合开始: c2m3_coaster ---
--=================================================================--
--=================================================================--
[20/01/2023 16:25:12] --- 地图开始: c2m3_coaster ---
--=================================================================--
[16:25:20] [CN] Julius<3><STEAM_1:1:576281835><> 加入游戏 (27.18.144.8)
[16:25:20] [Unassigned] Julius: vmodenable 1
[16:25:20] [Unassigned] Julius: vban 0
[16:25:20] [Unassigned] Julius: unpause 
[16:25:22] [CN] Paljuǒnnesul<2><STEAM_1:1:194945941><> 加入游戏 (110.244.135.25)
[16:25:23] [Unassigned] Paljuǒnnesul: unpause 
[16:25:23] [Unassigned] Paljuǒnnesul: vmodenable 1
[16:25:23] [Unassigned] Paljuǒnnesul: vban 0
[16:25:25] [Survivor] Julius: vote Yes
[16:25:26] [Survivor] Julius: vocalize smartlook auto
[16:25:28] [Survivor] Julius: say g
[16:25:34] [Survivor] Julius: choose_opendoor 
[16:25:34] [Survivor] Julius: choose_opendoor 
[16:25:34] [Survivor] Julius: choose_opendoor 
[16:25:34] [Survivor] Julius: choose_opendoor 
[16:25:34] [Survivor] Julius: choose_opendoor 
[16:25:34] [Survivor] Julius: choose_opendoor 
[16:25:35] [Survivor] Julius: choose_opendoor 
[16:25:52] [Survivor] Julius: say g
[16:25:55] [Infected] Paljuǒnnesul: say g
[16:26:12] [Infected] Paljuǒnnesul: setpause 
[16:26:12] [Infected] Paljuǒnnesul: unpause 
[16:26:12] [Infected] Paljuǒnnesul: unpause 
[16:28:13] [Survivor] Julius: vocalize smartlook auto
--=================================================================--
[20/01/2023 16:28:21] --- 回合结束: c2m3_coaster ---
--=================================================================--
--=================================================================--
[20/01/2023 16:28:36] --- 回合结束: c2m3_coaster ---
--=================================================================--
--=================================================================--
[20/01/2023 16:28:37] --- 回合开始: c2m3_coaster ---
--=================================================================--
[16:28:39] [Infected] Julius: vote Yes
[16:28:47] [Survivor] Paljuǒnnesul: choose_opendoor 
[16:28:47] [Survivor] Paljuǒnnesul: choose_opendoor 
[16:28:47] [Survivor] Paljuǒnnesul: choose_opendoor 
[16:28:49] [Survivor] Paljuǒnnesul: choose_opendoor 
--=================================================================--
[20/01/2023 16:31:06] --- 回合结束: c2m3_coaster ---
--=================================================================--
[16:31:16] [Survivor] Paljuǒnnesul: spec_mode 
--=================================================================--
[20/01/2023 16:31:21] --- 回合结束: c2m3_coaster ---
--=================================================================--
--=================================================================--
[20/01/2023 16:31:25] --- 地图结束: c2m3_coaster ---
--=================================================================--
--=================================================================--
[20/01/2023 16:31:27] --- 回合开始: c2m4_barns ---
--=================================================================--
--=================================================================--
[20/01/2023 16:31:27] --- 地图开始: c2m4_barns ---
--=================================================================--
[16:31:37] [CN] Julius<3><STEAM_1:1:576281835><> 加入游戏 (27.18.144.8)
[16:31:38] [Unassigned] Julius: vmodenable 1
[16:31:38] [Unassigned] Julius: vban 0
[16:31:38] [Unassigned] Julius: unpause 
[16:31:40] [CN] Paljuǒnnesul<2><STEAM_1:1:194945941><> 加入游戏 (110.244.135.25)
[16:31:41] [Unassigned] Paljuǒnnesul: vmodenable 1
[16:31:41] [Unassigned] Paljuǒnnesul: vban 0
[16:31:41] [Unassigned] Paljuǒnnesul: unpause 
[16:31:51] [Survivor] Julius: choose_opendoor 
[16:31:51] [Survivor] Julius: choose_opendoor 
[16:31:51] [Survivor] Julius: choose_opendoor 
[16:31:51] [Survivor] Julius: choose_opendoor 
[16:31:51] [Survivor] Julius: choose_opendoor 
[16:31:51] [Survivor] Julius: choose_opendoor 
[16:31:52] [Survivor] Julius: choose_opendoor 
[16:32:10] [Infected] Paljuǒnnesul: setpause 
[16:32:16] [Infected] Paljuǒnnesul: unpause 
[16:32:56] [Survivor] Julius: vocalize smartlook auto
[16:32:57] [Infected] Paljuǒnnesul: setpause 
[16:32:57] [Infected] Paljuǒnnesul: unpause 
[16:32:58] [Infected] Paljuǒnnesul: setpause 
[16:33:01] [Infected] Paljuǒnnesul: unpause 
[16:33:23] [Survivor] Julius: choose_opendoor 
[16:33:23] [Survivor] Julius: choose_opendoor 
[16:34:11] [Survivor] Julius: vocalize smartlook auto
[16:34:13] [Survivor] Julius: vocalize smartlook auto
[16:35:33] [Survivor] Julius: choose_closedoor 
--=================================================================--
[20/01/2023 16:35:34] --- 回合结束: c2m4_barns ---
--=================================================================--
[16:35:35] [Survivor] Julius: vocalize smartlook auto
[16:35:41] [Infected] Paljuǒnnesul: say 飞不动
--=================================================================--
[20/01/2023 16:35:49] --- 回合结束: c2m4_barns ---
--=================================================================--
[16:35:49] [Survivor] Julius: say .
--=================================================================--
[20/01/2023 16:35:50] --- 回合开始: c2m4_barns ---
--=================================================================--
[16:35:54] [Survivor] Paljuǒnnesul: say 粘地上了
[16:35:55] [Infected] Julius: say 打不打救援
[16:36:02] [Survivor] Paljuǒnnesul: say suibian
[16:36:07] [Survivor] Paljuǒnnesul: choose_opendoor 
[16:36:07] [Survivor] Paljuǒnnesul: choose_opendoor 
[16:36:07] [Survivor] Paljuǒnnesul: choose_opendoor 
[16:36:08] [Survivor] Paljuǒnnesul: choose_opendoor 
[16:36:08] [Survivor] Paljuǒnnesul: choose_opendoor 
[16:37:18] [Survivor] Paljuǒnnesul: choose_opendoor 
[16:37:21] [Survivor] Paljuǒnnesul: vocalize smartlook auto
[16:38:02] [Survivor] Paljuǒnnesul: vocalize smartlook auto
[16:39:09] [Survivor] Paljuǒnnesul: vocalize smartlook auto
[16:39:10] [Survivor] Paljuǒnnesul: choose_closedoor 
[16:39:13] [Survivor] Paljuǒnnesul: choose_closedoor 
[16:39:13] [Survivor] Paljuǒnnesul: choose_closedoor 
[16:39:15] [Survivor] Paljuǒnnesul: choose_closedoor 
--=================================================================--
[20/01/2023 16:39:16] --- 回合结束: c2m4_barns ---
--=================================================================--
[16:39:16] [Survivor] Paljuǒnnesul: choose_opendoor 
[16:39:17] [Infected] Julius: say 6
[16:39:17] [Survivor] Paljuǒnnesul: say 6
[16:39:18] [Infected] Julius: say 6
[16:39:27] [Infected] Julius: say 门神是吧
--=================================================================--
[20/01/2023 16:39:31] --- 回合结束: c2m4_barns ---
--=================================================================--
--=================================================================--
[20/01/2023 16:39:35] --- 地图结束: c2m4_barns ---
--=================================================================--
--=================================================================--
[20/01/2023 16:39:37] --- 回合开始: c2m5_concert ---
--=================================================================--
--=================================================================--
[20/01/2023 16:39:37] --- 地图开始: c2m5_concert ---
--=================================================================--
[16:39:44] [CN] Julius<3><STEAM_1:1:576281835><> 加入游戏 (27.18.144.8)
[16:39:45] [Unassigned] Julius: unpause 
[16:39:45] [Unassigned] Julius: vmodenable 1
[16:39:45] [Unassigned] Julius: vban 0
[16:39:46] [Survivor] Julius: vocalize smartlook auto
[16:39:47] [CN] Paljuǒnnesul<2><STEAM_1:1:194945941><> 加入游戏 (110.244.135.25)
[16:39:47] [Unassigned] Paljuǒnnesul: unpause 
[16:39:47] [Unassigned] Paljuǒnnesul: vmodenable 1
[16:39:47] [Unassigned] Paljuǒnnesul: vban 0
[16:40:03] [Survivor] Julius: say 我家猫上我电脑桌了
[16:40:07] [Infected] Paljuǒnnesul: say 蛙
[16:40:15] [Infected] Paljuǒnnesul: say 羡慕
[16:40:18] [Survivor] Julius: say 他走了
[16:40:53] [Survivor] Julius: say 我家猫蹲我暖气片上面
[16:40:59] [Survivor] Julius: choose_opendoor 
[16:40:59] [Survivor] Julius: choose_opendoor 
[16:40:59] [Survivor] Julius: choose_opendoor 
[16:40:59] [Survivor] Julius: choose_opendoor 
[16:40:59] [Survivor] Julius: choose_opendoor 
[16:40:59] [Survivor] Julius: choose_opendoor 
[16:40:59] [Survivor] Julius: choose_opendoor 
[16:41:01] [Survivor] Julius: say G
[16:41:03] [Infected] Paljuǒnnesul: say G
[16:41:38] [Survivor] Julius: vocalize smartlook auto
[16:42:04] [Infected] Paljuǒnnesul: say 我佛了
[16:42:10] [Survivor] Julius: vocalize smartlook auto
[16:42:39] [Infected] Paljuǒnnesul: say shen me √8 hunter
[16:42:55] [Survivor] Julius: vocalize smartlook auto
[16:43:01] [Survivor] Julius: vocalize smartlook auto
--=================================================================--
[20/01/2023 16:44:20] --- 回合结束: c2m5_concert ---
--=================================================================--
--=================================================================--
[20/01/2023 16:44:35] --- 回合结束: c2m5_concert ---
--=================================================================--
--=================================================================--
[20/01/2023 16:44:36] --- 回合开始: c2m5_concert ---
--=================================================================--
[16:44:39] [Infected] Julius: sm_tank 
[16:44:39] [Infected] Julius: sm_current 
[16:44:39] [Infected] Julius: sm_health 
[16:44:39] [Infected] Julius: sm_ready 
[16:44:39] [Infected] Julius: say /current
[16:44:39] [Infected] Julius: sm_current 
[16:44:42] [Infected] Julius: vote Yes
[16:44:43] [Survivor] Paljuǒnnesul: choose_opendoor 
[16:44:43] [Survivor] Paljuǒnnesul: choose_opendoor 
[16:44:43] [Survivor] Paljuǒnnesul: choose_opendoor 
[16:44:43] [Survivor] Paljuǒnnesul: choose_opendoor 
[16:44:43] [Survivor] Paljuǒnnesul: choose_opendoor 
[16:44:43] [Survivor] Paljuǒnnesul: choose_opendoor 
[16:44:43] [Survivor] Paljuǒnnesul: choose_opendoor 
[16:44:43] [Survivor] Paljuǒnnesul: choose_opendoor 
[16:44:43] [Survivor] Paljuǒnnesul: choose_opendoor 
[16:45:16] [Infected] Julius: sm_tank 
[16:45:16] [Infected] Julius: sm_current 
[16:45:16] [Infected] Julius: sm_health 
[16:45:16] [Infected] Julius: sm_ready 
[16:45:16] [Infected] Julius: say /current
[16:45:16] [Infected] Julius: sm_current 
[16:45:26] [Infected] Julius: sm_tank 
[16:45:26] [Infected] Julius: sm_current 
[16:45:26] [Infected] Julius: sm_health 
[16:45:26] [Infected] Julius: sm_ready 
[16:45:26] [Infected] Julius: say /current
[16:45:26] [Infected] Julius: sm_current 
[16:45:57] [Infected] Julius: sm_tank 
[16:45:57] [Infected] Julius: sm_current 
[16:45:57] [Infected] Julius: sm_health 
[16:45:57] [Infected] Julius: sm_ready 
[16:45:57] [Infected] Julius: say /current
[16:45:57] [Infected] Julius: sm_current 
[16:45:58] [Survivor] Paljuǒnnesul: vocalize smartlook auto
[16:46:46] [Infected] Julius: sm_tank 
[16:46:46] [Infected] Julius: sm_current 
[16:46:46] [Infected] Julius: sm_health 
[16:46:46] [Infected] Julius: sm_ready 
[16:46:46] [Infected] Julius: say /current
[16:46:46] [Infected] Julius: sm_current 
[16:47:07] [Infected] Julius: sm_tank 
[16:47:07] [Infected] Julius: sm_current 
[16:47:07] [Infected] Julius: sm_health 
[16:47:07] [Infected] Julius: sm_ready 
[16:47:07] [Infected] Julius: say /current
[16:47:07] [Infected] Julius: sm_current 
--=================================================================--
[20/01/2023 16:47:42] --- 回合结束: c2m5_concert ---
--=================================================================--
[16:47:45] [Survivor] Paljuǒnnesul: setpause 
[16:47:45] [Survivor] Paljuǒnnesul: unpause 
[16:47:48] [Infected] Julius: say 吃东西了
[16:47:49] [Survivor] Paljuǒnnesul: setpause 
[16:47:50] [Survivor] Paljuǒnnesul: unpause 
[16:47:51] [Survivor] Paljuǒnnesul: say gg
[16:47:51] [Survivor] Paljuǒnnesul: setpause 
[16:47:52] [Infected] Julius: say 拜
--=================================================================--
[20/01/2023 16:47:52] --- 回合结束: c2m5_concert ---
--=================================================================--
[16:47:52] Paljuǒnnesul<2><STEAM_1:1:194945941><> 离开游戏 (reason: Disconnect by user.)
[16:47:53] [Infected] Julius: setpause 
[16:47:54] Julius<3><STEAM_1:1:576281835><> 离开游戏 (reason: Disconnect by user.)
--=================================================================--
[20/01/2023 16:48:30] --- 回合开始: c2m1_highway ---
--=================================================================--
--=================================================================--
[20/01/2023 16:48:30] --- 地图开始: c2m1_highway ---
--=================================================================--
[19:49:17] [CN] 1+Ⅱ=⑨<2><STEAM_1:1:628381167><> 加入游戏 (116.179.6.25)
[19:49:17] [Unassigned] 1+Ⅱ=⑨: vmodenable 1
[19:49:21] [Infected] 1+Ⅱ=⑨: unpause 
[19:49:23] [Infected] 1+Ⅱ=⑨: say /vote
[19:49:23] [Infected] 1+Ⅱ=⑨: sm_vote 
[19:49:24] [Infected] 1+Ⅱ=⑨: menuselect 3
[19:49:27] [Infected] 1+Ⅱ=⑨: vote Yes
[19:49:27] [Infected] 1+Ⅱ=⑨: menuselect 2
--=================================================================--
[20/01/2023 19:49:28] --- 地图开始: c2m1_highway ---
--=================================================================--
--=================================================================--
[20/01/2023 19:49:31] --- 地图结束: c2m1_highway ---
--=================================================================--
--=================================================================--
[20/01/2023 19:49:33] --- 回合开始: c2m1_highway ---
--=================================================================--
--=================================================================--
[20/01/2023 19:49:33] --- 地图开始: c2m1_highway ---
--=================================================================--
[19:49:46] [CN] 1+Ⅱ=⑨<2><STEAM_1:1:628381167><> 加入游戏 (116.179.6.25)
[19:49:46] [Unassigned] 1+Ⅱ=⑨: vmodenable 1
[19:49:46] [Unassigned] 1+Ⅱ=⑨: vban 0
[19:49:46] [Unassigned] 1+Ⅱ=⑨: unpause 
[19:49:51] [Survivor] 1+Ⅱ=⑨: vocalize smartlook auto
[19:49:51] [Survivor] 1+Ⅱ=⑨: say /vote
[19:49:51] [Survivor] 1+Ⅱ=⑨: sm_vote 
[19:49:52] [Survivor] 1+Ⅱ=⑨: menuselect 3
[19:49:52] [Survivor] 1+Ⅱ=⑨: vote Yes
[19:49:52] [Survivor] 1+Ⅱ=⑨: menuselect 1
[19:49:54] [Survivor] 1+Ⅱ=⑨: say /vote
[19:49:54] [Survivor] 1+Ⅱ=⑨: sm_vote 
[19:49:55] [Survivor] 1+Ⅱ=⑨: menuselect 2
[19:49:55] [Survivor] 1+Ⅱ=⑨: vote Yes
[19:49:55] [Survivor] 1+Ⅱ=⑨: menuselect 1
[19:50:02] [Survivor] 1+Ⅱ=⑨: give pain_pills
[19:50:02] [Survivor] 1+Ⅱ=⑨: give health
[19:50:02] [Survivor] 1+Ⅱ=⑨: give knife
[19:50:02] [Survivor] 1+Ⅱ=⑨: nb_assault 
[19:50:06] [Survivor] 1+Ⅱ=⑨: nb_assault 
[19:50:11] [Survivor] 1+Ⅱ=⑨: nb_assault 
[19:50:19] [Survivor] 1+Ⅱ=⑨: nb_assault 
[19:50:26] [Survivor] 1+Ⅱ=⑨: nb_assault 
[19:50:30] [Survivor] 1+Ⅱ=⑨: nb_assault 
[19:50:36] [Survivor] 1+Ⅱ=⑨: nb_assault 
[19:50:42] [Survivor] 1+Ⅱ=⑨: nb_assault 
[19:50:52] [Survivor] 1+Ⅱ=⑨: nb_assault 
[19:50:59] [Survivor] 1+Ⅱ=⑨: nb_assault 
[19:51:03] [Survivor] 1+Ⅱ=⑨: nb_assault 
[19:51:07] [Survivor] 1+Ⅱ=⑨: nb_assault 
[19:51:11] [Survivor] 1+Ⅱ=⑨: nb_assault 
[19:51:22] [Survivor] 1+Ⅱ=⑨: nb_assault 
[19:51:28] [Survivor] 1+Ⅱ=⑨: nb_assault 
[19:51:32] [Survivor] 1+Ⅱ=⑨: nb_assault 
[19:51:33] [Survivor] 1+Ⅱ=⑨: vocalize smartlook auto
[19:51:38] [Survivor] 1+Ⅱ=⑨: nb_assault 
[19:51:42] [Survivor] 1+Ⅱ=⑨: nb_assault 
[19:51:46] [Survivor] 1+Ⅱ=⑨: nb_assault 
[19:51:51] [Survivor] 1+Ⅱ=⑨: say !zs
[19:51:51] [Survivor] 1+Ⅱ=⑨: sm_zs 
--=================================================================--
[20/01/2023 19:51:51] --- 回合结束: c2m1_highway ---
--=================================================================--
--=================================================================--
[20/01/2023 19:51:53] --- 回合结束: c2m1_highway ---
--=================================================================--
--=================================================================--
[20/01/2023 19:51:54] --- 回合开始: c2m1_highway ---
--=================================================================--
[19:52:02] [Survivor] 1+Ⅱ=⑨: give pain_pills
[19:52:02] [Survivor] 1+Ⅱ=⑨: give health
[19:52:02] [Survivor] 1+Ⅱ=⑨: give knife
[19:52:02] [Survivor] 1+Ⅱ=⑨: nb_assault 
[19:52:08] [Survivor] 1+Ⅱ=⑨: nb_assault 
[19:52:23] [Survivor] 1+Ⅱ=⑨: nb_assault 
[19:52:31] [Survivor] 1+Ⅱ=⑨: nb_assault 
[19:52:46] [Survivor] 1+Ⅱ=⑨: nb_assault 
[19:52:53] [Survivor] 1+Ⅱ=⑨: nb_assault 
[19:53:15] [Survivor] 1+Ⅱ=⑨: nb_assault 
[19:53:25] [Survivor] 1+Ⅱ=⑨: nb_assault 
[19:53:33] [Survivor] 1+Ⅱ=⑨: nb_assault 
[19:53:37] [Survivor] 1+Ⅱ=⑨: nb_assault 
[19:53:39] [Survivor] 1+Ⅱ=⑨: vocalize smartlook auto
[19:53:47] [Survivor] 1+Ⅱ=⑨: say !zs
[19:53:47] [Survivor] 1+Ⅱ=⑨: sm_zs 
--=================================================================--
[20/01/2023 19:53:47] --- 回合结束: c2m1_highway ---
--=================================================================--
--=================================================================--
[20/01/2023 19:53:49] --- 回合结束: c2m1_highway ---
--=================================================================--
--=================================================================--
[20/01/2023 19:53:50] --- 回合开始: c2m1_highway ---
--=================================================================--
[19:53:59] [Survivor] 1+Ⅱ=⑨: give pain_pills
[19:53:59] [Survivor] 1+Ⅱ=⑨: give health
[19:53:59] [Survivor] 1+Ⅱ=⑨: give knife
[19:53:59] [Survivor] 1+Ⅱ=⑨: nb_assault 
[19:54:10] [Survivor] 1+Ⅱ=⑨: nb_assault 
[19:54:18] [Survivor] 1+Ⅱ=⑨: nb_assault 
[19:54:31] [Survivor] 1+Ⅱ=⑨: nb_assault 
[19:54:41] [Survivor] 1+Ⅱ=⑨: say !zs
[19:54:41] [Survivor] 1+Ⅱ=⑨: sm_zs 
--=================================================================--
[20/01/2023 19:54:41] --- 回合结束: c2m1_highway ---
--=================================================================--
[19:54:42] [Survivor] 1+Ⅱ=⑨: say /vote
[19:54:42] [Survivor] 1+Ⅱ=⑨: sm_vote 
--=================================================================--
[20/01/2023 19:54:43] --- 回合结束: c2m1_highway ---
--=================================================================--
--=================================================================--
[20/01/2023 19:54:45] --- 回合开始: c2m1_highway ---
--=================================================================--
[19:54:48] [Survivor] 1+Ⅱ=⑨: menuselect 1
[19:54:51] [Survivor] 1+Ⅱ=⑨: vote Yes
[19:54:51] [Survivor] 1+Ⅱ=⑨: menuselect 1
--=================================================================--
[20/01/2023 19:54:51] --- 地图结束: c2m1_highway ---
--=================================================================--
--=================================================================--
[20/01/2023 19:54:53] --- 回合开始: c2m1_highway ---
--=================================================================--
--=================================================================--
[20/01/2023 19:54:53] --- 地图开始: c2m1_highway ---
--=================================================================--
[19:55:06] [CN] 1+Ⅱ=⑨<2><STEAM_1:1:628381167><> 加入游戏 (116.179.6.25)
[19:55:07] [Unassigned] 1+Ⅱ=⑨: unpause 
[19:55:07] [Unassigned] 1+Ⅱ=⑨: vmodenable 1
[19:55:07] [Unassigned] 1+Ⅱ=⑨: vban 0
[19:55:10] [Spectator] 1+Ⅱ=⑨: say /join
[19:55:10] [Spectator] 1+Ⅱ=⑨: sm_join 
[19:55:10] [Spectator] 1+Ⅱ=⑨: jointeam survivor
[19:55:16] [Survivor] 1+Ⅱ=⑨: give pain_pills
[19:55:16] [Survivor] 1+Ⅱ=⑨: give health
[19:55:16] [Survivor] 1+Ⅱ=⑨: give knife
[19:55:16] [Survivor] 1+Ⅱ=⑨: nb_assault 
[19:55:25] [Survivor] 1+Ⅱ=⑨: nb_assault 
[19:55:33] [Survivor] 1+Ⅱ=⑨: nb_assault 
[19:55:40] [Survivor] 1+Ⅱ=⑨: nb_assault 
[19:55:46] [Survivor] 1+Ⅱ=⑨: nb_assault 
[19:55:52] [Survivor] 1+Ⅱ=⑨: nb_assault 
[19:56:00] [Survivor] 1+Ⅱ=⑨: nb_assault 
[19:56:01] [Survivor] 1+Ⅱ=⑨: say !zs
[19:56:01] [Survivor] 1+Ⅱ=⑨: sm_zs 
--=================================================================--
[20/01/2023 19:56:02] --- 回合结束: c2m1_highway ---
--=================================================================--
[19:56:02] [Survivor] 1+Ⅱ=⑨: setpause 
--=================================================================--
[20/01/2023 19:56:04] --- 回合结束: c2m1_highway ---
--=================================================================--
[19:56:04] 1+Ⅱ=⑨<2><STEAM_1:1:628381167><> 离开游戏 (reason: Disconnect by user.)
--=================================================================--
[20/01/2023 19:56:05] --- 回合开始: c2m1_highway ---
--=================================================================--
--=================================================================--
[20/01/2023 19:56:39] --- 回合开始: c2m1_highway ---
--=================================================================--
--=================================================================--
[20/01/2023 19:56:40] --- 地图开始: c2m1_highway ---
--=================================================================--
[20:08:17] [CN] 予感<2><STEAM_1:0:246466989><> 加入游戏 (223.149.53.163)
[20:08:19] [Unassigned] 予感: vmodenable 1
[20:08:19] [Unassigned] 予感: vban 0
[20:08:22] [Infected] 予感: setpause 
[20:08:32] [Infected] 予感: unpause 
[20:08:36] [Infected] 予感: say /match
[20:08:36] [Infected] 予感: sm_match 
[20:08:37] [Infected] 予感: menuselect 1
[20:08:39] [Infected] 予感: vote Yes
[20:08:39] [Infected] 予感: menuselect 2
--=================================================================--
[20/01/2023 20:08:41] --- 地图开始: c2m1_highway ---
--=================================================================--
--=================================================================--
[20/01/2023 20:08:44] --- 地图结束: c2m1_highway ---
--=================================================================--
--=================================================================--
[20/01/2023 20:08:46] --- 回合开始: c2m1_highway ---
--=================================================================--
--=================================================================--
[20/01/2023 20:08:46] --- 地图开始: c2m1_highway ---
--=================================================================--
[20:08:59] [CN] 予感<2><STEAM_1:0:246466989><> 加入游戏 (223.149.53.163)
[20:08:59] [Unassigned] 予感: vmodenable 1
[20:08:59] [Unassigned] 予感: vban 0
[20:09:00] [Unassigned] 予感: unpause 
[20:09:06] [Spectator] 予感: say /jg
[20:09:06] [Spectator] 予感: sm_jg 
[20:09:06] [Spectator] 予感: jointeam survivor
[20:09:10] [Survivor] 予感: vocalize smartlook auto
[20:09:12] [Survivor] 予感: say /vote
[20:09:12] [Survivor] 予感: sm_vote 
[20:09:16] [Survivor] 予感: vocalize smartlook auto
[20:09:16] [Survivor] 予感: menuselect 3
[20:09:17] [Survivor] 予感: vote Yes
[20:09:17] [Survivor] 予感: menuselect 1
[20:09:19] [Survivor] 予感: say /vote
[20:09:19] [Survivor] 予感: sm_vote 
[20:09:22] [Survivor] 予感: vocalize smartlook auto
[20:09:25] [Survivor] 予感: menuselect 2
[20:09:25] [Survivor] 予感: vote Yes
[20:09:25] [Survivor] 予感: menuselect 1
[20:09:28] [Survivor] 予感: say /vote
[20:09:28] [Survivor] 予感: sm_vote 
[20:09:29] [Survivor] 予感: vocalize smartlook auto
[20:09:30] [Survivor] 予感: menuselect 9
[20:09:31] [Survivor] 予感: menuselect 9
[20:09:33] [Survivor] 予感: menuselect 8
[20:09:42] [Survivor] 予感: lerp Change Settings
[20:09:42] [Survivor] 予感: sourcemod binds
[20:09:42] [Survivor] 予感: alt press left alt
[20:09:42] [Survivor] 予感: * press *
[20:09:42] [Survivor] 予感: / press keypad /
[20:09:42] [Survivor] 予感: . press keypad .
[20:09:42] [Survivor] 予感: quick browse
[20:09:42] [Survivor] 予感: f6 
[20:09:42] [Survivor] 予感: lerp 
[20:09:42] [Survivor] 予感: 5 
[20:09:42] [Survivor] 予感: f7 
[20:09:42] [Survivor] 予感: lerp 
[20:09:42] [Survivor] 予感: 0 
[20:09:42] [Survivor] 予感: k 
[20:09:42] [Survivor] 予感: f5 
[20:09:42] [Survivor] 予感: f10 
[20:09:42] [Survivor] 予感: alt 
[20:09:42] [Survivor] 予感: !admin 
[20:09:42] [Survivor] 予感: p 
[20:09:42] [Survivor] 予感: !s 
[20:09:42] [Survivor] 予感: * 
[20:09:42] [Survivor] 予感: !fs 
[20:09:42] [Survivor] 予感: l 
[20:09:42] [Survivor] 予感: !vote 
[20:09:42] [Survivor] 予感: / 
[20:09:42] [Survivor] 予感: !pause 
[20:09:42] [Survivor] 予感: . 
[20:09:42] [Survivor] 予感: !forceunpause 
[20:09:42] [Survivor] 予感: f12 
[20:09:42] [Survivor] 予感: common_set v2.1
[20:09:42] [Survivor] 予感: vocalize smartlook auto
[20:09:53] [Survivor] 予感: say /vote
[20:09:53] [Survivor] 予感: sm_vote 
[20:09:55] [Survivor] 予感: menuselect 9
[20:09:58] [Survivor] 予感: menuselect 9
[20:09:59] [Survivor] 予感: menuselect 1
[20:10:01] [Survivor] 予感: menuselect 8
[20:10:10] [Survivor] 予感: give pain_pills
[20:10:10] [Survivor] 予感: give health
[20:10:10] [Survivor] 予感: nb_assault 
[20:10:18] [Survivor] 予感: nb_assault 
[20:10:24] [Survivor] 予感: nb_assault 
[20:10:30] [Survivor] 予感: nb_assault 
[20:10:37] [Survivor] 予感: nb_assault 
[20:10:56] [Survivor] 予感: nb_assault 
[20:11:05] [Survivor] 予感: nb_assault 
[20:11:12] [Survivor] 予感: nb_assault 
[20:11:19] [Survivor] 予感: nb_assault 
[20:11:27] [Survivor] 予感: nb_assault 
[20:11:33] [Survivor] 予感: nb_assault 
[20:11:36] [Survivor] 予感: nb_assault 
[20:11:42] [Survivor] 予感: nb_assault 
[20:11:51] [Survivor] 予感: nb_assault 
[20:12:06] [Survivor] 予感: nb_assault 
[20:12:08] [Survivor] 予感: nb_assault 
[20:12:41] [Survivor] 予感: nb_assault 
[20:12:46] [Survivor] 予感: nb_assault 
[20:12:54] [Survivor] 予感: nb_assault 
[20:13:10] [Survivor] 予感: choose_closedoor 
[20:13:10] [Survivor] 予感: choose_closedoor 
--=================================================================--
[20/01/2023 20:13:11] --- 回合结束: c2m1_highway ---
--=================================================================--
[20:13:11] [Survivor] 予感: give health
[20:13:11] [Survivor] 予感: give pistol
--=================================================================--
[20/01/2023 20:13:13] --- 回合结束: c2m1_highway ---
--=================================================================--
--=================================================================--
[20/01/2023 20:13:17] --- 地图结束: c2m1_highway ---
--=================================================================--
--=================================================================--
[20/01/2023 20:13:20] --- 回合开始: c2m2_fairgrounds ---
--=================================================================--
--=================================================================--
[20/01/2023 20:13:20] --- 地图开始: c2m2_fairgrounds ---
--=================================================================--
[20:13:32] [CN] 予感<2><STEAM_1:0:246466989><> 加入游戏 (223.149.53.163)
[20:13:33] [Unassigned] 予感: vmodenable 1
[20:13:33] [Unassigned] 予感: vban 0
[20:13:33] [Unassigned] 予感: unpause 
[20:13:34] [Survivor] 予感: vocalize smartlook auto
[20:13:39] [Survivor] 予感: choose_opendoor 
[20:13:39] [Survivor] 予感: choose_opendoor 
[20:13:39] [Survivor] 予感: choose_opendoor 
[20:13:40] [Survivor] 予感: choose_opendoor 
[20:13:40] [Survivor] 予感: choose_opendoor 
[20:13:51] [Survivor] 予感: vocalize smartlook auto
[20:13:51] [Survivor] 予感: say !xx
[20:13:51] [Survivor] 予感: sm_xx 
[20:14:04] [Survivor] 予感: vocalize smartlook auto
[20:14:07] [Survivor] 予感: vocalize smartlook auto
[20:14:23] [Survivor] 予感: nb_assault 
[20:14:23] [Survivor] 予感: give pain_pills
[20:14:23] [Survivor] 予感: give health
[20:14:26] [Survivor] 予感: nb_assault 
[20:14:30] [Survivor] 予感: nb_assault 
[20:14:39] [Survivor] 予感: nb_assault 
[20:14:46] [Survivor] 予感: nb_assault 
[20:14:52] [Survivor] 予感: vocalize smartlook auto
[20:15:08] [Survivor] 予感: nb_assault 
[20:15:20] [Survivor] 予感: nb_assault 
[20:15:41] [Survivor] 予感: nb_assault 
[20:15:47] [Survivor] 予感: nb_assault 
[20:15:53] [Survivor] 予感: nb_assault 
[20:16:00] [Survivor] 予感: nb_assault 
[20:16:05] [Survivor] 予感: nb_assault 
[20:16:10] [Survivor] 予感: nb_assault 
[20:16:27] [Survivor] 予感: nb_assault 
[20:16:44] [Survivor] 予感: nb_assault 
[20:16:51] [Survivor] 予感: nb_assault 
[20:16:59] [Survivor] 予感: nb_assault 
[20:17:04] [Survivor] 予感: nb_assault 
[20:17:11] [Survivor] 予感: nb_assault 
[20:17:21] [Survivor] 予感: nb_assault 
[20:17:38] [Survivor] 予感: nb_assault 
[20:17:43] [Survivor] 予感: nb_assault 
[20:17:52] [Survivor] 予感: nb_assault 
[20:18:06] [Survivor] 予感: nb_assault 
[20:18:15] [Survivor] 予感: nb_assault 
[20:18:23] [Survivor] 予感: nb_assault 
[20:18:34] [Survivor] 予感: vocalize smartlook auto
[20:18:35] [Survivor] 予感: choose_closedoor 
[20:18:35] [Survivor] 予感: choose_closedoor 
[20:18:36] [Survivor] 予感: nb_assault 
--=================================================================--
[20/01/2023 20:18:36] --- 回合结束: c2m2_fairgrounds ---
--=================================================================--
[20:18:36] [Survivor] 予感: give health
[20:18:36] [Survivor] 予感: give pistol
--=================================================================--
[20/01/2023 20:18:38] --- 回合结束: c2m2_fairgrounds ---
--=================================================================--
--=================================================================--
[20/01/2023 20:18:42] --- 地图结束: c2m2_fairgrounds ---
--=================================================================--
--=================================================================--
[20/01/2023 20:18:44] --- 回合开始: c2m3_coaster ---
--=================================================================--
--=================================================================--
[20/01/2023 20:18:44] --- 地图开始: c2m3_coaster ---
--=================================================================--
--=================================================================--
[20/01/2023 20:19:21] --- 回合开始: c2m1_highway ---
--=================================================================--
--=================================================================--
[20/01/2023 20:19:21] --- 地图开始: c2m1_highway ---
--=================================================================--
[22:12:45] 我还没有改名字<2><STEAM_1:0:625834323><> 离开游戏 (reason: Disconnect by user.)
--=================================================================--
[20/01/2023 22:13:20] --- 回合开始: c2m1_highway ---
--=================================================================--
--=================================================================--
[20/01/2023 22:13:20] --- 地图开始: c2m1_highway ---
--=================================================================--
[22:15:50] [CN] 我还没有改名字<2><STEAM_1:0:625834323><> 加入游戏 (120.239.34.139)
[22:15:50] [Unassigned] 我还没有改名字: vmodenable 1
[22:15:54] [Survivor] 我还没有改名字: unpause 
[22:16:00] [Survivor] 我还没有改名字: say_team /vote
[22:16:00] [Survivor] 我还没有改名字: sm_vote 
[22:16:02] [Survivor] 我还没有改名字: menuselect 3
[22:16:02] [Survivor] 我还没有改名字: vote Yes
[22:16:02] [Survivor] 我还没有改名字: menuselect 2
--=================================================================--
[20/01/2023 22:16:03] --- 地图开始: c2m1_highway ---
--=================================================================--
--=================================================================--
[20/01/2023 22:16:07] --- 地图结束: c2m1_highway ---
--=================================================================--
--=================================================================--
[20/01/2023 22:16:09] --- 回合开始: c2m1_highway ---
--=================================================================--
--=================================================================--
[20/01/2023 22:16:09] --- 地图开始: c2m1_highway ---
--=================================================================--
--=================================================================--
[20/01/2023 22:17:55] --- 回合开始: c2m1_highway ---
--=================================================================--
--=================================================================--
[20/01/2023 22:17:55] --- 地图开始: c2m1_highway ---
--=================================================================--
[22:28:29] [CN] 我还没有改名字<2><STEAM_1:0:625834323><> 加入游戏 (120.239.34.139)
[22:28:29] [Unassigned] 我还没有改名字: vmodenable 1
[22:28:35] [Survivor] 我还没有改名字: unpause 
[22:28:44] [Survivor] 我还没有改名字: say_team !vote
[22:28:44] [Survivor] 我还没有改名字: sm_vote 
[22:28:45] [Survivor] 我还没有改名字: menuselect 3
[22:28:45] [Survivor] 我还没有改名字: vote Yes
[22:28:45] [Survivor] 我还没有改名字: menuselect 2
--=================================================================--
[20/01/2023 22:28:47] --- 地图开始: c2m1_highway ---
--=================================================================--
--=================================================================--
[20/01/2023 22:28:50] --- 地图结束: c2m1_highway ---
--=================================================================--
--=================================================================--
[20/01/2023 22:28:52] --- 回合开始: c2m1_highway ---
--=================================================================--
--=================================================================--
[20/01/2023 22:28:52] --- 地图开始: c2m1_highway ---
--=================================================================--
--=================================================================--
[20/01/2023 22:30:38] --- 回合开始: c2m1_highway ---
--=================================================================--
--=================================================================--
[20/01/2023 22:30:38] --- 地图开始: c2m1_highway ---
--=================================================================--
[22:31:08] [CN] 我还没有改名字<2><STEAM_1:0:625834323><> 加入游戏 (120.239.34.139)
[22:31:09] [Unassigned] 我还没有改名字: vmodenable 1
[22:31:09] [Unassigned] 我还没有改名字: vban 0
[22:31:13] [Infected] 我还没有改名字: unpause 
[22:31:19] [Infected] 我还没有改名字: say /jg
[22:31:19] [Infected] 我还没有改名字: sm_jg 
[22:31:19] [Infected] 我还没有改名字: jointeam survivor
[22:31:22] [Survivor] 我还没有改名字: say_team !vote
[22:31:22] [Survivor] 我还没有改名字: sm_vote 
[22:31:23] [Survivor] 我还没有改名字: menuselect 3
[22:31:23] [Survivor] 我还没有改名字: vote Yes
[22:31:23] [Survivor] 我还没有改名字: menuselect 2
--=================================================================--
[20/01/2023 22:31:25] --- 地图开始: c2m1_highway ---
--=================================================================--
--=================================================================--
[20/01/2023 22:31:28] --- 地图结束: c2m1_highway ---
--=================================================================--
--=================================================================--
[20/01/2023 22:31:30] --- 回合开始: c2m1_highway ---
--=================================================================--
--=================================================================--
[20/01/2023 22:31:30] --- 地图开始: c2m1_highway ---
--=================================================================--
--=================================================================--
[20/01/2023 22:33:16] --- 回合开始: c2m1_highway ---
--=================================================================--
--=================================================================--
[20/01/2023 22:33:16] --- 地图开始: c2m1_highway ---
--=================================================================--
[22:34:15] [CN] 我还没有改名字<2><STEAM_1:0:625834323><> 加入游戏 (120.239.34.139)
[22:34:17] [Unassigned] 我还没有改名字: vmodenable 1
[22:34:17] [Unassigned] 我还没有改名字: vban 0
[22:34:20] [Infected] 我还没有改名字: unpause 
[22:34:24] [Infected] 我还没有改名字: say !vote
[22:34:24] [Infected] 我还没有改名字: sm_vote 
[22:34:25] [Infected] 我还没有改名字: menuselect 3
[22:34:26] [Infected] 我还没有改名字: vote Yes
[22:34:26] [Infected] 我还没有改名字: menuselect 2
--=================================================================--
[20/01/2023 22:34:27] --- 地图开始: c2m1_highway ---
--=================================================================--
--=================================================================--
[20/01/2023 22:34:30] --- 地图结束: c2m1_highway ---
--=================================================================--
--=================================================================--
[20/01/2023 22:34:32] --- 回合开始: c2m1_highway ---
--=================================================================--
--=================================================================--
[20/01/2023 22:34:32] --- 地图开始: c2m1_highway ---
--=================================================================--
[22:34:45] [CN] 我还没有改名字<2><STEAM_1:0:625834323><> 加入游戏 (120.239.34.139)
[22:34:45] [Unassigned] 我还没有改名字: vmodenable 1
[22:34:45] [Unassigned] 我还没有改名字: vban 0
[22:34:47] [Unassigned] 我还没有改名字: unpause 
[22:34:49] [Spectator] 我还没有改名字: say !jg
[22:34:49] [Spectator] 我还没有改名字: sm_jg 
[22:34:49] [Spectator] 我还没有改名字: jointeam survivor
[22:34:54] [Survivor] 我还没有改名字: setpause 
[22:34:54] [Survivor] 我还没有改名字: vocalize smartlook auto
[22:35:01] [Survivor] 我还没有改名字: unpause 
[22:35:01] [Survivor] 我还没有改名字: unpause 
[22:35:07] [Survivor] 我还没有改名字: nb_assault 
[22:35:07] [Survivor] 我还没有改名字: nb_assault 
[22:35:07] [Survivor] 我还没有改名字: give pain_pills
[22:35:07] [Survivor] 我还没有改名字: give health
[22:35:07] [Survivor] 我还没有改名字: give machete
[22:35:20] [Survivor] 我还没有改名字: say_team /vote
[22:35:20] [Survivor] 我还没有改名字: sm_vote 
[22:35:21] [Survivor] 我还没有改名字: menuselect 3
[22:35:21] [Survivor] 我还没有改名字: vote Yes
[22:35:21] [Survivor] 我还没有改名字: menuselect 1
[22:35:23] [Survivor] 我还没有改名字: say /vote
[22:35:23] [Survivor] 我还没有改名字: sm_vote 
[22:35:24] [Survivor] 我还没有改名字: menuselect 4
[22:35:24] [Survivor] 我还没有改名字: vote Yes
[22:35:24] [Survivor] 我还没有改名字: menuselect 2
[22:35:26] [Survivor] 我还没有改名字: say_team /vote
[22:35:26] [Survivor] 我还没有改名字: sm_vote 
[22:35:27] [Survivor] 我还没有改名字: nb_assault 
[22:35:27] [Survivor] 我还没有改名字: nb_assault 
[22:35:27] [Survivor] 我还没有改名字: menuselect 2
[22:35:27] [Survivor] 我还没有改名字: vote Yes
[22:35:27] [Survivor] 我还没有改名字: menuselect 2
[22:35:34] [Survivor] 我还没有改名字: nb_assault 
[22:35:35] [Survivor] 我还没有改名字: nb_assault 
[22:35:41] [Survivor] 我还没有改名字: nb_assault 
[22:35:44] [Survivor] 我还没有改名字: nb_assault 
[22:35:46] [Survivor] 我还没有改名字: nb_assault 
[22:35:51] [Survivor] 我还没有改名字: nb_assault 
[22:35:59] [Survivor] 我还没有改名字: nb_assault 
[22:36:04] [Survivor] 我还没有改名字: nb_assault 
[22:36:24] [Survivor] 我还没有改名字: nb_assault 
[22:36:29] [Survivor] 我还没有改名字: nb_assault 
[22:36:33] [Survivor] 我还没有改名字: nb_assault 
[22:36:41] [Survivor] 我还没有改名字: nb_assault 
[22:36:43] [Survivor] 我还没有改名字: nb_assault 
[22:36:51] [Survivor] 我还没有改名字: nb_assault 
[22:37:08] [Survivor] 我还没有改名字: nb_assault 
[22:37:13] [Survivor] 我还没有改名字: nb_assault 
[22:37:40] [Survivor] 我还没有改名字: nb_assault 
[22:37:45] [Survivor] 我还没有改名字: nb_assault 
[22:37:49] [Survivor] 我还没有改名字: nb_assault 
[22:38:02] [Survivor] 我还没有改名字: nb_assault 
[22:38:06] [Survivor] 我还没有改名字: nb_assault 
[22:38:13] [Survivor] 我还没有改名字: nb_assault 
[22:38:17] [Survivor] 我还没有改名字: nb_assault 
[22:38:27] [Survivor] 我还没有改名字: nb_assault 
--=================================================================--
[20/01/2023 22:38:33] --- 回合结束: c2m1_highway ---
--=================================================================--
--=================================================================--
[20/01/2023 22:38:35] --- 回合结束: c2m1_highway ---
--=================================================================--
--=================================================================--
[20/01/2023 22:38:36] --- 回合开始: c2m1_highway ---
--=================================================================--
[22:38:47] [Survivor] 我还没有改名字: vocalize smartlook auto
[22:39:03] [Survivor] 我还没有改名字: give pain_pills
[22:39:03] [Survivor] 我还没有改名字: give health
[22:39:03] [Survivor] 我还没有改名字: give machete
[22:39:03] [Survivor] 我还没有改名字: nb_assault 
[22:39:03] [Survivor] 我还没有改名字: nb_assault 
[22:39:19] [Survivor] 我还没有改名字: nb_assault 
[22:39:37] [Survivor] 我还没有改名字: nb_assault 
[22:39:40] [Survivor] 我还没有改名字: nb_assault 
[22:39:43] [Survivor] 我还没有改名字: nb_assault 
[22:39:47] [Survivor] 我还没有改名字: nb_assault 
[22:39:50] [Survivor] 我还没有改名字: nb_assault 
[22:39:52] [Survivor] 我还没有改名字: nb_assault 
[22:40:03] [Survivor] 我还没有改名字: nb_assault 
[22:40:06] [Survivor] 我还没有改名字: nb_assault 
[22:40:10] [Survivor] 我还没有改名字: nb_assault 
[22:40:18] [Survivor] 我还没有改名字: nb_assault 
[22:40:31] [Survivor] 我还没有改名字: nb_assault 
[22:40:38] [Survivor] 我还没有改名字: nb_assault 
[22:41:06] [Survivor] 我还没有改名字: nb_assault 
[22:41:08] [Survivor] 我还没有改名字: nb_assault 
[22:41:24] [Survivor] 我还没有改名字: nb_assault 
[22:41:30] [Survivor] 我还没有改名字: nb_assault 
[22:41:37] [Survivor] 我还没有改名字: nb_assault 
[22:42:09] [Survivor] 我还没有改名字: nb_assault 
[22:42:14] [Survivor] 我还没有改名字: nb_assault 
[22:42:19] [Survivor] 我还没有改名字: nb_assault 
[22:42:23] [Survivor] 我还没有改名字: choose_closedoor 
[22:42:23] [Survivor] 我还没有改名字: choose_closedoor 
--=================================================================--
[20/01/2023 22:42:24] --- 回合结束: c2m1_highway ---
--=================================================================--
[22:42:24] [Survivor] 我还没有改名字: give health
[22:42:24] [Survivor] 我还没有改名字: give pistol
[22:42:25] [Survivor] 我还没有改名字: vocalize smartlook auto
--=================================================================--
[20/01/2023 22:42:26] --- 回合结束: c2m1_highway ---
--=================================================================--
--=================================================================--
[20/01/2023 22:42:30] --- 地图结束: c2m1_highway ---
--=================================================================--
--=================================================================--
[20/01/2023 22:42:33] --- 回合开始: c2m2_fairgrounds ---
--=================================================================--
--=================================================================--
[20/01/2023 22:42:33] --- 地图开始: c2m2_fairgrounds ---
--=================================================================--
[22:42:46] [CN] 我还没有改名字<2><STEAM_1:0:625834323><> 加入游戏 (120.239.34.139)
[22:42:46] [Unassigned] 我还没有改名字: vmodenable 1
[22:42:46] [Unassigned] 我还没有改名字: vban 0
[22:42:47] [Unassigned] 我还没有改名字: unpause 
[22:42:49] [Survivor] 我还没有改名字: vocalize smartlook auto
[22:42:52] [Survivor] 我还没有改名字: choose_opendoor 
[22:42:54] [Survivor] 我还没有改名字: choose_opendoor 
[22:42:54] [Survivor] 我还没有改名字: choose_opendoor 
[22:42:56] [Survivor] 我还没有改名字: give pain_pills
[22:42:56] [Survivor] 我还没有改名字: give health
[22:42:56] [Survivor] 我还没有改名字: give machete
[22:42:56] [Survivor] 我还没有改名字: nb_assault 
[22:42:56] [Survivor] 我还没有改名字: nb_assault 
[22:42:59] [Survivor] 我还没有改名字: nb_assault 
[22:43:07] [Survivor] 我还没有改名字: nb_assault 
[22:43:10] [Survivor] 我还没有改名字: nb_assault 
[22:43:13] [Survivor] 我还没有改名字: nb_assault 
[22:43:15] [Survivor] 我还没有改名字: nb_assault 
[22:43:28] [Survivor] 我还没有改名字: nb_assault 
[22:43:50] [Survivor] 我还没有改名字: nb_assault 
[22:43:56] [Survivor] 我还没有改名字: nb_assault 
[22:43:58] [Survivor] 我还没有改名字: nb_assault 
[22:44:02] [Survivor] 我还没有改名字: nb_assault 
[22:44:06] [Survivor] 我还没有改名字: nb_assault 
[22:44:14] [Survivor] 我还没有改名字: nb_assault 
[22:44:18] [Survivor] 我还没有改名字: nb_assault 
[22:44:21] [Survivor] 我还没有改名字: nb_assault 
[22:44:32] [Survivor] 我还没有改名字: nb_assault 
[22:44:53] [Survivor] 我还没有改名字: nb_assault 
[22:45:17] [Survivor] 我还没有改名字: nb_assault 
[22:45:25] [Survivor] 我还没有改名字: nb_assault 
[22:45:30] [Survivor] 我还没有改名字: nb_assault 
[22:45:32] [Survivor] 我还没有改名字: nb_assault 
[22:45:34] [Survivor] 我还没有改名字: nb_assault 
[22:45:40] [Survivor] 我还没有改名字: nb_assault 
[22:45:42] [Survivor] 我还没有改名字: nb_assault 
[22:45:56] [Survivor] 我还没有改名字: nb_assault 
[22:46:04] [Survivor] 我还没有改名字: nb_assault 
[22:46:17] [Survivor] 我还没有改名字: nb_assault 
[22:46:19] [Survivor] 我还没有改名字: nb_assault 
--=================================================================--
[20/01/2023 22:46:23] --- 回合结束: c2m2_fairgrounds ---
--=================================================================--
--=================================================================--
[20/01/2023 22:46:25] --- 回合结束: c2m2_fairgrounds ---
--=================================================================--
--=================================================================--
[20/01/2023 22:46:26] --- 回合开始: c2m2_fairgrounds ---
--=================================================================--
[22:46:28] [Survivor] 我还没有改名字: vocalize smartlook auto
[22:46:29] [Survivor] 我还没有改名字: choose_opendoor 
[22:46:29] [Survivor] 我还没有改名字: choose_opendoor 
[22:46:29] [Survivor] 我还没有改名字: choose_opendoor 
[22:46:29] [Survivor] 我还没有改名字: choose_opendoor 
[22:46:30] [Survivor] 我还没有改名字: choose_opendoor 
[22:46:30] [Survivor] 我还没有改名字: choose_opendoor 
[22:46:30] [Survivor] 我还没有改名字: choose_opendoor 
[22:46:30] [Survivor] 我还没有改名字: choose_opendoor 
[22:46:30] [Survivor] 我还没有改名字: choose_opendoor 
[22:46:30] [Survivor] 我还没有改名字: choose_opendoor 
[22:46:31] [Survivor] 我还没有改名字: nb_assault 
[22:46:31] [Survivor] 我还没有改名字: give pain_pills
[22:46:31] [Survivor] 我还没有改名字: give health
[22:46:31] [Survivor] 我还没有改名字: give machete
[22:46:31] [Survivor] 我还没有改名字: nb_assault 
[22:46:35] [Survivor] 我还没有改名字: nb_assault 
[22:46:38] [Survivor] 我还没有改名字: nb_assault 
[22:46:39] [Survivor] 我还没有改名字: nb_assault 
[22:46:47] [Survivor] 我还没有改名字: nb_assault 
[22:46:50] [Survivor] 我还没有改名字: nb_assault 
[22:46:51] [Survivor] 我还没有改名字: nb_assault 
[22:46:59] [Survivor] 我还没有改名字: nb_assault 
[22:47:02] [Survivor] 我还没有改名字: nb_assault 
[22:47:05] [Survivor] 我还没有改名字: nb_assault 
[22:47:11] [Survivor] 我还没有改名字: nb_assault 
[22:47:25] [Survivor] 我还没有改名字: nb_assault 
[22:47:30] [Survivor] 我还没有改名字: nb_assault 
[22:47:35] [Survivor] 我还没有改名字: vocalize smartlook auto
[22:47:51] [Survivor] 我还没有改名字: nb_assault 
[22:47:59] [Survivor] 我还没有改名字: nb_assault 
[22:48:04] [Survivor] 我还没有改名字: nb_assault 
[22:48:06] [Survivor] 我还没有改名字: nb_assault 
[22:48:27] [Survivor] 我还没有改名字: nb_assault 
[22:48:34] [Survivor] 我还没有改名字: nb_assault 
[22:48:40] [Survivor] 我还没有改名字: nb_assault 
[22:49:14] [Survivor] 我还没有改名字: nb_assault 
[22:49:33] [Survivor] 我还没有改名字: nb_assault 
[22:49:39] [Survivor] 我还没有改名字: nb_assault 
[22:49:45] [Survivor] 我还没有改名字: nb_assault 
[22:49:47] [Survivor] 我还没有改名字: choose_closedoor 
[22:49:47] [Survivor] 我还没有改名字: choose_closedoor 
--=================================================================--
[20/01/2023 22:49:48] --- 回合结束: c2m2_fairgrounds ---
--=================================================================--
[22:49:48] [Survivor] 我还没有改名字: give health
[22:49:48] [Survivor] 我还没有改名字: give pistol
[22:49:48] [Survivor] 我还没有改名字: vocalize smartlook auto
--=================================================================--
[20/01/2023 22:49:50] --- 回合结束: c2m2_fairgrounds ---
--=================================================================--
--=================================================================--
[20/01/2023 22:49:54] --- 地图结束: c2m2_fairgrounds ---
--=================================================================--
--=================================================================--
[20/01/2023 22:49:56] --- 回合开始: c2m3_coaster ---
--=================================================================--
--=================================================================--
[20/01/2023 22:49:56] --- 地图开始: c2m3_coaster ---
--=================================================================--
[22:50:08] [CN] 我还没有改名字<2><STEAM_1:0:625834323><> 加入游戏 (120.239.34.139)
[22:50:09] [Unassigned] 我还没有改名字: unpause 
[22:50:09] [Unassigned] 我还没有改名字: vmodenable 1
[22:50:09] [Unassigned] 我还没有改名字: vban 0
[22:50:10] [Survivor] 我还没有改名字: vocalize smartlook auto
[22:50:17] [Survivor] 我还没有改名字: setpause 
[22:50:25] [Survivor] 我还没有改名字: unpause 
[22:50:25] [Survivor] 我还没有改名字: unpause 
[22:50:29] [Survivor] 我还没有改名字: vocalize smartlook auto
[22:50:34] [Survivor] 我还没有改名字: choose_opendoor 
[22:50:34] [Survivor] 我还没有改名字: choose_opendoor 
[22:50:35] [Survivor] 我还没有改名字: choose_opendoor 
[22:50:35] [Survivor] 我还没有改名字: choose_opendoor 
[22:50:35] [Survivor] 我还没有改名字: choose_opendoor 
[22:50:36] [Survivor] 我还没有改名字: nb_assault 
[22:50:36] [Survivor] 我还没有改名字: give pain_pills
[22:50:36] [Survivor] 我还没有改名字: give health
[22:50:36] [Survivor] 我还没有改名字: give machete
[22:50:36] [Survivor] 我还没有改名字: nb_assault 
[22:50:42] [Survivor] 我还没有改名字: nb_assault 
[22:50:45] [Survivor] 我还没有改名字: nb_assault 
[22:50:52] [Survivor] 我还没有改名字: nb_assault 
[22:50:57] [Survivor] 我还没有改名字: nb_assault 
[22:51:00] [Survivor] 我还没有改名字: nb_assault 
[22:51:06] [Survivor] 我还没有改名字: nb_assault 
[22:51:11] [Survivor] 我还没有改名字: nb_assault 
[22:51:15] [Survivor] 我还没有改名字: nb_assault 
[22:51:18] [Survivor] 我还没有改名字: nb_assault 
[22:51:24] [Survivor] 我还没有改名字: nb_assault 
[22:51:24] [Survivor] 我还没有改名字: say_team !zs
[22:51:24] [Survivor] 我还没有改名字: sm_zs 
--=================================================================--
[20/01/2023 22:51:25] --- 回合结束: c2m3_coaster ---
--=================================================================--
--=================================================================--
[20/01/2023 22:51:27] --- 回合结束: c2m3_coaster ---
--=================================================================--
--=================================================================--
[20/01/2023 22:51:28] --- 回合开始: c2m3_coaster ---
--=================================================================--
[22:51:32] [Survivor] 我还没有改名字: choose_opendoor 
[22:51:32] [Survivor] 我还没有改名字: choose_opendoor 
[22:51:32] [Survivor] 我还没有改名字: choose_opendoor 
[22:51:33] [Survivor] 我还没有改名字: choose_opendoor 
[22:51:33] [Survivor] 我还没有改名字: choose_opendoor 
[22:51:33] [Survivor] 我还没有改名字: choose_opendoor 
[22:51:33] [Survivor] 我还没有改名字: choose_opendoor 
[22:51:33] [Survivor] 我还没有改名字: choose_opendoor 
[22:51:34] [Survivor] 我还没有改名字: give pain_pills
[22:51:34] [Survivor] 我还没有改名字: give health
[22:51:34] [Survivor] 我还没有改名字: give machete
[22:51:34] [Survivor] 我还没有改名字: nb_assault 
[22:51:34] [Survivor] 我还没有改名字: nb_assault 
[22:51:37] [Survivor] 我还没有改名字: nb_assault 
[22:51:39] [Survivor] 我还没有改名字: nb_assault 
[22:51:43] [Survivor] 我还没有改名字: nb_assault 
[22:51:46] [Survivor] 我还没有改名字: nb_assault 
[22:51:50] [Survivor] 我还没有改名字: nb_assault 
[22:52:06] [Survivor] 我还没有改名字: nb_assault 
[22:52:12] [Survivor] 我还没有改名字: nb_assault 
[22:52:19] [Survivor] 我还没有改名字: nb_assault 
[22:52:25] [Survivor] 我还没有改名字: nb_assault 
[22:52:32] [Survivor] 我还没有改名字: nb_assault 
[22:52:36] [Survivor] 我还没有改名字: nb_assault 
[22:52:41] [Survivor] 我还没有改名字: nb_assault 
[22:52:47] [Survivor] 我还没有改名字: nb_assault 
[22:52:49] [Survivor] 我还没有改名字: nb_assault 
[22:52:52] [Survivor] 我还没有改名字: nb_assault 
[22:52:57] [Survivor] 我还没有改名字: nb_assault 
[22:53:04] [Survivor] 我还没有改名字: nb_assault 
[22:53:09] [Survivor] 我还没有改名字: nb_assault 
[22:53:16] [Survivor] 我还没有改名字: nb_assault 
[22:53:17] [Survivor] 我还没有改名字: nb_assault 
[22:53:21] [Survivor] 我还没有改名字: nb_assault 
[22:53:24] [Survivor] 我还没有改名字: setpause 
[22:53:24] [Survivor] 我还没有改名字: nb_assault 
[22:53:29] 我还没有改名字<2><STEAM_1:0:625834323><> 离开游戏 (reason: Disconnect by user.)
--=================================================================--
[20/01/2023 22:53:29] --- 回合结束: c2m3_coaster ---
--=================================================================--
--=================================================================--
[20/01/2023 22:53:31] --- 回合结束: c2m3_coaster ---
--=================================================================--
--=================================================================--
[20/01/2023 22:53:32] --- 回合开始: c2m3_coaster ---
--=================================================================--
--=================================================================--
[20/01/2023 22:54:04] --- 回合开始: c2m1_highway ---
--=================================================================--
--=================================================================--
[20/01/2023 22:54:04] --- 地图开始: c2m1_highway ---
--=================================================================--
[19:23:05] [CN] 我还没有改名字<2><STEAM_1:0:625834323><> 加入游戏 (120.239.34.139)
[19:23:06] [Unassigned] 我还没有改名字: vmodenable 1
[19:23:06] [Unassigned] 我还没有改名字: vban 0
[19:23:10] [Survivor] 我还没有改名字: unpause 
[19:23:16] [Survivor] 我还没有改名字: say_team /vote
[19:23:16] [Survivor] 我还没有改名字: sm_vote 
[19:23:17] [Survivor] 我还没有改名字: vocalize smartlook auto
[19:23:19] [Survivor] 我还没有改名字: menuselect 3
[19:23:19] [Survivor] 我还没有改名字: vote Yes
[19:23:19] [Survivor] 我还没有改名字: menuselect 2
