--=================================================================--
[21/02/2023 14:47:39] --- NEW MAP STARTED: c2m1_highway ---
--=================================================================--
--=================================================================--
[21/02/2023 14:59:27] --- NEW MAP STARTED: c2m1_highway ---
--=================================================================--
[14:59:40] [CN] 23℃                               has joined (STEAM_1:0:246466989 | 61.162.51.231)
[15:01:51] [CN] [Survivor   ] 23℃                               : /match
[15:02:56] [CN] [Survivor   ] 23℃                               : /servers
[15:03:20] [CN] [Survivor   ] 23℃                               : /match
[15:04:13] [CN] [Survivor   ] 23℃                               : /match
--=================================================================--
[21/02/2023 15:04:19] --- NEW MAP STARTED: c2m1_highway ---
--=================================================================--
--=================================================================--
[21/02/2023 15:04:24] --- NEW MAP STARTED: c2m1_highway ---
--=================================================================--
[15:04:35] [CN] 23℃                               has joined (STEAM_1:0:246466989 | 61.162.51.231)
[15:06:43] [CN] [Survivor   ] 23℃                               : /rmatch
--=================================================================--
[21/02/2023 15:06:45] --- NEW MAP STARTED: c2m1_highway ---
--=================================================================--
[15:07:03] [CN] [Survivor   ] 23℃                               : /match
--=================================================================--
[21/02/2023 15:07:10] --- NEW MAP STARTED: c2m1_highway ---
--=================================================================--
--=================================================================--
[21/02/2023 15:07:16] --- NEW MAP STARTED: c2m1_highway ---
--=================================================================--
[15:07:25] [CN] 23℃                               has joined (STEAM_1:0:246466989 | 61.162.51.231)
--=================================================================--
[21/02/2023 15:12:25] --- NEW MAP STARTED: c2m1_highway ---
--=================================================================--
--=================================================================--
[21/02/2023 20:07:27] --- NEW MAP STARTED: c2m1_highway ---
--=================================================================--
[20:07:41] [CN] 简单朴素的爱情               has joined (STEAM_1:1:756278299 | 117.162.113.75)
--=================================================================--
[21/02/2023 20:11:16] --- NEW MAP STARTED: c2m1_highway ---
--=================================================================--
