--=================================================================--
[13/01/2023 15:08:56] --- 回合开始: c2m1_highway ---
--=================================================================--
--=================================================================--
[13/01/2023 15:08:56] --- 地图开始: c2m1_highway ---
--=================================================================--
[15:09:52] [CN] 予感<2><STEAM_1:0:246466989><> 加入游戏 (223.149.48.110)
[15:09:52] [Unassigned] 予感: vmodenable 1
[15:10:01] [Infected] 予感: unpause 
[15:10:06] [Infected] 予感: say /jg
[15:10:06] [Infected] 予感: sm_jg 
[15:10:06] [Infected] 予感: jointeam survivor
[15:10:34] [Survivor] 予感: vocalize smartlook auto
[15:10:35] [Survivor] 予感: say /vote
[15:10:35] [Survivor] 予感: sm_vote 
[15:10:37] [Survivor] 予感: menuselect 3
[15:10:38] [Survivor] 予感: vote Yes
[15:10:38] [Survivor] 予感: menuselect 1
--=================================================================--
[13/01/2023 15:12:25] --- 地图开始: c2m1_highway ---
--=================================================================--
[15:12:29] [Survivor] 予感: say g
[15:12:42] [Survivor] 予感: menuselect 8
[15:12:43] [Survivor] 予感: sm_admin 
[15:12:50] [Survivor] 予感: menuselect 4
[15:12:52] [Survivor] 予感: vocalize smartlook auto
[15:12:56] [Survivor] 予感: setpause 
[15:12:57] [Survivor] 予感: unpause 
[15:12:57] [Survivor] 予感: unpause 
[15:12:58] [Survivor] 予感: lerp Change Settings
[15:12:58] [Survivor] 予感: sourcemod binds
[15:12:58] [Survivor] 予感: alt press left alt
[15:12:58] [Survivor] 予感: * press *
[15:12:58] [Survivor] 予感: / press keypad /
[15:12:58] [Survivor] 予感: . press keypad .
[15:12:58] [Survivor] 予感: quick browse
[15:12:58] [Survivor] 予感: f6 
[15:12:58] [Survivor] 予感: lerp 
[15:12:58] [Survivor] 予感: 5 
[15:12:58] [Survivor] 予感: f7 
[15:12:58] [Survivor] 予感: lerp 
[15:12:58] [Survivor] 予感: 0 
[15:12:58] [Survivor] 予感: k 
[15:12:58] [Survivor] 予感: f5 
[15:12:58] [Survivor] 予感: f10 
[15:12:58] [Survivor] 予感: alt 
[15:12:58] [Survivor] 予感: !admin 
[15:12:58] [Survivor] 予感: p 
[15:12:58] [Survivor] 予感: !s 
[15:12:58] [Survivor] 予感: * 
[15:12:58] [Survivor] 予感: !fs 
[15:12:58] [Survivor] 予感: l 
[15:12:58] [Survivor] 予感: !vote 
[15:12:58] [Survivor] 予感: / 
[15:12:58] [Survivor] 予感: !pause 
[15:12:58] [Survivor] 予感: . 
[15:12:58] [Survivor] 予感: !forceunpause 
[15:12:58] [Survivor] 予感: f12 
[15:12:58] [Survivor] 予感: common_set v2.1
[15:12:58] [Survivor] 予感: setpause 
[15:13:05] 予感<2><STEAM_1:0:246466989><> 离开游戏 (reason: Disconnect by user.)
--=================================================================--
[13/01/2023 15:13:40] --- 回合开始: c2m1_highway ---
--=================================================================--
--=================================================================--
[13/01/2023 15:13:40] --- 地图开始: c2m1_highway ---
--=================================================================--
[15:20:07] [CN] 予感<2><STEAM_1:0:246466989><> 加入游戏 (223.149.48.110)
[15:20:08] [Unassigned] 予感: vmodenable 1
[15:20:08] [Unassigned] 予感: vban 0
[15:20:11] [Infected] 予感: setpause 
[15:20:16] [Infected] 予感: unpause 
[15:20:19] [Infected] 予感: say /jg
[15:20:19] [Infected] 予感: sm_jg 
[15:20:19] [Infected] 予感: jointeam survivor
[15:20:34] [Survivor] 予感: say !map
[15:20:34] [Survivor] 予感: sm_map 
[15:20:36] [Survivor] 予感: menuselect 9
[15:20:37] [Survivor] 予感: menuselect 9
[15:20:37] [Survivor] 予感: menuselect 9
[15:20:37] [Survivor] 予感: menuselect 9
[15:20:37] [Survivor] 予感: menuselect 9
[15:20:37] [Survivor] 予感: menuselect 9
[15:20:38] [Survivor] 予感: menuselect 9
[15:20:38] [Survivor] 予感: menuselect 9
[15:20:38] [Survivor] 予感: menuselect 9
[15:20:39] [Survivor] 予感: menuselect 9
[15:20:39] [Survivor] 予感: menuselect 9
[15:20:40] [Survivor] 予感: menuselect 9
[15:20:41] [Survivor] 予感: menuselect 9
[15:20:41] [Survivor] 予感: menuselect 9
[15:20:42] [Survivor] 予感: menuselect 9
[15:20:43] [Survivor] 予感: menuselect 9
[15:20:43] [Survivor] 予感: menuselect 9
[15:20:44] [Survivor] 予感: menuselect 9
[15:20:44] [Survivor] 予感: menuselect 9
[15:20:45] [Survivor] 予感: menuselect 9
[15:20:45] [Survivor] 予感: menuselect 9
[15:20:46] [Survivor] 予感: menuselect 9
[15:20:46] [Survivor] 予感: menuselect 9
[15:20:47] [Survivor] 予感: menuselect 9
[15:20:47] [Survivor] 予感: menuselect 9
[15:20:47] [Survivor] 予感: menuselect 9
[15:20:48] [Survivor] 予感: menuselect 9
[15:20:48] [Survivor] 予感: menuselect 9
[15:20:57] [Survivor] 予感: vocalize smartlook auto
[15:21:23] [Survivor] 予感: vocalize smartlook auto
[15:22:01] [Survivor] 予感: say /vote
[15:22:01] [Survivor] 予感: sm_vote 
[15:22:02] [Survivor] 予感: vocalize smartlook auto
[15:22:08] [Survivor] 予感: menuselect 4
[15:22:30] [Survivor] 予感: say /match
[15:22:30] [Survivor] 予感: sm_match 
[15:22:32] [Survivor] 予感: menuselect 2
[15:22:45] [Survivor] 予感: menuselect 8
[15:22:49] [Survivor] 予感: menuselect 1
[15:22:51] [Survivor] 予感: vote Yes
[15:22:51] [Survivor] 予感: menuselect 2
--=================================================================--
[13/01/2023 15:24:59] --- 回合开始: c2m1_highway ---
--=================================================================--
--=================================================================--
[13/01/2023 15:24:59] --- 地图开始: c2m1_highway ---
--=================================================================--
[17:31:31] [CN] 下北沢最強伝說と天才<2><STEAM_1:0:475104903><> 加入游戏 (180.137.218.190)
[17:31:31] [Unassigned] 下北沢最強伝說と天才: vmodenable 1
[17:31:35] [Survivor] 下北沢最強伝說と天才: unpause 
[17:31:48] [Survivor] 下北沢最強伝說と天才: vocalize smartlook auto
[17:31:49] [Survivor] 下北沢最強伝說と天才: setpause 
[17:32:06] [Survivor] 下北沢最強伝說と天才: unpause 
[17:32:18] [Survivor] 下北沢最強伝說と天才: setpause 
[17:32:19] 下北沢最強伝說と天才<2><STEAM_1:0:475104903><> 离开游戏 (reason: Disconnect by user.)
--=================================================================--
[13/01/2023 17:32:55] --- 回合开始: c2m1_highway ---
--=================================================================--
--=================================================================--
[13/01/2023 17:32:55] --- 地图开始: c2m1_highway ---
--=================================================================--
[20:21:36] [CN] 我是废物只会无脑冲<2><STEAM_1:1:709363018><> 加入游戏 (219.134.181.99)
[20:21:37] [Unassigned] 我是废物只会无脑冲: vmodenable 1
[20:21:37] [Unassigned] 我是废物只会无脑冲: vban 0
[20:21:41] [Survivor] 我是废物只会无脑冲: unpause 
[20:21:54] [Survivor] 我是废物只会无脑冲: say !match
[20:21:54] [Survivor] 我是废物只会无脑冲: sm_match 
[20:21:55] [Survivor] 我是废物只会无脑冲: menuselect 1
[20:21:56] [Survivor] 我是废物只会无脑冲: vote Yes
[20:21:56] [Survivor] 我是废物只会无脑冲: menuselect 2
--=================================================================--
[13/01/2023 20:27:07] --- 回合开始: c2m1_highway ---
--=================================================================--
--=================================================================--
[13/01/2023 20:27:07] --- 地图开始: c2m1_highway ---
--=================================================================--
[20:28:31] [CN] 予感<2><STEAM_1:0:246466989><> 加入游戏 (223.149.48.110)
[20:28:31] [Unassigned] 予感: vmodenable 1
[20:28:35] [Survivor] 予感: unpause 
[20:29:00] [Survivor] 予感: setpause 
[20:29:03] [Survivor] 予感: unpause 
[20:29:30] [Survivor] 予感: say !rcon sn_main_name #2 moyu server
[20:29:30] [Survivor] 予感: sm_rcon sn_main_name #2 moyu server
[20:29:32] [Survivor] 予感: setpause 
[20:29:33] [Survivor] 予感: vocalize smartlook auto
[20:29:51] [Survivor] 予感: unpause 
[20:29:55] [Survivor] 予感: say g
[20:30:08] [Survivor] 予感: setpause 
[20:30:28] [Survivor] 予感: sm_rcon sn_main_name #2 moyu server
[20:30:30] [Survivor] 予感: unpause 
[20:30:30] [Survivor] 予感: unpause 
[20:31:30] [Survivor] 予感: say /match
[20:31:30] [Survivor] 予感: sm_match 
[20:31:31] [Survivor] 予感: menuselect 1
[20:31:34] [Survivor] 予感: vote Yes
[20:31:34] [Survivor] 予感: menuselect 1
--=================================================================--
[13/01/2023 20:35:09] --- 地图开始: c2m1_highway ---
--=================================================================--
[20:35:10] [Infected] 予感: say /match
[20:35:10] [Infected] 予感: sm_match 
[20:35:12] [Infected] 予感: menuselect 1
[20:35:13] [Infected] 予感: vote Yes
[20:35:13] [Infected] 予感: menuselect 1
--=================================================================--
[13/01/2023 20:36:22] --- 地图开始: c2m1_highway ---
--=================================================================--
--=================================================================--
[13/01/2023 20:57:35] --- 回合开始: c2m1_highway ---
--=================================================================--
--=================================================================--
[13/01/2023 20:57:35] --- 地图开始: c2m1_highway ---
--=================================================================--
[20:58:23] [CN] 予感<2><STEAM_1:0:246466989><> 加入游戏 (223.149.48.110)
[20:58:23] [Unassigned] 予感: vmodenable 1
[20:58:27] [Infected] 予感: unpause 
[20:58:42] [Infected] 予感: say /jg
[20:58:42] [Infected] 予感: sm_jg 
[20:58:42] [Infected] 予感: jointeam survivor
[20:58:43] [Survivor] 予感: vocalize smartlook auto
[20:59:00] [Survivor] 予感: say g
[20:59:13] [Survivor] 予感: say /jg
[20:59:13] [Survivor] 予感: sm_jg 
[20:59:13] [Survivor] 予感: jointeam survivor
[20:59:15] [Survivor] 予感: say /inf
[20:59:15] [Survivor] 予感: sm_inf 
[20:59:16] [Survivor] 予感: jointeam infected
[20:59:22] [Survivor] 予感: say /inf
[20:59:22] [Survivor] 予感: sm_inf 
[20:59:22] [Survivor] 予感: jointeam infected
[20:59:25] [Survivor] 予感: say /infected
[20:59:25] [Survivor] 予感: sm_infected 
[20:59:25] [Survivor] 予感: jointeam infected
[20:59:29] [Survivor] 予感: say /vote
[20:59:29] [Survivor] 予感: sm_vote 
[20:59:32] [Survivor] 予感: menuselect 3
[20:59:33] [Survivor] 予感: vote Yes
[20:59:33] [Survivor] 予感: menuselect 1
--=================================================================--
[13/01/2023 21:03:21] --- 地图开始: c2m1_highway ---
--=================================================================--
[21:03:25] [Survivor] 予感: say /match
[21:03:25] [Survivor] 予感: sm_match 
[21:03:26] [Survivor] 予感: menuselect 2
[21:03:27] [Survivor] 予感: vote Yes
[21:03:27] [Survivor] 予感: menuselect 1
--=================================================================--
[13/01/2023 21:05:19] --- 回合开始: c2m1_highway ---
--=================================================================--
--=================================================================--
[13/01/2023 21:05:19] --- 地图开始: c2m1_highway ---
--=================================================================--
--=================================================================--
[13/01/2023 21:33:26] --- 回合开始: c2m1_highway ---
--=================================================================--
--=================================================================--
[13/01/2023 21:33:26] --- 地图开始: c2m1_highway ---
--=================================================================--
[21:34:00] [CN] 予感<2><STEAM_1:0:246466989><> 加入游戏 (223.149.48.110)
[21:34:00] [Unassigned] 予感: vmodenable 1
[21:34:05] [Infected] 予感: unpause 
[21:34:10] [Infected] 予感: say /jg
[21:34:10] [Infected] 予感: sm_jg 
[21:34:10] [Infected] 予感: jointeam survivor
[21:34:15] [Survivor] 予感: lerp Change Settings
[21:34:15] [Survivor] 予感: sourcemod binds
[21:34:15] [Survivor] 予感: alt press left alt
[21:34:15] [Survivor] 予感: * press *
[21:34:15] [Survivor] 予感: / press keypad /
[21:34:15] [Survivor] 予感: . press keypad .
[21:34:15] [Survivor] 予感: quick browse
[21:34:15] [Survivor] 予感: f6 
[21:34:15] [Survivor] 予感: lerp 
[21:34:15] [Survivor] 予感: 5 
[21:34:15] [Survivor] 予感: f7 
[21:34:15] [Survivor] 予感: lerp 
[21:34:15] [Survivor] 予感: 0 
[21:34:15] [Survivor] 予感: k 
[21:34:15] [Survivor] 予感: f5 
[21:34:15] [Survivor] 予感: f10 
[21:34:15] [Survivor] 予感: alt 
[21:34:15] [Survivor] 予感: !admin 
[21:34:15] [Survivor] 予感: p 
[21:34:15] [Survivor] 予感: !s 
[21:34:15] [Survivor] 予感: * 
[21:34:15] [Survivor] 予感: !fs 
[21:34:15] [Survivor] 予感: l 
[21:34:15] [Survivor] 予感: !vote 
[21:34:15] [Survivor] 予感: / 
[21:34:15] [Survivor] 予感: !pause 
[21:34:15] [Survivor] 予感: . 
[21:34:15] [Survivor] 予感: !forceunpause 
[21:34:15] [Survivor] 予感: f12 
[21:34:15] [Survivor] 予感: common_set v2.1
[21:34:15] [Survivor] 予感: vocalize smartlook auto
[21:34:32] [Survivor] 予感: vocalize smartlook auto
[21:34:33] [Survivor] 予感: say /vote
[21:34:33] [Survivor] 予感: sm_vote 
[21:34:35] [Survivor] 予感: menuselect 3
[21:34:36] [Survivor] 予感: vote Yes
[21:34:36] [Survivor] 予感: menuselect 1
--=================================================================--
[13/01/2023 21:39:02] --- 地图开始: c2m1_highway ---
--=================================================================--
[21:39:03] [Survivor] 予感: unpause 
[21:39:03] [Survivor] 予感: unpause 
[21:39:09] [Survivor] 予感: vocalize smartlook auto
[21:39:27] [Survivor] 予感: sm_admin 
[21:39:28] [Survivor] 予感: menuselect 3
[21:39:29] [Survivor] 予感: menuselect 4
[21:39:38] [Survivor] 予感: say /vote
[21:39:38] [Survivor] 予感: sm_vote 
[21:39:40] [Survivor] 予感: menuselect 1
[21:39:43] [Survivor] 予感: vote Yes
[21:39:43] [Survivor] 予感: menuselect 1
--=================================================================--
[13/01/2023 21:39:43] --- 地图结束: c2m1_highway ---
--=================================================================--
--=================================================================--
[13/01/2023 21:39:46] --- 回合开始: c2m1_highway ---
--=================================================================--
--=================================================================--
[13/01/2023 21:39:46] --- 地图开始: c2m1_highway ---
--=================================================================--
[21:39:57] [CN] 予感<2><STEAM_1:0:246466989><> 加入游戏 (223.149.48.110)
[21:39:58] [Unassigned] 予感: unpause 
[21:39:58] [Unassigned] 予感: vmodenable 1
[21:39:58] [Unassigned] 予感: vban 0
[21:40:22] [Survivor] 予感: say /vote
[21:40:22] [Survivor] 予感: sm_vote 
[21:40:34] [Survivor] 予感: vocalize smartlook auto
[21:41:12] [Survivor] 予感: vocalize smartlook auto
[21:41:27] [Spectator] 予感: say /jg
[21:41:27] [Spectator] 予感: sm_jg 
[21:41:30] [Spectator] 予感: jointeam survivor
[21:42:18] [Survivor] 予感: vocalize smartlook auto
[21:43:00] [Survivor] 予感: vocalize smartlook auto
[21:43:22] [Survivor] 予感: say !ip
[21:43:22] [Survivor] 予感: sm_ip 
[21:43:25] [Survivor] 予感: say !web
[21:43:25] [Survivor] 予感: sm_web 
[21:43:58] [Survivor] 予感: give pain_pills
[21:43:58] [Survivor] 予感: give health
[21:44:00] [Survivor] 予感: nb_assault 
[21:44:50] [Survivor] 予感: nb_assault 
[21:44:55] [Survivor] 予感: say !dance
[21:44:55] [Survivor] 予感: sm_dance 
[21:44:55] [Survivor] 予感: nb_assault 
[21:44:56] [Survivor] 予感: menuselect 1
[21:45:07] [Survivor] 予感: vocalize smartlook auto
[21:45:07] [Survivor] 予感: sm_admin 
[21:45:09] [Survivor] 予感: menuselect 1
[21:45:11] [Survivor] 予感: menuselect 9
[21:45:11] [Survivor] 予感: menuselect 9
[21:45:13] [Survivor] 予感: menuselect 3
[21:45:14] [Survivor] 予感: menuselect 1
[21:45:46] [Survivor] 予感: sm_admin 
[21:45:47] [Survivor] 予感: menuselect 1
--=================================================================--
[13/01/2023 21:45:48] --- 回合结束: c2m1_highway ---
--=================================================================--
--=================================================================--
[13/01/2023 21:45:50] --- 回合结束: c2m1_highway ---
--=================================================================--
--=================================================================--
[13/01/2023 21:45:51] --- 回合开始: c2m1_highway ---
--=================================================================--
[21:45:59] [Survivor] 予感: say !buy
[21:45:59] [Survivor] 予感: sm_buy 
[21:46:00] [Survivor] 予感: menuselect 1
[21:46:01] [Survivor] 予感: menuselect 1
[21:46:03] [Survivor] 予感: menuselect 7
[21:46:13] 予感<2><STEAM_1:0:246466989><> 离开游戏 (reason: Disconnect by user.)
--=================================================================--
[13/01/2023 21:46:48] --- 回合开始: c2m1_highway ---
--=================================================================--
--=================================================================--
[13/01/2023 21:46:48] --- 地图开始: c2m1_highway ---
--=================================================================--
--=================================================================--
[13/01/2023 22:02:14] --- 回合开始: c2m1_highway ---
--=================================================================--
--=================================================================--
[13/01/2023 22:02:15] --- 地图开始: c2m1_highway ---
--=================================================================--
[22:03:42] [CN] 予感<2><STEAM_1:0:246466989><> 加入游戏 (223.149.48.110)
[22:03:42] [Unassigned] 予感: vmodenable 1
[22:03:47] [Survivor] 予感: unpause 
[22:03:54] [Survivor] 予感: vocalize smartlook auto
[22:04:03] [Survivor] 予感: setpause 
[22:04:21] [Survivor] 予感: unpause 
[22:04:21] [Survivor] 予感: unpause 
[22:04:23] [Survivor] 予感: vocalize smartlook auto
[22:04:52] [Survivor] 予感: setpause 
[22:04:58] [Survivor] 予感: unpause 
[22:04:58] [Survivor] 予感: unpause 
[22:05:05] [Survivor] 予感: setpause 
[22:05:24] [Survivor] 予感: unpause 
[22:05:24] [Survivor] 予感: unpause 
[22:05:26] [Survivor] 予感: setpause 
[22:05:36] [Survivor] 予感: sm_rcon exec server2
[22:05:37] [Survivor] 予感: unpause 
[22:05:37] [Survivor] 予感: unpause 
[22:05:58] [Survivor] 予感: setpause 
[22:05:58] [Survivor] 予感: unpause 
[22:05:58] [Survivor] 予感: unpause 
[22:06:33] [Survivor] 予感: vocalize smartlook auto
[22:06:41] [Survivor] 予感: vocalize smartlook auto
[22:07:23] [Survivor] 予感: lerp Change Settings
[22:07:23] [Survivor] 予感: sourcemod binds
[22:07:23] [Survivor] 予感: alt press left alt
[22:07:23] [Survivor] 予感: * press *
[22:07:23] [Survivor] 予感: / press keypad /
[22:07:23] [Survivor] 予感: . press keypad .
[22:07:23] [Survivor] 予感: quick browse
[22:07:23] [Survivor] 予感: f6 
[22:07:23] [Survivor] 予感: lerp 
[22:07:23] [Survivor] 予感: 5 
[22:07:23] [Survivor] 予感: f7 
[22:07:23] [Survivor] 予感: lerp 
[22:07:23] [Survivor] 予感: 0 
[22:07:23] [Survivor] 予感: k 
[22:07:23] [Survivor] 予感: f5 
[22:07:23] [Survivor] 予感: f10 
[22:07:23] [Survivor] 予感: alt 
[22:07:23] [Survivor] 予感: !admin 
[22:07:23] [Survivor] 予感: p 
[22:07:23] [Survivor] 予感: !s 
[22:07:23] [Survivor] 予感: * 
[22:07:23] [Survivor] 予感: !fs 
[22:07:23] [Survivor] 予感: l 
[22:07:23] [Survivor] 予感: !vote 
[22:07:23] [Survivor] 予感: / 
[22:07:23] [Survivor] 予感: !pause 
[22:07:23] [Survivor] 予感: . 
[22:07:23] [Survivor] 予感: !forceunpause 
[22:07:23] [Survivor] 予感: f12 
[22:07:23] [Survivor] 予感: common_set v2.1
[22:07:25] [Survivor] 予感: sm_admin 
[22:07:27] [Survivor] 予感: menuselect 2
[22:07:44] [Survivor] 予感: sm_admin 
[22:07:45] [Survivor] 予感: menuselect 1
[22:07:47] [Survivor] 予感: sm_admin 
[22:07:50] [Survivor] 予感: sm_admin 
[22:07:54] [Survivor] 予感: menuselect 2
[22:07:57] [Survivor] 予感: menuselect 2
[22:08:12] [Survivor] 予感: menuselect 1
[22:08:45] [Survivor] 予感: vocalize smartlook auto
[22:08:49] [Survivor] 予感: vocalize smartlook auto
[22:09:02] [Survivor] 予感: sm_admin 
[22:09:03] [Survivor] 予感: menuselect 2
[22:09:05] [Survivor] 予感: menuselect 2
[22:09:07] [Survivor] 予感: menuselect 9
[22:09:08] [Survivor] 予感: menuselect 8
[22:09:09] [Survivor] 予感: menuselect 8
[22:09:10] [Survivor] 予感: menuselect 1
[22:09:13] [Survivor] 予感: setpause 
[22:09:24] [Survivor] 予感: sm_rcon exec server2
[22:09:24] [Survivor] 予感: unpause 
[22:09:24] [Survivor] 予感: unpause 
[22:09:28] [Survivor] 予感: vocalize smartlook auto
[22:09:29] [Survivor] 予感: say /vote
[22:09:29] [Survivor] 予感: sm_vote 
[22:09:30] [Survivor] 予感: menuselect 1
[22:09:32] [Survivor] 予感: vote Yes
[22:09:32] [Survivor] 予感: menuselect 1
--=================================================================--
[13/01/2023 22:09:32] --- 地图结束: c2m1_highway ---
--=================================================================--
--=================================================================--
[13/01/2023 22:09:34] --- 回合开始: c2m1_highway ---
--=================================================================--
--=================================================================--
[13/01/2023 22:09:34] --- 地图开始: c2m1_highway ---
--=================================================================--
[22:09:46] [CN] 予感<2><STEAM_1:0:246466989><> 加入游戏 (223.149.48.110)
[22:09:47] [Unassigned] 予感: vmodenable 1
[22:09:47] [Unassigned] 予感: vban 0
[22:09:47] [Unassigned] 予感: unpause 
[22:10:57] 予感<2><STEAM_1:0:246466989><> 离开游戏 (reason: Disconnect by user.)
--=================================================================--
[13/01/2023 22:11:21] --- 回合开始: c2m1_highway ---
--=================================================================--
--=================================================================--
[13/01/2023 22:11:21] --- 地图开始: c2m1_highway ---
--=================================================================--
--=================================================================--
[13/01/2023 22:18:13] --- 回合开始: c2m1_highway ---
--=================================================================--
--=================================================================--
[13/01/2023 22:18:13] --- 地图开始: c2m1_highway ---
--=================================================================--
--=================================================================--
[13/01/2023 22:23:32] --- 回合开始: c2m1_highway ---
--=================================================================--
--=================================================================--
[13/01/2023 22:23:32] --- 地图开始: c2m1_highway ---
--=================================================================--
[22:33:18] [CN] 予感<2><STEAM_1:0:246466989><> 加入游戏 (223.147.94.25)
[22:33:18] [Unassigned] 予感: vmodenable 1
[22:33:18] [Unassigned] 予感: vban 0
[22:33:23] [Survivor] 予感: unpause 
[22:33:32] [Survivor] 予感: sm_admin 
[22:33:35] [Survivor] 予感: vocalize smartlook auto
[22:33:47] [Survivor] 予感: say /matchw
[22:33:51] [Survivor] 予感: say /
[22:33:54] [Survivor] 予感: say /match
[22:33:54] [Survivor] 予感: sm_match 
[22:33:55] [Survivor] 予感: menuselect 1
[22:33:56] [Survivor] 予感: vote Yes
[22:33:56] [Survivor] 予感: menuselect 1
--=================================================================--
[13/01/2023 22:33:58] --- 地图开始: c2m1_highway ---
--=================================================================--
--=================================================================--
[13/01/2023 22:34:01] --- 地图结束: c2m1_highway ---
--=================================================================--
--=================================================================--
[13/01/2023 22:34:03] --- 回合开始: c2m1_highway ---
--=================================================================--
--=================================================================--
[13/01/2023 22:34:03] --- 地图开始: c2m1_highway ---
--=================================================================--
[22:34:24] [CN] 予感<2><STEAM_1:0:246466989><> 加入游戏 (223.147.94.25)
[22:34:26] [Unassigned] 予感: unpause 
[22:34:26] [Unassigned] 予感: vmodenable 1
[22:34:26] [Unassigned] 予感: vban 0
[22:34:32] [Survivor] 予感: lerp Change Settings
[22:34:32] [Survivor] 予感: sourcemod binds
[22:34:32] [Survivor] 予感: alt press left alt
[22:34:32] [Survivor] 予感: * press *
[22:34:32] [Survivor] 予感: / press keypad /
[22:34:32] [Survivor] 予感: . press keypad .
[22:34:32] [Survivor] 予感: quick browse
[22:34:32] [Survivor] 予感: f6 
[22:34:32] [Survivor] 予感: lerp 
[22:34:32] [Survivor] 予感: 5 
[22:34:32] [Survivor] 予感: f7 
[22:34:32] [Survivor] 予感: lerp 
[22:34:32] [Survivor] 予感: 0 
[22:34:32] [Survivor] 予感: k 
[22:34:32] [Survivor] 予感: f5 
[22:34:32] [Survivor] 予感: f10 
[22:34:32] [Survivor] 予感: alt 
[22:34:32] [Survivor] 予感: !admin 
[22:34:32] [Survivor] 予感: p 
[22:34:32] [Survivor] 予感: !s 
[22:34:32] [Survivor] 予感: * 
[22:34:32] [Survivor] 予感: !fs 
[22:34:32] [Survivor] 予感: l 
[22:34:32] [Survivor] 予感: !vote 
[22:34:32] [Survivor] 予感: / 
[22:34:32] [Survivor] 予感: !pause 
[22:34:32] [Survivor] 予感: . 
[22:34:32] [Survivor] 予感: !forceunpause 
[22:34:32] [Survivor] 予感: f12 
[22:34:32] [Survivor] 予感: common_set v2.1
[22:34:36] [Survivor] 予感: setpause 
[22:34:38] [Survivor] 予感: unpause 
[22:34:38] [Survivor] 予感: unpause 
[22:34:43] [Survivor] 予感: vocalize smartlook auto
[22:36:01] [Survivor] 予感: say /jg
[22:36:01] [Survivor] 予感: sm_jg 
[22:36:01] [Survivor] 予感: jointeam survivor
[22:36:05] [Survivor] 予感: say /inf
[22:36:05] [Survivor] 予感: sm_inf 
[22:36:12] [Survivor] 予感: say /vote
[22:36:12] [Survivor] 予感: sm_vote 
[22:36:22] [Survivor] 予感: say g
[22:36:31] [Survivor] 予感: say !hat
[22:36:31] [Survivor] 予感: sm_hat 
[22:36:32] [Survivor] 予感: menuselect 2
[22:36:35] [Survivor] 予感: vocalize smartlook auto
[22:36:42] [Survivor] 予感: say !hat
[22:36:42] [Survivor] 予感: sm_hat 
[22:36:48] [Survivor] 予感: menuselect 3
[22:36:58] [Survivor] 予感: say !buy
[22:36:58] [Survivor] 予感: sm_buy 
[22:36:59] [Survivor] 予感: menuselect 1
[22:37:00] [Survivor] 予感: menuselect 1
[22:37:01] [Survivor] 予感: menuselect 9
[22:37:01] [Survivor] 予感: menuselect 9
[22:37:02] [Survivor] 予感: menuselect 9
[22:37:07] [Survivor] 予感: say !ip
[22:37:07] [Survivor] 予感: sm_ip 
[22:37:17] [Survivor] 予感: vocalize smartlook auto
[22:37:50] [Survivor] 予感: say !dance
[22:37:50] [Survivor] 予感: sm_dance 
[22:37:51] [Survivor] 予感: menuselect 1
[22:37:54] [Survivor] 予感: setpause 
[22:38:10] [Survivor] 予感: unpause 
[22:38:10] [Survivor] 予感: unpause 
[22:38:20] [Survivor] 予感: vocalize smartlook auto
[22:38:28] 予感<2><STEAM_1:0:246466989><> 离开游戏 (reason: Disconnect by user.)
--=================================================================--
[13/01/2023 22:39:04] --- 回合开始: c2m1_highway ---
--=================================================================--
--=================================================================--
[13/01/2023 22:39:04] --- 地图开始: c2m1_highway ---
--=================================================================--
--=================================================================--
[13/01/2023 22:49:56] --- 回合开始: c2m1_highway ---
--=================================================================--
--=================================================================--
[13/01/2023 22:49:56] --- 地图开始: c2m1_highway ---
--=================================================================--
--=================================================================--
[13/01/2023 23:12:31] --- 回合开始: c2m1_highway ---
--=================================================================--
--=================================================================--
[13/01/2023 23:12:31] --- 地图开始: c2m1_highway ---
--=================================================================--
[23:14:05] [CN] 予感<2><STEAM_1:0:246466989><> 加入游戏 (223.147.94.25)
[23:14:05] [Unassigned] 予感: vmodenable 1
[23:14:09] [Infected] 予感: unpause 
[23:14:31] [Infected] 予感: say /jg
[23:14:31] [Infected] 予感: sm_jg 
[23:14:31] [Infected] 予感: jointeam survivor
[23:14:34] [Survivor] 予感: say ggg
[23:14:36] [Survivor] 予感: say gggggggggggg
[23:14:40] [Survivor] 予感: setpause 
[23:14:59] [Survivor] 予感: sm_rcon sm plugins load chat-processor
[23:15:01] [Survivor] 予感: unpause 
[23:15:01] [Survivor] 予感: unpause 
[23:15:03] [Survivor] 予感: say g
[23:15:04] [Survivor] 予感: setpause 
[23:15:16] [Survivor] 予感: sm_rcon sm plugins load extend/hextags
[23:15:20] [Survivor] 予感: unpause 
[23:15:20] [Survivor] 予感: unpause 
[23:16:51] [Survivor] 予感: say /match
[23:16:51] [Survivor] 予感: sm_match 
[23:16:52] [Survivor] 予感: menuselect 1
[23:16:54] [Survivor] 予感: vote Yes
[23:16:54] [Survivor] 予感: menuselect 1
--=================================================================--
[13/01/2023 23:16:55] --- 地图开始: c2m1_highway ---
--=================================================================--
--=================================================================--
[13/01/2023 23:16:59] --- 地图结束: c2m1_highway ---
--=================================================================--
--=================================================================--
[13/01/2023 23:17:01] --- 回合开始: c2m1_highway ---
--=================================================================--
--=================================================================--
[13/01/2023 23:17:01] --- 地图开始: c2m1_highway ---
--=================================================================--
--=================================================================--
[13/01/2023 23:18:47] --- 回合开始: c2m1_highway ---
--=================================================================--
--=================================================================--
[13/01/2023 23:18:47] --- 地图开始: c2m1_highway ---
--=================================================================--
[23:27:59] [CN] 予感<2><STEAM_1:0:246466989><> 加入游戏 (223.149.48.110)
[23:28:00] [Unassigned] 予感: vmodenable 1
[23:28:00] [Unassigned] 予感: vban 0
[23:28:04] [Infected] 予感: unpause 
[23:28:14] [Infected] 予感: say /jg
[23:28:14] [Infected] 予感: sm_jg 
[23:28:14] [Infected] 予感: jointeam survivor
[23:28:16] [Survivor] 予感: vocalize smartlook auto
[23:29:00] 予感<2><STEAM_1:0:246466989><> 离开游戏 (reason: Disconnect by user.)
--=================================================================--
[13/01/2023 23:29:35] --- 回合开始: c2m1_highway ---
--=================================================================--
--=================================================================--
[13/01/2023 23:29:35] --- 地图开始: c2m1_highway ---
--=================================================================--
