--=================================================================--
[21/01/2023 19:23:21] --- 地图开始: c2m1_highway ---
--=================================================================--
--=================================================================--
[21/01/2023 19:23:24] --- 地图结束: c2m1_highway ---
--=================================================================--
--=================================================================--
[21/01/2023 19:23:26] --- 回合开始: c2m1_highway ---
--=================================================================--
--=================================================================--
[21/01/2023 19:23:26] --- 地图开始: c2m1_highway ---
--=================================================================--
[19:23:39] [CN] 我还没有改名字<2><STEAM_1:0:625834323><> 加入游戏 (120.239.34.139)
[19:23:39] [Unassigned] 我还没有改名字: vmodenable 1
[19:23:39] [Unassigned] 我还没有改名字: vban 0
[19:23:40] [Unassigned] 我还没有改名字: unpause 
[19:23:46] [Spectator] 我还没有改名字: say !jg
[19:23:46] [Spectator] 我还没有改名字: sm_jg 
[19:23:46] [Spectator] 我还没有改名字: jointeam survivor
[19:23:47] [Survivor] 我还没有改名字: say_team /vote
[19:23:47] [Survivor] 我还没有改名字: sm_vote 
[19:23:49] [Survivor] 我还没有改名字: menuselect 3
[19:23:49] [Survivor] 我还没有改名字: vote Yes
[19:23:49] [Survivor] 我还没有改名字: menuselect 1
[19:23:54] [Survivor] 我还没有改名字: give pain_pills
[19:23:54] [Survivor] 我还没有改名字: give health
[19:23:54] [Survivor] 我还没有改名字: give machete
[19:23:54] [Survivor] 我还没有改名字: nb_assault 
[19:23:55] [Survivor] 我还没有改名字: nb_assault 
[19:24:05] [Survivor] 我还没有改名字: nb_assault 
[19:24:07] [Survivor] 我还没有改名字: nb_assault 
[19:24:28] [Survivor] 我还没有改名字: nb_assault 
[19:24:29] [Survivor] 我还没有改名字: nb_assault 
[19:24:32] [Survivor] 我还没有改名字: nb_assault 
[19:24:40] [Survivor] 我还没有改名字: nb_assault 
[19:24:45] [Survivor] 我还没有改名字: nb_assault 
[19:24:51] [Survivor] 我还没有改名字: nb_assault 
[19:24:55] [Survivor] 我还没有改名字: nb_assault 
[19:25:10] [Survivor] 我还没有改名字: nb_assault 
[19:25:12] [Survivor] 我还没有改名字: nb_assault 
[19:25:20] [Survivor] 我还没有改名字: setpause 
[19:25:21] [Survivor] 我还没有改名字: nb_assault 
[19:25:24] [Survivor] 我还没有改名字: unpause 
[19:25:24] [Survivor] 我还没有改名字: nb_assault 
[19:25:31] [Survivor] 我还没有改名字: nb_assault 
[19:25:32] [Survivor] 我还没有改名字: nb_assault 
[19:25:44] [Survivor] 我还没有改名字: nb_assault 
[19:25:50] [Survivor] 我还没有改名字: nb_assault 
[19:25:54] [Survivor] 我还没有改名字: nb_assault 
[19:25:58] [Survivor] 我还没有改名字: nb_assault 
[19:26:00] [Survivor] 我还没有改名字: nb_assault 
[19:26:04] [Survivor] 我还没有改名字: nb_assault 
[19:26:20] [Survivor] 我还没有改名字: nb_assault 
[19:26:20] [Survivor] 我还没有改名字: nb_assault 
[19:26:35] [Survivor] 我还没有改名字: nb_assault 
--=================================================================--
[21/01/2023 19:26:44] --- 回合结束: c2m1_highway ---
--=================================================================--
--=================================================================--
[21/01/2023 19:26:46] --- 回合结束: c2m1_highway ---
--=================================================================--
--=================================================================--
[21/01/2023 19:26:47] --- 回合开始: c2m1_highway ---
--=================================================================--
[19:26:55] [Survivor] 我还没有改名字: give pain_pills
[19:26:55] [Survivor] 我还没有改名字: give health
[19:26:55] [Survivor] 我还没有改名字: give machete
[19:26:55] [Survivor] 我还没有改名字: nb_assault 
[19:26:55] [Survivor] 我还没有改名字: nb_assault 
[19:26:58] [Survivor] 我还没有改名字: nb_assault 
[19:27:02] [Survivor] 我还没有改名字: nb_assault 
[19:27:22] [Survivor] 我还没有改名字: nb_assault 
[19:27:24] [Survivor] 我还没有改名字: nb_assault 
[19:27:27] [Survivor] 我还没有改名字: nb_assault 
[19:27:31] [Survivor] 我还没有改名字: nb_assault 
[19:27:45] [Survivor] 我还没有改名字: nb_assault 
[19:27:57] [Survivor] 我还没有改名字: nb_assault 
[19:27:59] [Survivor] 我还没有改名字: nb_assault 
--=================================================================--
[21/01/2023 19:28:02] --- 回合结束: c2m1_highway ---
--=================================================================--
--=================================================================--
[21/01/2023 19:28:04] --- 回合结束: c2m1_highway ---
--=================================================================--
--=================================================================--
[21/01/2023 19:28:05] --- 回合开始: c2m1_highway ---
--=================================================================--
[19:28:15] [Survivor] 我还没有改名字: setpause 
[19:28:15] [Survivor] 我还没有改名字: unpause 
[19:28:15] [Survivor] 我还没有改名字: setpause 
[19:28:18] 我还没有改名字<2><STEAM_1:0:625834323><> 离开游戏 (reason: Disconnect by user.)
--=================================================================--
[21/01/2023 19:28:53] --- 回合开始: c2m1_highway ---
--=================================================================--
--=================================================================--
[21/01/2023 19:28:53] --- 地图开始: c2m1_highway ---
--=================================================================--
[21:57:03] [CN] 我还没有改名字<2><STEAM_1:0:625834323><> 加入游戏 (120.239.34.139)
[21:57:03] [Unassigned] 我还没有改名字: vmodenable 1
[21:57:07] [Survivor] 我还没有改名字: unpause 
[21:57:17] [Survivor] 我还没有改名字: say_team !vote
[21:57:17] [Survivor] 我还没有改名字: sm_vote 
[21:57:18] [Survivor] 我还没有改名字: menuselect 3
[21:57:20] [Survivor] 我还没有改名字: vote Yes
[21:57:20] [Survivor] 我还没有改名字: menuselect 3
--=================================================================--
[21/01/2023 21:57:21] --- 地图开始: c2m1_highway ---
--=================================================================--
--=================================================================--
[21/01/2023 21:57:25] --- 地图结束: c2m1_highway ---
--=================================================================--
--=================================================================--
[21/01/2023 21:57:27] --- 回合开始: c2m1_highway ---
--=================================================================--
--=================================================================--
[21/01/2023 21:57:27] --- 地图开始: c2m1_highway ---
--=================================================================--
[21:57:39] [CN] 我还没有改名字<2><STEAM_1:0:625834323><> 加入游戏 (120.239.34.139)
[21:57:40] [Unassigned] 我还没有改名字: vmodenable 1
[21:57:40] [Unassigned] 我还没有改名字: vban 0
[21:57:41] [Unassigned] 我还没有改名字: unpause 
[21:58:01] [Survivor] 我还没有改名字: give pain_pills
[21:58:01] [Survivor] 我还没有改名字: give health
[21:58:01] [Survivor] 我还没有改名字: give machete
[21:58:02] [Survivor] 我还没有改名字: nb_assault 
[21:58:02] [Survivor] 我还没有改名字: nb_assault 
[21:58:02] [Survivor] 我还没有改名字: nb_assault 
[21:58:02] [Survivor] 我还没有改名字: nb_assault 
[21:58:07] [Survivor] 我还没有改名字: vocalize smartlook auto
[21:58:25] [Survivor] 我还没有改名字: nb_assault 
[21:58:25] [Survivor] 我还没有改名字: nb_assault 
[21:58:25] [Survivor] 我还没有改名字: nb_assault 
[21:58:25] [Survivor] 我还没有改名字: nb_assault 
[21:58:49] [Survivor] 我还没有改名字: nb_assault 
[21:58:49] [Survivor] 我还没有改名字: nb_assault 
[21:58:49] [Survivor] 我还没有改名字: nb_assault 
[21:58:49] [Survivor] 我还没有改名字: nb_assault 
[21:59:07] [Survivor] 我还没有改名字: vocalize smartlook auto
[21:59:12] [Survivor] 我还没有改名字: nb_assault 
[21:59:13] [Survivor] 我还没有改名字: nb_assault 
[21:59:13] [Survivor] 我还没有改名字: nb_assault 
[21:59:13] [Survivor] 我还没有改名字: nb_assault 
[21:59:37] [Survivor] 我还没有改名字: nb_assault 
[21:59:38] [Survivor] 我还没有改名字: nb_assault 
[21:59:38] [Survivor] 我还没有改名字: nb_assault 
[21:59:38] [Survivor] 我还没有改名字: nb_assault 
[21:59:50] [Survivor] 我还没有改名字: vocalize smartlook auto
[21:59:57] [Survivor] 我还没有改名字: nb_assault 
[21:59:57] [Survivor] 我还没有改名字: nb_assault 
[21:59:57] [Survivor] 我还没有改名字: nb_assault 
[21:59:57] [Survivor] 我还没有改名字: nb_assault 
[22:00:21] [Survivor] 我还没有改名字: nb_assault 
[22:00:21] [Survivor] 我还没有改名字: nb_assault 
[22:00:26] [Survivor] 我还没有改名字: nb_assault 
[22:00:28] [Survivor] 我还没有改名字: nb_assault 
--=================================================================--
[21/01/2023 22:00:30] --- 回合结束: c2m1_highway ---
--=================================================================--
--=================================================================--
[21/01/2023 22:00:32] --- 回合结束: c2m1_highway ---
--=================================================================--
--=================================================================--
[21/01/2023 22:00:33] --- 回合开始: c2m1_highway ---
--=================================================================--
[22:00:42] [Survivor] 我还没有改名字: give pain_pills
[22:00:42] [Survivor] 我还没有改名字: give health
[22:00:42] [Survivor] 我还没有改名字: give machete
[22:00:43] [Survivor] 我还没有改名字: nb_assault 
[22:00:43] [Survivor] 我还没有改名字: nb_assault 
[22:00:43] [Survivor] 我还没有改名字: nb_assault 
[22:00:43] [Survivor] 我还没有改名字: nb_assault 
[22:01:04] [Survivor] 我还没有改名字: nb_assault 
[22:01:04] [Survivor] 我还没有改名字: nb_assault 
[22:01:04] [Survivor] 我还没有改名字: nb_assault 
[22:01:05] [Survivor] 我还没有改名字: nb_assault 
[22:01:20] [Survivor] 我还没有改名字: vocalize PlayerNiceJob #2327
[22:01:28] [Survivor] 我还没有改名字: nb_assault 
[22:01:28] [Survivor] 我还没有改名字: nb_assault 
[22:01:28] [Survivor] 我还没有改名字: nb_assault 
[22:01:28] [Survivor] 我还没有改名字: nb_assault 
[22:01:49] [Survivor] 我还没有改名字: nb_assault 
[22:01:49] [Survivor] 我还没有改名字: nb_assault 
[22:01:49] [Survivor] 我还没有改名字: nb_assault 
[22:01:49] [Survivor] 我还没有改名字: nb_assault 
--=================================================================--
[21/01/2023 22:02:10] --- 回合结束: c2m1_highway ---
--=================================================================--
--=================================================================--
[21/01/2023 22:02:12] --- 回合结束: c2m1_highway ---
--=================================================================--
--=================================================================--
[21/01/2023 22:02:13] --- 回合开始: c2m1_highway ---
--=================================================================--
[22:02:27] [Survivor] 我还没有改名字: give pain_pills
[22:02:27] [Survivor] 我还没有改名字: give health
[22:02:27] [Survivor] 我还没有改名字: give machete
[22:02:27] [Survivor] 我还没有改名字: nb_assault 
[22:02:27] [Survivor] 我还没有改名字: nb_assault 
[22:02:27] [Survivor] 我还没有改名字: nb_assault 
[22:02:27] [Survivor] 我还没有改名字: nb_assault 
[22:02:51] [Survivor] 我还没有改名字: nb_assault 
[22:02:51] [Survivor] 我还没有改名字: nb_assault 
[22:02:51] [Survivor] 我还没有改名字: nb_assault 
[22:02:53] [Survivor] 我还没有改名字: nb_assault 
[22:03:15] [Survivor] 我还没有改名字: nb_assault 
[22:03:15] [Survivor] 我还没有改名字: nb_assault 
[22:03:15] [Survivor] 我还没有改名字: nb_assault 
[22:03:15] [Survivor] 我还没有改名字: nb_assault 
[22:03:35] [Survivor] 我还没有改名字: vocalize smartlook auto
[22:03:39] [Survivor] 我还没有改名字: nb_assault 
[22:03:39] [Survivor] 我还没有改名字: nb_assault 
[22:03:39] [Survivor] 我还没有改名字: nb_assault 
[22:03:39] [Survivor] 我还没有改名字: nb_assault 
[22:03:58] [Survivor] 我还没有改名字: say_team /zs
[22:03:58] [Survivor] 我还没有改名字: sm_zs 
--=================================================================--
[21/01/2023 22:03:59] --- 回合结束: c2m1_highway ---
--=================================================================--
--=================================================================--
[21/01/2023 22:04:01] --- 回合结束: c2m1_highway ---
--=================================================================--
--=================================================================--
[21/01/2023 22:04:02] --- 回合开始: c2m1_highway ---
--=================================================================--
[22:04:10] [Survivor] 我还没有改名字: nb_assault 
[22:04:10] [Survivor] 我还没有改名字: nb_assault 
[22:04:10] [Survivor] 我还没有改名字: nb_assault 
[22:04:10] [Survivor] 我还没有改名字: give pain_pills
[22:04:10] [Survivor] 我还没有改名字: give health
[22:04:10] [Survivor] 我还没有改名字: give machete
[22:04:10] [Survivor] 我还没有改名字: nb_assault 
[22:04:34] [Survivor] 我还没有改名字: nb_assault 
[22:04:34] [Survivor] 我还没有改名字: nb_assault 
[22:04:34] [Survivor] 我还没有改名字: nb_assault 
[22:04:34] [Survivor] 我还没有改名字: nb_assault 
--=================================================================--
[21/01/2023 22:04:51] --- 回合结束: c2m1_highway ---
--=================================================================--
[22:04:52] [Survivor] 我还没有改名字: say_team /zs
[22:04:52] [Survivor] 我还没有改名字: sm_zs 
--=================================================================--
[21/01/2023 22:04:53] --- 回合结束: c2m1_highway ---
--=================================================================--
--=================================================================--
[21/01/2023 22:04:55] --- 回合开始: c2m1_highway ---
--=================================================================--
[22:05:02] [Survivor] 我还没有改名字: give pain_pills
[22:05:02] [Survivor] 我还没有改名字: give health
[22:05:02] [Survivor] 我还没有改名字: give machete
[22:05:02] [Survivor] 我还没有改名字: nb_assault 
[22:05:03] [Survivor] 我还没有改名字: nb_assault 
[22:05:03] [Survivor] 我还没有改名字: nb_assault 
[22:05:03] [Survivor] 我还没有改名字: nb_assault 
[22:05:26] [Survivor] 我还没有改名字: nb_assault 
[22:05:26] [Survivor] 我还没有改名字: nb_assault 
[22:05:26] [Survivor] 我还没有改名字: nb_assault 
[22:05:26] [Survivor] 我还没有改名字: nb_assault 
[22:05:34] [Survivor] 我还没有改名字: say_team /zs
[22:05:34] [Survivor] 我还没有改名字: sm_zs 
--=================================================================--
[21/01/2023 22:05:34] --- 回合结束: c2m1_highway ---
--=================================================================--
--=================================================================--
[21/01/2023 22:05:36] --- 回合结束: c2m1_highway ---
--=================================================================--
--=================================================================--
[21/01/2023 22:05:38] --- 回合开始: c2m1_highway ---
--=================================================================--
[22:05:46] [Survivor] 我还没有改名字: give pain_pills
[22:05:46] [Survivor] 我还没有改名字: give health
[22:05:46] [Survivor] 我还没有改名字: give machete
[22:05:46] [Survivor] 我还没有改名字: nb_assault 
[22:05:46] [Survivor] 我还没有改名字: nb_assault 
[22:05:46] [Survivor] 我还没有改名字: nb_assault 
[22:05:46] [Survivor] 我还没有改名字: nb_assault 
[22:05:58] [Survivor] 我还没有改名字: say_team /zs
[22:05:58] [Survivor] 我还没有改名字: sm_zs 
--=================================================================--
[21/01/2023 22:05:59] --- 回合结束: c2m1_highway ---
--=================================================================--
--=================================================================--
[21/01/2023 22:06:01] --- 回合结束: c2m1_highway ---
--=================================================================--
--=================================================================--
[21/01/2023 22:06:02] --- 回合开始: c2m1_highway ---
--=================================================================--
[22:06:21] [Survivor] 我还没有改名字: give pain_pills
[22:06:21] [Survivor] 我还没有改名字: give health
[22:06:21] [Survivor] 我还没有改名字: give machete
[22:06:21] [Survivor] 我还没有改名字: nb_assault 
[22:06:22] [Survivor] 我还没有改名字: nb_assault 
[22:06:22] [Survivor] 我还没有改名字: nb_assault 
[22:06:22] [Survivor] 我还没有改名字: nb_assault 
[22:06:40] [Survivor] 我还没有改名字: say_team /zs
[22:06:40] [Survivor] 我还没有改名字: sm_zs 
--=================================================================--
[21/01/2023 22:06:41] --- 回合结束: c2m1_highway ---
--=================================================================--
--=================================================================--
[21/01/2023 22:06:43] --- 回合结束: c2m1_highway ---
--=================================================================--
--=================================================================--
[21/01/2023 22:06:44] --- 回合开始: c2m1_highway ---
--=================================================================--
[22:06:54] [Survivor] 我还没有改名字: nb_assault 
[22:06:54] [Survivor] 我还没有改名字: nb_assault 
[22:06:54] [Survivor] 我还没有改名字: give pain_pills
[22:06:54] [Survivor] 我还没有改名字: give health
[22:06:54] [Survivor] 我还没有改名字: give machete
[22:06:54] [Survivor] 我还没有改名字: nb_assault 
[22:06:55] [Survivor] 我还没有改名字: nb_assault 
[22:07:18] [Survivor] 我还没有改名字: nb_assault 
[22:07:19] [Survivor] 我还没有改名字: nb_assault 
[22:07:19] [Survivor] 我还没有改名字: nb_assault 
[22:07:19] [Survivor] 我还没有改名字: nb_assault 
[22:07:42] [Survivor] 我还没有改名字: vocalize smartlook auto
[22:07:42] [Survivor] 我还没有改名字: nb_assault 
[22:07:42] [Survivor] 我还没有改名字: nb_assault 
[22:07:42] [Survivor] 我还没有改名字: nb_assault 
[22:07:42] [Survivor] 我还没有改名字: nb_assault 
[22:08:03] [Survivor] 我还没有改名字: nb_assault 
[22:08:03] [Survivor] 我还没有改名字: nb_assault 
[22:08:03] [Survivor] 我还没有改名字: nb_assault 
[22:08:04] [Survivor] 我还没有改名字: nb_assault 
[22:08:26] [Survivor] 我还没有改名字: say_team /zs
[22:08:26] [Survivor] 我还没有改名字: sm_zs 
--=================================================================--
[21/01/2023 22:08:27] --- 回合结束: c2m1_highway ---
--=================================================================--
--=================================================================--
[21/01/2023 22:08:29] --- 回合结束: c2m1_highway ---
--=================================================================--
--=================================================================--
[21/01/2023 22:08:30] --- 回合开始: c2m1_highway ---
--=================================================================--
[22:08:41] [Survivor] 我还没有改名字: give pain_pills
[22:08:41] [Survivor] 我还没有改名字: give health
[22:08:41] [Survivor] 我还没有改名字: give machete
[22:08:41] [Survivor] 我还没有改名字: nb_assault 
[22:08:41] [Survivor] 我还没有改名字: nb_assault 
[22:08:42] [Survivor] 我还没有改名字: nb_assault 
[22:08:42] [Survivor] 我还没有改名字: nb_assault 
[22:09:03] [Survivor] 我还没有改名字: nb_assault 
[22:09:03] [Survivor] 我还没有改名字: nb_assault 
[22:09:03] [Survivor] 我还没有改名字: nb_assault 
[22:09:03] [Survivor] 我还没有改名字: nb_assault 
[22:09:23] [Survivor] 我还没有改名字: nb_assault 
[22:09:23] [Survivor] 我还没有改名字: nb_assault 
[22:09:23] [Survivor] 我还没有改名字: nb_assault 
[22:09:32] [Survivor] 我还没有改名字: nb_assault 
[22:09:47] [Survivor] 我还没有改名字: nb_assault 
[22:09:47] [Survivor] 我还没有改名字: nb_assault 
[22:09:47] [Survivor] 我还没有改名字: nb_assault 
[22:09:47] [Survivor] 我还没有改名字: nb_assault 
[22:10:08] [Survivor] 我还没有改名字: nb_assault 
[22:10:08] [Survivor] 我还没有改名字: nb_assault 
[22:10:09] [Survivor] 我还没有改名字: nb_assault 
[22:10:09] [Survivor] 我还没有改名字: nb_assault 
[22:10:17] [Survivor] 我还没有改名字: setpause 
[22:10:31] [Survivor] 我还没有改名字: nb_assault 
[22:10:31] [Survivor] 我还没有改名字: nb_assault 
[22:10:31] [Survivor] 我还没有改名字: nb_assault 
[22:10:31] [Survivor] 我还没有改名字: nb_assault 
[22:10:36] [Survivor] 我还没有改名字: unpause 
[22:10:36] [Survivor] 我还没有改名字: setpause 
[22:10:36] [Survivor] 我还没有改名字: unpause 
[22:10:37] [Survivor] 我还没有改名字: vocalize smartlook #7891
[22:10:38] [Survivor] 我还没有改名字: say /zs
[22:10:38] [Survivor] 我还没有改名字: sm_zs 
--=================================================================--
[21/01/2023 22:10:39] --- 回合结束: c2m1_highway ---
--=================================================================--
--=================================================================--
[21/01/2023 22:10:41] --- 回合结束: c2m1_highway ---
--=================================================================--
--=================================================================--
[21/01/2023 22:10:43] --- 回合开始: c2m1_highway ---
--=================================================================--
[22:10:52] [Survivor] 我还没有改名字: give pain_pills
[22:10:52] [Survivor] 我还没有改名字: give health
[22:10:52] [Survivor] 我还没有改名字: give machete
[22:10:53] [Survivor] 我还没有改名字: nb_assault 
[22:10:53] [Survivor] 我还没有改名字: nb_assault 
[22:10:53] [Survivor] 我还没有改名字: nb_assault 
[22:10:53] [Survivor] 我还没有改名字: nb_assault 
[22:11:12] [Survivor] 我还没有改名字: nb_assault 
[22:11:12] [Survivor] 我还没有改名字: nb_assault 
[22:11:12] [Survivor] 我还没有改名字: nb_assault 
[22:11:13] [Survivor] 我还没有改名字: nb_assault 
[22:11:36] [Survivor] 我还没有改名字: nb_assault 
[22:11:41] [Survivor] 我还没有改名字: nb_assault 
[22:11:42] [Survivor] 我还没有改名字: nb_assault 
[22:11:46] [Survivor] 我还没有改名字: nb_assault 
[22:12:00] [Survivor] 我还没有改名字: nb_assault 
[22:12:00] [Survivor] 我还没有改名字: nb_assault 
[22:12:00] [Survivor] 我还没有改名字: nb_assault 
[22:12:02] [Survivor] 我还没有改名字: say_team !buy
[22:12:02] [Survivor] 我还没有改名字: sm_buy 
[22:12:03] [Survivor] 我还没有改名字: nb_assault 
[22:12:04] [Survivor] 我还没有改名字: setpause 
--=================================================================--
[21/01/2023 22:12:07] --- 回合结束: c2m1_highway ---
--=================================================================--
[22:12:08] 我还没有改名字<2><STEAM_1:0:625834323><> 离开游戏 (reason: Disconnect by user.)
--=================================================================--
[21/01/2023 22:12:09] --- 回合结束: c2m1_highway ---
--=================================================================--
--=================================================================--
[21/01/2023 22:12:10] --- 回合开始: c2m1_highway ---
--=================================================================--
--=================================================================--
[21/01/2023 22:12:44] --- 回合开始: c2m1_highway ---
--=================================================================--
--=================================================================--
[21/01/2023 22:12:44] --- 地图开始: c2m1_highway ---
--=================================================================--
[16:21:51] [CN] Reisen<2><STEAM_1:0:182922075><> 加入游戏 (223.74.0.218)
[16:21:52] [Unassigned] Reisen: vmodenable 1
[16:21:52] [Unassigned] Reisen: vban 0
[16:21:56] [Survivor] Reisen: unpause 
[16:22:02] [Survivor] Reisen: say !vote
[16:22:02] [Survivor] Reisen: sm_vote 
[16:22:05] [Survivor] Reisen: menuselect 3
[16:22:14] [Survivor] Reisen: vote Yes
[16:22:14] [Survivor] Reisen: menuselect 3
