L 01/16/2023 - 00:20:52: SourceMod error session started
L 01/16/2023 - 00:20:52: Info (map "c2m1_highway") (file "/root/Steam/steamapps/common/Left 4 Dead 2 Dedicated Server/left4dead2/addons/sourcemod2/logs/errors_20230116.log")
L 01/16/2023 - 00:20:52: [SM] Unable to load plugin "extend/rpg.smx": Could not find required plugin "l4d2lib"
L 01/16/2023 - 00:26:42: [SM] Exception reported: Native is not bound
L 01/16/2023 - 00:26:42: [SM] Blaming: optional/spechud.smx
L 01/16/2023 - 00:26:42: [SM] Call stack trace:
L 01/16/2023 - 00:26:42: [SM]   [0] IsInReady
L 01/16/2023 - 00:26:42: [SM]   [1] Line 578, c:\Users\91889\Documents\GitHub\CompetitiveWithAnne\addons\sourcemod\scripting\spechud.sp::HudDrawTimer
L 01/16/2023 - 00:26:42: [SM] Exception reported: Native is not bound
L 01/16/2023 - 00:26:42: [SM] Blaming: optional/spechud.smx
L 01/16/2023 - 00:26:42: [SM] Call stack trace:
L 01/16/2023 - 00:26:42: [SM]   [0] IsInReady
L 01/16/2023 - 00:26:42: [SM]   [1] Line 578, c:\Users\91889\Documents\GitHub\CompetitiveWithAnne\addons\sourcemod\scripting\spechud.sp::HudDrawTimer
L 01/16/2023 - 00:26:43: [SM] Exception reported: Native is not bound
L 01/16/2023 - 00:26:43: [SM] Blaming: optional/spechud.smx
L 01/16/2023 - 00:26:43: [SM] Call stack trace:
L 01/16/2023 - 00:26:43: [SM]   [0] IsInReady
L 01/16/2023 - 00:26:43: [SM]   [1] Line 578, c:\Users\91889\Documents\GitHub\CompetitiveWithAnne\addons\sourcemod\scripting\spechud.sp::HudDrawTimer
L 01/16/2023 - 00:26:43: [SM] Exception reported: Native is not bound
L 01/16/2023 - 00:26:43: [SM] Blaming: optional/spechud.smx
L 01/16/2023 - 00:26:43: [SM] Call stack trace:
L 01/16/2023 - 00:26:43: [SM]   [0] IsInReady
L 01/16/2023 - 00:26:43: [SM]   [1] Line 578, c:\Users\91889\Documents\GitHub\CompetitiveWithAnne\addons\sourcemod\scripting\spechud.sp::HudDrawTimer
L 01/16/2023 - 00:26:44: [SM] Exception reported: Native is not bound
L 01/16/2023 - 00:26:44: [SM] Blaming: optional/spechud.smx
L 01/16/2023 - 00:26:44: [SM] Call stack trace:
L 01/16/2023 - 00:26:44: [SM]   [0] IsInReady
L 01/16/2023 - 00:26:44: [SM]   [1] Line 578, c:\Users\91889\Documents\GitHub\CompetitiveWithAnne\addons\sourcemod\scripting\spechud.sp::HudDrawTimer
L 01/16/2023 - 00:26:44: [SM] Exception reported: Native is not bound
L 01/16/2023 - 00:26:44: [SM] Blaming: optional/spechud.smx
L 01/16/2023 - 00:26:44: [SM] Call stack trace:
L 01/16/2023 - 00:26:44: [SM]   [0] IsInReady
L 01/16/2023 - 00:26:44: [SM]   [1] Line 578, c:\Users\91889\Documents\GitHub\CompetitiveWithAnne\addons\sourcemod\scripting\spechud.sp::HudDrawTimer
L 01/16/2023 - 00:26:45: Error log file session closed.
L 01/16/2023 - 00:26:47: SourceMod error session started
L 01/16/2023 - 00:26:47: Info (map "c2m1_highway") (file "/root/Steam/steamapps/common/Left 4 Dead 2 Dedicated Server/left4dead2/addons/sourcemod2/logs/errors_20230116.log")
L 01/16/2023 - 00:26:47: [SM] Exception reported: Native is not bound
L 01/16/2023 - 00:26:47: [SM] Blaming: optional/spechud.smx
L 01/16/2023 - 00:26:47: [SM] Call stack trace:
L 01/16/2023 - 00:26:47: [SM]   [0] IsInReady
L 01/16/2023 - 00:26:47: [SM]   [1] Line 578, c:\Users\91889\Documents\GitHub\CompetitiveWithAnne\addons\sourcemod\scripting\spechud.sp::HudDrawTimer
L 01/16/2023 - 00:26:47: [SM] Exception reported: Native is not bound
L 01/16/2023 - 00:26:47: [SM] Blaming: optional/spechud.smx
L 01/16/2023 - 00:26:47: [SM] Call stack trace:
L 01/16/2023 - 00:26:47: [SM]   [0] IsInReady
L 01/16/2023 - 00:26:47: [SM]   [1] Line 578, c:\Users\91889\Documents\GitHub\CompetitiveWithAnne\addons\sourcemod\scripting\spechud.sp::HudDrawTimer
L 01/16/2023 - 00:26:48: [SM] Exception reported: Native is not bound
L 01/16/2023 - 00:26:48: [SM] Blaming: optional/spechud.smx
L 01/16/2023 - 00:26:48: [SM] Call stack trace:
L 01/16/2023 - 00:26:48: [SM]   [0] IsInReady
L 01/16/2023 - 00:26:48: [SM]   [1] Line 578, c:\Users\91889\Documents\GitHub\CompetitiveWithAnne\addons\sourcemod\scripting\spechud.sp::HudDrawTimer
L 01/16/2023 - 00:26:48: [SM] Exception reported: Native is not bound
L 01/16/2023 - 00:26:48: [SM] Blaming: optional/spechud.smx
L 01/16/2023 - 00:26:48: [SM] Call stack trace:
L 01/16/2023 - 00:26:48: [SM]   [0] IsInReady
L 01/16/2023 - 00:26:48: [SM]   [1] Line 578, c:\Users\91889\Documents\GitHub\CompetitiveWithAnne\addons\sourcemod\scripting\spechud.sp::HudDrawTimer
L 01/16/2023 - 00:26:49: [SM] Exception reported: Native is not bound
L 01/16/2023 - 00:26:49: [SM] Blaming: optional/spechud.smx
L 01/16/2023 - 00:26:49: [SM] Call stack trace:
L 01/16/2023 - 00:26:49: [SM]   [0] IsInReady
L 01/16/2023 - 00:26:49: [SM]   [1] Line 578, c:\Users\91889\Documents\GitHub\CompetitiveWithAnne\addons\sourcemod\scripting\spechud.sp::HudDrawTimer
L 01/16/2023 - 00:26:49: [SM] Exception reported: Native is not bound
L 01/16/2023 - 00:26:49: [SM] Blaming: optional/spechud.smx
L 01/16/2023 - 00:26:49: [SM] Call stack trace:
L 01/16/2023 - 00:26:49: [SM]   [0] IsInReady
L 01/16/2023 - 00:26:49: [SM]   [1] Line 578, c:\Users\91889\Documents\GitHub\CompetitiveWithAnne\addons\sourcemod\scripting\spechud.sp::HudDrawTimer
L 01/16/2023 - 00:26:50: [SM] Exception reported: Native is not bound
L 01/16/2023 - 00:26:50: [SM] Blaming: optional/spechud.smx
L 01/16/2023 - 00:26:50: [SM] Call stack trace:
L 01/16/2023 - 00:26:50: [SM]   [0] IsInReady
L 01/16/2023 - 00:26:50: [SM]   [1] Line 578, c:\Users\91889\Documents\GitHub\CompetitiveWithAnne\addons\sourcemod\scripting\spechud.sp::HudDrawTimer
L 01/16/2023 - 00:26:50: [SM] Exception reported: Native is not bound
L 01/16/2023 - 00:26:50: [SM] Blaming: optional/spechud.smx
L 01/16/2023 - 00:26:50: [SM] Call stack trace:
L 01/16/2023 - 00:26:50: [SM]   [0] IsInReady
L 01/16/2023 - 00:26:50: [SM]   [1] Line 578, c:\Users\91889\Documents\GitHub\CompetitiveWithAnne\addons\sourcemod\scripting\spechud.sp::HudDrawTimer
L 01/16/2023 - 00:26:51: [SM] Exception reported: Native is not bound
L 01/16/2023 - 00:26:51: [SM] Blaming: optional/spechud.smx
L 01/16/2023 - 00:26:51: [SM] Call stack trace:
L 01/16/2023 - 00:26:51: [SM]   [0] IsInReady
L 01/16/2023 - 00:26:51: [SM]   [1] Line 578, c:\Users\91889\Documents\GitHub\CompetitiveWithAnne\addons\sourcemod\scripting\spechud.sp::HudDrawTimer
L 01/16/2023 - 00:26:51: [SM] Exception reported: Native is not bound
L 01/16/2023 - 00:26:51: [SM] Blaming: optional/spechud.smx
L 01/16/2023 - 00:26:51: [SM] Call stack trace:
L 01/16/2023 - 00:26:51: [SM]   [0] IsInReady
L 01/16/2023 - 00:26:51: [SM]   [1] Line 578, c:\Users\91889\Documents\GitHub\CompetitiveWithAnne\addons\sourcemod\scripting\spechud.sp::HudDrawTimer
L 01/16/2023 - 00:26:52: [SM] Exception reported: Native is not bound
L 01/16/2023 - 00:26:52: [SM] Blaming: optional/spechud.smx
L 01/16/2023 - 00:26:52: [SM] Call stack trace:
L 01/16/2023 - 00:26:52: [SM]   [0] IsInReady
L 01/16/2023 - 00:26:52: [SM]   [1] Line 578, c:\Users\91889\Documents\GitHub\CompetitiveWithAnne\addons\sourcemod\scripting\spechud.sp::HudDrawTimer
L 01/16/2023 - 00:26:52: [SM] Exception reported: Native is not bound
L 01/16/2023 - 00:26:52: [SM] Blaming: optional/spechud.smx
L 01/16/2023 - 00:26:52: [SM] Call stack trace:
L 01/16/2023 - 00:26:52: [SM]   [0] IsInReady
L 01/16/2023 - 00:26:52: [SM]   [1] Line 578, c:\Users\91889\Documents\GitHub\CompetitiveWithAnne\addons\sourcemod\scripting\spechud.sp::HudDrawTimer
L 01/16/2023 - 00:26:53: [SM] Exception reported: Native is not bound
L 01/16/2023 - 00:26:53: [SM] Blaming: optional/spechud.smx
L 01/16/2023 - 00:26:53: [SM] Call stack trace:
L 01/16/2023 - 00:26:53: [SM]   [0] IsInReady
L 01/16/2023 - 00:26:53: [SM]   [1] Line 578, c:\Users\91889\Documents\GitHub\CompetitiveWithAnne\addons\sourcemod\scripting\spechud.sp::HudDrawTimer
L 01/16/2023 - 00:26:53: [SM] Exception reported: Native is not bound
L 01/16/2023 - 00:26:53: [SM] Blaming: optional/spechud.smx
L 01/16/2023 - 00:26:53: [SM] Call stack trace:
L 01/16/2023 - 00:26:53: [SM]   [0] IsInReady
L 01/16/2023 - 00:26:53: [SM]   [1] Line 578, c:\Users\91889\Documents\GitHub\CompetitiveWithAnne\addons\sourcemod\scripting\spechud.sp::HudDrawTimer
L 01/16/2023 - 00:26:54: [SM] Exception reported: Native is not bound
L 01/16/2023 - 00:26:54: [SM] Blaming: optional/spechud.smx
L 01/16/2023 - 00:26:54: [SM] Call stack trace:
L 01/16/2023 - 00:26:54: [SM]   [0] IsInReady
L 01/16/2023 - 00:26:54: [SM]   [1] Line 578, c:\Users\91889\Documents\GitHub\CompetitiveWithAnne\addons\sourcemod\scripting\spechud.sp::HudDrawTimer
L 01/16/2023 - 00:26:54: [SM] Exception reported: Native is not bound
L 01/16/2023 - 00:26:54: [SM] Blaming: optional/spechud.smx
L 01/16/2023 - 00:26:54: [SM] Call stack trace:
L 01/16/2023 - 00:26:54: [SM]   [0] IsInReady
L 01/16/2023 - 00:26:54: [SM]   [1] Line 578, c:\Users\91889\Documents\GitHub\CompetitiveWithAnne\addons\sourcemod\scripting\spechud.sp::HudDrawTimer
L 01/16/2023 - 00:26:55: [SM] Exception reported: Native is not bound
L 01/16/2023 - 00:26:55: [SM] Blaming: optional/spechud.smx
L 01/16/2023 - 00:26:55: [SM] Call stack trace:
L 01/16/2023 - 00:26:55: [SM]   [0] IsInReady
L 01/16/2023 - 00:26:55: [SM]   [1] Line 578, c:\Users\91889\Documents\GitHub\CompetitiveWithAnne\addons\sourcemod\scripting\spechud.sp::HudDrawTimer
L 01/16/2023 - 00:26:55: [SM] Exception reported: Native is not bound
L 01/16/2023 - 00:26:55: [SM] Blaming: optional/spechud.smx
L 01/16/2023 - 00:26:55: [SM] Call stack trace:
L 01/16/2023 - 00:26:55: [SM]   [0] IsInReady
L 01/16/2023 - 00:26:55: [SM]   [1] Line 578, c:\Users\91889\Documents\GitHub\CompetitiveWithAnne\addons\sourcemod\scripting\spechud.sp::HudDrawTimer
L 01/16/2023 - 00:26:56: [SM] Exception reported: Native is not bound
L 01/16/2023 - 00:26:56: [SM] Blaming: optional/spechud.smx
L 01/16/2023 - 00:26:56: [SM] Call stack trace:
L 01/16/2023 - 00:26:56: [SM]   [0] IsInReady
L 01/16/2023 - 00:26:56: [SM]   [1] Line 578, c:\Users\91889\Documents\GitHub\CompetitiveWithAnne\addons\sourcemod\scripting\spechud.sp::HudDrawTimer
L 01/16/2023 - 00:26:56: [SM] Exception reported: Native is not bound
L 01/16/2023 - 00:26:56: [SM] Blaming: optional/spechud.smx
L 01/16/2023 - 00:26:56: [SM] Call stack trace:
L 01/16/2023 - 00:26:56: [SM]   [0] IsInReady
L 01/16/2023 - 00:26:56: [SM]   [1] Line 578, c:\Users\91889\Documents\GitHub\CompetitiveWithAnne\addons\sourcemod\scripting\spechud.sp::HudDrawTimer
L 01/16/2023 - 00:26:57: [SM] Exception reported: Native is not bound
L 01/16/2023 - 00:26:57: [SM] Blaming: optional/spechud.smx
L 01/16/2023 - 00:26:57: [SM] Call stack trace:
L 01/16/2023 - 00:26:57: [SM]   [0] IsInReady
L 01/16/2023 - 00:26:57: [SM]   [1] Line 578, c:\Users\91889\Documents\GitHub\CompetitiveWithAnne\addons\sourcemod\scripting\spechud.sp::HudDrawTimer
L 01/16/2023 - 00:26:57: [SM] Exception reported: Native is not bound
L 01/16/2023 - 00:26:57: [SM] Blaming: optional/spechud.smx
L 01/16/2023 - 00:26:57: [SM] Call stack trace:
L 01/16/2023 - 00:26:57: [SM]   [0] IsInReady
L 01/16/2023 - 00:26:57: [SM]   [1] Line 578, c:\Users\91889\Documents\GitHub\CompetitiveWithAnne\addons\sourcemod\scripting\spechud.sp::HudDrawTimer
L 01/16/2023 - 00:26:58: [SM] Exception reported: Native is not bound
L 01/16/2023 - 00:26:58: [SM] Blaming: optional/spechud.smx
L 01/16/2023 - 00:26:58: [SM] Call stack trace:
L 01/16/2023 - 00:26:58: [SM]   [0] IsInReady
L 01/16/2023 - 00:26:58: [SM]   [1] Line 578, c:\Users\91889\Documents\GitHub\CompetitiveWithAnne\addons\sourcemod\scripting\spechud.sp::HudDrawTimer
L 01/16/2023 - 00:26:59: [SM] Exception reported: Native is not bound
L 01/16/2023 - 00:26:59: [SM] Blaming: optional/spechud.smx
L 01/16/2023 - 00:26:59: [SM] Call stack trace:
L 01/16/2023 - 00:26:59: [SM]   [0] IsInReady
L 01/16/2023 - 00:26:59: [SM]   [1] Line 578, c:\Users\91889\Documents\GitHub\CompetitiveWithAnne\addons\sourcemod\scripting\spechud.sp::HudDrawTimer
L 01/16/2023 - 00:26:59: [SM] Exception reported: Native is not bound
L 01/16/2023 - 00:26:59: [SM] Blaming: optional/spechud.smx
L 01/16/2023 - 00:26:59: [SM] Call stack trace:
L 01/16/2023 - 00:26:59: [SM]   [0] IsInReady
L 01/16/2023 - 00:26:59: [SM]   [1] Line 578, c:\Users\91889\Documents\GitHub\CompetitiveWithAnne\addons\sourcemod\scripting\spechud.sp::HudDrawTimer
L 01/16/2023 - 00:27:00: [SM] Exception reported: Native is not bound
L 01/16/2023 - 00:27:00: [SM] Blaming: optional/spechud.smx
L 01/16/2023 - 00:27:00: [SM] Call stack trace:
L 01/16/2023 - 00:27:00: [SM]   [0] IsInReady
L 01/16/2023 - 00:27:00: [SM]   [1] Line 578, c:\Users\91889\Documents\GitHub\CompetitiveWithAnne\addons\sourcemod\scripting\spechud.sp::HudDrawTimer
L 01/16/2023 - 00:27:00: [SM] Exception reported: Native is not bound
L 01/16/2023 - 00:27:00: [SM] Blaming: optional/spechud.smx
L 01/16/2023 - 00:27:00: [SM] Call stack trace:
L 01/16/2023 - 00:27:00: [SM]   [0] IsInReady
L 01/16/2023 - 00:27:00: [SM]   [1] Line 578, c:\Users\91889\Documents\GitHub\CompetitiveWithAnne\addons\sourcemod\scripting\spechud.sp::HudDrawTimer
L 01/16/2023 - 00:27:01: [SM] Exception reported: Native is not bound
L 01/16/2023 - 00:27:01: [SM] Blaming: optional/spechud.smx
L 01/16/2023 - 00:27:01: [SM] Call stack trace:
L 01/16/2023 - 00:27:01: [SM]   [0] IsInReady
L 01/16/2023 - 00:27:01: [SM]   [1] Line 578, c:\Users\91889\Documents\GitHub\CompetitiveWithAnne\addons\sourcemod\scripting\spechud.sp::HudDrawTimer
L 01/16/2023 - 00:27:01: [SM] Exception reported: Native is not bound
L 01/16/2023 - 00:27:01: [SM] Blaming: optional/spechud.smx
L 01/16/2023 - 00:27:01: [SM] Call stack trace:
L 01/16/2023 - 00:27:01: [SM]   [0] IsInReady
L 01/16/2023 - 00:27:01: [SM]   [1] Line 578, c:\Users\91889\Documents\GitHub\CompetitiveWithAnne\addons\sourcemod\scripting\spechud.sp::HudDrawTimer
L 01/16/2023 - 00:27:02: [SM] Exception reported: Native is not bound
L 01/16/2023 - 00:27:02: [SM] Blaming: optional/spechud.smx
L 01/16/2023 - 00:27:02: [SM] Call stack trace:
L 01/16/2023 - 00:27:02: [SM]   [0] IsInReady
L 01/16/2023 - 00:27:02: [SM]   [1] Line 578, c:\Users\91889\Documents\GitHub\CompetitiveWithAnne\addons\sourcemod\scripting\spechud.sp::HudDrawTimer
L 01/16/2023 - 00:27:02: [SM] Exception reported: Native is not bound
L 01/16/2023 - 00:27:02: [SM] Blaming: optional/spechud.smx
L 01/16/2023 - 00:27:02: [SM] Call stack trace:
L 01/16/2023 - 00:27:02: [SM]   [0] IsInReady
L 01/16/2023 - 00:27:02: [SM]   [1] Line 578, c:\Users\91889\Documents\GitHub\CompetitiveWithAnne\addons\sourcemod\scripting\spechud.sp::HudDrawTimer
L 01/16/2023 - 00:27:03: [SM] Exception reported: Native is not bound
L 01/16/2023 - 00:27:03: [SM] Blaming: optional/spechud.smx
L 01/16/2023 - 00:27:03: [SM] Call stack trace:
L 01/16/2023 - 00:27:03: [SM]   [0] IsInReady
L 01/16/2023 - 00:27:03: [SM]   [1] Line 578, c:\Users\91889\Documents\GitHub\CompetitiveWithAnne\addons\sourcemod\scripting\spechud.sp::HudDrawTimer
L 01/16/2023 - 00:27:03: [SM] Exception reported: Native is not bound
L 01/16/2023 - 00:27:03: [SM] Blaming: optional/spechud.smx
L 01/16/2023 - 00:27:03: [SM] Call stack trace:
L 01/16/2023 - 00:27:03: [SM]   [0] IsInReady
L 01/16/2023 - 00:27:03: [SM]   [1] Line 578, c:\Users\91889\Documents\GitHub\CompetitiveWithAnne\addons\sourcemod\scripting\spechud.sp::HudDrawTimer
L 01/16/2023 - 00:27:04: [SM] Exception reported: Native is not bound
L 01/16/2023 - 00:27:04: [SM] Blaming: optional/spechud.smx
L 01/16/2023 - 00:27:04: [SM] Call stack trace:
L 01/16/2023 - 00:27:04: [SM]   [0] IsInReady
L 01/16/2023 - 00:27:04: [SM]   [1] Line 578, c:\Users\91889\Documents\GitHub\CompetitiveWithAnne\addons\sourcemod\scripting\spechud.sp::HudDrawTimer
L 01/16/2023 - 00:27:04: [SM] Exception reported: Native is not bound
L 01/16/2023 - 00:27:04: [SM] Blaming: optional/spechud.smx
L 01/16/2023 - 00:27:04: [SM] Call stack trace:
L 01/16/2023 - 00:27:04: [SM]   [0] IsInReady
L 01/16/2023 - 00:27:04: [SM]   [1] Line 578, c:\Users\91889\Documents\GitHub\CompetitiveWithAnne\addons\sourcemod\scripting\spechud.sp::HudDrawTimer
L 01/16/2023 - 00:27:05: [SM] Exception reported: Native is not bound
L 01/16/2023 - 00:27:05: [SM] Blaming: optional/spechud.smx
L 01/16/2023 - 00:27:05: [SM] Call stack trace:
L 01/16/2023 - 00:27:05: [SM]   [0] IsInReady
L 01/16/2023 - 00:27:05: [SM]   [1] Line 578, c:\Users\91889\Documents\GitHub\CompetitiveWithAnne\addons\sourcemod\scripting\spechud.sp::HudDrawTimer
L 01/16/2023 - 00:27:05: [SM] Exception reported: Native is not bound
L 01/16/2023 - 00:27:05: [SM] Blaming: optional/spechud.smx
L 01/16/2023 - 00:27:05: [SM] Call stack trace:
L 01/16/2023 - 00:27:05: [SM]   [0] IsInReady
L 01/16/2023 - 00:27:05: [SM]   [1] Line 578, c:\Users\91889\Documents\GitHub\CompetitiveWithAnne\addons\sourcemod\scripting\spechud.sp::HudDrawTimer
L 01/16/2023 - 00:27:06: [SM] Exception reported: Native is not bound
L 01/16/2023 - 00:27:06: [SM] Blaming: optional/spechud.smx
L 01/16/2023 - 00:27:06: [SM] Call stack trace:
L 01/16/2023 - 00:27:06: [SM]   [0] IsInReady
L 01/16/2023 - 00:27:06: [SM]   [1] Line 578, c:\Users\91889\Documents\GitHub\CompetitiveWithAnne\addons\sourcemod\scripting\spechud.sp::HudDrawTimer
L 01/16/2023 - 00:27:06: [SM] Exception reported: Native is not bound
L 01/16/2023 - 00:27:06: [SM] Blaming: optional/spechud.smx
L 01/16/2023 - 00:27:06: [SM] Call stack trace:
L 01/16/2023 - 00:27:06: [SM]   [0] IsInReady
L 01/16/2023 - 00:27:06: [SM]   [1] Line 578, c:\Users\91889\Documents\GitHub\CompetitiveWithAnne\addons\sourcemod\scripting\spechud.sp::HudDrawTimer
L 01/16/2023 - 00:27:07: [SM] Exception reported: Native is not bound
L 01/16/2023 - 00:27:07: [SM] Blaming: optional/spechud.smx
L 01/16/2023 - 00:27:07: [SM] Call stack trace:
L 01/16/2023 - 00:27:07: [SM]   [0] IsInReady
L 01/16/2023 - 00:27:07: [SM]   [1] Line 578, c:\Users\91889\Documents\GitHub\CompetitiveWithAnne\addons\sourcemod\scripting\spechud.sp::HudDrawTimer
L 01/16/2023 - 00:27:07: [SM] Exception reported: Native is not bound
L 01/16/2023 - 00:27:07: [SM] Blaming: optional/spechud.smx
L 01/16/2023 - 00:27:07: [SM] Call stack trace:
L 01/16/2023 - 00:27:07: [SM]   [0] IsInReady
L 01/16/2023 - 00:27:07: [SM]   [1] Line 578, c:\Users\91889\Documents\GitHub\CompetitiveWithAnne\addons\sourcemod\scripting\spechud.sp::HudDrawTimer
L 01/16/2023 - 00:27:08: [SM] Exception reported: Native is not bound
L 01/16/2023 - 00:27:08: [SM] Blaming: optional/spechud.smx
L 01/16/2023 - 00:27:08: [SM] Call stack trace:
L 01/16/2023 - 00:27:08: [SM]   [0] IsInReady
L 01/16/2023 - 00:27:08: [SM]   [1] Line 578, c:\Users\91889\Documents\GitHub\CompetitiveWithAnne\addons\sourcemod\scripting\spechud.sp::HudDrawTimer
L 01/16/2023 - 00:27:08: [SM] Exception reported: Native is not bound
L 01/16/2023 - 00:27:08: [SM] Blaming: optional/spechud.smx
L 01/16/2023 - 00:27:08: [SM] Call stack trace:
L 01/16/2023 - 00:27:08: [SM]   [0] IsInReady
L 01/16/2023 - 00:27:08: [SM]   [1] Line 578, c:\Users\91889\Documents\GitHub\CompetitiveWithAnne\addons\sourcemod\scripting\spechud.sp::HudDrawTimer
L 01/16/2023 - 00:27:09: [SM] Exception reported: Native is not bound
L 01/16/2023 - 00:27:09: [SM] Blaming: optional/spechud.smx
L 01/16/2023 - 00:27:09: [SM] Call stack trace:
L 01/16/2023 - 00:27:09: [SM]   [0] IsInReady
L 01/16/2023 - 00:27:09: [SM]   [1] Line 578, c:\Users\91889\Documents\GitHub\CompetitiveWithAnne\addons\sourcemod\scripting\spechud.sp::HudDrawTimer
L 01/16/2023 - 00:27:09: [SM] Exception reported: Native is not bound
L 01/16/2023 - 00:27:09: [SM] Blaming: optional/spechud.smx
L 01/16/2023 - 00:27:09: [SM] Call stack trace:
L 01/16/2023 - 00:27:09: [SM]   [0] IsInReady
L 01/16/2023 - 00:27:09: [SM]   [1] Line 578, c:\Users\91889\Documents\GitHub\CompetitiveWithAnne\addons\sourcemod\scripting\spechud.sp::HudDrawTimer
L 01/16/2023 - 00:27:10: [SM] Exception reported: Native is not bound
L 01/16/2023 - 00:27:10: [SM] Blaming: optional/spechud.smx
L 01/16/2023 - 00:27:10: [SM] Call stack trace:
L 01/16/2023 - 00:27:10: [SM]   [0] IsInReady
L 01/16/2023 - 00:27:10: [SM]   [1] Line 578, c:\Users\91889\Documents\GitHub\CompetitiveWithAnne\addons\sourcemod\scripting\spechud.sp::HudDrawTimer
L 01/16/2023 - 00:27:10: [SM] Exception reported: Native is not bound
L 01/16/2023 - 00:27:10: [SM] Blaming: optional/spechud.smx
L 01/16/2023 - 00:27:10: [SM] Call stack trace:
L 01/16/2023 - 00:27:10: [SM]   [0] IsInReady
L 01/16/2023 - 00:27:10: [SM]   [1] Line 578, c:\Users\91889\Documents\GitHub\CompetitiveWithAnne\addons\sourcemod\scripting\spechud.sp::HudDrawTimer
L 01/16/2023 - 00:27:11: [SM] Exception reported: Native is not bound
L 01/16/2023 - 00:27:11: [SM] Blaming: optional/spechud.smx
L 01/16/2023 - 00:27:11: [SM] Call stack trace:
L 01/16/2023 - 00:27:11: [SM]   [0] IsInReady
L 01/16/2023 - 00:27:11: [SM]   [1] Line 578, c:\Users\91889\Documents\GitHub\CompetitiveWithAnne\addons\sourcemod\scripting\spechud.sp::HudDrawTimer
L 01/16/2023 - 00:27:11: [SM] Exception reported: Native is not bound
L 01/16/2023 - 00:27:11: [SM] Blaming: optional/spechud.smx
L 01/16/2023 - 00:27:11: [SM] Call stack trace:
L 01/16/2023 - 00:27:11: [SM]   [0] IsInReady
L 01/16/2023 - 00:27:11: [SM]   [1] Line 578, c:\Users\91889\Documents\GitHub\CompetitiveWithAnne\addons\sourcemod\scripting\spechud.sp::HudDrawTimer
L 01/16/2023 - 00:27:12: [SM] Exception reported: Native is not bound
L 01/16/2023 - 00:27:12: [SM] Blaming: optional/spechud.smx
L 01/16/2023 - 00:27:12: [SM] Call stack trace:
L 01/16/2023 - 00:27:12: [SM]   [0] IsInReady
L 01/16/2023 - 00:27:12: [SM]   [1] Line 578, c:\Users\91889\Documents\GitHub\CompetitiveWithAnne\addons\sourcemod\scripting\spechud.sp::HudDrawTimer
L 01/16/2023 - 00:27:12: [SM] Exception reported: Native is not bound
L 01/16/2023 - 00:27:12: [SM] Blaming: optional/spechud.smx
L 01/16/2023 - 00:27:12: [SM] Call stack trace:
L 01/16/2023 - 00:27:12: [SM]   [0] IsInReady
L 01/16/2023 - 00:27:12: [SM]   [1] Line 578, c:\Users\91889\Documents\GitHub\CompetitiveWithAnne\addons\sourcemod\scripting\spechud.sp::HudDrawTimer
L 01/16/2023 - 00:27:13: [SM] Exception reported: Native is not bound
L 01/16/2023 - 00:27:13: [SM] Blaming: optional/spechud.smx
L 01/16/2023 - 00:27:13: [SM] Call stack trace:
L 01/16/2023 - 00:27:13: [SM]   [0] IsInReady
L 01/16/2023 - 00:27:13: [SM]   [1] Line 578, c:\Users\91889\Documents\GitHub\CompetitiveWithAnne\addons\sourcemod\scripting\spechud.sp::HudDrawTimer
L 01/16/2023 - 00:27:13: [SM] Exception reported: Native is not bound
L 01/16/2023 - 00:27:13: [SM] Blaming: optional/spechud.smx
L 01/16/2023 - 00:27:13: [SM] Call stack trace:
L 01/16/2023 - 00:27:13: [SM]   [0] IsInReady
L 01/16/2023 - 00:27:13: [SM]   [1] Line 578, c:\Users\91889\Documents\GitHub\CompetitiveWithAnne\addons\sourcemod\scripting\spechud.sp::HudDrawTimer
L 01/16/2023 - 00:27:14: [SM] Exception reported: Native is not bound
L 01/16/2023 - 00:27:14: [SM] Blaming: optional/spechud.smx
L 01/16/2023 - 00:27:14: [SM] Call stack trace:
L 01/16/2023 - 00:27:14: [SM]   [0] IsInReady
L 01/16/2023 - 00:27:14: [SM]   [1] Line 578, c:\Users\91889\Documents\GitHub\CompetitiveWithAnne\addons\sourcemod\scripting\spechud.sp::HudDrawTimer
L 01/16/2023 - 00:27:14: [SM] Exception reported: Native is not bound
L 01/16/2023 - 00:27:14: [SM] Blaming: optional/spechud.smx
L 01/16/2023 - 00:27:14: [SM] Call stack trace:
L 01/16/2023 - 00:27:14: [SM]   [0] IsInReady
L 01/16/2023 - 00:27:14: [SM]   [1] Line 578, c:\Users\91889\Documents\GitHub\CompetitiveWithAnne\addons\sourcemod\scripting\spechud.sp::HudDrawTimer
L 01/16/2023 - 00:27:15: [SM] Exception reported: Native is not bound
L 01/16/2023 - 00:27:15: [SM] Blaming: optional/spechud.smx
L 01/16/2023 - 00:27:15: [SM] Call stack trace:
L 01/16/2023 - 00:27:15: [SM]   [0] IsInReady
L 01/16/2023 - 00:27:15: [SM]   [1] Line 578, c:\Users\91889\Documents\GitHub\CompetitiveWithAnne\addons\sourcemod\scripting\spechud.sp::HudDrawTimer
L 01/16/2023 - 00:27:15: [SM] Exception reported: Native is not bound
L 01/16/2023 - 00:27:15: [SM] Blaming: optional/spechud.smx
L 01/16/2023 - 00:27:15: [SM] Call stack trace:
L 01/16/2023 - 00:27:15: [SM]   [0] IsInReady
L 01/16/2023 - 00:27:15: [SM]   [1] Line 578, c:\Users\91889\Documents\GitHub\CompetitiveWithAnne\addons\sourcemod\scripting\spechud.sp::HudDrawTimer
L 01/16/2023 - 00:27:16: [SM] Exception reported: Native is not bound
L 01/16/2023 - 00:27:16: [SM] Blaming: optional/spechud.smx
L 01/16/2023 - 00:27:16: [SM] Call stack trace:
L 01/16/2023 - 00:27:16: [SM]   [0] IsInReady
L 01/16/2023 - 00:27:16: [SM]   [1] Line 578, c:\Users\91889\Documents\GitHub\CompetitiveWithAnne\addons\sourcemod\scripting\spechud.sp::HudDrawTimer
L 01/16/2023 - 00:27:16: [SM] Exception reported: Native is not bound
L 01/16/2023 - 00:27:16: [SM] Blaming: optional/spechud.smx
L 01/16/2023 - 00:27:16: [SM] Call stack trace:
L 01/16/2023 - 00:27:16: [SM]   [0] IsInReady
L 01/16/2023 - 00:27:16: [SM]   [1] Line 578, c:\Users\91889\Documents\GitHub\CompetitiveWithAnne\addons\sourcemod\scripting\spechud.sp::HudDrawTimer
L 01/16/2023 - 00:27:17: [SM] Exception reported: Native is not bound
L 01/16/2023 - 00:27:17: [SM] Blaming: optional/spechud.smx
L 01/16/2023 - 00:27:17: [SM] Call stack trace:
L 01/16/2023 - 00:27:17: [SM]   [0] IsInReady
L 01/16/2023 - 00:27:17: [SM]   [1] Line 578, c:\Users\91889\Documents\GitHub\CompetitiveWithAnne\addons\sourcemod\scripting\spechud.sp::HudDrawTimer
L 01/16/2023 - 00:27:17: [SM] Exception reported: Native is not bound
L 01/16/2023 - 00:27:17: [SM] Blaming: optional/spechud.smx
L 01/16/2023 - 00:27:17: [SM] Call stack trace:
L 01/16/2023 - 00:27:17: [SM]   [0] IsInReady
L 01/16/2023 - 00:27:17: [SM]   [1] Line 578, c:\Users\91889\Documents\GitHub\CompetitiveWithAnne\addons\sourcemod\scripting\spechud.sp::HudDrawTimer
L 01/16/2023 - 00:27:18: [SM] Exception reported: Native is not bound
L 01/16/2023 - 00:27:18: [SM] Blaming: optional/spechud.smx
L 01/16/2023 - 00:27:18: [SM] Call stack trace:
L 01/16/2023 - 00:27:18: [SM]   [0] IsInReady
L 01/16/2023 - 00:27:18: [SM]   [1] Line 578, c:\Users\91889\Documents\GitHub\CompetitiveWithAnne\addons\sourcemod\scripting\spechud.sp::HudDrawTimer
L 01/16/2023 - 00:27:18: [SM] Exception reported: Native is not bound
L 01/16/2023 - 00:27:18: [SM] Blaming: optional/spechud.smx
L 01/16/2023 - 00:27:18: [SM] Call stack trace:
L 01/16/2023 - 00:27:18: [SM]   [0] IsInReady
L 01/16/2023 - 00:27:18: [SM]   [1] Line 578, c:\Users\91889\Documents\GitHub\CompetitiveWithAnne\addons\sourcemod\scripting\spechud.sp::HudDrawTimer
L 01/16/2023 - 00:27:19: [SM] Exception reported: Native is not bound
L 01/16/2023 - 00:27:19: [SM] Blaming: optional/spechud.smx
L 01/16/2023 - 00:27:19: [SM] Call stack trace:
L 01/16/2023 - 00:27:19: [SM]   [0] IsInReady
L 01/16/2023 - 00:27:19: [SM]   [1] Line 578, c:\Users\91889\Documents\GitHub\CompetitiveWithAnne\addons\sourcemod\scripting\spechud.sp::HudDrawTimer
L 01/16/2023 - 00:27:19: [SM] Exception reported: Native is not bound
L 01/16/2023 - 00:27:19: [SM] Blaming: optional/spechud.smx
L 01/16/2023 - 00:27:19: [SM] Call stack trace:
L 01/16/2023 - 00:27:19: [SM]   [0] IsInReady
L 01/16/2023 - 00:27:19: [SM]   [1] Line 578, c:\Users\91889\Documents\GitHub\CompetitiveWithAnne\addons\sourcemod\scripting\spechud.sp::HudDrawTimer
L 01/16/2023 - 00:27:20: [SM] Exception reported: Native is not bound
L 01/16/2023 - 00:27:20: [SM] Blaming: optional/spechud.smx
L 01/16/2023 - 00:27:20: [SM] Call stack trace:
L 01/16/2023 - 00:27:20: [SM]   [0] IsInReady
L 01/16/2023 - 00:27:20: [SM]   [1] Line 578, c:\Users\91889\Documents\GitHub\CompetitiveWithAnne\addons\sourcemod\scripting\spechud.sp::HudDrawTimer
L 01/16/2023 - 00:27:20: [SM] Exception reported: Native is not bound
L 01/16/2023 - 00:27:20: [SM] Blaming: optional/spechud.smx
L 01/16/2023 - 00:27:20: [SM] Call stack trace:
L 01/16/2023 - 00:27:20: [SM]   [0] IsInReady
L 01/16/2023 - 00:27:20: [SM]   [1] Line 578, c:\Users\91889\Documents\GitHub\CompetitiveWithAnne\addons\sourcemod\scripting\spechud.sp::HudDrawTimer
L 01/16/2023 - 00:27:21: [SM] Exception reported: Native is not bound
L 01/16/2023 - 00:27:21: [SM] Blaming: optional/spechud.smx
L 01/16/2023 - 00:27:21: [SM] Call stack trace:
L 01/16/2023 - 00:27:21: [SM]   [0] IsInReady
L 01/16/2023 - 00:27:21: [SM]   [1] Line 578, c:\Users\91889\Documents\GitHub\CompetitiveWithAnne\addons\sourcemod\scripting\spechud.sp::HudDrawTimer
L 01/16/2023 - 00:27:21: [SM] Exception reported: Native is not bound
L 01/16/2023 - 00:27:21: [SM] Blaming: optional/spechud.smx
L 01/16/2023 - 00:27:21: [SM] Call stack trace:
L 01/16/2023 - 00:27:21: [SM]   [0] IsInReady
L 01/16/2023 - 00:27:21: [SM]   [1] Line 578, c:\Users\91889\Documents\GitHub\CompetitiveWithAnne\addons\sourcemod\scripting\spechud.sp::HudDrawTimer
L 01/16/2023 - 00:27:22: [SM] Exception reported: Native is not bound
L 01/16/2023 - 00:27:22: [SM] Blaming: optional/spechud.smx
L 01/16/2023 - 00:27:22: [SM] Call stack trace:
L 01/16/2023 - 00:27:22: [SM]   [0] IsInReady
L 01/16/2023 - 00:27:22: [SM]   [1] Line 578, c:\Users\91889\Documents\GitHub\CompetitiveWithAnne\addons\sourcemod\scripting\spechud.sp::HudDrawTimer
L 01/16/2023 - 00:27:22: [SM] Exception reported: Native is not bound
L 01/16/2023 - 00:27:22: [SM] Blaming: optional/spechud.smx
L 01/16/2023 - 00:27:22: [SM] Call stack trace:
L 01/16/2023 - 00:27:22: [SM]   [0] IsInReady
L 01/16/2023 - 00:27:22: [SM]   [1] Line 578, c:\Users\91889\Documents\GitHub\CompetitiveWithAnne\addons\sourcemod\scripting\spechud.sp::HudDrawTimer
L 01/16/2023 - 00:27:23: [SM] Exception reported: Native is not bound
L 01/16/2023 - 00:27:23: [SM] Blaming: optional/spechud.smx
L 01/16/2023 - 00:27:23: [SM] Call stack trace:
L 01/16/2023 - 00:27:23: [SM]   [0] IsInReady
L 01/16/2023 - 00:27:23: [SM]   [1] Line 578, c:\Users\91889\Documents\GitHub\CompetitiveWithAnne\addons\sourcemod\scripting\spechud.sp::HudDrawTimer
L 01/16/2023 - 00:27:23: [SM] Exception reported: Native is not bound
L 01/16/2023 - 00:27:23: [SM] Blaming: optional/spechud.smx
L 01/16/2023 - 00:27:23: [SM] Call stack trace:
L 01/16/2023 - 00:27:23: [SM]   [0] IsInReady
L 01/16/2023 - 00:27:23: [SM]   [1] Line 578, c:\Users\91889\Documents\GitHub\CompetitiveWithAnne\addons\sourcemod\scripting\spechud.sp::HudDrawTimer
L 01/16/2023 - 00:27:24: [SM] Exception reported: Native is not bound
L 01/16/2023 - 00:27:24: [SM] Blaming: optional/spechud.smx
L 01/16/2023 - 00:27:24: [SM] Call stack trace:
L 01/16/2023 - 00:27:24: [SM]   [0] IsInReady
L 01/16/2023 - 00:27:24: [SM]   [1] Line 578, c:\Users\91889\Documents\GitHub\CompetitiveWithAnne\addons\sourcemod\scripting\spechud.sp::HudDrawTimer
L 01/16/2023 - 00:27:24: [SM] Exception reported: Native is not bound
L 01/16/2023 - 00:27:24: [SM] Blaming: optional/spechud.smx
L 01/16/2023 - 00:27:24: [SM] Call stack trace:
L 01/16/2023 - 00:27:24: [SM]   [0] IsInReady
L 01/16/2023 - 00:27:24: [SM]   [1] Line 578, c:\Users\91889\Documents\GitHub\CompetitiveWithAnne\addons\sourcemod\scripting\spechud.sp::HudDrawTimer
L 01/16/2023 - 00:27:25: [SM] Exception reported: Native is not bound
L 01/16/2023 - 00:27:25: [SM] Blaming: optional/spechud.smx
L 01/16/2023 - 00:27:25: [SM] Call stack trace:
L 01/16/2023 - 00:27:25: [SM]   [0] IsInReady
L 01/16/2023 - 00:27:25: [SM]   [1] Line 578, c:\Users\91889\Documents\GitHub\CompetitiveWithAnne\addons\sourcemod\scripting\spechud.sp::HudDrawTimer
L 01/16/2023 - 00:27:25: [SM] Exception reported: Native is not bound
L 01/16/2023 - 00:27:25: [SM] Blaming: optional/spechud.smx
L 01/16/2023 - 00:27:25: [SM] Call stack trace:
L 01/16/2023 - 00:27:25: [SM]   [0] IsInReady
L 01/16/2023 - 00:27:25: [SM]   [1] Line 578, c:\Users\91889\Documents\GitHub\CompetitiveWithAnne\addons\sourcemod\scripting\spechud.sp::HudDrawTimer
L 01/16/2023 - 00:27:26: [SM] Exception reported: Native is not bound
L 01/16/2023 - 00:27:26: [SM] Blaming: optional/spechud.smx
L 01/16/2023 - 00:27:26: [SM] Call stack trace:
L 01/16/2023 - 00:27:26: [SM]   [0] IsInReady
L 01/16/2023 - 00:27:26: [SM]   [1] Line 578, c:\Users\91889\Documents\GitHub\CompetitiveWithAnne\addons\sourcemod\scripting\spechud.sp::HudDrawTimer
L 01/16/2023 - 00:27:26: [SM] Exception reported: Native is not bound
L 01/16/2023 - 00:27:26: [SM] Blaming: optional/spechud.smx
L 01/16/2023 - 00:27:26: [SM] Call stack trace:
L 01/16/2023 - 00:27:26: [SM]   [0] IsInReady
L 01/16/2023 - 00:27:26: [SM]   [1] Line 578, c:\Users\91889\Documents\GitHub\CompetitiveWithAnne\addons\sourcemod\scripting\spechud.sp::HudDrawTimer
L 01/16/2023 - 00:27:27: [SM] Exception reported: Native is not bound
L 01/16/2023 - 00:27:27: [SM] Blaming: optional/spechud.smx
L 01/16/2023 - 00:27:27: [SM] Call stack trace:
L 01/16/2023 - 00:27:27: [SM]   [0] IsInReady
L 01/16/2023 - 00:27:27: [SM]   [1] Line 578, c:\Users\91889\Documents\GitHub\CompetitiveWithAnne\addons\sourcemod\scripting\spechud.sp::HudDrawTimer
L 01/16/2023 - 00:27:27: [SM] Exception reported: Native is not bound
L 01/16/2023 - 00:27:27: [SM] Blaming: optional/spechud.smx
L 01/16/2023 - 00:27:27: [SM] Call stack trace:
L 01/16/2023 - 00:27:27: [SM]   [0] IsInReady
L 01/16/2023 - 00:27:27: [SM]   [1] Line 578, c:\Users\91889\Documents\GitHub\CompetitiveWithAnne\addons\sourcemod\scripting\spechud.sp::HudDrawTimer
L 01/16/2023 - 00:27:28: [SM] Exception reported: Native is not bound
L 01/16/2023 - 00:27:28: [SM] Blaming: optional/spechud.smx
L 01/16/2023 - 00:27:28: [SM] Call stack trace:
L 01/16/2023 - 00:27:28: [SM]   [0] IsInReady
L 01/16/2023 - 00:27:28: [SM]   [1] Line 578, c:\Users\91889\Documents\GitHub\CompetitiveWithAnne\addons\sourcemod\scripting\spechud.sp::HudDrawTimer
L 01/16/2023 - 00:27:28: [SM] Exception reported: Native is not bound
L 01/16/2023 - 00:27:28: [SM] Blaming: optional/spechud.smx
L 01/16/2023 - 00:27:28: [SM] Call stack trace:
L 01/16/2023 - 00:27:28: [SM]   [0] IsInReady
L 01/16/2023 - 00:27:28: [SM]   [1] Line 578, c:\Users\91889\Documents\GitHub\CompetitiveWithAnne\addons\sourcemod\scripting\spechud.sp::HudDrawTimer
L 01/16/2023 - 00:27:29: [SM] Exception reported: Native is not bound
L 01/16/2023 - 00:27:29: [SM] Blaming: optional/spechud.smx
L 01/16/2023 - 00:27:29: [SM] Call stack trace:
L 01/16/2023 - 00:27:29: [SM]   [0] IsInReady
L 01/16/2023 - 00:27:29: [SM]   [1] Line 578, c:\Users\91889\Documents\GitHub\CompetitiveWithAnne\addons\sourcemod\scripting\spechud.sp::HudDrawTimer
L 01/16/2023 - 00:27:29: [SM] Exception reported: Native is not bound
L 01/16/2023 - 00:27:29: [SM] Blaming: optional/spechud.smx
L 01/16/2023 - 00:27:29: [SM] Call stack trace:
L 01/16/2023 - 00:27:29: [SM]   [0] IsInReady
L 01/16/2023 - 00:27:29: [SM]   [1] Line 578, c:\Users\91889\Documents\GitHub\CompetitiveWithAnne\addons\sourcemod\scripting\spechud.sp::HudDrawTimer
L 01/16/2023 - 00:27:30: [SM] Exception reported: Native is not bound
L 01/16/2023 - 00:27:30: [SM] Blaming: optional/spechud.smx
L 01/16/2023 - 00:27:30: [SM] Call stack trace:
L 01/16/2023 - 00:27:30: [SM]   [0] IsInReady
L 01/16/2023 - 00:27:30: [SM]   [1] Line 578, c:\Users\91889\Documents\GitHub\CompetitiveWithAnne\addons\sourcemod\scripting\spechud.sp::HudDrawTimer
L 01/16/2023 - 00:27:30: [SM] Exception reported: Native is not bound
L 01/16/2023 - 00:27:30: [SM] Blaming: optional/spechud.smx
L 01/16/2023 - 00:27:30: [SM] Call stack trace:
L 01/16/2023 - 00:27:30: [SM]   [0] IsInReady
L 01/16/2023 - 00:27:30: [SM]   [1] Line 578, c:\Users\91889\Documents\GitHub\CompetitiveWithAnne\addons\sourcemod\scripting\spechud.sp::HudDrawTimer
L 01/16/2023 - 00:27:31: [SM] Exception reported: Native is not bound
L 01/16/2023 - 00:27:31: [SM] Blaming: optional/spechud.smx
L 01/16/2023 - 00:27:31: [SM] Call stack trace:
L 01/16/2023 - 00:27:31: [SM]   [0] IsInReady
L 01/16/2023 - 00:27:31: [SM]   [1] Line 578, c:\Users\91889\Documents\GitHub\CompetitiveWithAnne\addons\sourcemod\scripting\spechud.sp::HudDrawTimer
L 01/16/2023 - 00:27:31: [SM] Exception reported: Native is not bound
L 01/16/2023 - 00:27:31: [SM] Blaming: optional/spechud.smx
L 01/16/2023 - 00:27:31: [SM] Call stack trace:
L 01/16/2023 - 00:27:31: [SM]   [0] IsInReady
L 01/16/2023 - 00:27:31: [SM]   [1] Line 578, c:\Users\91889\Documents\GitHub\CompetitiveWithAnne\addons\sourcemod\scripting\spechud.sp::HudDrawTimer
L 01/16/2023 - 00:27:32: [SM] Exception reported: Native is not bound
L 01/16/2023 - 00:27:32: [SM] Blaming: optional/spechud.smx
L 01/16/2023 - 00:27:32: [SM] Call stack trace:
L 01/16/2023 - 00:27:32: [SM]   [0] IsInReady
L 01/16/2023 - 00:27:32: [SM]   [1] Line 578, c:\Users\91889\Documents\GitHub\CompetitiveWithAnne\addons\sourcemod\scripting\spechud.sp::HudDrawTimer
L 01/16/2023 - 00:27:32: [SM] Exception reported: Native is not bound
L 01/16/2023 - 00:27:32: [SM] Blaming: optional/spechud.smx
L 01/16/2023 - 00:27:32: [SM] Call stack trace:
L 01/16/2023 - 00:27:32: [SM]   [0] IsInReady
L 01/16/2023 - 00:27:32: [SM]   [1] Line 578, c:\Users\91889\Documents\GitHub\CompetitiveWithAnne\addons\sourcemod\scripting\spechud.sp::HudDrawTimer
L 01/16/2023 - 00:27:33: [SM] Exception reported: Native is not bound
L 01/16/2023 - 00:27:33: [SM] Blaming: optional/spechud.smx
L 01/16/2023 - 00:27:33: [SM] Call stack trace:
L 01/16/2023 - 00:27:33: [SM]   [0] IsInReady
L 01/16/2023 - 00:27:33: [SM]   [1] Line 578, c:\Users\91889\Documents\GitHub\CompetitiveWithAnne\addons\sourcemod\scripting\spechud.sp::HudDrawTimer
L 01/16/2023 - 00:27:33: [SM] Exception reported: Native is not bound
L 01/16/2023 - 00:27:33: [SM] Blaming: optional/spechud.smx
L 01/16/2023 - 00:27:33: [SM] Call stack trace:
L 01/16/2023 - 00:27:33: [SM]   [0] IsInReady
L 01/16/2023 - 00:27:33: [SM]   [1] Line 578, c:\Users\91889\Documents\GitHub\CompetitiveWithAnne\addons\sourcemod\scripting\spechud.sp::HudDrawTimer
L 01/16/2023 - 00:27:34: [SM] Exception reported: Native is not bound
L 01/16/2023 - 00:27:34: [SM] Blaming: optional/spechud.smx
L 01/16/2023 - 00:27:34: [SM] Call stack trace:
L 01/16/2023 - 00:27:34: [SM]   [0] IsInReady
L 01/16/2023 - 00:27:34: [SM]   [1] Line 578, c:\Users\91889\Documents\GitHub\CompetitiveWithAnne\addons\sourcemod\scripting\spechud.sp::HudDrawTimer
L 01/16/2023 - 00:27:34: [SM] Exception reported: Native is not bound
L 01/16/2023 - 00:27:34: [SM] Blaming: optional/spechud.smx
L 01/16/2023 - 00:27:34: [SM] Call stack trace:
L 01/16/2023 - 00:27:34: [SM]   [0] IsInReady
L 01/16/2023 - 00:27:34: [SM]   [1] Line 578, c:\Users\91889\Documents\GitHub\CompetitiveWithAnne\addons\sourcemod\scripting\spechud.sp::HudDrawTimer
L 01/16/2023 - 00:27:35: [SM] Exception reported: Native is not bound
L 01/16/2023 - 00:27:35: [SM] Blaming: optional/spechud.smx
L 01/16/2023 - 00:27:35: [SM] Call stack trace:
L 01/16/2023 - 00:27:35: [SM]   [0] IsInReady
L 01/16/2023 - 00:27:35: [SM]   [1] Line 578, c:\Users\91889\Documents\GitHub\CompetitiveWithAnne\addons\sourcemod\scripting\spechud.sp::HudDrawTimer
L 01/16/2023 - 00:27:35: [SM] Exception reported: Native is not bound
L 01/16/2023 - 00:27:35: [SM] Blaming: optional/spechud.smx
L 01/16/2023 - 00:27:35: [SM] Call stack trace:
L 01/16/2023 - 00:27:35: [SM]   [0] IsInReady
L 01/16/2023 - 00:27:35: [SM]   [1] Line 578, c:\Users\91889\Documents\GitHub\CompetitiveWithAnne\addons\sourcemod\scripting\spechud.sp::HudDrawTimer
L 01/16/2023 - 00:27:36: [SM] Exception reported: Native is not bound
L 01/16/2023 - 00:27:36: [SM] Blaming: optional/spechud.smx
L 01/16/2023 - 00:27:36: [SM] Call stack trace:
L 01/16/2023 - 00:27:36: [SM]   [0] IsInReady
L 01/16/2023 - 00:27:36: [SM]   [1] Line 578, c:\Users\91889\Documents\GitHub\CompetitiveWithAnne\addons\sourcemod\scripting\spechud.sp::HudDrawTimer
L 01/16/2023 - 00:27:36: [SM] Exception reported: Native is not bound
L 01/16/2023 - 00:27:36: [SM] Blaming: optional/spechud.smx
L 01/16/2023 - 00:27:36: [SM] Call stack trace:
L 01/16/2023 - 00:27:36: [SM]   [0] IsInReady
L 01/16/2023 - 00:27:36: [SM]   [1] Line 578, c:\Users\91889\Documents\GitHub\CompetitiveWithAnne\addons\sourcemod\scripting\spechud.sp::HudDrawTimer
L 01/16/2023 - 00:27:37: [SM] Exception reported: Native is not bound
L 01/16/2023 - 00:27:37: [SM] Blaming: optional/spechud.smx
L 01/16/2023 - 00:27:37: [SM] Call stack trace:
L 01/16/2023 - 00:27:37: [SM]   [0] IsInReady
L 01/16/2023 - 00:27:37: [SM]   [1] Line 578, c:\Users\91889\Documents\GitHub\CompetitiveWithAnne\addons\sourcemod\scripting\spechud.sp::HudDrawTimer
L 01/16/2023 - 00:27:37: [SM] Exception reported: Native is not bound
L 01/16/2023 - 00:27:37: [SM] Blaming: optional/spechud.smx
L 01/16/2023 - 00:27:37: [SM] Call stack trace:
L 01/16/2023 - 00:27:37: [SM]   [0] IsInReady
L 01/16/2023 - 00:27:37: [SM]   [1] Line 578, c:\Users\91889\Documents\GitHub\CompetitiveWithAnne\addons\sourcemod\scripting\spechud.sp::HudDrawTimer
L 01/16/2023 - 00:27:38: [SM] Exception reported: Native is not bound
L 01/16/2023 - 00:27:38: [SM] Blaming: optional/spechud.smx
L 01/16/2023 - 00:27:38: [SM] Call stack trace:
L 01/16/2023 - 00:27:38: [SM]   [0] IsInReady
L 01/16/2023 - 00:27:38: [SM]   [1] Line 578, c:\Users\91889\Documents\GitHub\CompetitiveWithAnne\addons\sourcemod\scripting\spechud.sp::HudDrawTimer
L 01/16/2023 - 00:27:38: [SM] Exception reported: Native is not bound
L 01/16/2023 - 00:27:38: [SM] Blaming: optional/spechud.smx
L 01/16/2023 - 00:27:38: [SM] Call stack trace:
L 01/16/2023 - 00:27:38: [SM]   [0] IsInReady
L 01/16/2023 - 00:27:38: [SM]   [1] Line 578, c:\Users\91889\Documents\GitHub\CompetitiveWithAnne\addons\sourcemod\scripting\spechud.sp::HudDrawTimer
L 01/16/2023 - 00:27:39: [SM] Exception reported: Native is not bound
L 01/16/2023 - 00:27:39: [SM] Blaming: optional/spechud.smx
L 01/16/2023 - 00:27:39: [SM] Call stack trace:
L 01/16/2023 - 00:27:39: [SM]   [0] IsInReady
L 01/16/2023 - 00:27:39: [SM]   [1] Line 578, c:\Users\91889\Documents\GitHub\CompetitiveWithAnne\addons\sourcemod\scripting\spechud.sp::HudDrawTimer
L 01/16/2023 - 00:27:39: [SM] Exception reported: Native is not bound
L 01/16/2023 - 00:27:39: [SM] Blaming: optional/spechud.smx
L 01/16/2023 - 00:27:39: [SM] Call stack trace:
L 01/16/2023 - 00:27:39: [SM]   [0] IsInReady
L 01/16/2023 - 00:27:39: [SM]   [1] Line 578, c:\Users\91889\Documents\GitHub\CompetitiveWithAnne\addons\sourcemod\scripting\spechud.sp::HudDrawTimer
L 01/16/2023 - 00:27:40: [SM] Exception reported: Native is not bound
L 01/16/2023 - 00:27:40: [SM] Blaming: optional/spechud.smx
L 01/16/2023 - 00:27:40: [SM] Call stack trace:
L 01/16/2023 - 00:27:40: [SM]   [0] IsInReady
L 01/16/2023 - 00:27:40: [SM]   [1] Line 578, c:\Users\91889\Documents\GitHub\CompetitiveWithAnne\addons\sourcemod\scripting\spechud.sp::HudDrawTimer
L 01/16/2023 - 00:27:40: [SM] Exception reported: Native is not bound
L 01/16/2023 - 00:27:40: [SM] Blaming: optional/spechud.smx
L 01/16/2023 - 00:27:40: [SM] Call stack trace:
L 01/16/2023 - 00:27:40: [SM]   [0] IsInReady
L 01/16/2023 - 00:27:40: [SM]   [1] Line 578, c:\Users\91889\Documents\GitHub\CompetitiveWithAnne\addons\sourcemod\scripting\spechud.sp::HudDrawTimer
L 01/16/2023 - 00:27:41: [SM] Exception reported: Native is not bound
L 01/16/2023 - 00:27:41: [SM] Blaming: optional/spechud.smx
L 01/16/2023 - 00:27:41: [SM] Call stack trace:
L 01/16/2023 - 00:27:41: [SM]   [0] IsInReady
L 01/16/2023 - 00:27:41: [SM]   [1] Line 578, c:\Users\91889\Documents\GitHub\CompetitiveWithAnne\addons\sourcemod\scripting\spechud.sp::HudDrawTimer
L 01/16/2023 - 00:27:41: [SM] Exception reported: Native is not bound
L 01/16/2023 - 00:27:41: [SM] Blaming: optional/spechud.smx
L 01/16/2023 - 00:27:41: [SM] Call stack trace:
L 01/16/2023 - 00:27:41: [SM]   [0] IsInReady
L 01/16/2023 - 00:27:41: [SM]   [1] Line 578, c:\Users\91889\Documents\GitHub\CompetitiveWithAnne\addons\sourcemod\scripting\spechud.sp::HudDrawTimer
L 01/16/2023 - 00:27:42: [SM] Exception reported: Native is not bound
L 01/16/2023 - 00:27:42: [SM] Blaming: optional/spechud.smx
L 01/16/2023 - 00:27:42: [SM] Call stack trace:
L 01/16/2023 - 00:27:42: [SM]   [0] IsInReady
L 01/16/2023 - 00:27:42: [SM]   [1] Line 578, c:\Users\91889\Documents\GitHub\CompetitiveWithAnne\addons\sourcemod\scripting\spechud.sp::HudDrawTimer
L 01/16/2023 - 00:27:42: [SM] Exception reported: Native is not bound
L 01/16/2023 - 00:27:42: [SM] Blaming: optional/spechud.smx
L 01/16/2023 - 00:27:42: [SM] Call stack trace:
L 01/16/2023 - 00:27:42: [SM]   [0] IsInReady
L 01/16/2023 - 00:27:42: [SM]   [1] Line 578, c:\Users\91889\Documents\GitHub\CompetitiveWithAnne\addons\sourcemod\scripting\spechud.sp::HudDrawTimer
L 01/16/2023 - 00:27:43: [SM] Exception reported: Native is not bound
L 01/16/2023 - 00:27:43: [SM] Blaming: optional/spechud.smx
L 01/16/2023 - 00:27:43: [SM] Call stack trace:
L 01/16/2023 - 00:27:43: [SM]   [0] IsInReady
L 01/16/2023 - 00:27:43: [SM]   [1] Line 578, c:\Users\91889\Documents\GitHub\CompetitiveWithAnne\addons\sourcemod\scripting\spechud.sp::HudDrawTimer
L 01/16/2023 - 00:27:43: [SM] Exception reported: Native is not bound
L 01/16/2023 - 00:27:43: [SM] Blaming: optional/spechud.smx
L 01/16/2023 - 00:27:43: [SM] Call stack trace:
L 01/16/2023 - 00:27:43: [SM]   [0] IsInReady
L 01/16/2023 - 00:27:43: [SM]   [1] Line 578, c:\Users\91889\Documents\GitHub\CompetitiveWithAnne\addons\sourcemod\scripting\spechud.sp::HudDrawTimer
L 01/16/2023 - 00:27:44: [SM] Exception reported: Native is not bound
L 01/16/2023 - 00:27:44: [SM] Blaming: optional/spechud.smx
L 01/16/2023 - 00:27:44: [SM] Call stack trace:
L 01/16/2023 - 00:27:44: [SM]   [0] IsInReady
L 01/16/2023 - 00:27:44: [SM]   [1] Line 578, c:\Users\91889\Documents\GitHub\CompetitiveWithAnne\addons\sourcemod\scripting\spechud.sp::HudDrawTimer
L 01/16/2023 - 00:27:44: [SM] Exception reported: Native is not bound
L 01/16/2023 - 00:27:44: [SM] Blaming: optional/spechud.smx
L 01/16/2023 - 00:27:44: [SM] Call stack trace:
L 01/16/2023 - 00:27:44: [SM]   [0] IsInReady
L 01/16/2023 - 00:27:44: [SM]   [1] Line 578, c:\Users\91889\Documents\GitHub\CompetitiveWithAnne\addons\sourcemod\scripting\spechud.sp::HudDrawTimer
L 01/16/2023 - 00:27:45: [SM] Exception reported: Native is not bound
L 01/16/2023 - 00:27:45: [SM] Blaming: optional/spechud.smx
L 01/16/2023 - 00:27:45: [SM] Call stack trace:
L 01/16/2023 - 00:27:45: [SM]   [0] IsInReady
L 01/16/2023 - 00:27:45: [SM]   [1] Line 578, c:\Users\91889\Documents\GitHub\CompetitiveWithAnne\addons\sourcemod\scripting\spechud.sp::HudDrawTimer
L 01/16/2023 - 00:27:45: [SM] Exception reported: Native is not bound
L 01/16/2023 - 00:27:45: [SM] Blaming: optional/spechud.smx
L 01/16/2023 - 00:27:45: [SM] Call stack trace:
L 01/16/2023 - 00:27:45: [SM]   [0] IsInReady
L 01/16/2023 - 00:27:45: [SM]   [1] Line 578, c:\Users\91889\Documents\GitHub\CompetitiveWithAnne\addons\sourcemod\scripting\spechud.sp::HudDrawTimer
L 01/16/2023 - 00:27:46: [SM] Exception reported: Native is not bound
L 01/16/2023 - 00:27:46: [SM] Blaming: optional/spechud.smx
L 01/16/2023 - 00:27:46: [SM] Call stack trace:
L 01/16/2023 - 00:27:46: [SM]   [0] IsInReady
L 01/16/2023 - 00:27:46: [SM]   [1] Line 578, c:\Users\91889\Documents\GitHub\CompetitiveWithAnne\addons\sourcemod\scripting\spechud.sp::HudDrawTimer
L 01/16/2023 - 00:27:46: [SM] Exception reported: Native is not bound
L 01/16/2023 - 00:27:46: [SM] Blaming: optional/spechud.smx
L 01/16/2023 - 00:27:46: [SM] Call stack trace:
L 01/16/2023 - 00:27:46: [SM]   [0] IsInReady
L 01/16/2023 - 00:27:46: [SM]   [1] Line 578, c:\Users\91889\Documents\GitHub\CompetitiveWithAnne\addons\sourcemod\scripting\spechud.sp::HudDrawTimer
L 01/16/2023 - 00:27:47: [SM] Exception reported: Native is not bound
L 01/16/2023 - 00:27:47: [SM] Blaming: optional/spechud.smx
L 01/16/2023 - 00:27:47: [SM] Call stack trace:
L 01/16/2023 - 00:27:47: [SM]   [0] IsInReady
L 01/16/2023 - 00:27:47: [SM]   [1] Line 578, c:\Users\91889\Documents\GitHub\CompetitiveWithAnne\addons\sourcemod\scripting\spechud.sp::HudDrawTimer
L 01/16/2023 - 00:27:47: [SM] Exception reported: Native is not bound
L 01/16/2023 - 00:27:47: [SM] Blaming: optional/spechud.smx
L 01/16/2023 - 00:27:47: [SM] Call stack trace:
L 01/16/2023 - 00:27:47: [SM]   [0] IsInReady
L 01/16/2023 - 00:27:47: [SM]   [1] Line 578, c:\Users\91889\Documents\GitHub\CompetitiveWithAnne\addons\sourcemod\scripting\spechud.sp::HudDrawTimer
L 01/16/2023 - 00:27:48: [SM] Exception reported: Native is not bound
L 01/16/2023 - 00:27:48: [SM] Blaming: optional/spechud.smx
L 01/16/2023 - 00:27:48: [SM] Call stack trace:
L 01/16/2023 - 00:27:48: [SM]   [0] IsInReady
L 01/16/2023 - 00:27:48: [SM]   [1] Line 578, c:\Users\91889\Documents\GitHub\CompetitiveWithAnne\addons\sourcemod\scripting\spechud.sp::HudDrawTimer
L 01/16/2023 - 00:27:48: [SM] Exception reported: Native is not bound
L 01/16/2023 - 00:27:48: [SM] Blaming: optional/spechud.smx
L 01/16/2023 - 00:27:48: [SM] Call stack trace:
L 01/16/2023 - 00:27:48: [SM]   [0] IsInReady
L 01/16/2023 - 00:27:48: [SM]   [1] Line 578, c:\Users\91889\Documents\GitHub\CompetitiveWithAnne\addons\sourcemod\scripting\spechud.sp::HudDrawTimer
L 01/16/2023 - 00:27:49: [SM] Exception reported: Native is not bound
L 01/16/2023 - 00:27:49: [SM] Blaming: optional/spechud.smx
L 01/16/2023 - 00:27:49: [SM] Call stack trace:
L 01/16/2023 - 00:27:49: [SM]   [0] IsInReady
L 01/16/2023 - 00:27:49: [SM]   [1] Line 578, c:\Users\91889\Documents\GitHub\CompetitiveWithAnne\addons\sourcemod\scripting\spechud.sp::HudDrawTimer
L 01/16/2023 - 00:27:49: [SM] Exception reported: Native is not bound
L 01/16/2023 - 00:27:49: [SM] Blaming: optional/spechud.smx
L 01/16/2023 - 00:27:49: [SM] Call stack trace:
L 01/16/2023 - 00:27:49: [SM]   [0] IsInReady
L 01/16/2023 - 00:27:49: [SM]   [1] Line 578, c:\Users\91889\Documents\GitHub\CompetitiveWithAnne\addons\sourcemod\scripting\spechud.sp::HudDrawTimer
L 01/16/2023 - 00:27:50: [SM] Exception reported: Native is not bound
L 01/16/2023 - 00:27:50: [SM] Blaming: optional/spechud.smx
L 01/16/2023 - 00:27:50: [SM] Call stack trace:
L 01/16/2023 - 00:27:50: [SM]   [0] IsInReady
L 01/16/2023 - 00:27:50: [SM]   [1] Line 578, c:\Users\91889\Documents\GitHub\CompetitiveWithAnne\addons\sourcemod\scripting\spechud.sp::HudDrawTimer
L 01/16/2023 - 00:27:50: [SM] Exception reported: Native is not bound
L 01/16/2023 - 00:27:50: [SM] Blaming: optional/spechud.smx
L 01/16/2023 - 00:27:50: [SM] Call stack trace:
L 01/16/2023 - 00:27:50: [SM]   [0] IsInReady
L 01/16/2023 - 00:27:50: [SM]   [1] Line 578, c:\Users\91889\Documents\GitHub\CompetitiveWithAnne\addons\sourcemod\scripting\spechud.sp::HudDrawTimer
L 01/16/2023 - 00:27:51: [SM] Exception reported: Native is not bound
L 01/16/2023 - 00:27:51: [SM] Blaming: optional/spechud.smx
L 01/16/2023 - 00:27:51: [SM] Call stack trace:
L 01/16/2023 - 00:27:51: [SM]   [0] IsInReady
L 01/16/2023 - 00:27:51: [SM]   [1] Line 578, c:\Users\91889\Documents\GitHub\CompetitiveWithAnne\addons\sourcemod\scripting\spechud.sp::HudDrawTimer
L 01/16/2023 - 00:27:51: [SM] Exception reported: Native is not bound
L 01/16/2023 - 00:27:51: [SM] Blaming: optional/spechud.smx
L 01/16/2023 - 00:27:51: [SM] Call stack trace:
L 01/16/2023 - 00:27:51: [SM]   [0] IsInReady
L 01/16/2023 - 00:27:51: [SM]   [1] Line 578, c:\Users\91889\Documents\GitHub\CompetitiveWithAnne\addons\sourcemod\scripting\spechud.sp::HudDrawTimer
L 01/16/2023 - 00:27:52: [SM] Exception reported: Native is not bound
L 01/16/2023 - 00:27:52: [SM] Blaming: optional/spechud.smx
L 01/16/2023 - 00:27:52: [SM] Call stack trace:
L 01/16/2023 - 00:27:52: [SM]   [0] IsInReady
L 01/16/2023 - 00:27:52: [SM]   [1] Line 578, c:\Users\91889\Documents\GitHub\CompetitiveWithAnne\addons\sourcemod\scripting\spechud.sp::HudDrawTimer
L 01/16/2023 - 00:27:52: [SM] Exception reported: Native is not bound
L 01/16/2023 - 00:27:52: [SM] Blaming: optional/spechud.smx
L 01/16/2023 - 00:27:52: [SM] Call stack trace:
L 01/16/2023 - 00:27:52: [SM]   [0] IsInReady
L 01/16/2023 - 00:27:52: [SM]   [1] Line 578, c:\Users\91889\Documents\GitHub\CompetitiveWithAnne\addons\sourcemod\scripting\spechud.sp::HudDrawTimer
L 01/16/2023 - 00:27:53: [SM] Exception reported: Native is not bound
L 01/16/2023 - 00:27:53: [SM] Blaming: optional/spechud.smx
L 01/16/2023 - 00:27:53: [SM] Call stack trace:
L 01/16/2023 - 00:27:53: [SM]   [0] IsInReady
L 01/16/2023 - 00:27:53: [SM]   [1] Line 578, c:\Users\91889\Documents\GitHub\CompetitiveWithAnne\addons\sourcemod\scripting\spechud.sp::HudDrawTimer
L 01/16/2023 - 00:27:53: [SM] Exception reported: Native is not bound
L 01/16/2023 - 00:27:53: [SM] Blaming: optional/spechud.smx
L 01/16/2023 - 00:27:53: [SM] Call stack trace:
L 01/16/2023 - 00:27:53: [SM]   [0] IsInReady
L 01/16/2023 - 00:27:53: [SM]   [1] Line 578, c:\Users\91889\Documents\GitHub\CompetitiveWithAnne\addons\sourcemod\scripting\spechud.sp::HudDrawTimer
L 01/16/2023 - 00:27:54: [SM] Exception reported: Native is not bound
L 01/16/2023 - 00:27:54: [SM] Blaming: optional/spechud.smx
L 01/16/2023 - 00:27:54: [SM] Call stack trace:
L 01/16/2023 - 00:27:54: [SM]   [0] IsInReady
L 01/16/2023 - 00:27:54: [SM]   [1] Line 578, c:\Users\91889\Documents\GitHub\CompetitiveWithAnne\addons\sourcemod\scripting\spechud.sp::HudDrawTimer
L 01/16/2023 - 00:27:54: [SM] Exception reported: Native is not bound
L 01/16/2023 - 00:27:54: [SM] Blaming: optional/spechud.smx
L 01/16/2023 - 00:27:54: [SM] Call stack trace:
L 01/16/2023 - 00:27:54: [SM]   [0] IsInReady
L 01/16/2023 - 00:27:54: [SM]   [1] Line 578, c:\Users\91889\Documents\GitHub\CompetitiveWithAnne\addons\sourcemod\scripting\spechud.sp::HudDrawTimer
L 01/16/2023 - 00:27:55: [SM] Exception reported: Native is not bound
L 01/16/2023 - 00:27:55: [SM] Blaming: optional/spechud.smx
L 01/16/2023 - 00:27:55: [SM] Call stack trace:
L 01/16/2023 - 00:27:55: [SM]   [0] IsInReady
L 01/16/2023 - 00:27:55: [SM]   [1] Line 578, c:\Users\91889\Documents\GitHub\CompetitiveWithAnne\addons\sourcemod\scripting\spechud.sp::HudDrawTimer
L 01/16/2023 - 00:27:55: [SM] Exception reported: Native is not bound
L 01/16/2023 - 00:27:55: [SM] Blaming: optional/spechud.smx
L 01/16/2023 - 00:27:55: [SM] Call stack trace:
L 01/16/2023 - 00:27:55: [SM]   [0] IsInReady
L 01/16/2023 - 00:27:55: [SM]   [1] Line 578, c:\Users\91889\Documents\GitHub\CompetitiveWithAnne\addons\sourcemod\scripting\spechud.sp::HudDrawTimer
L 01/16/2023 - 00:27:56: [SM] Exception reported: Native is not bound
L 01/16/2023 - 00:27:56: [SM] Blaming: optional/spechud.smx
L 01/16/2023 - 00:27:56: [SM] Call stack trace:
L 01/16/2023 - 00:27:56: [SM]   [0] IsInReady
L 01/16/2023 - 00:27:56: [SM]   [1] Line 578, c:\Users\91889\Documents\GitHub\CompetitiveWithAnne\addons\sourcemod\scripting\spechud.sp::HudDrawTimer
L 01/16/2023 - 00:27:56: [SM] Exception reported: Native is not bound
L 01/16/2023 - 00:27:56: [SM] Blaming: optional/spechud.smx
L 01/16/2023 - 00:27:56: [SM] Call stack trace:
L 01/16/2023 - 00:27:56: [SM]   [0] IsInReady
L 01/16/2023 - 00:27:56: [SM]   [1] Line 578, c:\Users\91889\Documents\GitHub\CompetitiveWithAnne\addons\sourcemod\scripting\spechud.sp::HudDrawTimer
L 01/16/2023 - 00:27:57: [SM] Exception reported: Native is not bound
L 01/16/2023 - 00:27:57: [SM] Blaming: optional/spechud.smx
L 01/16/2023 - 00:27:57: [SM] Call stack trace:
L 01/16/2023 - 00:27:57: [SM]   [0] IsInReady
L 01/16/2023 - 00:27:57: [SM]   [1] Line 578, c:\Users\91889\Documents\GitHub\CompetitiveWithAnne\addons\sourcemod\scripting\spechud.sp::HudDrawTimer
L 01/16/2023 - 00:27:57: [SM] Exception reported: Native is not bound
L 01/16/2023 - 00:27:57: [SM] Blaming: optional/spechud.smx
L 01/16/2023 - 00:27:57: [SM] Call stack trace:
L 01/16/2023 - 00:27:57: [SM]   [0] IsInReady
L 01/16/2023 - 00:27:57: [SM]   [1] Line 578, c:\Users\91889\Documents\GitHub\CompetitiveWithAnne\addons\sourcemod\scripting\spechud.sp::HudDrawTimer
L 01/16/2023 - 00:27:58: [SM] Exception reported: Native is not bound
L 01/16/2023 - 00:27:58: [SM] Blaming: optional/spechud.smx
L 01/16/2023 - 00:27:58: [SM] Call stack trace:
L 01/16/2023 - 00:27:58: [SM]   [0] IsInReady
L 01/16/2023 - 00:27:58: [SM]   [1] Line 578, c:\Users\91889\Documents\GitHub\CompetitiveWithAnne\addons\sourcemod\scripting\spechud.sp::HudDrawTimer
L 01/16/2023 - 00:27:58: [SM] Exception reported: Native is not bound
L 01/16/2023 - 00:27:58: [SM] Blaming: optional/spechud.smx
L 01/16/2023 - 00:27:58: [SM] Call stack trace:
L 01/16/2023 - 00:27:58: [SM]   [0] IsInReady
L 01/16/2023 - 00:27:58: [SM]   [1] Line 578, c:\Users\91889\Documents\GitHub\CompetitiveWithAnne\addons\sourcemod\scripting\spechud.sp::HudDrawTimer
L 01/16/2023 - 00:27:59: [SM] Exception reported: Native is not bound
L 01/16/2023 - 00:27:59: [SM] Blaming: optional/spechud.smx
L 01/16/2023 - 00:27:59: [SM] Call stack trace:
L 01/16/2023 - 00:27:59: [SM]   [0] IsInReady
L 01/16/2023 - 00:27:59: [SM]   [1] Line 578, c:\Users\91889\Documents\GitHub\CompetitiveWithAnne\addons\sourcemod\scripting\spechud.sp::HudDrawTimer
L 01/16/2023 - 00:27:59: [SM] Exception reported: Native is not bound
L 01/16/2023 - 00:27:59: [SM] Blaming: optional/spechud.smx
L 01/16/2023 - 00:27:59: [SM] Call stack trace:
L 01/16/2023 - 00:27:59: [SM]   [0] IsInReady
L 01/16/2023 - 00:27:59: [SM]   [1] Line 578, c:\Users\91889\Documents\GitHub\CompetitiveWithAnne\addons\sourcemod\scripting\spechud.sp::HudDrawTimer
L 01/16/2023 - 00:28:00: [SM] Exception reported: Native is not bound
L 01/16/2023 - 00:28:00: [SM] Blaming: optional/spechud.smx
L 01/16/2023 - 00:28:00: [SM] Call stack trace:
L 01/16/2023 - 00:28:00: [SM]   [0] IsInReady
L 01/16/2023 - 00:28:00: [SM]   [1] Line 578, c:\Users\91889\Documents\GitHub\CompetitiveWithAnne\addons\sourcemod\scripting\spechud.sp::HudDrawTimer
L 01/16/2023 - 00:28:00: [SM] Exception reported: Native is not bound
L 01/16/2023 - 00:28:00: [SM] Blaming: optional/spechud.smx
L 01/16/2023 - 00:28:00: [SM] Call stack trace:
L 01/16/2023 - 00:28:00: [SM]   [0] IsInReady
L 01/16/2023 - 00:28:00: [SM]   [1] Line 578, c:\Users\91889\Documents\GitHub\CompetitiveWithAnne\addons\sourcemod\scripting\spechud.sp::HudDrawTimer
L 01/16/2023 - 00:28:01: [SM] Exception reported: Native is not bound
L 01/16/2023 - 00:28:01: [SM] Blaming: optional/spechud.smx
L 01/16/2023 - 00:28:01: [SM] Call stack trace:
L 01/16/2023 - 00:28:01: [SM]   [0] IsInReady
L 01/16/2023 - 00:28:01: [SM]   [1] Line 578, c:\Users\91889\Documents\GitHub\CompetitiveWithAnne\addons\sourcemod\scripting\spechud.sp::HudDrawTimer
L 01/16/2023 - 00:28:01: [SM] Exception reported: Native is not bound
L 01/16/2023 - 00:28:01: [SM] Blaming: optional/spechud.smx
L 01/16/2023 - 00:28:01: [SM] Call stack trace:
L 01/16/2023 - 00:28:01: [SM]   [0] IsInReady
L 01/16/2023 - 00:28:01: [SM]   [1] Line 578, c:\Users\91889\Documents\GitHub\CompetitiveWithAnne\addons\sourcemod\scripting\spechud.sp::HudDrawTimer
L 01/16/2023 - 00:28:02: [SM] Exception reported: Native is not bound
L 01/16/2023 - 00:28:02: [SM] Blaming: optional/spechud.smx
L 01/16/2023 - 00:28:02: [SM] Call stack trace:
L 01/16/2023 - 00:28:02: [SM]   [0] IsInReady
L 01/16/2023 - 00:28:02: [SM]   [1] Line 578, c:\Users\91889\Documents\GitHub\CompetitiveWithAnne\addons\sourcemod\scripting\spechud.sp::HudDrawTimer
L 01/16/2023 - 00:28:02: [SM] Exception reported: Native is not bound
L 01/16/2023 - 00:28:02: [SM] Blaming: optional/spechud.smx
L 01/16/2023 - 00:28:02: [SM] Call stack trace:
L 01/16/2023 - 00:28:02: [SM]   [0] IsInReady
L 01/16/2023 - 00:28:02: [SM]   [1] Line 578, c:\Users\91889\Documents\GitHub\CompetitiveWithAnne\addons\sourcemod\scripting\spechud.sp::HudDrawTimer
L 01/16/2023 - 00:28:03: [SM] Exception reported: Native is not bound
L 01/16/2023 - 00:28:03: [SM] Blaming: optional/spechud.smx
L 01/16/2023 - 00:28:03: [SM] Call stack trace:
L 01/16/2023 - 00:28:03: [SM]   [0] IsInReady
L 01/16/2023 - 00:28:03: [SM]   [1] Line 578, c:\Users\91889\Documents\GitHub\CompetitiveWithAnne\addons\sourcemod\scripting\spechud.sp::HudDrawTimer
L 01/16/2023 - 00:28:03: [SM] Exception reported: Native is not bound
L 01/16/2023 - 00:28:03: [SM] Blaming: optional/spechud.smx
L 01/16/2023 - 00:28:03: [SM] Call stack trace:
L 01/16/2023 - 00:28:03: [SM]   [0] IsInReady
L 01/16/2023 - 00:28:03: [SM]   [1] Line 578, c:\Users\91889\Documents\GitHub\CompetitiveWithAnne\addons\sourcemod\scripting\spechud.sp::HudDrawTimer
L 01/16/2023 - 00:28:04: [SM] Exception reported: Native is not bound
L 01/16/2023 - 00:28:04: [SM] Blaming: optional/spechud.smx
L 01/16/2023 - 00:28:04: [SM] Call stack trace:
L 01/16/2023 - 00:28:04: [SM]   [0] IsInReady
L 01/16/2023 - 00:28:04: [SM]   [1] Line 578, c:\Users\91889\Documents\GitHub\CompetitiveWithAnne\addons\sourcemod\scripting\spechud.sp::HudDrawTimer
L 01/16/2023 - 00:28:04: [SM] Exception reported: Native is not bound
L 01/16/2023 - 00:28:04: [SM] Blaming: optional/spechud.smx
L 01/16/2023 - 00:28:04: [SM] Call stack trace:
L 01/16/2023 - 00:28:04: [SM]   [0] IsInReady
L 01/16/2023 - 00:28:04: [SM]   [1] Line 578, c:\Users\91889\Documents\GitHub\CompetitiveWithAnne\addons\sourcemod\scripting\spechud.sp::HudDrawTimer
L 01/16/2023 - 00:28:05: [SM] Exception reported: Native is not bound
L 01/16/2023 - 00:28:05: [SM] Blaming: optional/spechud.smx
L 01/16/2023 - 00:28:05: [SM] Call stack trace:
L 01/16/2023 - 00:28:05: [SM]   [0] IsInReady
L 01/16/2023 - 00:28:05: [SM]   [1] Line 578, c:\Users\91889\Documents\GitHub\CompetitiveWithAnne\addons\sourcemod\scripting\spechud.sp::HudDrawTimer
L 01/16/2023 - 00:28:05: [SM] Exception reported: Native is not bound
L 01/16/2023 - 00:28:05: [SM] Blaming: optional/spechud.smx
L 01/16/2023 - 00:28:05: [SM] Call stack trace:
L 01/16/2023 - 00:28:05: [SM]   [0] IsInReady
L 01/16/2023 - 00:28:05: [SM]   [1] Line 578, c:\Users\91889\Documents\GitHub\CompetitiveWithAnne\addons\sourcemod\scripting\spechud.sp::HudDrawTimer
L 01/16/2023 - 00:28:06: [SM] Exception reported: Native is not bound
L 01/16/2023 - 00:28:06: [SM] Blaming: optional/spechud.smx
L 01/16/2023 - 00:28:06: [SM] Call stack trace:
L 01/16/2023 - 00:28:06: [SM]   [0] IsInReady
L 01/16/2023 - 00:28:06: [SM]   [1] Line 578, c:\Users\91889\Documents\GitHub\CompetitiveWithAnne\addons\sourcemod\scripting\spechud.sp::HudDrawTimer
L 01/16/2023 - 00:28:06: [SM] Exception reported: Native is not bound
L 01/16/2023 - 00:28:06: [SM] Blaming: optional/spechud.smx
L 01/16/2023 - 00:28:06: [SM] Call stack trace:
L 01/16/2023 - 00:28:06: [SM]   [0] IsInReady
L 01/16/2023 - 00:28:06: [SM]   [1] Line 578, c:\Users\91889\Documents\GitHub\CompetitiveWithAnne\addons\sourcemod\scripting\spechud.sp::HudDrawTimer
L 01/16/2023 - 00:28:07: [SM] Exception reported: Native is not bound
L 01/16/2023 - 00:28:07: [SM] Blaming: optional/spechud.smx
L 01/16/2023 - 00:28:07: [SM] Call stack trace:
L 01/16/2023 - 00:28:07: [SM]   [0] IsInReady
L 01/16/2023 - 00:28:07: [SM]   [1] Line 578, c:\Users\91889\Documents\GitHub\CompetitiveWithAnne\addons\sourcemod\scripting\spechud.sp::HudDrawTimer
L 01/16/2023 - 00:28:07: [SM] Exception reported: Native is not bound
L 01/16/2023 - 00:28:07: [SM] Blaming: optional/spechud.smx
L 01/16/2023 - 00:28:07: [SM] Call stack trace:
L 01/16/2023 - 00:28:07: [SM]   [0] IsInReady
L 01/16/2023 - 00:28:07: [SM]   [1] Line 578, c:\Users\91889\Documents\GitHub\CompetitiveWithAnne\addons\sourcemod\scripting\spechud.sp::HudDrawTimer
L 01/16/2023 - 00:28:08: [SM] Exception reported: Native is not bound
L 01/16/2023 - 00:28:08: [SM] Blaming: optional/spechud.smx
L 01/16/2023 - 00:28:08: [SM] Call stack trace:
L 01/16/2023 - 00:28:08: [SM]   [0] IsInReady
L 01/16/2023 - 00:28:08: [SM]   [1] Line 578, c:\Users\91889\Documents\GitHub\CompetitiveWithAnne\addons\sourcemod\scripting\spechud.sp::HudDrawTimer
L 01/16/2023 - 00:28:08: [SM] Exception reported: Native is not bound
L 01/16/2023 - 00:28:08: [SM] Blaming: optional/spechud.smx
L 01/16/2023 - 00:28:08: [SM] Call stack trace:
L 01/16/2023 - 00:28:08: [SM]   [0] IsInReady
L 01/16/2023 - 00:28:08: [SM]   [1] Line 578, c:\Users\91889\Documents\GitHub\CompetitiveWithAnne\addons\sourcemod\scripting\spechud.sp::HudDrawTimer
L 01/16/2023 - 00:28:09: [SM] Exception reported: Native is not bound
L 01/16/2023 - 00:28:09: [SM] Blaming: optional/spechud.smx
L 01/16/2023 - 00:28:09: [SM] Call stack trace:
L 01/16/2023 - 00:28:09: [SM]   [0] IsInReady
L 01/16/2023 - 00:28:09: [SM]   [1] Line 578, c:\Users\91889\Documents\GitHub\CompetitiveWithAnne\addons\sourcemod\scripting\spechud.sp::HudDrawTimer
L 01/16/2023 - 00:28:09: [SM] Exception reported: Native is not bound
L 01/16/2023 - 00:28:09: [SM] Blaming: optional/spechud.smx
L 01/16/2023 - 00:28:09: [SM] Call stack trace:
L 01/16/2023 - 00:28:09: [SM]   [0] IsInReady
L 01/16/2023 - 00:28:09: [SM]   [1] Line 578, c:\Users\91889\Documents\GitHub\CompetitiveWithAnne\addons\sourcemod\scripting\spechud.sp::HudDrawTimer
L 01/16/2023 - 00:28:10: [SM] Exception reported: Native is not bound
L 01/16/2023 - 00:28:10: [SM] Blaming: optional/spechud.smx
L 01/16/2023 - 00:28:10: [SM] Call stack trace:
L 01/16/2023 - 00:28:10: [SM]   [0] IsInReady
L 01/16/2023 - 00:28:10: [SM]   [1] Line 578, c:\Users\91889\Documents\GitHub\CompetitiveWithAnne\addons\sourcemod\scripting\spechud.sp::HudDrawTimer
L 01/16/2023 - 00:28:10: [SM] Exception reported: Native is not bound
L 01/16/2023 - 00:28:10: [SM] Blaming: optional/spechud.smx
L 01/16/2023 - 00:28:10: [SM] Call stack trace:
L 01/16/2023 - 00:28:10: [SM]   [0] IsInReady
L 01/16/2023 - 00:28:10: [SM]   [1] Line 578, c:\Users\91889\Documents\GitHub\CompetitiveWithAnne\addons\sourcemod\scripting\spechud.sp::HudDrawTimer
L 01/16/2023 - 00:28:11: [SM] Exception reported: Native is not bound
L 01/16/2023 - 00:28:11: [SM] Blaming: optional/spechud.smx
L 01/16/2023 - 00:28:11: [SM] Call stack trace:
L 01/16/2023 - 00:28:11: [SM]   [0] IsInReady
L 01/16/2023 - 00:28:11: [SM]   [1] Line 578, c:\Users\91889\Documents\GitHub\CompetitiveWithAnne\addons\sourcemod\scripting\spechud.sp::HudDrawTimer
L 01/16/2023 - 00:28:11: [SM] Exception reported: Native is not bound
L 01/16/2023 - 00:28:11: [SM] Blaming: optional/spechud.smx
L 01/16/2023 - 00:28:11: [SM] Call stack trace:
L 01/16/2023 - 00:28:11: [SM]   [0] IsInReady
L 01/16/2023 - 00:28:11: [SM]   [1] Line 578, c:\Users\91889\Documents\GitHub\CompetitiveWithAnne\addons\sourcemod\scripting\spechud.sp::HudDrawTimer
L 01/16/2023 - 00:28:12: [SM] Exception reported: Native is not bound
L 01/16/2023 - 00:28:12: [SM] Blaming: optional/spechud.smx
L 01/16/2023 - 00:28:12: [SM] Call stack trace:
L 01/16/2023 - 00:28:12: [SM]   [0] IsInReady
L 01/16/2023 - 00:28:12: [SM]   [1] Line 578, c:\Users\91889\Documents\GitHub\CompetitiveWithAnne\addons\sourcemod\scripting\spechud.sp::HudDrawTimer
L 01/16/2023 - 00:28:12: [SM] Exception reported: Native is not bound
L 01/16/2023 - 00:28:12: [SM] Blaming: optional/spechud.smx
L 01/16/2023 - 00:28:12: [SM] Call stack trace:
L 01/16/2023 - 00:28:12: [SM]   [0] IsInReady
L 01/16/2023 - 00:28:12: [SM]   [1] Line 578, c:\Users\91889\Documents\GitHub\CompetitiveWithAnne\addons\sourcemod\scripting\spechud.sp::HudDrawTimer
L 01/16/2023 - 00:28:13: [SM] Exception reported: Native is not bound
L 01/16/2023 - 00:28:13: [SM] Blaming: optional/spechud.smx
L 01/16/2023 - 00:28:13: [SM] Call stack trace:
L 01/16/2023 - 00:28:13: [SM]   [0] IsInReady
L 01/16/2023 - 00:28:13: [SM]   [1] Line 578, c:\Users\91889\Documents\GitHub\CompetitiveWithAnne\addons\sourcemod\scripting\spechud.sp::HudDrawTimer
L 01/16/2023 - 00:28:13: [SM] Exception reported: Native is not bound
L 01/16/2023 - 00:28:13: [SM] Blaming: optional/spechud.smx
L 01/16/2023 - 00:28:13: [SM] Call stack trace:
L 01/16/2023 - 00:28:13: [SM]   [0] IsInReady
L 01/16/2023 - 00:28:13: [SM]   [1] Line 578, c:\Users\91889\Documents\GitHub\CompetitiveWithAnne\addons\sourcemod\scripting\spechud.sp::HudDrawTimer
L 01/16/2023 - 00:28:14: [SM] Exception reported: Native is not bound
L 01/16/2023 - 00:28:14: [SM] Blaming: optional/spechud.smx
L 01/16/2023 - 00:28:14: [SM] Call stack trace:
L 01/16/2023 - 00:28:14: [SM]   [0] IsInReady
L 01/16/2023 - 00:28:14: [SM]   [1] Line 578, c:\Users\91889\Documents\GitHub\CompetitiveWithAnne\addons\sourcemod\scripting\spechud.sp::HudDrawTimer
L 01/16/2023 - 00:28:14: [SM] Exception reported: Native is not bound
L 01/16/2023 - 00:28:14: [SM] Blaming: optional/spechud.smx
L 01/16/2023 - 00:28:14: [SM] Call stack trace:
L 01/16/2023 - 00:28:14: [SM]   [0] IsInReady
L 01/16/2023 - 00:28:14: [SM]   [1] Line 578, c:\Users\91889\Documents\GitHub\CompetitiveWithAnne\addons\sourcemod\scripting\spechud.sp::HudDrawTimer
L 01/16/2023 - 00:28:15: [SM] Exception reported: Native is not bound
L 01/16/2023 - 00:28:15: [SM] Blaming: optional/spechud.smx
L 01/16/2023 - 00:28:15: [SM] Call stack trace:
L 01/16/2023 - 00:28:15: [SM]   [0] IsInReady
L 01/16/2023 - 00:28:15: [SM]   [1] Line 578, c:\Users\91889\Documents\GitHub\CompetitiveWithAnne\addons\sourcemod\scripting\spechud.sp::HudDrawTimer
L 01/16/2023 - 00:28:15: [SM] Exception reported: Native is not bound
L 01/16/2023 - 00:28:15: [SM] Blaming: optional/spechud.smx
L 01/16/2023 - 00:28:15: [SM] Call stack trace:
L 01/16/2023 - 00:28:15: [SM]   [0] IsInReady
L 01/16/2023 - 00:28:15: [SM]   [1] Line 578, c:\Users\91889\Documents\GitHub\CompetitiveWithAnne\addons\sourcemod\scripting\spechud.sp::HudDrawTimer
L 01/16/2023 - 00:28:16: [SM] Exception reported: Native is not bound
L 01/16/2023 - 00:28:16: [SM] Blaming: optional/spechud.smx
L 01/16/2023 - 00:28:16: [SM] Call stack trace:
L 01/16/2023 - 00:28:16: [SM]   [0] IsInReady
L 01/16/2023 - 00:28:16: [SM]   [1] Line 578, c:\Users\91889\Documents\GitHub\CompetitiveWithAnne\addons\sourcemod\scripting\spechud.sp::HudDrawTimer
L 01/16/2023 - 00:28:16: [SM] Exception reported: Native is not bound
L 01/16/2023 - 00:28:16: [SM] Blaming: optional/spechud.smx
L 01/16/2023 - 00:28:16: [SM] Call stack trace:
L 01/16/2023 - 00:28:16: [SM]   [0] IsInReady
L 01/16/2023 - 00:28:16: [SM]   [1] Line 578, c:\Users\91889\Documents\GitHub\CompetitiveWithAnne\addons\sourcemod\scripting\spechud.sp::HudDrawTimer
L 01/16/2023 - 00:28:17: [SM] Exception reported: Native is not bound
L 01/16/2023 - 00:28:17: [SM] Blaming: optional/spechud.smx
L 01/16/2023 - 00:28:17: [SM] Call stack trace:
L 01/16/2023 - 00:28:17: [SM]   [0] IsInReady
L 01/16/2023 - 00:28:17: [SM]   [1] Line 578, c:\Users\91889\Documents\GitHub\CompetitiveWithAnne\addons\sourcemod\scripting\spechud.sp::HudDrawTimer
L 01/16/2023 - 00:28:29: SourceMod error session started
L 01/16/2023 - 00:28:29: Info (map "c2m1_highway") (file "/root/Steam/steamapps/common/Left 4 Dead 2 Dedicated Server/left4dead2/addons/sourcemod2/logs/errors_20230116.log")
L 01/16/2023 - 00:28:29: [SM] Unable to load plugin "extend/rpg.smx": Could not find required plugin "l4d2lib"
L 01/16/2023 - 00:29:45: Error log file session closed.
L 01/16/2023 - 00:36:33: SourceMod error session started
L 01/16/2023 - 00:36:33: Info (map "c2m1_highway") (file "/root/Steam/steamapps/common/Left 4 Dead 2 Dedicated Server/left4dead2/addons/sourcemod2/logs/errors_20230116.log")
L 01/16/2023 - 00:36:33: [SM] Unable to load plugin "extend/rpg.smx": Could not find required plugin "l4d2lib"
L 01/16/2023 - 00:37:43: Error log file session closed.
L 01/16/2023 - 01:05:02: SourceMod error session started
L 01/16/2023 - 01:05:02: Info (map "c2m1_highway") (file "/root/Steam/steamapps/common/Left 4 Dead 2 Dedicated Server/left4dead2/addons/sourcemod2/logs/errors_20230116.log")
L 01/16/2023 - 01:05:02: [SM] Unable to load plugin "extend/rpg.smx": Could not find required plugin "l4d2lib"
L 01/16/2023 - 01:05:05: [CRASH] Accelerator uploaded crash dump: Crash ID: L43I-2JBS-S2WW
L 01/16/2023 - 12:19:45: SourceMod error session started
L 01/16/2023 - 12:19:45: Info (map "c2m1_highway") (file "/root/Steam/steamapps/common/Left 4 Dead 2 Dedicated Server/left4dead2/addons/sourcemod2/logs/errors_20230116.log")
L 01/16/2023 - 12:19:45: [SM] Unable to load plugin "extend/rpg.smx": Could not find required plugin "l4d2lib"
L 01/16/2023 - 13:18:35: Error log file session closed.
L 01/16/2023 - 13:49:47: SourceMod error session started
L 01/16/2023 - 13:49:47: Info (map "c2m1_highway") (file "/root/Steam/steamapps/common/Left 4 Dead 2 Dedicated Server/left4dead2/addons/sourcemod2/logs/errors_20230116.log")
L 01/16/2023 - 13:49:47: [SM] Unable to load plugin "extend/rpg.smx": Could not find required plugin "l4d2lib"
L 01/16/2023 - 19:25:47: Error log file session closed.
L 01/16/2023 - 20:52:45: SourceMod error session started
L 01/16/2023 - 20:52:45: Info (map "c2m1_highway") (file "/root/Steam/steamapps/common/Left 4 Dead 2 Dedicated Server/left4dead2/addons/sourcemod2/logs/errors_20230116.log")
L 01/16/2023 - 20:52:45: [SM] Unable to load plugin "extend/rpg.smx": Could not find required plugin "l4d2lib"
L 01/16/2023 - 21:31:13: Error log file session closed.
L 01/16/2023 - 21:41:06: SourceMod error session started
L 01/16/2023 - 21:41:06: Info (map "c2m1_highway") (file "/root/Steam/steamapps/common/Left 4 Dead 2 Dedicated Server/left4dead2/addons/sourcemod2/logs/errors_20230116.log")
L 01/16/2023 - 21:41:06: [SM] Unable to load plugin "extend/rpg.smx": Could not find required plugin "l4d2lib"
L 01/16/2023 - 21:54:42: Error log file session closed.
L 01/16/2023 - 22:00:56: SourceMod error session started
L 01/16/2023 - 22:00:56: Info (map "c2m1_highway") (file "/root/Steam/steamapps/common/Left 4 Dead 2 Dedicated Server/left4dead2/addons/sourcemod2/logs/errors_20230116.log")
L 01/16/2023 - 22:00:56: [SM] Unable to load plugin "extend/rpg.smx": Could not find required plugin "l4d2lib"
L 01/16/2023 - 22:00:59: [CRASH] Accelerator uploaded crash dump: Crash ID: RF63-5LYQ-ET2E
L 01/16/2023 - 22:58:41: Error log file session closed.
