L 01/24/2023 - 10:01:01: SourceMod error session started
L 01/24/2023 - 10:01:01: Info (map "c2m1_highway") (file "/root/Steam/steamapps/common/Left 4 Dead 2 Dedicated Server/left4dead2/addons/sourcemod2/logs/errors_20230124.log")
L 01/24/2023 - 10:01:01: [SM] Unable to load plugin "extend/rpg.smx": Could not find required plugin "l4d2lib"
L 01/24/2023 - 10:06:32: Error log file session closed.
L 01/24/2023 - 10:07:10: SourceMod error session started
L 01/24/2023 - 10:07:10: Info (map "c2m1_highway") (file "/root/Steam/steamapps/common/Left 4 Dead 2 Dedicated Server/left4dead2/addons/sourcemod2/logs/errors_20230124.log")
L 01/24/2023 - 10:07:10: [SM] Unable to load plugin "extend/rpg.smx": Could not find required plugin "l4d2lib"
L 01/24/2023 - 10:07:18: Error log file session closed.
L 01/24/2023 - 10:10:09: SourceMod error session started
L 01/24/2023 - 10:10:09: Info (map "c2m1_highway") (file "/root/Steam/steamapps/common/Left 4 Dead 2 Dedicated Server/left4dead2/addons/sourcemod2/logs/errors_20230124.log")
L 01/24/2023 - 10:10:09: [SM] Unable to load plugin "extend/rpg.smx": Could not find required plugin "l4d2lib"
L 01/24/2023 - 10:39:37: Error log file session closed.
L 01/24/2023 - 10:40:02: SourceMod error session started
L 01/24/2023 - 10:40:02: Info (map "c2m1_highway") (file "/root/Steam/steamapps/common/Left 4 Dead 2 Dedicated Server/left4dead2/addons/sourcemod2/logs/errors_20230124.log")
L 01/24/2023 - 10:40:02: [SM] Unable to load plugin "extend/rpg.smx": Could not find required plugin "l4d2lib"
L 01/24/2023 - 10:40:12: Error log file session closed.
L 01/24/2023 - 10:42:39: SourceMod error session started
L 01/24/2023 - 10:42:39: Info (map "c2m1_highway") (file "/root/Steam/steamapps/common/Left 4 Dead 2 Dedicated Server/left4dead2/addons/sourcemod2/logs/errors_20230124.log")
L 01/24/2023 - 10:42:39: [SM] Unable to load plugin "extend/rpg.smx": Could not find required plugin "l4d2lib"
L 01/24/2023 - 10:52:44: SourceMod error session started
L 01/24/2023 - 10:52:44: Info (map "c2m1_highway") (file "/root/Steam/steamapps/common/Left 4 Dead 2 Dedicated Server/left4dead2/addons/sourcemod2/logs/errors_20230124.log")
L 01/24/2023 - 10:52:44: [SM] Unable to load plugin "extend/rpg.smx": Could not find required plugin "l4d2lib"
L 01/24/2023 - 14:44:36: SourceMod error session started
L 01/24/2023 - 14:44:36: Info (map "c2m1_highway") (file "/root/Steam/steamapps/common/Left 4 Dead 2 Dedicated Server/left4dead2/addons/sourcemod2/logs/errors_20230124.log")
L 01/24/2023 - 14:44:36: [SM] Unable to load plugin "extend/rpg.smx": Could not find required plugin "l4d2lib"
L 01/24/2023 - 16:07:04: Error log file session closed.
L 01/24/2023 - 16:09:45: SourceMod error session started
L 01/24/2023 - 16:09:45: Info (map "c2m1_highway") (file "/root/Steam/steamapps/common/Left 4 Dead 2 Dedicated Server/left4dead2/addons/sourcemod2/logs/errors_20230124.log")
L 01/24/2023 - 16:09:45: [SM] Exception reported: Invalid key value handle 13800cab (error 1)
L 01/24/2023 - 16:09:45: [SM] Blaming: extend/vote.smx
L 01/24/2023 - 16:09:45: [SM] Call stack trace:
L 01/24/2023 - 16:09:45: [SM]   [0] KvRewind
L 01/24/2023 - 16:09:45: [SM]   [1] Line 181, c:\Users\91889\Documents\GitHub\CompetitiveWithAnne\addons\sourcemod\scripting\AnneHappy\vote.sp::ShowVoteMenu
L 01/24/2023 - 16:09:45: [SM]   [2] Line 256, c:\Users\91889\Documents\GitHub\CompetitiveWithAnne\addons\sourcemod\scripting\AnneHappy\vote.sp::ConfigsMenuHandler
L 01/24/2023 - 16:09:45: [SM] Unable to load plugin "extend/rpg.smx": Could not find required plugin "l4d2lib"
L 01/24/2023 - 16:09:57: Error log file session closed.
L 01/24/2023 - 16:14:22: SourceMod error session started
L 01/24/2023 - 16:14:22: Info (map "c2m1_highway") (file "/root/Steam/steamapps/common/Left 4 Dead 2 Dedicated Server/left4dead2/addons/sourcemod2/logs/errors_20230124.log")
L 01/24/2023 - 16:14:22: [SM] Unable to load plugin "extend/rpg.smx": Could not find required plugin "l4d2lib"
L 01/24/2023 - 18:33:26: SourceMod error session started
L 01/24/2023 - 18:33:26: Info (map "c2m1_highway") (file "/root/Steam/steamapps/common/Left 4 Dead 2 Dedicated Server/left4dead2/addons/sourcemod2/logs/errors_20230124.log")
L 01/24/2023 - 18:33:26: [SM] Unable to load plugin "extend/rpg.smx": Could not find required plugin "l4d2lib"
L 01/24/2023 - 18:33:31: [CRASH] Accelerator uploaded crash dump: Crash ID: URJ3-GOXQ-4SD7
L 01/24/2023 - 18:49:28: Error log file session closed.
L 01/24/2023 - 19:22:39: SourceMod error session started
L 01/24/2023 - 19:22:39: Info (map "c2m1_highway") (file "/root/Steam/steamapps/common/Left 4 Dead 2 Dedicated Server/left4dead2/addons/sourcemod2/logs/errors_20230124.log")
L 01/24/2023 - 19:22:39: [SM] Exception reported: Language phrase "%t" not found (arg 3)
L 01/24/2023 - 19:22:39: [SM] Blaming: extend/fornite_l4d.smx
L 01/24/2023 - 19:22:39: [SM] Call stack trace:
L 01/24/2023 - 19:22:39: [SM]   [0] VFormat
L 01/24/2023 - 19:22:39: [SM]   [1] Line 1935, c:\Users\91889\Documents\GitHub\CompetitiveWithAnne\addons\sourcemod\scripting\extend\fornite_l4d.sp::CPrintToChat
L 01/24/2023 - 19:22:39: [SM]   [2] Line 458, c:\Users\91889\Documents\GitHub\CompetitiveWithAnne\addons\sourcemod\scripting\extend\fornite_l4d.sp::CreateEmote
L 01/24/2023 - 19:22:39: [SM]   [3] Line 1302, c:\Users\91889\Documents\GitHub\CompetitiveWithAnne\addons\sourcemod\scripting\extend\fornite_l4d.sp::RandomEmote
L 01/24/2023 - 19:22:39: [SM]   [4] Line 844, c:\Users\91889\Documents\GitHub\CompetitiveWithAnne\addons\sourcemod\scripting\extend\fornite_l4d.sp::MenuHandler1
L 01/24/2023 - 19:28:16: Error log file session closed.
L 01/24/2023 - 19:32:06: SourceMod error session started
L 01/24/2023 - 19:32:06: Info (map "c2m1_highway") (file "/root/Steam/steamapps/common/Left 4 Dead 2 Dedicated Server/left4dead2/addons/sourcemod2/logs/errors_20230124.log")
L 01/24/2023 - 19:32:06: [SM] Unable to load plugin "extend/rpg.smx": Could not find required plugin "l4d2lib"
L 01/25/2023 - 02:14:31: Error log file session closed.
