L 01/15/2023 - 00:17:57: SourceMod error session started
L 01/15/2023 - 00:17:57: Info (map "c2m1_highway") (file "/root/Steam/steamapps/common/Left 4 Dead 2 Dedicated Server/left4dead2/addons/sourcemod2/logs/errors_20230115.log")
L 01/15/2023 - 00:17:57: [SM] Unable to load plugin "extend/rpg.smx": Could not find required plugin "l4d2lib"
L 01/15/2023 - 13:41:38: Error log file session closed.
L 01/15/2023 - 13:55:12: SourceMod error session started
L 01/15/2023 - 13:55:12: Info (map "c2m1_highway") (file "/root/Steam/steamapps/common/Left 4 Dead 2 Dedicated Server/left4dead2/addons/sourcemod2/logs/errors_20230115.log")
L 01/15/2023 - 13:55:12: [SM] Unable to load plugin "extend/rpg.smx": Could not find required plugin "l4d2lib"
L 01/15/2023 - 16:05:30: Error log file session closed.
L 01/15/2023 - 16:17:49: SourceMod error session started
L 01/15/2023 - 16:17:49: Info (map "c2m1_highway") (file "/root/Steam/steamapps/common/Left 4 Dead 2 Dedicated Server/left4dead2/addons/sourcemod2/logs/errors_20230115.log")
L 01/15/2023 - 16:17:49: [SM] Unable to load plugin "extend/rpg.smx": Could not find required plugin "l4d2lib"
L 01/15/2023 - 16:17:53: [CRASH] Accelerator uploaded crash dump: Crash ID: B4HP-WK4O-7AYO
L 01/15/2023 - 16:18:46: Error log file session closed.
L 01/15/2023 - 16:31:01: SourceMod error session started
L 01/15/2023 - 16:31:01: Info (map "c2m1_highway") (file "/root/Steam/steamapps/common/Left 4 Dead 2 Dedicated Server/left4dead2/addons/sourcemod2/logs/errors_20230115.log")
L 01/15/2023 - 16:31:01: [SM] Unable to load plugin "extend/rpg.smx": Could not find required plugin "l4d2lib"
L 01/15/2023 - 16:31:05: [CRASH] Accelerator uploaded crash dump: Crash ID: 3XPA-WIN3-44GP
L 01/15/2023 - 16:43:30: SourceMod error session started
L 01/15/2023 - 16:43:30: Info (map "c2m1_highway") (file "/root/Steam/steamapps/common/Left 4 Dead 2 Dedicated Server/left4dead2/addons/sourcemod2/logs/errors_20230115.log")
L 01/15/2023 - 16:43:30: [SM] Unable to load plugin "extend/rpg.smx": Could not find required plugin "l4d2lib"
L 01/15/2023 - 21:05:07: Error log file session closed.
L 01/15/2023 - 21:41:14: SourceMod error session started
L 01/15/2023 - 21:41:14: Info (map "c2m1_highway") (file "/root/Steam/steamapps/common/Left 4 Dead 2 Dedicated Server/left4dead2/addons/sourcemod2/logs/errors_20230115.log")
L 01/15/2023 - 21:41:14: [SM] Unable to load plugin "extend/rpg.smx": Could not find required plugin "l4d2lib"
L 01/15/2023 - 22:57:58: SourceMod error session started
L 01/15/2023 - 22:57:58: Info (map "c2m1_highway") (file "/root/Steam/steamapps/common/Left 4 Dead 2 Dedicated Server/left4dead2/addons/sourcemod2/logs/errors_20230115.log")
L 01/15/2023 - 22:57:58: [SM] Unable to load plugin "extend/rpg.smx": Could not find required plugin "l4d2lib"
L 01/15/2023 - 23:00:13: Error log file session closed.
