L 01/27/2023 - 13:17:44: SourceMod log file session started (file "/root/Steam/steamapps/common/Left 4 Dead 2 Dedicated Server/left4dead2/addons/sourcemod2/logs/L20230127.log") (Version "1.11.0.6825")
L 01/27/2023 - 13:17:44: -------- Mapchange to c2m1_highway --------
L 01/27/2023 - 13:17:45: [basecommands.smx] "Console<0><Console><Console>" changed cvar (cvar "sv_minrate") (value "100000")
L 01/27/2023 - 13:17:45: [basecommands.smx] "Console<0><Console><Console>" changed cvar (cvar "sv_maxrate") (value "100000")
L 01/27/2023 - 13:17:45: [basecommands.smx] "Console<0><Console><Console>" changed cvar (cvar "sv_minupdaterate") (value "100")
L 01/27/2023 - 13:17:45: [basecommands.smx] "Console<0><Console><Console>" changed cvar (cvar "sv_maxupdaterate") (value "100")
L 01/27/2023 - 13:17:45: [basecommands.smx] "Console<0><Console><Console>" changed cvar (cvar "sv_mincmdrate") (value "100")
L 01/27/2023 - 13:17:45: [basecommands.smx] "Console<0><Console><Console>" changed cvar (cvar "sv_maxcmdrate") (value "100")
L 01/27/2023 - 13:17:45: [basecommands.smx] "Console<0><Console><Console>" changed cvar (cvar "sv_client_min_interp_ratio") (value "-1")
L 01/27/2023 - 13:17:45: [basecommands.smx] "Console<0><Console><Console>" changed cvar (cvar "sv_client_max_interp_ratio") (value "0")
L 01/27/2023 - 13:17:45: [basecommands.smx] "Console<0><Console><Console>" changed cvar (cvar "nb_update_frequency") (value "0.014")
L 01/27/2023 - 13:17:45: [basecommands.smx] "Console<0><Console><Console>" changed cvar (cvar "net_splitpacket_maxrate") (value "50000")
L 01/27/2023 - 13:17:45: [basecommands.smx] "Console<0><Console><Console>" changed cvar (cvar "fps_max") (value "0")
L 01/27/2023 - 13:17:45: [basecommands.smx] "Console<0><Console><Console>" changed cvar (cvar "sv_allow_wait_command") (value "0")
L 01/27/2023 - 13:17:45: [basecommands.smx] "Console<0><Console><Console>" changed cvar (cvar "tick_door_speed") (value "1.3")
L 01/27/2023 - 13:17:45: [basecommands.smx] "Console<0><Console><Console>" changed cvar (cvar "mp_autoteambalance") (value "0")
L 01/27/2023 - 13:17:45: [basecommands.smx] "Console<0><Console><Console>" changed cvar (cvar "sv_unlag_fixstuck") (value "1")
L 01/27/2023 - 13:17:45: [basecommands.smx] "Console<0><Console><Console>" changed cvar (cvar "z_brawl_chance") (value "0")
L 01/27/2023 - 13:17:45: [basecommands.smx] "Console<0><Console><Console>" changed cvar (cvar "sv_maxunlag") (value "1")
L 01/27/2023 - 13:17:45: [basecommands.smx] "Console<0><Console><Console>" changed cvar (cvar "sv_forcepreload") (value "1")
L 01/27/2023 - 13:17:45: [basecommands.smx] "Console<0><Console><Console>" changed cvar (cvar "sv_client_predict") (value "1")
L 01/27/2023 - 13:17:45: [basecommands.smx] "Console<0><Console><Console>" changed cvar (cvar "sv_client_cmdrate_difference") (value "0")
L 01/27/2023 - 13:17:45: [basecommands.smx] "Console<0><Console><Console>" changed cvar (cvar "sv_max_queries_sec_global") (value "10")
L 01/27/2023 - 13:17:45: [basecommands.smx] "Console<0><Console><Console>" changed cvar (cvar "sv_max_queries_sec") (value "3")
L 01/27/2023 - 13:17:45: [basecommands.smx] "Console<0><Console><Console>" changed cvar (cvar "sv_max_queries_window") (value "10")
L 01/27/2023 - 13:17:45: [basecommands.smx] "Console<0><Console><Console>" changed cvar (cvar "sv_player_stuck_tolerance") (value "5")
L 01/27/2023 - 13:17:45: [basecommands.smx] "Console<0><Console><Console>" changed cvar (cvar "sv_stats") (value "0")
L 01/27/2023 - 13:17:45: [basecommands.smx] "Console<0><Console><Console>" changed cvar (cvar "sv_clockcorrection_msecs") (value "25")
L 01/27/2023 - 13:17:45: [basecommands.smx] "Console<0><Console><Console>" changed cvar (cvar "sb_all_bot_game") (value "1")
L 01/27/2023 - 13:17:45: [basecommands.smx] "Console<0><Console><Console>" changed cvar (cvar "sv_allowupload") (value "0")
L 01/27/2023 - 13:17:45: [basecommands.smx] "Console<0><Console><Console>" changed cvar (cvar "sv_allowdownload") (value "0")
L 01/27/2023 - 13:17:45: [basecommands.smx] "Console<0><Console><Console>" changed cvar (cvar "decalfrequency") (value "1.0")
L 01/27/2023 - 13:17:45: [basecommands.smx] "Console<0><Console><Console>" changed cvar (cvar "mv_maxplayers") (value "12")
L 01/27/2023 - 13:17:45: [basecommands.smx] "Console<0><Console><Console>" changed cvar (cvar "sn_hostname_format") (value "{hostname} >> {gamemode}")
L 01/27/2023 - 13:17:46: [chat-processor.smx] Message formats generated for game 'left4dead2'.
L 01/27/2023 - 13:17:46: [chat-processor.smx] Successfully hooked a SayText2 chat hook.
L 01/27/2023 - 13:19:28: SourceMod log file session started (file "/root/Steam/steamapps/common/Left 4 Dead 2 Dedicated Server/left4dead2/addons/sourcemod2/logs/L20230127.log") (Version "1.11.0.6825")
L 01/27/2023 - 13:19:28: [GEOIP] GeoIP2 database loaded: GeoLite2-City (2019-12-17 20:01:26 UTC)
L 01/27/2023 - 13:19:28: [GEOIP] GeoIP2 supported languages: de en es fr ja pt-BR ru zh-CN
L 01/27/2023 - 13:19:32: [basecommands.smx] "Console<0><Console><Console>" changed cvar (cvar "sv_minrate") (value "100000")
L 01/27/2023 - 13:19:32: [basecommands.smx] "Console<0><Console><Console>" changed cvar (cvar "sv_maxrate") (value "100000")
L 01/27/2023 - 13:19:32: [basecommands.smx] "Console<0><Console><Console>" changed cvar (cvar "sv_minupdaterate") (value "100")
L 01/27/2023 - 13:19:32: [basecommands.smx] "Console<0><Console><Console>" changed cvar (cvar "sv_maxupdaterate") (value "100")
L 01/27/2023 - 13:19:32: [basecommands.smx] "Console<0><Console><Console>" changed cvar (cvar "sv_mincmdrate") (value "100")
L 01/27/2023 - 13:19:32: [basecommands.smx] "Console<0><Console><Console>" changed cvar (cvar "sv_maxcmdrate") (value "100")
L 01/27/2023 - 13:19:32: [basecommands.smx] "Console<0><Console><Console>" changed cvar (cvar "sv_client_min_interp_ratio") (value "-1")
L 01/27/2023 - 13:19:32: [basecommands.smx] "Console<0><Console><Console>" changed cvar (cvar "sv_client_max_interp_ratio") (value "0")
L 01/27/2023 - 13:19:32: [basecommands.smx] "Console<0><Console><Console>" changed cvar (cvar "nb_update_frequency") (value "0.014")
L 01/27/2023 - 13:19:32: [basecommands.smx] "Console<0><Console><Console>" changed cvar (cvar "net_splitpacket_maxrate") (value "50000")
L 01/27/2023 - 13:19:32: [basecommands.smx] "Console<0><Console><Console>" changed cvar (cvar "fps_max") (value "0")
L 01/27/2023 - 13:19:32: [basecommands.smx] "Console<0><Console><Console>" changed cvar (cvar "sv_allow_wait_command") (value "0")
L 01/27/2023 - 13:19:32: [basecommands.smx] "Console<0><Console><Console>" changed cvar (cvar "tick_door_speed") (value "1.3")
L 01/27/2023 - 13:19:32: [basecommands.smx] "Console<0><Console><Console>" changed cvar (cvar "mp_autoteambalance") (value "0")
L 01/27/2023 - 13:19:32: [basecommands.smx] "Console<0><Console><Console>" changed cvar (cvar "sv_unlag_fixstuck") (value "1")
L 01/27/2023 - 13:19:32: [basecommands.smx] "Console<0><Console><Console>" changed cvar (cvar "z_brawl_chance") (value "0")
L 01/27/2023 - 13:19:32: [basecommands.smx] "Console<0><Console><Console>" changed cvar (cvar "sv_maxunlag") (value "1")
L 01/27/2023 - 13:19:32: [basecommands.smx] "Console<0><Console><Console>" changed cvar (cvar "sv_forcepreload") (value "1")
L 01/27/2023 - 13:19:32: [basecommands.smx] "Console<0><Console><Console>" changed cvar (cvar "sv_client_predict") (value "1")
L 01/27/2023 - 13:19:32: [basecommands.smx] "Console<0><Console><Console>" changed cvar (cvar "sv_client_cmdrate_difference") (value "0")
L 01/27/2023 - 13:19:32: [basecommands.smx] "Console<0><Console><Console>" changed cvar (cvar "sv_max_queries_sec_global") (value "10")
L 01/27/2023 - 13:19:32: [basecommands.smx] "Console<0><Console><Console>" changed cvar (cvar "sv_max_queries_sec") (value "3")
L 01/27/2023 - 13:19:32: [basecommands.smx] "Console<0><Console><Console>" changed cvar (cvar "sv_max_queries_window") (value "10")
L 01/27/2023 - 13:19:32: [basecommands.smx] "Console<0><Console><Console>" changed cvar (cvar "sv_player_stuck_tolerance") (value "5")
L 01/27/2023 - 13:19:32: [basecommands.smx] "Console<0><Console><Console>" changed cvar (cvar "sv_stats") (value "0")
L 01/27/2023 - 13:19:32: [basecommands.smx] "Console<0><Console><Console>" changed cvar (cvar "sv_clockcorrection_msecs") (value "25")
L 01/27/2023 - 13:19:32: [basecommands.smx] "Console<0><Console><Console>" changed cvar (cvar "sb_all_bot_game") (value "1")
L 01/27/2023 - 13:19:32: [basecommands.smx] "Console<0><Console><Console>" changed cvar (cvar "sv_allowupload") (value "0")
L 01/27/2023 - 13:19:32: [basecommands.smx] "Console<0><Console><Console>" changed cvar (cvar "sv_allowdownload") (value "0")
L 01/27/2023 - 13:19:32: [basecommands.smx] "Console<0><Console><Console>" changed cvar (cvar "decalfrequency") (value "1.0")
L 01/27/2023 - 13:19:32: [basecommands.smx] "Console<0><Console><Console>" changed cvar (cvar "mv_maxplayers") (value "12")
L 01/27/2023 - 13:19:32: [basecommands.smx] "Console<0><Console><Console>" changed cvar (cvar "sn_hostname_format") (value "{hostname} >> {gamemode}")
L 01/27/2023 - 13:19:33: [chat-processor.smx] Message formats generated for game 'left4dead2'.
L 01/27/2023 - 13:19:33: [chat-processor.smx] Successfully hooked a SayText2 chat hook.
L 01/27/2023 - 13:38:32: -------- Mapchange to c2m1_highway --------
L 01/27/2023 - 13:38:33: [basecommands.smx] "Console<0><Console><Console>" changed cvar (cvar "sv_minrate") (value "100000")
L 01/27/2023 - 13:38:33: [basecommands.smx] "Console<0><Console><Console>" changed cvar (cvar "sv_maxrate") (value "100000")
L 01/27/2023 - 13:38:33: [basecommands.smx] "Console<0><Console><Console>" changed cvar (cvar "sv_minupdaterate") (value "100")
L 01/27/2023 - 13:38:33: [basecommands.smx] "Console<0><Console><Console>" changed cvar (cvar "sv_maxupdaterate") (value "100")
L 01/27/2023 - 13:38:33: [basecommands.smx] "Console<0><Console><Console>" changed cvar (cvar "sv_mincmdrate") (value "100")
L 01/27/2023 - 13:38:33: [basecommands.smx] "Console<0><Console><Console>" changed cvar (cvar "sv_maxcmdrate") (value "100")
L 01/27/2023 - 13:38:33: [basecommands.smx] "Console<0><Console><Console>" changed cvar (cvar "sv_client_min_interp_ratio") (value "-1")
L 01/27/2023 - 13:38:33: [basecommands.smx] "Console<0><Console><Console>" changed cvar (cvar "sv_client_max_interp_ratio") (value "0")
L 01/27/2023 - 13:38:33: [basecommands.smx] "Console<0><Console><Console>" changed cvar (cvar "nb_update_frequency") (value "0.014")
L 01/27/2023 - 13:38:33: [basecommands.smx] "Console<0><Console><Console>" changed cvar (cvar "net_splitpacket_maxrate") (value "50000")
L 01/27/2023 - 13:38:33: [basecommands.smx] "Console<0><Console><Console>" changed cvar (cvar "fps_max") (value "0")
L 01/27/2023 - 13:38:33: [basecommands.smx] "Console<0><Console><Console>" changed cvar (cvar "sv_allow_wait_command") (value "0")
L 01/27/2023 - 13:38:33: [basecommands.smx] "Console<0><Console><Console>" changed cvar (cvar "tick_door_speed") (value "1.3")
L 01/27/2023 - 13:38:33: [basecommands.smx] "Console<0><Console><Console>" changed cvar (cvar "mp_autoteambalance") (value "0")
L 01/27/2023 - 13:38:33: [basecommands.smx] "Console<0><Console><Console>" changed cvar (cvar "sv_unlag_fixstuck") (value "1")
L 01/27/2023 - 13:38:33: [basecommands.smx] "Console<0><Console><Console>" changed cvar (cvar "z_brawl_chance") (value "0")
L 01/27/2023 - 13:38:33: [basecommands.smx] "Console<0><Console><Console>" changed cvar (cvar "sv_maxunlag") (value "1")
L 01/27/2023 - 13:38:33: [basecommands.smx] "Console<0><Console><Console>" changed cvar (cvar "sv_forcepreload") (value "1")
L 01/27/2023 - 13:38:33: [basecommands.smx] "Console<0><Console><Console>" changed cvar (cvar "sv_client_predict") (value "1")
L 01/27/2023 - 13:38:33: [basecommands.smx] "Console<0><Console><Console>" changed cvar (cvar "sv_client_cmdrate_difference") (value "0")
L 01/27/2023 - 13:38:33: [basecommands.smx] "Console<0><Console><Console>" changed cvar (cvar "sv_max_queries_sec_global") (value "10")
L 01/27/2023 - 13:38:33: [basecommands.smx] "Console<0><Console><Console>" changed cvar (cvar "sv_max_queries_sec") (value "3")
L 01/27/2023 - 13:38:33: [basecommands.smx] "Console<0><Console><Console>" changed cvar (cvar "sv_max_queries_window") (value "10")
L 01/27/2023 - 13:38:33: [basecommands.smx] "Console<0><Console><Console>" changed cvar (cvar "sv_player_stuck_tolerance") (value "5")
L 01/27/2023 - 13:38:33: [basecommands.smx] "Console<0><Console><Console>" changed cvar (cvar "sv_stats") (value "0")
L 01/27/2023 - 13:38:33: [basecommands.smx] "Console<0><Console><Console>" changed cvar (cvar "sv_clockcorrection_msecs") (value "25")
L 01/27/2023 - 13:38:33: [basecommands.smx] "Console<0><Console><Console>" changed cvar (cvar "sb_all_bot_game") (value "1")
L 01/27/2023 - 13:38:33: [basecommands.smx] "Console<0><Console><Console>" changed cvar (cvar "sv_allowupload") (value "0")
L 01/27/2023 - 13:38:33: [basecommands.smx] "Console<0><Console><Console>" changed cvar (cvar "sv_allowdownload") (value "0")
L 01/27/2023 - 13:38:33: [basecommands.smx] "Console<0><Console><Console>" changed cvar (cvar "decalfrequency") (value "1.0")
L 01/27/2023 - 13:38:33: [basecommands.smx] "Console<0><Console><Console>" changed cvar (cvar "mv_maxplayers") (value "12")
L 01/27/2023 - 13:38:33: [basecommands.smx] "Console<0><Console><Console>" changed cvar (cvar "sn_hostname_format") (value "{hostname} >> {gamemode}")
L 01/27/2023 - 13:38:34: [chat-processor.smx] Message formats generated for game 'left4dead2'.
L 01/27/2023 - 13:38:34: [chat-processor.smx] Successfully hooked a SayText2 chat hook.
L 01/27/2023 - 13:39:57: SourceMod log file session started (file "/root/Steam/steamapps/common/Left 4 Dead 2 Dedicated Server/left4dead2/addons/sourcemod2/logs/L20230127.log") (Version "1.11.0.6825")
L 01/27/2023 - 13:39:57: [GEOIP] GeoIP2 database loaded: GeoLite2-City (2019-12-17 20:01:26 UTC)
L 01/27/2023 - 13:39:57: [GEOIP] GeoIP2 supported languages: de en es fr ja pt-BR ru zh-CN
L 01/27/2023 - 13:40:01: [basecommands.smx] "Console<0><Console><Console>" changed cvar (cvar "sv_minrate") (value "100000")
L 01/27/2023 - 13:40:01: [basecommands.smx] "Console<0><Console><Console>" changed cvar (cvar "sv_maxrate") (value "100000")
L 01/27/2023 - 13:40:01: [basecommands.smx] "Console<0><Console><Console>" changed cvar (cvar "sv_minupdaterate") (value "100")
L 01/27/2023 - 13:40:01: [basecommands.smx] "Console<0><Console><Console>" changed cvar (cvar "sv_maxupdaterate") (value "100")
L 01/27/2023 - 13:40:01: [basecommands.smx] "Console<0><Console><Console>" changed cvar (cvar "sv_mincmdrate") (value "100")
L 01/27/2023 - 13:40:01: [basecommands.smx] "Console<0><Console><Console>" changed cvar (cvar "sv_maxcmdrate") (value "100")
L 01/27/2023 - 13:40:01: [basecommands.smx] "Console<0><Console><Console>" changed cvar (cvar "sv_client_min_interp_ratio") (value "-1")
L 01/27/2023 - 13:40:01: [basecommands.smx] "Console<0><Console><Console>" changed cvar (cvar "sv_client_max_interp_ratio") (value "0")
L 01/27/2023 - 13:40:01: [basecommands.smx] "Console<0><Console><Console>" changed cvar (cvar "nb_update_frequency") (value "0.014")
L 01/27/2023 - 13:40:01: [basecommands.smx] "Console<0><Console><Console>" changed cvar (cvar "net_splitpacket_maxrate") (value "50000")
L 01/27/2023 - 13:40:01: [basecommands.smx] "Console<0><Console><Console>" changed cvar (cvar "fps_max") (value "0")
L 01/27/2023 - 13:40:01: [basecommands.smx] "Console<0><Console><Console>" changed cvar (cvar "sv_allow_wait_command") (value "0")
L 01/27/2023 - 13:40:01: [basecommands.smx] "Console<0><Console><Console>" changed cvar (cvar "tick_door_speed") (value "1.3")
L 01/27/2023 - 13:40:01: [basecommands.smx] "Console<0><Console><Console>" changed cvar (cvar "mp_autoteambalance") (value "0")
L 01/27/2023 - 13:40:01: [basecommands.smx] "Console<0><Console><Console>" changed cvar (cvar "sv_unlag_fixstuck") (value "1")
L 01/27/2023 - 13:40:01: [basecommands.smx] "Console<0><Console><Console>" changed cvar (cvar "z_brawl_chance") (value "0")
L 01/27/2023 - 13:40:01: [basecommands.smx] "Console<0><Console><Console>" changed cvar (cvar "sv_maxunlag") (value "1")
L 01/27/2023 - 13:40:01: [basecommands.smx] "Console<0><Console><Console>" changed cvar (cvar "sv_forcepreload") (value "1")
L 01/27/2023 - 13:40:01: [basecommands.smx] "Console<0><Console><Console>" changed cvar (cvar "sv_client_predict") (value "1")
L 01/27/2023 - 13:40:01: [basecommands.smx] "Console<0><Console><Console>" changed cvar (cvar "sv_client_cmdrate_difference") (value "0")
L 01/27/2023 - 13:40:01: [basecommands.smx] "Console<0><Console><Console>" changed cvar (cvar "sv_max_queries_sec_global") (value "10")
L 01/27/2023 - 13:40:01: [basecommands.smx] "Console<0><Console><Console>" changed cvar (cvar "sv_max_queries_sec") (value "3")
L 01/27/2023 - 13:40:01: [basecommands.smx] "Console<0><Console><Console>" changed cvar (cvar "sv_max_queries_window") (value "10")
L 01/27/2023 - 13:40:01: [basecommands.smx] "Console<0><Console><Console>" changed cvar (cvar "sv_player_stuck_tolerance") (value "5")
L 01/27/2023 - 13:40:01: [basecommands.smx] "Console<0><Console><Console>" changed cvar (cvar "sv_stats") (value "0")
L 01/27/2023 - 13:40:01: [basecommands.smx] "Console<0><Console><Console>" changed cvar (cvar "sv_clockcorrection_msecs") (value "25")
L 01/27/2023 - 13:40:01: [basecommands.smx] "Console<0><Console><Console>" changed cvar (cvar "sb_all_bot_game") (value "1")
L 01/27/2023 - 13:40:01: [basecommands.smx] "Console<0><Console><Console>" changed cvar (cvar "sv_allowupload") (value "0")
L 01/27/2023 - 13:40:01: [basecommands.smx] "Console<0><Console><Console>" changed cvar (cvar "sv_allowdownload") (value "0")
L 01/27/2023 - 13:40:01: [basecommands.smx] "Console<0><Console><Console>" changed cvar (cvar "decalfrequency") (value "1.0")
L 01/27/2023 - 13:40:01: [basecommands.smx] "Console<0><Console><Console>" changed cvar (cvar "mv_maxplayers") (value "12")
L 01/27/2023 - 13:40:01: [basecommands.smx] "Console<0><Console><Console>" changed cvar (cvar "sn_hostname_format") (value "{hostname} >> {gamemode}")
L 01/27/2023 - 13:40:02: [chat-processor.smx] Message formats generated for game 'left4dead2'.
L 01/27/2023 - 13:40:02: [chat-processor.smx] Successfully hooked a SayText2 chat hook.
L 01/27/2023 - 20:01:31: -------- Mapchange to c2m1_highway --------
L 01/27/2023 - 20:01:33: [basecommands.smx] "Console<0><Console><Console>" changed cvar (cvar "sv_minrate") (value "100000")
L 01/27/2023 - 20:01:33: [basecommands.smx] "Console<0><Console><Console>" changed cvar (cvar "sv_maxrate") (value "100000")
L 01/27/2023 - 20:01:33: [basecommands.smx] "Console<0><Console><Console>" changed cvar (cvar "sv_minupdaterate") (value "100")
L 01/27/2023 - 20:01:33: [basecommands.smx] "Console<0><Console><Console>" changed cvar (cvar "sv_maxupdaterate") (value "100")
L 01/27/2023 - 20:01:33: [basecommands.smx] "Console<0><Console><Console>" changed cvar (cvar "sv_mincmdrate") (value "100")
L 01/27/2023 - 20:01:33: [basecommands.smx] "Console<0><Console><Console>" changed cvar (cvar "sv_maxcmdrate") (value "100")
L 01/27/2023 - 20:01:33: [basecommands.smx] "Console<0><Console><Console>" changed cvar (cvar "sv_client_min_interp_ratio") (value "-1")
L 01/27/2023 - 20:01:33: [basecommands.smx] "Console<0><Console><Console>" changed cvar (cvar "sv_client_max_interp_ratio") (value "0")
L 01/27/2023 - 20:01:33: [basecommands.smx] "Console<0><Console><Console>" changed cvar (cvar "nb_update_frequency") (value "0.014")
L 01/27/2023 - 20:01:33: [basecommands.smx] "Console<0><Console><Console>" changed cvar (cvar "net_splitpacket_maxrate") (value "50000")
L 01/27/2023 - 20:01:33: [basecommands.smx] "Console<0><Console><Console>" changed cvar (cvar "fps_max") (value "0")
L 01/27/2023 - 20:01:33: [basecommands.smx] "Console<0><Console><Console>" changed cvar (cvar "sv_allow_wait_command") (value "0")
L 01/27/2023 - 20:01:33: [basecommands.smx] "Console<0><Console><Console>" changed cvar (cvar "tick_door_speed") (value "1.3")
L 01/27/2023 - 20:01:33: [basecommands.smx] "Console<0><Console><Console>" changed cvar (cvar "mp_autoteambalance") (value "0")
L 01/27/2023 - 20:01:33: [basecommands.smx] "Console<0><Console><Console>" changed cvar (cvar "sv_unlag_fixstuck") (value "1")
L 01/27/2023 - 20:01:33: [basecommands.smx] "Console<0><Console><Console>" changed cvar (cvar "z_brawl_chance") (value "0")
L 01/27/2023 - 20:01:33: [basecommands.smx] "Console<0><Console><Console>" changed cvar (cvar "sv_maxunlag") (value "1")
L 01/27/2023 - 20:01:33: [basecommands.smx] "Console<0><Console><Console>" changed cvar (cvar "sv_forcepreload") (value "1")
L 01/27/2023 - 20:01:33: [basecommands.smx] "Console<0><Console><Console>" changed cvar (cvar "sv_client_predict") (value "1")
L 01/27/2023 - 20:01:33: [basecommands.smx] "Console<0><Console><Console>" changed cvar (cvar "sv_client_cmdrate_difference") (value "0")
L 01/27/2023 - 20:01:33: [basecommands.smx] "Console<0><Console><Console>" changed cvar (cvar "sv_max_queries_sec_global") (value "10")
L 01/27/2023 - 20:01:33: [basecommands.smx] "Console<0><Console><Console>" changed cvar (cvar "sv_max_queries_sec") (value "3")
L 01/27/2023 - 20:01:33: [basecommands.smx] "Console<0><Console><Console>" changed cvar (cvar "sv_max_queries_window") (value "10")
L 01/27/2023 - 20:01:33: [basecommands.smx] "Console<0><Console><Console>" changed cvar (cvar "sv_player_stuck_tolerance") (value "5")
L 01/27/2023 - 20:01:33: [basecommands.smx] "Console<0><Console><Console>" changed cvar (cvar "sv_stats") (value "0")
L 01/27/2023 - 20:01:33: [basecommands.smx] "Console<0><Console><Console>" changed cvar (cvar "sv_clockcorrection_msecs") (value "25")
L 01/27/2023 - 20:01:33: [basecommands.smx] "Console<0><Console><Console>" changed cvar (cvar "sb_all_bot_game") (value "1")
L 01/27/2023 - 20:01:33: [basecommands.smx] "Console<0><Console><Console>" changed cvar (cvar "sv_allowupload") (value "0")
L 01/27/2023 - 20:01:33: [basecommands.smx] "Console<0><Console><Console>" changed cvar (cvar "sv_allowdownload") (value "0")
L 01/27/2023 - 20:01:33: [basecommands.smx] "Console<0><Console><Console>" changed cvar (cvar "decalfrequency") (value "1.0")
L 01/27/2023 - 20:01:33: [basecommands.smx] "Console<0><Console><Console>" changed cvar (cvar "mv_maxplayers") (value "12")
L 01/27/2023 - 20:01:33: [basecommands.smx] "Console<0><Console><Console>" changed cvar (cvar "sn_hostname_format") (value "{hostname} >> {gamemode}")
L 01/27/2023 - 20:01:34: [chat-processor.smx] Message formats generated for game 'left4dead2'.
L 01/27/2023 - 20:01:34: [chat-processor.smx] Successfully hooked a SayText2 chat hook.
L 01/27/2023 - 20:01:57: [optional/AnneHappy/servercleanup.smx] Deleted file "logs/L000_000_000_000_0_202301200332_000.log"
L 01/27/2023 - 20:01:57: [optional/AnneHappy/servercleanup.smx] Deleted file "logs/L000_000_000_000_0_202301201531_000.log"
L 01/27/2023 - 20:01:57: [optional/AnneHappy/servercleanup.smx] Deleted file "logs/L127_000_000_001_27015_202301200317_001.log"
L 01/27/2023 - 20:01:57: [optional/AnneHappy/servercleanup.smx] Deleted file "logs/L127_000_000_001_23333_202301201949_001.log"
L 01/27/2023 - 20:01:57: [optional/AnneHappy/servercleanup.smx] Deleted file "logs/L127_000_000_001_2000_202301200303_000.log"
L 01/27/2023 - 20:01:57: [optional/AnneHappy/servercleanup.smx] Deleted file "logs/L127_000_000_001_27015_202301200258_000.log"
L 01/27/2023 - 20:01:57: [optional/AnneHappy/servercleanup.smx] Deleted file "logs/L127_000_000_001_23333_202301201625_000.log"
L 01/27/2023 - 20:01:57: [optional/AnneHappy/servercleanup.smx] Deleted file "logs/L127_000_000_001_27015_202301192302_000.log"
L 01/27/2023 - 20:01:57: [optional/AnneHappy/servercleanup.smx] Deleted file "logs/L127_000_000_001_2000_202301200311_000.log"
L 01/27/2023 - 20:01:57: [optional/AnneHappy/servercleanup.smx] Deleted file "logs/L127_000_000_001_23333_202301201631_000.log"
L 01/27/2023 - 20:01:57: [optional/AnneHappy/servercleanup.smx] Deleted file "logs/L127_000_000_001_23333_202301192011_000.log"
L 01/27/2023 - 20:01:57: [optional/AnneHappy/servercleanup.smx] Deleted file "logs/L127_000_000_001_23333_202301201954_000.log"
L 01/27/2023 - 20:01:57: [optional/AnneHappy/servercleanup.smx] Deleted file "logs/L127_000_000_001_23333_202301201043_000.log"
L 01/27/2023 - 20:01:57: [optional/AnneHappy/servercleanup.smx] Deleted file "logs/L127_000_000_001_23333_202301201042_000.log"
L 01/27/2023 - 20:01:57: [optional/AnneHappy/servercleanup.smx] Deleted file "logs/L000_000_000_000_0_202301200319_000.log"
L 01/27/2023 - 20:01:57: [optional/AnneHappy/servercleanup.smx] Deleted file "logs/L127_000_000_001_23333_202301201617_000.log"
L 01/27/2023 - 20:01:57: [optional/AnneHappy/servercleanup.smx] Deleted file "logs/L127_000_000_001_23333_202301201513_000.log"
L 01/27/2023 - 20:01:57: [optional/AnneHappy/servercleanup.smx] Deleted file "logs/L127_000_000_001_27015_202301161912_000.log"
L 01/27/2023 - 20:01:57: [optional/AnneHappy/servercleanup.smx] Deleted file "logs/L127_000_000_001_27015_202301200316_000.log"
L 01/27/2023 - 20:01:57: [optional/AnneHappy/servercleanup.smx] Deleted file "logs/L000_000_000_000_0_202301200311_000.log"
L 01/27/2023 - 20:01:57: [optional/AnneHappy/servercleanup.smx] Deleted file "logs/L127_000_000_001_2000_202301191746_000.log"
L 01/27/2023 - 20:01:57: [optional/AnneHappy/servercleanup.smx] Deleted file "logs/L127_000_000_001_2000_202301200258_000.log"
L 01/27/2023 - 20:01:57: [optional/AnneHappy/servercleanup.smx] Deleted file "logs/L127_000_000_001_23333_202301201052_000.log"
L 01/27/2023 - 20:01:57: [optional/AnneHappy/servercleanup.smx] Deleted file "logs/L000_000_000_000_0_202301200303_000.log"
L 01/27/2023 - 20:01:57: [optional/AnneHappy/servercleanup.smx] Deleted file "logs/L127_000_000_001_27015_202301200313_001.log"
L 01/27/2023 - 20:01:57: [optional/AnneHappy/servercleanup.smx] Deleted file "logs/L000_000_000_000_0_202301192302_000.log"
L 01/27/2023 - 20:01:57: [optional/AnneHappy/servercleanup.smx] Deleted file "logs/L127_000_000_001_23333_202301201610_000.log"
L 01/27/2023 - 20:01:57: [optional/AnneHappy/servercleanup.smx] Deleted file "logs/L000_000_000_000_0_202301201052_000.log"
L 01/27/2023 - 20:01:57: [optional/AnneHappy/servercleanup.smx] Deleted file "logs/L000_000_000_000_0_202301201648_000.log"
L 01/27/2023 - 20:01:57: [optional/AnneHappy/servercleanup.smx] Deleted file "logs/L127_000_000_001_23333_202301201513_001.log"
L 01/27/2023 - 20:01:57: [optional/AnneHappy/servercleanup.smx] Deleted file "logs/L127_000_000_001_23333_202301201043_001.log"
L 01/27/2023 - 20:01:57: [optional/AnneHappy/servercleanup.smx] Deleted file "logs/L000_000_000_000_0_202301200258_000.log"
L 01/27/2023 - 20:01:57: [optional/AnneHappy/servercleanup.smx] Deleted file "logs/L127_000_000_001_23333_202301201639_000.log"
L 01/27/2023 - 20:01:57: [optional/AnneHappy/servercleanup.smx] Deleted file "logs/L127_000_000_001_27015_202301200313_000.log"
L 01/27/2023 - 20:01:57: [optional/AnneHappy/servercleanup.smx] Deleted file "logs/L127_000_000_001_27015_202301200312_000.log"
L 01/27/2023 - 20:01:57: [optional/AnneHappy/servercleanup.smx] Deleted file "logs/L000_000_000_000_0_202301200312_000.log"
L 01/27/2023 - 20:01:57: [optional/AnneHappy/servercleanup.smx] Deleted file "logs/L127_000_000_001_23333_202301201648_000.log"
L 01/27/2023 - 20:01:57: [optional/AnneHappy/servercleanup.smx] Deleted file "logs/L127_000_000_001_23333_202301201610_001.log"
L 01/27/2023 - 20:01:57: [optional/AnneHappy/servercleanup.smx] Deleted file "logs/L127_000_000_001_27015_202301200317_000.log"
L 01/27/2023 - 20:01:57: [optional/AnneHappy/servercleanup.smx] Deleted file "logs/L127_000_000_001_23333_202301201949_000.log"
L 01/27/2023 - 20:01:57: [optional/AnneHappy/servercleanup.smx] Deleted file "logs/L127_000_000_001_23333_202301201531_000.log"
L 01/27/2023 - 20:01:57: [optional/AnneHappy/servercleanup.smx] Deleted file "logs/L000_000_000_000_0_202301200258_001.log"
L 01/27/2023 - 20:01:57: [optional/AnneHappy/servercleanup.smx] Deleted file "logs/L000_000_000_000_0_202301201956_000.log"
L 01/27/2023 - 20:01:57: [optional/AnneHappy/servercleanup.smx] Deleted file "logs/L127_000_000_001_27015_202301200303_000.log"
L 01/27/2023 - 20:01:57: [optional/AnneHappy/servercleanup.smx] Deleted file "logs/L000_000_000_000_0_202301200303_001.log"
L 01/27/2023 - 20:01:57: [optional/AnneHappy/servercleanup.smx] Deleted file "addons/sourcemod2/logs/L20230119.log"
L 01/27/2023 - 20:01:57: [confoglcompmod.smx] [PasswordSystem] Set password on 冰雪聪明 ⑨ Cirno, password 
L 01/27/2023 - 20:01:57: [basecommands.smx] "Console<0><Console><Console>" changed cvar (cvar "stripper_cfg_path") (value "cfg/stripper/zonemod_anne")
L 01/27/2023 - 20:01:57: [basecommands.smx] "Console<0><Console><Console>" changed cvar (cvar "z_gun_swing_vs_min_penalty") (value "1")
L 01/27/2023 - 20:01:57: [basecommands.smx] "Console<0><Console><Console>" changed cvar (cvar "z_gun_swing_coop_min_penalty") (value "1")
L 01/27/2023 - 20:01:57: [basecommands.smx] "Console<0><Console><Console>" changed cvar (cvar "z_gun_swing_vs_max_penalty") (value "4")
L 01/27/2023 - 20:01:57: [basecommands.smx] "Console<0><Console><Console>" changed cvar (cvar "z_gun_swing_coop_max_penalty") (value "4")
L 01/27/2023 - 20:01:57: [basecommands.smx] "Console<0><Console><Console>" changed cvar (cvar "versus_special_respawn_interval") (value "16")
L 01/27/2023 - 20:01:57: [basecommands.smx] "Console<0><Console><Console>" changed cvar (cvar "l4d_infected_limit") (value "2")
L 01/27/2023 - 20:01:57: [basecommands.smx] "Console<0><Console><Console>" changed cvar (cvar "z_hunter_limit") (value "1")
L 01/27/2023 - 20:01:57: [basecommands.smx] "Console<0><Console><Console>" changed cvar (cvar "z_smoker_limit") (value "1")
L 01/27/2023 - 20:01:57: [basecommands.smx] "Console<0><Console><Console>" changed cvar (cvar "z_charger_limit") (value "1")
L 01/27/2023 - 20:01:57: [basecommands.smx] "Console<0><Console><Console>" changed cvar (cvar "z_jockey_limit") (value "1")
L 01/27/2023 - 20:01:57: [basecommands.smx] "Console<0><Console><Console>" changed cvar (cvar "z_boomer_limit") (value "1")
L 01/27/2023 - 20:01:57: [basecommands.smx] "Console<0><Console><Console>" changed cvar (cvar "inf_SpawnDistanceMin") (value "600")
L 01/27/2023 - 20:01:57: [basecommands.smx] "Console<0><Console><Console>" changed cvar (cvar "AnnePluginVersion") (value "2023-01")
L 01/27/2023 - 20:01:57: [basecommands.smx] "Console<0><Console><Console>" changed cvar (cvar "inf_EnableAutoSpawnTime") (value "1")
L 01/27/2023 - 20:01:57: [basecommands.smx] "Console<0><Console><Console>" changed cvar (cvar "z_acquire_far_time") (value "5.0")
L 01/27/2023 - 20:01:57: [basecommands.smx] "Console<0><Console><Console>" changed cvar (cvar "z_acquire_near_time") (value "0.5")
L 01/27/2023 - 20:01:57: [basecommands.smx] "Console<0><Console><Console>" changed cvar (cvar "hunter_pounce_air_speed") (value "700")
L 01/27/2023 - 20:01:57: [basecommands.smx] "Console<0><Console><Console>" changed cvar (cvar "jockey_pounce_air_speed") (value "700")
L 01/27/2023 - 20:01:57: [basecommands.smx] "Console<0><Console><Console>" changed cvar (cvar "z_spit_latency") (value "0.3")
L 01/27/2023 - 20:01:57: [basecommands.smx] "Console<0><Console><Console>" changed cvar (cvar "inf_TeleportCheckTime") (value "5")
L 01/27/2023 - 20:01:57: [basecommands.smx] "Console<0><Console><Console>" changed cvar (cvar "inf_TeleportCheckTime") (value "3")
L 01/27/2023 - 20:01:57: [basecommands.smx] "Console<0><Console><Console>" changed cvar (cvar "l4d_ready_cfg_name") (value "1vHunters 1.0")
L 01/27/2023 - 20:01:57: [basecommands.smx] "Console<0><Console><Console>" changed cvar (cvar "ZonemodWeapon") (value "2")
L 01/27/2023 - 20:01:57: [basecommands.smx] "Console<0><Console><Console>" changed cvar (cvar "confogl_match_execcfg_plugins") (value "generalfixes2.cfg;confogl_plugins.cfg;sharedplugins2.cfg")
L 01/27/2023 - 20:01:57: [basecommands.smx] "Console<0><Console><Console>" changed cvar (cvar "l4d2_addons_eclipse") (value "1")
L 01/27/2023 - 20:01:57: [basecommands.smx] "Console<0><Console><Console>" changed cvar (cvar "sv_minrate") (value "100000")
L 01/27/2023 - 20:01:57: [basecommands.smx] "Console<0><Console><Console>" changed cvar (cvar "sv_maxrate") (value "100000")
L 01/27/2023 - 20:01:57: [basecommands.smx] "Console<0><Console><Console>" changed cvar (cvar "sv_minupdaterate") (value "100")
L 01/27/2023 - 20:01:57: [basecommands.smx] "Console<0><Console><Console>" changed cvar (cvar "sv_maxupdaterate") (value "100")
L 01/27/2023 - 20:01:57: [basecommands.smx] "Console<0><Console><Console>" changed cvar (cvar "sv_mincmdrate") (value "100")
L 01/27/2023 - 20:01:57: [basecommands.smx] "Console<0><Console><Console>" changed cvar (cvar "sv_maxcmdrate") (value "100")
L 01/27/2023 - 20:01:57: [basecommands.smx] "Console<0><Console><Console>" changed cvar (cvar "sv_client_min_interp_ratio") (value "-1")
L 01/27/2023 - 20:01:57: [basecommands.smx] "Console<0><Console><Console>" changed cvar (cvar "sv_client_max_interp_ratio") (value "0")
L 01/27/2023 - 20:01:57: [basecommands.smx] "Console<0><Console><Console>" changed cvar (cvar "nb_update_frequency") (value "0.014")
L 01/27/2023 - 20:01:57: [basecommands.smx] "Console<0><Console><Console>" changed cvar (cvar "net_splitrate") (value "2")
L 01/27/2023 - 20:01:57: [basecommands.smx] "Console<0><Console><Console>" changed cvar (cvar "net_splitpacket_maxrate") (value "60000")
L 01/27/2023 - 20:01:57: [basecommands.smx] "Console<0><Console><Console>" changed cvar (cvar "fps_max") (value "150")
L 01/27/2023 - 20:01:57: [basecommands.smx] "Console<0><Console><Console>" changed cvar (cvar "net_maxcleartime") (value "0.0001")
L 01/27/2023 - 20:01:57: [basecommands.smx] "Console<0><Console><Console>" changed cvar (cvar "tick_door_speed") (value "1.3")
L 01/27/2023 - 20:01:57: [basecommands.smx] "Console<0><Console><Console>" changed cvar (cvar "mv_maxplayers") (value "8")
L 01/27/2023 - 20:01:57: [basecommands.smx] "Console<0><Console><Console>" changed cvar (cvar "mp_autoteambalance") (value "0")
L 01/27/2023 - 20:01:57: [basecommands.smx] "Console<0><Console><Console>" changed cvar (cvar "sv_unlag_fixstuck") (value "1")
L 01/27/2023 - 20:01:57: [basecommands.smx] "Console<0><Console><Console>" changed cvar (cvar "z_brawl_chance") (value "0")
L 01/27/2023 - 20:01:57: [basecommands.smx] "Console<0><Console><Console>" changed cvar (cvar "sv_maxunlag") (value "1")
L 01/27/2023 - 20:01:57: [basecommands.smx] "Console<0><Console><Console>" changed cvar (cvar "sv_forcepreload") (value "1")
L 01/27/2023 - 20:01:57: [basecommands.smx] "Console<0><Console><Console>" changed cvar (cvar "sv_client_predict") (value "1")
L 01/27/2023 - 20:01:57: [basecommands.smx] "Console<0><Console><Console>" changed cvar (cvar "sv_client_cmdrate_difference") (value "0")
L 01/27/2023 - 20:01:57: [basecommands.smx] "Console<0><Console><Console>" changed cvar (cvar "sv_max_queries_sec_global") (value "10")
L 01/27/2023 - 20:01:57: [basecommands.smx] "Console<0><Console><Console>" changed cvar (cvar "sv_max_queries_sec") (value "3")
L 01/27/2023 - 20:01:57: [basecommands.smx] "Console<0><Console><Console>" changed cvar (cvar "sv_max_queries_window") (value "10")
L 01/27/2023 - 20:01:57: [basecommands.smx] "Console<0><Console><Console>" changed cvar (cvar "sv_player_stuck_tolerance") (value "5")
L 01/27/2023 - 20:01:57: [basecommands.smx] "Console<0><Console><Console>" changed cvar (cvar "sv_stats") (value "0")
L 01/27/2023 - 20:01:57: [basecommands.smx] "Console<0><Console><Console>" changed cvar (cvar "sv_clockcorrection_msecs") (value "25")
L 01/27/2023 - 20:01:57: [basecommands.smx] "Console<0><Console><Console>" changed cvar (cvar "sv_allowupload") (value "0")
L 01/27/2023 - 20:01:57: [basecommands.smx] "Console<0><Console><Console>" changed cvar (cvar "sv_allowdownload") (value "0")
L 01/27/2023 - 20:01:57: [basecommands.smx] "Console<0><Console><Console>" changed cvar (cvar "sb_all_bot_game") (value "1")
L 01/27/2023 - 20:01:57: [basecommands.smx] "Console<0><Console><Console>" changed cvar (cvar "decalfrequency") (value "1.0")
L 01/27/2023 - 20:01:57: [chat-processor.smx] Message formats generated for game 'left4dead2'.
L 01/27/2023 - 20:01:57: [chat-processor.smx] Successfully hooked a SayText2 chat hook.
L 01/27/2023 - 20:02:00: -------- Mapchange to c2m1_highway --------
L 01/27/2023 - 20:02:02: [basecommands.smx] "Console<0><Console><Console>" changed cvar (cvar "sv_minrate") (value "100000")
L 01/27/2023 - 20:02:02: [basecommands.smx] "Console<0><Console><Console>" changed cvar (cvar "sv_maxrate") (value "100000")
L 01/27/2023 - 20:02:02: [basecommands.smx] "Console<0><Console><Console>" changed cvar (cvar "sv_minupdaterate") (value "100")
L 01/27/2023 - 20:02:02: [basecommands.smx] "Console<0><Console><Console>" changed cvar (cvar "sv_maxupdaterate") (value "100")
L 01/27/2023 - 20:02:02: [basecommands.smx] "Console<0><Console><Console>" changed cvar (cvar "sv_mincmdrate") (value "100")
L 01/27/2023 - 20:02:02: [basecommands.smx] "Console<0><Console><Console>" changed cvar (cvar "sv_maxcmdrate") (value "100")
L 01/27/2023 - 20:02:02: [basecommands.smx] "Console<0><Console><Console>" changed cvar (cvar "sv_client_min_interp_ratio") (value "-1")
L 01/27/2023 - 20:02:02: [basecommands.smx] "Console<0><Console><Console>" changed cvar (cvar "sv_client_max_interp_ratio") (value "0")
L 01/27/2023 - 20:02:02: [basecommands.smx] "Console<0><Console><Console>" changed cvar (cvar "nb_update_frequency") (value "0.014")
L 01/27/2023 - 20:02:02: [basecommands.smx] "Console<0><Console><Console>" changed cvar (cvar "net_splitpacket_maxrate") (value "50000")
L 01/27/2023 - 20:02:02: [basecommands.smx] "Console<0><Console><Console>" changed cvar (cvar "fps_max") (value "0")
L 01/27/2023 - 20:02:02: [basecommands.smx] "Console<0><Console><Console>" changed cvar (cvar "sv_allow_wait_command") (value "0")
L 01/27/2023 - 20:02:02: [basecommands.smx] "Console<0><Console><Console>" changed cvar (cvar "tick_door_speed") (value "1.3")
L 01/27/2023 - 20:02:02: [basecommands.smx] "Console<0><Console><Console>" changed cvar (cvar "mp_autoteambalance") (value "0")
L 01/27/2023 - 20:02:02: [basecommands.smx] "Console<0><Console><Console>" changed cvar (cvar "sv_unlag_fixstuck") (value "1")
L 01/27/2023 - 20:02:02: [basecommands.smx] "Console<0><Console><Console>" changed cvar (cvar "z_brawl_chance") (value "0")
L 01/27/2023 - 20:02:02: [basecommands.smx] "Console<0><Console><Console>" changed cvar (cvar "sv_maxunlag") (value "1")
L 01/27/2023 - 20:02:02: [basecommands.smx] "Console<0><Console><Console>" changed cvar (cvar "sv_forcepreload") (value "1")
L 01/27/2023 - 20:02:02: [basecommands.smx] "Console<0><Console><Console>" changed cvar (cvar "sv_client_predict") (value "1")
L 01/27/2023 - 20:02:02: [basecommands.smx] "Console<0><Console><Console>" changed cvar (cvar "sv_client_cmdrate_difference") (value "0")
L 01/27/2023 - 20:02:02: [basecommands.smx] "Console<0><Console><Console>" changed cvar (cvar "sv_max_queries_sec_global") (value "10")
L 01/27/2023 - 20:02:02: [basecommands.smx] "Console<0><Console><Console>" changed cvar (cvar "sv_max_queries_sec") (value "3")
L 01/27/2023 - 20:02:02: [basecommands.smx] "Console<0><Console><Console>" changed cvar (cvar "sv_max_queries_window") (value "10")
L 01/27/2023 - 20:02:02: [basecommands.smx] "Console<0><Console><Console>" changed cvar (cvar "sv_player_stuck_tolerance") (value "5")
L 01/27/2023 - 20:02:02: [basecommands.smx] "Console<0><Console><Console>" changed cvar (cvar "sv_stats") (value "0")
L 01/27/2023 - 20:02:02: [basecommands.smx] "Console<0><Console><Console>" changed cvar (cvar "sv_clockcorrection_msecs") (value "25")
L 01/27/2023 - 20:02:02: [basecommands.smx] "Console<0><Console><Console>" changed cvar (cvar "sb_all_bot_game") (value "1")
L 01/27/2023 - 20:02:02: [basecommands.smx] "Console<0><Console><Console>" changed cvar (cvar "sv_allowupload") (value "0")
L 01/27/2023 - 20:02:02: [basecommands.smx] "Console<0><Console><Console>" changed cvar (cvar "sv_allowdownload") (value "0")
L 01/27/2023 - 20:02:02: [basecommands.smx] "Console<0><Console><Console>" changed cvar (cvar "decalfrequency") (value "1.0")
L 01/27/2023 - 20:02:02: [basecommands.smx] "Console<0><Console><Console>" changed cvar (cvar "mv_maxplayers") (value "12")
L 01/27/2023 - 20:02:02: [basecommands.smx] "Console<0><Console><Console>" changed cvar (cvar "sn_hostname_format") (value "{hostname} >> {gamemode}")
L 01/27/2023 - 20:02:03: [chat-processor.smx] Message formats generated for game 'left4dead2'.
L 01/27/2023 - 20:02:03: [chat-processor.smx] Successfully hooked a SayText2 chat hook.
L 01/27/2023 - 20:02:04: [optional/l4d2_saferoom_item_remove.smx] Removed 4 saferoom item(s) (start: 4; end: 0).
L 01/27/2023 - 20:02:40: [basecommands.smx] "Console<0><Console><Console>" changed cvar (cvar "versus_special_respawn_interval") (value "0")
L 01/27/2023 - 20:04:12: [optional/l4d2_saferoom_item_remove.smx] Removed 4 saferoom item(s) (start: 4; end: 0).
L 01/27/2023 - 20:04:31: [optional/l4d2_saferoom_item_remove.smx] Removed 4 saferoom item(s) (start: 4; end: 0).
L 01/27/2023 - 20:07:11: [optional/l4d2_saferoom_item_remove.smx] Removed 4 saferoom item(s) (start: 4; end: 0).
L 01/27/2023 - 20:07:15: [basecommands.smx] "Console<0><Console><Console>" changed cvar (cvar "l4d_infected_limit") (value "1")
L 01/27/2023 - 20:07:15: [basecommands.smx] "Console<0><Console><Console>" changed cvar (cvar "z_hunter_limit") (value "1")
L 01/27/2023 - 20:07:15: [basecommands.smx] "Console<0><Console><Console>" changed cvar (cvar "z_smoker_limit") (value "1")
L 01/27/2023 - 20:07:15: [basecommands.smx] "Console<0><Console><Console>" changed cvar (cvar "z_charger_limit") (value "1")
L 01/27/2023 - 20:07:15: [basecommands.smx] "Console<0><Console><Console>" changed cvar (cvar "z_jockey_limit") (value "1")
L 01/27/2023 - 20:07:15: [basecommands.smx] "Console<0><Console><Console>" changed cvar (cvar "z_boomer_limit") (value "1")
L 01/27/2023 - 20:09:10: [optional/l4d2_saferoom_item_remove.smx] Removed 4 saferoom item(s) (start: 4; end: 0).
L 01/27/2023 - 20:11:20: [optional/l4d2_saferoom_item_remove.smx] Removed 4 saferoom item(s) (start: 4; end: 0).
L 01/27/2023 - 20:11:51: SourceMod log file session started (file "/root/Steam/steamapps/common/Left 4 Dead 2 Dedicated Server/left4dead2/addons/sourcemod2/logs/L20230127.log") (Version "1.11.0.6825")
L 01/27/2023 - 20:11:51: [GEOIP] GeoIP2 database loaded: GeoLite2-City (2019-12-17 20:01:26 UTC)
L 01/27/2023 - 20:11:51: [GEOIP] GeoIP2 supported languages: de en es fr ja pt-BR ru zh-CN
L 01/27/2023 - 20:11:55: [basecommands.smx] "Console<0><Console><Console>" changed cvar (cvar "sv_minrate") (value "100000")
L 01/27/2023 - 20:11:55: [basecommands.smx] "Console<0><Console><Console>" changed cvar (cvar "sv_maxrate") (value "100000")
L 01/27/2023 - 20:11:55: [basecommands.smx] "Console<0><Console><Console>" changed cvar (cvar "sv_minupdaterate") (value "100")
L 01/27/2023 - 20:11:55: [basecommands.smx] "Console<0><Console><Console>" changed cvar (cvar "sv_maxupdaterate") (value "100")
L 01/27/2023 - 20:11:55: [basecommands.smx] "Console<0><Console><Console>" changed cvar (cvar "sv_mincmdrate") (value "100")
L 01/27/2023 - 20:11:55: [basecommands.smx] "Console<0><Console><Console>" changed cvar (cvar "sv_maxcmdrate") (value "100")
L 01/27/2023 - 20:11:55: [basecommands.smx] "Console<0><Console><Console>" changed cvar (cvar "sv_client_min_interp_ratio") (value "-1")
L 01/27/2023 - 20:11:55: [basecommands.smx] "Console<0><Console><Console>" changed cvar (cvar "sv_client_max_interp_ratio") (value "0")
L 01/27/2023 - 20:11:55: [basecommands.smx] "Console<0><Console><Console>" changed cvar (cvar "nb_update_frequency") (value "0.014")
L 01/27/2023 - 20:11:55: [basecommands.smx] "Console<0><Console><Console>" changed cvar (cvar "net_splitpacket_maxrate") (value "50000")
L 01/27/2023 - 20:11:55: [basecommands.smx] "Console<0><Console><Console>" changed cvar (cvar "fps_max") (value "0")
L 01/27/2023 - 20:11:55: [basecommands.smx] "Console<0><Console><Console>" changed cvar (cvar "sv_allow_wait_command") (value "0")
L 01/27/2023 - 20:11:55: [basecommands.smx] "Console<0><Console><Console>" changed cvar (cvar "tick_door_speed") (value "1.3")
L 01/27/2023 - 20:11:55: [basecommands.smx] "Console<0><Console><Console>" changed cvar (cvar "mp_autoteambalance") (value "0")
L 01/27/2023 - 20:11:55: [basecommands.smx] "Console<0><Console><Console>" changed cvar (cvar "sv_unlag_fixstuck") (value "1")
L 01/27/2023 - 20:11:55: [basecommands.smx] "Console<0><Console><Console>" changed cvar (cvar "z_brawl_chance") (value "0")
L 01/27/2023 - 20:11:55: [basecommands.smx] "Console<0><Console><Console>" changed cvar (cvar "sv_maxunlag") (value "1")
L 01/27/2023 - 20:11:55: [basecommands.smx] "Console<0><Console><Console>" changed cvar (cvar "sv_forcepreload") (value "1")
L 01/27/2023 - 20:11:55: [basecommands.smx] "Console<0><Console><Console>" changed cvar (cvar "sv_client_predict") (value "1")
L 01/27/2023 - 20:11:55: [basecommands.smx] "Console<0><Console><Console>" changed cvar (cvar "sv_client_cmdrate_difference") (value "0")
L 01/27/2023 - 20:11:55: [basecommands.smx] "Console<0><Console><Console>" changed cvar (cvar "sv_max_queries_sec_global") (value "10")
L 01/27/2023 - 20:11:55: [basecommands.smx] "Console<0><Console><Console>" changed cvar (cvar "sv_max_queries_sec") (value "3")
L 01/27/2023 - 20:11:55: [basecommands.smx] "Console<0><Console><Console>" changed cvar (cvar "sv_max_queries_window") (value "10")
L 01/27/2023 - 20:11:55: [basecommands.smx] "Console<0><Console><Console>" changed cvar (cvar "sv_player_stuck_tolerance") (value "5")
L 01/27/2023 - 20:11:55: [basecommands.smx] "Console<0><Console><Console>" changed cvar (cvar "sv_stats") (value "0")
L 01/27/2023 - 20:11:55: [basecommands.smx] "Console<0><Console><Console>" changed cvar (cvar "sv_clockcorrection_msecs") (value "25")
L 01/27/2023 - 20:11:55: [basecommands.smx] "Console<0><Console><Console>" changed cvar (cvar "sb_all_bot_game") (value "1")
L 01/27/2023 - 20:11:55: [basecommands.smx] "Console<0><Console><Console>" changed cvar (cvar "sv_allowupload") (value "0")
L 01/27/2023 - 20:11:55: [basecommands.smx] "Console<0><Console><Console>" changed cvar (cvar "sv_allowdownload") (value "0")
L 01/27/2023 - 20:11:55: [basecommands.smx] "Console<0><Console><Console>" changed cvar (cvar "decalfrequency") (value "1.0")
L 01/27/2023 - 20:11:55: [basecommands.smx] "Console<0><Console><Console>" changed cvar (cvar "mv_maxplayers") (value "12")
L 01/27/2023 - 20:11:55: [basecommands.smx] "Console<0><Console><Console>" changed cvar (cvar "sn_hostname_format") (value "{hostname} >> {gamemode}")
L 01/27/2023 - 20:11:56: [chat-processor.smx] Message formats generated for game 'left4dead2'.
L 01/27/2023 - 20:11:56: [chat-processor.smx] Successfully hooked a SayText2 chat hook.
L 01/28/2023 - 00:00:06: Log file closed.
