L 01/30/2023 - 03:43:27: SourceMod log file session started (file "/root/Steam/steamapps/common/Left 4 Dead 2 Dedicated Server/left4dead2/addons/sourcemod2/logs/L20230130.log") (Version "1.11.0.6825")
L 01/30/2023 - 03:43:27: -------- Mapchange to c2m1_highway --------
L 01/30/2023 - 03:43:28: [basecommands.smx] "Console<0><Console><Console>" changed cvar (cvar "sv_minrate") (value "100000")
L 01/30/2023 - 03:43:28: [basecommands.smx] "Console<0><Console><Console>" changed cvar (cvar "sv_maxrate") (value "100000")
L 01/30/2023 - 03:43:28: [basecommands.smx] "Console<0><Console><Console>" changed cvar (cvar "sv_minupdaterate") (value "100")
L 01/30/2023 - 03:43:28: [basecommands.smx] "Console<0><Console><Console>" changed cvar (cvar "sv_maxupdaterate") (value "100")
L 01/30/2023 - 03:43:28: [basecommands.smx] "Console<0><Console><Console>" changed cvar (cvar "sv_mincmdrate") (value "100")
L 01/30/2023 - 03:43:28: [basecommands.smx] "Console<0><Console><Console>" changed cvar (cvar "sv_maxcmdrate") (value "100")
L 01/30/2023 - 03:43:28: [basecommands.smx] "Console<0><Console><Console>" changed cvar (cvar "sv_client_min_interp_ratio") (value "-1")
L 01/30/2023 - 03:43:28: [basecommands.smx] "Console<0><Console><Console>" changed cvar (cvar "sv_client_max_interp_ratio") (value "0")
L 01/30/2023 - 03:43:28: [basecommands.smx] "Console<0><Console><Console>" changed cvar (cvar "nb_update_frequency") (value "0.014")
L 01/30/2023 - 03:43:28: [basecommands.smx] "Console<0><Console><Console>" changed cvar (cvar "net_splitpacket_maxrate") (value "50000")
L 01/30/2023 - 03:43:28: [basecommands.smx] "Console<0><Console><Console>" changed cvar (cvar "fps_max") (value "0")
L 01/30/2023 - 03:43:28: [basecommands.smx] "Console<0><Console><Console>" changed cvar (cvar "sv_allow_wait_command") (value "0")
L 01/30/2023 - 03:43:28: [basecommands.smx] "Console<0><Console><Console>" changed cvar (cvar "tick_door_speed") (value "1.3")
L 01/30/2023 - 03:43:28: [basecommands.smx] "Console<0><Console><Console>" changed cvar (cvar "mp_autoteambalance") (value "0")
L 01/30/2023 - 03:43:28: [basecommands.smx] "Console<0><Console><Console>" changed cvar (cvar "sv_unlag_fixstuck") (value "1")
L 01/30/2023 - 03:43:28: [basecommands.smx] "Console<0><Console><Console>" changed cvar (cvar "z_brawl_chance") (value "0")
L 01/30/2023 - 03:43:28: [basecommands.smx] "Console<0><Console><Console>" changed cvar (cvar "sv_maxunlag") (value "1")
L 01/30/2023 - 03:43:28: [basecommands.smx] "Console<0><Console><Console>" changed cvar (cvar "sv_forcepreload") (value "1")
L 01/30/2023 - 03:43:28: [basecommands.smx] "Console<0><Console><Console>" changed cvar (cvar "sv_client_predict") (value "1")
L 01/30/2023 - 03:43:28: [basecommands.smx] "Console<0><Console><Console>" changed cvar (cvar "sv_client_cmdrate_difference") (value "0")
L 01/30/2023 - 03:43:28: [basecommands.smx] "Console<0><Console><Console>" changed cvar (cvar "sv_max_queries_sec_global") (value "10")
L 01/30/2023 - 03:43:28: [basecommands.smx] "Console<0><Console><Console>" changed cvar (cvar "sv_max_queries_sec") (value "3")
L 01/30/2023 - 03:43:28: [basecommands.smx] "Console<0><Console><Console>" changed cvar (cvar "sv_max_queries_window") (value "10")
L 01/30/2023 - 03:43:28: [basecommands.smx] "Console<0><Console><Console>" changed cvar (cvar "sv_player_stuck_tolerance") (value "5")
L 01/30/2023 - 03:43:28: [basecommands.smx] "Console<0><Console><Console>" changed cvar (cvar "sv_stats") (value "0")
L 01/30/2023 - 03:43:28: [basecommands.smx] "Console<0><Console><Console>" changed cvar (cvar "sv_clockcorrection_msecs") (value "25")
L 01/30/2023 - 03:43:28: [basecommands.smx] "Console<0><Console><Console>" changed cvar (cvar "sb_all_bot_game") (value "1")
L 01/30/2023 - 03:43:28: [basecommands.smx] "Console<0><Console><Console>" changed cvar (cvar "sv_allowupload") (value "0")
L 01/30/2023 - 03:43:28: [basecommands.smx] "Console<0><Console><Console>" changed cvar (cvar "sv_allowdownload") (value "0")
L 01/30/2023 - 03:43:28: [basecommands.smx] "Console<0><Console><Console>" changed cvar (cvar "decalfrequency") (value "1.0")
L 01/30/2023 - 03:43:28: [basecommands.smx] "Console<0><Console><Console>" changed cvar (cvar "mv_maxplayers") (value "12")
L 01/30/2023 - 03:43:28: [basecommands.smx] "Console<0><Console><Console>" changed cvar (cvar "sn_hostname_format") (value "{hostname} >> {gamemode}")
L 01/30/2023 - 03:43:28: [basecommands.smx] "Console<0><Console><Console>" changed cvar (cvar "sn_hostname_format_new") (value "{AnneHappy}{Full}{Confogl}")
L 01/30/2023 - 03:43:29: [chat-processor.smx] Message formats generated for game 'left4dead2'.
L 01/30/2023 - 03:43:29: [chat-processor.smx] Successfully hooked a SayText2 chat hook.
L 01/30/2023 - 03:44:30: [optional/AnneHappy/servercleanup.smx] Deleted file "logs/L127_000_000_001_27015_202301222151_000.log"
L 01/30/2023 - 03:44:30: [optional/AnneHappy/servercleanup.smx] Deleted file "logs/L127_000_000_001_27015_202301221621_000.log"
L 01/30/2023 - 03:44:30: [optional/AnneHappy/servercleanup.smx] Deleted file "logs/L000_000_000_000_0_202301222221_000.log"
L 01/30/2023 - 03:44:30: [optional/AnneHappy/servercleanup.smx] Deleted file "logs/L127_000_000_001_23333_202301222215_000.log"
L 01/30/2023 - 03:44:30: [optional/AnneHappy/servercleanup.smx] Deleted file "logs/L127_000_000_001_27015_202301222136_000.log"
L 01/30/2023 - 03:44:30: [optional/AnneHappy/servercleanup.smx] Deleted file "logs/L127_000_000_001_27015_202301222136_001.log"
L 01/30/2023 - 03:44:30: [optional/AnneHappy/servercleanup.smx] Deleted file "logs/L127_000_000_001_27015_202301222220_000.log"
L 01/30/2023 - 03:44:30: [optional/AnneHappy/servercleanup.smx] Deleted file "logs/L000_000_000_000_0_202301222227_000.log"
L 01/30/2023 - 03:44:30: [optional/AnneHappy/servercleanup.smx] Deleted file "logs/L127_000_000_001_27015_202301222143_000.log"
L 01/30/2023 - 03:44:30: [optional/AnneHappy/servercleanup.smx] Deleted file "logs/L127_000_000_001_23333_202301221800_000.log"
L 01/30/2023 - 03:44:30: [optional/AnneHappy/servercleanup.smx] Deleted file "logs/L127_000_000_001_27015_202301222208_000.log"
L 01/30/2023 - 03:44:30: [optional/AnneHappy/servercleanup.smx] Deleted file "logs/L127_000_000_001_27015_202301222200_000.log"
L 01/30/2023 - 03:44:30: [optional/AnneHappy/servercleanup.smx] Deleted file "logs/L127_000_000_001_23333_202301222220_000.log"
L 01/30/2023 - 03:44:30: [optional/AnneHappy/servercleanup.smx] Deleted file "logs/L127_000_000_001_23333_202301222216_000.log"
L 01/30/2023 - 03:44:30: [confoglcompmod.smx] [PasswordSystem] Set password on GuiGuiEnder, password 
L 01/30/2023 - 03:44:30: [basecommands.smx] "Console<0><Console><Console>" changed cvar (cvar "stripper_cfg_path") (value "cfg/stripper/zonemod_anne")
L 01/30/2023 - 03:44:30: [basecommands.smx] "Console<0><Console><Console>" changed cvar (cvar "z_gun_swing_vs_min_penalty") (value "1")
L 01/30/2023 - 03:44:30: [basecommands.smx] "Console<0><Console><Console>" changed cvar (cvar "z_gun_swing_coop_min_penalty") (value "1")
L 01/30/2023 - 03:44:30: [basecommands.smx] "Console<0><Console><Console>" changed cvar (cvar "z_gun_swing_vs_max_penalty") (value "4")
L 01/30/2023 - 03:44:30: [basecommands.smx] "Console<0><Console><Console>" changed cvar (cvar "z_gun_swing_coop_max_penalty") (value "4")
L 01/30/2023 - 03:44:30: [basecommands.smx] "Console<0><Console><Console>" changed cvar (cvar "versus_special_respawn_interval") (value "16")
L 01/30/2023 - 03:44:30: [basecommands.smx] "Console<0><Console><Console>" changed cvar (cvar "l4d_infected_limit") (value "2")
L 01/30/2023 - 03:44:30: [basecommands.smx] "Console<0><Console><Console>" changed cvar (cvar "z_hunter_limit") (value "1")
L 01/30/2023 - 03:44:30: [basecommands.smx] "Console<0><Console><Console>" changed cvar (cvar "z_smoker_limit") (value "1")
L 01/30/2023 - 03:44:30: [basecommands.smx] "Console<0><Console><Console>" changed cvar (cvar "z_charger_limit") (value "1")
L 01/30/2023 - 03:44:30: [basecommands.smx] "Console<0><Console><Console>" changed cvar (cvar "z_jockey_limit") (value "1")
L 01/30/2023 - 03:44:30: [basecommands.smx] "Console<0><Console><Console>" changed cvar (cvar "z_boomer_limit") (value "1")
L 01/30/2023 - 03:44:30: [basecommands.smx] "Console<0><Console><Console>" changed cvar (cvar "inf_SpawnDistanceMin") (value "600")
L 01/30/2023 - 03:44:30: [basecommands.smx] "Console<0><Console><Console>" changed cvar (cvar "AnnePluginVersion") (value "2023-01")
L 01/30/2023 - 03:44:30: [basecommands.smx] "Console<0><Console><Console>" changed cvar (cvar "inf_EnableAutoSpawnTime") (value "1")
L 01/30/2023 - 03:44:30: [basecommands.smx] "Console<0><Console><Console>" changed cvar (cvar "z_acquire_far_time") (value "5.0")
L 01/30/2023 - 03:44:30: [basecommands.smx] "Console<0><Console><Console>" changed cvar (cvar "z_acquire_near_time") (value "0.5")
L 01/30/2023 - 03:44:30: [basecommands.smx] "Console<0><Console><Console>" changed cvar (cvar "hunter_pounce_air_speed") (value "700")
L 01/30/2023 - 03:44:30: [basecommands.smx] "Console<0><Console><Console>" changed cvar (cvar "jockey_pounce_air_speed") (value "700")
L 01/30/2023 - 03:44:30: [basecommands.smx] "Console<0><Console><Console>" changed cvar (cvar "z_spit_latency") (value "0.3")
L 01/30/2023 - 03:44:30: [basecommands.smx] "Console<0><Console><Console>" changed cvar (cvar "inf_TeleportCheckTime") (value "5")
L 01/30/2023 - 03:44:30: [basecommands.smx] "Console<0><Console><Console>" changed cvar (cvar "inf_TeleportCheckTime") (value "3")
L 01/30/2023 - 03:44:30: [basecommands.smx] "Console<0><Console><Console>" changed cvar (cvar "l4d_ready_cfg_name") (value "1vHunters 1.0")
L 01/30/2023 - 03:44:30: [basecommands.smx] "Console<0><Console><Console>" changed cvar (cvar "ZonemodWeapon") (value "2")
L 01/30/2023 - 03:44:30: [basecommands.smx] "Console<0><Console><Console>" changed cvar (cvar "confogl_match_execcfg_plugins") (value "generalfixes2.cfg;confogl_plugins.cfg;sharedplugins2.cfg")
L 01/30/2023 - 03:44:30: [basecommands.smx] "Console<0><Console><Console>" changed cvar (cvar "l4d2_addons_eclipse") (value "1")
L 01/30/2023 - 03:44:30: [basecommands.smx] "Console<0><Console><Console>" changed cvar (cvar "sv_minrate") (value "100000")
L 01/30/2023 - 03:44:30: [basecommands.smx] "Console<0><Console><Console>" changed cvar (cvar "sv_maxrate") (value "100000")
L 01/30/2023 - 03:44:30: [basecommands.smx] "Console<0><Console><Console>" changed cvar (cvar "sv_minupdaterate") (value "100")
L 01/30/2023 - 03:44:30: [basecommands.smx] "Console<0><Console><Console>" changed cvar (cvar "sv_maxupdaterate") (value "100")
L 01/30/2023 - 03:44:30: [basecommands.smx] "Console<0><Console><Console>" changed cvar (cvar "sv_mincmdrate") (value "100")
L 01/30/2023 - 03:44:30: [basecommands.smx] "Console<0><Console><Console>" changed cvar (cvar "sv_maxcmdrate") (value "100")
L 01/30/2023 - 03:44:30: [basecommands.smx] "Console<0><Console><Console>" changed cvar (cvar "sv_client_min_interp_ratio") (value "-1")
L 01/30/2023 - 03:44:30: [basecommands.smx] "Console<0><Console><Console>" changed cvar (cvar "sv_client_max_interp_ratio") (value "0")
L 01/30/2023 - 03:44:30: [basecommands.smx] "Console<0><Console><Console>" changed cvar (cvar "nb_update_frequency") (value "0.014")
L 01/30/2023 - 03:44:30: [basecommands.smx] "Console<0><Console><Console>" changed cvar (cvar "net_splitrate") (value "2")
L 01/30/2023 - 03:44:30: [basecommands.smx] "Console<0><Console><Console>" changed cvar (cvar "net_splitpacket_maxrate") (value "60000")
L 01/30/2023 - 03:44:30: [basecommands.smx] "Console<0><Console><Console>" changed cvar (cvar "fps_max") (value "150")
L 01/30/2023 - 03:44:30: [basecommands.smx] "Console<0><Console><Console>" changed cvar (cvar "net_maxcleartime") (value "0.0001")
L 01/30/2023 - 03:44:30: [basecommands.smx] "Console<0><Console><Console>" changed cvar (cvar "tick_door_speed") (value "1.3")
L 01/30/2023 - 03:44:30: [basecommands.smx] "Console<0><Console><Console>" changed cvar (cvar "mv_maxplayers") (value "8")
L 01/30/2023 - 03:44:30: [basecommands.smx] "Console<0><Console><Console>" changed cvar (cvar "mp_autoteambalance") (value "0")
L 01/30/2023 - 03:44:30: [basecommands.smx] "Console<0><Console><Console>" changed cvar (cvar "sv_unlag_fixstuck") (value "1")
L 01/30/2023 - 03:44:30: [basecommands.smx] "Console<0><Console><Console>" changed cvar (cvar "z_brawl_chance") (value "0")
L 01/30/2023 - 03:44:30: [basecommands.smx] "Console<0><Console><Console>" changed cvar (cvar "sv_maxunlag") (value "1")
L 01/30/2023 - 03:44:30: [basecommands.smx] "Console<0><Console><Console>" changed cvar (cvar "sv_forcepreload") (value "1")
L 01/30/2023 - 03:44:30: [basecommands.smx] "Console<0><Console><Console>" changed cvar (cvar "sv_client_predict") (value "1")
L 01/30/2023 - 03:44:30: [basecommands.smx] "Console<0><Console><Console>" changed cvar (cvar "sv_client_cmdrate_difference") (value "0")
L 01/30/2023 - 03:44:30: [basecommands.smx] "Console<0><Console><Console>" changed cvar (cvar "sv_max_queries_sec_global") (value "10")
L 01/30/2023 - 03:44:30: [basecommands.smx] "Console<0><Console><Console>" changed cvar (cvar "sv_max_queries_sec") (value "3")
L 01/30/2023 - 03:44:30: [basecommands.smx] "Console<0><Console><Console>" changed cvar (cvar "sv_max_queries_window") (value "10")
L 01/30/2023 - 03:44:30: [basecommands.smx] "Console<0><Console><Console>" changed cvar (cvar "sv_player_stuck_tolerance") (value "5")
L 01/30/2023 - 03:44:30: [basecommands.smx] "Console<0><Console><Console>" changed cvar (cvar "sv_stats") (value "0")
L 01/30/2023 - 03:44:30: [basecommands.smx] "Console<0><Console><Console>" changed cvar (cvar "sv_clockcorrection_msecs") (value "25")
L 01/30/2023 - 03:44:30: [basecommands.smx] "Console<0><Console><Console>" changed cvar (cvar "sv_allowupload") (value "0")
L 01/30/2023 - 03:44:30: [basecommands.smx] "Console<0><Console><Console>" changed cvar (cvar "sv_allowdownload") (value "0")
L 01/30/2023 - 03:44:30: [basecommands.smx] "Console<0><Console><Console>" changed cvar (cvar "sb_all_bot_game") (value "1")
L 01/30/2023 - 03:44:30: [basecommands.smx] "Console<0><Console><Console>" changed cvar (cvar "decalfrequency") (value "1.0")
L 01/30/2023 - 03:44:30: [chat-processor.smx] Message formats generated for game 'left4dead2'.
L 01/30/2023 - 03:44:30: [chat-processor.smx] Successfully hooked a SayText2 chat hook.
L 01/30/2023 - 03:44:34: -------- Mapchange to c2m1_highway --------
L 01/30/2023 - 03:44:36: [basecommands.smx] "Console<0><Console><Console>" changed cvar (cvar "sv_minrate") (value "100000")
L 01/30/2023 - 03:44:36: [basecommands.smx] "Console<0><Console><Console>" changed cvar (cvar "sv_maxrate") (value "100000")
L 01/30/2023 - 03:44:36: [basecommands.smx] "Console<0><Console><Console>" changed cvar (cvar "sv_minupdaterate") (value "100")
L 01/30/2023 - 03:44:36: [basecommands.smx] "Console<0><Console><Console>" changed cvar (cvar "sv_maxupdaterate") (value "100")
L 01/30/2023 - 03:44:36: [basecommands.smx] "Console<0><Console><Console>" changed cvar (cvar "sv_mincmdrate") (value "100")
L 01/30/2023 - 03:44:36: [basecommands.smx] "Console<0><Console><Console>" changed cvar (cvar "sv_maxcmdrate") (value "100")
L 01/30/2023 - 03:44:36: [basecommands.smx] "Console<0><Console><Console>" changed cvar (cvar "sv_client_min_interp_ratio") (value "-1")
L 01/30/2023 - 03:44:36: [basecommands.smx] "Console<0><Console><Console>" changed cvar (cvar "sv_client_max_interp_ratio") (value "0")
L 01/30/2023 - 03:44:36: [basecommands.smx] "Console<0><Console><Console>" changed cvar (cvar "nb_update_frequency") (value "0.014")
L 01/30/2023 - 03:44:36: [basecommands.smx] "Console<0><Console><Console>" changed cvar (cvar "net_splitpacket_maxrate") (value "50000")
L 01/30/2023 - 03:44:36: [basecommands.smx] "Console<0><Console><Console>" changed cvar (cvar "fps_max") (value "0")
L 01/30/2023 - 03:44:36: [basecommands.smx] "Console<0><Console><Console>" changed cvar (cvar "sv_allow_wait_command") (value "0")
L 01/30/2023 - 03:44:36: [basecommands.smx] "Console<0><Console><Console>" changed cvar (cvar "tick_door_speed") (value "1.3")
L 01/30/2023 - 03:44:36: [basecommands.smx] "Console<0><Console><Console>" changed cvar (cvar "mp_autoteambalance") (value "0")
L 01/30/2023 - 03:44:36: [basecommands.smx] "Console<0><Console><Console>" changed cvar (cvar "sv_unlag_fixstuck") (value "1")
L 01/30/2023 - 03:44:36: [basecommands.smx] "Console<0><Console><Console>" changed cvar (cvar "z_brawl_chance") (value "0")
L 01/30/2023 - 03:44:36: [basecommands.smx] "Console<0><Console><Console>" changed cvar (cvar "sv_maxunlag") (value "1")
L 01/30/2023 - 03:44:36: [basecommands.smx] "Console<0><Console><Console>" changed cvar (cvar "sv_forcepreload") (value "1")
L 01/30/2023 - 03:44:36: [basecommands.smx] "Console<0><Console><Console>" changed cvar (cvar "sv_client_predict") (value "1")
L 01/30/2023 - 03:44:36: [basecommands.smx] "Console<0><Console><Console>" changed cvar (cvar "sv_client_cmdrate_difference") (value "0")
L 01/30/2023 - 03:44:36: [basecommands.smx] "Console<0><Console><Console>" changed cvar (cvar "sv_max_queries_sec_global") (value "10")
L 01/30/2023 - 03:44:36: [basecommands.smx] "Console<0><Console><Console>" changed cvar (cvar "sv_max_queries_sec") (value "3")
L 01/30/2023 - 03:44:36: [basecommands.smx] "Console<0><Console><Console>" changed cvar (cvar "sv_max_queries_window") (value "10")
L 01/30/2023 - 03:44:36: [basecommands.smx] "Console<0><Console><Console>" changed cvar (cvar "sv_player_stuck_tolerance") (value "5")
L 01/30/2023 - 03:44:36: [basecommands.smx] "Console<0><Console><Console>" changed cvar (cvar "sv_stats") (value "0")
L 01/30/2023 - 03:44:36: [basecommands.smx] "Console<0><Console><Console>" changed cvar (cvar "sv_clockcorrection_msecs") (value "25")
L 01/30/2023 - 03:44:36: [basecommands.smx] "Console<0><Console><Console>" changed cvar (cvar "sb_all_bot_game") (value "1")
L 01/30/2023 - 03:44:36: [basecommands.smx] "Console<0><Console><Console>" changed cvar (cvar "sv_allowupload") (value "0")
L 01/30/2023 - 03:44:36: [basecommands.smx] "Console<0><Console><Console>" changed cvar (cvar "sv_allowdownload") (value "0")
L 01/30/2023 - 03:44:36: [basecommands.smx] "Console<0><Console><Console>" changed cvar (cvar "decalfrequency") (value "1.0")
L 01/30/2023 - 03:44:36: [basecommands.smx] "Console<0><Console><Console>" changed cvar (cvar "mv_maxplayers") (value "12")
L 01/30/2023 - 03:44:36: [basecommands.smx] "Console<0><Console><Console>" changed cvar (cvar "sn_hostname_format") (value "{hostname} >> {gamemode}")
L 01/30/2023 - 03:44:36: [basecommands.smx] "Console<0><Console><Console>" changed cvar (cvar "sn_hostname_format_new") (value "{AnneHappy}{Full}{Confogl}")
L 01/30/2023 - 03:44:36: [chat-processor.smx] Message formats generated for game 'left4dead2'.
L 01/30/2023 - 03:44:36: [chat-processor.smx] Successfully hooked a SayText2 chat hook.
L 01/30/2023 - 03:44:37: [optional/l4d2_saferoom_item_remove.smx] Removed 4 saferoom item(s) (start: 4; end: 0).
L 01/30/2023 - 03:45:19: [basecommands.smx] "Console<0><Console><Console>" changed cvar (cvar "versus_special_respawn_interval") (value "0")
L 01/30/2023 - 03:45:32: [basecommands.smx] "Console<0><Console><Console>" changed cvar (cvar "l4d2_addons_eclipse") (value "0")
L 01/30/2023 - 03:45:32: -------- Mapchange to c2m1_highway --------
L 01/30/2023 - 03:45:34: [basecommands.smx] "Console<0><Console><Console>" changed cvar (cvar "sv_minrate") (value "100000")
L 01/30/2023 - 03:45:34: [basecommands.smx] "Console<0><Console><Console>" changed cvar (cvar "sv_maxrate") (value "100000")
L 01/30/2023 - 03:45:34: [basecommands.smx] "Console<0><Console><Console>" changed cvar (cvar "sv_minupdaterate") (value "100")
L 01/30/2023 - 03:45:34: [basecommands.smx] "Console<0><Console><Console>" changed cvar (cvar "sv_maxupdaterate") (value "100")
L 01/30/2023 - 03:45:34: [basecommands.smx] "Console<0><Console><Console>" changed cvar (cvar "sv_mincmdrate") (value "100")
L 01/30/2023 - 03:45:34: [basecommands.smx] "Console<0><Console><Console>" changed cvar (cvar "sv_maxcmdrate") (value "100")
L 01/30/2023 - 03:45:34: [basecommands.smx] "Console<0><Console><Console>" changed cvar (cvar "sv_client_min_interp_ratio") (value "-1")
L 01/30/2023 - 03:45:34: [basecommands.smx] "Console<0><Console><Console>" changed cvar (cvar "sv_client_max_interp_ratio") (value "0")
L 01/30/2023 - 03:45:34: [basecommands.smx] "Console<0><Console><Console>" changed cvar (cvar "nb_update_frequency") (value "0.014")
L 01/30/2023 - 03:45:34: [basecommands.smx] "Console<0><Console><Console>" changed cvar (cvar "net_splitpacket_maxrate") (value "50000")
L 01/30/2023 - 03:45:34: [basecommands.smx] "Console<0><Console><Console>" changed cvar (cvar "fps_max") (value "0")
L 01/30/2023 - 03:45:34: [basecommands.smx] "Console<0><Console><Console>" changed cvar (cvar "sv_allow_wait_command") (value "0")
L 01/30/2023 - 03:45:34: [basecommands.smx] "Console<0><Console><Console>" changed cvar (cvar "tick_door_speed") (value "1.3")
L 01/30/2023 - 03:45:34: [basecommands.smx] "Console<0><Console><Console>" changed cvar (cvar "mp_autoteambalance") (value "0")
L 01/30/2023 - 03:45:34: [basecommands.smx] "Console<0><Console><Console>" changed cvar (cvar "sv_unlag_fixstuck") (value "1")
L 01/30/2023 - 03:45:34: [basecommands.smx] "Console<0><Console><Console>" changed cvar (cvar "z_brawl_chance") (value "0")
L 01/30/2023 - 03:45:34: [basecommands.smx] "Console<0><Console><Console>" changed cvar (cvar "sv_maxunlag") (value "1")
L 01/30/2023 - 03:45:34: [basecommands.smx] "Console<0><Console><Console>" changed cvar (cvar "sv_forcepreload") (value "1")
L 01/30/2023 - 03:45:34: [basecommands.smx] "Console<0><Console><Console>" changed cvar (cvar "sv_client_predict") (value "1")
L 01/30/2023 - 03:45:34: [basecommands.smx] "Console<0><Console><Console>" changed cvar (cvar "sv_client_cmdrate_difference") (value "0")
L 01/30/2023 - 03:45:34: [basecommands.smx] "Console<0><Console><Console>" changed cvar (cvar "sv_max_queries_sec_global") (value "10")
L 01/30/2023 - 03:45:34: [basecommands.smx] "Console<0><Console><Console>" changed cvar (cvar "sv_max_queries_sec") (value "3")
L 01/30/2023 - 03:45:34: [basecommands.smx] "Console<0><Console><Console>" changed cvar (cvar "sv_max_queries_window") (value "10")
L 01/30/2023 - 03:45:34: [basecommands.smx] "Console<0><Console><Console>" changed cvar (cvar "sv_player_stuck_tolerance") (value "5")
L 01/30/2023 - 03:45:34: [basecommands.smx] "Console<0><Console><Console>" changed cvar (cvar "sv_stats") (value "0")
L 01/30/2023 - 03:45:34: [basecommands.smx] "Console<0><Console><Console>" changed cvar (cvar "sv_clockcorrection_msecs") (value "25")
L 01/30/2023 - 03:45:34: [basecommands.smx] "Console<0><Console><Console>" changed cvar (cvar "sb_all_bot_game") (value "1")
L 01/30/2023 - 03:45:34: [basecommands.smx] "Console<0><Console><Console>" changed cvar (cvar "sv_allowupload") (value "0")
L 01/30/2023 - 03:45:34: [basecommands.smx] "Console<0><Console><Console>" changed cvar (cvar "sv_allowdownload") (value "0")
L 01/30/2023 - 03:45:34: [basecommands.smx] "Console<0><Console><Console>" changed cvar (cvar "decalfrequency") (value "1.0")
L 01/30/2023 - 03:45:34: [basecommands.smx] "Console<0><Console><Console>" changed cvar (cvar "mv_maxplayers") (value "12")
L 01/30/2023 - 03:45:34: [basecommands.smx] "Console<0><Console><Console>" changed cvar (cvar "sn_hostname_format") (value "{hostname} >> {gamemode}")
L 01/30/2023 - 03:45:34: [basecommands.smx] "Console<0><Console><Console>" changed cvar (cvar "sn_hostname_format_new") (value "{AnneHappy}{Full}{Confogl}")
L 01/30/2023 - 03:45:35: [chat-processor.smx] Message formats generated for game 'left4dead2'.
L 01/30/2023 - 03:45:35: [chat-processor.smx] Successfully hooked a SayText2 chat hook.
L 01/30/2023 - 03:45:36: [optional/l4d2_saferoom_item_remove.smx] Removed 4 saferoom item(s) (start: 4; end: 0).
L 01/30/2023 - 03:45:47: [basecommands.smx] "Console<0><Console><Console>" changed cvar (cvar "sv_allow_lobby_connect_only") (value "0")
L 01/30/2023 - 03:47:45: [optional/l4d2_saferoom_item_remove.smx] Removed 4 saferoom item(s) (start: 4; end: 0).
L 01/30/2023 - 03:49:48: [basecommands.smx] "Console<0><Console><Console>" changed cvar (cvar "l4d_infected_limit") (value "1")
L 01/30/2023 - 03:49:48: [basecommands.smx] "Console<0><Console><Console>" changed cvar (cvar "z_hunter_limit") (value "1")
L 01/30/2023 - 03:49:48: [basecommands.smx] "Console<0><Console><Console>" changed cvar (cvar "z_smoker_limit") (value "1")
L 01/30/2023 - 03:49:48: [basecommands.smx] "Console<0><Console><Console>" changed cvar (cvar "z_charger_limit") (value "1")
L 01/30/2023 - 03:49:48: [basecommands.smx] "Console<0><Console><Console>" changed cvar (cvar "z_jockey_limit") (value "1")
L 01/30/2023 - 03:49:48: [basecommands.smx] "Console<0><Console><Console>" changed cvar (cvar "z_boomer_limit") (value "1")
L 01/30/2023 - 03:49:49: [optional/l4d2_saferoom_item_remove.smx] Removed 4 saferoom item(s) (start: 4; end: 0).
L 01/30/2023 - 03:53:38: [optional/l4d2_saferoom_item_remove.smx] Removed 4 saferoom item(s) (start: 4; end: 0).
L 01/30/2023 - 03:57:24: [optional/l4d2_saferoom_item_remove.smx] Removed 4 saferoom item(s) (start: 4; end: 0).
L 01/30/2023 - 04:00:50: [basecommands.smx] "Console<0><Console><Console>" changed cvar (cvar "ReturnBlood") (value "1")
L 01/30/2023 - 04:01:26: [optional/l4d2_saferoom_item_remove.smx] Removed 4 saferoom item(s) (start: 4; end: 0).
L 01/30/2023 - 04:05:45: [optional/l4d2_saferoom_item_remove.smx] Removed 4 saferoom item(s) (start: 4; end: 0).
L 01/30/2023 - 04:10:06: [optional/l4d2_saferoom_item_remove.smx] Removed 4 saferoom item(s) (start: 4; end: 0).
L 01/30/2023 - 04:15:56: [optional/l4d2_saferoom_item_remove.smx] Removed 4 saferoom item(s) (start: 4; end: 0).
L 01/30/2023 - 04:21:38: [optional/l4d2_saferoom_item_remove.smx] Removed 4 saferoom item(s) (start: 4; end: 0).
L 01/30/2023 - 04:23:29: [optional/l4d2_skill_detect.smx] Witch Crown Check: crown shot: 74, harrassed: 1 (full health: 1000 / drawthresh: 500 / oneshot 1)
L 01/30/2023 - 04:23:43: [optional/l4d2_skill_detect.smx] calarm trigger: caller 788 / activator 788 / delay: 0.00
L 01/30/2023 - 04:26:45: [optional/l4d2_saferoom_item_remove.smx] Removed 4 saferoom item(s) (start: 4; end: 0).
L 01/30/2023 - 04:29:22: [optional/l4d2_saferoom_item_remove.smx] Removed 4 saferoom item(s) (start: 4; end: 0).
L 01/30/2023 - 04:30:27: SourceMod log file session started (file "/root/Steam/steamapps/common/Left 4 Dead 2 Dedicated Server/left4dead2/addons/sourcemod2/logs/L20230130.log") (Version "1.11.0.6825")
L 01/30/2023 - 04:30:27: [GEOIP] GeoIP2 database loaded: GeoLite2-City (2019-12-17 20:01:26 UTC)
L 01/30/2023 - 04:30:27: [GEOIP] GeoIP2 supported languages: de en es fr ja pt-BR ru zh-CN
L 01/30/2023 - 04:30:31: [basecommands.smx] "Console<0><Console><Console>" changed cvar (cvar "sv_minrate") (value "100000")
L 01/30/2023 - 04:30:31: [basecommands.smx] "Console<0><Console><Console>" changed cvar (cvar "sv_maxrate") (value "100000")
L 01/30/2023 - 04:30:31: [basecommands.smx] "Console<0><Console><Console>" changed cvar (cvar "sv_minupdaterate") (value "100")
L 01/30/2023 - 04:30:31: [basecommands.smx] "Console<0><Console><Console>" changed cvar (cvar "sv_maxupdaterate") (value "100")
L 01/30/2023 - 04:30:31: [basecommands.smx] "Console<0><Console><Console>" changed cvar (cvar "sv_mincmdrate") (value "100")
L 01/30/2023 - 04:30:31: [basecommands.smx] "Console<0><Console><Console>" changed cvar (cvar "sv_maxcmdrate") (value "100")
L 01/30/2023 - 04:30:31: [basecommands.smx] "Console<0><Console><Console>" changed cvar (cvar "sv_client_min_interp_ratio") (value "-1")
L 01/30/2023 - 04:30:31: [basecommands.smx] "Console<0><Console><Console>" changed cvar (cvar "sv_client_max_interp_ratio") (value "0")
L 01/30/2023 - 04:30:31: [basecommands.smx] "Console<0><Console><Console>" changed cvar (cvar "nb_update_frequency") (value "0.014")
L 01/30/2023 - 04:30:31: [basecommands.smx] "Console<0><Console><Console>" changed cvar (cvar "net_splitpacket_maxrate") (value "50000")
L 01/30/2023 - 04:30:31: [basecommands.smx] "Console<0><Console><Console>" changed cvar (cvar "fps_max") (value "0")
L 01/30/2023 - 04:30:31: [basecommands.smx] "Console<0><Console><Console>" changed cvar (cvar "sv_allow_wait_command") (value "0")
L 01/30/2023 - 04:30:31: [basecommands.smx] "Console<0><Console><Console>" changed cvar (cvar "tick_door_speed") (value "1.3")
L 01/30/2023 - 04:30:31: [basecommands.smx] "Console<0><Console><Console>" changed cvar (cvar "mp_autoteambalance") (value "0")
L 01/30/2023 - 04:30:31: [basecommands.smx] "Console<0><Console><Console>" changed cvar (cvar "sv_unlag_fixstuck") (value "1")
L 01/30/2023 - 04:30:31: [basecommands.smx] "Console<0><Console><Console>" changed cvar (cvar "z_brawl_chance") (value "0")
L 01/30/2023 - 04:30:31: [basecommands.smx] "Console<0><Console><Console>" changed cvar (cvar "sv_maxunlag") (value "1")
L 01/30/2023 - 04:30:31: [basecommands.smx] "Console<0><Console><Console>" changed cvar (cvar "sv_forcepreload") (value "1")
L 01/30/2023 - 04:30:31: [basecommands.smx] "Console<0><Console><Console>" changed cvar (cvar "sv_client_predict") (value "1")
L 01/30/2023 - 04:30:31: [basecommands.smx] "Console<0><Console><Console>" changed cvar (cvar "sv_client_cmdrate_difference") (value "0")
L 01/30/2023 - 04:30:31: [basecommands.smx] "Console<0><Console><Console>" changed cvar (cvar "sv_max_queries_sec_global") (value "10")
L 01/30/2023 - 04:30:31: [basecommands.smx] "Console<0><Console><Console>" changed cvar (cvar "sv_max_queries_sec") (value "3")
L 01/30/2023 - 04:30:31: [basecommands.smx] "Console<0><Console><Console>" changed cvar (cvar "sv_max_queries_window") (value "10")
L 01/30/2023 - 04:30:31: [basecommands.smx] "Console<0><Console><Console>" changed cvar (cvar "sv_player_stuck_tolerance") (value "5")
L 01/30/2023 - 04:30:31: [basecommands.smx] "Console<0><Console><Console>" changed cvar (cvar "sv_stats") (value "0")
L 01/30/2023 - 04:30:31: [basecommands.smx] "Console<0><Console><Console>" changed cvar (cvar "sv_clockcorrection_msecs") (value "25")
L 01/30/2023 - 04:30:31: [basecommands.smx] "Console<0><Console><Console>" changed cvar (cvar "sb_all_bot_game") (value "1")
L 01/30/2023 - 04:30:31: [basecommands.smx] "Console<0><Console><Console>" changed cvar (cvar "sv_allowupload") (value "0")
L 01/30/2023 - 04:30:31: [basecommands.smx] "Console<0><Console><Console>" changed cvar (cvar "sv_allowdownload") (value "0")
L 01/30/2023 - 04:30:31: [basecommands.smx] "Console<0><Console><Console>" changed cvar (cvar "decalfrequency") (value "1.0")
L 01/30/2023 - 04:30:31: [basecommands.smx] "Console<0><Console><Console>" changed cvar (cvar "mv_maxplayers") (value "12")
L 01/30/2023 - 04:30:31: [basecommands.smx] "Console<0><Console><Console>" changed cvar (cvar "sn_hostname_format") (value "{hostname} >> {gamemode}")
L 01/30/2023 - 04:30:31: [basecommands.smx] "Console<0><Console><Console>" changed cvar (cvar "sn_hostname_format_new") (value "{AnneHappy}{Full}{Confogl}")
L 01/30/2023 - 04:30:31: [chat-processor.smx] Message formats generated for game 'left4dead2'.
L 01/30/2023 - 04:30:31: [chat-processor.smx] Successfully hooked a SayText2 chat hook.
L 01/31/2023 - 00:00:41: Log file closed.
