L 02/19/2023 - 14:34:42: SourceMod log file session started (file "/root/Steam/steamapps/common/Left 4 Dead 2 Dedicated Server/left4dead2/addons/sourcemod2/logs/L20230219.log") (Version "1.11.0.6825")
L 02/19/2023 - 14:34:42: [basecommands.smx] "Console<0><Console><Console>" changed cvar (cvar "sv_minrate") (value "100000")
L 02/19/2023 - 14:34:42: [basecommands.smx] "Console<0><Console><Console>" changed cvar (cvar "sv_maxrate") (value "100000")
L 02/19/2023 - 14:34:42: [basecommands.smx] "Console<0><Console><Console>" changed cvar (cvar "sv_minupdaterate") (value "100")
L 02/19/2023 - 14:34:42: [basecommands.smx] "Console<0><Console><Console>" changed cvar (cvar "sv_maxupdaterate") (value "100")
L 02/19/2023 - 14:34:42: [basecommands.smx] "Console<0><Console><Console>" changed cvar (cvar "sv_mincmdrate") (value "100")
L 02/19/2023 - 14:34:42: [basecommands.smx] "Console<0><Console><Console>" changed cvar (cvar "sv_maxcmdrate") (value "100")
L 02/19/2023 - 14:34:42: [basecommands.smx] "Console<0><Console><Console>" changed cvar (cvar "sv_client_min_interp_ratio") (value "-1")
L 02/19/2023 - 14:34:42: [basecommands.smx] "Console<0><Console><Console>" changed cvar (cvar "sv_client_max_interp_ratio") (value "0")
L 02/19/2023 - 14:34:42: [basecommands.smx] "Console<0><Console><Console>" changed cvar (cvar "nb_update_frequency") (value "0.014")
L 02/19/2023 - 14:34:42: [basecommands.smx] "Console<0><Console><Console>" changed cvar (cvar "net_splitpacket_maxrate") (value "50000")
L 02/19/2023 - 14:34:42: [basecommands.smx] "Console<0><Console><Console>" changed cvar (cvar "fps_max") (value "0")
L 02/19/2023 - 14:34:42: [basecommands.smx] "Console<0><Console><Console>" changed cvar (cvar "sv_allow_wait_command") (value "0")
L 02/19/2023 - 14:34:42: [basecommands.smx] "Console<0><Console><Console>" changed cvar (cvar "tick_door_speed") (value "1.3")
L 02/19/2023 - 14:34:42: [basecommands.smx] "Console<0><Console><Console>" changed cvar (cvar "mp_autoteambalance") (value "0")
L 02/19/2023 - 14:34:42: [basecommands.smx] "Console<0><Console><Console>" changed cvar (cvar "sv_unlag_fixstuck") (value "1")
L 02/19/2023 - 14:34:42: [basecommands.smx] "Console<0><Console><Console>" changed cvar (cvar "z_brawl_chance") (value "0")
L 02/19/2023 - 14:34:42: [basecommands.smx] "Console<0><Console><Console>" changed cvar (cvar "sv_maxunlag") (value "1")
L 02/19/2023 - 14:34:42: [basecommands.smx] "Console<0><Console><Console>" changed cvar (cvar "sv_forcepreload") (value "1")
L 02/19/2023 - 14:34:42: [basecommands.smx] "Console<0><Console><Console>" changed cvar (cvar "sv_client_predict") (value "1")
L 02/19/2023 - 14:34:42: [basecommands.smx] "Console<0><Console><Console>" changed cvar (cvar "sv_client_cmdrate_difference") (value "0")
L 02/19/2023 - 14:34:42: [basecommands.smx] "Console<0><Console><Console>" changed cvar (cvar "sv_max_queries_sec_global") (value "10")
L 02/19/2023 - 14:34:42: [basecommands.smx] "Console<0><Console><Console>" changed cvar (cvar "sv_max_queries_sec") (value "3")
L 02/19/2023 - 14:34:42: [basecommands.smx] "Console<0><Console><Console>" changed cvar (cvar "sv_max_queries_window") (value "10")
L 02/19/2023 - 14:34:42: [basecommands.smx] "Console<0><Console><Console>" changed cvar (cvar "sv_player_stuck_tolerance") (value "5")
L 02/19/2023 - 14:34:42: [basecommands.smx] "Console<0><Console><Console>" changed cvar (cvar "sv_stats") (value "0")
L 02/19/2023 - 14:34:42: [basecommands.smx] "Console<0><Console><Console>" changed cvar (cvar "sv_clockcorrection_msecs") (value "25")
L 02/19/2023 - 14:34:42: [basecommands.smx] "Console<0><Console><Console>" changed cvar (cvar "sb_all_bot_game") (value "1")
L 02/19/2023 - 14:34:42: [basecommands.smx] "Console<0><Console><Console>" changed cvar (cvar "sv_allowupload") (value "0")
L 02/19/2023 - 14:34:42: [basecommands.smx] "Console<0><Console><Console>" changed cvar (cvar "sv_allowdownload") (value "0")
L 02/19/2023 - 14:34:42: [basecommands.smx] "Console<0><Console><Console>" changed cvar (cvar "decalfrequency") (value "1.0")
L 02/19/2023 - 14:35:12: [UPDATER] Successfully updated gamedata file "sm-tf2.games.txt"
L 02/19/2023 - 14:35:12: [UPDATER] Successfully updated gamedata file "sm-cstrike.games/game.csgo.txt"
L 02/19/2023 - 14:35:12: [UPDATER] Successfully updated gamedata file "sm-cstrike.games/master.games.txt"
L 02/19/2023 - 14:35:12: [UPDATER] Successfully updated gamedata file "sdktools.games/game.cspromod.txt"
L 02/19/2023 - 14:35:12: [UPDATER] Successfully updated gamedata file "sdktools.games/game.ff.txt"
L 02/19/2023 - 14:35:12: [UPDATER] Successfully updated gamedata file "sdktools.games/game.synergy.txt"
L 02/19/2023 - 14:35:12: [UPDATER] Successfully updated gamedata file "sdktools.games/game.ship.txt"
L 02/19/2023 - 14:35:12: [UPDATER] Successfully updated gamedata file "sdktools.games/engine.eye.txt"
L 02/19/2023 - 14:35:12: [UPDATER] Successfully updated gamedata file "sdktools.games/game.dod.txt"
L 02/19/2023 - 14:35:12: [UPDATER] Successfully updated gamedata file "sdktools.games/game.hl2mp.txt"
L 02/19/2023 - 14:35:12: [UPDATER] Successfully updated gamedata file "sdktools.games/game.cstrike.txt"
L 02/19/2023 - 14:35:12: [UPDATER] Successfully updated gamedata file "sdktools.games/engine.darkm.txt"
L 02/19/2023 - 14:35:12: [UPDATER] Successfully updated gamedata file "sdktools.games/game.nucleardawn.txt"
L 02/19/2023 - 14:35:12: [UPDATER] Successfully updated gamedata file "sdktools.games/game.doi.txt"
L 02/19/2023 - 14:35:12: [UPDATER] Successfully updated gamedata file "sdktools.games/engine.csgo.txt"
L 02/19/2023 - 14:35:12: [UPDATER] Successfully updated gamedata file "sdktools.games/game.sourceforts.txt"
L 02/19/2023 - 14:35:12: [UPDATER] Successfully updated gamedata file "sdktools.games/engine.ep1.txt"
L 02/19/2023 - 14:35:12: [UPDATER] Successfully updated gamedata file "sdktools.games/game.gesource.txt"
L 02/19/2023 - 14:35:12: [UPDATER] Successfully updated gamedata file "sdktools.games/game.alienswarm.txt"
L 02/19/2023 - 14:35:12: [UPDATER] Successfully updated gamedata file "sdktools.games/game.rnlbeta.txt"
L 02/19/2023 - 14:35:12: [UPDATER] Successfully updated gamedata file "sdktools.games/engine.insurgency.txt"
L 02/19/2023 - 14:35:12: [UPDATER] Successfully updated gamedata file "sdktools.games/game.reactivedrop.txt"
L 02/19/2023 - 14:35:12: [UPDATER] Successfully updated gamedata file "sdktools.games/game.dinodday.txt"
L 02/19/2023 - 14:35:12: [UPDATER] Successfully updated gamedata file "sdktools.games/game.insurgency.txt"
L 02/19/2023 - 14:35:12: [UPDATER] Successfully updated gamedata file "sdktools.games/game.hidden.txt"
L 02/19/2023 - 14:35:12: [UPDATER] Successfully updated gamedata file "sdktools.games/game.esmod.txt"
L 02/19/2023 - 14:35:12: [UPDATER] Successfully updated gamedata file "sdktools.games/game.ag2.txt"
L 02/19/2023 - 14:35:12: [UPDATER] Successfully updated gamedata file "sdktools.games/game.zm.txt"
L 02/19/2023 - 14:35:12: [UPDATER] Successfully updated gamedata file "sdktools.games/game.bms.txt"
L 02/19/2023 - 14:35:12: [UPDATER] Successfully updated gamedata file "sdktools.games/game.hl2ctf.txt"
L 02/19/2023 - 14:35:12: [UPDATER] Successfully updated gamedata file "sdktools.games/game.bg2.txt"
L 02/19/2023 - 14:35:12: [UPDATER] Successfully updated gamedata file "sdktools.games/engine.l4d.txt"
L 02/19/2023 - 14:35:12: [UPDATER] Successfully updated gamedata file "sdktools.games/engine.swarm.txt"
L 02/19/2023 - 14:35:12: [UPDATER] Successfully updated gamedata file "sdktools.games/game.aoc.txt"
L 02/19/2023 - 14:35:12: [UPDATER] Successfully updated gamedata file "sdktools.games/game.zpanic.txt"
L 02/19/2023 - 14:35:12: [UPDATER] Successfully updated gamedata file "sdktools.games/engine.ep2valve.txt"
L 02/19/2023 - 14:35:12: [UPDATER] Successfully updated gamedata file "sdktools.games/engine.css.txt"
L 02/19/2023 - 14:35:12: [UPDATER] Successfully updated gamedata file "sdktools.games/game.nmrih.txt"
L 02/19/2023 - 14:35:12: [UPDATER] Successfully updated gamedata file "sdktools.games/game.empires.txt"
L 02/19/2023 - 14:35:12: [UPDATER] Successfully updated gamedata file "sdktools.games/game.obsidian.txt"
L 02/19/2023 - 14:35:12: [UPDATER] Successfully updated gamedata file "sdktools.games/engine.blade.txt"
L 02/19/2023 - 14:35:12: [UPDATER] Successfully updated gamedata file "sdktools.games/game.fof.txt"
L 02/19/2023 - 14:35:12: [UPDATER] Successfully updated gamedata file "sdktools.games/game.pvkii.txt"
L 02/19/2023 - 14:35:12: [UPDATER] Successfully updated gamedata file "sdktools.games/common.games.txt"
L 02/19/2023 - 14:35:12: [UPDATER] Successfully updated gamedata file "sdktools.games/game.dystopia.txt"
L 02/19/2023 - 14:35:12: [UPDATER] Successfully updated gamedata file "sdktools.games/game.modularcombat.txt"
L 02/19/2023 - 14:35:12: [UPDATER] Successfully updated gamedata file "sdktools.games/game.tf.txt"
L 02/19/2023 - 14:35:12: [UPDATER] Successfully updated gamedata file "sdktools.games/game.left4dead2.txt"
L 02/19/2023 - 14:35:12: [UPDATER] Successfully updated gamedata file "sdktools.games/engine.contagion.txt"
L 02/19/2023 - 14:35:12: [UPDATER] Successfully updated gamedata file "sdktools.games/game.neotokyo.txt"
L 02/19/2023 - 14:35:12: [UPDATER] Successfully updated gamedata file "sdktools.games/game.kz.txt"
L 02/19/2023 - 14:35:12: [UPDATER] Successfully updated gamedata file "sdktools.games/game.fas.txt"
L 02/19/2023 - 14:35:12: [UPDATER] Successfully updated gamedata file "sdktools.games/game.ios.txt"
L 02/19/2023 - 14:35:12: [UPDATER] Successfully updated gamedata file "sdktools.games/engine.ep2.txt"
L 02/19/2023 - 14:35:12: [UPDATER] Successfully updated gamedata file "sdktools.games/engine.bgt.txt"
L 02/19/2023 - 14:35:12: [UPDATER] Successfully updated gamedata file "sdkhooks.games/game.cspromod.txt"
L 02/19/2023 - 14:35:12: [UPDATER] Successfully updated gamedata file "sdkhooks.games/game.ff.txt"
L 02/19/2023 - 14:35:12: [UPDATER] Successfully updated gamedata file "sdkhooks.games/game.synergy.txt"
L 02/19/2023 - 14:35:12: [UPDATER] Successfully updated gamedata file "sdkhooks.games/engine.ep2v.txt"
L 02/19/2023 - 14:35:12: [UPDATER] Successfully updated gamedata file "sdkhooks.games/game.cstrike.txt"
L 02/19/2023 - 14:35:12: [UPDATER] Successfully updated gamedata file "sdkhooks.games/engine.darkm.txt"
L 02/19/2023 - 14:35:12: [UPDATER] Successfully updated gamedata file "sdkhooks.games/game.nucleardawn.txt"
L 02/19/2023 - 14:35:12: [UPDATER] Successfully updated gamedata file "sdkhooks.games/game.doi.txt"
L 02/19/2023 - 14:35:12: [UPDATER] Successfully updated gamedata file "sdkhooks.games/engine.csgo.txt"
L 02/19/2023 - 14:35:12: [UPDATER] Successfully updated gamedata file "sdkhooks.games/game.sourceforts.txt"
L 02/19/2023 - 14:35:12: [UPDATER] Successfully updated gamedata file "sdkhooks.games/game.gesource.txt"
L 02/19/2023 - 14:35:12: [UPDATER] Successfully updated gamedata file "sdkhooks.games/game.alienswarm.txt"
L 02/19/2023 - 14:35:12: [UPDATER] Successfully updated gamedata file "sdkhooks.games/game.sgtls.txt"
L 02/19/2023 - 14:35:12: [UPDATER] Successfully updated gamedata file "sdkhooks.games/engine.insurgency.txt"
L 02/19/2023 - 14:35:12: [UPDATER] Successfully updated gamedata file "sdkhooks.games/game.reactivedrop.txt"
L 02/19/2023 - 14:35:12: [UPDATER] Successfully updated gamedata file "sdkhooks.games/game.dinodday.txt"
L 02/19/2023 - 14:35:12: [UPDATER] Successfully updated gamedata file "sdkhooks.games/game.insurgency.txt"
L 02/19/2023 - 14:35:12: [UPDATER] Successfully updated gamedata file "sdkhooks.games/game.hidden.txt"
L 02/19/2023 - 14:35:12: [UPDATER] Successfully updated gamedata file "sdkhooks.games/game.ag2.txt"
L 02/19/2023 - 14:35:12: [UPDATER] Successfully updated gamedata file "sdkhooks.games/game.zm.txt"
L 02/19/2023 - 14:35:12: [UPDATER] Successfully updated gamedata file "sdkhooks.games/game.bms.txt"
L 02/19/2023 - 14:35:12: [UPDATER] Successfully updated gamedata file "sdkhooks.games/game.hl2ctf.txt"
L 02/19/2023 - 14:35:12: [UPDATER] Successfully updated gamedata file "sdkhooks.games/game.aoc.txt"
L 02/19/2023 - 14:35:12: [UPDATER] Successfully updated gamedata file "sdkhooks.games/game.zpanic.txt"
L 02/19/2023 - 14:35:12: [UPDATER] Successfully updated gamedata file "sdkhooks.games/game.nmrih.txt"
L 02/19/2023 - 14:35:12: [UPDATER] Successfully updated gamedata file "sdkhooks.games/game.empires.txt"
L 02/19/2023 - 14:35:12: [UPDATER] Successfully updated gamedata file "sdkhooks.games/engine.blade.txt"
L 02/19/2023 - 14:35:12: [UPDATER] Successfully updated gamedata file "sdkhooks.games/game.fof.txt"
L 02/19/2023 - 14:35:12: [UPDATER] Successfully updated gamedata file "sdkhooks.games/game.pvkii.txt"
L 02/19/2023 - 14:35:12: [UPDATER] Successfully updated gamedata file "sdkhooks.games/common.games.txt"
L 02/19/2023 - 14:35:12: [UPDATER] Successfully updated gamedata file "sdkhooks.games/game.modularcombat.txt"
L 02/19/2023 - 14:35:12: [UPDATER] Successfully updated gamedata file "sdkhooks.games/engine.contagion.txt"
L 02/19/2023 - 14:35:12: [UPDATER] Successfully updated gamedata file "sdkhooks.games/game.neotokyo.txt"
L 02/19/2023 - 14:35:12: [UPDATER] Successfully updated gamedata file "sdkhooks.games/game.kz.txt"
L 02/19/2023 - 14:35:12: [UPDATER] Successfully updated gamedata file "funcommands.games.txt"
L 02/19/2023 - 14:35:12: [UPDATER] Successfully updated gamedata file "core.games/engine.l4d2.txt"
L 02/19/2023 - 14:35:12: [UPDATER] Successfully updated gamedata file "core.games/engine.eye.txt"
L 02/19/2023 - 14:35:12: [UPDATER] Successfully updated gamedata file "core.games/engine.sdk2013.txt"
L 02/19/2023 - 14:35:12: [UPDATER] Successfully updated gamedata file "core.games/engine.darkm.txt"
L 02/19/2023 - 14:35:12: [UPDATER] Successfully updated gamedata file "core.games/engine.csgo.txt"
L 02/19/2023 - 14:35:12: [UPDATER] Successfully updated gamedata file "core.games/engine.ep1.txt"
L 02/19/2023 - 14:35:12: [UPDATER] Successfully updated gamedata file "core.games/engine.bms.txt"
L 02/19/2023 - 14:35:12: [UPDATER] Successfully updated gamedata file "core.games/engine.insurgency.txt"
L 02/19/2023 - 14:35:12: [UPDATER] Successfully updated gamedata file "core.games/game.dinodday.txt"
L 02/19/2023 - 14:35:12: [UPDATER] Successfully updated gamedata file "core.games/engine.l4d.txt"
L 02/19/2023 - 14:35:12: [UPDATER] Successfully updated gamedata file "core.games/engine.swarm.txt"
L 02/19/2023 - 14:35:12: [UPDATER] Successfully updated gamedata file "core.games/engine.ep2valve.txt"
L 02/19/2023 - 14:35:12: [UPDATER] Successfully updated gamedata file "core.games/engine.css.txt"
L 02/19/2023 - 14:35:12: [UPDATER] Successfully updated gamedata file "core.games/engine.blade.txt"
L 02/19/2023 - 14:35:12: [UPDATER] Successfully updated gamedata file "core.games/common.games.txt"
L 02/19/2023 - 14:35:12: [UPDATER] Successfully updated gamedata file "core.games/blocklist.plugins.txt"
L 02/19/2023 - 14:35:12: [UPDATER] Successfully updated gamedata file "core.games/engine.contagion.txt"
L 02/19/2023 - 14:35:12: [UPDATER] Successfully updated gamedata file "core.games/engine.ep2.txt"
L 02/19/2023 - 14:35:12: [UPDATER] Successfully updated gamedata file "core.games/engine.bgt.txt"
L 02/19/2023 - 14:35:12: [UPDATER] Successfully updated gamedata file "accelerator.games.txt"
L 02/19/2023 - 14:35:12: [UPDATER] SourceMod has been updated, please reload it or restart your server.
L 02/19/2023 - 14:40:17: SourceMod log file session started (file "/root/Steam/steamapps/common/Left 4 Dead 2 Dedicated Server/left4dead2/addons/sourcemod2/logs/L20230219.log") (Version "1.11.0.6825")
L 02/19/2023 - 14:40:17: [basecommands.smx] "Console<0><Console><Console>" changed cvar (cvar "sv_minrate") (value "100000")
L 02/19/2023 - 14:40:17: [basecommands.smx] "Console<0><Console><Console>" changed cvar (cvar "sv_maxrate") (value "100000")
L 02/19/2023 - 14:40:17: [basecommands.smx] "Console<0><Console><Console>" changed cvar (cvar "sv_minupdaterate") (value "100")
L 02/19/2023 - 14:40:17: [basecommands.smx] "Console<0><Console><Console>" changed cvar (cvar "sv_maxupdaterate") (value "100")
L 02/19/2023 - 14:40:17: [basecommands.smx] "Console<0><Console><Console>" changed cvar (cvar "sv_mincmdrate") (value "100")
L 02/19/2023 - 14:40:17: [basecommands.smx] "Console<0><Console><Console>" changed cvar (cvar "sv_maxcmdrate") (value "100")
L 02/19/2023 - 14:40:17: [basecommands.smx] "Console<0><Console><Console>" changed cvar (cvar "sv_client_min_interp_ratio") (value "-1")
L 02/19/2023 - 14:40:17: [basecommands.smx] "Console<0><Console><Console>" changed cvar (cvar "sv_client_max_interp_ratio") (value "0")
L 02/19/2023 - 14:40:17: [basecommands.smx] "Console<0><Console><Console>" changed cvar (cvar "nb_update_frequency") (value "0.014")
L 02/19/2023 - 14:40:17: [basecommands.smx] "Console<0><Console><Console>" changed cvar (cvar "net_splitpacket_maxrate") (value "50000")
L 02/19/2023 - 14:40:17: [basecommands.smx] "Console<0><Console><Console>" changed cvar (cvar "fps_max") (value "0")
L 02/19/2023 - 14:40:17: [basecommands.smx] "Console<0><Console><Console>" changed cvar (cvar "sv_allow_wait_command") (value "0")
L 02/19/2023 - 14:40:17: [basecommands.smx] "Console<0><Console><Console>" changed cvar (cvar "tick_door_speed") (value "1.3")
L 02/19/2023 - 14:40:17: [basecommands.smx] "Console<0><Console><Console>" changed cvar (cvar "mp_autoteambalance") (value "0")
L 02/19/2023 - 14:40:17: [basecommands.smx] "Console<0><Console><Console>" changed cvar (cvar "sv_unlag_fixstuck") (value "1")
L 02/19/2023 - 14:40:17: [basecommands.smx] "Console<0><Console><Console>" changed cvar (cvar "z_brawl_chance") (value "0")
L 02/19/2023 - 14:40:17: [basecommands.smx] "Console<0><Console><Console>" changed cvar (cvar "sv_maxunlag") (value "1")
L 02/19/2023 - 14:40:17: [basecommands.smx] "Console<0><Console><Console>" changed cvar (cvar "sv_forcepreload") (value "1")
L 02/19/2023 - 14:40:17: [basecommands.smx] "Console<0><Console><Console>" changed cvar (cvar "sv_client_predict") (value "1")
L 02/19/2023 - 14:40:17: [basecommands.smx] "Console<0><Console><Console>" changed cvar (cvar "sv_client_cmdrate_difference") (value "0")
L 02/19/2023 - 14:40:17: [basecommands.smx] "Console<0><Console><Console>" changed cvar (cvar "sv_max_queries_sec_global") (value "10")
L 02/19/2023 - 14:40:17: [basecommands.smx] "Console<0><Console><Console>" changed cvar (cvar "sv_max_queries_sec") (value "3")
L 02/19/2023 - 14:40:17: [basecommands.smx] "Console<0><Console><Console>" changed cvar (cvar "sv_max_queries_window") (value "10")
L 02/19/2023 - 14:40:17: [basecommands.smx] "Console<0><Console><Console>" changed cvar (cvar "sv_player_stuck_tolerance") (value "5")
L 02/19/2023 - 14:40:17: [basecommands.smx] "Console<0><Console><Console>" changed cvar (cvar "sv_stats") (value "0")
L 02/19/2023 - 14:40:17: [basecommands.smx] "Console<0><Console><Console>" changed cvar (cvar "sv_clockcorrection_msecs") (value "25")
L 02/19/2023 - 14:40:17: [basecommands.smx] "Console<0><Console><Console>" changed cvar (cvar "sb_all_bot_game") (value "1")
L 02/19/2023 - 14:40:17: [basecommands.smx] "Console<0><Console><Console>" changed cvar (cvar "sv_allowupload") (value "0")
L 02/19/2023 - 14:40:17: [basecommands.smx] "Console<0><Console><Console>" changed cvar (cvar "sv_allowdownload") (value "0")
L 02/19/2023 - 14:40:17: [basecommands.smx] "Console<0><Console><Console>" changed cvar (cvar "decalfrequency") (value "1.0")
L 02/19/2023 - 14:43:34: SourceMod log file session started (file "/root/Steam/steamapps/common/Left 4 Dead 2 Dedicated Server/left4dead2/addons/sourcemod2/logs/L20230219.log") (Version "1.11.0.6825")
L 02/19/2023 - 14:43:34: [basecommands.smx] "Console<0><Console><Console>" changed cvar (cvar "sv_minrate") (value "100000")
L 02/19/2023 - 14:43:34: [basecommands.smx] "Console<0><Console><Console>" changed cvar (cvar "sv_maxrate") (value "100000")
L 02/19/2023 - 14:43:34: [basecommands.smx] "Console<0><Console><Console>" changed cvar (cvar "sv_minupdaterate") (value "100")
L 02/19/2023 - 14:43:34: [basecommands.smx] "Console<0><Console><Console>" changed cvar (cvar "sv_maxupdaterate") (value "100")
L 02/19/2023 - 14:43:34: [basecommands.smx] "Console<0><Console><Console>" changed cvar (cvar "sv_mincmdrate") (value "100")
L 02/19/2023 - 14:43:34: [basecommands.smx] "Console<0><Console><Console>" changed cvar (cvar "sv_maxcmdrate") (value "100")
L 02/19/2023 - 14:43:34: [basecommands.smx] "Console<0><Console><Console>" changed cvar (cvar "sv_client_min_interp_ratio") (value "-1")
L 02/19/2023 - 14:43:34: [basecommands.smx] "Console<0><Console><Console>" changed cvar (cvar "sv_client_max_interp_ratio") (value "0")
L 02/19/2023 - 14:43:34: [basecommands.smx] "Console<0><Console><Console>" changed cvar (cvar "nb_update_frequency") (value "0.014")
L 02/19/2023 - 14:43:34: [basecommands.smx] "Console<0><Console><Console>" changed cvar (cvar "net_splitpacket_maxrate") (value "50000")
L 02/19/2023 - 14:43:34: [basecommands.smx] "Console<0><Console><Console>" changed cvar (cvar "fps_max") (value "0")
L 02/19/2023 - 14:43:34: [basecommands.smx] "Console<0><Console><Console>" changed cvar (cvar "sv_allow_wait_command") (value "0")
L 02/19/2023 - 14:43:34: [basecommands.smx] "Console<0><Console><Console>" changed cvar (cvar "tick_door_speed") (value "1.3")
L 02/19/2023 - 14:43:34: [basecommands.smx] "Console<0><Console><Console>" changed cvar (cvar "mp_autoteambalance") (value "0")
L 02/19/2023 - 14:43:34: [basecommands.smx] "Console<0><Console><Console>" changed cvar (cvar "sv_unlag_fixstuck") (value "1")
L 02/19/2023 - 14:43:34: [basecommands.smx] "Console<0><Console><Console>" changed cvar (cvar "z_brawl_chance") (value "0")
L 02/19/2023 - 14:43:34: [basecommands.smx] "Console<0><Console><Console>" changed cvar (cvar "sv_maxunlag") (value "1")
L 02/19/2023 - 14:43:34: [basecommands.smx] "Console<0><Console><Console>" changed cvar (cvar "sv_forcepreload") (value "1")
L 02/19/2023 - 14:43:34: [basecommands.smx] "Console<0><Console><Console>" changed cvar (cvar "sv_client_predict") (value "1")
L 02/19/2023 - 14:43:34: [basecommands.smx] "Console<0><Console><Console>" changed cvar (cvar "sv_client_cmdrate_difference") (value "0")
L 02/19/2023 - 14:43:34: [basecommands.smx] "Console<0><Console><Console>" changed cvar (cvar "sv_max_queries_sec_global") (value "10")
L 02/19/2023 - 14:43:34: [basecommands.smx] "Console<0><Console><Console>" changed cvar (cvar "sv_max_queries_sec") (value "3")
L 02/19/2023 - 14:43:34: [basecommands.smx] "Console<0><Console><Console>" changed cvar (cvar "sv_max_queries_window") (value "10")
L 02/19/2023 - 14:43:34: [basecommands.smx] "Console<0><Console><Console>" changed cvar (cvar "sv_player_stuck_tolerance") (value "5")
L 02/19/2023 - 14:43:34: [basecommands.smx] "Console<0><Console><Console>" changed cvar (cvar "sv_stats") (value "0")
L 02/19/2023 - 14:43:34: [basecommands.smx] "Console<0><Console><Console>" changed cvar (cvar "sv_clockcorrection_msecs") (value "25")
L 02/19/2023 - 14:43:34: [basecommands.smx] "Console<0><Console><Console>" changed cvar (cvar "sb_all_bot_game") (value "1")
L 02/19/2023 - 14:43:34: [basecommands.smx] "Console<0><Console><Console>" changed cvar (cvar "sv_allowupload") (value "0")
L 02/19/2023 - 14:43:34: [basecommands.smx] "Console<0><Console><Console>" changed cvar (cvar "sv_allowdownload") (value "0")
L 02/19/2023 - 14:43:34: [basecommands.smx] "Console<0><Console><Console>" changed cvar (cvar "decalfrequency") (value "1.0")
