L 01/13/2023 - 15:25:27: Update available for "[L4D & L4D2] Left 4 DHooks Direct" (left4dhooks.smx). Current: 1.126 - Latest: 1.127
L 01/13/2023 - 15:25:27:   [0]  Full changelog @ https://forums.alliedmods.net/showthread.php?t=321696
L 01/13/2023 - 15:25:39: Successfully updated and installed "[L4D & L4D2] Left 4 DHooks Direct".
L 01/13/2023 - 22:34:59: Update available for "simple join" (extend/join.smx). Current: 1.1 - Latest: 2.0
L 01/13/2023 - 22:34:59:   [0]  More info @ https:github.com/fantasylidong/CompetitiveWithAnne
L 01/13/2023 - 22:34:59:   [1]  AnneHappy core plugins update
L 01/13/2023 - 22:35:09: Successfully updated and installed "simple join".
L 01/13/2023 - 23:16:58: Update available for "simple join" (extend/join.smx). Current: 1.1 - Latest: 2.0
L 01/13/2023 - 23:16:58:   [0]  More info @ https:github.com/fantasylidong/CompetitiveWithAnne
L 01/13/2023 - 23:16:58:   [1]  AnneHappy core plugins update
L 01/13/2023 - 23:17:20: Successfully updated and installed "simple join".
L 01/14/2023 - 00:26:12: Update available for "simple join" (extend/join.smx). Current: 1.1 - Latest: 2.0
L 01/14/2023 - 00:26:12:   [0]  More info @ https:github.com/fantasylidong/CompetitiveWithAnne
L 01/14/2023 - 00:26:12:   [1]  AnneHappy core plugins update
L 01/14/2023 - 00:26:23: Successfully updated and installed "simple join".
L 01/14/2023 - 00:28:17: Update available for "simple join" (extend/join.smx). Current: 1.1 - Latest: 2.0
L 01/14/2023 - 00:28:17:   [0]  More info @ https:github.com/fantasylidong/CompetitiveWithAnne
L 01/14/2023 - 00:28:17:   [1]  AnneHappy core plugins update
L 01/14/2023 - 00:28:32: Successfully updated and installed "simple join".
L 01/14/2023 - 00:30:56: Update available for "simple join" (extend/join.smx). Current: 1.1 - Latest: 2.0
L 01/14/2023 - 00:30:56:   [0]  More info @ https:github.com/fantasylidong/CompetitiveWithAnne
L 01/14/2023 - 00:30:56:   [1]  AnneHappy core plugins update
L 01/14/2023 - 00:31:07: Successfully updated and installed "simple join".
L 01/14/2023 - 00:34:44: Update available for "simple join" (extend/join.smx). Current: 1.1 - Latest: 2.0
L 01/14/2023 - 00:34:44:   [0]  More info @ https:github.com/fantasylidong/CompetitiveWithAnne
L 01/14/2023 - 00:34:44:   [1]  AnneHappy core plugins update
L 01/14/2023 - 00:34:53: Successfully updated and installed "simple join".
L 01/14/2023 - 00:35:22: Update available for "simple join" (extend/join.smx). Current: 1.1 - Latest: 2.0
L 01/14/2023 - 00:35:22:   [0]  More info @ https:github.com/fantasylidong/CompetitiveWithAnne
L 01/14/2023 - 00:35:22:   [1]  AnneHappy core plugins update
L 01/14/2023 - 00:35:34: Successfully updated and installed "simple join".
L 01/14/2023 - 14:28:55: Update available for "simple join" (extend/join.smx). Current: 1.1 - Latest: 2.0
L 01/14/2023 - 14:28:55:   [0]  More info @ https:github.com/fantasylidong/CompetitiveWithAnne
L 01/14/2023 - 14:28:55:   [1]  AnneHappy core plugins update
L 01/14/2023 - 14:29:06: Successfully updated and installed "simple join".
L 01/14/2023 - 14:32:11: Update available for "simple join" (extend/join.smx). Current: 1.1 - Latest: 2.0
L 01/14/2023 - 14:32:11:   [0]  More info @ https:github.com/fantasylidong/CompetitiveWithAnne
L 01/14/2023 - 14:32:11:   [1]  AnneHappy core plugins update
L 01/14/2023 - 14:32:23: Successfully updated and installed "simple join".
L 01/14/2023 - 15:20:19: Update available for "simple join" (extend/join.smx). Current: 1.1 - Latest: 2.0
L 01/14/2023 - 15:20:19:   [0]  More info @ https:github.com/fantasylidong/CompetitiveWithAnne
L 01/14/2023 - 15:20:19:   [1]  AnneHappy core plugins update
L 01/14/2023 - 15:20:31: Successfully updated and installed "simple join".
L 01/14/2023 - 15:21:09: Update available for "simple join" (extend/join.smx). Current: 1.1 - Latest: 2.0
L 01/14/2023 - 15:21:09:   [0]  More info @ https:github.com/fantasylidong/CompetitiveWithAnne
L 01/14/2023 - 15:21:09:   [1]  AnneHappy core plugins update
L 01/14/2023 - 15:21:21: Successfully updated and installed "simple join".
L 01/14/2023 - 16:35:08: Update available for "simple join" (extend/join.smx). Current: 1.1 - Latest: 2.0
L 01/14/2023 - 16:35:08:   [0]  More info @ https:github.com/fantasylidong/CompetitiveWithAnne
L 01/14/2023 - 16:35:08:   [1]  AnneHappy core plugins update
L 01/14/2023 - 16:35:17: Successfully updated and installed "simple join".
L 01/14/2023 - 19:47:38: Update available for "simple join" (extend/join.smx). Current: 1.1 - Latest: 2.0
L 01/14/2023 - 19:47:38:   [0]  More info @ https:github.com/fantasylidong/CompetitiveWithAnne
L 01/14/2023 - 19:47:38:   [1]  AnneHappy core plugins update
L 01/14/2023 - 19:47:47: Successfully updated and installed "simple join".
L 01/14/2023 - 21:25:29: Update available for "simple join" (extend/join.smx). Current: 1.1 - Latest: 2.0
L 01/14/2023 - 21:25:29:   [0]  More info @ https:github.com/fantasylidong/CompetitiveWithAnne
L 01/14/2023 - 21:25:29:   [1]  AnneHappy core plugins update
L 01/14/2023 - 21:25:38: Successfully updated and installed "simple join".
L 01/15/2023 - 00:13:13: Update available for "simple join" (extend/join.smx). Current: 1.1 - Latest: 2.0
L 01/15/2023 - 00:13:13:   [0]  More info @ https:github.com/fantasylidong/CompetitiveWithAnne
L 01/15/2023 - 00:13:13:   [1]  AnneHappy core plugins update
L 01/15/2023 - 00:13:23: Successfully updated and installed "simple join".
L 01/15/2023 - 13:41:45: Update available for "simple join" (extend/join.smx). Current: 1.1 - Latest: 2.0
L 01/15/2023 - 13:41:45:   [0]  More info @ https:github.com/fantasylidong/CompetitiveWithAnne
L 01/15/2023 - 13:41:45:   [1]  AnneHappy core plugins update
L 01/15/2023 - 13:41:54: Successfully updated and installed "simple join".
L 01/15/2023 - 16:05:30: Update available for "simple join" (extend/join.smx). Current: 1.1 - Latest: 2.0
L 01/15/2023 - 16:05:30:   [0]  More info @ https:github.com/fantasylidong/CompetitiveWithAnne
L 01/15/2023 - 16:05:30:   [1]  AnneHappy core plugins update
L 01/15/2023 - 16:05:41: Successfully updated and installed "simple join".
L 01/15/2023 - 16:18:44: Update available for "simple join" (extend/join.smx). Current: 1.1 - Latest: 2.0
L 01/15/2023 - 16:18:44:   [0]  More info @ https:github.com/fantasylidong/CompetitiveWithAnne
L 01/15/2023 - 16:18:44:   [1]  AnneHappy core plugins update
L 01/15/2023 - 16:18:56: Successfully updated and installed "simple join".
L 01/15/2023 - 21:05:09: Update available for "simple join" (extend/join.smx). Current: 1.1 - Latest: 2.0
L 01/15/2023 - 21:05:09:   [0]  More info @ https:github.com/fantasylidong/CompetitiveWithAnne
L 01/15/2023 - 21:05:09:   [1]  AnneHappy core plugins update
L 01/15/2023 - 21:05:17: Successfully updated and installed "simple join".
L 01/15/2023 - 23:00:12: Update available for "simple join" (extend/join.smx). Current: 1.1 - Latest: 2.0
L 01/15/2023 - 23:00:12:   [0]  More info @ https:github.com/fantasylidong/CompetitiveWithAnne
L 01/15/2023 - 23:00:12:   [1]  AnneHappy core plugins update
L 01/15/2023 - 23:00:23: Successfully updated and installed "simple join".
L 01/16/2023 - 00:29:47: Update available for "simple join" (extend/join.smx). Current: 1.1 - Latest: 2.0
L 01/16/2023 - 00:29:47:   [0]  More info @ https:github.com/fantasylidong/CompetitiveWithAnne
L 01/16/2023 - 00:29:47:   [1]  AnneHappy core plugins update
L 01/16/2023 - 00:29:57: Successfully updated and installed "simple join".
L 01/16/2023 - 00:37:50: Update available for "simple join" (extend/join.smx). Current: 1.1 - Latest: 2.0
L 01/16/2023 - 00:37:50:   [0]  More info @ https:github.com/fantasylidong/CompetitiveWithAnne
L 01/16/2023 - 00:37:50:   [1]  AnneHappy core plugins update
L 01/16/2023 - 00:38:02: Successfully updated and installed "simple join".
L 01/16/2023 - 13:18:34: Update available for "simple join" (extend/join.smx). Current: 1.1 - Latest: 2.0
L 01/16/2023 - 13:18:34:   [0]  More info @ https:github.com/fantasylidong/CompetitiveWithAnne
L 01/16/2023 - 13:18:34:   [1]  AnneHappy core plugins update
L 01/16/2023 - 13:18:45: Successfully updated and installed "simple join".
L 01/16/2023 - 19:25:49: Update available for "simple join" (extend/join.smx). Current: 1.1 - Latest: 2.0
L 01/16/2023 - 19:25:49:   [0]  More info @ https:github.com/fantasylidong/CompetitiveWithAnne
L 01/16/2023 - 19:25:49:   [1]  AnneHappy core plugins update
L 01/16/2023 - 19:25:58: Successfully updated and installed "simple join".
L 01/16/2023 - 21:31:47: Update available for "simple join" (extend/join.smx). Current: 1.1 - Latest: 2.0
L 01/16/2023 - 21:31:47:   [0]  More info @ https:github.com/fantasylidong/CompetitiveWithAnne
L 01/16/2023 - 21:31:47:   [1]  AnneHappy core plugins update
L 01/16/2023 - 21:31:56: Successfully updated and installed "simple join".
L 01/16/2023 - 21:54:40: Update available for "simple join" (extend/join.smx). Current: 1.1 - Latest: 2.0
L 01/16/2023 - 21:54:40:   [0]  More info @ https:github.com/fantasylidong/CompetitiveWithAnne
L 01/16/2023 - 21:54:40:   [1]  AnneHappy core plugins update
L 01/16/2023 - 21:54:52: Successfully updated and installed "simple join".
L 01/16/2023 - 22:58:57: Update available for "simple join" (extend/join.smx). Current: 1.1 - Latest: 2.0
L 01/16/2023 - 22:58:57:   [0]  More info @ https:github.com/fantasylidong/CompetitiveWithAnne
L 01/16/2023 - 22:58:57:   [1]  AnneHappy core plugins update
L 01/16/2023 - 22:59:08: Successfully updated and installed "simple join".
L 01/17/2023 - 11:14:56: Update available for "simple join" (extend/join.smx). Current: 1.1 - Latest: 2.0
L 01/17/2023 - 11:14:56:   [0]  More info @ https:github.com/fantasylidong/CompetitiveWithAnne
L 01/17/2023 - 11:14:56:   [1]  AnneHappy core plugins update
L 01/17/2023 - 11:15:05: Successfully updated and installed "simple join".
L 01/17/2023 - 17:58:43: Update available for "simple join" (extend/join.smx). Current: 1.1 - Latest: 2.0
L 01/17/2023 - 17:58:43:   [0]  More info @ https:github.com/fantasylidong/CompetitiveWithAnne
L 01/17/2023 - 17:58:43:   [1]  AnneHappy core plugins update
L 01/17/2023 - 17:58:52: Successfully updated and installed "simple join".
L 01/17/2023 - 18:48:52: Update available for "simple join" (extend/join.smx). Current: 1.1 - Latest: 2.0
L 01/17/2023 - 18:48:52:   [0]  More info @ https:github.com/fantasylidong/CompetitiveWithAnne
L 01/17/2023 - 18:48:52:   [1]  AnneHappy core plugins update
L 01/17/2023 - 18:49:03: Successfully updated and installed "simple join".
L 01/17/2023 - 18:51:50: Update available for "simple join" (extend/join.smx). Current: 1.1 - Latest: 2.0
L 01/17/2023 - 18:51:50:   [0]  More info @ https:github.com/fantasylidong/CompetitiveWithAnne
L 01/17/2023 - 18:51:50:   [1]  AnneHappy core plugins update
L 01/17/2023 - 18:52:01: Successfully updated and installed "simple join".
L 01/17/2023 - 22:17:58: Update available for "simple join" (extend/join.smx). Current: 1.1 - Latest: 2.0
L 01/17/2023 - 22:17:58:   [0]  More info @ https:github.com/fantasylidong/CompetitiveWithAnne
L 01/17/2023 - 22:17:58:   [1]  AnneHappy core plugins update
L 01/17/2023 - 22:18:14: Successfully updated and installed "simple join".
L 01/18/2023 - 09:56:00: Update available for "simple join" (extend/join.smx). Current: 1.1 - Latest: 2.0
L 01/18/2023 - 09:56:00:   [0]  More info @ https:github.com/fantasylidong/CompetitiveWithAnne
L 01/18/2023 - 09:56:00:   [1]  AnneHappy core plugins update
L 01/18/2023 - 09:56:15: Successfully updated and installed "simple join".
L 01/18/2023 - 14:05:34: Update available for "simple join" (extend/join.smx). Current: 1.1 - Latest: 2.0
L 01/18/2023 - 14:05:34:   [0]  More info @ https:github.com/fantasylidong/CompetitiveWithAnne
L 01/18/2023 - 14:05:34:   [1]  AnneHappy core plugins update
L 01/18/2023 - 14:05:45: Successfully updated and installed "simple join".
L 01/18/2023 - 21:02:39: Update available for "simple join" (extend/join.smx). Current: 1.1 - Latest: 2.0
L 01/18/2023 - 21:02:39:   [0]  More info @ https:github.com/fantasylidong/CompetitiveWithAnne
L 01/18/2023 - 21:02:39:   [1]  AnneHappy core plugins update
L 01/18/2023 - 21:02:51: Successfully updated and installed "simple join".
L 01/19/2023 - 18:30:29: Update available for "simple join" (extend/join.smx). Current: 1.1 - Latest: 2.0
L 01/19/2023 - 18:30:29:   [0]  More info @ https:github.com/fantasylidong/CompetitiveWithAnne
L 01/19/2023 - 18:30:29:   [1]  AnneHappy core plugins update
L 01/19/2023 - 18:30:38: Successfully updated and installed "simple join".
L 01/19/2023 - 19:52:45: Update available for "simple join" (extend/join.smx). Current: 1.1 - Latest: 2.0
L 01/19/2023 - 19:52:45:   [0]  More info @ https:github.com/fantasylidong/CompetitiveWithAnne
L 01/19/2023 - 19:52:45:   [1]  AnneHappy core plugins update
L 01/19/2023 - 19:52:55: Successfully updated and installed "simple join".
L 01/20/2023 - 10:43:24: Update available for "simple join" (extend/join.smx). Current: 1.1 - Latest: 2.0
L 01/20/2023 - 10:43:24:   [0]  More info @ https:github.com/fantasylidong/CompetitiveWithAnne
L 01/20/2023 - 10:43:24:   [1]  AnneHappy core plugins update
L 01/20/2023 - 10:43:35: Successfully updated and installed "simple join".
L 01/20/2023 - 15:13:47: Update available for "simple join" (extend/join.smx). Current: 1.1 - Latest: 2.0
L 01/20/2023 - 15:13:47:   [0]  More info @ https:github.com/fantasylidong/CompetitiveWithAnne
L 01/20/2023 - 15:13:47:   [1]  AnneHappy core plugins update
L 01/20/2023 - 15:13:58: Successfully updated and installed "simple join".
L 01/20/2023 - 19:49:30: Update available for "simple join" (extend/join.smx). Current: 1.1 - Latest: 2.0
L 01/20/2023 - 19:49:30:   [0]  More info @ https:github.com/fantasylidong/CompetitiveWithAnne
L 01/20/2023 - 19:49:30:   [1]  AnneHappy core plugins update
L 01/20/2023 - 19:49:41: Successfully updated and installed "simple join".
L 01/20/2023 - 20:08:51: Update available for "simple join" (extend/join.smx). Current: 1.1 - Latest: 2.0
L 01/20/2023 - 20:08:51:   [0]  More info @ https:github.com/fantasylidong/CompetitiveWithAnne
L 01/20/2023 - 20:08:51:   [1]  AnneHappy core plugins update
L 01/20/2023 - 20:09:00: Successfully updated and installed "simple join".
L 01/20/2023 - 22:16:05: Update available for "simple join" (extend/join.smx). Current: 1.1 - Latest: 2.0
L 01/20/2023 - 22:16:05:   [0]  More info @ https:github.com/fantasylidong/CompetitiveWithAnne
L 01/20/2023 - 22:16:05:   [1]  AnneHappy core plugins update
L 01/20/2023 - 22:16:17: Successfully updated and installed "simple join".
L 01/20/2023 - 22:28:52: Update available for "simple join" (extend/join.smx). Current: 1.1 - Latest: 2.0
L 01/20/2023 - 22:28:52:   [0]  More info @ https:github.com/fantasylidong/CompetitiveWithAnne
L 01/20/2023 - 22:28:52:   [1]  AnneHappy core plugins update
L 01/20/2023 - 22:29:01: Successfully updated and installed "simple join".
L 01/20/2023 - 22:31:27: Update available for "simple join" (extend/join.smx). Current: 1.1 - Latest: 2.0
L 01/20/2023 - 22:31:27:   [0]  More info @ https:github.com/fantasylidong/CompetitiveWithAnne
L 01/20/2023 - 22:31:27:   [1]  AnneHappy core plugins update
L 01/20/2023 - 22:31:39: Successfully updated and installed "simple join".
L 01/20/2023 - 22:35:29: Update available for "simple join" (extend/join.smx). Current: 1.1 - Latest: 2.0
L 01/20/2023 - 22:35:29:   [0]  More info @ https:github.com/fantasylidong/CompetitiveWithAnne
L 01/20/2023 - 22:35:29:   [1]  AnneHappy core plugins update
L 01/20/2023 - 22:35:38: Successfully updated and installed "simple join".
L 01/21/2023 - 19:23:27: Update available for "simple join" (extend/join.smx). Current: 1.1 - Latest: 2.0
L 01/21/2023 - 19:23:27:   [0]  More info @ https:github.com/fantasylidong/CompetitiveWithAnne
L 01/21/2023 - 19:23:27:   [1]  AnneHappy core plugins update
L 01/21/2023 - 19:23:37: Successfully updated and installed "simple join".
L 01/21/2023 - 21:57:24: Update available for "simple join" (extend/join.smx). Current: 1.1 - Latest: 2.0
L 01/21/2023 - 21:57:24:   [0]  More info @ https:github.com/fantasylidong/CompetitiveWithAnne
L 01/21/2023 - 21:57:24:   [1]  AnneHappy core plugins update
L 01/21/2023 - 21:57:35: Successfully updated and installed "simple join".
L 01/22/2023 - 16:22:18: Update available for "simple join" (extend/join.smx). Current: 1.1 - Latest: 2.0
L 01/22/2023 - 16:22:18:   [0]  More info @ https:github.com/fantasylidong/CompetitiveWithAnne
L 01/22/2023 - 16:22:18:   [1]  AnneHappy core plugins update
L 01/22/2023 - 16:22:29: Successfully updated and installed "simple join".
L 01/22/2023 - 17:23:59: Update available for "simple join" (extend/join.smx). Current: 1.1 - Latest: 2.0
L 01/22/2023 - 17:23:59:   [0]  More info @ https:github.com/fantasylidong/CompetitiveWithAnne
L 01/22/2023 - 17:23:59:   [1]  AnneHappy core plugins update
L 01/22/2023 - 17:24:08: Successfully updated and installed "simple join".
L 01/22/2023 - 17:45:52: Update available for "simple join" (extend/join.smx). Current: 1.1 - Latest: 2.0
L 01/22/2023 - 17:45:52:   [0]  More info @ https:github.com/fantasylidong/CompetitiveWithAnne
L 01/22/2023 - 17:45:52:   [1]  AnneHappy core plugins update
L 01/22/2023 - 17:46:03: Successfully updated and installed "simple join".
L 01/22/2023 - 22:17:02: Update available for "simple join" (extend/join.smx). Current: 1.1 - Latest: 2.0
L 01/22/2023 - 22:17:02:   [0]  More info @ https:github.com/fantasylidong/CompetitiveWithAnne
L 01/22/2023 - 22:17:02:   [1]  AnneHappy core plugins update
L 01/22/2023 - 22:17:12: Successfully updated and installed "simple join".
L 01/23/2023 - 13:25:11: Update available for "simple join" (extend/join.smx). Current: 1.1 - Latest: 2.0
L 01/23/2023 - 13:25:11:   [0]  More info @ https:github.com/fantasylidong/CompetitiveWithAnne
L 01/23/2023 - 13:25:11:   [1]  AnneHappy core plugins update
L 01/23/2023 - 13:25:19: Successfully updated and installed "simple join".
L 01/23/2023 - 13:32:30: Update available for "simple join" (extend/join.smx). Current: 1.1 - Latest: 2.0
L 01/23/2023 - 13:32:30:   [0]  More info @ https:github.com/fantasylidong/CompetitiveWithAnne
L 01/23/2023 - 13:32:30:   [1]  AnneHappy core plugins update
L 01/23/2023 - 13:32:41: Successfully updated and installed "simple join".
L 01/23/2023 - 16:09:51: Update available for "simple join" (extend/join.smx). Current: 1.1 - Latest: 2.0
L 01/23/2023 - 16:09:51:   [0]  More info @ https:github.com/fantasylidong/CompetitiveWithAnne
L 01/23/2023 - 16:09:51:   [1]  AnneHappy core plugins update
L 01/23/2023 - 16:10:00: Successfully updated and installed "simple join".
L 01/23/2023 - 19:31:27: Update available for "simple join" (extend/join.smx). Current: 1.1 - Latest: 2.0
L 01/23/2023 - 19:31:27:   [0]  More info @ https:github.com/fantasylidong/CompetitiveWithAnne
L 01/23/2023 - 19:31:27:   [1]  AnneHappy core plugins update
L 01/23/2023 - 19:31:38: Successfully updated and installed "simple join".
L 01/24/2023 - 10:06:31: Update available for "simple join" (extend/join.smx). Current: 1.1 - Latest: 2.0
L 01/24/2023 - 10:06:31:   [0]  More info @ https:github.com/fantasylidong/CompetitiveWithAnne
L 01/24/2023 - 10:06:31:   [1]  AnneHappy core plugins update
L 01/24/2023 - 10:06:42: Successfully updated and installed "simple join".
L 01/24/2023 - 10:08:16: Update available for "simple join" (extend/join.smx). Current: 1.1 - Latest: 2.0
L 01/24/2023 - 10:08:16:   [0]  More info @ https:github.com/fantasylidong/CompetitiveWithAnne
L 01/24/2023 - 10:08:16:   [1]  AnneHappy core plugins update
L 01/24/2023 - 10:08:25: Successfully updated and installed "simple join".
L 01/24/2023 - 10:39:40: Update available for "simple join" (extend/join.smx). Current: 1.1 - Latest: 2.0
L 01/24/2023 - 10:39:40:   [0]  More info @ https:github.com/fantasylidong/CompetitiveWithAnne
L 01/24/2023 - 10:39:40:   [1]  AnneHappy core plugins update
L 01/24/2023 - 10:39:49: Successfully updated and installed "simple join".
L 01/24/2023 - 10:40:10: Update available for "simple join" (extend/join.smx). Current: 1.1 - Latest: 2.0
L 01/24/2023 - 10:40:10:   [0]  More info @ https:github.com/fantasylidong/CompetitiveWithAnne
L 01/24/2023 - 10:40:10:   [1]  AnneHappy core plugins update
L 01/24/2023 - 10:40:21: Successfully updated and installed "simple join".
L 01/24/2023 - 16:07:03: Update available for "simple join" (extend/join.smx). Current: 1.1 - Latest: 2.0
L 01/24/2023 - 16:07:03:   [0]  More info @ https:github.com/fantasylidong/CompetitiveWithAnne
L 01/24/2023 - 16:07:03:   [1]  AnneHappy core plugins update
L 01/24/2023 - 16:07:14: Successfully updated and installed "simple join".
L 01/24/2023 - 16:10:58: Update available for "simple join" (extend/join.smx). Current: 1.1 - Latest: 2.0
L 01/24/2023 - 16:10:58:   [0]  More info @ https:github.com/fantasylidong/CompetitiveWithAnne
L 01/24/2023 - 16:10:58:   [1]  AnneHappy core plugins update
L 01/24/2023 - 16:11:07: Successfully updated and installed "simple join".
L 01/24/2023 - 18:49:26: Update available for "simple join" (extend/join.smx). Current: 1.1 - Latest: 2.0
L 01/24/2023 - 18:49:26:   [0]  More info @ https:github.com/fantasylidong/CompetitiveWithAnne
L 01/24/2023 - 18:49:26:   [1]  AnneHappy core plugins update
L 01/24/2023 - 18:49:37: Successfully updated and installed "simple join".
L 01/25/2023 - 02:14:33: Update available for "simple join" (extend/join.smx). Current: 1.1 - Latest: 2.0
L 01/25/2023 - 02:14:33:   [0]  More info @ https:github.com/fantasylidong/CompetitiveWithAnne
L 01/25/2023 - 02:14:33:   [1]  AnneHappy core plugins update
L 01/25/2023 - 02:14:44: Successfully updated and installed "simple join".
L 01/25/2023 - 14:34:00: Update available for "simple join" (extend/join.smx). Current: 1.1 - Latest: 2.0
L 01/25/2023 - 14:34:00:   [0]  More info @ https:github.com/fantasylidong/CompetitiveWithAnne
L 01/25/2023 - 14:34:00:   [1]  AnneHappy core plugins update
L 01/25/2023 - 14:34:11: Successfully updated and installed "simple join".
L 01/25/2023 - 17:21:48: Update available for "simple join" (extend/join.smx). Current: 1.1 - Latest: 2.0
L 01/25/2023 - 17:21:48:   [0]  More info @ https:github.com/fantasylidong/CompetitiveWithAnne
L 01/25/2023 - 17:21:48:   [1]  AnneHappy core plugins update
L 01/25/2023 - 17:21:56: Successfully updated and installed "simple join".
L 01/26/2023 - 14:21:07: Update available for "simple join" (extend/join.smx). Current: 1.1 - Latest: 2.0
L 01/26/2023 - 14:21:07:   [0]  More info @ https:github.com/fantasylidong/CompetitiveWithAnne
L 01/26/2023 - 14:21:07:   [1]  AnneHappy core plugins update
L 01/26/2023 - 14:21:18: Successfully updated and installed "simple join".
L 01/26/2023 - 19:31:59: Update available for "simple join" (extend/join.smx). Current: 1.1 - Latest: 2.0
L 01/26/2023 - 19:31:59:   [0]  More info @ https:github.com/fantasylidong/CompetitiveWithAnne
L 01/26/2023 - 19:31:59:   [1]  AnneHappy core plugins update
L 01/26/2023 - 19:32:08: Successfully updated and installed "simple join".
L 01/26/2023 - 22:21:43: Update available for "simple join" (extend/join.smx). Current: 1.1 - Latest: 2.0
L 01/26/2023 - 22:21:43:   [0]  More info @ https:github.com/fantasylidong/CompetitiveWithAnne
L 01/26/2023 - 22:21:43:   [1]  AnneHappy core plugins update
L 01/26/2023 - 22:21:53: Successfully updated and installed "simple join".
L 01/26/2023 - 22:30:34: Update available for "simple join" (extend/join.smx). Current: 1.1 - Latest: 2.0
L 01/26/2023 - 22:30:34:   [0]  More info @ https:github.com/fantasylidong/CompetitiveWithAnne
L 01/26/2023 - 22:30:34:   [1]  AnneHappy core plugins update
L 01/26/2023 - 22:30:43: Successfully updated and installed "simple join".
L 01/27/2023 - 20:02:02: Update available for "simple join" (extend/join.smx). Current: 1.1 - Latest: 2.0
L 01/27/2023 - 20:02:02:   [0]  More info @ https:github.com/fantasylidong/CompetitiveWithAnne
L 01/27/2023 - 20:02:02:   [1]  AnneHappy core plugins update
L 01/27/2023 - 20:02:12: Successfully updated and installed "simple join".
L 01/28/2023 - 08:08:47: Update available for "simple join" (extend/join.smx). Current: 1.1 - Latest: 2.0
L 01/28/2023 - 08:08:47:   [0]  More info @ https:github.com/fantasylidong/CompetitiveWithAnne
L 01/28/2023 - 08:08:47:   [1]  AnneHappy core plugins update
L 01/28/2023 - 08:08:58: Successfully updated and installed "simple join".
L 01/28/2023 - 14:07:28: Update available for "simple join" (extend/join.smx). Current: 1.1 - Latest: 2.0
L 01/28/2023 - 14:07:28:   [0]  More info @ https:github.com/fantasylidong/CompetitiveWithAnne
L 01/28/2023 - 14:07:28:   [1]  AnneHappy core plugins update
L 01/28/2023 - 14:07:38: Successfully updated and installed "simple join".
L 01/28/2023 - 18:01:50: Update available for "simple join" (extend/join.smx). Current: 1.1 - Latest: 2.0
L 01/28/2023 - 18:01:50:   [0]  More info @ https:github.com/fantasylidong/CompetitiveWithAnne
L 01/28/2023 - 18:01:50:   [1]  AnneHappy core plugins update
L 01/28/2023 - 18:01:59: Successfully updated and installed "simple join".
L 01/28/2023 - 23:22:18: Update available for "simple join" (extend/join.smx). Current: 1.1 - Latest: 2.0
L 01/28/2023 - 23:22:18:   [0]  More info @ https:github.com/fantasylidong/CompetitiveWithAnne
L 01/28/2023 - 23:22:18:   [1]  AnneHappy core plugins update
L 01/28/2023 - 23:22:30: Successfully updated and installed "simple join".
L 01/29/2023 - 18:25:43: Update available for "simple join" (extend/join.smx). Current: 1.1 - Latest: 2.0
L 01/29/2023 - 18:25:43:   [0]  More info @ https:github.com/fantasylidong/CompetitiveWithAnne
L 01/29/2023 - 18:25:43:   [1]  AnneHappy core plugins update
L 01/29/2023 - 18:25:54: Successfully updated and installed "simple join".
